ARM GAS  /var/folders/lp/x54gwt890xv47sdkqj1k04q40000gn/T//ccKip5fv.s 			page 1


   1              		.cpu cortex-m4
   2              		.arch armv7e-m
   3              		.fpu fpv4-sp-d16
   4              		.eabi_attribute 27, 1
   5              		.eabi_attribute 28, 1
   6              		.eabi_attribute 20, 1
   7              		.eabi_attribute 21, 1
   8              		.eabi_attribute 23, 3
   9              		.eabi_attribute 24, 1
  10              		.eabi_attribute 25, 1
  11              		.eabi_attribute 26, 1
  12              		.eabi_attribute 30, 1
  13              		.eabi_attribute 34, 1
  14              		.eabi_attribute 18, 4
  15              		.file	"gpio.c"
  16              		.text
  17              		.section	.text.MX_GPIO_Init,"ax",%progbits
  18              		.align	1
  19              		.global	MX_GPIO_Init
  20              		.syntax unified
  21              		.thumb
  22              		.thumb_func
  24              	MX_GPIO_Init:
  25              		@ args = 0, pretend = 0, frame = 48
  26              		@ frame_needed = 0, uses_anonymous_args = 0
  27 0000 2DE9F04F 		push	{r4, r5, r6, r7, r8, r9, r10, fp, lr}
  28 0004 8DB0     		sub	sp, sp, #52
  29 0006 0024     		movs	r4, #0
  30 0008 0794     		str	r4, [sp, #28]
  31 000a 0894     		str	r4, [sp, #32]
  32 000c 0994     		str	r4, [sp, #36]
  33 000e 0A94     		str	r4, [sp, #40]
  34 0010 0B94     		str	r4, [sp, #44]
  35 0012 0194     		str	r4, [sp, #4]
  36 0014 794B     		ldr	r3, .L3
  37 0016 1A6B     		ldr	r2, [r3, #48]
  38 0018 42F01002 		orr	r2, r2, #16
  39 001c 1A63     		str	r2, [r3, #48]
  40 001e 1A6B     		ldr	r2, [r3, #48]
  41 0020 02F01002 		and	r2, r2, #16
  42 0024 0192     		str	r2, [sp, #4]
  43 0026 019A     		ldr	r2, [sp, #4]
  44 0028 0294     		str	r4, [sp, #8]
  45 002a 1A6B     		ldr	r2, [r3, #48]
  46 002c 42F00402 		orr	r2, r2, #4
  47 0030 1A63     		str	r2, [r3, #48]
  48 0032 1A6B     		ldr	r2, [r3, #48]
  49 0034 02F00402 		and	r2, r2, #4
  50 0038 0292     		str	r2, [sp, #8]
  51 003a 029A     		ldr	r2, [sp, #8]
  52 003c 0394     		str	r4, [sp, #12]
  53 003e 1A6B     		ldr	r2, [r3, #48]
  54 0040 42F08002 		orr	r2, r2, #128
  55 0044 1A63     		str	r2, [r3, #48]
  56 0046 1A6B     		ldr	r2, [r3, #48]
  57 0048 02F08002 		and	r2, r2, #128
  58 004c 0392     		str	r2, [sp, #12]
ARM GAS  /var/folders/lp/x54gwt890xv47sdkqj1k04q40000gn/T//ccKip5fv.s 			page 2


  59 004e 039A     		ldr	r2, [sp, #12]
  60 0050 0494     		str	r4, [sp, #16]
  61 0052 1A6B     		ldr	r2, [r3, #48]
  62 0054 42F00102 		orr	r2, r2, #1
  63 0058 1A63     		str	r2, [r3, #48]
  64 005a 1A6B     		ldr	r2, [r3, #48]
  65 005c 02F00102 		and	r2, r2, #1
  66 0060 0492     		str	r2, [sp, #16]
  67 0062 049A     		ldr	r2, [sp, #16]
  68 0064 0594     		str	r4, [sp, #20]
  69 0066 1A6B     		ldr	r2, [r3, #48]
  70 0068 42F00202 		orr	r2, r2, #2
  71 006c 1A63     		str	r2, [r3, #48]
  72 006e 1A6B     		ldr	r2, [r3, #48]
  73 0070 02F00202 		and	r2, r2, #2
  74 0074 0592     		str	r2, [sp, #20]
  75 0076 059A     		ldr	r2, [sp, #20]
  76 0078 0694     		str	r4, [sp, #24]
  77 007a 1A6B     		ldr	r2, [r3, #48]
  78 007c 42F00802 		orr	r2, r2, #8
  79 0080 1A63     		str	r2, [r3, #48]
  80 0082 1B6B     		ldr	r3, [r3, #48]
  81 0084 03F00803 		and	r3, r3, #8
  82 0088 0693     		str	r3, [sp, #24]
  83 008a 069B     		ldr	r3, [sp, #24]
  84 008c 5C4F     		ldr	r7, .L3+4
  85 008e 2246     		mov	r2, r4
  86 0090 0821     		movs	r1, #8
  87 0092 3846     		mov	r0, r7
  88 0094 FFF7FEFF 		bl	HAL_GPIO_WritePin
  89 0098 DFF86C91 		ldr	r9, .L3+12
  90 009c 0122     		movs	r2, #1
  91 009e 1146     		mov	r1, r2
  92 00a0 4846     		mov	r0, r9
  93 00a2 FFF7FEFF 		bl	HAL_GPIO_WritePin
  94 00a6 DFF864B1 		ldr	fp, .L3+16
  95 00aa 2246     		mov	r2, r4
  96 00ac 4FF21001 		movw	r1, #61456
  97 00b0 5846     		mov	r0, fp
  98 00b2 FFF7FEFF 		bl	HAL_GPIO_WritePin
  99 00b6 2246     		mov	r2, r4
 100 00b8 0A21     		movs	r1, #10
 101 00ba 3846     		mov	r0, r7
 102 00bc FFF7FEFF 		bl	HAL_GPIO_WritePin
 103 00c0 504E     		ldr	r6, .L3+8
 104 00c2 0122     		movs	r2, #1
 105 00c4 0421     		movs	r1, #4
 106 00c6 3046     		mov	r0, r6
 107 00c8 FFF7FEFF 		bl	HAL_GPIO_WritePin
 108 00cc 0A23     		movs	r3, #10
 109 00ce 0793     		str	r3, [sp, #28]
 110 00d0 0125     		movs	r5, #1
 111 00d2 0895     		str	r5, [sp, #32]
 112 00d4 0994     		str	r4, [sp, #36]
 113 00d6 0A94     		str	r4, [sp, #40]
 114 00d8 07A9     		add	r1, sp, #28
 115 00da 3046     		mov	r0, r6
ARM GAS  /var/folders/lp/x54gwt890xv47sdkqj1k04q40000gn/T//ccKip5fv.s 			page 3


 116 00dc FFF7FEFF 		bl	HAL_GPIO_Init
 117 00e0 4FF0040A 		mov	r10, #4
 118 00e4 CDF81CA0 		str	r10, [sp, #28]
 119 00e8 0895     		str	r5, [sp, #32]
 120 00ea 0994     		str	r4, [sp, #36]
 121 00ec 0A94     		str	r4, [sp, #40]
 122 00ee 07A9     		add	r1, sp, #28
 123 00f0 3046     		mov	r0, r6
 124 00f2 FFF7FEFF 		bl	HAL_GPIO_Init
 125 00f6 4FF00808 		mov	r8, #8
 126 00fa CDF81C80 		str	r8, [sp, #28]
 127 00fe 0895     		str	r5, [sp, #32]
 128 0100 0994     		str	r4, [sp, #36]
 129 0102 0A94     		str	r4, [sp, #40]
 130 0104 07A9     		add	r1, sp, #28
 131 0106 3846     		mov	r0, r7
 132 0108 FFF7FEFF 		bl	HAL_GPIO_Init
 133 010c 0795     		str	r5, [sp, #28]
 134 010e 0895     		str	r5, [sp, #32]
 135 0110 0994     		str	r4, [sp, #36]
 136 0112 0A94     		str	r4, [sp, #40]
 137 0114 07A9     		add	r1, sp, #28
 138 0116 4846     		mov	r0, r9
 139 0118 FFF7FEFF 		bl	HAL_GPIO_Init
 140 011c CDF81C80 		str	r8, [sp, #28]
 141 0120 4FF00208 		mov	r8, #2
 142 0124 CDF82080 		str	r8, [sp, #32]
 143 0128 0994     		str	r4, [sp, #36]
 144 012a 0A94     		str	r4, [sp, #40]
 145 012c 0523     		movs	r3, #5
 146 012e 0B93     		str	r3, [sp, #44]
 147 0130 07A9     		add	r1, sp, #28
 148 0132 4846     		mov	r0, r9
 149 0134 FFF7FEFF 		bl	HAL_GPIO_Init
 150 0138 0795     		str	r5, [sp, #28]
 151 013a 4FF49013 		mov	r3, #1179648
 152 013e 0893     		str	r3, [sp, #32]
 153 0140 0994     		str	r4, [sp, #36]
 154 0142 07A9     		add	r1, sp, #28
 155 0144 3046     		mov	r0, r6
 156 0146 FFF7FEFF 		bl	HAL_GPIO_Init
 157 014a CDF81CA0 		str	r10, [sp, #28]
 158 014e 0894     		str	r4, [sp, #32]
 159 0150 0994     		str	r4, [sp, #36]
 160 0152 A9F58069 		sub	r9, r9, #1024
 161 0156 07A9     		add	r1, sp, #28
 162 0158 4846     		mov	r0, r9
 163 015a FFF7FEFF 		bl	HAL_GPIO_Init
 164 015e 4FF48063 		mov	r3, #1024
 165 0162 0793     		str	r3, [sp, #28]
 166 0164 CDF82080 		str	r8, [sp, #32]
 167 0168 0994     		str	r4, [sp, #36]
 168 016a 0A94     		str	r4, [sp, #40]
 169 016c 0523     		movs	r3, #5
 170 016e 0B93     		str	r3, [sp, #44]
 171 0170 07A9     		add	r1, sp, #28
 172 0172 4846     		mov	r0, r9
ARM GAS  /var/folders/lp/x54gwt890xv47sdkqj1k04q40000gn/T//ccKip5fv.s 			page 4


 173 0174 FFF7FEFF 		bl	HAL_GPIO_Init
 174 0178 4FF21003 		movw	r3, #61456
 175 017c 0793     		str	r3, [sp, #28]
 176 017e 0895     		str	r5, [sp, #32]
 177 0180 0994     		str	r4, [sp, #36]
 178 0182 0A94     		str	r4, [sp, #40]
 179 0184 07A9     		add	r1, sp, #28
 180 0186 5846     		mov	r0, fp
 181 0188 FFF7FEFF 		bl	HAL_GPIO_Init
 182 018c 4FF40073 		mov	r3, #512
 183 0190 0793     		str	r3, [sp, #28]
 184 0192 0894     		str	r4, [sp, #32]
 185 0194 0994     		str	r4, [sp, #36]
 186 0196 07A9     		add	r1, sp, #28
 187 0198 3046     		mov	r0, r6
 188 019a FFF7FEFF 		bl	HAL_GPIO_Init
 189 019e 4FF4E053 		mov	r3, #7168
 190 01a2 0793     		str	r3, [sp, #28]
 191 01a4 CDF82080 		str	r8, [sp, #32]
 192 01a8 0994     		str	r4, [sp, #36]
 193 01aa 0A94     		str	r4, [sp, #40]
 194 01ac 0A23     		movs	r3, #10
 195 01ae 0B93     		str	r3, [sp, #44]
 196 01b0 07A9     		add	r1, sp, #28
 197 01b2 3046     		mov	r0, r6
 198 01b4 FFF7FEFF 		bl	HAL_GPIO_Init
 199 01b8 2023     		movs	r3, #32
 200 01ba 0793     		str	r3, [sp, #28]
 201 01bc 0894     		str	r4, [sp, #32]
 202 01be 0994     		str	r4, [sp, #36]
 203 01c0 07A9     		add	r1, sp, #28
 204 01c2 5846     		mov	r0, fp
 205 01c4 FFF7FEFF 		bl	HAL_GPIO_Init
 206 01c8 4FF41073 		mov	r3, #576
 207 01cc 0793     		str	r3, [sp, #28]
 208 01ce 1223     		movs	r3, #18
 209 01d0 0893     		str	r3, [sp, #32]
 210 01d2 0995     		str	r5, [sp, #36]
 211 01d4 0A94     		str	r4, [sp, #40]
 212 01d6 CDF82CA0 		str	r10, [sp, #44]
 213 01da 07A9     		add	r1, sp, #28
 214 01dc 4846     		mov	r0, r9
 215 01de FFF7FEFF 		bl	HAL_GPIO_Init
 216 01e2 CDF81C80 		str	r8, [sp, #28]
 217 01e6 4FF49013 		mov	r3, #1179648
 218 01ea 0893     		str	r3, [sp, #32]
 219 01ec 0994     		str	r4, [sp, #36]
 220 01ee 07A9     		add	r1, sp, #28
 221 01f0 3846     		mov	r0, r7
 222 01f2 FFF7FEFF 		bl	HAL_GPIO_Init
 223 01f6 0DB0     		add	sp, sp, #52
 224              		@ sp needed
 225 01f8 BDE8F08F 		pop	{r4, r5, r6, r7, r8, r9, r10, fp, pc}
 226              	.L4:
 227              		.align	2
 228              	.L3:
 229 01fc 00380240 		.word	1073887232
ARM GAS  /var/folders/lp/x54gwt890xv47sdkqj1k04q40000gn/T//ccKip5fv.s 			page 5


 230 0200 00100240 		.word	1073876992
 231 0204 00000240 		.word	1073872896
 232 0208 00080240 		.word	1073874944
 233 020c 000C0240 		.word	1073875968
 235              		.ident	"GCC: (xPack GNU Arm Embedded GCC arm64) 13.3.1 20240614"
ARM GAS  /var/folders/lp/x54gwt890xv47sdkqj1k04q40000gn/T//ccKip5fv.s 			page 6


DEFINED SYMBOLS
                            *ABS*:00000000 gpio.c
/var/folders/lp/x54gwt890xv47sdkqj1k04q40000gn/T//ccKip5fv.s:18     .text.MX_GPIO_Init:00000000 $t
/var/folders/lp/x54gwt890xv47sdkqj1k04q40000gn/T//ccKip5fv.s:24     .text.MX_GPIO_Init:00000000 MX_GPIO_Init
/var/folders/lp/x54gwt890xv47sdkqj1k04q40000gn/T//ccKip5fv.s:229    .text.MX_GPIO_Init:000001fc $d

UNDEFINED SYMBOLS
HAL_GPIO_WritePin
HAL_GPIO_Init
