ARM GAS  /var/folders/lp/x54gwt890xv47sdkqj1k04q40000gn/T//ccvWA7Wn.s 			page 1


   1              		.cpu cortex-m4
   2              		.arch armv7e-m
   3              		.fpu fpv4-sp-d16
   4              		.eabi_attribute 27, 1
   5              		.eabi_attribute 28, 1
   6              		.eabi_attribute 20, 1
   7              		.eabi_attribute 21, 1
   8              		.eabi_attribute 23, 3
   9              		.eabi_attribute 24, 1
  10              		.eabi_attribute 25, 1
  11              		.eabi_attribute 26, 1
  12              		.eabi_attribute 30, 1
  13              		.eabi_attribute 34, 1
  14              		.eabi_attribute 18, 4
  15              		.file	"lv_area.c"
  16              		.text
  17              		.section	.text.lv_point_within_circle,"ax",%progbits
  18              		.align	1
  19              		.syntax unified
  20              		.thumb
  21              		.thumb_func
  23              	lv_point_within_circle:
  24              		@ args = 0, pretend = 0, frame = 0
  25              		@ frame_needed = 0, uses_anonymous_args = 0
  26 0000 00B5     		push	{lr}
  27 0002 B0F90430 		ldrsh	r3, [r0, #4]
  28 0006 B0F90020 		ldrsh	r2, [r0]
  29 000a 9B1A     		subs	r3, r3, r2
  30 000c 03EBD373 		add	r3, r3, r3, lsr #31
  31 0010 43F34F0E 		sbfx	lr, r3, #1, #16
  32 0014 C3F34F03 		ubfx	r3, r3, #1, #16
  33 0018 13FA82F2 		uxtah	r2, r3, r2
  34 001c 1FFA82FC 		uxth	ip, r2
  35 0020 4288     		ldrh	r2, [r0, #2]
  36 0022 1344     		add	r3, r3, r2
  37 0024 9BB2     		uxth	r3, r3
  38 0026 0A88     		ldrh	r2, [r1]
  39 0028 A2EB0C02 		sub	r2, r2, ip
  40 002c 4988     		ldrh	r1, [r1, #2]
  41 002e CB1A     		subs	r3, r1, r3
  42 0030 0EFB0EFE 		mul	lr, lr, lr
  43 0034 13FB03F3 		smulbb	r3, r3, r3
  44 0038 12FB0232 		smlabb	r2, r2, r2, r3
  45 003c 9645     		cmp	lr, r2
  46 003e 02D3     		bcc	.L3
  47 0040 0120     		movs	r0, #1
  48              	.L2:
  49 0042 5DF804FB 		ldr	pc, [sp], #4
  50              	.L3:
  51 0046 0020     		movs	r0, #0
  52 0048 FBE7     		b	.L2
  54              		.section	.text.lv_area_set,"ax",%progbits
  55              		.align	1
  56              		.global	lv_area_set
  57              		.syntax unified
  58              		.thumb
  59              		.thumb_func
ARM GAS  /var/folders/lp/x54gwt890xv47sdkqj1k04q40000gn/T//ccvWA7Wn.s 			page 2


  61              	lv_area_set:
  62              		@ args = 4, pretend = 0, frame = 0
  63              		@ frame_needed = 0, uses_anonymous_args = 0
  64              		@ link register save eliminated.
  65 0000 0180     		strh	r1, [r0]	@ movhi
  66 0002 4280     		strh	r2, [r0, #2]	@ movhi
  67 0004 8380     		strh	r3, [r0, #4]	@ movhi
  68 0006 BDF90030 		ldrsh	r3, [sp]
  69 000a C380     		strh	r3, [r0, #6]	@ movhi
  70 000c 7047     		bx	lr
  72              		.section	.text.lv_area_set_width,"ax",%progbits
  73              		.align	1
  74              		.global	lv_area_set_width
  75              		.syntax unified
  76              		.thumb
  77              		.thumb_func
  79              	lv_area_set_width:
  80              		@ args = 0, pretend = 0, frame = 0
  81              		@ frame_needed = 0, uses_anonymous_args = 0
  82              		@ link register save eliminated.
  83 0000 0388     		ldrh	r3, [r0]
  84 0002 0B44     		add	r3, r3, r1
  85 0004 9BB2     		uxth	r3, r3
  86 0006 013B     		subs	r3, r3, #1
  87 0008 8380     		strh	r3, [r0, #4]	@ movhi
  88 000a 7047     		bx	lr
  90              		.section	.text.lv_area_set_height,"ax",%progbits
  91              		.align	1
  92              		.global	lv_area_set_height
  93              		.syntax unified
  94              		.thumb
  95              		.thumb_func
  97              	lv_area_set_height:
  98              		@ args = 0, pretend = 0, frame = 0
  99              		@ frame_needed = 0, uses_anonymous_args = 0
 100              		@ link register save eliminated.
 101 0000 4388     		ldrh	r3, [r0, #2]
 102 0002 0B44     		add	r3, r3, r1
 103 0004 9BB2     		uxth	r3, r3
 104 0006 013B     		subs	r3, r3, #1
 105 0008 C380     		strh	r3, [r0, #6]	@ movhi
 106 000a 7047     		bx	lr
 108              		.section	.text._lv_area_set_pos,"ax",%progbits
 109              		.align	1
 110              		.global	_lv_area_set_pos
 111              		.syntax unified
 112              		.thumb
 113              		.thumb_func
 115              	_lv_area_set_pos:
 116              		@ args = 0, pretend = 0, frame = 0
 117              		@ frame_needed = 0, uses_anonymous_args = 0
 118 0000 38B5     		push	{r3, r4, r5, lr}
 119 0002 0446     		mov	r4, r0
 120 0004 8388     		ldrh	r3, [r0, #4]
 121 0006 0588     		ldrh	r5, [r0]
 122 0008 5B1B     		subs	r3, r3, r5
 123 000a 9BB2     		uxth	r3, r3
ARM GAS  /var/folders/lp/x54gwt890xv47sdkqj1k04q40000gn/T//ccvWA7Wn.s 			page 3


 124 000c 0133     		adds	r3, r3, #1
 125 000e C588     		ldrh	r5, [r0, #6]
 126 0010 B0F802C0 		ldrh	ip, [r0, #2]
 127 0014 A5EB0C05 		sub	r5, r5, ip
 128 0018 ADB2     		uxth	r5, r5
 129 001a 0135     		adds	r5, r5, #1
 130 001c 2DB2     		sxth	r5, r5
 131 001e 0180     		strh	r1, [r0]	@ movhi
 132 0020 4280     		strh	r2, [r0, #2]	@ movhi
 133 0022 19B2     		sxth	r1, r3
 134 0024 FFF7FEFF 		bl	lv_area_set_width
 135 0028 2946     		mov	r1, r5
 136 002a 2046     		mov	r0, r4
 137 002c FFF7FEFF 		bl	lv_area_set_height
 138 0030 38BD     		pop	{r3, r4, r5, pc}
 140              		.section	.text.lv_area_get_size,"ax",%progbits
 141              		.align	1
 142              		.global	lv_area_get_size
 143              		.syntax unified
 144              		.thumb
 145              		.thumb_func
 147              	lv_area_get_size:
 148              		@ args = 0, pretend = 0, frame = 0
 149              		@ frame_needed = 0, uses_anonymous_args = 0
 150              		@ link register save eliminated.
 151 0000 B0F90420 		ldrsh	r2, [r0, #4]
 152 0004 B0F90030 		ldrsh	r3, [r0]
 153 0008 D21A     		subs	r2, r2, r3
 154 000a B0F90630 		ldrsh	r3, [r0, #6]
 155 000e B0F90210 		ldrsh	r1, [r0, #2]
 156 0012 581A     		subs	r0, r3, r1
 157 0014 0130     		adds	r0, r0, #1
 158 0016 02FB0000 		mla	r0, r2, r0, r0
 159 001a 7047     		bx	lr
 161              		.section	.text.lv_area_increase,"ax",%progbits
 162              		.align	1
 163              		.global	lv_area_increase
 164              		.syntax unified
 165              		.thumb
 166              		.thumb_func
 168              	lv_area_increase:
 169              		@ args = 0, pretend = 0, frame = 0
 170              		@ frame_needed = 0, uses_anonymous_args = 0
 171              		@ link register save eliminated.
 172 0000 0388     		ldrh	r3, [r0]
 173 0002 89B2     		uxth	r1, r1
 174 0004 5B1A     		subs	r3, r3, r1
 175 0006 0380     		strh	r3, [r0]	@ movhi
 176 0008 8388     		ldrh	r3, [r0, #4]
 177 000a 1944     		add	r1, r1, r3
 178 000c 8180     		strh	r1, [r0, #4]	@ movhi
 179 000e 4388     		ldrh	r3, [r0, #2]
 180 0010 92B2     		uxth	r2, r2
 181 0012 9B1A     		subs	r3, r3, r2
 182 0014 4380     		strh	r3, [r0, #2]	@ movhi
 183 0016 C388     		ldrh	r3, [r0, #6]
 184 0018 1A44     		add	r2, r2, r3
ARM GAS  /var/folders/lp/x54gwt890xv47sdkqj1k04q40000gn/T//ccvWA7Wn.s 			page 4


 185 001a C280     		strh	r2, [r0, #6]	@ movhi
 186 001c 7047     		bx	lr
 188              		.section	.text.lv_area_move,"ax",%progbits
 189              		.align	1
 190              		.global	lv_area_move
 191              		.syntax unified
 192              		.thumb
 193              		.thumb_func
 195              	lv_area_move:
 196              		@ args = 0, pretend = 0, frame = 0
 197              		@ frame_needed = 0, uses_anonymous_args = 0
 198              		@ link register save eliminated.
 199 0000 0388     		ldrh	r3, [r0]
 200 0002 89B2     		uxth	r1, r1
 201 0004 0B44     		add	r3, r3, r1
 202 0006 0380     		strh	r3, [r0]	@ movhi
 203 0008 8388     		ldrh	r3, [r0, #4]
 204 000a 1944     		add	r1, r1, r3
 205 000c 8180     		strh	r1, [r0, #4]	@ movhi
 206 000e 4388     		ldrh	r3, [r0, #2]
 207 0010 92B2     		uxth	r2, r2
 208 0012 1344     		add	r3, r3, r2
 209 0014 4380     		strh	r3, [r0, #2]	@ movhi
 210 0016 C388     		ldrh	r3, [r0, #6]
 211 0018 1A44     		add	r2, r2, r3
 212 001a C280     		strh	r2, [r0, #6]	@ movhi
 213 001c 7047     		bx	lr
 215              		.section	.text._lv_area_intersect,"ax",%progbits
 216              		.align	1
 217              		.global	_lv_area_intersect
 218              		.syntax unified
 219              		.thumb
 220              		.thumb_func
 222              	_lv_area_intersect:
 223              		@ args = 0, pretend = 0, frame = 0
 224              		@ frame_needed = 0, uses_anonymous_args = 0
 225 0000 10B5     		push	{r4, lr}
 226 0002 B2F900C0 		ldrsh	ip, [r2]
 227 0006 B1F90030 		ldrsh	r3, [r1]
 228 000a 9C45     		cmp	ip, r3
 229 000c B8BF     		it	lt
 230 000e 9C46     		movlt	ip, r3
 231 0010 A0F800C0 		strh	ip, [r0]	@ movhi
 232 0014 B2F902E0 		ldrsh	lr, [r2, #2]
 233 0018 B1F90230 		ldrsh	r3, [r1, #2]
 234 001c 9E45     		cmp	lr, r3
 235 001e B8BF     		it	lt
 236 0020 9E46     		movlt	lr, r3
 237 0022 A0F802E0 		strh	lr, [r0, #2]	@ movhi
 238 0026 B2F90430 		ldrsh	r3, [r2, #4]
 239 002a B1F90440 		ldrsh	r4, [r1, #4]
 240 002e A342     		cmp	r3, r4
 241 0030 A8BF     		it	ge
 242 0032 2346     		movge	r3, r4
 243 0034 8380     		strh	r3, [r0, #4]	@ movhi
 244 0036 B2F90620 		ldrsh	r2, [r2, #6]
 245 003a B1F90610 		ldrsh	r1, [r1, #6]
ARM GAS  /var/folders/lp/x54gwt890xv47sdkqj1k04q40000gn/T//ccvWA7Wn.s 			page 5


 246 003e 8A42     		cmp	r2, r1
 247 0040 A8BF     		it	ge
 248 0042 0A46     		movge	r2, r1
 249 0044 C280     		strh	r2, [r0, #6]	@ movhi
 250 0046 9C45     		cmp	ip, r3
 251 0048 03DC     		bgt	.L15
 252 004a 9645     		cmp	lr, r2
 253 004c 03DC     		bgt	.L16
 254 004e 0120     		movs	r0, #1
 255 0050 00E0     		b	.L14
 256              	.L15:
 257 0052 0020     		movs	r0, #0
 258              	.L14:
 259 0054 10BD     		pop	{r4, pc}
 260              	.L16:
 261 0056 0020     		movs	r0, #0
 262 0058 FCE7     		b	.L14
 264              		.section	.text._lv_area_join,"ax",%progbits
 265              		.align	1
 266              		.global	_lv_area_join
 267              		.syntax unified
 268              		.thumb
 269              		.thumb_func
 271              	_lv_area_join:
 272              		@ args = 0, pretend = 0, frame = 0
 273              		@ frame_needed = 0, uses_anonymous_args = 0
 274              		@ link register save eliminated.
 275 0000 B2F90030 		ldrsh	r3, [r2]
 276 0004 B1F900C0 		ldrsh	ip, [r1]
 277 0008 6345     		cmp	r3, ip
 278 000a A8BF     		it	ge
 279 000c 6346     		movge	r3, ip
 280 000e 0380     		strh	r3, [r0]	@ movhi
 281 0010 B2F90230 		ldrsh	r3, [r2, #2]
 282 0014 B1F902C0 		ldrsh	ip, [r1, #2]
 283 0018 6345     		cmp	r3, ip
 284 001a A8BF     		it	ge
 285 001c 6346     		movge	r3, ip
 286 001e 4380     		strh	r3, [r0, #2]	@ movhi
 287 0020 B2F90430 		ldrsh	r3, [r2, #4]
 288 0024 B1F904C0 		ldrsh	ip, [r1, #4]
 289 0028 6345     		cmp	r3, ip
 290 002a B8BF     		it	lt
 291 002c 6346     		movlt	r3, ip
 292 002e 8380     		strh	r3, [r0, #4]	@ movhi
 293 0030 B2F90630 		ldrsh	r3, [r2, #6]
 294 0034 B1F90620 		ldrsh	r2, [r1, #6]
 295 0038 9342     		cmp	r3, r2
 296 003a B8BF     		it	lt
 297 003c 1346     		movlt	r3, r2
 298 003e C380     		strh	r3, [r0, #6]	@ movhi
 299 0040 7047     		bx	lr
 301              		.section	.text._lv_area_is_point_on,"ax",%progbits
 302              		.align	1
 303              		.global	_lv_area_is_point_on
 304              		.syntax unified
 305              		.thumb
ARM GAS  /var/folders/lp/x54gwt890xv47sdkqj1k04q40000gn/T//ccvWA7Wn.s 			page 6


 306              		.thumb_func
 308              	_lv_area_is_point_on:
 309              		@ args = 0, pretend = 0, frame = 8
 310              		@ frame_needed = 0, uses_anonymous_args = 0
 311 0000 70B5     		push	{r4, r5, r6, lr}
 312 0002 82B0     		sub	sp, sp, #8
 313 0004 0446     		mov	r4, r0
 314 0006 0D46     		mov	r5, r1
 315 0008 B1F90010 		ldrsh	r1, [r1]
 316 000c B0F90000 		ldrsh	r0, [r0]
 317 0010 8142     		cmp	r1, r0
 318 0012 C0F2AE80 		blt	.L25
 319 0016 B4F90430 		ldrsh	r3, [r4, #4]
 320 001a 9942     		cmp	r1, r3
 321 001c 00F3AC80 		bgt	.L26
 322 0020 B5F90260 		ldrsh	r6, [r5, #2]
 323 0024 B4F902E0 		ldrsh	lr, [r4, #2]
 324 0028 7645     		cmp	r6, lr
 325 002a C0F2A780 		blt	.L27
 326 002e B4F90610 		ldrsh	r1, [r4, #6]
 327 0032 8E42     		cmp	r6, r1
 328 0034 00F3A480 		bgt	.L28
 329 0038 002A     		cmp	r2, #0
 330 003a 40F3A380 		ble	.L29
 331 003e 9BB2     		uxth	r3, r3
 332 0040 1FFA80FC 		uxth	ip, r0
 333 0044 A3EB0C03 		sub	r3, r3, ip
 334 0048 9BB2     		uxth	r3, r3
 335 004a 0133     		adds	r3, r3, #1
 336 004c C3F3C036 		ubfx	r6, r3, #15, #1
 337 0050 06FA83F3 		sxtah	r3, r6, r3
 338 0054 5B10     		asrs	r3, r3, #1
 339 0056 89B2     		uxth	r1, r1
 340 0058 1FFA8EFE 		uxth	lr, lr
 341 005c A1EB0E01 		sub	r1, r1, lr
 342 0060 89B2     		uxth	r1, r1
 343 0062 0131     		adds	r1, r1, #1
 344 0064 C1F3C036 		ubfx	r6, r1, #15, #1
 345 0068 06FA81F1 		sxtah	r1, r6, r1
 346 006c 4910     		asrs	r1, r1, #1
 347 006e 8B42     		cmp	r3, r1
 348 0070 A8BF     		it	ge
 349 0072 0B46     		movge	r3, r1
 350 0074 9A42     		cmp	r2, r3
 351 0076 00DC     		bgt	.L21
 352 0078 1346     		mov	r3, r2
 353              	.L21:
 354 007a ADF80000 		strh	r0, [sp]	@ movhi
 355 007e 9EB2     		uxth	r6, r3
 356 0080 B444     		add	ip, ip, r6
 357 0082 ADF804C0 		strh	ip, [sp, #4]	@ movhi
 358 0086 B4F90230 		ldrsh	r3, [r4, #2]
 359 008a ADF80230 		strh	r3, [sp, #2]	@ movhi
 360 008e 16FA83F3 		uxtah	r3, r6, r3
 361 0092 ADF80630 		strh	r3, [sp, #6]	@ movhi
 362 0096 0022     		movs	r2, #0
 363 0098 2946     		mov	r1, r5
ARM GAS  /var/folders/lp/x54gwt890xv47sdkqj1k04q40000gn/T//ccvWA7Wn.s 			page 7


 364 009a 6846     		mov	r0, sp
 365 009c FFF7FEFF 		bl	_lv_area_is_point_on
 366 00a0 70B1     		cbz	r0, .L22
 367 00a2 BDF80430 		ldrh	r3, [sp, #4]
 368 00a6 3344     		add	r3, r3, r6
 369 00a8 ADF80430 		strh	r3, [sp, #4]	@ movhi
 370 00ac BDF80630 		ldrh	r3, [sp, #6]
 371 00b0 3344     		add	r3, r3, r6
 372 00b2 ADF80630 		strh	r3, [sp, #6]	@ movhi
 373 00b6 2946     		mov	r1, r5
 374 00b8 6846     		mov	r0, sp
 375 00ba FFF7FEFF 		bl	lv_point_within_circle
 376 00be 59E0     		b	.L20
 377              	.L22:
 378 00c0 B4F90620 		ldrsh	r2, [r4, #6]
 379 00c4 93B2     		uxth	r3, r2
 380 00c6 9B1B     		subs	r3, r3, r6
 381 00c8 ADF80230 		strh	r3, [sp, #2]	@ movhi
 382 00cc ADF80620 		strh	r2, [sp, #6]	@ movhi
 383 00d0 0022     		movs	r2, #0
 384 00d2 2946     		mov	r1, r5
 385 00d4 6846     		mov	r0, sp
 386 00d6 FFF7FEFF 		bl	_lv_area_is_point_on
 387 00da 70B1     		cbz	r0, .L23
 388 00dc BDF80430 		ldrh	r3, [sp, #4]
 389 00e0 3344     		add	r3, r3, r6
 390 00e2 ADF80430 		strh	r3, [sp, #4]	@ movhi
 391 00e6 BDF80230 		ldrh	r3, [sp, #2]
 392 00ea 9B1B     		subs	r3, r3, r6
 393 00ec ADF80230 		strh	r3, [sp, #2]	@ movhi
 394 00f0 2946     		mov	r1, r5
 395 00f2 6846     		mov	r0, sp
 396 00f4 FFF7FEFF 		bl	lv_point_within_circle
 397 00f8 3CE0     		b	.L20
 398              	.L23:
 399 00fa B4F90420 		ldrsh	r2, [r4, #4]
 400 00fe 93B2     		uxth	r3, r2
 401 0100 9B1B     		subs	r3, r3, r6
 402 0102 ADF80030 		strh	r3, [sp]	@ movhi
 403 0106 ADF80420 		strh	r2, [sp, #4]	@ movhi
 404 010a 0022     		movs	r2, #0
 405 010c 2946     		mov	r1, r5
 406 010e 6846     		mov	r0, sp
 407 0110 FFF7FEFF 		bl	_lv_area_is_point_on
 408 0114 70B1     		cbz	r0, .L24
 409 0116 BDF80030 		ldrh	r3, [sp]
 410 011a 9B1B     		subs	r3, r3, r6
 411 011c ADF80030 		strh	r3, [sp]	@ movhi
 412 0120 BDF80230 		ldrh	r3, [sp, #2]
 413 0124 9B1B     		subs	r3, r3, r6
 414 0126 ADF80230 		strh	r3, [sp, #2]	@ movhi
 415 012a 2946     		mov	r1, r5
 416 012c 6846     		mov	r0, sp
 417 012e FFF7FEFF 		bl	lv_point_within_circle
 418 0132 1FE0     		b	.L20
 419              	.L24:
 420 0134 B4F90230 		ldrsh	r3, [r4, #2]
ARM GAS  /var/folders/lp/x54gwt890xv47sdkqj1k04q40000gn/T//ccvWA7Wn.s 			page 8


 421 0138 ADF80230 		strh	r3, [sp, #2]	@ movhi
 422 013c 16FA83F3 		uxtah	r3, r6, r3
 423 0140 ADF80630 		strh	r3, [sp, #6]	@ movhi
 424 0144 0022     		movs	r2, #0
 425 0146 2946     		mov	r1, r5
 426 0148 6846     		mov	r0, sp
 427 014a FFF7FEFF 		bl	_lv_area_is_point_on
 428 014e 08B9     		cbnz	r0, .L32
 429 0150 0120     		movs	r0, #1
 430 0152 0FE0     		b	.L20
 431              	.L32:
 432 0154 BDF80030 		ldrh	r3, [sp]
 433 0158 9B1B     		subs	r3, r3, r6
 434 015a ADF80030 		strh	r3, [sp]	@ movhi
 435 015e BDF80630 		ldrh	r3, [sp, #6]
 436 0162 1E44     		add	r6, r6, r3
 437 0164 ADF80660 		strh	r6, [sp, #6]	@ movhi
 438 0168 2946     		mov	r1, r5
 439 016a 6846     		mov	r0, sp
 440 016c FFF7FEFF 		bl	lv_point_within_circle
 441 0170 00E0     		b	.L20
 442              	.L25:
 443 0172 0020     		movs	r0, #0
 444              	.L20:
 445 0174 02B0     		add	sp, sp, #8
 446              		@ sp needed
 447 0176 70BD     		pop	{r4, r5, r6, pc}
 448              	.L26:
 449 0178 0020     		movs	r0, #0
 450 017a FBE7     		b	.L20
 451              	.L27:
 452 017c 0020     		movs	r0, #0
 453 017e F9E7     		b	.L20
 454              	.L28:
 455 0180 0020     		movs	r0, #0
 456 0182 F7E7     		b	.L20
 457              	.L29:
 458 0184 0120     		movs	r0, #1
 459 0186 F5E7     		b	.L20
 461              		.section	.text._lv_area_is_on,"ax",%progbits
 462              		.align	1
 463              		.global	_lv_area_is_on
 464              		.syntax unified
 465              		.thumb
 466              		.thumb_func
 468              	_lv_area_is_on:
 469              		@ args = 0, pretend = 0, frame = 0
 470              		@ frame_needed = 0, uses_anonymous_args = 0
 471              		@ link register save eliminated.
 472 0000 B0F90020 		ldrsh	r2, [r0]
 473 0004 B1F90430 		ldrsh	r3, [r1, #4]
 474 0008 9A42     		cmp	r2, r3
 475 000a 13DC     		bgt	.L35
 476 000c B0F90420 		ldrsh	r2, [r0, #4]
 477 0010 B1F90030 		ldrsh	r3, [r1]
 478 0014 9A42     		cmp	r2, r3
 479 0016 0FDB     		blt	.L36
ARM GAS  /var/folders/lp/x54gwt890xv47sdkqj1k04q40000gn/T//ccvWA7Wn.s 			page 9


 480 0018 B0F90220 		ldrsh	r2, [r0, #2]
 481 001c B1F90630 		ldrsh	r3, [r1, #6]
 482 0020 9A42     		cmp	r2, r3
 483 0022 0BDC     		bgt	.L37
 484 0024 B0F90620 		ldrsh	r2, [r0, #6]
 485 0028 B1F90230 		ldrsh	r3, [r1, #2]
 486 002c 9A42     		cmp	r2, r3
 487 002e 07DA     		bge	.L38
 488 0030 0020     		movs	r0, #0
 489 0032 7047     		bx	lr
 490              	.L35:
 491 0034 0020     		movs	r0, #0
 492 0036 7047     		bx	lr
 493              	.L36:
 494 0038 0020     		movs	r0, #0
 495 003a 7047     		bx	lr
 496              	.L37:
 497 003c 0020     		movs	r0, #0
 498 003e 7047     		bx	lr
 499              	.L38:
 500 0040 0120     		movs	r0, #1
 501 0042 7047     		bx	lr
 503              		.section	.text._lv_area_is_in,"ax",%progbits
 504              		.align	1
 505              		.global	_lv_area_is_in
 506              		.syntax unified
 507              		.thumb
 508              		.thumb_func
 510              	_lv_area_is_in:
 511              		@ args = 0, pretend = 0, frame = 8
 512              		@ frame_needed = 0, uses_anonymous_args = 0
 513 0000 2DE9F041 		push	{r4, r5, r6, r7, r8, lr}
 514 0004 82B0     		sub	sp, sp, #8
 515 0006 0C46     		mov	r4, r1
 516 0008 B0F90030 		ldrsh	r3, [r0]
 517 000c B1F90010 		ldrsh	r1, [r1]
 518 0010 8B42     		cmp	r3, r1
 519 0012 40DB     		blt	.L41
 520 0014 0646     		mov	r6, r0
 521 0016 1546     		mov	r5, r2
 522 0018 B0F90220 		ldrsh	r2, [r0, #2]
 523 001c B4F90210 		ldrsh	r1, [r4, #2]
 524 0020 8A42     		cmp	r2, r1
 525 0022 3CDB     		blt	.L42
 526 0024 B0F90470 		ldrsh	r7, [r0, #4]
 527 0028 B4F90410 		ldrsh	r1, [r4, #4]
 528 002c 8F42     		cmp	r7, r1
 529 002e 38DC     		bgt	.L43
 530 0030 B0F90680 		ldrsh	r8, [r0, #6]
 531 0034 B4F90610 		ldrsh	r1, [r4, #6]
 532 0038 8845     		cmp	r8, r1
 533 003a 34DC     		bgt	.L44
 534 003c 0DB9     		cbnz	r5, .L47
 535 003e 0120     		movs	r0, #1
 536 0040 2AE0     		b	.L40
 537              	.L47:
 538 0042 ADF80430 		strh	r3, [sp, #4]	@ movhi
ARM GAS  /var/folders/lp/x54gwt890xv47sdkqj1k04q40000gn/T//ccvWA7Wn.s 			page 10


 539 0046 ADF80620 		strh	r2, [sp, #6]	@ movhi
 540 004a 2A46     		mov	r2, r5
 541 004c 01A9     		add	r1, sp, #4
 542 004e 2046     		mov	r0, r4
 543 0050 FFF7FEFF 		bl	_lv_area_is_point_on
 544 0054 00B3     		cbz	r0, .L40
 545 0056 ADF80470 		strh	r7, [sp, #4]	@ movhi
 546 005a B6F90230 		ldrsh	r3, [r6, #2]
 547 005e ADF80630 		strh	r3, [sp, #6]	@ movhi
 548 0062 2A46     		mov	r2, r5
 549 0064 01A9     		add	r1, sp, #4
 550 0066 2046     		mov	r0, r4
 551 0068 FFF7FEFF 		bl	_lv_area_is_point_on
 552 006c A0B1     		cbz	r0, .L40
 553 006e B6F90030 		ldrsh	r3, [r6]
 554 0072 ADF80430 		strh	r3, [sp, #4]	@ movhi
 555 0076 ADF80680 		strh	r8, [sp, #6]	@ movhi
 556 007a 2A46     		mov	r2, r5
 557 007c 01A9     		add	r1, sp, #4
 558 007e 2046     		mov	r0, r4
 559 0080 FFF7FEFF 		bl	_lv_area_is_point_on
 560 0084 40B1     		cbz	r0, .L40
 561 0086 ADF80470 		strh	r7, [sp, #4]	@ movhi
 562 008a 2A46     		mov	r2, r5
 563 008c 01A9     		add	r1, sp, #4
 564 008e 2046     		mov	r0, r4
 565 0090 FFF7FEFF 		bl	_lv_area_is_point_on
 566 0094 00E0     		b	.L40
 567              	.L41:
 568 0096 0020     		movs	r0, #0
 569              	.L40:
 570 0098 02B0     		add	sp, sp, #8
 571              		@ sp needed
 572 009a BDE8F081 		pop	{r4, r5, r6, r7, r8, pc}
 573              	.L42:
 574 009e 0020     		movs	r0, #0
 575 00a0 FAE7     		b	.L40
 576              	.L43:
 577 00a2 0020     		movs	r0, #0
 578 00a4 F8E7     		b	.L40
 579              	.L44:
 580 00a6 0020     		movs	r0, #0
 581 00a8 F6E7     		b	.L40
 583              		.section	.text._lv_area_diff,"ax",%progbits
 584              		.align	1
 585              		.global	_lv_area_diff
 586              		.syntax unified
 587              		.thumb
 588              		.thumb_func
 590              	_lv_area_diff:
 591              		@ args = 0, pretend = 0, frame = 8
 592              		@ frame_needed = 0, uses_anonymous_args = 0
 593 0000 2DE9F043 		push	{r4, r5, r6, r7, r8, r9, lr}
 594 0004 83B0     		sub	sp, sp, #12
 595 0006 0646     		mov	r6, r0
 596 0008 0C46     		mov	r4, r1
 597 000a 1546     		mov	r5, r2
ARM GAS  /var/folders/lp/x54gwt890xv47sdkqj1k04q40000gn/T//ccvWA7Wn.s 			page 11


 598 000c 1146     		mov	r1, r2
 599 000e 2046     		mov	r0, r4
 600 0010 FFF7FEFF 		bl	_lv_area_is_on
 601 0014 0028     		cmp	r0, #0
 602 0016 00F0AF80 		beq	.L53
 603 001a 0022     		movs	r2, #0
 604 001c 2946     		mov	r1, r5
 605 001e 2046     		mov	r0, r4
 606 0020 FFF7FEFF 		bl	_lv_area_is_in
 607 0024 0028     		cmp	r0, #0
 608 0026 40F0AA80 		bne	.L54
 609 002a B4F90400 		ldrsh	r0, [r4, #4]
 610 002e 83B2     		uxth	r3, r0
 611 0030 B4F90070 		ldrsh	r7, [r4]
 612 0034 BAB2     		uxth	r2, r7
 613 0036 9B1A     		subs	r3, r3, r2
 614 0038 9BB2     		uxth	r3, r3
 615 003a E288     		ldrh	r2, [r4, #6]
 616 003c B4F902E0 		ldrsh	lr, [r4, #2]
 617 0040 1FFA8EFC 		uxth	ip, lr
 618 0044 A2EB0C02 		sub	r2, r2, ip
 619 0048 92B2     		uxth	r2, r2
 620 004a B5F90280 		ldrsh	r8, [r5, #2]
 621 004e 1FFA88F1 		uxth	r1, r8
 622 0052 A1EB0C01 		sub	r1, r1, ip
 623 0056 09B2     		sxth	r1, r1
 624 0058 0029     		cmp	r1, #0
 625 005a 40F38A80 		ble	.L55
 626 005e ADF80070 		strh	r7, [sp]	@ movhi
 627 0062 ADF802E0 		strh	lr, [sp, #2]	@ movhi
 628 0066 ADF80400 		strh	r0, [sp, #4]	@ movhi
 629 006a ADF80680 		strh	r8, [sp, #6]	@ movhi
 630 006e 6F46     		mov	r7, sp
 631 0070 03CF     		ldmia	r7!, {r0, r1}
 632 0072 3060     		str	r0, [r6]	@ unaligned
 633 0074 7160     		str	r1, [r6, #4]	@ unaligned
 634 0076 4FF0010C 		mov	ip, #1
 635              	.L50:
 636 007a 6188     		ldrh	r1, [r4, #2]
 637 007c B5F90600 		ldrsh	r0, [r5, #6]
 638 0080 87B2     		uxth	r7, r0
 639 0082 C91B     		subs	r1, r1, r7
 640 0084 0A44     		add	r2, r2, r1
 641 0086 91B2     		uxth	r1, r2
 642 0088 12B2     		sxth	r2, r2
 643 008a 002A     		cmp	r2, #0
 644 008c 1CDD     		ble	.L51
 645 008e B4F90620 		ldrsh	r2, [r4, #6]
 646 0092 9042     		cmp	r0, r2
 647 0094 18DA     		bge	.L51
 648 0096 B4F90020 		ldrsh	r2, [r4]
 649 009a ADF80020 		strh	r2, [sp]	@ movhi
 650 009e ADF80200 		strh	r0, [sp, #2]	@ movhi
 651 00a2 B4F90420 		ldrsh	r2, [r4, #4]
 652 00a6 ADF80420 		strh	r2, [sp, #4]	@ movhi
 653 00aa 0F44     		add	r7, r7, r1
 654 00ac ADF80670 		strh	r7, [sp, #6]	@ movhi
ARM GAS  /var/folders/lp/x54gwt890xv47sdkqj1k04q40000gn/T//ccvWA7Wn.s 			page 12


 655 00b0 0CF10107 		add	r7, ip, #1
 656 00b4 06EBCC0E 		add	lr, r6, ip, lsl #3
 657 00b8 6A46     		mov	r2, sp
 658 00ba 03CA     		ldmia	r2!, {r0, r1}
 659 00bc 46F83C00 		str	r0, [r6, ip, lsl #3]	@ unaligned
 660 00c0 CEF80410 		str	r1, [lr, #4]	@ unaligned
 661 00c4 4FFA87FC 		sxtb	ip, r7
 662              	.L51:
 663 00c8 B4F90270 		ldrsh	r7, [r4, #2]
 664 00cc B5F90220 		ldrsh	r2, [r5, #2]
 665 00d0 9742     		cmp	r7, r2
 666 00d2 B8BF     		it	lt
 667 00d4 1746     		movlt	r7, r2
 668 00d6 B4F906E0 		ldrsh	lr, [r4, #6]
 669 00da B5F90620 		ldrsh	r2, [r5, #6]
 670 00de 9645     		cmp	lr, r2
 671 00e0 A8BF     		it	ge
 672 00e2 9646     		movge	lr, r2
 673 00e4 AEEB0702 		sub	r2, lr, r7
 674 00e8 11B2     		sxth	r1, r2
 675 00ea B5F90000 		ldrsh	r0, [r5]
 676 00ee 82B2     		uxth	r2, r0
 677 00f0 B4F90080 		ldrsh	r8, [r4]
 678 00f4 1FFA88F9 		uxth	r9, r8
 679 00f8 A2EB0902 		sub	r2, r2, r9
 680 00fc 12B2     		sxth	r2, r2
 681 00fe 002A     		cmp	r2, #0
 682 0100 15DD     		ble	.L52
 683 0102 0029     		cmp	r1, #0
 684 0104 13DD     		ble	.L52
 685 0106 ADF80080 		strh	r8, [sp]	@ movhi
 686 010a ADF80270 		strh	r7, [sp, #2]	@ movhi
 687 010e ADF80400 		strh	r0, [sp, #4]	@ movhi
 688 0112 ADF806E0 		strh	lr, [sp, #6]	@ movhi
 689 0116 0CF10108 		add	r8, ip, #1
 690 011a 06EBCC09 		add	r9, r6, ip, lsl #3
 691 011e 6A46     		mov	r2, sp
 692 0120 03CA     		ldmia	r2!, {r0, r1}
 693 0122 46F83C00 		str	r0, [r6, ip, lsl #3]	@ unaligned
 694 0126 C9F80410 		str	r1, [r9, #4]	@ unaligned
 695 012a 4FFA88FC 		sxtb	ip, r8
 696              	.L52:
 697 012e 2288     		ldrh	r2, [r4]
 698 0130 B5F90400 		ldrsh	r0, [r5, #4]
 699 0134 81B2     		uxth	r1, r0
 700 0136 521A     		subs	r2, r2, r1
 701 0138 1344     		add	r3, r3, r2
 702 013a 9AB2     		uxth	r2, r3
 703 013c 1BB2     		sxth	r3, r3
 704 013e 002B     		cmp	r3, #0
 705 0140 13DD     		ble	.L49
 706 0142 ADF80000 		strh	r0, [sp]	@ movhi
 707 0146 ADF80270 		strh	r7, [sp, #2]	@ movhi
 708 014a 1144     		add	r1, r1, r2
 709 014c ADF80410 		strh	r1, [sp, #4]	@ movhi
 710 0150 ADF806E0 		strh	lr, [sp, #6]	@ movhi
 711 0154 0CF10102 		add	r2, ip, #1
ARM GAS  /var/folders/lp/x54gwt890xv47sdkqj1k04q40000gn/T//ccvWA7Wn.s 			page 13


 712 0158 06EBCC04 		add	r4, r6, ip, lsl #3
 713 015c 6B46     		mov	r3, sp
 714 015e 03CB     		ldmia	r3!, {r0, r1}
 715 0160 46F83C00 		str	r0, [r6, ip, lsl #3]	@ unaligned
 716 0164 6160     		str	r1, [r4, #4]	@ unaligned
 717 0166 4FFA82FC 		sxtb	ip, r2
 718              	.L49:
 719 016a 6046     		mov	r0, ip
 720 016c 03B0     		add	sp, sp, #12
 721              		@ sp needed
 722 016e BDE8F083 		pop	{r4, r5, r6, r7, r8, r9, pc}
 723              	.L55:
 724 0172 4FF0000C 		mov	ip, #0
 725 0176 80E7     		b	.L50
 726              	.L53:
 727 0178 4FF0FF3C 		mov	ip, #-1
 728 017c F5E7     		b	.L49
 729              	.L54:
 730 017e 4FF0000C 		mov	ip, #0
 731 0182 F2E7     		b	.L49
 733              		.section	.text._lv_area_is_out,"ax",%progbits
 734              		.align	1
 735              		.global	_lv_area_is_out
 736              		.syntax unified
 737              		.thumb
 738              		.thumb_func
 740              	_lv_area_is_out:
 741              		@ args = 0, pretend = 0, frame = 8
 742              		@ frame_needed = 0, uses_anonymous_args = 0
 743 0000 2DE9F047 		push	{r4, r5, r6, r7, r8, r9, r10, lr}
 744 0004 82B0     		sub	sp, sp, #8
 745 0006 B0F90470 		ldrsh	r7, [r0, #4]
 746 000a B1F90030 		ldrsh	r3, [r1]
 747 000e 9F42     		cmp	r7, r3
 748 0010 4ADB     		blt	.L59
 749 0012 8046     		mov	r8, r0
 750 0014 0C46     		mov	r4, r1
 751 0016 1646     		mov	r6, r2
 752 0018 B0F90690 		ldrsh	r9, [r0, #6]
 753 001c B1F90230 		ldrsh	r3, [r1, #2]
 754 0020 9945     		cmp	r9, r3
 755 0022 46DB     		blt	.L60
 756 0024 B0F90030 		ldrsh	r3, [r0]
 757 0028 B1F90420 		ldrsh	r2, [r1, #4]
 758 002c 9342     		cmp	r3, r2
 759 002e 42DC     		bgt	.L61
 760 0030 B0F90220 		ldrsh	r2, [r0, #2]
 761 0034 B1F90610 		ldrsh	r1, [r1, #6]
 762 0038 8A42     		cmp	r2, r1
 763 003a 3EDC     		bgt	.L62
 764 003c 0EB9     		cbnz	r6, .L67
 765 003e 0025     		movs	r5, #0
 766 0040 33E0     		b	.L58
 767              	.L67:
 768 0042 ADF80430 		strh	r3, [sp, #4]	@ movhi
 769 0046 ADF80620 		strh	r2, [sp, #6]	@ movhi
 770 004a 3246     		mov	r2, r6
ARM GAS  /var/folders/lp/x54gwt890xv47sdkqj1k04q40000gn/T//ccvWA7Wn.s 			page 14


 771 004c 01A9     		add	r1, sp, #4
 772 004e 2046     		mov	r0, r4
 773 0050 FFF7FEFF 		bl	_lv_area_is_point_on
 774 0054 0546     		mov	r5, r0
 775 0056 08B1     		cbz	r0, .L68
 776 0058 0025     		movs	r5, #0
 777 005a 26E0     		b	.L58
 778              	.L68:
 779 005c ADF80470 		strh	r7, [sp, #4]	@ movhi
 780 0060 B8F90230 		ldrsh	r3, [r8, #2]
 781 0064 ADF80630 		strh	r3, [sp, #6]	@ movhi
 782 0068 3246     		mov	r2, r6
 783 006a 01A9     		add	r1, sp, #4
 784 006c 2046     		mov	r0, r4
 785 006e FFF7FEFF 		bl	_lv_area_is_point_on
 786 0072 8246     		mov	r10, r0
 787 0074 C8B9     		cbnz	r0, .L58
 788 0076 B8F90030 		ldrsh	r3, [r8]
 789 007a ADF80430 		strh	r3, [sp, #4]	@ movhi
 790 007e ADF80690 		strh	r9, [sp, #6]	@ movhi
 791 0082 3246     		mov	r2, r6
 792 0084 01A9     		add	r1, sp, #4
 793 0086 2046     		mov	r0, r4
 794 0088 FFF7FEFF 		bl	_lv_area_is_point_on
 795 008c 0546     		mov	r5, r0
 796 008e 08B1     		cbz	r0, .L69
 797 0090 5546     		mov	r5, r10
 798 0092 0AE0     		b	.L58
 799              	.L69:
 800 0094 ADF80470 		strh	r7, [sp, #4]	@ movhi
 801 0098 3246     		mov	r2, r6
 802 009a 01A9     		add	r1, sp, #4
 803 009c 2046     		mov	r0, r4
 804 009e FFF7FEFF 		bl	_lv_area_is_point_on
 805 00a2 10B9     		cbnz	r0, .L58
 806 00a4 0125     		movs	r5, #1
 807 00a6 00E0     		b	.L58
 808              	.L59:
 809 00a8 0125     		movs	r5, #1
 810              	.L58:
 811 00aa 2846     		mov	r0, r5
 812 00ac 02B0     		add	sp, sp, #8
 813              		@ sp needed
 814 00ae BDE8F087 		pop	{r4, r5, r6, r7, r8, r9, r10, pc}
 815              	.L60:
 816 00b2 0125     		movs	r5, #1
 817 00b4 F9E7     		b	.L58
 818              	.L61:
 819 00b6 0125     		movs	r5, #1
 820 00b8 F7E7     		b	.L58
 821              	.L62:
 822 00ba 0125     		movs	r5, #1
 823 00bc F5E7     		b	.L58
 825              		.section	.text._lv_area_is_equal,"ax",%progbits
 826              		.align	1
 827              		.global	_lv_area_is_equal
 828              		.syntax unified
ARM GAS  /var/folders/lp/x54gwt890xv47sdkqj1k04q40000gn/T//ccvWA7Wn.s 			page 15


 829              		.thumb
 830              		.thumb_func
 832              	_lv_area_is_equal:
 833              		@ args = 0, pretend = 0, frame = 0
 834              		@ frame_needed = 0, uses_anonymous_args = 0
 835              		@ link register save eliminated.
 836 0000 B0F90020 		ldrsh	r2, [r0]
 837 0004 B1F90030 		ldrsh	r3, [r1]
 838 0008 9A42     		cmp	r2, r3
 839 000a 01D0     		beq	.L76
 840 000c 0020     		movs	r0, #0
 841 000e 7047     		bx	lr
 842              	.L76:
 843 0010 B0F90420 		ldrsh	r2, [r0, #4]
 844 0014 B1F90430 		ldrsh	r3, [r1, #4]
 845 0018 9A42     		cmp	r2, r3
 846 001a 01D0     		beq	.L77
 847 001c 0020     		movs	r0, #0
 848 001e 7047     		bx	lr
 849              	.L77:
 850 0020 B0F90220 		ldrsh	r2, [r0, #2]
 851 0024 B1F90230 		ldrsh	r3, [r1, #2]
 852 0028 9A42     		cmp	r2, r3
 853 002a 01D0     		beq	.L78
 854 002c 0020     		movs	r0, #0
 855 002e 7047     		bx	lr
 856              	.L78:
 857 0030 B0F90620 		ldrsh	r2, [r0, #6]
 858 0034 B1F90630 		ldrsh	r3, [r1, #6]
 859 0038 9A42     		cmp	r2, r3
 860 003a 01D0     		beq	.L75
 861 003c 0020     		movs	r0, #0
 862 003e 7047     		bx	lr
 863              	.L75:
 864 0040 0120     		movs	r0, #1
 865 0042 7047     		bx	lr
 867              		.section	.text.lv_area_align,"ax",%progbits
 868              		.align	1
 869              		.global	lv_area_align
 870              		.syntax unified
 871              		.thumb
 872              		.thumb_func
 874              	lv_area_align:
 875              		@ args = 4, pretend = 0, frame = 0
 876              		@ frame_needed = 0, uses_anonymous_args = 0
 877 0000 10B5     		push	{r4, lr}
 878 0002 023A     		subs	r2, r2, #2
 879 0004 132A     		cmp	r2, #19
 880 0006 00F24082 		bhi	.L102
 881 000a DFE812F0 		tbh	[pc, r2, lsl #1]
 882              	.L82:
 883 000e 7300     		.2byte	(.L101-.L82)/2
 884 0010 8E00     		.2byte	(.L100-.L82)/2
 885 0012 9C00     		.2byte	(.L99-.L82)/2
 886 0014 AA00     		.2byte	(.L98-.L82)/2
 887 0016 D100     		.2byte	(.L97-.L82)/2
 888 0018 EB00     		.2byte	(.L96-.L82)/2
ARM GAS  /var/folders/lp/x54gwt890xv47sdkqj1k04q40000gn/T//ccvWA7Wn.s 			page 16


 889 001a 0701     		.2byte	(.L95-.L82)/2
 890 001c 1400     		.2byte	(.L94-.L82)/2
 891 001e 3101     		.2byte	(.L93-.L82)/2
 892 0020 3C01     		.2byte	(.L92-.L82)/2
 893 0022 5E01     		.2byte	(.L91-.L82)/2
 894 0024 7301     		.2byte	(.L90-.L82)/2
 895 0026 8001     		.2byte	(.L89-.L82)/2
 896 0028 A401     		.2byte	(.L88-.L82)/2
 897 002a BB01     		.2byte	(.L87-.L82)/2
 898 002c C301     		.2byte	(.L86-.L82)/2
 899 002e E701     		.2byte	(.L85-.L82)/2
 900 0030 FB01     		.2byte	(.L84-.L82)/2
 901 0032 0402     		.2byte	(.L83-.L82)/2
 902 0034 2902     		.2byte	(.L81-.L82)/2
 903              		.p2align 1
 904              	.L94:
 905 0036 8488     		ldrh	r4, [r0, #4]
 906 0038 0288     		ldrh	r2, [r0]
 907 003a A41A     		subs	r4, r4, r2
 908 003c A4B2     		uxth	r4, r4
 909 003e 0134     		adds	r4, r4, #1
 910 0040 8A88     		ldrh	r2, [r1, #4]
 911 0042 B1F800C0 		ldrh	ip, [r1]
 912 0046 A2EB0C02 		sub	r2, r2, ip
 913 004a 92B2     		uxth	r2, r2
 914 004c 0132     		adds	r2, r2, #1
 915 004e C4F3C03C 		ubfx	ip, r4, #15, #1
 916 0052 0CFA84FC 		sxtah	ip, ip, r4
 917 0056 C2F3C034 		ubfx	r4, r2, #15, #1
 918 005a 04FA82F4 		sxtah	r4, r4, r2
 919 005e 6410     		asrs	r4, r4, #1
 920 0060 C4EB6C04 		rsb	r4, r4, ip, asr #1
 921 0064 24B2     		sxth	r4, r4
 922 0066 B0F806C0 		ldrh	ip, [r0, #6]
 923 006a 4288     		ldrh	r2, [r0, #2]
 924 006c ACEB020C 		sub	ip, ip, r2
 925 0070 1FFA8CFC 		uxth	ip, ip
 926 0074 0CF1010C 		add	ip, ip, #1
 927 0078 CA88     		ldrh	r2, [r1, #6]
 928 007a B1F802E0 		ldrh	lr, [r1, #2]
 929 007e A2EB0E02 		sub	r2, r2, lr
 930 0082 92B2     		uxth	r2, r2
 931 0084 0132     		adds	r2, r2, #1
 932 0086 CCF3C03E 		ubfx	lr, ip, #15, #1
 933 008a 0EFA8CFC 		sxtah	ip, lr, ip
 934 008e C2F3C03E 		ubfx	lr, r2, #15, #1
 935 0092 0EFA82FE 		sxtah	lr, lr, r2
 936 0096 4FEA6E0E 		asr	lr, lr, #1
 937 009a CEEB6C0E 		rsb	lr, lr, ip, asr #1
 938 009e 0FFA8EFE 		sxth	lr, lr
 939              	.L80:
 940 00a2 B0F800C0 		ldrh	ip, [r0]
 941 00a6 A444     		add	ip, ip, r4
 942 00a8 4288     		ldrh	r2, [r0, #2]
 943 00aa 7244     		add	r2, r2, lr
 944 00ac B1F804E0 		ldrh	lr, [r1, #4]
 945 00b0 0888     		ldrh	r0, [r1]
ARM GAS  /var/folders/lp/x54gwt890xv47sdkqj1k04q40000gn/T//ccvWA7Wn.s 			page 17


 946 00b2 AEEB000E 		sub	lr, lr, r0
 947 00b6 1FFA8EFE 		uxth	lr, lr
 948 00ba 0EF1010E 		add	lr, lr, #1
 949 00be 1FFA8EFE 		uxth	lr, lr
 950 00c2 C888     		ldrh	r0, [r1, #6]
 951 00c4 4C88     		ldrh	r4, [r1, #2]
 952 00c6 001B     		subs	r0, r0, r4
 953 00c8 80B2     		uxth	r0, r0
 954 00ca 0130     		adds	r0, r0, #1
 955 00cc 80B2     		uxth	r0, r0
 956 00ce 13FA8CF3 		uxtah	r3, r3, ip
 957 00d2 0B80     		strh	r3, [r1]	@ movhi
 958 00d4 BDF90840 		ldrsh	r4, [sp, #8]
 959 00d8 14FA82F2 		uxtah	r2, r4, r2
 960 00dc 4A80     		strh	r2, [r1, #2]	@ movhi
 961 00de 1EFA83F3 		uxtah	r3, lr, r3
 962 00e2 9BB2     		uxth	r3, r3
 963 00e4 013B     		subs	r3, r3, #1
 964 00e6 8B80     		strh	r3, [r1, #4]	@ movhi
 965 00e8 10FA82F2 		uxtah	r2, r0, r2
 966 00ec 92B2     		uxth	r2, r2
 967 00ee 013A     		subs	r2, r2, #1
 968 00f0 CA80     		strh	r2, [r1, #6]	@ movhi
 969 00f2 10BD     		pop	{r4, pc}
 970              	.L101:
 971 00f4 8488     		ldrh	r4, [r0, #4]
 972 00f6 0288     		ldrh	r2, [r0]
 973 00f8 A41A     		subs	r4, r4, r2
 974 00fa A4B2     		uxth	r4, r4
 975 00fc 0134     		adds	r4, r4, #1
 976 00fe 8A88     		ldrh	r2, [r1, #4]
 977 0100 B1F800C0 		ldrh	ip, [r1]
 978 0104 A2EB0C02 		sub	r2, r2, ip
 979 0108 92B2     		uxth	r2, r2
 980 010a 0132     		adds	r2, r2, #1
 981 010c C4F3C03C 		ubfx	ip, r4, #15, #1
 982 0110 0CFA84FC 		sxtah	ip, ip, r4
 983 0114 C2F3C034 		ubfx	r4, r2, #15, #1
 984 0118 04FA82F4 		sxtah	r4, r4, r2
 985 011c 6410     		asrs	r4, r4, #1
 986 011e C4EB6C04 		rsb	r4, r4, ip, asr #1
 987 0122 24B2     		sxth	r4, r4
 988 0124 4FF0000E 		mov	lr, #0
 989 0128 BBE7     		b	.L80
 990              	.L100:
 991 012a 8488     		ldrh	r4, [r0, #4]
 992 012c 0288     		ldrh	r2, [r0]
 993 012e A41A     		subs	r4, r4, r2
 994 0130 B1F804C0 		ldrh	ip, [r1, #4]
 995 0134 0A88     		ldrh	r2, [r1]
 996 0136 A2EB0C02 		sub	r2, r2, ip
 997 013a 12FA84F4 		uxtah	r4, r2, r4
 998 013e 24B2     		sxth	r4, r4
 999 0140 4FF0000E 		mov	lr, #0
 1000 0144 ADE7     		b	.L80
 1001              	.L99:
 1002 0146 B0F806E0 		ldrh	lr, [r0, #6]
ARM GAS  /var/folders/lp/x54gwt890xv47sdkqj1k04q40000gn/T//ccvWA7Wn.s 			page 18


 1003 014a 4288     		ldrh	r2, [r0, #2]
 1004 014c AEEB020E 		sub	lr, lr, r2
 1005 0150 CC88     		ldrh	r4, [r1, #6]
 1006 0152 4A88     		ldrh	r2, [r1, #2]
 1007 0154 121B     		subs	r2, r2, r4
 1008 0156 12FA8EFE 		uxtah	lr, r2, lr
 1009 015a 0FFA8EFE 		sxth	lr, lr
 1010 015e 0024     		movs	r4, #0
 1011 0160 9FE7     		b	.L80
 1012              	.L98:
 1013 0162 8488     		ldrh	r4, [r0, #4]
 1014 0164 0288     		ldrh	r2, [r0]
 1015 0166 A41A     		subs	r4, r4, r2
 1016 0168 A4B2     		uxth	r4, r4
 1017 016a 0134     		adds	r4, r4, #1
 1018 016c 8A88     		ldrh	r2, [r1, #4]
 1019 016e B1F800C0 		ldrh	ip, [r1]
 1020 0172 A2EB0C02 		sub	r2, r2, ip
 1021 0176 92B2     		uxth	r2, r2
 1022 0178 0132     		adds	r2, r2, #1
 1023 017a C4F3C03C 		ubfx	ip, r4, #15, #1
 1024 017e 0CFA84FC 		sxtah	ip, ip, r4
 1025 0182 C2F3C034 		ubfx	r4, r2, #15, #1
 1026 0186 04FA82F4 		sxtah	r4, r4, r2
 1027 018a 6410     		asrs	r4, r4, #1
 1028 018c C4EB6C04 		rsb	r4, r4, ip, asr #1
 1029 0190 24B2     		sxth	r4, r4
 1030 0192 B0F806E0 		ldrh	lr, [r0, #6]
 1031 0196 4288     		ldrh	r2, [r0, #2]
 1032 0198 AEEB020E 		sub	lr, lr, r2
 1033 019c B1F806C0 		ldrh	ip, [r1, #6]
 1034 01a0 4A88     		ldrh	r2, [r1, #2]
 1035 01a2 A2EB0C02 		sub	r2, r2, ip
 1036 01a6 12FA8EFE 		uxtah	lr, r2, lr
 1037 01aa 0FFA8EFE 		sxth	lr, lr
 1038 01ae 78E7     		b	.L80
 1039              	.L97:
 1040 01b0 8488     		ldrh	r4, [r0, #4]
 1041 01b2 0288     		ldrh	r2, [r0]
 1042 01b4 A41A     		subs	r4, r4, r2
 1043 01b6 B1F804C0 		ldrh	ip, [r1, #4]
 1044 01ba 0A88     		ldrh	r2, [r1]
 1045 01bc A2EB0C02 		sub	r2, r2, ip
 1046 01c0 12FA84F4 		uxtah	r4, r2, r4
 1047 01c4 24B2     		sxth	r4, r4
 1048 01c6 B0F806E0 		ldrh	lr, [r0, #6]
 1049 01ca 4288     		ldrh	r2, [r0, #2]
 1050 01cc AEEB020E 		sub	lr, lr, r2
 1051 01d0 B1F806C0 		ldrh	ip, [r1, #6]
 1052 01d4 4A88     		ldrh	r2, [r1, #2]
 1053 01d6 A2EB0C02 		sub	r2, r2, ip
 1054 01da 12FA8EFE 		uxtah	lr, r2, lr
 1055 01de 0FFA8EFE 		sxth	lr, lr
 1056 01e2 5EE7     		b	.L80
 1057              	.L96:
 1058 01e4 C488     		ldrh	r4, [r0, #6]
 1059 01e6 4288     		ldrh	r2, [r0, #2]
ARM GAS  /var/folders/lp/x54gwt890xv47sdkqj1k04q40000gn/T//ccvWA7Wn.s 			page 19


 1060 01e8 A41A     		subs	r4, r4, r2
 1061 01ea A4B2     		uxth	r4, r4
 1062 01ec 0134     		adds	r4, r4, #1
 1063 01ee CA88     		ldrh	r2, [r1, #6]
 1064 01f0 B1F802C0 		ldrh	ip, [r1, #2]
 1065 01f4 A2EB0C02 		sub	r2, r2, ip
 1066 01f8 92B2     		uxth	r2, r2
 1067 01fa 0132     		adds	r2, r2, #1
 1068 01fc C4F3C03C 		ubfx	ip, r4, #15, #1
 1069 0200 0CFA84F4 		sxtah	r4, ip, r4
 1070 0204 C2F3C03C 		ubfx	ip, r2, #15, #1
 1071 0208 0CFA82FE 		sxtah	lr, ip, r2
 1072 020c 4FEA6E0E 		asr	lr, lr, #1
 1073 0210 CEEB640E 		rsb	lr, lr, r4, asr #1
 1074 0214 0FFA8EFE 		sxth	lr, lr
 1075 0218 0024     		movs	r4, #0
 1076 021a 42E7     		b	.L80
 1077              	.L95:
 1078 021c 8488     		ldrh	r4, [r0, #4]
 1079 021e 0288     		ldrh	r2, [r0]
 1080 0220 A41A     		subs	r4, r4, r2
 1081 0222 B1F804C0 		ldrh	ip, [r1, #4]
 1082 0226 0A88     		ldrh	r2, [r1]
 1083 0228 A2EB0C02 		sub	r2, r2, ip
 1084 022c 12FA84F4 		uxtah	r4, r2, r4
 1085 0230 24B2     		sxth	r4, r4
 1086 0232 B0F806C0 		ldrh	ip, [r0, #6]
 1087 0236 4288     		ldrh	r2, [r0, #2]
 1088 0238 ACEB020C 		sub	ip, ip, r2
 1089 023c 1FFA8CFC 		uxth	ip, ip
 1090 0240 0CF1010C 		add	ip, ip, #1
 1091 0244 CA88     		ldrh	r2, [r1, #6]
 1092 0246 B1F802E0 		ldrh	lr, [r1, #2]
 1093 024a A2EB0E02 		sub	r2, r2, lr
 1094 024e 92B2     		uxth	r2, r2
 1095 0250 0132     		adds	r2, r2, #1
 1096 0252 CCF3C03E 		ubfx	lr, ip, #15, #1
 1097 0256 0EFA8CFC 		sxtah	ip, lr, ip
 1098 025a C2F3C03E 		ubfx	lr, r2, #15, #1
 1099 025e 0EFA82FE 		sxtah	lr, lr, r2
 1100 0262 4FEA6E0E 		asr	lr, lr, #1
 1101 0266 CEEB6C0E 		rsb	lr, lr, ip, asr #1
 1102 026a 0FFA8EFE 		sxth	lr, lr
 1103 026e 18E7     		b	.L80
 1104              	.L93:
 1105 0270 CA88     		ldrh	r2, [r1, #6]
 1106 0272 B1F802E0 		ldrh	lr, [r1, #2]
 1107 0276 AEEB020E 		sub	lr, lr, r2
 1108 027a 0EF1FF3E 		add	lr, lr, #-1
 1109 027e 0FFA8EFE 		sxth	lr, lr
 1110 0282 0024     		movs	r4, #0
 1111 0284 0DE7     		b	.L80
 1112              	.L92:
 1113 0286 8488     		ldrh	r4, [r0, #4]
 1114 0288 0288     		ldrh	r2, [r0]
 1115 028a A41A     		subs	r4, r4, r2
 1116 028c A4B2     		uxth	r4, r4
ARM GAS  /var/folders/lp/x54gwt890xv47sdkqj1k04q40000gn/T//ccvWA7Wn.s 			page 20


 1117 028e 0134     		adds	r4, r4, #1
 1118 0290 8A88     		ldrh	r2, [r1, #4]
 1119 0292 B1F800C0 		ldrh	ip, [r1]
 1120 0296 A2EB0C02 		sub	r2, r2, ip
 1121 029a 92B2     		uxth	r2, r2
 1122 029c 0132     		adds	r2, r2, #1
 1123 029e C4F3C03C 		ubfx	ip, r4, #15, #1
 1124 02a2 0CFA84FC 		sxtah	ip, ip, r4
 1125 02a6 C2F3C034 		ubfx	r4, r2, #15, #1
 1126 02aa 04FA82F4 		sxtah	r4, r4, r2
 1127 02ae 6410     		asrs	r4, r4, #1
 1128 02b0 C4EB6C04 		rsb	r4, r4, ip, asr #1
 1129 02b4 24B2     		sxth	r4, r4
 1130 02b6 CA88     		ldrh	r2, [r1, #6]
 1131 02b8 B1F802E0 		ldrh	lr, [r1, #2]
 1132 02bc AEEB020E 		sub	lr, lr, r2
 1133 02c0 0EF1FF3E 		add	lr, lr, #-1
 1134 02c4 0FFA8EFE 		sxth	lr, lr
 1135 02c8 EBE6     		b	.L80
 1136              	.L91:
 1137 02ca 8488     		ldrh	r4, [r0, #4]
 1138 02cc 0288     		ldrh	r2, [r0]
 1139 02ce A41A     		subs	r4, r4, r2
 1140 02d0 B1F804C0 		ldrh	ip, [r1, #4]
 1141 02d4 0A88     		ldrh	r2, [r1]
 1142 02d6 A2EB0C02 		sub	r2, r2, ip
 1143 02da 12FA84F4 		uxtah	r4, r2, r4
 1144 02de 24B2     		sxth	r4, r4
 1145 02e0 CA88     		ldrh	r2, [r1, #6]
 1146 02e2 B1F802E0 		ldrh	lr, [r1, #2]
 1147 02e6 AEEB020E 		sub	lr, lr, r2
 1148 02ea 0EF1FF3E 		add	lr, lr, #-1
 1149 02ee 0FFA8EFE 		sxth	lr, lr
 1150 02f2 D6E6     		b	.L80
 1151              	.L90:
 1152 02f4 B0F806E0 		ldrh	lr, [r0, #6]
 1153 02f8 4288     		ldrh	r2, [r0, #2]
 1154 02fa AEEB020E 		sub	lr, lr, r2
 1155 02fe 1FFA8EFE 		uxth	lr, lr
 1156 0302 0EF1010E 		add	lr, lr, #1
 1157 0306 0FFA8EFE 		sxth	lr, lr
 1158 030a 0024     		movs	r4, #0
 1159 030c C9E6     		b	.L80
 1160              	.L89:
 1161 030e 8488     		ldrh	r4, [r0, #4]
 1162 0310 0288     		ldrh	r2, [r0]
 1163 0312 A41A     		subs	r4, r4, r2
 1164 0314 A4B2     		uxth	r4, r4
 1165 0316 0134     		adds	r4, r4, #1
 1166 0318 8A88     		ldrh	r2, [r1, #4]
 1167 031a B1F800C0 		ldrh	ip, [r1]
 1168 031e A2EB0C02 		sub	r2, r2, ip
 1169 0322 92B2     		uxth	r2, r2
 1170 0324 0132     		adds	r2, r2, #1
 1171 0326 C4F3C03C 		ubfx	ip, r4, #15, #1
 1172 032a 0CFA84FC 		sxtah	ip, ip, r4
 1173 032e C2F3C034 		ubfx	r4, r2, #15, #1
ARM GAS  /var/folders/lp/x54gwt890xv47sdkqj1k04q40000gn/T//ccvWA7Wn.s 			page 21


 1174 0332 04FA82F4 		sxtah	r4, r4, r2
 1175 0336 6410     		asrs	r4, r4, #1
 1176 0338 C4EB6C04 		rsb	r4, r4, ip, asr #1
 1177 033c 24B2     		sxth	r4, r4
 1178 033e B0F806E0 		ldrh	lr, [r0, #6]
 1179 0342 4288     		ldrh	r2, [r0, #2]
 1180 0344 AEEB020E 		sub	lr, lr, r2
 1181 0348 1FFA8EFE 		uxth	lr, lr
 1182 034c 0EF1010E 		add	lr, lr, #1
 1183 0350 0FFA8EFE 		sxth	lr, lr
 1184 0354 A5E6     		b	.L80
 1185              	.L88:
 1186 0356 8488     		ldrh	r4, [r0, #4]
 1187 0358 0288     		ldrh	r2, [r0]
 1188 035a A41A     		subs	r4, r4, r2
 1189 035c B1F804C0 		ldrh	ip, [r1, #4]
 1190 0360 0A88     		ldrh	r2, [r1]
 1191 0362 A2EB0C02 		sub	r2, r2, ip
 1192 0366 12FA84F4 		uxtah	r4, r2, r4
 1193 036a 24B2     		sxth	r4, r4
 1194 036c B0F806E0 		ldrh	lr, [r0, #6]
 1195 0370 4288     		ldrh	r2, [r0, #2]
 1196 0372 AEEB020E 		sub	lr, lr, r2
 1197 0376 1FFA8EFE 		uxth	lr, lr
 1198 037a 0EF1010E 		add	lr, lr, #1
 1199 037e 0FFA8EFE 		sxth	lr, lr
 1200 0382 8EE6     		b	.L80
 1201              	.L87:
 1202 0384 8A88     		ldrh	r2, [r1, #4]
 1203 0386 0C88     		ldrh	r4, [r1]
 1204 0388 A41A     		subs	r4, r4, r2
 1205 038a 013C     		subs	r4, r4, #1
 1206 038c 24B2     		sxth	r4, r4
 1207 038e 4FF0000E 		mov	lr, #0
 1208 0392 86E6     		b	.L80
 1209              	.L86:
 1210 0394 8A88     		ldrh	r2, [r1, #4]
 1211 0396 0C88     		ldrh	r4, [r1]
 1212 0398 A41A     		subs	r4, r4, r2
 1213 039a 013C     		subs	r4, r4, #1
 1214 039c 24B2     		sxth	r4, r4
 1215 039e B0F806C0 		ldrh	ip, [r0, #6]
 1216 03a2 4288     		ldrh	r2, [r0, #2]
 1217 03a4 ACEB020C 		sub	ip, ip, r2
 1218 03a8 1FFA8CFC 		uxth	ip, ip
 1219 03ac 0CF1010C 		add	ip, ip, #1
 1220 03b0 CA88     		ldrh	r2, [r1, #6]
 1221 03b2 B1F802E0 		ldrh	lr, [r1, #2]
 1222 03b6 A2EB0E02 		sub	r2, r2, lr
 1223 03ba 92B2     		uxth	r2, r2
 1224 03bc 0132     		adds	r2, r2, #1
 1225 03be CCF3C03E 		ubfx	lr, ip, #15, #1
 1226 03c2 0EFA8CFC 		sxtah	ip, lr, ip
 1227 03c6 C2F3C03E 		ubfx	lr, r2, #15, #1
 1228 03ca 0EFA82FE 		sxtah	lr, lr, r2
 1229 03ce 4FEA6E0E 		asr	lr, lr, #1
 1230 03d2 CEEB6C0E 		rsb	lr, lr, ip, asr #1
ARM GAS  /var/folders/lp/x54gwt890xv47sdkqj1k04q40000gn/T//ccvWA7Wn.s 			page 22


 1231 03d6 0FFA8EFE 		sxth	lr, lr
 1232 03da 62E6     		b	.L80
 1233              	.L85:
 1234 03dc 8A88     		ldrh	r2, [r1, #4]
 1235 03de 0C88     		ldrh	r4, [r1]
 1236 03e0 A41A     		subs	r4, r4, r2
 1237 03e2 013C     		subs	r4, r4, #1
 1238 03e4 24B2     		sxth	r4, r4
 1239 03e6 B0F806E0 		ldrh	lr, [r0, #6]
 1240 03ea 4288     		ldrh	r2, [r0, #2]
 1241 03ec AEEB020E 		sub	lr, lr, r2
 1242 03f0 B1F806C0 		ldrh	ip, [r1, #6]
 1243 03f4 4A88     		ldrh	r2, [r1, #2]
 1244 03f6 A2EB0C02 		sub	r2, r2, ip
 1245 03fa 12FA8EFE 		uxtah	lr, r2, lr
 1246 03fe 0FFA8EFE 		sxth	lr, lr
 1247 0402 4EE6     		b	.L80
 1248              	.L84:
 1249 0404 8488     		ldrh	r4, [r0, #4]
 1250 0406 0288     		ldrh	r2, [r0]
 1251 0408 A41A     		subs	r4, r4, r2
 1252 040a A4B2     		uxth	r4, r4
 1253 040c 0134     		adds	r4, r4, #1
 1254 040e 24B2     		sxth	r4, r4
 1255 0410 4FF0000E 		mov	lr, #0
 1256 0414 45E6     		b	.L80
 1257              	.L83:
 1258 0416 8488     		ldrh	r4, [r0, #4]
 1259 0418 0288     		ldrh	r2, [r0]
 1260 041a A41A     		subs	r4, r4, r2
 1261 041c A4B2     		uxth	r4, r4
 1262 041e 0134     		adds	r4, r4, #1
 1263 0420 24B2     		sxth	r4, r4
 1264 0422 B0F806C0 		ldrh	ip, [r0, #6]
 1265 0426 4288     		ldrh	r2, [r0, #2]
 1266 0428 ACEB020C 		sub	ip, ip, r2
 1267 042c 1FFA8CFC 		uxth	ip, ip
 1268 0430 0CF1010C 		add	ip, ip, #1
 1269 0434 CA88     		ldrh	r2, [r1, #6]
 1270 0436 B1F802E0 		ldrh	lr, [r1, #2]
 1271 043a A2EB0E02 		sub	r2, r2, lr
 1272 043e 92B2     		uxth	r2, r2
 1273 0440 0132     		adds	r2, r2, #1
 1274 0442 CCF3C03E 		ubfx	lr, ip, #15, #1
 1275 0446 0EFA8CFC 		sxtah	ip, lr, ip
 1276 044a C2F3C03E 		ubfx	lr, r2, #15, #1
 1277 044e 0EFA82FE 		sxtah	lr, lr, r2
 1278 0452 4FEA6E0E 		asr	lr, lr, #1
 1279 0456 CEEB6C0E 		rsb	lr, lr, ip, asr #1
 1280 045a 0FFA8EFE 		sxth	lr, lr
 1281 045e 20E6     		b	.L80
 1282              	.L81:
 1283 0460 8488     		ldrh	r4, [r0, #4]
 1284 0462 0288     		ldrh	r2, [r0]
 1285 0464 A41A     		subs	r4, r4, r2
 1286 0466 A4B2     		uxth	r4, r4
 1287 0468 0134     		adds	r4, r4, #1
ARM GAS  /var/folders/lp/x54gwt890xv47sdkqj1k04q40000gn/T//ccvWA7Wn.s 			page 23


 1288 046a 24B2     		sxth	r4, r4
 1289 046c B0F806E0 		ldrh	lr, [r0, #6]
 1290 0470 4288     		ldrh	r2, [r0, #2]
 1291 0472 AEEB020E 		sub	lr, lr, r2
 1292 0476 B1F806C0 		ldrh	ip, [r1, #6]
 1293 047a 4A88     		ldrh	r2, [r1, #2]
 1294 047c A2EB0C02 		sub	r2, r2, ip
 1295 0480 12FA8EFE 		uxtah	lr, r2, lr
 1296 0484 0FFA8EFE 		sxth	lr, lr
 1297 0488 0BE6     		b	.L80
 1298              	.L102:
 1299 048a 4FF0000E 		mov	lr, #0
 1300 048e 7446     		mov	r4, lr
 1301 0490 07E6     		b	.L80
 1303              		.section	.text.lv_point_transform,"ax",%progbits
 1304              		.align	1
 1305              		.global	lv_point_transform
 1306              		.syntax unified
 1307              		.thumb
 1308              		.thumb_func
 1310              	lv_point_transform:
 1311              		@ args = 0, pretend = 0, frame = 8
 1312              		@ frame_needed = 0, uses_anonymous_args = 0
 1313 0000 2DE9F04F 		push	{r4, r5, r6, r7, r8, r9, r10, fp, lr}
 1314 0004 83B0     		sub	sp, sp, #12
 1315 0006 0446     		mov	r4, r0
 1316 0008 1746     		mov	r7, r2
 1317 000a 1E46     		mov	r6, r3
 1318 000c 8846     		mov	r8, r1
 1319 000e 11B9     		cbnz	r1, .L105
 1320 0010 B2F5807F 		cmp	r2, #256
 1321 0014 79D0     		beq	.L104
 1322              	.L105:
 1323 0016 2288     		ldrh	r2, [r4]
 1324 0018 3388     		ldrh	r3, [r6]
 1325 001a D21A     		subs	r2, r2, r3
 1326 001c 12B2     		sxth	r2, r2
 1327 001e 2280     		strh	r2, [r4]	@ movhi
 1328 0020 6388     		ldrh	r3, [r4, #2]
 1329 0022 7188     		ldrh	r1, [r6, #2]
 1330 0024 5B1A     		subs	r3, r3, r1
 1331 0026 1BB2     		sxth	r3, r3
 1332 0028 6380     		strh	r3, [r4, #2]	@ movhi
 1333 002a B8F1000F 		cmp	r8, #0
 1334 002e 6FD0     		beq	.L114
 1335 0030 4C4B     		ldr	r3, .L117
 1336 0032 1B68     		ldr	r3, [r3]
 1337 0034 4345     		cmp	r3, r8
 1338 0036 48D0     		beq	.L108
 1339 0038 B8F5616F 		cmp	r8, #3600
 1340 003c 75DD     		ble	.L109
 1341 003e A8F56165 		sub	r5, r8, #3600
 1342              	.L110:
 1343 0042 DFF82CA1 		ldr	r10, .L117+12
 1344 0046 8AFB0523 		smull	r2, r3, r10, r5
 1345 004a 4FEAE579 		asr	r9, r5, #31
 1346 004e C9EBA309 		rsb	r9, r9, r3, asr #2
ARM GAS  /var/folders/lp/x54gwt890xv47sdkqj1k04q40000gn/T//ccvWA7Wn.s 			page 24


 1347 0052 09F1010B 		add	fp, r9, #1
 1348 0056 6FF00903 		mvn	r3, #9
 1349 005a 03FB0955 		mla	r5, r3, r9, r5
 1350 005e 0FFA89F0 		sxth	r0, r9
 1351 0062 FFF7FEFF 		bl	lv_trigo_sin
 1352 0066 0090     		str	r0, [sp]
 1353 0068 0FFA8BF0 		sxth	r0, fp
 1354 006c FFF7FEFF 		bl	lv_trigo_sin
 1355 0070 0190     		str	r0, [sp, #4]
 1356 0072 09F15A00 		add	r0, r9, #90
 1357 0076 00B2     		sxth	r0, r0
 1358 0078 FFF7FEFF 		bl	lv_trigo_sin
 1359 007c 8146     		mov	r9, r0
 1360 007e 0BF15A00 		add	r0, fp, #90
 1361 0082 00B2     		sxth	r0, r0
 1362 0084 FFF7FEFF 		bl	lv_trigo_sin
 1363 0088 C5F10A01 		rsb	r1, r5, #10
 1364 008c 019B     		ldr	r3, [sp, #4]
 1365 008e 05FB03F3 		mul	r3, r5, r3
 1366 0092 009A     		ldr	r2, [sp]
 1367 0094 02FB0133 		mla	r3, r2, r1, r3
 1368 0098 8AFB03C2 		smull	ip, r2, r10, r3
 1369 009c DB17     		asrs	r3, r3, #31
 1370 009e C3EBA203 		rsb	r3, r3, r2, asr #2
 1371 00a2 314A     		ldr	r2, .L117+4
 1372 00a4 1360     		str	r3, [r2]
 1373 00a6 00FB05F5 		mul	r5, r0, r5
 1374 00aa 09FB0155 		mla	r5, r9, r1, r5
 1375 00ae 8AFB051A 		smull	r1, r10, r10, r5
 1376 00b2 ED17     		asrs	r5, r5, #31
 1377 00b4 C5EBAA05 		rsb	r5, r5, r10, asr #2
 1378 00b8 2C49     		ldr	r1, .L117+8
 1379 00ba 0D60     		str	r5, [r1]
 1380 00bc 5B11     		asrs	r3, r3, #5
 1381 00be 1360     		str	r3, [r2]
 1382 00c0 6D11     		asrs	r5, r5, #5
 1383 00c2 0D60     		str	r5, [r1]
 1384 00c4 274B     		ldr	r3, .L117
 1385 00c6 C3F80080 		str	r8, [r3]
 1386              	.L108:
 1387 00ca B4F90010 		ldrsh	r1, [r4]
 1388 00ce B4F90200 		ldrsh	r0, [r4, #2]
 1389 00d2 B7F5807F 		cmp	r7, #256
 1390 00d6 30D0     		beq	.L115
 1391 00d8 244B     		ldr	r3, .L117+8
 1392 00da 1B68     		ldr	r3, [r3]
 1393 00dc 01FB03F2 		mul	r2, r1, r3
 1394 00e0 214D     		ldr	r5, .L117+4
 1395 00e2 D5F800C0 		ldr	ip, [r5]
 1396 00e6 00FB1C22 		mls	r2, r0, ip, r2
 1397 00ea 07FB02F2 		mul	r2, r7, r2
 1398 00ee 3588     		ldrh	r5, [r6]
 1399 00f0 05EBA242 		add	r2, r5, r2, asr #18
 1400 00f4 2280     		strh	r2, [r4]	@ movhi
 1401 00f6 00FB03F3 		mul	r3, r0, r3
 1402 00fa 01FB0C33 		mla	r3, r1, ip, r3
 1403 00fe 07FB03F3 		mul	r3, r7, r3
ARM GAS  /var/folders/lp/x54gwt890xv47sdkqj1k04q40000gn/T//ccvWA7Wn.s 			page 25


 1404 0102 7288     		ldrh	r2, [r6, #2]
 1405 0104 02EBA343 		add	r3, r2, r3, asr #18
 1406 0108 6380     		strh	r3, [r4, #2]	@ movhi
 1407              	.L104:
 1408 010a 03B0     		add	sp, sp, #12
 1409              		@ sp needed
 1410 010c BDE8F08F 		pop	{r4, r5, r6, r7, r8, r9, r10, fp, pc}
 1411              	.L114:
 1412 0110 07FB02F2 		mul	r2, r7, r2
 1413 0114 3188     		ldrh	r1, [r6]
 1414 0116 01EB2222 		add	r2, r1, r2, asr #8
 1415 011a 2280     		strh	r2, [r4]	@ movhi
 1416 011c 07FB03F3 		mul	r3, r7, r3
 1417 0120 7288     		ldrh	r2, [r6, #2]
 1418 0122 02EB2323 		add	r3, r2, r3, asr #8
 1419 0126 6380     		strh	r3, [r4, #2]	@ movhi
 1420 0128 EFE7     		b	.L104
 1421              	.L109:
 1422 012a B8F1000F 		cmp	r8, #0
 1423 012e 01DB     		blt	.L116
 1424 0130 4546     		mov	r5, r8
 1425 0132 86E7     		b	.L110
 1426              	.L116:
 1427 0134 08F56165 		add	r5, r8, #3600
 1428 0138 83E7     		b	.L110
 1429              	.L115:
 1430 013a 0C4B     		ldr	r3, .L117+8
 1431 013c 1B68     		ldr	r3, [r3]
 1432 013e 01FB03F5 		mul	r5, r1, r3
 1433 0142 094A     		ldr	r2, .L117+4
 1434 0144 1768     		ldr	r7, [r2]
 1435 0146 00FB1755 		mls	r5, r0, r7, r5
 1436 014a 3288     		ldrh	r2, [r6]
 1437 014c 02EBA522 		add	r2, r2, r5, asr #10
 1438 0150 2280     		strh	r2, [r4]	@ movhi
 1439 0152 00FB03F3 		mul	r3, r0, r3
 1440 0156 01FB0733 		mla	r3, r1, r7, r3
 1441 015a 7288     		ldrh	r2, [r6, #2]
 1442 015c 02EBA323 		add	r3, r2, r3, asr #10
 1443 0160 6380     		strh	r3, [r4, #2]	@ movhi
 1444 0162 D2E7     		b	.L104
 1445              	.L118:
 1446              		.align	2
 1447              	.L117:
 1448 0164 00000000 		.word	angle_prev.2
 1449 0168 00000000 		.word	sinma.1
 1450 016c 00000000 		.word	cosma.0
 1451 0170 67666666 		.word	1717986919
 1453              		.section	.bss.cosma.0,"aw",%nobits
 1454              		.align	2
 1457              	cosma.0:
 1458 0000 00000000 		.space	4
 1459              		.section	.bss.sinma.1,"aw",%nobits
 1460              		.align	2
 1463              	sinma.1:
 1464 0000 00000000 		.space	4
 1465              		.section	.data.angle_prev.2,"aw"
ARM GAS  /var/folders/lp/x54gwt890xv47sdkqj1k04q40000gn/T//ccvWA7Wn.s 			page 26


 1466              		.align	2
 1469              	angle_prev.2:
 1470 0000 00000080 		.word	-2147483648
 1471              		.ident	"GCC: (xPack GNU Arm Embedded GCC arm64) 13.3.1 20240614"
ARM GAS  /var/folders/lp/x54gwt890xv47sdkqj1k04q40000gn/T//ccvWA7Wn.s 			page 27


DEFINED SYMBOLS
                            *ABS*:00000000 lv_area.c
/var/folders/lp/x54gwt890xv47sdkqj1k04q40000gn/T//ccvWA7Wn.s:18     .text.lv_point_within_circle:00000000 $t
/var/folders/lp/x54gwt890xv47sdkqj1k04q40000gn/T//ccvWA7Wn.s:23     .text.lv_point_within_circle:00000000 lv_point_within_circle
/var/folders/lp/x54gwt890xv47sdkqj1k04q40000gn/T//ccvWA7Wn.s:55     .text.lv_area_set:00000000 $t
/var/folders/lp/x54gwt890xv47sdkqj1k04q40000gn/T//ccvWA7Wn.s:61     .text.lv_area_set:00000000 lv_area_set
/var/folders/lp/x54gwt890xv47sdkqj1k04q40000gn/T//ccvWA7Wn.s:73     .text.lv_area_set_width:00000000 $t
/var/folders/lp/x54gwt890xv47sdkqj1k04q40000gn/T//ccvWA7Wn.s:79     .text.lv_area_set_width:00000000 lv_area_set_width
/var/folders/lp/x54gwt890xv47sdkqj1k04q40000gn/T//ccvWA7Wn.s:91     .text.lv_area_set_height:00000000 $t
/var/folders/lp/x54gwt890xv47sdkqj1k04q40000gn/T//ccvWA7Wn.s:97     .text.lv_area_set_height:00000000 lv_area_set_height
/var/folders/lp/x54gwt890xv47sdkqj1k04q40000gn/T//ccvWA7Wn.s:109    .text._lv_area_set_pos:00000000 $t
/var/folders/lp/x54gwt890xv47sdkqj1k04q40000gn/T//ccvWA7Wn.s:115    .text._lv_area_set_pos:00000000 _lv_area_set_pos
/var/folders/lp/x54gwt890xv47sdkqj1k04q40000gn/T//ccvWA7Wn.s:141    .text.lv_area_get_size:00000000 $t
/var/folders/lp/x54gwt890xv47sdkqj1k04q40000gn/T//ccvWA7Wn.s:147    .text.lv_area_get_size:00000000 lv_area_get_size
/var/folders/lp/x54gwt890xv47sdkqj1k04q40000gn/T//ccvWA7Wn.s:162    .text.lv_area_increase:00000000 $t
/var/folders/lp/x54gwt890xv47sdkqj1k04q40000gn/T//ccvWA7Wn.s:168    .text.lv_area_increase:00000000 lv_area_increase
/var/folders/lp/x54gwt890xv47sdkqj1k04q40000gn/T//ccvWA7Wn.s:189    .text.lv_area_move:00000000 $t
/var/folders/lp/x54gwt890xv47sdkqj1k04q40000gn/T//ccvWA7Wn.s:195    .text.lv_area_move:00000000 lv_area_move
/var/folders/lp/x54gwt890xv47sdkqj1k04q40000gn/T//ccvWA7Wn.s:216    .text._lv_area_intersect:00000000 $t
/var/folders/lp/x54gwt890xv47sdkqj1k04q40000gn/T//ccvWA7Wn.s:222    .text._lv_area_intersect:00000000 _lv_area_intersect
/var/folders/lp/x54gwt890xv47sdkqj1k04q40000gn/T//ccvWA7Wn.s:265    .text._lv_area_join:00000000 $t
/var/folders/lp/x54gwt890xv47sdkqj1k04q40000gn/T//ccvWA7Wn.s:271    .text._lv_area_join:00000000 _lv_area_join
/var/folders/lp/x54gwt890xv47sdkqj1k04q40000gn/T//ccvWA7Wn.s:302    .text._lv_area_is_point_on:00000000 $t
/var/folders/lp/x54gwt890xv47sdkqj1k04q40000gn/T//ccvWA7Wn.s:308    .text._lv_area_is_point_on:00000000 _lv_area_is_point_on
/var/folders/lp/x54gwt890xv47sdkqj1k04q40000gn/T//ccvWA7Wn.s:462    .text._lv_area_is_on:00000000 $t
/var/folders/lp/x54gwt890xv47sdkqj1k04q40000gn/T//ccvWA7Wn.s:468    .text._lv_area_is_on:00000000 _lv_area_is_on
/var/folders/lp/x54gwt890xv47sdkqj1k04q40000gn/T//ccvWA7Wn.s:504    .text._lv_area_is_in:00000000 $t
/var/folders/lp/x54gwt890xv47sdkqj1k04q40000gn/T//ccvWA7Wn.s:510    .text._lv_area_is_in:00000000 _lv_area_is_in
/var/folders/lp/x54gwt890xv47sdkqj1k04q40000gn/T//ccvWA7Wn.s:584    .text._lv_area_diff:00000000 $t
/var/folders/lp/x54gwt890xv47sdkqj1k04q40000gn/T//ccvWA7Wn.s:590    .text._lv_area_diff:00000000 _lv_area_diff
/var/folders/lp/x54gwt890xv47sdkqj1k04q40000gn/T//ccvWA7Wn.s:734    .text._lv_area_is_out:00000000 $t
/var/folders/lp/x54gwt890xv47sdkqj1k04q40000gn/T//ccvWA7Wn.s:740    .text._lv_area_is_out:00000000 _lv_area_is_out
/var/folders/lp/x54gwt890xv47sdkqj1k04q40000gn/T//ccvWA7Wn.s:826    .text._lv_area_is_equal:00000000 $t
/var/folders/lp/x54gwt890xv47sdkqj1k04q40000gn/T//ccvWA7Wn.s:832    .text._lv_area_is_equal:00000000 _lv_area_is_equal
/var/folders/lp/x54gwt890xv47sdkqj1k04q40000gn/T//ccvWA7Wn.s:868    .text.lv_area_align:00000000 $t
/var/folders/lp/x54gwt890xv47sdkqj1k04q40000gn/T//ccvWA7Wn.s:874    .text.lv_area_align:00000000 lv_area_align
/var/folders/lp/x54gwt890xv47sdkqj1k04q40000gn/T//ccvWA7Wn.s:883    .text.lv_area_align:0000000e $d
/var/folders/lp/x54gwt890xv47sdkqj1k04q40000gn/T//ccvWA7Wn.s:903    .text.lv_area_align:00000036 $t
/var/folders/lp/x54gwt890xv47sdkqj1k04q40000gn/T//ccvWA7Wn.s:1304   .text.lv_point_transform:00000000 $t
/var/folders/lp/x54gwt890xv47sdkqj1k04q40000gn/T//ccvWA7Wn.s:1310   .text.lv_point_transform:00000000 lv_point_transform
/var/folders/lp/x54gwt890xv47sdkqj1k04q40000gn/T//ccvWA7Wn.s:1448   .text.lv_point_transform:00000164 $d
/var/folders/lp/x54gwt890xv47sdkqj1k04q40000gn/T//ccvWA7Wn.s:1469   .data.angle_prev.2:00000000 angle_prev.2
/var/folders/lp/x54gwt890xv47sdkqj1k04q40000gn/T//ccvWA7Wn.s:1463   .bss.sinma.1:00000000 sinma.1
/var/folders/lp/x54gwt890xv47sdkqj1k04q40000gn/T//ccvWA7Wn.s:1457   .bss.cosma.0:00000000 cosma.0
/var/folders/lp/x54gwt890xv47sdkqj1k04q40000gn/T//ccvWA7Wn.s:1454   .bss.cosma.0:00000000 $d
/var/folders/lp/x54gwt890xv47sdkqj1k04q40000gn/T//ccvWA7Wn.s:1460   .bss.sinma.1:00000000 $d
/var/folders/lp/x54gwt890xv47sdkqj1k04q40000gn/T//ccvWA7Wn.s:1466   .data.angle_prev.2:00000000 $d

UNDEFINED SYMBOLS
lv_trigo_sin
