ARM GAS  /var/folders/lp/x54gwt890xv47sdkqj1k04q40000gn/T//cc5Bfcmv.s 			page 1


   1              		.cpu cortex-m4
   2              		.arch armv7e-m
   3              		.fpu fpv4-sp-d16
   4              		.eabi_attribute 27, 1
   5              		.eabi_attribute 28, 1
   6              		.eabi_attribute 20, 1
   7              		.eabi_attribute 21, 1
   8              		.eabi_attribute 23, 3
   9              		.eabi_attribute 24, 1
  10              		.eabi_attribute 25, 1
  11              		.eabi_attribute 26, 1
  12              		.eabi_attribute 30, 1
  13              		.eabi_attribute 34, 1
  14              		.eabi_attribute 18, 4
  15              		.file	"lv_arc.c"
  16              		.text
  17              		.section	.text.get_angle,"ax",%progbits
  18              		.align	1
  19              		.syntax unified
  20              		.thumb
  21              		.thumb_func
  23              	get_angle:
  24              		@ args = 0, pretend = 0, frame = 0
  25              		@ frame_needed = 0, uses_anonymous_args = 0
  26 0000 828C     		ldrh	r2, [r0, #36]
  27 0002 90F83430 		ldrb	r3, [r0, #52]	@ zero_extendqisi2
  28 0006 13F00603 		ands	r3, r3, #6
  29 000a 04D1     		bne	.L2
  30 000c 038D     		ldrh	r3, [r0, #40]
  31 000e 1344     		add	r3, r3, r2
  32 0010 9AB2     		uxth	r2, r3
  33              	.L10:
  34 0012 10B2     		sxth	r0, r2
  35 0014 7047     		bx	lr
  36              	.L2:
  37 0016 042B     		cmp	r3, #4
  38 0018 21D0     		beq	.L13
  39 001a 022B     		cmp	r3, #2
  40 001c F9D1     		bne	.L10
  41 001e 10B5     		push	{r4, lr}
  42 0020 818D     		ldrh	r1, [r0, #44]
  43 0022 B0F92C40 		ldrsh	r4, [r0, #44]
  44 0026 438D     		ldrh	r3, [r0, #42]
  45 0028 9942     		cmp	r1, r3
  46 002a 02D2     		bcs	.L5
  47 002c 01F5B471 		add	r1, r1, #360
  48 0030 0CB2     		sxth	r4, r1
  49              	.L5:
  50 0032 B0F828C0 		ldrh	ip, [r0, #40]
  51 0036 B0F928E0 		ldrsh	lr, [r0, #40]
  52 003a C18C     		ldrh	r1, [r0, #38]
  53 003c 8C45     		cmp	ip, r1
  54 003e 03D2     		bcs	.L6
  55 0040 0CF5B47E 		add	lr, ip, #360
  56 0044 0FFA8EFE 		sxth	lr, lr
  57              	.L6:
  58 0048 2344     		add	r3, r3, r4
ARM GAS  /var/folders/lp/x54gwt890xv47sdkqj1k04q40000gn/T//cc5Bfcmv.s 			page 2


  59 004a 03EBD373 		add	r3, r3, r3, lsr #31
  60 004e 5810     		asrs	r0, r3, #1
  61 0050 B1EB630F 		cmp	r1, r3, asr #1
  62 0054 07DA     		bge	.L7
  63 0056 1144     		add	r1, r1, r2
  64 0058 8AB2     		uxth	r2, r1
  65              	.L3:
  66 005a 10B2     		sxth	r0, r2
  67 005c 10BD     		pop	{r4, pc}
  68              	.L13:
  69 005e C38C     		ldrh	r3, [r0, #38]
  70 0060 1344     		add	r3, r3, r2
  71 0062 9AB2     		uxth	r2, r3
  72 0064 D5E7     		b	.L10
  73              	.L7:
  74 0066 8645     		cmp	lr, r0
  75 0068 03DD     		ble	.L8
  76 006a 9444     		add	ip, ip, r2
  77 006c 1FFA8CF2 		uxth	r2, ip
  78 0070 F3E7     		b	.L3
  79              	.L8:
  80 0072 1044     		add	r0, r0, r2
  81 0074 82B2     		uxth	r2, r0
  82 0076 F0E7     		b	.L3
  84              		.section	.text.lv_arc_angle_within_bg_bounds,"ax",%progbits
  85              		.align	1
  86              		.syntax unified
  87              		.thumb
  88              		.thumb_func
  90              	lv_arc_angle_within_bg_bounds:
  91              		@ args = 0, pretend = 0, frame = 0
  92              		@ frame_needed = 0, uses_anonymous_args = 0
  93 0000 00B5     		push	{lr}
  94 0002 B0F82AE0 		ldrh	lr, [r0, #42]
  95 0006 838D     		ldrh	r3, [r0, #44]
  96 0008 9E45     		cmp	lr, r3
  97 000a 03D2     		bcs	.L15
  98 000c F446     		mov	ip, lr
  99 000e 8E45     		cmp	lr, r1
 100 0010 05D9     		bls	.L16
 101 0012 06E0     		b	.L17
 102              	.L15:
 103 0014 CEF5B47E 		rsb	lr, lr, #360
 104 0018 7344     		add	r3, r3, lr
 105 001a 4FF0000C 		mov	ip, #0
 106              	.L16:
 107 001e 8B42     		cmp	r3, r1
 108 0020 29D2     		bcs	.L29
 109              	.L17:
 110 0022 9445     		cmp	ip, r2
 111 0024 42D0     		beq	.L30
 112              	.L21:
 113 0026 9445     		cmp	ip, r2
 114 0028 06D3     		bcc	.L22
 115 002a C2F5B47E 		rsb	lr, r2, #360
 116 002e 8E45     		cmp	lr, r1
 117 0030 02D8     		bhi	.L22
ARM GAS  /var/folders/lp/x54gwt890xv47sdkqj1k04q40000gn/T//cc5Bfcmv.s 			page 3


 118 0032 B1F5B47F 		cmp	r1, #360
 119 0036 4DD9     		bls	.L31
 120              	.L22:
 121 0038 9445     		cmp	ip, r2
 122 003a 08D2     		bcs	.L23
 123 003c ACEB020E 		sub	lr, ip, r2
 124 0040 0EF5B47E 		add	lr, lr, #360
 125 0044 8E45     		cmp	lr, r1
 126 0046 02D8     		bhi	.L23
 127 0048 B1F5B47F 		cmp	r1, #360
 128 004c 4FD9     		bls	.L32
 129              	.L23:
 130 004e 1A44     		add	r2, r2, r3
 131 0050 B2F5B47F 		cmp	r2, #360
 132 0054 04D8     		bhi	.L24
 133 0056 8C44     		add	ip, ip, r1
 134 0058 9C45     		cmp	ip, r3
 135 005a 01D3     		bcc	.L24
 136 005c 6245     		cmp	r2, ip
 137 005e 53D2     		bcs	.L33
 138              	.L24:
 139 0060 B2F5B47F 		cmp	r2, #360
 140 0064 6AD9     		bls	.L25
 141 0066 A2F5B472 		sub	r2, r2, #360
 142 006a 8A42     		cmp	r2, r1
 143 006c 68D3     		bcc	.L26
 144 006e 8B42     		cmp	r3, r1
 145 0070 57D3     		bcc	.L34
 146 0072 0020     		movs	r0, #0
 147 0074 11E0     		b	.L20
 148              	.L29:
 149 0076 A3EB0C03 		sub	r3, r3, ip
 150 007a B1EB530F 		cmp	r1, r3, lsr #1
 151 007e 0ED8     		bhi	.L18
 152 0080 90F83430 		ldrb	r3, [r0, #52]	@ zero_extendqisi2
 153 0084 43F00803 		orr	r3, r3, #8
 154 0088 80F83430 		strb	r3, [r0, #52]
 155              	.L19:
 156 008c 90F83430 		ldrb	r3, [r0, #52]	@ zero_extendqisi2
 157 0090 43F01003 		orr	r3, r3, #16
 158 0094 80F83430 		strb	r3, [r0, #52]
 159 0098 0120     		movs	r0, #1
 160              	.L20:
 161 009a 5DF804FB 		ldr	pc, [sp], #4
 162              	.L18:
 163 009e 90F83430 		ldrb	r3, [r0, #52]	@ zero_extendqisi2
 164 00a2 23F00803 		bic	r3, r3, #8
 165 00a6 80F83430 		strb	r3, [r0, #52]
 166 00aa EFE7     		b	.L19
 167              	.L30:
 168 00ac A2EB0C0E 		sub	lr, r2, ip
 169 00b0 AEEB030E 		sub	lr, lr, r3
 170 00b4 1EF5B47F 		cmn	lr, #360
 171 00b8 B5D0     		beq	.L21
 172 00ba 90F83430 		ldrb	r3, [r0, #52]	@ zero_extendqisi2
 173 00be 43F00803 		orr	r3, r3, #8
 174 00c2 80F83430 		strb	r3, [r0, #52]
ARM GAS  /var/folders/lp/x54gwt890xv47sdkqj1k04q40000gn/T//cc5Bfcmv.s 			page 4


 175 00c6 DBB2     		uxtb	r3, r3
 176 00c8 43F01003 		orr	r3, r3, #16
 177 00cc 80F83430 		strb	r3, [r0, #52]
 178 00d0 0120     		movs	r0, #1
 179 00d2 E2E7     		b	.L20
 180              	.L31:
 181 00d4 90F83430 		ldrb	r3, [r0, #52]	@ zero_extendqisi2
 182 00d8 43F00803 		orr	r3, r3, #8
 183 00dc 80F83430 		strb	r3, [r0, #52]
 184 00e0 DBB2     		uxtb	r3, r3
 185 00e2 23F01003 		bic	r3, r3, #16
 186 00e6 80F83430 		strb	r3, [r0, #52]
 187 00ea 0120     		movs	r0, #1
 188 00ec D5E7     		b	.L20
 189              	.L32:
 190 00ee 90F83430 		ldrb	r3, [r0, #52]	@ zero_extendqisi2
 191 00f2 43F00803 		orr	r3, r3, #8
 192 00f6 80F83430 		strb	r3, [r0, #52]
 193 00fa DBB2     		uxtb	r3, r3
 194 00fc 23F01003 		bic	r3, r3, #16
 195 0100 80F83430 		strb	r3, [r0, #52]
 196 0104 0120     		movs	r0, #1
 197 0106 C8E7     		b	.L20
 198              	.L33:
 199 0108 90F83430 		ldrb	r3, [r0, #52]	@ zero_extendqisi2
 200 010c 23F00803 		bic	r3, r3, #8
 201 0110 80F83430 		strb	r3, [r0, #52]
 202 0114 DBB2     		uxtb	r3, r3
 203 0116 23F01003 		bic	r3, r3, #16
 204 011a 80F83430 		strb	r3, [r0, #52]
 205 011e 0120     		movs	r0, #1
 206 0120 BBE7     		b	.L20
 207              	.L34:
 208 0122 90F83430 		ldrb	r3, [r0, #52]	@ zero_extendqisi2
 209 0126 23F00803 		bic	r3, r3, #8
 210 012a 80F83430 		strb	r3, [r0, #52]
 211 012e DBB2     		uxtb	r3, r3
 212 0130 23F01003 		bic	r3, r3, #16
 213 0134 80F83430 		strb	r3, [r0, #52]
 214 0138 0120     		movs	r0, #1
 215 013a AEE7     		b	.L20
 216              	.L25:
 217 013c 0020     		movs	r0, #0
 218 013e ACE7     		b	.L20
 219              	.L26:
 220 0140 0020     		movs	r0, #0
 221 0142 AAE7     		b	.L20
 223              		.section	.text.get_center,"ax",%progbits
 224              		.align	1
 225              		.syntax unified
 226              		.thumb
 227              		.thumb_func
 229              	get_center:
 230              		@ args = 0, pretend = 0, frame = 8
 231              		@ frame_needed = 0, uses_anonymous_args = 0
 232 0000 2DE9F04F 		push	{r4, r5, r6, r7, r8, r9, r10, fp, lr}
 233 0004 83B0     		sub	sp, sp, #12
ARM GAS  /var/folders/lp/x54gwt890xv47sdkqj1k04q40000gn/T//cc5Bfcmv.s 			page 5


 234 0006 0446     		mov	r4, r0
 235 0008 0E46     		mov	r6, r1
 236 000a 1746     		mov	r7, r2
 237 000c 1222     		movs	r2, #18
 238 000e 0021     		movs	r1, #0
 239 0010 FFF7FEFF 		bl	lv_obj_get_style_prop
 240 0014 0190     		str	r0, [sp, #4]
 241 0016 0FFA80FB 		sxth	fp, r0
 242 001a 1322     		movs	r2, #19
 243 001c 0021     		movs	r1, #0
 244 001e 2046     		mov	r0, r4
 245 0020 FFF7FEFF 		bl	lv_obj_get_style_prop
 246 0024 0FFA80F9 		sxth	r9, r0
 247 0028 1022     		movs	r2, #16
 248 002a 0021     		movs	r1, #0
 249 002c 2046     		mov	r0, r4
 250 002e FFF7FEFF 		bl	lv_obj_get_style_prop
 251 0032 0090     		str	r0, [sp]
 252 0034 0FFA80FA 		sxth	r10, r0
 253 0038 1122     		movs	r2, #17
 254 003a 0021     		movs	r1, #0
 255 003c 2046     		mov	r0, r4
 256 003e FFF7FEFF 		bl	lv_obj_get_style_prop
 257 0042 0FFA80F8 		sxth	r8, r0
 258 0046 2046     		mov	r0, r4
 259 0048 FFF7FEFF 		bl	lv_obj_get_width
 260 004c A0EB0B05 		sub	r5, r0, fp
 261 0050 A5EB0905 		sub	r5, r5, r9
 262 0054 2046     		mov	r0, r4
 263 0056 FFF7FEFF 		bl	lv_obj_get_height
 264 005a A0EB0A00 		sub	r0, r0, r10
 265 005e A0EB0800 		sub	r0, r0, r8
 266 0062 8542     		cmp	r5, r0
 267 0064 1CDA     		bge	.L36
 268 0066 2046     		mov	r0, r4
 269 0068 FFF7FEFF 		bl	lv_obj_get_width
 270 006c A0EB0B03 		sub	r3, r0, fp
 271 0070 A3EB0903 		sub	r3, r3, r9
 272 0074 03EBD373 		add	r3, r3, r3, lsr #31
 273 0078 43F34F03 		sbfx	r3, r3, #1, #16
 274              	.L37:
 275 007c A18A     		ldrh	r1, [r4, #20]
 276 007e 9AB2     		uxth	r2, r3
 277 0080 1144     		add	r1, r1, r2
 278 0082 0198     		ldr	r0, [sp, #4]
 279 0084 10FA81F1 		uxtah	r1, r0, r1
 280 0088 3180     		strh	r1, [r6]	@ movhi
 281 008a E18A     		ldrh	r1, [r4, #22]
 282 008c 0A44     		add	r2, r2, r1
 283 008e 0099     		ldr	r1, [sp]
 284 0090 11FA82F2 		uxtah	r2, r1, r2
 285 0094 7280     		strh	r2, [r6, #2]	@ movhi
 286 0096 07B1     		cbz	r7, .L35
 287 0098 3B80     		strh	r3, [r7]	@ movhi
 288              	.L35:
 289 009a 03B0     		add	sp, sp, #12
 290              		@ sp needed
ARM GAS  /var/folders/lp/x54gwt890xv47sdkqj1k04q40000gn/T//cc5Bfcmv.s 			page 6


 291 009c BDE8F08F 		pop	{r4, r5, r6, r7, r8, r9, r10, fp, pc}
 292              	.L36:
 293 00a0 2046     		mov	r0, r4
 294 00a2 FFF7FEFF 		bl	lv_obj_get_height
 295 00a6 A0EB0A03 		sub	r3, r0, r10
 296 00aa A3EB0803 		sub	r3, r3, r8
 297 00ae 03EBD373 		add	r3, r3, r3, lsr #31
 298 00b2 43F34F03 		sbfx	r3, r3, #1, #16
 299 00b6 E1E7     		b	.L37
 301              		.section	.text.knob_get_extra_size,"ax",%progbits
 302              		.align	1
 303              		.syntax unified
 304              		.thumb
 305              		.thumb_func
 307              	knob_get_extra_size:
 308              		@ args = 0, pretend = 0, frame = 0
 309              		@ frame_needed = 0, uses_anonymous_args = 0
 310 0000 70B5     		push	{r4, r5, r6, lr}
 311 0002 0546     		mov	r5, r0
 312 0004 4022     		movs	r2, #64
 313 0006 4FF44031 		mov	r1, #196608
 314 000a FFF7FEFF 		bl	lv_obj_get_style_prop
 315 000e 0446     		mov	r4, r0
 316 0010 4322     		movs	r2, #67
 317 0012 4FF44031 		mov	r1, #196608
 318 0016 2846     		mov	r0, r5
 319 0018 FFF7FEFF 		bl	lv_obj_get_style_prop
 320 001c 14FA80F4 		uxtah	r4, r4, r0
 321 0020 A4B2     		uxth	r4, r4
 322 0022 4122     		movs	r2, #65
 323 0024 4FF44031 		mov	r1, #196608
 324 0028 2846     		mov	r0, r5
 325 002a FFF7FEFF 		bl	lv_obj_get_style_prop
 326 002e 00B2     		sxth	r0, r0
 327 0030 0028     		cmp	r0, #0
 328 0032 2EDD     		ble	.L41
 329 0034 4122     		movs	r2, #65
 330 0036 4FF44031 		mov	r1, #196608
 331 003a 2846     		mov	r0, r5
 332 003c FFF7FEFF 		bl	lv_obj_get_style_prop
 333 0040 00B2     		sxth	r0, r0
 334              	.L42:
 335 0042 0444     		add	r4, r4, r0
 336 0044 A4B2     		uxth	r4, r4
 337 0046 4222     		movs	r2, #66
 338 0048 4FF44031 		mov	r1, #196608
 339 004c 2846     		mov	r0, r5
 340 004e FFF7FEFF 		bl	lv_obj_get_style_prop
 341 0052 00B2     		sxth	r0, r0
 342 0054 0028     		cmp	r0, #0
 343 0056 25DD     		ble	.L43
 344 0058 4222     		movs	r2, #66
 345 005a 4FF44031 		mov	r1, #196608
 346 005e 2846     		mov	r0, r5
 347 0060 FFF7FEFF 		bl	lv_obj_get_style_prop
 348 0064 00B2     		sxth	r0, r0
 349              	.L44:
ARM GAS  /var/folders/lp/x54gwt890xv47sdkqj1k04q40000gn/T//cc5Bfcmv.s 			page 7


 350 0066 0444     		add	r4, r4, r0
 351 0068 24B2     		sxth	r4, r4
 352 006a 3522     		movs	r2, #53
 353 006c 4FF44031 		mov	r1, #196608
 354 0070 2846     		mov	r0, r5
 355 0072 FFF7FEFF 		bl	lv_obj_get_style_prop
 356 0076 0646     		mov	r6, r0
 357 0078 3822     		movs	r2, #56
 358 007a 4FF44031 		mov	r1, #196608
 359 007e 2846     		mov	r0, r5
 360 0080 FFF7FEFF 		bl	lv_obj_get_style_prop
 361 0084 16FA80F0 		uxtah	r0, r6, r0
 362 0088 00B2     		sxth	r0, r0
 363 008a A042     		cmp	r0, r4
 364 008c B8BF     		it	lt
 365 008e 2046     		movlt	r0, r4
 366 0090 70BD     		pop	{r4, r5, r6, pc}
 367              	.L41:
 368 0092 4122     		movs	r2, #65
 369 0094 4FF44031 		mov	r1, #196608
 370 0098 2846     		mov	r0, r5
 371 009a FFF7FEFF 		bl	lv_obj_get_style_prop
 372 009e 00B2     		sxth	r0, r0
 373 00a0 4042     		rsbs	r0, r0, #0
 374 00a2 CEE7     		b	.L42
 375              	.L43:
 376 00a4 4222     		movs	r2, #66
 377 00a6 4FF44031 		mov	r1, #196608
 378 00aa 2846     		mov	r0, r5
 379 00ac FFF7FEFF 		bl	lv_obj_get_style_prop
 380 00b0 00B2     		sxth	r0, r0
 381 00b2 4042     		rsbs	r0, r0, #0
 382 00b4 D7E7     		b	.L44
 384              		.section	.text.get_knob_area,"ax",%progbits
 385              		.align	1
 386              		.syntax unified
 387              		.thumb
 388              		.thumb_func
 390              	get_knob_area:
 391              		@ args = 0, pretend = 0, frame = 8
 392              		@ frame_needed = 0, uses_anonymous_args = 0
 393 0000 2DE9F04F 		push	{r4, r5, r6, r7, r8, r9, r10, fp, lr}
 394 0004 83B0     		sub	sp, sp, #12
 395 0006 0746     		mov	r7, r0
 396 0008 8946     		mov	r9, r1
 397 000a 1446     		mov	r4, r2
 398 000c 9846     		mov	r8, r3
 399 000e 5022     		movs	r2, #80
 400 0010 4FF40031 		mov	r1, #131072
 401 0014 FFF7FEFF 		bl	lv_obj_get_style_prop
 402 0018 C0F3C033 		ubfx	r3, r0, #15, #1
 403 001c 03FA80F0 		sxtah	r0, r3, r0
 404 0020 C0F34F06 		ubfx	r6, r0, #1, #16
 405 0024 A41B     		subs	r4, r4, r6
 406 0026 24B2     		sxth	r4, r4
 407 0028 3846     		mov	r0, r7
 408 002a FFF7FEFF 		bl	get_angle
ARM GAS  /var/folders/lp/x54gwt890xv47sdkqj1k04q40000gn/T//cc5Bfcmv.s 			page 8


 409 002e 8246     		mov	r10, r0
 410 0030 5A30     		adds	r0, r0, #90
 411 0032 00B2     		sxth	r0, r0
 412 0034 FFF7FEFF 		bl	lv_trigo_sin
 413 0038 00FB04F5 		mul	r5, r0, r4
 414 003c ED13     		asrs	r5, r5, #15
 415 003e 5046     		mov	r0, r10
 416 0040 FFF7FEFF 		bl	lv_trigo_sin
 417 0044 00FB04F4 		mul	r4, r0, r4
 418 0048 E413     		asrs	r4, r4, #15
 419 004a 1222     		movs	r2, #18
 420 004c 4FF44031 		mov	r1, #196608
 421 0050 3846     		mov	r0, r7
 422 0052 FFF7FEFF 		bl	lv_obj_get_style_prop
 423 0056 8346     		mov	fp, r0
 424 0058 1322     		movs	r2, #19
 425 005a 4FF44031 		mov	r1, #196608
 426 005e 3846     		mov	r0, r7
 427 0060 FFF7FEFF 		bl	lv_obj_get_style_prop
 428 0064 8246     		mov	r10, r0
 429 0066 1022     		movs	r2, #16
 430 0068 4FF44031 		mov	r1, #196608
 431 006c 3846     		mov	r0, r7
 432 006e FFF7FEFF 		bl	lv_obj_get_style_prop
 433 0072 0190     		str	r0, [sp, #4]
 434 0074 1122     		movs	r2, #17
 435 0076 4FF44031 		mov	r1, #196608
 436 007a 3846     		mov	r0, r7
 437 007c FFF7FEFF 		bl	lv_obj_get_style_prop
 438 0080 B9F80030 		ldrh	r3, [r9]
 439 0084 ADB2     		uxth	r5, r5
 440 0086 2B44     		add	r3, r3, r5
 441 0088 9BB2     		uxth	r3, r3
 442 008a A3EB0B03 		sub	r3, r3, fp
 443 008e 9BB2     		uxth	r3, r3
 444 0090 9B1B     		subs	r3, r3, r6
 445 0092 A8F80030 		strh	r3, [r8]	@ movhi
 446 0096 B9F80030 		ldrh	r3, [r9]
 447 009a 1D44     		add	r5, r5, r3
 448 009c 1AFA85F5 		uxtah	r5, r10, r5
 449 00a0 16FA85F5 		uxtah	r5, r6, r5
 450 00a4 A8F80450 		strh	r5, [r8, #4]	@ movhi
 451 00a8 B9F80230 		ldrh	r3, [r9, #2]
 452 00ac A4B2     		uxth	r4, r4
 453 00ae 2344     		add	r3, r3, r4
 454 00b0 9BB2     		uxth	r3, r3
 455 00b2 019A     		ldr	r2, [sp, #4]
 456 00b4 9B1A     		subs	r3, r3, r2
 457 00b6 9BB2     		uxth	r3, r3
 458 00b8 9B1B     		subs	r3, r3, r6
 459 00ba A8F80230 		strh	r3, [r8, #2]	@ movhi
 460 00be B9F80230 		ldrh	r3, [r9, #2]
 461 00c2 1C44     		add	r4, r4, r3
 462 00c4 10FA84F4 		uxtah	r4, r0, r4
 463 00c8 16FA84F4 		uxtah	r4, r6, r4
 464 00cc A8F80640 		strh	r4, [r8, #6]	@ movhi
 465 00d0 03B0     		add	sp, sp, #12
ARM GAS  /var/folders/lp/x54gwt890xv47sdkqj1k04q40000gn/T//cc5Bfcmv.s 			page 9


 466              		@ sp needed
 467 00d2 BDE8F08F 		pop	{r4, r5, r6, r7, r8, r9, r10, fp, pc}
 469              		.section	.text.lv_arc_draw,"ax",%progbits
 470              		.align	1
 471              		.syntax unified
 472              		.thumb
 473              		.thumb_func
 475              	lv_arc_draw:
 476              		@ args = 0, pretend = 0, frame = 160
 477              		@ frame_needed = 0, uses_anonymous_args = 0
 478 0000 2DE9F041 		push	{r4, r5, r6, r7, r8, lr}
 479 0004 AAB0     		sub	sp, sp, #168
 480 0006 0546     		mov	r5, r0
 481 0008 FFF7FEFF 		bl	lv_event_get_target
 482 000c 0446     		mov	r4, r0
 483 000e 2846     		mov	r0, r5
 484 0010 FFF7FEFF 		bl	lv_event_get_draw_ctx
 485 0014 0646     		mov	r6, r0
 486 0016 0DF1A202 		add	r2, sp, #162
 487 001a 29A9     		add	r1, sp, #164
 488 001c 2046     		mov	r0, r4
 489 001e FFF7FEFF 		bl	get_center
 490 0022 3146     		mov	r1, r6
 491 0024 16A8     		add	r0, sp, #88
 492 0026 FFF7FEFF 		bl	lv_obj_draw_dsc_init
 493 002a BDF9A230 		ldrsh	r3, [sp, #162]
 494 002e 002B     		cmp	r3, #0
 495 0030 59DC     		bgt	.L53
 496              	.L49:
 497 0032 1222     		movs	r2, #18
 498 0034 4FF40031 		mov	r1, #131072
 499 0038 2046     		mov	r0, r4
 500 003a FFF7FEFF 		bl	lv_obj_get_style_prop
 501 003e 07B2     		sxth	r7, r0
 502 0040 1322     		movs	r2, #19
 503 0042 4FF40031 		mov	r1, #131072
 504 0046 2046     		mov	r0, r4
 505 0048 FFF7FEFF 		bl	lv_obj_get_style_prop
 506 004c 05B2     		sxth	r5, r0
 507 004e 1022     		movs	r2, #16
 508 0050 4FF40031 		mov	r1, #131072
 509 0054 2046     		mov	r0, r4
 510 0056 FFF7FEFF 		bl	lv_obj_get_style_prop
 511 005a 0FFA80F8 		sxth	r8, r0
 512 005e 1122     		movs	r2, #17
 513 0060 4FF40031 		mov	r1, #131072
 514 0064 2046     		mov	r0, r4
 515 0066 FFF7FEFF 		bl	lv_obj_get_style_prop
 516 006a 03B2     		sxth	r3, r0
 517 006c 4345     		cmp	r3, r8
 518 006e B8BF     		it	lt
 519 0070 4346     		movlt	r3, r8
 520 0072 BD42     		cmp	r5, r7
 521 0074 B8BF     		it	lt
 522 0076 3D46     		movlt	r5, r7
 523 0078 AB42     		cmp	r3, r5
 524 007a B8BF     		it	lt
ARM GAS  /var/folders/lp/x54gwt890xv47sdkqj1k04q40000gn/T//cc5Bfcmv.s 			page 10


 525 007c 2B46     		movlt	r3, r5
 526 007e 9BB2     		uxth	r3, r3
 527 0080 BDF8A250 		ldrh	r5, [sp, #162]
 528 0084 ED1A     		subs	r5, r5, r3
 529 0086 2DB2     		sxth	r5, r5
 530 0088 002D     		cmp	r5, #0
 531 008a 5DDC     		bgt	.L54
 532              	.L50:
 533 008c 10AF     		add	r7, sp, #64
 534 008e 3B46     		mov	r3, r7
 535 0090 BDF9A220 		ldrsh	r2, [sp, #162]
 536 0094 29A9     		add	r1, sp, #164
 537 0096 2046     		mov	r0, r4
 538 0098 FFF7FEFF 		bl	get_knob_area
 539 009c 02AD     		add	r5, sp, #8
 540 009e 2846     		mov	r0, r5
 541 00a0 FFF7FEFF 		bl	lv_draw_rect_dsc_init
 542 00a4 2A46     		mov	r2, r5
 543 00a6 4FF44031 		mov	r1, #196608
 544 00aa 2046     		mov	r0, r4
 545 00ac FFF7FEFF 		bl	lv_obj_init_draw_rect_dsc
 546 00b0 4FF44033 		mov	r3, #196608
 547 00b4 2393     		str	r3, [sp, #140]
 548 00b6 404B     		ldr	r3, .L55
 549 00b8 1793     		str	r3, [sp, #92]
 550 00ba 0223     		movs	r3, #2
 551 00bc 1893     		str	r3, [sp, #96]
 552 00be 1997     		str	r7, [sp, #100]
 553 00c0 1A95     		str	r5, [sp, #104]
 554 00c2 16AA     		add	r2, sp, #88
 555 00c4 1A21     		movs	r1, #26
 556 00c6 2046     		mov	r0, r4
 557 00c8 FFF7FEFF 		bl	lv_event_send
 558 00cc 3A46     		mov	r2, r7
 559 00ce 2946     		mov	r1, r5
 560 00d0 3046     		mov	r0, r6
 561 00d2 FFF7FEFF 		bl	lv_draw_rect
 562 00d6 16AA     		add	r2, sp, #88
 563 00d8 1B21     		movs	r1, #27
 564 00da 2046     		mov	r0, r4
 565 00dc FFF7FEFF 		bl	lv_event_send
 566 00e0 2AB0     		add	sp, sp, #168
 567              		@ sp needed
 568 00e2 BDE8F081 		pop	{r4, r5, r6, r7, r8, pc}
 569              	.L53:
 570 00e6 12AD     		add	r5, sp, #72
 571 00e8 2846     		mov	r0, r5
 572 00ea FFF7FEFF 		bl	lv_draw_arc_dsc_init
 573 00ee 2A46     		mov	r2, r5
 574 00f0 0021     		movs	r1, #0
 575 00f2 2046     		mov	r0, r4
 576 00f4 FFF7FEFF 		bl	lv_obj_init_draw_arc_dsc
 577 00f8 0023     		movs	r3, #0
 578 00fa 2393     		str	r3, [sp, #140]
 579 00fc 2E4A     		ldr	r2, .L55
 580 00fe 1792     		str	r2, [sp, #92]
 581 0100 1893     		str	r3, [sp, #96]
ARM GAS  /var/folders/lp/x54gwt890xv47sdkqj1k04q40000gn/T//cc5Bfcmv.s 			page 11


 582 0102 29AF     		add	r7, sp, #164
 583 0104 1F97     		str	r7, [sp, #124]
 584 0106 BDF8A230 		ldrh	r3, [sp, #162]
 585 010a ADF89430 		strh	r3, [sp, #148]	@ movhi
 586 010e 1E95     		str	r5, [sp, #120]
 587 0110 16AA     		add	r2, sp, #88
 588 0112 1A21     		movs	r1, #26
 589 0114 2046     		mov	r0, r4
 590 0116 FFF7FEFF 		bl	lv_event_send
 591 011a BDF99430 		ldrsh	r3, [sp, #148]
 592 011e 628D     		ldrh	r2, [r4, #42]
 593 0120 A08C     		ldrh	r0, [r4, #36]
 594 0122 A18D     		ldrh	r1, [r4, #44]
 595 0124 0144     		add	r1, r1, r0
 596 0126 89B2     		uxth	r1, r1
 597 0128 0191     		str	r1, [sp, #4]
 598 012a 0244     		add	r2, r2, r0
 599 012c 92B2     		uxth	r2, r2
 600 012e 0092     		str	r2, [sp]
 601 0130 9BB2     		uxth	r3, r3
 602 0132 3A46     		mov	r2, r7
 603 0134 2946     		mov	r1, r5
 604 0136 3046     		mov	r0, r6
 605 0138 FFF7FEFF 		bl	lv_draw_arc
 606 013c 16AA     		add	r2, sp, #88
 607 013e 1B21     		movs	r1, #27
 608 0140 2046     		mov	r0, r4
 609 0142 FFF7FEFF 		bl	lv_event_send
 610 0146 74E7     		b	.L49
 611              	.L54:
 612 0148 12AF     		add	r7, sp, #72
 613 014a 3846     		mov	r0, r7
 614 014c FFF7FEFF 		bl	lv_draw_arc_dsc_init
 615 0150 3A46     		mov	r2, r7
 616 0152 4FF40031 		mov	r1, #131072
 617 0156 2046     		mov	r0, r4
 618 0158 FFF7FEFF 		bl	lv_obj_init_draw_arc_dsc
 619 015c 4FF40033 		mov	r3, #131072
 620 0160 2393     		str	r3, [sp, #140]
 621 0162 154B     		ldr	r3, .L55
 622 0164 1793     		str	r3, [sp, #92]
 623 0166 0123     		movs	r3, #1
 624 0168 1893     		str	r3, [sp, #96]
 625 016a 29AB     		add	r3, sp, #164
 626 016c 1F93     		str	r3, [sp, #124]
 627 016e ADF89450 		strh	r5, [sp, #148]	@ movhi
 628 0172 1E97     		str	r7, [sp, #120]
 629 0174 16AA     		add	r2, sp, #88
 630 0176 1A21     		movs	r1, #26
 631 0178 2046     		mov	r0, r4
 632 017a FFF7FEFF 		bl	lv_event_send
 633 017e BDF94A20 		ldrsh	r2, [sp, #74]
 634 0182 BDF99430 		ldrsh	r3, [sp, #148]
 635 0186 9A42     		cmp	r2, r3
 636 0188 01DD     		ble	.L51
 637 018a ADF84A30 		strh	r3, [sp, #74]	@ movhi
 638              	.L51:
ARM GAS  /var/folders/lp/x54gwt890xv47sdkqj1k04q40000gn/T//cc5Bfcmv.s 			page 12


 639 018e E28C     		ldrh	r2, [r4, #38]
 640 0190 A08C     		ldrh	r0, [r4, #36]
 641 0192 218D     		ldrh	r1, [r4, #40]
 642 0194 0144     		add	r1, r1, r0
 643 0196 89B2     		uxth	r1, r1
 644 0198 0191     		str	r1, [sp, #4]
 645 019a 0244     		add	r2, r2, r0
 646 019c 92B2     		uxth	r2, r2
 647 019e 0092     		str	r2, [sp]
 648 01a0 9BB2     		uxth	r3, r3
 649 01a2 29AA     		add	r2, sp, #164
 650 01a4 12A9     		add	r1, sp, #72
 651 01a6 3046     		mov	r0, r6
 652 01a8 FFF7FEFF 		bl	lv_draw_arc
 653 01ac 16AA     		add	r2, sp, #88
 654 01ae 1B21     		movs	r1, #27
 655 01b0 2046     		mov	r0, r4
 656 01b2 FFF7FEFF 		bl	lv_event_send
 657 01b6 69E7     		b	.L50
 658              	.L56:
 659              		.align	2
 660              	.L55:
 661 01b8 00000000 		.word	lv_arc_class
 663              		.section	.text.lv_arc_constructor,"ax",%progbits
 664              		.align	1
 665              		.syntax unified
 666              		.thumb
 667              		.thumb_func
 669              	lv_arc_constructor:
 670              		@ args = 0, pretend = 0, frame = 0
 671              		@ frame_needed = 0, uses_anonymous_args = 0
 672 0000 38B5     		push	{r3, r4, r5, lr}
 673 0002 0C46     		mov	r4, r1
 674 0004 0025     		movs	r5, #0
 675 0006 8D84     		strh	r5, [r1, #36]	@ movhi
 676 0008 8723     		movs	r3, #135
 677 000a 4B85     		strh	r3, [r1, #42]	@ movhi
 678 000c 2D22     		movs	r2, #45
 679 000e 8A85     		strh	r2, [r1, #44]	@ movhi
 680 0010 CB84     		strh	r3, [r1, #38]	@ movhi
 681 0012 4FF48773 		mov	r3, #270
 682 0016 0B85     		strh	r3, [r1, #40]	@ movhi
 683 0018 91F83430 		ldrb	r3, [r1, #52]	@ zero_extendqisi2
 684 001c 65F34203 		bfi	r3, r5, #1, #2
 685 0020 81F83430 		strb	r3, [r1, #52]
 686 0024 4FF40043 		mov	r3, #32768
 687 0028 CB85     		strh	r3, [r1, #46]	@ movhi
 688 002a 91F83430 		ldrb	r3, [r1, #52]	@ zero_extendqisi2
 689 002e 43F00803 		orr	r3, r3, #8
 690 0032 81F83430 		strb	r3, [r1, #52]
 691 0036 0D86     		strh	r5, [r1, #48]	@ movhi
 692 0038 6423     		movs	r3, #100
 693 003a 4B86     		strh	r3, [r1, #50]	@ movhi
 694 003c 91F83430 		ldrb	r3, [r1, #52]	@ zero_extendqisi2
 695 0040 65F30003 		bfi	r3, r5, #0, #1
 696 0044 81F83430 		strb	r3, [r1, #52]
 697 0048 4FF43473 		mov	r3, #720
ARM GAS  /var/folders/lp/x54gwt890xv47sdkqj1k04q40000gn/T//cc5Bfcmv.s 			page 13


 698 004c 8B63     		str	r3, [r1, #56]
 699 004e FFF7FEFF 		bl	lv_tick_get
 700 0052 E063     		str	r0, [r4, #60]
 701 0054 B4F92830 		ldrsh	r3, [r4, #40]
 702 0058 A4F84030 		strh	r3, [r4, #64]	@ movhi
 703 005c 94F83430 		ldrb	r3, [r4, #52]	@ zero_extendqisi2
 704 0060 65F30413 		bfi	r3, r5, #4, #1
 705 0064 84F83430 		strb	r3, [r4, #52]
 706 0068 0221     		movs	r1, #2
 707 006a 2046     		mov	r0, r4
 708 006c FFF7FEFF 		bl	lv_obj_add_flag
 709 0070 4FF44471 		mov	r1, #784
 710 0074 2046     		mov	r0, r4
 711 0076 FFF7FEFF 		bl	lv_obj_clear_flag
 712 007a 0D21     		movs	r1, #13
 713 007c 2046     		mov	r0, r4
 714 007e FFF7FEFF 		bl	lv_obj_set_ext_click_area
 715 0082 38BD     		pop	{r3, r4, r5, pc}
 717              		.section	.text.inv_arc_area,"ax",%progbits
 718              		.align	1
 719              		.syntax unified
 720              		.thumb
 721              		.thumb_func
 723              	inv_arc_area:
 724              		@ args = 0, pretend = 0, frame = 16
 725              		@ frame_needed = 0, uses_anonymous_args = 0
 726 0000 2DE9F041 		push	{r4, r5, r6, r7, r8, lr}
 727 0004 88B0     		sub	sp, sp, #32
 728 0006 0646     		mov	r6, r0
 729 0008 0C46     		mov	r4, r1
 730 000a 1546     		mov	r5, r2
 731 000c 1F46     		mov	r7, r3
 732 000e FFF7FEFF 		bl	lv_obj_is_visible
 733 0012 0028     		cmp	r0, #0
 734 0014 47D0     		beq	.L59
 735 0016 AC42     		cmp	r4, r5
 736 0018 45D0     		beq	.L59
 737 001a B4F5B47F 		cmp	r4, #360
 738 001e 02D9     		bls	.L61
 739 0020 A4F5B474 		sub	r4, r4, #360
 740 0024 A4B2     		uxth	r4, r4
 741              	.L61:
 742 0026 B5F5B47F 		cmp	r5, #360
 743 002a 02D9     		bls	.L62
 744 002c A5F5B475 		sub	r5, r5, #360
 745 0030 ADB2     		uxth	r5, r5
 746              	.L62:
 747 0032 B28C     		ldrh	r2, [r6, #36]
 748 0034 1444     		add	r4, r4, r2
 749 0036 A4B2     		uxth	r4, r4
 750 0038 2A44     		add	r2, r2, r5
 751 003a 1FFA82F8 		uxth	r8, r2
 752 003e B4F5B47F 		cmp	r4, #360
 753 0042 02D9     		bls	.L63
 754 0044 A4F5B474 		sub	r4, r4, #360
 755 0048 A4B2     		uxth	r4, r4
 756              	.L63:
ARM GAS  /var/folders/lp/x54gwt890xv47sdkqj1k04q40000gn/T//cc5Bfcmv.s 			page 14


 757 004a B8F5B47F 		cmp	r8, #360
 758 004e 03D9     		bls	.L64
 759 0050 A8F5B472 		sub	r2, r8, #360
 760 0054 1FFA82F8 		uxth	r8, r2
 761              	.L64:
 762 0058 0DF11E02 		add	r2, sp, #30
 763 005c 06A9     		add	r1, sp, #24
 764 005e 3046     		mov	r0, r6
 765 0060 FFF7FEFF 		bl	get_center
 766 0064 5022     		movs	r2, #80
 767 0066 3946     		mov	r1, r7
 768 0068 3046     		mov	r0, r6
 769 006a FFF7FEFF 		bl	lv_obj_get_style_prop
 770 006e 05B2     		sxth	r5, r0
 771 0070 5122     		movs	r2, #81
 772 0072 3946     		mov	r1, r7
 773 0074 3046     		mov	r0, r6
 774 0076 FFF7FEFF 		bl	lv_obj_get_style_prop
 775 007a 0038     		subs	r0, r0, #0
 776 007c 18BF     		it	ne
 777 007e 0120     		movne	r0, #1
 778 0080 04AF     		add	r7, sp, #16
 779 0082 0397     		str	r7, [sp, #12]
 780 0084 0290     		str	r0, [sp, #8]
 781 0086 0195     		str	r5, [sp, #4]
 782 0088 CDF80080 		str	r8, [sp]
 783 008c 2346     		mov	r3, r4
 784 008e BDF81E20 		ldrh	r2, [sp, #30]
 785 0092 BDF91A10 		ldrsh	r1, [sp, #26]
 786 0096 BDF91800 		ldrsh	r0, [sp, #24]
 787 009a FFF7FEFF 		bl	lv_draw_arc_get_area
 788 009e 3946     		mov	r1, r7
 789 00a0 3046     		mov	r0, r6
 790 00a2 FFF7FEFF 		bl	lv_obj_invalidate_area
 791              	.L59:
 792 00a6 08B0     		add	sp, sp, #32
 793              		@ sp needed
 794 00a8 BDE8F081 		pop	{r4, r5, r6, r7, r8, pc}
 796              		.section	.text.inv_knob_area,"ax",%progbits
 797              		.align	1
 798              		.syntax unified
 799              		.thumb
 800              		.thumb_func
 802              	inv_knob_area:
 803              		@ args = 0, pretend = 0, frame = 16
 804              		@ frame_needed = 0, uses_anonymous_args = 0
 805 0000 10B5     		push	{r4, lr}
 806 0002 84B0     		sub	sp, sp, #16
 807 0004 0446     		mov	r4, r0
 808 0006 0DF10A02 		add	r2, sp, #10
 809 000a 03A9     		add	r1, sp, #12
 810 000c FFF7FEFF 		bl	get_center
 811 0010 6B46     		mov	r3, sp
 812 0012 BDF90A20 		ldrsh	r2, [sp, #10]
 813 0016 03A9     		add	r1, sp, #12
 814 0018 2046     		mov	r0, r4
 815 001a FFF7FEFF 		bl	get_knob_area
ARM GAS  /var/folders/lp/x54gwt890xv47sdkqj1k04q40000gn/T//cc5Bfcmv.s 			page 15


 816 001e 2046     		mov	r0, r4
 817 0020 FFF7FEFF 		bl	knob_get_extra_size
 818 0024 011E     		subs	r1, r0, #0
 819 0026 05DC     		bgt	.L70
 820              	.L68:
 821 0028 6946     		mov	r1, sp
 822 002a 2046     		mov	r0, r4
 823 002c FFF7FEFF 		bl	lv_obj_invalidate_area
 824 0030 04B0     		add	sp, sp, #16
 825              		@ sp needed
 826 0032 10BD     		pop	{r4, pc}
 827              	.L70:
 828 0034 0A46     		mov	r2, r1
 829 0036 6846     		mov	r0, sp
 830 0038 FFF7FEFF 		bl	lv_area_increase
 831 003c F4E7     		b	.L68
 833              		.section	.text.lv_arc_create,"ax",%progbits
 834              		.align	1
 835              		.global	lv_arc_create
 836              		.syntax unified
 837              		.thumb
 838              		.thumb_func
 840              	lv_arc_create:
 841              		@ args = 0, pretend = 0, frame = 0
 842              		@ frame_needed = 0, uses_anonymous_args = 0
 843 0000 10B5     		push	{r4, lr}
 844 0002 0146     		mov	r1, r0
 845 0004 0348     		ldr	r0, .L73
 846 0006 FFF7FEFF 		bl	lv_obj_class_create_obj
 847 000a 0446     		mov	r4, r0
 848 000c FFF7FEFF 		bl	lv_obj_class_init_obj
 849 0010 2046     		mov	r0, r4
 850 0012 10BD     		pop	{r4, pc}
 851              	.L74:
 852              		.align	2
 853              	.L73:
 854 0014 00000000 		.word	lv_arc_class
 856              		.section	.text.lv_arc_set_start_angle,"ax",%progbits
 857              		.align	1
 858              		.global	lv_arc_set_start_angle
 859              		.syntax unified
 860              		.thumb
 861              		.thumb_func
 863              	lv_arc_set_start_angle:
 864              		@ args = 0, pretend = 0, frame = 0
 865              		@ frame_needed = 0, uses_anonymous_args = 0
 866 0000 38B5     		push	{r3, r4, r5, lr}
 867 0002 0446     		mov	r4, r0
 868 0004 0D46     		mov	r5, r1
 869 0006 B1F5B47F 		cmp	r1, #360
 870 000a 02D9     		bls	.L76
 871 000c A1F5B475 		sub	r5, r1, #360
 872 0010 ADB2     		uxth	r5, r5
 873              	.L76:
 874 0012 238D     		ldrh	r3, [r4, #40]
 875 0014 E18C     		ldrh	r1, [r4, #38]
 876 0016 5A1A     		subs	r2, r3, r1
ARM GAS  /var/folders/lp/x54gwt890xv47sdkqj1k04q40000gn/T//cc5Bfcmv.s 			page 16


 877 0018 1FFA82FC 		uxth	ip, r2
 878 001c 12B2     		sxth	r2, r2
 879 001e 5B1B     		subs	r3, r3, r5
 880 0020 98B2     		uxth	r0, r3
 881 0022 1BB2     		sxth	r3, r3
 882 0024 002A     		cmp	r2, #0
 883 0026 13DB     		blt	.L83
 884              	.L77:
 885 0028 002B     		cmp	r3, #0
 886 002a 16DB     		blt	.L84
 887              	.L78:
 888 002c 981A     		subs	r0, r3, r2
 889 002e 0028     		cmp	r0, #0
 890 0030 B8BF     		it	lt
 891 0032 4042     		rsblt	r0, r0, #0
 892 0034 B428     		cmp	r0, #180
 893 0036 14DC     		bgt	.L85
 894 0038 9A42     		cmp	r2, r3
 895 003a 1DDC     		bgt	.L86
 896 003c 9A42     		cmp	r2, r3
 897 003e 13DA     		bge	.L80
 898 0040 4FF40033 		mov	r3, #131072
 899 0044 0A46     		mov	r2, r1
 900 0046 2946     		mov	r1, r5
 901 0048 2046     		mov	r0, r4
 902 004a FFF7FEFF 		bl	inv_arc_area
 903 004e 0BE0     		b	.L80
 904              	.L83:
 905 0050 0CF5B47C 		add	ip, ip, #360
 906 0054 0FFA8CF2 		sxth	r2, ip
 907 0058 E6E7     		b	.L77
 908              	.L84:
 909 005a 00F5B470 		add	r0, r0, #360
 910 005e 03B2     		sxth	r3, r0
 911 0060 E4E7     		b	.L78
 912              	.L85:
 913 0062 2046     		mov	r0, r4
 914 0064 FFF7FEFF 		bl	lv_obj_invalidate
 915              	.L80:
 916 0068 2046     		mov	r0, r4
 917 006a FFF7FEFF 		bl	inv_knob_area
 918 006e E584     		strh	r5, [r4, #38]	@ movhi
 919 0070 2046     		mov	r0, r4
 920 0072 FFF7FEFF 		bl	inv_knob_area
 921 0076 38BD     		pop	{r3, r4, r5, pc}
 922              	.L86:
 923 0078 4FF40033 		mov	r3, #131072
 924 007c 2A46     		mov	r2, r5
 925 007e 2046     		mov	r0, r4
 926 0080 FFF7FEFF 		bl	inv_arc_area
 927 0084 F0E7     		b	.L80
 929              		.section	.text.lv_arc_set_end_angle,"ax",%progbits
 930              		.align	1
 931              		.global	lv_arc_set_end_angle
 932              		.syntax unified
 933              		.thumb
 934              		.thumb_func
ARM GAS  /var/folders/lp/x54gwt890xv47sdkqj1k04q40000gn/T//cc5Bfcmv.s 			page 17


 936              	lv_arc_set_end_angle:
 937              		@ args = 0, pretend = 0, frame = 0
 938              		@ frame_needed = 0, uses_anonymous_args = 0
 939 0000 38B5     		push	{r3, r4, r5, lr}
 940 0002 0446     		mov	r4, r0
 941 0004 0D46     		mov	r5, r1
 942 0006 B1F5B47F 		cmp	r1, #360
 943 000a 02D9     		bls	.L88
 944 000c A1F5B475 		sub	r5, r1, #360
 945 0010 ADB2     		uxth	r5, r5
 946              	.L88:
 947 0012 218D     		ldrh	r1, [r4, #40]
 948 0014 E38C     		ldrh	r3, [r4, #38]
 949 0016 CA1A     		subs	r2, r1, r3
 950 0018 1FFA82FC 		uxth	ip, r2
 951 001c 12B2     		sxth	r2, r2
 952 001e EB1A     		subs	r3, r5, r3
 953 0020 98B2     		uxth	r0, r3
 954 0022 1BB2     		sxth	r3, r3
 955 0024 002A     		cmp	r2, #0
 956 0026 12DB     		blt	.L95
 957              	.L89:
 958 0028 002B     		cmp	r3, #0
 959 002a 15DB     		blt	.L96
 960              	.L90:
 961 002c 981A     		subs	r0, r3, r2
 962 002e 0028     		cmp	r0, #0
 963 0030 B8BF     		it	lt
 964 0032 4042     		rsblt	r0, r0, #0
 965 0034 B428     		cmp	r0, #180
 966 0036 13DC     		bgt	.L97
 967 0038 9A42     		cmp	r2, r3
 968 003a 1CDC     		bgt	.L98
 969 003c 9A42     		cmp	r2, r3
 970 003e 12DA     		bge	.L92
 971 0040 4FF40033 		mov	r3, #131072
 972 0044 2A46     		mov	r2, r5
 973 0046 2046     		mov	r0, r4
 974 0048 FFF7FEFF 		bl	inv_arc_area
 975 004c 0BE0     		b	.L92
 976              	.L95:
 977 004e 0CF5B47C 		add	ip, ip, #360
 978 0052 0FFA8CF2 		sxth	r2, ip
 979 0056 E7E7     		b	.L89
 980              	.L96:
 981 0058 00F5B470 		add	r0, r0, #360
 982 005c 03B2     		sxth	r3, r0
 983 005e E5E7     		b	.L90
 984              	.L97:
 985 0060 2046     		mov	r0, r4
 986 0062 FFF7FEFF 		bl	lv_obj_invalidate
 987              	.L92:
 988 0066 2046     		mov	r0, r4
 989 0068 FFF7FEFF 		bl	inv_knob_area
 990 006c 2585     		strh	r5, [r4, #40]	@ movhi
 991 006e 2046     		mov	r0, r4
 992 0070 FFF7FEFF 		bl	inv_knob_area
ARM GAS  /var/folders/lp/x54gwt890xv47sdkqj1k04q40000gn/T//cc5Bfcmv.s 			page 18


 993 0074 38BD     		pop	{r3, r4, r5, pc}
 994              	.L98:
 995 0076 4FF40033 		mov	r3, #131072
 996 007a 0A46     		mov	r2, r1
 997 007c 2946     		mov	r1, r5
 998 007e 2046     		mov	r0, r4
 999 0080 FFF7FEFF 		bl	inv_arc_area
 1000 0084 EFE7     		b	.L92
 1002              		.section	.text.lv_arc_set_angles,"ax",%progbits
 1003              		.align	1
 1004              		.global	lv_arc_set_angles
 1005              		.syntax unified
 1006              		.thumb
 1007              		.thumb_func
 1009              	lv_arc_set_angles:
 1010              		@ args = 0, pretend = 0, frame = 0
 1011              		@ frame_needed = 0, uses_anonymous_args = 0
 1012 0000 38B5     		push	{r3, r4, r5, lr}
 1013 0002 0446     		mov	r4, r0
 1014 0004 0D46     		mov	r5, r1
 1015 0006 1146     		mov	r1, r2
 1016 0008 FFF7FEFF 		bl	lv_arc_set_end_angle
 1017 000c 2946     		mov	r1, r5
 1018 000e 2046     		mov	r0, r4
 1019 0010 FFF7FEFF 		bl	lv_arc_set_start_angle
 1020 0014 38BD     		pop	{r3, r4, r5, pc}
 1022              		.section	.text.value_update,"ax",%progbits
 1023              		.align	1
 1024              		.syntax unified
 1025              		.thumb
 1026              		.thumb_func
 1028              	value_update:
 1029              		@ args = 0, pretend = 0, frame = 0
 1030              		@ frame_needed = 0, uses_anonymous_args = 0
 1031 0000 F0B5     		push	{r4, r5, r6, r7, lr}
 1032 0002 83B0     		sub	sp, sp, #12
 1033 0004 0446     		mov	r4, r0
 1034 0006 B0F92E00 		ldrsh	r0, [r0, #46]
 1035 000a 10F5004F 		cmn	r0, #32768
 1036 000e 61D0     		beq	.L101
 1037 0010 A28D     		ldrh	r2, [r4, #44]
 1038 0012 B4F92C30 		ldrsh	r3, [r4, #44]
 1039 0016 658D     		ldrh	r5, [r4, #42]
 1040 0018 AA42     		cmp	r2, r5
 1041 001a 02D2     		bcs	.L103
 1042 001c 02F5B472 		add	r2, r2, #360
 1043 0020 13B2     		sxth	r3, r2
 1044              	.L103:
 1045 0022 94F83420 		ldrb	r2, [r4, #52]	@ zero_extendqisi2
 1046 0026 C2F34102 		ubfx	r2, r2, #1, #2
 1047 002a 012A     		cmp	r2, #1
 1048 002c 12D0     		beq	.L104
 1049 002e 022A     		cmp	r2, #2
 1050 0030 41D0     		beq	.L105
 1051 0032 002A     		cmp	r2, #0
 1052 0034 4ED1     		bne	.L101
 1053 0036 0093     		str	r3, [sp]
ARM GAS  /var/folders/lp/x54gwt890xv47sdkqj1k04q40000gn/T//cc5Bfcmv.s 			page 19


 1054 0038 2B46     		mov	r3, r5
 1055 003a B4F93220 		ldrsh	r2, [r4, #50]
 1056 003e B4F93010 		ldrsh	r1, [r4, #48]
 1057 0042 FFF7FEFF 		bl	lv_map
 1058 0046 05B2     		sxth	r5, r0
 1059 0048 82B2     		uxth	r2, r0
 1060 004a 618D     		ldrh	r1, [r4, #42]
 1061 004c 2046     		mov	r0, r4
 1062 004e FFF7FEFF 		bl	lv_arc_set_angles
 1063 0052 3DE0     		b	.L108
 1064              	.L104:
 1065 0054 EA18     		adds	r2, r5, r3
 1066 0056 02EBD272 		add	r2, r2, r2, lsr #31
 1067 005a 5610     		asrs	r6, r2, #1
 1068 005c 42F34F07 		sbfx	r7, r2, #1, #16
 1069 0060 B4F93010 		ldrsh	r1, [r4, #48]
 1070 0064 B4F93220 		ldrsh	r2, [r4, #50]
 1071 0068 01EB020C 		add	ip, r1, r2
 1072 006c 0CEBDC7C 		add	ip, ip, ip, lsr #31
 1073 0070 4CF34F0C 		sbfx	ip, ip, #1, #16
 1074 0074 6045     		cmp	r0, ip
 1075 0076 0EDA     		bge	.L107
 1076 0078 0097     		str	r7, [sp]
 1077 007a 2B46     		mov	r3, r5
 1078 007c 6246     		mov	r2, ip
 1079 007e FFF7FEFF 		bl	lv_map
 1080 0082 05B2     		sxth	r5, r0
 1081 0084 81B2     		uxth	r1, r0
 1082 0086 2046     		mov	r0, r4
 1083 0088 FFF7FEFF 		bl	lv_arc_set_start_angle
 1084 008c B1B2     		uxth	r1, r6
 1085 008e 2046     		mov	r0, r4
 1086 0090 FFF7FEFF 		bl	lv_arc_set_end_angle
 1087 0094 1CE0     		b	.L108
 1088              	.L107:
 1089 0096 0093     		str	r3, [sp]
 1090 0098 3B46     		mov	r3, r7
 1091 009a 6146     		mov	r1, ip
 1092 009c FFF7FEFF 		bl	lv_map
 1093 00a0 0746     		mov	r7, r0
 1094 00a2 05B2     		sxth	r5, r0
 1095 00a4 B1B2     		uxth	r1, r6
 1096 00a6 2046     		mov	r0, r4
 1097 00a8 FFF7FEFF 		bl	lv_arc_set_start_angle
 1098 00ac B9B2     		uxth	r1, r7
 1099 00ae 2046     		mov	r0, r4
 1100 00b0 FFF7FEFF 		bl	lv_arc_set_end_angle
 1101 00b4 0CE0     		b	.L108
 1102              	.L105:
 1103 00b6 0095     		str	r5, [sp]
 1104 00b8 B4F93220 		ldrsh	r2, [r4, #50]
 1105 00bc B4F93010 		ldrsh	r1, [r4, #48]
 1106 00c0 FFF7FEFF 		bl	lv_map
 1107 00c4 05B2     		sxth	r5, r0
 1108 00c6 A28D     		ldrh	r2, [r4, #44]
 1109 00c8 81B2     		uxth	r1, r0
 1110 00ca 2046     		mov	r0, r4
ARM GAS  /var/folders/lp/x54gwt890xv47sdkqj1k04q40000gn/T//cc5Bfcmv.s 			page 20


 1111 00cc FFF7FEFF 		bl	lv_arc_set_angles
 1112              	.L108:
 1113 00d0 A4F84050 		strh	r5, [r4, #64]	@ movhi
 1114              	.L101:
 1115 00d4 03B0     		add	sp, sp, #12
 1116              		@ sp needed
 1117 00d6 F0BD     		pop	{r4, r5, r6, r7, pc}
 1119              		.section	.text.lv_arc_set_bg_start_angle,"ax",%progbits
 1120              		.align	1
 1121              		.global	lv_arc_set_bg_start_angle
 1122              		.syntax unified
 1123              		.thumb
 1124              		.thumb_func
 1126              	lv_arc_set_bg_start_angle:
 1127              		@ args = 0, pretend = 0, frame = 0
 1128              		@ frame_needed = 0, uses_anonymous_args = 0
 1129 0000 38B5     		push	{r3, r4, r5, lr}
 1130 0002 0546     		mov	r5, r0
 1131 0004 0C46     		mov	r4, r1
 1132 0006 B1F5B47F 		cmp	r1, #360
 1133 000a 02D9     		bls	.L111
 1134 000c A1F5B474 		sub	r4, r1, #360
 1135 0010 A4B2     		uxth	r4, r4
 1136              	.L111:
 1137 0012 AB8D     		ldrh	r3, [r5, #44]
 1138 0014 698D     		ldrh	r1, [r5, #42]
 1139 0016 5A1A     		subs	r2, r3, r1
 1140 0018 1FFA82FC 		uxth	ip, r2
 1141 001c 12B2     		sxth	r2, r2
 1142 001e 1B1B     		subs	r3, r3, r4
 1143 0020 98B2     		uxth	r0, r3
 1144 0022 1BB2     		sxth	r3, r3
 1145 0024 002A     		cmp	r2, #0
 1146 0026 12DB     		blt	.L118
 1147              	.L112:
 1148 0028 002B     		cmp	r3, #0
 1149 002a 15DB     		blt	.L119
 1150              	.L113:
 1151 002c 981A     		subs	r0, r3, r2
 1152 002e 0028     		cmp	r0, #0
 1153 0030 B8BF     		it	lt
 1154 0032 4042     		rsblt	r0, r0, #0
 1155 0034 B428     		cmp	r0, #180
 1156 0036 13DC     		bgt	.L120
 1157 0038 9A42     		cmp	r2, r3
 1158 003a 19DC     		bgt	.L121
 1159 003c 9A42     		cmp	r2, r3
 1160 003e 12DA     		bge	.L115
 1161 0040 0023     		movs	r3, #0
 1162 0042 0A46     		mov	r2, r1
 1163 0044 2146     		mov	r1, r4
 1164 0046 2846     		mov	r0, r5
 1165 0048 FFF7FEFF 		bl	inv_arc_area
 1166 004c 0BE0     		b	.L115
 1167              	.L118:
 1168 004e 0CF5B47C 		add	ip, ip, #360
 1169 0052 0FFA8CF2 		sxth	r2, ip
ARM GAS  /var/folders/lp/x54gwt890xv47sdkqj1k04q40000gn/T//cc5Bfcmv.s 			page 21


 1170 0056 E7E7     		b	.L112
 1171              	.L119:
 1172 0058 00F5B470 		add	r0, r0, #360
 1173 005c 03B2     		sxth	r3, r0
 1174 005e E5E7     		b	.L113
 1175              	.L120:
 1176 0060 2846     		mov	r0, r5
 1177 0062 FFF7FEFF 		bl	lv_obj_invalidate
 1178              	.L115:
 1179 0066 6C85     		strh	r4, [r5, #42]	@ movhi
 1180 0068 2846     		mov	r0, r5
 1181 006a FFF7FEFF 		bl	value_update
 1182 006e 38BD     		pop	{r3, r4, r5, pc}
 1183              	.L121:
 1184 0070 0023     		movs	r3, #0
 1185 0072 2246     		mov	r2, r4
 1186 0074 2846     		mov	r0, r5
 1187 0076 FFF7FEFF 		bl	inv_arc_area
 1188 007a F4E7     		b	.L115
 1190              		.section	.text.lv_arc_set_bg_end_angle,"ax",%progbits
 1191              		.align	1
 1192              		.global	lv_arc_set_bg_end_angle
 1193              		.syntax unified
 1194              		.thumb
 1195              		.thumb_func
 1197              	lv_arc_set_bg_end_angle:
 1198              		@ args = 0, pretend = 0, frame = 0
 1199              		@ frame_needed = 0, uses_anonymous_args = 0
 1200 0000 38B5     		push	{r3, r4, r5, lr}
 1201 0002 0546     		mov	r5, r0
 1202 0004 0C46     		mov	r4, r1
 1203 0006 B1F5B47F 		cmp	r1, #360
 1204 000a 02D9     		bls	.L123
 1205 000c A1F5B474 		sub	r4, r1, #360
 1206 0010 A4B2     		uxth	r4, r4
 1207              	.L123:
 1208 0012 A98D     		ldrh	r1, [r5, #44]
 1209 0014 6B8D     		ldrh	r3, [r5, #42]
 1210 0016 CA1A     		subs	r2, r1, r3
 1211 0018 1FFA82FC 		uxth	ip, r2
 1212 001c 12B2     		sxth	r2, r2
 1213 001e E31A     		subs	r3, r4, r3
 1214 0020 98B2     		uxth	r0, r3
 1215 0022 1BB2     		sxth	r3, r3
 1216 0024 002A     		cmp	r2, #0
 1217 0026 11DB     		blt	.L130
 1218              	.L124:
 1219 0028 002B     		cmp	r3, #0
 1220 002a 14DB     		blt	.L131
 1221              	.L125:
 1222 002c 981A     		subs	r0, r3, r2
 1223 002e 0028     		cmp	r0, #0
 1224 0030 B8BF     		it	lt
 1225 0032 4042     		rsblt	r0, r0, #0
 1226 0034 B428     		cmp	r0, #180
 1227 0036 12DC     		bgt	.L132
 1228 0038 9A42     		cmp	r2, r3
ARM GAS  /var/folders/lp/x54gwt890xv47sdkqj1k04q40000gn/T//cc5Bfcmv.s 			page 22


 1229 003a 18DC     		bgt	.L133
 1230 003c 9A42     		cmp	r2, r3
 1231 003e 11DA     		bge	.L127
 1232 0040 0023     		movs	r3, #0
 1233 0042 2246     		mov	r2, r4
 1234 0044 2846     		mov	r0, r5
 1235 0046 FFF7FEFF 		bl	inv_arc_area
 1236 004a 0BE0     		b	.L127
 1237              	.L130:
 1238 004c 0CF5B47C 		add	ip, ip, #360
 1239 0050 0FFA8CF2 		sxth	r2, ip
 1240 0054 E8E7     		b	.L124
 1241              	.L131:
 1242 0056 00F5B470 		add	r0, r0, #360
 1243 005a 03B2     		sxth	r3, r0
 1244 005c E6E7     		b	.L125
 1245              	.L132:
 1246 005e 2846     		mov	r0, r5
 1247 0060 FFF7FEFF 		bl	lv_obj_invalidate
 1248              	.L127:
 1249 0064 AC85     		strh	r4, [r5, #44]	@ movhi
 1250 0066 2846     		mov	r0, r5
 1251 0068 FFF7FEFF 		bl	value_update
 1252 006c 38BD     		pop	{r3, r4, r5, pc}
 1253              	.L133:
 1254 006e 0023     		movs	r3, #0
 1255 0070 0A46     		mov	r2, r1
 1256 0072 2146     		mov	r1, r4
 1257 0074 2846     		mov	r0, r5
 1258 0076 FFF7FEFF 		bl	inv_arc_area
 1259 007a F3E7     		b	.L127
 1261              		.section	.text.lv_arc_set_bg_angles,"ax",%progbits
 1262              		.align	1
 1263              		.global	lv_arc_set_bg_angles
 1264              		.syntax unified
 1265              		.thumb
 1266              		.thumb_func
 1268              	lv_arc_set_bg_angles:
 1269              		@ args = 0, pretend = 0, frame = 0
 1270              		@ frame_needed = 0, uses_anonymous_args = 0
 1271 0000 38B5     		push	{r3, r4, r5, lr}
 1272 0002 0446     		mov	r4, r0
 1273 0004 0D46     		mov	r5, r1
 1274 0006 1146     		mov	r1, r2
 1275 0008 FFF7FEFF 		bl	lv_arc_set_bg_end_angle
 1276 000c 2946     		mov	r1, r5
 1277 000e 2046     		mov	r0, r4
 1278 0010 FFF7FEFF 		bl	lv_arc_set_bg_start_angle
 1279 0014 38BD     		pop	{r3, r4, r5, pc}
 1281              		.section	.text.lv_arc_set_rotation,"ax",%progbits
 1282              		.align	1
 1283              		.global	lv_arc_set_rotation
 1284              		.syntax unified
 1285              		.thumb
 1286              		.thumb_func
 1288              	lv_arc_set_rotation:
 1289              		@ args = 0, pretend = 0, frame = 0
ARM GAS  /var/folders/lp/x54gwt890xv47sdkqj1k04q40000gn/T//cc5Bfcmv.s 			page 23


 1290              		@ frame_needed = 0, uses_anonymous_args = 0
 1291 0000 08B5     		push	{r3, lr}
 1292 0002 8184     		strh	r1, [r0, #36]	@ movhi
 1293 0004 FFF7FEFF 		bl	lv_obj_invalidate
 1294 0008 08BD     		pop	{r3, pc}
 1296              		.section	.text.lv_arc_set_value,"ax",%progbits
 1297              		.align	1
 1298              		.global	lv_arc_set_value
 1299              		.syntax unified
 1300              		.thumb
 1301              		.thumb_func
 1303              	lv_arc_set_value:
 1304              		@ args = 0, pretend = 0, frame = 0
 1305              		@ frame_needed = 0, uses_anonymous_args = 0
 1306 0000 B0F92EC0 		ldrsh	ip, [r0, #46]
 1307 0004 8C45     		cmp	ip, r1
 1308 0006 10D0     		beq	.L141
 1309 0008 08B5     		push	{r3, lr}
 1310 000a B0F93220 		ldrsh	r2, [r0, #50]
 1311 000e 8A42     		cmp	r2, r1
 1312 0010 A8BF     		it	ge
 1313 0012 0A46     		movge	r2, r1
 1314 0014 B0F93030 		ldrsh	r3, [r0, #48]
 1315 0018 9342     		cmp	r3, r2
 1316 001a B8BF     		it	lt
 1317 001c 1346     		movlt	r3, r2
 1318 001e 9C45     		cmp	ip, r3
 1319 0020 02D0     		beq	.L138
 1320 0022 C385     		strh	r3, [r0, #46]	@ movhi
 1321 0024 FFF7FEFF 		bl	value_update
 1322              	.L138:
 1323 0028 08BD     		pop	{r3, pc}
 1324              	.L141:
 1325 002a 7047     		bx	lr
 1327              		.section	.text.lv_arc_set_mode,"ax",%progbits
 1328              		.align	1
 1329              		.global	lv_arc_set_mode
 1330              		.syntax unified
 1331              		.thumb
 1332              		.thumb_func
 1334              	lv_arc_set_mode:
 1335              		@ args = 0, pretend = 0, frame = 0
 1336              		@ frame_needed = 0, uses_anonymous_args = 0
 1337 0000 70B5     		push	{r4, r5, r6, lr}
 1338 0002 0446     		mov	r4, r0
 1339 0004 B0F92E60 		ldrsh	r6, [r0, #46]
 1340 0008 01F00303 		and	r3, r1, #3
 1341 000c 90F83420 		ldrb	r2, [r0, #52]	@ zero_extendqisi2
 1342 0010 63F34202 		bfi	r2, r3, #1, #2
 1343 0014 80F83420 		strb	r2, [r0, #52]
 1344 0018 4FF6FF72 		movw	r2, #65535
 1345 001c C285     		strh	r2, [r0, #46]	@ movhi
 1346 001e 818D     		ldrh	r1, [r0, #44]
 1347 0020 B0F92C20 		ldrsh	r2, [r0, #44]
 1348 0024 408D     		ldrh	r0, [r0, #42]
 1349 0026 8142     		cmp	r1, r0
 1350 0028 02D2     		bcs	.L145
ARM GAS  /var/folders/lp/x54gwt890xv47sdkqj1k04q40000gn/T//cc5Bfcmv.s 			page 24


 1351 002a 01F5B472 		add	r2, r1, #360
 1352 002e 12B2     		sxth	r2, r2
 1353              	.L145:
 1354 0030 012B     		cmp	r3, #1
 1355 0032 06D0     		beq	.L146
 1356 0034 022B     		cmp	r3, #2
 1357 0036 16D0     		beq	.L147
 1358 0038 0146     		mov	r1, r0
 1359 003a 2046     		mov	r0, r4
 1360 003c FFF7FEFF 		bl	lv_arc_set_start_angle
 1361 0040 0CE0     		b	.L149
 1362              	.L146:
 1363 0042 0244     		add	r2, r2, r0
 1364 0044 02EBD272 		add	r2, r2, r2, lsr #31
 1365 0048 C2F34F05 		ubfx	r5, r2, #1, #16
 1366 004c 2946     		mov	r1, r5
 1367 004e 2046     		mov	r0, r4
 1368 0050 FFF7FEFF 		bl	lv_arc_set_start_angle
 1369 0054 2946     		mov	r1, r5
 1370 0056 2046     		mov	r0, r4
 1371 0058 FFF7FEFF 		bl	lv_arc_set_end_angle
 1372              	.L149:
 1373 005c 3146     		mov	r1, r6
 1374 005e 2046     		mov	r0, r4
 1375 0060 FFF7FEFF 		bl	lv_arc_set_value
 1376 0064 70BD     		pop	{r4, r5, r6, pc}
 1377              	.L147:
 1378 0066 2046     		mov	r0, r4
 1379 0068 FFF7FEFF 		bl	lv_arc_set_end_angle
 1380 006c F6E7     		b	.L149
 1382              		.section	.text.lv_arc_set_range,"ax",%progbits
 1383              		.align	1
 1384              		.global	lv_arc_set_range
 1385              		.syntax unified
 1386              		.thumb
 1387              		.thumb_func
 1389              	lv_arc_set_range:
 1390              		@ args = 0, pretend = 0, frame = 0
 1391              		@ frame_needed = 0, uses_anonymous_args = 0
 1392 0000 08B5     		push	{r3, lr}
 1393 0002 B0F93030 		ldrsh	r3, [r0, #48]
 1394 0006 8B42     		cmp	r3, r1
 1395 0008 0ED0     		beq	.L158
 1396              	.L153:
 1397 000a 0186     		strh	r1, [r0, #48]	@ movhi
 1398 000c 4286     		strh	r2, [r0, #50]	@ movhi
 1399 000e B0F92E30 		ldrsh	r3, [r0, #46]
 1400 0012 8B42     		cmp	r3, r1
 1401 0014 00DA     		bge	.L155
 1402 0016 C185     		strh	r1, [r0, #46]	@ movhi
 1403              	.L155:
 1404 0018 B0F92E30 		ldrsh	r3, [r0, #46]
 1405 001c 9342     		cmp	r3, r2
 1406 001e 00DD     		ble	.L156
 1407 0020 C285     		strh	r2, [r0, #46]	@ movhi
 1408              	.L156:
 1409 0022 FFF7FEFF 		bl	value_update
ARM GAS  /var/folders/lp/x54gwt890xv47sdkqj1k04q40000gn/T//cc5Bfcmv.s 			page 25


 1410              	.L152:
 1411 0026 08BD     		pop	{r3, pc}
 1412              	.L158:
 1413 0028 B0F93230 		ldrsh	r3, [r0, #50]
 1414 002c 9342     		cmp	r3, r2
 1415 002e ECD1     		bne	.L153
 1416 0030 F9E7     		b	.L152
 1418              		.section	.text.lv_arc_set_change_rate,"ax",%progbits
 1419              		.align	1
 1420              		.global	lv_arc_set_change_rate
 1421              		.syntax unified
 1422              		.thumb
 1423              		.thumb_func
 1425              	lv_arc_set_change_rate:
 1426              		@ args = 0, pretend = 0, frame = 0
 1427              		@ frame_needed = 0, uses_anonymous_args = 0
 1428              		@ link register save eliminated.
 1429 0000 8163     		str	r1, [r0, #56]
 1430 0002 7047     		bx	lr
 1432              		.section	.text.lv_arc_get_angle_start,"ax",%progbits
 1433              		.align	1
 1434              		.global	lv_arc_get_angle_start
 1435              		.syntax unified
 1436              		.thumb
 1437              		.thumb_func
 1439              	lv_arc_get_angle_start:
 1440              		@ args = 0, pretend = 0, frame = 0
 1441              		@ frame_needed = 0, uses_anonymous_args = 0
 1442              		@ link register save eliminated.
 1443 0000 C08C     		ldrh	r0, [r0, #38]
 1444 0002 7047     		bx	lr
 1446              		.section	.text.lv_arc_get_angle_end,"ax",%progbits
 1447              		.align	1
 1448              		.global	lv_arc_get_angle_end
 1449              		.syntax unified
 1450              		.thumb
 1451              		.thumb_func
 1453              	lv_arc_get_angle_end:
 1454              		@ args = 0, pretend = 0, frame = 0
 1455              		@ frame_needed = 0, uses_anonymous_args = 0
 1456              		@ link register save eliminated.
 1457 0000 008D     		ldrh	r0, [r0, #40]
 1458 0002 7047     		bx	lr
 1460              		.section	.text.lv_arc_get_bg_angle_start,"ax",%progbits
 1461              		.align	1
 1462              		.global	lv_arc_get_bg_angle_start
 1463              		.syntax unified
 1464              		.thumb
 1465              		.thumb_func
 1467              	lv_arc_get_bg_angle_start:
 1468              		@ args = 0, pretend = 0, frame = 0
 1469              		@ frame_needed = 0, uses_anonymous_args = 0
 1470              		@ link register save eliminated.
 1471 0000 408D     		ldrh	r0, [r0, #42]
 1472 0002 7047     		bx	lr
 1474              		.section	.text.lv_arc_get_bg_angle_end,"ax",%progbits
 1475              		.align	1
ARM GAS  /var/folders/lp/x54gwt890xv47sdkqj1k04q40000gn/T//cc5Bfcmv.s 			page 26


 1476              		.global	lv_arc_get_bg_angle_end
 1477              		.syntax unified
 1478              		.thumb
 1479              		.thumb_func
 1481              	lv_arc_get_bg_angle_end:
 1482              		@ args = 0, pretend = 0, frame = 0
 1483              		@ frame_needed = 0, uses_anonymous_args = 0
 1484              		@ link register save eliminated.
 1485 0000 808D     		ldrh	r0, [r0, #44]
 1486 0002 7047     		bx	lr
 1488              		.section	.text.lv_arc_get_value,"ax",%progbits
 1489              		.align	1
 1490              		.global	lv_arc_get_value
 1491              		.syntax unified
 1492              		.thumb
 1493              		.thumb_func
 1495              	lv_arc_get_value:
 1496              		@ args = 0, pretend = 0, frame = 0
 1497              		@ frame_needed = 0, uses_anonymous_args = 0
 1498              		@ link register save eliminated.
 1499 0000 B0F92E00 		ldrsh	r0, [r0, #46]
 1500 0004 7047     		bx	lr
 1502              		.section	.text.lv_arc_event,"ax",%progbits
 1503              		.align	1
 1504              		.syntax unified
 1505              		.thumb
 1506              		.thumb_func
 1508              	lv_arc_event:
 1509              		@ args = 0, pretend = 0, frame = 16
 1510              		@ frame_needed = 0, uses_anonymous_args = 0
 1511 0000 2DE9F047 		push	{r4, r5, r6, r7, r8, r9, r10, lr}
 1512 0004 86B0     		sub	sp, sp, #24
 1513 0006 0C46     		mov	r4, r1
 1514 0008 CE48     		ldr	r0, .L217
 1515 000a FFF7FEFF 		bl	lv_obj_event_base
 1516 000e 0128     		cmp	r0, #1
 1517 0010 02D0     		beq	.L208
 1518              	.L165:
 1519 0012 06B0     		add	sp, sp, #24
 1520              		@ sp needed
 1521 0014 BDE8F087 		pop	{r4, r5, r6, r7, r8, r9, r10, pc}
 1522              	.L208:
 1523 0018 2046     		mov	r0, r4
 1524 001a FFF7FEFF 		bl	lv_event_get_code
 1525 001e 0546     		mov	r5, r0
 1526 0020 2046     		mov	r0, r4
 1527 0022 FFF7FEFF 		bl	lv_event_get_target
 1528 0026 0646     		mov	r6, r0
 1529 0028 2046     		mov	r0, r4
 1530 002a FFF7FEFF 		bl	lv_event_get_target
 1531 002e 0746     		mov	r7, r0
 1532 0030 AB1E     		subs	r3, r5, #2
 1533 0032 132B     		cmp	r3, #19
 1534 0034 EDD8     		bhi	.L165
 1535 0036 01A2     		adr	r2, .L168
 1536 0038 52F823F0 		ldr	pc, [r2, r3, lsl #2]
 1537              		.p2align 2
ARM GAS  /var/folders/lp/x54gwt890xv47sdkqj1k04q40000gn/T//cc5Bfcmv.s 			page 27


 1538              	.L168:
 1539 003c 8D000000 		.word	.L173+1
 1540 0040 87030000 		.word	.L172+1
 1541 0044 13000000 		.word	.L165+1
 1542 0048 13000000 		.word	.L165+1
 1543 004c 13000000 		.word	.L165+1
 1544 0050 13000000 		.word	.L165+1
 1545 0054 87030000 		.word	.L172+1
 1546 0058 13000000 		.word	.L165+1
 1547 005c 13000000 		.word	.L165+1
 1548 0060 13000000 		.word	.L165+1
 1549 0064 13000000 		.word	.L165+1
 1550 0068 BF030000 		.word	.L171+1
 1551 006c 13000000 		.word	.L165+1
 1552 0070 13000000 		.word	.L165+1
 1553 0074 13000000 		.word	.L165+1
 1554 0078 15040000 		.word	.L170+1
 1555 007c 13000000 		.word	.L165+1
 1556 0080 A9040000 		.word	.L169+1
 1557 0084 13000000 		.word	.L165+1
 1558 0088 69050000 		.word	.L167+1
 1559              		.p2align 1
 1560              	.L173:
 1561 008c FFF7FEFF 		bl	lv_indev_get_act
 1562 0090 0446     		mov	r4, r0
 1563 0092 0028     		cmp	r0, #0
 1564 0094 BDD0     		beq	.L165
 1565 0096 FFF7FEFF 		bl	lv_indev_get_type
 1566 009a 0128     		cmp	r0, #1
 1567 009c B9D1     		bne	.L165
 1568 009e 03A9     		add	r1, sp, #12
 1569 00a0 2046     		mov	r0, r4
 1570 00a2 FFF7FEFF 		bl	lv_indev_get_point
 1571 00a6 0DF10A02 		add	r2, sp, #10
 1572 00aa 04A9     		add	r1, sp, #16
 1573 00ac 3046     		mov	r0, r6
 1574 00ae FFF7FEFF 		bl	get_center
 1575 00b2 BDF80C30 		ldrh	r3, [sp, #12]
 1576 00b6 BDF81020 		ldrh	r2, [sp, #16]
 1577 00ba 9B1A     		subs	r3, r3, r2
 1578 00bc ADF80C30 		strh	r3, [sp, #12]	@ movhi
 1579 00c0 BDF80E30 		ldrh	r3, [sp, #14]
 1580 00c4 BDF81220 		ldrh	r2, [sp, #18]
 1581 00c8 9B1A     		subs	r3, r3, r2
 1582 00ca ADF80E30 		strh	r3, [sp, #14]	@ movhi
 1583 00ce 97F83430 		ldrb	r3, [r7, #52]	@ zero_extendqisi2
 1584 00d2 13F0010F 		tst	r3, #1
 1585 00d6 00F0B580 		beq	.L209
 1586              	.L175:
 1587 00da 97F83430 		ldrb	r3, [r7, #52]	@ zero_extendqisi2
 1588 00de 13F0010F 		tst	r3, #1
 1589 00e2 96D0     		beq	.L165
 1590 00e4 BDF90C10 		ldrsh	r1, [sp, #12]
 1591 00e8 19B9     		cbnz	r1, .L180
 1592 00ea BDF90E30 		ldrsh	r3, [sp, #14]
 1593 00ee 002B     		cmp	r3, #0
 1594 00f0 8FD0     		beq	.L165
ARM GAS  /var/folders/lp/x54gwt890xv47sdkqj1k04q40000gn/T//cc5Bfcmv.s 			page 28


 1595              	.L180:
 1596 00f2 BB8D     		ldrh	r3, [r7, #44]
 1597 00f4 B7F92C50 		ldrsh	r5, [r7, #44]
 1598 00f8 7A8D     		ldrh	r2, [r7, #42]
 1599 00fa 9342     		cmp	r3, r2
 1600 00fc 02D2     		bcs	.L181
 1601 00fe 03F5B473 		add	r3, r3, #360
 1602 0102 1DB2     		sxth	r5, r3
 1603              	.L181:
 1604 0104 BDF90E00 		ldrsh	r0, [sp, #14]
 1605 0108 FFF7FEFF 		bl	lv_atan2
 1606 010c BB8C     		ldrh	r3, [r7, #36]
 1607 010e C41A     		subs	r4, r0, r3
 1608 0110 A4B2     		uxth	r4, r4
 1609 0112 7B8D     		ldrh	r3, [r7, #42]
 1610 0114 E41A     		subs	r4, r4, r3
 1611 0116 A3B2     		uxth	r3, r4
 1612 0118 24B2     		sxth	r4, r4
 1613 011a 002C     		cmp	r4, #0
 1614 011c C0F2DB80 		blt	.L210
 1615              	.L182:
 1616 0120 BDF90A80 		ldrsh	r8, [sp, #10]
 1617 0124 4FF41D73 		mov	r3, #628
 1618 0128 03FB08F8 		mul	r8, r3, r8
 1619 012c 864B     		ldr	r3, .L217+4
 1620 012e A3FB0838 		umull	r3, r8, r3, r8
 1621 0132 4FEA5818 		lsr	r8, r8, #5
 1622 0136 0020     		movs	r0, #0
 1623 0138 FFF7FEFF 		bl	lv_disp_get_dpi
 1624 013c 3223     		movs	r3, #50
 1625 013e 00FB03F3 		mul	r3, r0, r3
 1626 0142 5033     		adds	r3, r3, #80
 1627 0144 B3F5A07F 		cmp	r3, #320
 1628 0148 80F0C980 		bcs	.L211
 1629 014c 4FF4B472 		mov	r2, #360
 1630              	.L183:
 1631 0150 97F83490 		ldrb	r9, [r7, #52]	@ zero_extendqisi2
 1632 0154 C9F3C009 		ubfx	r9, r9, #3, #1
 1633 0158 B2FBF8F2 		udiv	r2, r2, r8
 1634 015c 2146     		mov	r1, r4
 1635 015e 3046     		mov	r0, r6
 1636 0160 FFF7FEFF 		bl	lv_arc_angle_within_bg_bounds
 1637 0164 0028     		cmp	r0, #0
 1638 0166 3FF454AF 		beq	.L165
 1639 016a 1FFA85FC 		uxth	ip, r5
 1640 016e 798D     		ldrh	r1, [r7, #42]
 1641 0170 ACEB0100 		sub	r0, ip, r1
 1642 0174 00B2     		sxth	r0, r0
 1643 0176 B7F84030 		ldrh	r3, [r7, #64]
 1644 017a A3EB0108 		sub	r8, r3, r1
 1645 017e 1FFA88F8 		uxth	r8, r8
 1646 0182 CB1A     		subs	r3, r1, r3
 1647 0184 9BB2     		uxth	r3, r3
 1648 0186 1A19     		adds	r2, r3, r4
 1649 0188 12B2     		sxth	r2, r2
 1650 018a 002A     		cmp	r2, #0
 1651 018c B8BF     		it	lt
ARM GAS  /var/folders/lp/x54gwt890xv47sdkqj1k04q40000gn/T//cc5Bfcmv.s 			page 29


 1652 018e 5242     		rsblt	r2, r2, #0
 1653 0190 92B2     		uxth	r2, r2
 1654 0192 B2F58C7F 		cmp	r2, #280
 1655 0196 40F2B280 		bls	.L184
 1656 019a 97F83410 		ldrb	r1, [r7, #52]	@ zero_extendqisi2
 1657 019e 11F0080F 		tst	r1, #8
 1658 01a2 00F0B980 		beq	.L200
 1659 01a6 0024     		movs	r4, #0
 1660              	.L185:
 1661 01a8 B9F1000F 		cmp	r9, #0
 1662 01ac 40F0B880 		bne	.L212
 1663              	.L186:
 1664 01b0 B9F1000F 		cmp	r9, #0
 1665 01b4 06D1     		bne	.L187
 1666 01b6 97F83420 		ldrb	r2, [r7, #52]	@ zero_extendqisi2
 1667 01ba 02F01802 		and	r2, r2, #24
 1668 01be 082A     		cmp	r2, #8
 1669 01c0 00F0BE80 		beq	.L213
 1670              	.L187:
 1671 01c4 2344     		add	r3, r3, r4
 1672 01c6 1CB2     		sxth	r4, r3
 1673 01c8 F86B     		ldr	r0, [r7, #60]
 1674 01ca FFF7FEFF 		bl	lv_tick_elaps
 1675 01ce BB6B     		ldr	r3, [r7, #56]
 1676 01d0 00FB03F3 		mul	r3, r0, r3
 1677 01d4 5D4A     		ldr	r2, .L217+8
 1678 01d6 A2FB0323 		umull	r2, r3, r2, r3
 1679 01da 9A09     		lsrs	r2, r3, #6
 1680 01dc C3F38F13 		ubfx	r3, r3, #6, #16
 1681 01e0 9C42     		cmp	r4, r3
 1682 01e2 40F3B780 		ble	.L188
 1683 01e6 14B2     		sxth	r4, r2
 1684              	.L189:
 1685 01e8 08EB0400 		add	r0, r8, r4
 1686 01ec 798D     		ldrh	r1, [r7, #42]
 1687 01ee 6A1A     		subs	r2, r5, r1
 1688 01f0 D200     		lsls	r2, r2, #3
 1689 01f2 B7F93240 		ldrsh	r4, [r7, #50]
 1690 01f6 B7F93030 		ldrsh	r3, [r7, #48]
 1691 01fa A4EB030C 		sub	ip, r4, r3
 1692 01fe 92FBFCF2 		sdiv	r2, r2, ip
 1693 0202 0432     		adds	r2, r2, #4
 1694 0204 1211     		asrs	r2, r2, #4
 1695 0206 12FA80F0 		uxtah	r0, r2, r0
 1696 020a 11FA80F0 		uxtah	r0, r1, r0
 1697 020e B7F92E80 		ldrsh	r8, [r7, #46]
 1698 0212 0094     		str	r4, [sp]
 1699 0214 2A46     		mov	r2, r5
 1700 0216 00B2     		sxth	r0, r0
 1701 0218 FFF7FEFF 		bl	lv_map
 1702 021c 04B2     		sxth	r4, r0
 1703 021e 3046     		mov	r0, r6
 1704 0220 FFF7FEFF 		bl	lv_arc_get_value
 1705 0224 A042     		cmp	r0, r4
 1706 0226 40F09B80 		bne	.L214
 1707              	.L190:
 1708 022a B7F93030 		ldrsh	r3, [r7, #48]
ARM GAS  /var/folders/lp/x54gwt890xv47sdkqj1k04q40000gn/T//cc5Bfcmv.s 			page 30


 1709 022e A342     		cmp	r3, r4
 1710 0230 04D0     		beq	.L191
 1711 0232 B7F93230 		ldrsh	r3, [r7, #50]
 1712 0236 A342     		cmp	r3, r4
 1713 0238 7FF4EBAE 		bne	.L165
 1714              	.L191:
 1715 023c FFF7FEFF 		bl	lv_tick_get
 1716 0240 F863     		str	r0, [r7, #60]
 1717 0242 E6E6     		b	.L165
 1718              	.L209:
 1719 0244 5022     		movs	r2, #80
 1720 0246 4FF40031 		mov	r1, #131072
 1721 024a 3046     		mov	r0, r6
 1722 024c FFF7FEFF 		bl	lv_obj_get_style_prop
 1723 0250 05B2     		sxth	r5, r0
 1724 0252 84B2     		uxth	r4, r0
 1725 0254 BDF80A30 		ldrh	r3, [sp, #10]
 1726 0258 1B1B     		subs	r3, r3, r4
 1727 025a ADF80A30 		strh	r3, [sp, #10]	@ movhi
 1728 025e 4FF48031 		mov	r1, #65536
 1729 0262 3046     		mov	r0, r6
 1730 0264 FFF7FEFF 		bl	lv_obj_has_flag
 1731 0268 08B3     		cbz	r0, .L176
 1732 026a BDF80A30 		ldrh	r3, [sp, #10]
 1733 026e 1B1B     		subs	r3, r3, r4
 1734 0270 ADF80A30 		strh	r3, [sp, #10]	@ movhi
 1735              	.L177:
 1736 0274 BDF90A30 		ldrsh	r3, [sp, #10]
 1737 0278 002B     		cmp	r3, #0
 1738 027a 28DD     		ble	.L215
 1739              	.L179:
 1740 027c BDF90C30 		ldrsh	r3, [sp, #12]
 1741 0280 BDF90E20 		ldrsh	r2, [sp, #14]
 1742 0284 02FB02F2 		mul	r2, r2, r2
 1743 0288 03FB0322 		mla	r2, r3, r3, r2
 1744 028c BDF90A30 		ldrsh	r3, [sp, #10]
 1745 0290 03FB03F3 		mul	r3, r3, r3
 1746 0294 9A42     		cmp	r2, r3
 1747 0296 7FF720AF 		ble	.L175
 1748 029a 97F83430 		ldrb	r3, [r7, #52]	@ zero_extendqisi2
 1749 029e 43F00103 		orr	r3, r3, #1
 1750 02a2 87F83430 		strb	r3, [r7, #52]
 1751 02a6 FFF7FEFF 		bl	lv_tick_get
 1752 02aa F863     		str	r0, [r7, #60]
 1753 02ac 15E7     		b	.L175
 1754              	.L176:
 1755 02ae BDF90A20 		ldrsh	r2, [sp, #10]
 1756 02b2 1346     		mov	r3, r2
 1757 02b4 002A     		cmp	r2, #0
 1758 02b6 08DB     		blt	.L216
 1759              	.L178:
 1760 02b8 9B10     		asrs	r3, r3, #2
 1761 02ba AB42     		cmp	r3, r5
 1762 02bc B8BF     		it	lt
 1763 02be 2B46     		movlt	r3, r5
 1764 02c0 9BB2     		uxth	r3, r3
 1765 02c2 D21A     		subs	r2, r2, r3
ARM GAS  /var/folders/lp/x54gwt890xv47sdkqj1k04q40000gn/T//cc5Bfcmv.s 			page 31


 1766 02c4 ADF80A20 		strh	r2, [sp, #10]	@ movhi
 1767 02c8 D4E7     		b	.L177
 1768              	.L216:
 1769 02ca D31C     		adds	r3, r2, #3
 1770 02cc F4E7     		b	.L178
 1771              	.L215:
 1772 02ce 0123     		movs	r3, #1
 1773 02d0 ADF80A30 		strh	r3, [sp, #10]	@ movhi
 1774 02d4 D2E7     		b	.L179
 1775              	.L210:
 1776 02d6 03F5B473 		add	r3, r3, #360
 1777 02da 1CB2     		sxth	r4, r3
 1778 02dc 20E7     		b	.L182
 1779              	.L211:
 1780 02de 0020     		movs	r0, #0
 1781 02e0 FFF7FEFF 		bl	lv_disp_get_dpi
 1782 02e4 3223     		movs	r3, #50
 1783 02e6 03FB00F2 		mul	r2, r3, r0
 1784 02ea 5032     		adds	r2, r2, #80
 1785 02ec 184B     		ldr	r3, .L217+12
 1786 02ee A3FB0232 		umull	r3, r2, r3, r2
 1787 02f2 D209     		lsrs	r2, r2, #7
 1788 02f4 4FF4B473 		mov	r3, #360
 1789 02f8 03FB02F2 		mul	r2, r3, r2
 1790 02fc 28E7     		b	.L183
 1791              	.L184:
 1792 02fe 97F834E0 		ldrb	lr, [r7, #52]	@ zero_extendqisi2
 1793 0302 1EF0100F 		tst	lr, #16
 1794 0306 7FF44FAF 		bne	.L185
 1795 030a 1EF0080F 		tst	lr, #8
 1796 030e 05D0     		beq	.L201
 1797 0310 A1EB0C01 		sub	r1, r1, ip
 1798 0314 0CB2     		sxth	r4, r1
 1799 0316 47E7     		b	.L185
 1800              	.L200:
 1801 0318 0446     		mov	r4, r0
 1802 031a 45E7     		b	.L185
 1803              	.L201:
 1804 031c 0446     		mov	r4, r0
 1805 031e 43E7     		b	.L185
 1806              	.L212:
 1807 0320 97F83410 		ldrb	r1, [r7, #52]	@ zero_extendqisi2
 1808 0324 11F0080F 		tst	r1, #8
 1809 0328 7FF442AF 		bne	.L186
 1810 032c 11F0100F 		tst	r1, #16
 1811 0330 7FF43EAF 		bne	.L186
 1812 0334 B2F58C7F 		cmp	r2, #280
 1813 0338 7FF63AAF 		bls	.L186
 1814 033c 0024     		movs	r4, #0
 1815 033e 41E7     		b	.L187
 1816              	.L213:
 1817 0340 0446     		mov	r4, r0
 1818 0342 3FE7     		b	.L187
 1819              	.L218:
 1820              		.align	2
 1821              	.L217:
 1822 0344 00000000 		.word	lv_arc_class
ARM GAS  /var/folders/lp/x54gwt890xv47sdkqj1k04q40000gn/T//cc5Bfcmv.s 			page 32


 1823 0348 1F85EB51 		.word	1374389535
 1824 034c D34D6210 		.word	274877907
 1825 0350 CDCCCCCC 		.word	-858993459
 1826              	.L188:
 1827 0354 5A42     		rsbs	r2, r3, #0
 1828 0356 9442     		cmp	r4, r2
 1829 0358 BFF646AF 		bge	.L189
 1830 035c 14B2     		sxth	r4, r2
 1831 035e 43E7     		b	.L189
 1832              	.L214:
 1833 0360 FFF7FEFF 		bl	lv_tick_get
 1834 0364 F863     		str	r0, [r7, #60]
 1835 0366 2146     		mov	r1, r4
 1836 0368 3046     		mov	r0, r6
 1837 036a FFF7FEFF 		bl	lv_arc_set_value
 1838 036e A045     		cmp	r8, r4
 1839 0370 3FF45BAF 		beq	.L190
 1840 0374 0022     		movs	r2, #0
 1841 0376 1C21     		movs	r1, #28
 1842 0378 3046     		mov	r0, r6
 1843 037a FFF7FEFF 		bl	lv_event_send
 1844 037e 0128     		cmp	r0, #1
 1845 0380 7FF447AE 		bne	.L165
 1846 0384 51E7     		b	.L190
 1847              	.L172:
 1848 0386 90F83430 		ldrb	r3, [r0, #52]	@ zero_extendqisi2
 1849 038a 23F00103 		bic	r3, r3, #1
 1850 038e 80F83430 		strb	r3, [r0, #52]
 1851 0392 3046     		mov	r0, r6
 1852 0394 FFF7FEFF 		bl	lv_obj_get_group
 1853 0398 0546     		mov	r5, r0
 1854 039a FFF7FEFF 		bl	lv_group_get_editing
 1855 039e 0446     		mov	r4, r0
 1856 03a0 FFF7FEFF 		bl	lv_indev_get_act
 1857 03a4 FFF7FEFF 		bl	lv_indev_get_type
 1858 03a8 0428     		cmp	r0, #4
 1859 03aa 7FF432AE 		bne	.L165
 1860 03ae 002C     		cmp	r4, #0
 1861 03b0 3FF42FAE 		beq	.L165
 1862 03b4 0021     		movs	r1, #0
 1863 03b6 2846     		mov	r0, r5
 1864 03b8 FFF7FEFF 		bl	lv_group_set_editing
 1865 03bc 29E6     		b	.L165
 1866              	.L171:
 1867 03be 2046     		mov	r0, r4
 1868 03c0 FFF7FEFF 		bl	lv_event_get_param
 1869 03c4 0378     		ldrb	r3, [r0]	@ zero_extendqisi2
 1870 03c6 B7F92E40 		ldrsh	r4, [r7, #46]
 1871 03ca 113B     		subs	r3, r3, #17
 1872 03cc 032B     		cmp	r3, #3
 1873 03ce 0CD8     		bhi	.L193
 1874 03d0 DFE803F0 		tbb	[pc, r3]
 1875              	.L195:
 1876 03d4 02       		.byte	(.L196-.L195)/2
 1877 03d5 16       		.byte	(.L194-.L195)/2
 1878 03d6 02       		.byte	(.L196-.L195)/2
 1879 03d7 16       		.byte	(.L194-.L195)/2
ARM GAS  /var/folders/lp/x54gwt890xv47sdkqj1k04q40000gn/T//cc5Bfcmv.s 			page 33


 1880              		.p2align 1
 1881              	.L196:
 1882 03d8 3046     		mov	r0, r6
 1883 03da FFF7FEFF 		bl	lv_arc_get_value
 1884 03de 81B2     		uxth	r1, r0
 1885 03e0 0131     		adds	r1, r1, #1
 1886 03e2 09B2     		sxth	r1, r1
 1887 03e4 3046     		mov	r0, r6
 1888 03e6 FFF7FEFF 		bl	lv_arc_set_value
 1889              	.L193:
 1890 03ea B7F92E30 		ldrsh	r3, [r7, #46]
 1891 03ee A342     		cmp	r3, r4
 1892 03f0 3FF40FAE 		beq	.L165
 1893 03f4 0022     		movs	r2, #0
 1894 03f6 1C21     		movs	r1, #28
 1895 03f8 3046     		mov	r0, r6
 1896 03fa FFF7FEFF 		bl	lv_event_send
 1897 03fe 08E6     		b	.L165
 1898              	.L194:
 1899 0400 3046     		mov	r0, r6
 1900 0402 FFF7FEFF 		bl	lv_arc_get_value
 1901 0406 81B2     		uxth	r1, r0
 1902 0408 0139     		subs	r1, r1, #1
 1903 040a 09B2     		sxth	r1, r1
 1904 040c 3046     		mov	r0, r6
 1905 040e FFF7FEFF 		bl	lv_arc_set_value
 1906 0412 EAE7     		b	.L193
 1907              	.L170:
 1908 0414 2046     		mov	r0, r4
 1909 0416 FFF7FEFF 		bl	lv_event_get_param
 1910 041a 0746     		mov	r7, r0
 1911 041c 0DF10A02 		add	r2, sp, #10
 1912 0420 03A9     		add	r1, sp, #12
 1913 0422 3046     		mov	r0, r6
 1914 0424 FFF7FEFF 		bl	get_center
 1915 0428 B368     		ldr	r3, [r6, #8]
 1916 042a 5BB3     		cbz	r3, .L204
 1917 042c B3F91440 		ldrsh	r4, [r3, #20]
 1918              	.L197:
 1919 0430 5022     		movs	r2, #80
 1920 0432 0021     		movs	r1, #0
 1921 0434 3046     		mov	r0, r6
 1922 0436 FFF7FEFF 		bl	lv_obj_get_style_prop
 1923 043a BDF80A10 		ldrh	r1, [sp, #10]
 1924 043e 85B2     		uxth	r5, r0
 1925 0440 A6B2     		uxth	r6, r4
 1926 0442 AA19     		adds	r2, r5, r6
 1927 0444 92B2     		uxth	r2, r2
 1928 0446 8C1A     		subs	r4, r1, r2
 1929 0448 A4B2     		uxth	r4, r4
 1930 044a ADF80A40 		strh	r4, [sp, #10]	@ movhi
 1931 044e BDF80C30 		ldrh	r3, [sp, #12]
 1932 0452 521A     		subs	r2, r2, r1
 1933 0454 9918     		adds	r1, r3, r2
 1934 0456 BDF80E00 		ldrh	r0, [sp, #14]
 1935 045a 0244     		add	r2, r2, r0
 1936 045c 2344     		add	r3, r3, r4
ARM GAS  /var/folders/lp/x54gwt890xv47sdkqj1k04q40000gn/T//cc5Bfcmv.s 			page 34


 1937 045e 0444     		add	r4, r4, r0
 1938 0460 24B2     		sxth	r4, r4
 1939 0462 0094     		str	r4, [sp]
 1940 0464 1BB2     		sxth	r3, r3
 1941 0466 12B2     		sxth	r2, r2
 1942 0468 09B2     		sxth	r1, r1
 1943 046a 04A8     		add	r0, sp, #16
 1944 046c FFF7FEFF 		bl	lv_area_set
 1945 0470 47F6FF72 		movw	r2, #32767
 1946 0474 3968     		ldr	r1, [r7]
 1947 0476 04A8     		add	r0, sp, #16
 1948 0478 FFF7FEFF 		bl	_lv_area_is_point_on
 1949 047c 20B1     		cbz	r0, .L198
 1950 047e 0023     		movs	r3, #0
 1951 0480 3B71     		strb	r3, [r7, #4]
 1952 0482 C6E5     		b	.L165
 1953              	.L204:
 1954 0484 0024     		movs	r4, #0
 1955 0486 D3E7     		b	.L197
 1956              	.L198:
 1957 0488 7600     		lsls	r6, r6, #1
 1958 048a B6B2     		uxth	r6, r6
 1959 048c A919     		adds	r1, r5, r6
 1960 048e 09B2     		sxth	r1, r1
 1961 0490 0A46     		mov	r2, r1
 1962 0492 04A8     		add	r0, sp, #16
 1963 0494 FFF7FEFF 		bl	lv_area_increase
 1964 0498 47F6FF72 		movw	r2, #32767
 1965 049c 3968     		ldr	r1, [r7]
 1966 049e 04A8     		add	r0, sp, #16
 1967 04a0 FFF7FEFF 		bl	_lv_area_is_point_on
 1968 04a4 3871     		strb	r0, [r7, #4]
 1969 04a6 B4E5     		b	.L165
 1970              	.L169:
 1971 04a8 1222     		movs	r2, #18
 1972 04aa 0021     		movs	r1, #0
 1973 04ac 3046     		mov	r0, r6
 1974 04ae FFF7FEFF 		bl	lv_obj_get_style_prop
 1975 04b2 0FFA80F8 		sxth	r8, r0
 1976 04b6 1322     		movs	r2, #19
 1977 04b8 0021     		movs	r1, #0
 1978 04ba 3046     		mov	r0, r6
 1979 04bc FFF7FEFF 		bl	lv_obj_get_style_prop
 1980 04c0 05B2     		sxth	r5, r0
 1981 04c2 1022     		movs	r2, #16
 1982 04c4 0021     		movs	r1, #0
 1983 04c6 3046     		mov	r0, r6
 1984 04c8 FFF7FEFF 		bl	lv_obj_get_style_prop
 1985 04cc 0FFA80F9 		sxth	r9, r0
 1986 04d0 1122     		movs	r2, #17
 1987 04d2 0021     		movs	r1, #0
 1988 04d4 3046     		mov	r0, r6
 1989 04d6 FFF7FEFF 		bl	lv_obj_get_style_prop
 1990 04da 07B2     		sxth	r7, r0
 1991 04dc 4F45     		cmp	r7, r9
 1992 04de B8BF     		it	lt
 1993 04e0 4F46     		movlt	r7, r9
ARM GAS  /var/folders/lp/x54gwt890xv47sdkqj1k04q40000gn/T//cc5Bfcmv.s 			page 35


 1994 04e2 4545     		cmp	r5, r8
 1995 04e4 B8BF     		it	lt
 1996 04e6 4546     		movlt	r5, r8
 1997 04e8 AF42     		cmp	r7, r5
 1998 04ea B8BF     		it	lt
 1999 04ec 2F46     		movlt	r7, r5
 2000 04ee 1222     		movs	r2, #18
 2001 04f0 4FF44031 		mov	r1, #196608
 2002 04f4 3046     		mov	r0, r6
 2003 04f6 FFF7FEFF 		bl	lv_obj_get_style_prop
 2004 04fa 0FFA80F9 		sxth	r9, r0
 2005 04fe 1322     		movs	r2, #19
 2006 0500 4FF44031 		mov	r1, #196608
 2007 0504 3046     		mov	r0, r6
 2008 0506 FFF7FEFF 		bl	lv_obj_get_style_prop
 2009 050a 0FFA80F8 		sxth	r8, r0
 2010 050e 1022     		movs	r2, #16
 2011 0510 4FF44031 		mov	r1, #196608
 2012 0514 3046     		mov	r0, r6
 2013 0516 FFF7FEFF 		bl	lv_obj_get_style_prop
 2014 051a 0FFA80FA 		sxth	r10, r0
 2015 051e 1122     		movs	r2, #17
 2016 0520 4FF44031 		mov	r1, #196608
 2017 0524 3046     		mov	r0, r6
 2018 0526 FFF7FEFF 		bl	lv_obj_get_style_prop
 2019 052a 05B2     		sxth	r5, r0
 2020 052c 5545     		cmp	r5, r10
 2021 052e B8BF     		it	lt
 2022 0530 5546     		movlt	r5, r10
 2023 0532 C845     		cmp	r8, r9
 2024 0534 B8BF     		it	lt
 2025 0536 C846     		movlt	r8, r9
 2026 0538 4545     		cmp	r5, r8
 2027 053a B8BF     		it	lt
 2028 053c 4546     		movlt	r5, r8
 2029 053e ADB2     		uxth	r5, r5
 2030 0540 0235     		adds	r5, r5, #2
 2031 0542 ADB2     		uxth	r5, r5
 2032 0544 ED1B     		subs	r5, r5, r7
 2033 0546 ADB2     		uxth	r5, r5
 2034 0548 3046     		mov	r0, r6
 2035 054a FFF7FEFF 		bl	knob_get_extra_size
 2036 054e 15FA80F5 		uxtah	r5, r5, r0
 2037 0552 2DB2     		sxth	r5, r5
 2038 0554 2046     		mov	r0, r4
 2039 0556 FFF7FEFF 		bl	lv_event_get_param
 2040 055a B0F90030 		ldrsh	r3, [r0]
 2041 055e AB42     		cmp	r3, r5
 2042 0560 B8BF     		it	lt
 2043 0562 2B46     		movlt	r3, r5
 2044 0564 0380     		strh	r3, [r0]	@ movhi
 2045 0566 54E5     		b	.L165
 2046              	.L167:
 2047 0568 2046     		mov	r0, r4
 2048 056a FFF7FEFF 		bl	lv_arc_draw
 2049 056e 50E5     		b	.L165
 2051              		.section	.text.lv_arc_get_min_value,"ax",%progbits
ARM GAS  /var/folders/lp/x54gwt890xv47sdkqj1k04q40000gn/T//cc5Bfcmv.s 			page 36


 2052              		.align	1
 2053              		.global	lv_arc_get_min_value
 2054              		.syntax unified
 2055              		.thumb
 2056              		.thumb_func
 2058              	lv_arc_get_min_value:
 2059              		@ args = 0, pretend = 0, frame = 0
 2060              		@ frame_needed = 0, uses_anonymous_args = 0
 2061              		@ link register save eliminated.
 2062 0000 B0F93000 		ldrsh	r0, [r0, #48]
 2063 0004 7047     		bx	lr
 2065              		.section	.text.lv_arc_get_max_value,"ax",%progbits
 2066              		.align	1
 2067              		.global	lv_arc_get_max_value
 2068              		.syntax unified
 2069              		.thumb
 2070              		.thumb_func
 2072              	lv_arc_get_max_value:
 2073              		@ args = 0, pretend = 0, frame = 0
 2074              		@ frame_needed = 0, uses_anonymous_args = 0
 2075              		@ link register save eliminated.
 2076 0000 B0F93200 		ldrsh	r0, [r0, #50]
 2077 0004 7047     		bx	lr
 2079              		.section	.text.lv_arc_get_mode,"ax",%progbits
 2080              		.align	1
 2081              		.global	lv_arc_get_mode
 2082              		.syntax unified
 2083              		.thumb
 2084              		.thumb_func
 2086              	lv_arc_get_mode:
 2087              		@ args = 0, pretend = 0, frame = 0
 2088              		@ frame_needed = 0, uses_anonymous_args = 0
 2089              		@ link register save eliminated.
 2090 0000 90F83400 		ldrb	r0, [r0, #52]	@ zero_extendqisi2
 2091 0004 C0F34100 		ubfx	r0, r0, #1, #2
 2092 0008 7047     		bx	lr
 2094              		.section	.text.lv_arc_align_obj_to_angle,"ax",%progbits
 2095              		.align	1
 2096              		.global	lv_arc_align_obj_to_angle
 2097              		.syntax unified
 2098              		.thumb
 2099              		.thumb_func
 2101              	lv_arc_align_obj_to_angle:
 2102              		@ args = 0, pretend = 0, frame = 8
 2103              		@ frame_needed = 0, uses_anonymous_args = 0
 2104 0000 0029     		cmp	r1, #0
 2105 0002 42D0     		beq	.L224
 2106 0004 2DE9F041 		push	{r4, r5, r6, r7, r8, lr}
 2107 0008 84B0     		sub	sp, sp, #16
 2108 000a 0546     		mov	r5, r0
 2109 000c 1446     		mov	r4, r2
 2110 000e 0E46     		mov	r6, r1
 2111 0010 FFF7FEFF 		bl	lv_obj_update_layout
 2112 0014 0DF10A02 		add	r2, sp, #10
 2113 0018 03A9     		add	r1, sp, #12
 2114 001a 2846     		mov	r0, r5
 2115 001c FFF7FEFF 		bl	get_center
ARM GAS  /var/folders/lp/x54gwt890xv47sdkqj1k04q40000gn/T//cc5Bfcmv.s 			page 37


 2116 0020 5022     		movs	r2, #80
 2117 0022 4FF40031 		mov	r1, #131072
 2118 0026 2846     		mov	r0, r5
 2119 0028 FFF7FEFF 		bl	lv_obj_get_style_prop
 2120 002c C0F3C033 		ubfx	r3, r0, #15, #1
 2121 0030 03FA80F0 		sxtah	r0, r3, r0
 2122 0034 BDF80A30 		ldrh	r3, [sp, #10]
 2123 0038 A3EB6003 		sub	r3, r3, r0, asr #1
 2124 003c 9BB2     		uxth	r3, r3
 2125 003e ADF80A30 		strh	r3, [sp, #10]	@ movhi
 2126 0042 2344     		add	r3, r3, r4
 2127 0044 1CB2     		sxth	r4, r3
 2128 0046 ADF80A40 		strh	r4, [sp, #10]	@ movhi
 2129 004a 2846     		mov	r0, r5
 2130 004c FFF7FEFF 		bl	get_angle
 2131 0050 8046     		mov	r8, r0
 2132 0052 80B2     		uxth	r0, r0
 2133 0054 5A30     		adds	r0, r0, #90
 2134 0056 00B2     		sxth	r0, r0
 2135 0058 FFF7FEFF 		bl	lv_trigo_sin
 2136 005c 00FB04F4 		mul	r4, r0, r4
 2137 0060 44F3CF34 		sbfx	r4, r4, #15, #16
 2138 0064 BDF90A70 		ldrsh	r7, [sp, #10]
 2139 0068 4046     		mov	r0, r8
 2140 006a FFF7FEFF 		bl	lv_trigo_sin
 2141 006e 00FB07F3 		mul	r3, r0, r7
 2142 0072 43F3CF33 		sbfx	r3, r3, #15, #16
 2143 0076 0093     		str	r3, [sp]
 2144 0078 2346     		mov	r3, r4
 2145 007a 0922     		movs	r2, #9
 2146 007c 2946     		mov	r1, r5
 2147 007e 3046     		mov	r0, r6
 2148 0080 FFF7FEFF 		bl	lv_obj_align_to
 2149 0084 04B0     		add	sp, sp, #16
 2150              		@ sp needed
 2151 0086 BDE8F081 		pop	{r4, r5, r6, r7, r8, pc}
 2152              	.L224:
 2153 008a FEE7     		b	.L224
 2155              		.section	.text.lv_arc_rotate_obj_to_angle,"ax",%progbits
 2156              		.align	1
 2157              		.global	lv_arc_rotate_obj_to_angle
 2158              		.syntax unified
 2159              		.thumb
 2160              		.thumb_func
 2162              	lv_arc_rotate_obj_to_angle:
 2163              		@ args = 0, pretend = 0, frame = 8
 2164              		@ frame_needed = 0, uses_anonymous_args = 0
 2165 0000 0029     		cmp	r1, #0
 2166 0002 51D0     		beq	.L229
 2167 0004 F0B5     		push	{r4, r5, r6, r7, lr}
 2168 0006 85B0     		sub	sp, sp, #20
 2169 0008 0446     		mov	r4, r0
 2170 000a 1646     		mov	r6, r2
 2171 000c 0D46     		mov	r5, r1
 2172 000e FFF7FEFF 		bl	lv_obj_update_layout
 2173 0012 0DF10A02 		add	r2, sp, #10
 2174 0016 03A9     		add	r1, sp, #12
ARM GAS  /var/folders/lp/x54gwt890xv47sdkqj1k04q40000gn/T//cc5Bfcmv.s 			page 38


 2175 0018 2046     		mov	r0, r4
 2176 001a FFF7FEFF 		bl	get_center
 2177 001e 5022     		movs	r2, #80
 2178 0020 4FF40031 		mov	r1, #131072
 2179 0024 2046     		mov	r0, r4
 2180 0026 FFF7FEFF 		bl	lv_obj_get_style_prop
 2181 002a C0F3C033 		ubfx	r3, r0, #15, #1
 2182 002e 03FA80F3 		sxtah	r3, r3, r0
 2183 0032 BDF80A00 		ldrh	r0, [sp, #10]
 2184 0036 C3F34F03 		ubfx	r3, r3, #1, #16
 2185 003a C11A     		subs	r1, r0, r3
 2186 003c 89B2     		uxth	r1, r1
 2187 003e ADF80A10 		strh	r1, [sp, #10]	@ movhi
 2188 0042 B2B2     		uxth	r2, r6
 2189 0044 1144     		add	r1, r1, r2
 2190 0046 ADF80A10 		strh	r1, [sp, #10]	@ movhi
 2191 004a 1B1A     		subs	r3, r3, r0
 2192 004c 9B1A     		subs	r3, r3, r2
 2193 004e 1BB2     		sxth	r3, r3
 2194 0050 0093     		str	r3, [sp]
 2195 0052 0023     		movs	r3, #0
 2196 0054 0922     		movs	r2, #9
 2197 0056 2146     		mov	r1, r4
 2198 0058 2846     		mov	r0, r5
 2199 005a FFF7FEFF 		bl	lv_obj_align_to
 2200 005e 2046     		mov	r0, r4
 2201 0060 FFF7FEFF 		bl	lv_obj_update_layout
 2202 0064 2046     		mov	r0, r4
 2203 0066 FFF7FEFF 		bl	get_angle
 2204 006a 84B2     		uxth	r4, r0
 2205 006c AB8A     		ldrh	r3, [r5, #20]
 2206 006e BDF80C10 		ldrh	r1, [sp, #12]
 2207 0072 EF8A     		ldrh	r7, [r5, #22]
 2208 0074 BDF80E60 		ldrh	r6, [sp, #14]
 2209 0078 C91A     		subs	r1, r1, r3
 2210 007a 0022     		movs	r2, #0
 2211 007c 09B2     		sxth	r1, r1
 2212 007e 2846     		mov	r0, r5
 2213 0080 FFF7FEFF 		bl	lv_obj_set_style_transform_pivot_x
 2214 0084 F11B     		subs	r1, r6, r7
 2215 0086 0022     		movs	r2, #0
 2216 0088 09B2     		sxth	r1, r1
 2217 008a 2846     		mov	r0, r5
 2218 008c FFF7FEFF 		bl	lv_obj_set_style_transform_pivot_y
 2219 0090 04EB8401 		add	r1, r4, r4, lsl #2
 2220 0094 4900     		lsls	r1, r1, #1
 2221 0096 01F56171 		add	r1, r1, #900
 2222 009a 0022     		movs	r2, #0
 2223 009c 09B2     		sxth	r1, r1
 2224 009e 2846     		mov	r0, r5
 2225 00a0 FFF7FEFF 		bl	lv_obj_set_style_transform_angle
 2226 00a4 05B0     		add	sp, sp, #20
 2227              		@ sp needed
 2228 00a6 F0BD     		pop	{r4, r5, r6, r7, pc}
 2229              	.L229:
 2230 00a8 FEE7     		b	.L229
 2232              		.global	lv_arc_class
ARM GAS  /var/folders/lp/x54gwt890xv47sdkqj1k04q40000gn/T//cc5Bfcmv.s 			page 39


 2233              		.section	.rodata.lv_arc_class,"a"
 2234              		.align	2
 2237              	lv_arc_class:
 2238 0000 00000000 		.word	lv_obj_class
 2239 0004 00000000 		.word	lv_arc_constructor
 2240 0008 00000000 		.space	8
 2240      00000000 
 2241 0010 00000000 		.word	lv_arc_event
 2242 0014 00000000 		.space	4
 2243 0018 41       		.byte	65
 2244 0019 04       		.byte	4
 2245 001a 00       		.byte	0
 2246 001b 00       		.space	1
 2247              		.ident	"GCC: (xPack GNU Arm Embedded GCC arm64) 13.3.1 20240614"
ARM GAS  /var/folders/lp/x54gwt890xv47sdkqj1k04q40000gn/T//cc5Bfcmv.s 			page 40


DEFINED SYMBOLS
                            *ABS*:00000000 lv_arc.c
/var/folders/lp/x54gwt890xv47sdkqj1k04q40000gn/T//cc5Bfcmv.s:18     .text.get_angle:00000000 $t
/var/folders/lp/x54gwt890xv47sdkqj1k04q40000gn/T//cc5Bfcmv.s:23     .text.get_angle:00000000 get_angle
/var/folders/lp/x54gwt890xv47sdkqj1k04q40000gn/T//cc5Bfcmv.s:85     .text.lv_arc_angle_within_bg_bounds:00000000 $t
/var/folders/lp/x54gwt890xv47sdkqj1k04q40000gn/T//cc5Bfcmv.s:90     .text.lv_arc_angle_within_bg_bounds:00000000 lv_arc_angle_within_bg_bounds
/var/folders/lp/x54gwt890xv47sdkqj1k04q40000gn/T//cc5Bfcmv.s:224    .text.get_center:00000000 $t
/var/folders/lp/x54gwt890xv47sdkqj1k04q40000gn/T//cc5Bfcmv.s:229    .text.get_center:00000000 get_center
/var/folders/lp/x54gwt890xv47sdkqj1k04q40000gn/T//cc5Bfcmv.s:302    .text.knob_get_extra_size:00000000 $t
/var/folders/lp/x54gwt890xv47sdkqj1k04q40000gn/T//cc5Bfcmv.s:307    .text.knob_get_extra_size:00000000 knob_get_extra_size
/var/folders/lp/x54gwt890xv47sdkqj1k04q40000gn/T//cc5Bfcmv.s:385    .text.get_knob_area:00000000 $t
/var/folders/lp/x54gwt890xv47sdkqj1k04q40000gn/T//cc5Bfcmv.s:390    .text.get_knob_area:00000000 get_knob_area
/var/folders/lp/x54gwt890xv47sdkqj1k04q40000gn/T//cc5Bfcmv.s:470    .text.lv_arc_draw:00000000 $t
/var/folders/lp/x54gwt890xv47sdkqj1k04q40000gn/T//cc5Bfcmv.s:475    .text.lv_arc_draw:00000000 lv_arc_draw
/var/folders/lp/x54gwt890xv47sdkqj1k04q40000gn/T//cc5Bfcmv.s:661    .text.lv_arc_draw:000001b8 $d
/var/folders/lp/x54gwt890xv47sdkqj1k04q40000gn/T//cc5Bfcmv.s:2237   .rodata.lv_arc_class:00000000 lv_arc_class
/var/folders/lp/x54gwt890xv47sdkqj1k04q40000gn/T//cc5Bfcmv.s:664    .text.lv_arc_constructor:00000000 $t
/var/folders/lp/x54gwt890xv47sdkqj1k04q40000gn/T//cc5Bfcmv.s:669    .text.lv_arc_constructor:00000000 lv_arc_constructor
/var/folders/lp/x54gwt890xv47sdkqj1k04q40000gn/T//cc5Bfcmv.s:718    .text.inv_arc_area:00000000 $t
/var/folders/lp/x54gwt890xv47sdkqj1k04q40000gn/T//cc5Bfcmv.s:723    .text.inv_arc_area:00000000 inv_arc_area
/var/folders/lp/x54gwt890xv47sdkqj1k04q40000gn/T//cc5Bfcmv.s:797    .text.inv_knob_area:00000000 $t
/var/folders/lp/x54gwt890xv47sdkqj1k04q40000gn/T//cc5Bfcmv.s:802    .text.inv_knob_area:00000000 inv_knob_area
/var/folders/lp/x54gwt890xv47sdkqj1k04q40000gn/T//cc5Bfcmv.s:834    .text.lv_arc_create:00000000 $t
/var/folders/lp/x54gwt890xv47sdkqj1k04q40000gn/T//cc5Bfcmv.s:840    .text.lv_arc_create:00000000 lv_arc_create
/var/folders/lp/x54gwt890xv47sdkqj1k04q40000gn/T//cc5Bfcmv.s:854    .text.lv_arc_create:00000014 $d
/var/folders/lp/x54gwt890xv47sdkqj1k04q40000gn/T//cc5Bfcmv.s:857    .text.lv_arc_set_start_angle:00000000 $t
/var/folders/lp/x54gwt890xv47sdkqj1k04q40000gn/T//cc5Bfcmv.s:863    .text.lv_arc_set_start_angle:00000000 lv_arc_set_start_angle
/var/folders/lp/x54gwt890xv47sdkqj1k04q40000gn/T//cc5Bfcmv.s:930    .text.lv_arc_set_end_angle:00000000 $t
/var/folders/lp/x54gwt890xv47sdkqj1k04q40000gn/T//cc5Bfcmv.s:936    .text.lv_arc_set_end_angle:00000000 lv_arc_set_end_angle
/var/folders/lp/x54gwt890xv47sdkqj1k04q40000gn/T//cc5Bfcmv.s:1003   .text.lv_arc_set_angles:00000000 $t
/var/folders/lp/x54gwt890xv47sdkqj1k04q40000gn/T//cc5Bfcmv.s:1009   .text.lv_arc_set_angles:00000000 lv_arc_set_angles
/var/folders/lp/x54gwt890xv47sdkqj1k04q40000gn/T//cc5Bfcmv.s:1023   .text.value_update:00000000 $t
/var/folders/lp/x54gwt890xv47sdkqj1k04q40000gn/T//cc5Bfcmv.s:1028   .text.value_update:00000000 value_update
/var/folders/lp/x54gwt890xv47sdkqj1k04q40000gn/T//cc5Bfcmv.s:1120   .text.lv_arc_set_bg_start_angle:00000000 $t
/var/folders/lp/x54gwt890xv47sdkqj1k04q40000gn/T//cc5Bfcmv.s:1126   .text.lv_arc_set_bg_start_angle:00000000 lv_arc_set_bg_start_angle
/var/folders/lp/x54gwt890xv47sdkqj1k04q40000gn/T//cc5Bfcmv.s:1191   .text.lv_arc_set_bg_end_angle:00000000 $t
/var/folders/lp/x54gwt890xv47sdkqj1k04q40000gn/T//cc5Bfcmv.s:1197   .text.lv_arc_set_bg_end_angle:00000000 lv_arc_set_bg_end_angle
/var/folders/lp/x54gwt890xv47sdkqj1k04q40000gn/T//cc5Bfcmv.s:1262   .text.lv_arc_set_bg_angles:00000000 $t
/var/folders/lp/x54gwt890xv47sdkqj1k04q40000gn/T//cc5Bfcmv.s:1268   .text.lv_arc_set_bg_angles:00000000 lv_arc_set_bg_angles
/var/folders/lp/x54gwt890xv47sdkqj1k04q40000gn/T//cc5Bfcmv.s:1282   .text.lv_arc_set_rotation:00000000 $t
/var/folders/lp/x54gwt890xv47sdkqj1k04q40000gn/T//cc5Bfcmv.s:1288   .text.lv_arc_set_rotation:00000000 lv_arc_set_rotation
/var/folders/lp/x54gwt890xv47sdkqj1k04q40000gn/T//cc5Bfcmv.s:1297   .text.lv_arc_set_value:00000000 $t
/var/folders/lp/x54gwt890xv47sdkqj1k04q40000gn/T//cc5Bfcmv.s:1303   .text.lv_arc_set_value:00000000 lv_arc_set_value
/var/folders/lp/x54gwt890xv47sdkqj1k04q40000gn/T//cc5Bfcmv.s:1328   .text.lv_arc_set_mode:00000000 $t
/var/folders/lp/x54gwt890xv47sdkqj1k04q40000gn/T//cc5Bfcmv.s:1334   .text.lv_arc_set_mode:00000000 lv_arc_set_mode
/var/folders/lp/x54gwt890xv47sdkqj1k04q40000gn/T//cc5Bfcmv.s:1383   .text.lv_arc_set_range:00000000 $t
/var/folders/lp/x54gwt890xv47sdkqj1k04q40000gn/T//cc5Bfcmv.s:1389   .text.lv_arc_set_range:00000000 lv_arc_set_range
/var/folders/lp/x54gwt890xv47sdkqj1k04q40000gn/T//cc5Bfcmv.s:1419   .text.lv_arc_set_change_rate:00000000 $t
/var/folders/lp/x54gwt890xv47sdkqj1k04q40000gn/T//cc5Bfcmv.s:1425   .text.lv_arc_set_change_rate:00000000 lv_arc_set_change_rate
/var/folders/lp/x54gwt890xv47sdkqj1k04q40000gn/T//cc5Bfcmv.s:1433   .text.lv_arc_get_angle_start:00000000 $t
/var/folders/lp/x54gwt890xv47sdkqj1k04q40000gn/T//cc5Bfcmv.s:1439   .text.lv_arc_get_angle_start:00000000 lv_arc_get_angle_start
/var/folders/lp/x54gwt890xv47sdkqj1k04q40000gn/T//cc5Bfcmv.s:1447   .text.lv_arc_get_angle_end:00000000 $t
/var/folders/lp/x54gwt890xv47sdkqj1k04q40000gn/T//cc5Bfcmv.s:1453   .text.lv_arc_get_angle_end:00000000 lv_arc_get_angle_end
/var/folders/lp/x54gwt890xv47sdkqj1k04q40000gn/T//cc5Bfcmv.s:1461   .text.lv_arc_get_bg_angle_start:00000000 $t
/var/folders/lp/x54gwt890xv47sdkqj1k04q40000gn/T//cc5Bfcmv.s:1467   .text.lv_arc_get_bg_angle_start:00000000 lv_arc_get_bg_angle_start
/var/folders/lp/x54gwt890xv47sdkqj1k04q40000gn/T//cc5Bfcmv.s:1475   .text.lv_arc_get_bg_angle_end:00000000 $t
/var/folders/lp/x54gwt890xv47sdkqj1k04q40000gn/T//cc5Bfcmv.s:1481   .text.lv_arc_get_bg_angle_end:00000000 lv_arc_get_bg_angle_end
ARM GAS  /var/folders/lp/x54gwt890xv47sdkqj1k04q40000gn/T//cc5Bfcmv.s 			page 41


/var/folders/lp/x54gwt890xv47sdkqj1k04q40000gn/T//cc5Bfcmv.s:1489   .text.lv_arc_get_value:00000000 $t
/var/folders/lp/x54gwt890xv47sdkqj1k04q40000gn/T//cc5Bfcmv.s:1495   .text.lv_arc_get_value:00000000 lv_arc_get_value
/var/folders/lp/x54gwt890xv47sdkqj1k04q40000gn/T//cc5Bfcmv.s:1503   .text.lv_arc_event:00000000 $t
/var/folders/lp/x54gwt890xv47sdkqj1k04q40000gn/T//cc5Bfcmv.s:1508   .text.lv_arc_event:00000000 lv_arc_event
/var/folders/lp/x54gwt890xv47sdkqj1k04q40000gn/T//cc5Bfcmv.s:1539   .text.lv_arc_event:0000003c $d
/var/folders/lp/x54gwt890xv47sdkqj1k04q40000gn/T//cc5Bfcmv.s:1559   .text.lv_arc_event:0000008c $t
/var/folders/lp/x54gwt890xv47sdkqj1k04q40000gn/T//cc5Bfcmv.s:1822   .text.lv_arc_event:00000344 $d
/var/folders/lp/x54gwt890xv47sdkqj1k04q40000gn/T//cc5Bfcmv.s:1827   .text.lv_arc_event:00000354 $t
/var/folders/lp/x54gwt890xv47sdkqj1k04q40000gn/T//cc5Bfcmv.s:1876   .text.lv_arc_event:000003d4 $d
/var/folders/lp/x54gwt890xv47sdkqj1k04q40000gn/T//cc5Bfcmv.s:1880   .text.lv_arc_event:000003d8 $t
/var/folders/lp/x54gwt890xv47sdkqj1k04q40000gn/T//cc5Bfcmv.s:2052   .text.lv_arc_get_min_value:00000000 $t
/var/folders/lp/x54gwt890xv47sdkqj1k04q40000gn/T//cc5Bfcmv.s:2058   .text.lv_arc_get_min_value:00000000 lv_arc_get_min_value
/var/folders/lp/x54gwt890xv47sdkqj1k04q40000gn/T//cc5Bfcmv.s:2066   .text.lv_arc_get_max_value:00000000 $t
/var/folders/lp/x54gwt890xv47sdkqj1k04q40000gn/T//cc5Bfcmv.s:2072   .text.lv_arc_get_max_value:00000000 lv_arc_get_max_value
/var/folders/lp/x54gwt890xv47sdkqj1k04q40000gn/T//cc5Bfcmv.s:2080   .text.lv_arc_get_mode:00000000 $t
/var/folders/lp/x54gwt890xv47sdkqj1k04q40000gn/T//cc5Bfcmv.s:2086   .text.lv_arc_get_mode:00000000 lv_arc_get_mode
/var/folders/lp/x54gwt890xv47sdkqj1k04q40000gn/T//cc5Bfcmv.s:2095   .text.lv_arc_align_obj_to_angle:00000000 $t
/var/folders/lp/x54gwt890xv47sdkqj1k04q40000gn/T//cc5Bfcmv.s:2101   .text.lv_arc_align_obj_to_angle:00000000 lv_arc_align_obj_to_angle
/var/folders/lp/x54gwt890xv47sdkqj1k04q40000gn/T//cc5Bfcmv.s:2156   .text.lv_arc_rotate_obj_to_angle:00000000 $t
/var/folders/lp/x54gwt890xv47sdkqj1k04q40000gn/T//cc5Bfcmv.s:2162   .text.lv_arc_rotate_obj_to_angle:00000000 lv_arc_rotate_obj_to_angle
/var/folders/lp/x54gwt890xv47sdkqj1k04q40000gn/T//cc5Bfcmv.s:2234   .rodata.lv_arc_class:00000000 $d

UNDEFINED SYMBOLS
lv_obj_get_style_prop
lv_obj_get_width
lv_obj_get_height
lv_trigo_sin
lv_event_get_target
lv_event_get_draw_ctx
lv_obj_draw_dsc_init
lv_draw_rect_dsc_init
lv_obj_init_draw_rect_dsc
lv_event_send
lv_draw_rect
lv_draw_arc_dsc_init
lv_obj_init_draw_arc_dsc
lv_draw_arc
lv_tick_get
lv_obj_add_flag
lv_obj_clear_flag
lv_obj_set_ext_click_area
lv_obj_is_visible
lv_draw_arc_get_area
lv_obj_invalidate_area
lv_area_increase
lv_obj_class_create_obj
lv_obj_class_init_obj
lv_obj_invalidate
lv_map
lv_obj_event_base
lv_event_get_code
lv_indev_get_act
lv_indev_get_type
lv_indev_get_point
lv_atan2
lv_disp_get_dpi
lv_tick_elaps
ARM GAS  /var/folders/lp/x54gwt890xv47sdkqj1k04q40000gn/T//cc5Bfcmv.s 			page 42


lv_obj_has_flag
lv_obj_get_group
lv_group_get_editing
lv_group_set_editing
lv_event_get_param
lv_area_set
_lv_area_is_point_on
lv_obj_update_layout
lv_obj_align_to
lv_obj_set_style_transform_pivot_x
lv_obj_set_style_transform_pivot_y
lv_obj_set_style_transform_angle
lv_obj_class
