ARM GAS  /var/folders/lp/x54gwt890xv47sdkqj1k04q40000gn/T//ccMaqyjf.s 			page 1


   1              		.cpu cortex-m4
   2              		.arch armv7e-m
   3              		.fpu fpv4-sp-d16
   4              		.eabi_attribute 27, 1
   5              		.eabi_attribute 28, 1
   6              		.eabi_attribute 20, 1
   7              		.eabi_attribute 21, 1
   8              		.eabi_attribute 23, 3
   9              		.eabi_attribute 24, 1
  10              		.eabi_attribute 25, 1
  11              		.eabi_attribute 26, 1
  12              		.eabi_attribute 30, 1
  13              		.eabi_attribute 34, 1
  14              		.eabi_attribute 18, 4
  15              		.file	"lv_async.c"
  16              		.text
  17              		.section	.text.lv_async_timer_cb,"ax",%progbits
  18              		.align	1
  19              		.syntax unified
  20              		.thumb
  21              		.thumb_func
  23              	lv_async_timer_cb:
  24              		@ args = 0, pretend = 0, frame = 0
  25              		@ frame_needed = 0, uses_anonymous_args = 0
  26 0000 10B5     		push	{r4, lr}
  27 0002 C468     		ldr	r4, [r0, #12]
  28 0004 2368     		ldr	r3, [r4]
  29 0006 6068     		ldr	r0, [r4, #4]
  30 0008 9847     		blx	r3
  31 000a 2046     		mov	r0, r4
  32 000c FFF7FEFF 		bl	lv_mem_free
  33 0010 10BD     		pop	{r4, pc}
  35              		.section	.text.lv_async_call,"ax",%progbits
  36              		.align	1
  37              		.global	lv_async_call
  38              		.syntax unified
  39              		.thumb
  40              		.thumb_func
  42              	lv_async_call:
  43              		@ args = 0, pretend = 0, frame = 0
  44              		@ frame_needed = 0, uses_anonymous_args = 0
  45 0000 70B5     		push	{r4, r5, r6, lr}
  46 0002 0546     		mov	r5, r0
  47 0004 0C46     		mov	r4, r1
  48 0006 0820     		movs	r0, #8
  49 0008 FFF7FEFF 		bl	lv_mem_alloc
  50 000c 90B1     		cbz	r0, .L6
  51 000e 0646     		mov	r6, r0
  52 0010 0246     		mov	r2, r0
  53 0012 0021     		movs	r1, #0
  54 0014 0848     		ldr	r0, .L9
  55 0016 FFF7FEFF 		bl	lv_timer_create
  56 001a 30B1     		cbz	r0, .L8
  57 001c 3560     		str	r5, [r6]
  58 001e 7460     		str	r4, [r6, #4]
  59 0020 0121     		movs	r1, #1
  60 0022 FFF7FEFF 		bl	lv_timer_set_repeat_count
ARM GAS  /var/folders/lp/x54gwt890xv47sdkqj1k04q40000gn/T//ccMaqyjf.s 			page 2


  61 0026 0120     		movs	r0, #1
  62              	.L4:
  63 0028 70BD     		pop	{r4, r5, r6, pc}
  64              	.L8:
  65 002a 3046     		mov	r0, r6
  66 002c FFF7FEFF 		bl	lv_mem_free
  67 0030 0020     		movs	r0, #0
  68 0032 F9E7     		b	.L4
  69              	.L6:
  70 0034 0020     		movs	r0, #0
  71 0036 F7E7     		b	.L4
  72              	.L10:
  73              		.align	2
  74              	.L9:
  75 0038 00000000 		.word	lv_async_timer_cb
  77              		.section	.text.lv_async_call_cancel,"ax",%progbits
  78              		.align	1
  79              		.global	lv_async_call_cancel
  80              		.syntax unified
  81              		.thumb
  82              		.thumb_func
  84              	lv_async_call_cancel:
  85              		@ args = 0, pretend = 0, frame = 0
  86              		@ frame_needed = 0, uses_anonymous_args = 0
  87 0000 2DE9F843 		push	{r3, r4, r5, r6, r7, r8, r9, lr}
  88 0004 0646     		mov	r6, r0
  89 0006 0F46     		mov	r7, r1
  90 0008 0020     		movs	r0, #0
  91 000a FFF7FEFF 		bl	lv_timer_get_next
  92 000e 0446     		mov	r4, r0
  93 0010 4FF00008 		mov	r8, #0
  94 0014 00E0     		b	.L12
  95              	.L13:
  96 0016 2C46     		mov	r4, r5
  97              	.L12:
  98 0018 D4B1     		cbz	r4, .L16
  99 001a 2046     		mov	r0, r4
 100 001c FFF7FEFF 		bl	lv_timer_get_next
 101 0020 0546     		mov	r5, r0
 102 0022 A268     		ldr	r2, [r4, #8]
 103 0024 0C4B     		ldr	r3, .L17
 104 0026 9A42     		cmp	r2, r3
 105 0028 F5D1     		bne	.L13
 106 002a D4F80C90 		ldr	r9, [r4, #12]
 107 002e D9F80030 		ldr	r3, [r9]
 108 0032 B342     		cmp	r3, r6
 109 0034 EFD1     		bne	.L13
 110 0036 D9F80430 		ldr	r3, [r9, #4]
 111 003a BB42     		cmp	r3, r7
 112 003c EBD1     		bne	.L13
 113 003e 2046     		mov	r0, r4
 114 0040 FFF7FEFF 		bl	lv_timer_del
 115 0044 4846     		mov	r0, r9
 116 0046 FFF7FEFF 		bl	lv_mem_free
 117 004a 4FF00108 		mov	r8, #1
 118 004e E2E7     		b	.L13
 119              	.L16:
ARM GAS  /var/folders/lp/x54gwt890xv47sdkqj1k04q40000gn/T//ccMaqyjf.s 			page 3


 120 0050 4046     		mov	r0, r8
 121 0052 BDE8F883 		pop	{r3, r4, r5, r6, r7, r8, r9, pc}
 122              	.L18:
 123 0056 00BF     		.align	2
 124              	.L17:
 125 0058 00000000 		.word	lv_async_timer_cb
 127              		.ident	"GCC: (xPack GNU Arm Embedded GCC arm64) 13.3.1 20240614"
ARM GAS  /var/folders/lp/x54gwt890xv47sdkqj1k04q40000gn/T//ccMaqyjf.s 			page 4


DEFINED SYMBOLS
                            *ABS*:00000000 lv_async.c
/var/folders/lp/x54gwt890xv47sdkqj1k04q40000gn/T//ccMaqyjf.s:18     .text.lv_async_timer_cb:00000000 $t
/var/folders/lp/x54gwt890xv47sdkqj1k04q40000gn/T//ccMaqyjf.s:23     .text.lv_async_timer_cb:00000000 lv_async_timer_cb
/var/folders/lp/x54gwt890xv47sdkqj1k04q40000gn/T//ccMaqyjf.s:36     .text.lv_async_call:00000000 $t
/var/folders/lp/x54gwt890xv47sdkqj1k04q40000gn/T//ccMaqyjf.s:42     .text.lv_async_call:00000000 lv_async_call
/var/folders/lp/x54gwt890xv47sdkqj1k04q40000gn/T//ccMaqyjf.s:75     .text.lv_async_call:00000038 $d
/var/folders/lp/x54gwt890xv47sdkqj1k04q40000gn/T//ccMaqyjf.s:78     .text.lv_async_call_cancel:00000000 $t
/var/folders/lp/x54gwt890xv47sdkqj1k04q40000gn/T//ccMaqyjf.s:84     .text.lv_async_call_cancel:00000000 lv_async_call_cancel
/var/folders/lp/x54gwt890xv47sdkqj1k04q40000gn/T//ccMaqyjf.s:125    .text.lv_async_call_cancel:00000058 $d

UNDEFINED SYMBOLS
lv_mem_free
lv_mem_alloc
lv_timer_create
lv_timer_set_repeat_count
lv_timer_get_next
lv_timer_del
