ARM GAS  /var/folders/lp/x54gwt890xv47sdkqj1k04q40000gn/T//ccfNAqse.s 			page 1


   1              		.cpu cortex-m4
   2              		.arch armv7e-m
   3              		.fpu fpv4-sp-d16
   4              		.eabi_attribute 27, 1
   5              		.eabi_attribute 28, 1
   6              		.eabi_attribute 20, 1
   7              		.eabi_attribute 21, 1
   8              		.eabi_attribute 23, 3
   9              		.eabi_attribute 24, 1
  10              		.eabi_attribute 25, 1
  11              		.eabi_attribute 26, 1
  12              		.eabi_attribute 30, 1
  13              		.eabi_attribute 34, 1
  14              		.eabi_attribute 18, 4
  15              		.file	"lv_btn.c"
  16              		.text
  17              		.section	.text.lv_btn_constructor,"ax",%progbits
  18              		.align	1
  19              		.syntax unified
  20              		.thumb
  21              		.thumb_func
  23              	lv_btn_constructor:
  24              		@ args = 0, pretend = 0, frame = 0
  25              		@ frame_needed = 0, uses_anonymous_args = 0
  26 0000 10B5     		push	{r4, lr}
  27 0002 0C46     		mov	r4, r1
  28 0004 1021     		movs	r1, #16
  29 0006 2046     		mov	r0, r4
  30 0008 FFF7FEFF 		bl	lv_obj_clear_flag
  31 000c 4FF48061 		mov	r1, #1024
  32 0010 2046     		mov	r0, r4
  33 0012 FFF7FEFF 		bl	lv_obj_add_flag
  34 0016 10BD     		pop	{r4, pc}
  36              		.section	.text.lv_btn_create,"ax",%progbits
  37              		.align	1
  38              		.global	lv_btn_create
  39              		.syntax unified
  40              		.thumb
  41              		.thumb_func
  43              	lv_btn_create:
  44              		@ args = 0, pretend = 0, frame = 0
  45              		@ frame_needed = 0, uses_anonymous_args = 0
  46 0000 10B5     		push	{r4, lr}
  47 0002 0146     		mov	r1, r0
  48 0004 0348     		ldr	r0, .L5
  49 0006 FFF7FEFF 		bl	lv_obj_class_create_obj
  50 000a 0446     		mov	r4, r0
  51 000c FFF7FEFF 		bl	lv_obj_class_init_obj
  52 0010 2046     		mov	r0, r4
  53 0012 10BD     		pop	{r4, pc}
  54              	.L6:
  55              		.align	2
  56              	.L5:
  57 0014 00000000 		.word	lv_btn_class
  59              		.global	lv_btn_class
  60              		.section	.rodata.lv_btn_class,"a"
  61              		.align	2
ARM GAS  /var/folders/lp/x54gwt890xv47sdkqj1k04q40000gn/T//ccfNAqse.s 			page 2


  64              	lv_btn_class:
  65 0000 00000000 		.word	lv_obj_class
  66 0004 00000000 		.word	lv_btn_constructor
  67 0008 00000000 		.space	12
  67      00000000 
  67      00000000 
  68 0014 D127     		.short	10193
  69 0016 D127     		.short	10193
  70 0018 44       		.byte	68
  71 0019 02       		.byte	2
  72 001a 00       		.byte	0
  73 001b 00       		.space	1
  74              		.ident	"GCC: (xPack GNU Arm Embedded GCC arm64) 13.3.1 20240614"
ARM GAS  /var/folders/lp/x54gwt890xv47sdkqj1k04q40000gn/T//ccfNAqse.s 			page 3


DEFINED SYMBOLS
                            *ABS*:00000000 lv_btn.c
/var/folders/lp/x54gwt890xv47sdkqj1k04q40000gn/T//ccfNAqse.s:18     .text.lv_btn_constructor:00000000 $t
/var/folders/lp/x54gwt890xv47sdkqj1k04q40000gn/T//ccfNAqse.s:23     .text.lv_btn_constructor:00000000 lv_btn_constructor
/var/folders/lp/x54gwt890xv47sdkqj1k04q40000gn/T//ccfNAqse.s:37     .text.lv_btn_create:00000000 $t
/var/folders/lp/x54gwt890xv47sdkqj1k04q40000gn/T//ccfNAqse.s:43     .text.lv_btn_create:00000000 lv_btn_create
/var/folders/lp/x54gwt890xv47sdkqj1k04q40000gn/T//ccfNAqse.s:57     .text.lv_btn_create:00000014 $d
/var/folders/lp/x54gwt890xv47sdkqj1k04q40000gn/T//ccfNAqse.s:64     .rodata.lv_btn_class:00000000 lv_btn_class
/var/folders/lp/x54gwt890xv47sdkqj1k04q40000gn/T//ccfNAqse.s:61     .rodata.lv_btn_class:00000000 $d

UNDEFINED SYMBOLS
lv_obj_clear_flag
lv_obj_add_flag
lv_obj_class_create_obj
lv_obj_class_init_obj
lv_obj_class
