ARM GAS  /var/folders/lp/x54gwt890xv47sdkqj1k04q40000gn/T//ccXDvwZk.s 			page 1


   1              		.cpu cortex-m4
   2              		.arch armv7e-m
   3              		.fpu fpv4-sp-d16
   4              		.eabi_attribute 27, 1
   5              		.eabi_attribute 28, 1
   6              		.eabi_attribute 20, 1
   7              		.eabi_attribute 21, 1
   8              		.eabi_attribute 23, 3
   9              		.eabi_attribute 24, 1
  10              		.eabi_attribute 25, 1
  11              		.eabi_attribute 26, 1
  12              		.eabi_attribute 30, 1
  13              		.eabi_attribute 34, 1
  14              		.eabi_attribute 18, 4
  15              		.file	"lv_draw_transform.c"
  16              		.text
  17              		.section	.text.lv_draw_transform,"ax",%progbits
  18              		.align	1
  19              		.global	lv_draw_transform
  20              		.syntax unified
  21              		.thumb
  22              		.thumb_func
  24              	lv_draw_transform:
  25              		@ args = 24, pretend = 0, frame = 0
  26              		@ frame_needed = 0, uses_anonymous_args = 0
  27 0000 B8B1     		cbz	r0, .L3
  28 0002 10B5     		push	{r4, lr}
  29 0004 86B0     		sub	sp, sp, #24
  30 0006 8446     		mov	ip, r0
  31 0008 C46A     		ldr	r4, [r0, #44]
  32 000a 84B1     		cbz	r4, .L1
  33 000c 0D98     		ldr	r0, [sp, #52]
  34 000e 0590     		str	r0, [sp, #20]
  35 0010 0C98     		ldr	r0, [sp, #48]
  36 0012 0490     		str	r0, [sp, #16]
  37 0014 9DF82C00 		ldrb	r0, [sp, #44]	@ zero_extendqisi2
  38 0018 0390     		str	r0, [sp, #12]
  39 001a 0A98     		ldr	r0, [sp, #40]
  40 001c 0290     		str	r0, [sp, #8]
  41 001e BDF92400 		ldrsh	r0, [sp, #36]
  42 0022 0190     		str	r0, [sp, #4]
  43 0024 BDF92000 		ldrsh	r0, [sp, #32]
  44 0028 0090     		str	r0, [sp]
  45 002a 6046     		mov	r0, ip
  46 002c A047     		blx	r4
  47              	.L1:
  48 002e 06B0     		add	sp, sp, #24
  49              		@ sp needed
  50 0030 10BD     		pop	{r4, pc}
  51              	.L3:
  52 0032 FEE7     		b	.L3
  54              		.ident	"GCC: (xPack GNU Arm Embedded GCC arm64) 13.3.1 20240614"
ARM GAS  /var/folders/lp/x54gwt890xv47sdkqj1k04q40000gn/T//ccXDvwZk.s 			page 2


DEFINED SYMBOLS
                            *ABS*:00000000 lv_draw_transform.c
/var/folders/lp/x54gwt890xv47sdkqj1k04q40000gn/T//ccXDvwZk.s:18     .text.lv_draw_transform:00000000 $t
/var/folders/lp/x54gwt890xv47sdkqj1k04q40000gn/T//ccXDvwZk.s:24     .text.lv_draw_transform:00000000 lv_draw_transform

NO UNDEFINED SYMBOLS
