ARM GAS  /var/folders/lp/x54gwt890xv47sdkqj1k04q40000gn/T//ccqbPm5T.s 			page 1


   1              		.cpu cortex-m4
   2              		.arch armv7e-m
   3              		.fpu fpv4-sp-d16
   4              		.eabi_attribute 27, 1
   5              		.eabi_attribute 28, 1
   6              		.eabi_attribute 20, 1
   7              		.eabi_attribute 21, 1
   8              		.eabi_attribute 23, 3
   9              		.eabi_attribute 24, 1
  10              		.eabi_attribute 25, 1
  11              		.eabi_attribute 26, 1
  12              		.eabi_attribute 30, 1
  13              		.eabi_attribute 34, 1
  14              		.eabi_attribute 18, 4
  15              		.file	"lv_draw.c"
  16              		.text
  17              		.section	.text.lv_draw_init,"ax",%progbits
  18              		.align	1
  19              		.global	lv_draw_init
  20              		.syntax unified
  21              		.thumb
  22              		.thumb_func
  24              	lv_draw_init:
  25              		@ args = 0, pretend = 0, frame = 0
  26              		@ frame_needed = 0, uses_anonymous_args = 0
  27              		@ link register save eliminated.
  28 0000 7047     		bx	lr
  30              		.section	.text.lv_draw_wait_for_finish,"ax",%progbits
  31              		.align	1
  32              		.global	lv_draw_wait_for_finish
  33              		.syntax unified
  34              		.thumb
  35              		.thumb_func
  37              	lv_draw_wait_for_finish:
  38              		@ args = 0, pretend = 0, frame = 0
  39              		@ frame_needed = 0, uses_anonymous_args = 0
  40 0000 08B5     		push	{r3, lr}
  41 0002 436B     		ldr	r3, [r0, #52]
  42 0004 03B1     		cbz	r3, .L2
  43 0006 9847     		blx	r3
  44              	.L2:
  45 0008 08BD     		pop	{r3, pc}
  47              		.ident	"GCC: (xPack GNU Arm Embedded GCC arm64) 13.3.1 20240614"
ARM GAS  /var/folders/lp/x54gwt890xv47sdkqj1k04q40000gn/T//ccqbPm5T.s 			page 2


DEFINED SYMBOLS
                            *ABS*:00000000 lv_draw.c
/var/folders/lp/x54gwt890xv47sdkqj1k04q40000gn/T//ccqbPm5T.s:18     .text.lv_draw_init:00000000 $t
/var/folders/lp/x54gwt890xv47sdkqj1k04q40000gn/T//ccqbPm5T.s:24     .text.lv_draw_init:00000000 lv_draw_init
/var/folders/lp/x54gwt890xv47sdkqj1k04q40000gn/T//ccqbPm5T.s:31     .text.lv_draw_wait_for_finish:00000000 $t
/var/folders/lp/x54gwt890xv47sdkqj1k04q40000gn/T//ccqbPm5T.s:37     .text.lv_draw_wait_for_finish:00000000 lv_draw_wait_for_finish

NO UNDEFINED SYMBOLS
