ARM GAS  /var/folders/lp/x54gwt890xv47sdkqj1k04q40000gn/T//ccDtAGCv.s 			page 1


   1              		.cpu cortex-m4
   2              		.arch armv7e-m
   3              		.fpu fpv4-sp-d16
   4              		.eabi_attribute 27, 1
   5              		.eabi_attribute 28, 1
   6              		.eabi_attribute 20, 1
   7              		.eabi_attribute 21, 1
   8              		.eabi_attribute 23, 3
   9              		.eabi_attribute 24, 1
  10              		.eabi_attribute 25, 1
  11              		.eabi_attribute 26, 1
  12              		.eabi_attribute 30, 1
  13              		.eabi_attribute 34, 1
  14              		.eabi_attribute 18, 4
  15              		.file	"lv_draw_sw_layer.c"
  16              		.text
  17              		.section	.text.lv_draw_sw_layer_create,"ax",%progbits
  18              		.align	1
  19              		.global	lv_draw_sw_layer_create
  20              		.syntax unified
  21              		.thumb
  22              		.thumb_func
  24              	lv_draw_sw_layer_create:
  25              		@ args = 0, pretend = 0, frame = 0
  26              		@ frame_needed = 0, uses_anonymous_args = 0
  27 0000 12F0010F 		tst	r2, #1
  28 0004 7CD1     		bne	.L6
  29 0006 70B5     		push	{r4, r5, r6, lr}
  30 0008 0646     		mov	r6, r0
  31 000a 0C46     		mov	r4, r1
  32 000c 1546     		mov	r5, r2
  33 000e 12F0020F 		tst	r2, #2
  34 0012 44D0     		beq	.L3
  35 0014 8B6A     		ldr	r3, [r1, #40]
  36 0016 4FF4C042 		mov	r2, #24576
  37 001a 62F31E03 		bfi	r3, r2, #0, #31
  38 001e 8B62     		str	r3, [r1, #40]
  39 0020 0846     		mov	r0, r1
  40 0022 FFF7FEFF 		bl	lv_area_get_size
  41 0026 4200     		lsls	r2, r0, #1
  42 0028 A36A     		ldr	r3, [r4, #40]
  43 002a C3F31E03 		ubfx	r3, r3, #0, #31
  44 002e B3EB400F 		cmp	r3, r0, lsl #1
  45 0032 03D9     		bls	.L4
  46 0034 A36A     		ldr	r3, [r4, #40]
  47 0036 62F31E03 		bfi	r3, r2, #0, #31
  48 003a A362     		str	r3, [r4, #40]
  49              	.L4:
  50 003c A06A     		ldr	r0, [r4, #40]
  51 003e 20F00040 		bic	r0, r0, #-2147483648
  52 0042 FFF7FEFF 		bl	lv_mem_alloc
  53 0046 6061     		str	r0, [r4, #20]
  54 0048 E8B1     		cbz	r0, .L11
  55              	.L5:
  56 004a 04F10803 		add	r3, r4, #8
  57 004e 94E80300 		ldm	r4, {r0, r1}
  58 0052 83E80300 		stm	r3, {r0, r1}
ARM GAS  /var/folders/lp/x54gwt890xv47sdkqj1k04q40000gn/T//ccDtAGCv.s 			page 2


  59 0056 B4F90230 		ldrsh	r3, [r4, #2]
  60 005a E381     		strh	r3, [r4, #14]	@ movhi
  61 005c A289     		ldrh	r2, [r4, #12]
  62 005e 2389     		ldrh	r3, [r4, #8]
  63 0060 D21A     		subs	r2, r2, r3
  64 0062 92B2     		uxth	r2, r2
  65 0064 0132     		adds	r2, r2, #1
  66 0066 12B2     		sxth	r2, r2
  67 0068 A36A     		ldr	r3, [r4, #40]
  68 006a C3F31E03 		ubfx	r3, r3, #0, #31
  69 006e 93FBF2F3 		sdiv	r3, r3, r2
  70 0072 244A     		ldr	r2, .L12
  71 0074 82FB0312 		smull	r1, r2, r2, r3
  72 0078 A2EBE372 		sub	r2, r2, r3, asr #31
  73 007c 2282     		strh	r2, [r4, #16]	@ movhi
  74 007e 5B08     		lsrs	r3, r3, #1
  75 0080 6382     		strh	r3, [r4, #18]	@ movhi
  76 0082 2046     		mov	r0, r4
  77              	.L1:
  78 0084 70BD     		pop	{r4, r5, r6, pc}
  79              	.L11:
  80 0086 A36A     		ldr	r3, [r4, #40]
  81 0088 4FF44060 		mov	r0, #3072
  82 008c 60F31E03 		bfi	r3, r0, #0, #31
  83 0090 A362     		str	r3, [r4, #40]
  84 0092 FFF7FEFF 		bl	lv_mem_alloc
  85 0096 6061     		str	r0, [r4, #20]
  86 0098 0028     		cmp	r0, #0
  87 009a D6D1     		bne	.L5
  88 009c F2E7     		b	.L1
  89              	.L3:
  90 009e 01F10803 		add	r3, r1, #8
  91 00a2 D1E90001 		ldrd	r0, r1, [r1]
  92 00a6 83E80300 		stm	r3, {r0, r1}
  93 00aa 2046     		mov	r0, r4
  94 00ac FFF7FEFF 		bl	lv_area_get_size
  95 00b0 4000     		lsls	r0, r0, #1
  96 00b2 20F00040 		bic	r0, r0, #-2147483648
  97 00b6 A36A     		ldr	r3, [r4, #40]
  98 00b8 60F31E03 		bfi	r3, r0, #0, #31
  99 00bc A362     		str	r3, [r4, #40]
 100 00be FFF7FEFF 		bl	lv_mem_alloc
 101 00c2 6061     		str	r0, [r4, #20]
 102 00c4 A16A     		ldr	r1, [r4, #40]
 103 00c6 21F00041 		bic	r1, r1, #-2147483648
 104 00ca FFF7FEFF 		bl	lv_memset_00
 105 00ce 05F00105 		and	r5, r5, #1
 106 00d2 94F82B30 		ldrb	r3, [r4, #43]	@ zero_extendqisi2
 107 00d6 65F3C713 		bfi	r3, r5, #7, #1
 108 00da 84F82B30 		strb	r3, [r4, #43]
 109 00de 6069     		ldr	r0, [r4, #20]
 110 00e0 0028     		cmp	r0, #0
 111 00e2 CFD0     		beq	.L1
 112 00e4 3060     		str	r0, [r6]
 113 00e6 04F10803 		add	r3, r4, #8
 114 00ea 7360     		str	r3, [r6, #4]
 115 00ec B360     		str	r3, [r6, #8]
ARM GAS  /var/folders/lp/x54gwt890xv47sdkqj1k04q40000gn/T//ccDtAGCv.s 			page 3


 116 00ee FFF7FEFF 		bl	_lv_refr_get_disp_refreshing
 117 00f2 0368     		ldr	r3, [r0]
 118 00f4 1A7C     		ldrb	r2, [r3, #16]	@ zero_extendqisi2
 119 00f6 65F38612 		bfi	r2, r5, #6, #1
 120 00fa 1A74     		strb	r2, [r3, #16]
 121 00fc 2046     		mov	r0, r4
 122 00fe C1E7     		b	.L1
 123              	.L6:
 124 0100 0020     		movs	r0, #0
 125 0102 7047     		bx	lr
 126              	.L13:
 127              		.align	2
 128              	.L12:
 129 0104 56555555 		.word	1431655766
 131              		.section	.text.lv_draw_sw_layer_adjust,"ax",%progbits
 132              		.align	1
 133              		.global	lv_draw_sw_layer_adjust
 134              		.syntax unified
 135              		.thumb
 136              		.thumb_func
 138              	lv_draw_sw_layer_adjust:
 139              		@ args = 0, pretend = 0, frame = 0
 140              		@ frame_needed = 0, uses_anonymous_args = 0
 141 0000 F8B5     		push	{r3, r4, r5, r6, r7, lr}
 142 0002 0546     		mov	r5, r0
 143 0004 0C46     		mov	r4, r1
 144 0006 1746     		mov	r7, r2
 145 0008 FFF7FEFF 		bl	_lv_refr_get_disp_refreshing
 146 000c 0646     		mov	r6, r0
 147 000e 17F0010F 		tst	r7, #1
 148 0012 10D1     		bne	.L18
 149 0014 94F82B30 		ldrb	r3, [r4, #43]	@ zero_extendqisi2
 150 0018 23F08003 		bic	r3, r3, #128
 151 001c 84F82B30 		strb	r3, [r4, #43]
 152 0020 0268     		ldr	r2, [r0]
 153 0022 137C     		ldrb	r3, [r2, #16]	@ zero_extendqisi2
 154 0024 23F04003 		bic	r3, r3, #64
 155 0028 1374     		strb	r3, [r2, #16]
 156              	.L16:
 157 002a 6369     		ldr	r3, [r4, #20]
 158 002c 2B60     		str	r3, [r5]
 159 002e 0834     		adds	r4, r4, #8
 160 0030 6C60     		str	r4, [r5, #4]
 161 0032 AC60     		str	r4, [r5, #8]
 162 0034 F8BD     		pop	{r3, r4, r5, r6, r7, pc}
 163              	.L18:
 164 0036 A16A     		ldr	r1, [r4, #40]
 165 0038 21F00041 		bic	r1, r1, #-2147483648
 166 003c 6069     		ldr	r0, [r4, #20]
 167 003e FFF7FEFF 		bl	lv_memset_00
 168 0042 94F82B30 		ldrb	r3, [r4, #43]	@ zero_extendqisi2
 169 0046 43F08003 		orr	r3, r3, #128
 170 004a 84F82B30 		strb	r3, [r4, #43]
 171 004e 3268     		ldr	r2, [r6]
 172 0050 137C     		ldrb	r3, [r2, #16]	@ zero_extendqisi2
 173 0052 43F04003 		orr	r3, r3, #64
 174 0056 1374     		strb	r3, [r2, #16]
ARM GAS  /var/folders/lp/x54gwt890xv47sdkqj1k04q40000gn/T//ccDtAGCv.s 			page 4


 175 0058 E7E7     		b	.L16
 177              		.section	.text.lv_draw_sw_layer_blend,"ax",%progbits
 178              		.align	1
 179              		.global	lv_draw_sw_layer_blend
 180              		.syntax unified
 181              		.thumb
 182              		.thumb_func
 184              	lv_draw_sw_layer_blend:
 185              		@ args = 0, pretend = 0, frame = 16
 186              		@ frame_needed = 0, uses_anonymous_args = 0
 187 0000 70B5     		push	{r4, r5, r6, lr}
 188 0002 84B0     		sub	sp, sp, #16
 189 0004 0446     		mov	r4, r0
 190 0006 0D46     		mov	r5, r1
 191 0008 1646     		mov	r6, r2
 192 000a 0368     		ldr	r3, [r0]
 193 000c 0393     		str	r3, [sp, #12]
 194 000e 9DF80430 		ldrb	r3, [sp, #4]	@ zero_extendqisi2
 195 0012 23F0E003 		bic	r3, r3, #224
 196 0016 8DF80430 		strb	r3, [sp, #4]
 197 001a 4268     		ldr	r2, [r0, #4]
 198 001c 9388     		ldrh	r3, [r2, #4]
 199 001e 1188     		ldrh	r1, [r2]
 200 0020 5B1A     		subs	r3, r3, r1
 201 0022 9BB2     		uxth	r3, r3
 202 0024 0133     		adds	r3, r3, #1
 203 0026 0199     		ldr	r1, [sp, #4]
 204 0028 63F39421 		bfi	r1, r3, #10, #11
 205 002c 0191     		str	r1, [sp, #4]
 206 002e D388     		ldrh	r3, [r2, #6]
 207 0030 5288     		ldrh	r2, [r2, #2]
 208 0032 9B1A     		subs	r3, r3, r2
 209 0034 9BB2     		uxth	r3, r3
 210 0036 0133     		adds	r3, r3, #1
 211 0038 BDF80620 		ldrh	r2, [sp, #6]
 212 003c 63F34F12 		bfi	r2, r3, #5, #11
 213 0040 ADF80620 		strh	r2, [sp, #6]	@ movhi
 214 0044 95F92B30 		ldrsb	r3, [r5, #43]
 215 0048 002B     		cmp	r3, #0
 216 004a 24DB     		blt	.L23
 217 004c 0422     		movs	r2, #4
 218              	.L20:
 219 004e 9DF80430 		ldrb	r3, [sp, #4]	@ zero_extendqisi2
 220 0052 62F30403 		bfi	r3, r2, #0, #5
 221 0056 8DF80430 		strb	r3, [sp, #4]
 222 005a 2B6A     		ldr	r3, [r5, #32]
 223 005c 2360     		str	r3, [r4]
 224 005e EB69     		ldr	r3, [r5, #28]
 225 0060 6360     		str	r3, [r4, #4]
 226 0062 AB69     		ldr	r3, [r5, #24]
 227 0064 A360     		str	r3, [r4, #8]
 228 0066 FFF7FEFF 		bl	_lv_refr_get_disp_refreshing
 229 006a 0368     		ldr	r3, [r0]
 230 006c 95F82410 		ldrb	r1, [r5, #36]	@ zero_extendqisi2
 231 0070 1A7C     		ldrb	r2, [r3, #16]	@ zero_extendqisi2
 232 0072 61F38612 		bfi	r2, r1, #6, #1
 233 0076 1A74     		strb	r2, [r3, #16]
ARM GAS  /var/folders/lp/x54gwt890xv47sdkqj1k04q40000gn/T//ccDtAGCv.s 			page 5


 234 0078 01AB     		add	r3, sp, #4
 235 007a 05F10802 		add	r2, r5, #8
 236 007e 3146     		mov	r1, r6
 237 0080 2046     		mov	r0, r4
 238 0082 FFF7FEFF 		bl	lv_draw_img
 239 0086 2046     		mov	r0, r4
 240 0088 FFF7FEFF 		bl	lv_draw_wait_for_finish
 241 008c 01A8     		add	r0, sp, #4
 242 008e FFF7FEFF 		bl	lv_img_cache_invalidate_src
 243 0092 04B0     		add	sp, sp, #16
 244              		@ sp needed
 245 0094 70BD     		pop	{r4, r5, r6, pc}
 246              	.L23:
 247 0096 0522     		movs	r2, #5
 248 0098 D9E7     		b	.L20
 250              		.section	.text.lv_draw_sw_layer_destroy,"ax",%progbits
 251              		.align	1
 252              		.global	lv_draw_sw_layer_destroy
 253              		.syntax unified
 254              		.thumb
 255              		.thumb_func
 257              	lv_draw_sw_layer_destroy:
 258              		@ args = 0, pretend = 0, frame = 0
 259              		@ frame_needed = 0, uses_anonymous_args = 0
 260 0000 08B5     		push	{r3, lr}
 261 0002 4869     		ldr	r0, [r1, #20]
 262 0004 FFF7FEFF 		bl	lv_mem_free
 263 0008 08BD     		pop	{r3, pc}
 265              		.ident	"GCC: (xPack GNU Arm Embedded GCC arm64) 13.3.1 20240614"
ARM GAS  /var/folders/lp/x54gwt890xv47sdkqj1k04q40000gn/T//ccDtAGCv.s 			page 6


DEFINED SYMBOLS
                            *ABS*:00000000 lv_draw_sw_layer.c
/var/folders/lp/x54gwt890xv47sdkqj1k04q40000gn/T//ccDtAGCv.s:18     .text.lv_draw_sw_layer_create:00000000 $t
/var/folders/lp/x54gwt890xv47sdkqj1k04q40000gn/T//ccDtAGCv.s:24     .text.lv_draw_sw_layer_create:00000000 lv_draw_sw_layer_create
/var/folders/lp/x54gwt890xv47sdkqj1k04q40000gn/T//ccDtAGCv.s:129    .text.lv_draw_sw_layer_create:00000104 $d
/var/folders/lp/x54gwt890xv47sdkqj1k04q40000gn/T//ccDtAGCv.s:132    .text.lv_draw_sw_layer_adjust:00000000 $t
/var/folders/lp/x54gwt890xv47sdkqj1k04q40000gn/T//ccDtAGCv.s:138    .text.lv_draw_sw_layer_adjust:00000000 lv_draw_sw_layer_adjust
/var/folders/lp/x54gwt890xv47sdkqj1k04q40000gn/T//ccDtAGCv.s:178    .text.lv_draw_sw_layer_blend:00000000 $t
/var/folders/lp/x54gwt890xv47sdkqj1k04q40000gn/T//ccDtAGCv.s:184    .text.lv_draw_sw_layer_blend:00000000 lv_draw_sw_layer_blend
/var/folders/lp/x54gwt890xv47sdkqj1k04q40000gn/T//ccDtAGCv.s:251    .text.lv_draw_sw_layer_destroy:00000000 $t
/var/folders/lp/x54gwt890xv47sdkqj1k04q40000gn/T//ccDtAGCv.s:257    .text.lv_draw_sw_layer_destroy:00000000 lv_draw_sw_layer_destroy

UNDEFINED SYMBOLS
lv_area_get_size
lv_mem_alloc
lv_memset_00
_lv_refr_get_disp_refreshing
lv_draw_img
lv_draw_wait_for_finish
lv_img_cache_invalidate_src
lv_mem_free
