ARM GAS  /var/folders/lp/x54gwt890xv47sdkqj1k04q40000gn/T//ccizUZvp.s 			page 1


   1              		.cpu cortex-m4
   2              		.arch armv7e-m
   3              		.fpu fpv4-sp-d16
   4              		.eabi_attribute 27, 1
   5              		.eabi_attribute 28, 1
   6              		.eabi_attribute 20, 1
   7              		.eabi_attribute 21, 1
   8              		.eabi_attribute 23, 3
   9              		.eabi_attribute 24, 1
  10              		.eabi_attribute 25, 1
  11              		.eabi_attribute 26, 1
  12              		.eabi_attribute 30, 1
  13              		.eabi_attribute 34, 1
  14              		.eabi_attribute 18, 4
  15              		.file	"lv_extra.c"
  16              		.text
  17              		.section	.text.lv_extra_init,"ax",%progbits
  18              		.align	1
  19              		.global	lv_extra_init
  20              		.syntax unified
  21              		.thumb
  22              		.thumb_func
  24              	lv_extra_init:
  25              		@ args = 0, pretend = 0, frame = 0
  26              		@ frame_needed = 0, uses_anonymous_args = 0
  27 0000 08B5     		push	{r3, lr}
  28 0002 FFF7FEFF 		bl	lv_flex_init
  29 0006 FFF7FEFF 		bl	lv_grid_init
  30 000a 08BD     		pop	{r3, pc}
  32              		.ident	"GCC: (xPack GNU Arm Embedded GCC arm64) 13.3.1 20240614"
ARM GAS  /var/folders/lp/x54gwt890xv47sdkqj1k04q40000gn/T//ccizUZvp.s 			page 2


DEFINED SYMBOLS
                            *ABS*:00000000 lv_extra.c
/var/folders/lp/x54gwt890xv47sdkqj1k04q40000gn/T//ccizUZvp.s:18     .text.lv_extra_init:00000000 $t
/var/folders/lp/x54gwt890xv47sdkqj1k04q40000gn/T//ccizUZvp.s:24     .text.lv_extra_init:00000000 lv_extra_init

UNDEFINED SYMBOLS
lv_flex_init
lv_grid_init
