ARM GAS  /var/folders/lp/x54gwt890xv47sdkqj1k04q40000gn/T//ccJtnove.s 			page 1


   1              		.cpu cortex-m4
   2              		.arch armv7e-m
   3              		.fpu fpv4-sp-d16
   4              		.eabi_attribute 27, 1
   5              		.eabi_attribute 28, 1
   6              		.eabi_attribute 20, 1
   7              		.eabi_attribute 21, 1
   8              		.eabi_attribute 23, 3
   9              		.eabi_attribute 24, 1
  10              		.eabi_attribute 25, 1
  11              		.eabi_attribute 26, 1
  12              		.eabi_attribute 30, 1
  13              		.eabi_attribute 34, 1
  14              		.eabi_attribute 18, 4
  15              		.file	"lv_event.c"
  16              		.text
  17              		.section	.text.lv_obj_get_event_dsc,"ax",%progbits
  18              		.align	1
  19              		.syntax unified
  20              		.thumb
  21              		.thumb_func
  23              	lv_obj_get_event_dsc:
  24              		@ args = 0, pretend = 0, frame = 0
  25              		@ frame_needed = 0, uses_anonymous_args = 0
  26              		@ link register save eliminated.
  27 0000 8068     		ldr	r0, [r0, #8]
  28 0002 58B1     		cbz	r0, .L1
  29 0004 837E     		ldrb	r3, [r0, #26]	@ zero_extendqisi2
  30 0006 03F03F03 		and	r3, r3, #63
  31 000a 8B42     		cmp	r3, r1
  32 000c 05D9     		bls	.L3
  33 000e C068     		ldr	r0, [r0, #12]
  34 0010 01EB4101 		add	r1, r1, r1, lsl #1
  35 0014 00EB8100 		add	r0, r0, r1, lsl #2
  36 0018 7047     		bx	lr
  37              	.L3:
  38 001a 0020     		movs	r0, #0
  39              	.L1:
  40 001c 7047     		bx	lr
  42              		.section	.text.event_is_bubbled,"ax",%progbits
  43              		.align	1
  44              		.syntax unified
  45              		.thumb
  46              		.thumb_func
  48              	event_is_bubbled:
  49              		@ args = 0, pretend = 0, frame = 0
  50              		@ frame_needed = 0, uses_anonymous_args = 0
  51 0000 037E     		ldrb	r3, [r0, #24]	@ zero_extendqisi2
  52 0002 13F0040F 		tst	r3, #4
  53 0006 1ED1     		bne	.L6
  54 0008 10B5     		push	{r4, lr}
  55 000a 0446     		mov	r4, r0
  56 000c 037A     		ldrb	r3, [r0, #8]	@ zero_extendqisi2
  57 000e 233B     		subs	r3, r3, #35
  58 0010 012B     		cmp	r3, #1
  59 0012 01D8     		bhi	.L13
  60 0014 0120     		movs	r0, #1
ARM GAS  /var/folders/lp/x54gwt890xv47sdkqj1k04q40000gn/T//ccJtnove.s 			page 2


  61              	.L5:
  62 0016 10BD     		pop	{r4, pc}
  63              	.L13:
  64 0018 4FF48041 		mov	r1, #16384
  65 001c 4068     		ldr	r0, [r0, #4]
  66 001e FFF7FEFF 		bl	lv_obj_has_flag
  67 0022 0028     		cmp	r0, #0
  68 0024 F7D0     		beq	.L5
  69 0026 237A     		ldrb	r3, [r4, #8]	@ zero_extendqisi2
  70 0028 113B     		subs	r3, r3, #17
  71 002a DBB2     		uxtb	r3, r3
  72 002c 1B2B     		cmp	r3, #27
  73 002e 94BF     		ite	ls
  74 0030 0021     		movls	r1, #0
  75 0032 0121     		movhi	r1, #1
  76 0034 49B9     		cbnz	r1, .L8
  77 0036 064A     		ldr	r2, .L14
  78 0038 22FA03F3 		lsr	r3, r2, r3
  79 003c 13F0010F 		tst	r3, #1
  80 0040 E9D0     		beq	.L5
  81 0042 0846     		mov	r0, r1
  82 0044 E7E7     		b	.L5
  83              	.L6:
  84 0046 0020     		movs	r0, #0
  85 0048 7047     		bx	lr
  86              	.L8:
  87 004a 0846     		mov	r0, r1
  88 004c E3E7     		b	.L5
  89              	.L15:
  90 004e 00BF     		.align	2
  91              	.L14:
  92 0050 FF270F0B 		.word	185542655
  94              		.section	.text.lv_obj_event_base,"ax",%progbits
  95              		.align	1
  96              		.global	lv_obj_event_base
  97              		.syntax unified
  98              		.thumb
  99              		.thumb_func
 101              	lv_obj_event_base:
 102              		@ args = 0, pretend = 0, frame = 0
 103              		@ frame_needed = 0, uses_anonymous_args = 0
 104 0000 10B5     		push	{r4, lr}
 105 0002 0C46     		mov	r4, r1
 106 0004 08B1     		cbz	r0, .L27
 107 0006 0068     		ldr	r0, [r0]
 108 0008 03E0     		b	.L19
 109              	.L27:
 110 000a 4B68     		ldr	r3, [r1, #4]
 111 000c 1868     		ldr	r0, [r3]
 112 000e 00E0     		b	.L19
 113              	.L21:
 114 0010 0068     		ldr	r0, [r0]
 115              	.L19:
 116 0012 10B1     		cbz	r0, .L20
 117 0014 0369     		ldr	r3, [r0, #16]
 118 0016 002B     		cmp	r3, #0
 119 0018 FAD0     		beq	.L21
ARM GAS  /var/folders/lp/x54gwt890xv47sdkqj1k04q40000gn/T//ccJtnove.s 			page 3


 120              	.L20:
 121 001a 60B1     		cbz	r0, .L23
 122 001c 0369     		ldr	r3, [r0, #16]
 123 001e 63B1     		cbz	r3, .L24
 124 0020 0023     		movs	r3, #0
 125 0022 E360     		str	r3, [r4, #12]
 126 0024 0369     		ldr	r3, [r0, #16]
 127 0026 2146     		mov	r1, r4
 128 0028 9847     		blx	r3
 129 002a 237E     		ldrb	r3, [r4, #24]	@ zero_extendqisi2
 130 002c 13F0010F 		tst	r3, #1
 131 0030 05D1     		bne	.L25
 132 0032 0120     		movs	r0, #1
 133              	.L22:
 134 0034 10BD     		pop	{r4, pc}
 135              	.L23:
 136 0036 0120     		movs	r0, #1
 137 0038 FCE7     		b	.L22
 138              	.L24:
 139 003a 0120     		movs	r0, #1
 140 003c FAE7     		b	.L22
 141              	.L25:
 142 003e 0020     		movs	r0, #0
 143 0040 F8E7     		b	.L22
 145              		.section	.text.event_send_core,"ax",%progbits
 146              		.align	1
 147              		.syntax unified
 148              		.thumb
 149              		.thumb_func
 151              	event_send_core:
 152              		@ args = 0, pretend = 0, frame = 0
 153              		@ frame_needed = 0, uses_anonymous_args = 0
 154 0000 F8B5     		push	{r3, r4, r5, r6, r7, lr}
 155 0002 0646     		mov	r6, r0
 156 0004 FFF7FEFF 		bl	lv_indev_get_act
 157 0008 58B1     		cbz	r0, .L29
 158 000a 0068     		ldr	r0, [r0]
 159 000c 8368     		ldr	r3, [r0, #8]
 160 000e 0BB1     		cbz	r3, .L30
 161 0010 317A     		ldrb	r1, [r6, #8]	@ zero_extendqisi2
 162 0012 9847     		blx	r3
 163              	.L30:
 164 0014 337E     		ldrb	r3, [r6, #24]	@ zero_extendqisi2
 165 0016 13F00207 		ands	r7, r3, #2
 166 001a 74D1     		bne	.L42
 167 001c 13F0010F 		tst	r3, #1
 168 0020 5BD1     		bne	.L31
 169              	.L29:
 170 0022 0021     		movs	r1, #0
 171 0024 7068     		ldr	r0, [r6, #4]
 172 0026 FFF7FEFF 		bl	lv_obj_get_event_dsc
 173 002a 0446     		mov	r4, r0
 174 002c 0025     		movs	r5, #0
 175 002e 11E0     		b	.L32
 176              	.L34:
 177 0030 6368     		ldr	r3, [r4, #4]
 178 0032 F360     		str	r3, [r6, #12]
ARM GAS  /var/folders/lp/x54gwt890xv47sdkqj1k04q40000gn/T//ccJtnove.s 			page 4


 179 0034 2368     		ldr	r3, [r4]
 180 0036 3046     		mov	r0, r6
 181 0038 9847     		blx	r3
 182 003a 337E     		ldrb	r3, [r6, #24]	@ zero_extendqisi2
 183 003c 13F00207 		ands	r7, r3, #2
 184 0040 63D1     		bne	.L43
 185 0042 13F0010F 		tst	r3, #1
 186 0046 48D1     		bne	.L31
 187              	.L33:
 188 0048 0135     		adds	r5, r5, #1
 189 004a 2946     		mov	r1, r5
 190 004c 7068     		ldr	r0, [r6, #4]
 191 004e FFF7FEFF 		bl	lv_obj_get_event_dsc
 192 0052 0446     		mov	r4, r0
 193              	.L32:
 194 0054 7CB1     		cbz	r4, .L47
 195 0056 2368     		ldr	r3, [r4]
 196 0058 002B     		cmp	r3, #0
 197 005a F5D0     		beq	.L33
 198 005c 237A     		ldrb	r3, [r4, #8]	@ zero_extendqisi2
 199 005e 94F90820 		ldrsb	r2, [r4, #8]
 200 0062 002A     		cmp	r2, #0
 201 0064 F0DA     		bge	.L33
 202 0066 802B     		cmp	r3, #128
 203 0068 E2D0     		beq	.L34
 204 006a 23F08003 		bic	r3, r3, #128
 205 006e 327A     		ldrb	r2, [r6, #8]	@ zero_extendqisi2
 206 0070 9342     		cmp	r3, r2
 207 0072 E9D1     		bne	.L33
 208 0074 DCE7     		b	.L34
 209              	.L47:
 210 0076 3146     		mov	r1, r6
 211 0078 0020     		movs	r0, #0
 212 007a FFF7FEFF 		bl	lv_obj_event_base
 213 007e 0746     		mov	r7, r0
 214 0080 20B1     		cbz	r0, .L36
 215 0082 0021     		movs	r1, #0
 216 0084 7068     		ldr	r0, [r6, #4]
 217 0086 FFF7FEFF 		bl	lv_obj_get_event_dsc
 218 008a 0446     		mov	r4, r0
 219              	.L36:
 220 008c 0025     		movs	r5, #0
 221 008e 11E0     		b	.L37
 222              	.L39:
 223 0090 6368     		ldr	r3, [r4, #4]
 224 0092 F360     		str	r3, [r6, #12]
 225 0094 2368     		ldr	r3, [r4]
 226 0096 3046     		mov	r0, r6
 227 0098 9847     		blx	r3
 228 009a 337E     		ldrb	r3, [r6, #24]	@ zero_extendqisi2
 229 009c 13F00202 		ands	r2, r3, #2
 230 00a0 1BD1     		bne	.L31
 231 00a2 13F0010F 		tst	r3, #1
 232 00a6 32D1     		bne	.L44
 233              	.L38:
 234 00a8 0135     		adds	r5, r5, #1
 235 00aa 2946     		mov	r1, r5
ARM GAS  /var/folders/lp/x54gwt890xv47sdkqj1k04q40000gn/T//ccJtnove.s 			page 5


 236 00ac 7068     		ldr	r0, [r6, #4]
 237 00ae FFF7FEFF 		bl	lv_obj_get_event_dsc
 238 00b2 0446     		mov	r4, r0
 239              	.L37:
 240 00b4 7CB1     		cbz	r4, .L40
 241 00b6 012F     		cmp	r7, #1
 242 00b8 0DD1     		bne	.L40
 243 00ba 2368     		ldr	r3, [r4]
 244 00bc 002B     		cmp	r3, #0
 245 00be F3D0     		beq	.L38
 246 00c0 227A     		ldrb	r2, [r4, #8]	@ zero_extendqisi2
 247 00c2 94F90830 		ldrsb	r3, [r4, #8]
 248 00c6 002B     		cmp	r3, #0
 249 00c8 EEDB     		blt	.L38
 250 00ca 002A     		cmp	r2, #0
 251 00cc E0D0     		beq	.L39
 252 00ce 337A     		ldrb	r3, [r6, #8]	@ zero_extendqisi2
 253 00d0 9A42     		cmp	r2, r3
 254 00d2 E9D1     		bne	.L38
 255 00d4 DCE7     		b	.L39
 256              	.L40:
 257 00d6 012F     		cmp	r7, #1
 258 00d8 01D0     		beq	.L48
 259              	.L31:
 260 00da 3846     		mov	r0, r7
 261 00dc F8BD     		pop	{r3, r4, r5, r6, r7, pc}
 262              	.L48:
 263 00de 7368     		ldr	r3, [r6, #4]
 264 00e0 5B68     		ldr	r3, [r3, #4]
 265 00e2 002B     		cmp	r3, #0
 266 00e4 F9D0     		beq	.L31
 267 00e6 3046     		mov	r0, r6
 268 00e8 FFF7FEFF 		bl	event_is_bubbled
 269 00ec 0028     		cmp	r0, #0
 270 00ee F4D0     		beq	.L31
 271 00f0 7368     		ldr	r3, [r6, #4]
 272 00f2 5B68     		ldr	r3, [r3, #4]
 273 00f4 7360     		str	r3, [r6, #4]
 274 00f6 3046     		mov	r0, r6
 275 00f8 FFF782FF 		bl	event_send_core
 276 00fc 0746     		mov	r7, r0
 277 00fe 0128     		cmp	r0, #1
 278 0100 EBD0     		beq	.L31
 279 0102 0027     		movs	r7, #0
 280 0104 E9E7     		b	.L31
 281              	.L42:
 282 0106 0127     		movs	r7, #1
 283 0108 E7E7     		b	.L31
 284              	.L43:
 285 010a 0127     		movs	r7, #1
 286 010c E5E7     		b	.L31
 287              	.L44:
 288 010e 1746     		mov	r7, r2
 289 0110 E3E7     		b	.L31
 291              		.section	.text.lv_event_send,"ax",%progbits
 292              		.align	1
 293              		.global	lv_event_send
ARM GAS  /var/folders/lp/x54gwt890xv47sdkqj1k04q40000gn/T//ccJtnove.s 			page 6


 294              		.syntax unified
 295              		.thumb
 296              		.thumb_func
 298              	lv_event_send:
 299              		@ args = 0, pretend = 0, frame = 32
 300              		@ frame_needed = 0, uses_anonymous_args = 0
 301 0000 18B3     		cbz	r0, .L51
 302 0002 10B5     		push	{r4, lr}
 303 0004 88B0     		sub	sp, sp, #32
 304 0006 0190     		str	r0, [sp, #4]
 305 0008 0290     		str	r0, [sp, #8]
 306 000a 8DF80C10 		strb	r1, [sp, #12]
 307 000e 0023     		movs	r3, #0
 308 0010 0493     		str	r3, [sp, #16]
 309 0012 0592     		str	r2, [sp, #20]
 310 0014 9DF81C20 		ldrb	r2, [sp, #28]	@ zero_extendqisi2
 311 0018 63F30002 		bfi	r2, r3, #0, #1
 312 001c 8DF81C20 		strb	r2, [sp, #28]
 313 0020 D2B2     		uxtb	r2, r2
 314 0022 63F38202 		bfi	r2, r3, #2, #1
 315 0026 8DF81C20 		strb	r2, [sp, #28]
 316 002a D2B2     		uxtb	r2, r2
 317 002c 63F34102 		bfi	r2, r3, #1, #1
 318 0030 8DF81C20 		strb	r2, [sp, #28]
 319 0034 064C     		ldr	r4, .L56
 320 0036 2368     		ldr	r3, [r4]
 321 0038 0693     		str	r3, [sp, #24]
 322 003a 01A8     		add	r0, sp, #4
 323 003c 2060     		str	r0, [r4]
 324 003e FFF7FEFF 		bl	event_send_core
 325 0042 069B     		ldr	r3, [sp, #24]
 326 0044 2360     		str	r3, [r4]
 327 0046 08B0     		add	sp, sp, #32
 328              		@ sp needed
 329 0048 10BD     		pop	{r4, pc}
 330              	.L51:
 331 004a 0120     		movs	r0, #1
 332 004c 7047     		bx	lr
 333              	.L57:
 334 004e 00BF     		.align	2
 335              	.L56:
 336 0050 00000000 		.word	event_head
 338              		.section	.text.lv_event_get_target,"ax",%progbits
 339              		.align	1
 340              		.global	lv_event_get_target
 341              		.syntax unified
 342              		.thumb
 343              		.thumb_func
 345              	lv_event_get_target:
 346              		@ args = 0, pretend = 0, frame = 0
 347              		@ frame_needed = 0, uses_anonymous_args = 0
 348              		@ link register save eliminated.
 349 0000 0068     		ldr	r0, [r0]
 350 0002 7047     		bx	lr
 352              		.section	.text.lv_event_get_current_target,"ax",%progbits
 353              		.align	1
 354              		.global	lv_event_get_current_target
ARM GAS  /var/folders/lp/x54gwt890xv47sdkqj1k04q40000gn/T//ccJtnove.s 			page 7


 355              		.syntax unified
 356              		.thumb
 357              		.thumb_func
 359              	lv_event_get_current_target:
 360              		@ args = 0, pretend = 0, frame = 0
 361              		@ frame_needed = 0, uses_anonymous_args = 0
 362              		@ link register save eliminated.
 363 0000 4068     		ldr	r0, [r0, #4]
 364 0002 7047     		bx	lr
 366              		.section	.text.lv_event_get_code,"ax",%progbits
 367              		.align	1
 368              		.global	lv_event_get_code
 369              		.syntax unified
 370              		.thumb
 371              		.thumb_func
 373              	lv_event_get_code:
 374              		@ args = 0, pretend = 0, frame = 0
 375              		@ frame_needed = 0, uses_anonymous_args = 0
 376              		@ link register save eliminated.
 377 0000 007A     		ldrb	r0, [r0, #8]	@ zero_extendqisi2
 378 0002 00F07F00 		and	r0, r0, #127
 379 0006 7047     		bx	lr
 381              		.section	.text.lv_event_get_param,"ax",%progbits
 382              		.align	1
 383              		.global	lv_event_get_param
 384              		.syntax unified
 385              		.thumb
 386              		.thumb_func
 388              	lv_event_get_param:
 389              		@ args = 0, pretend = 0, frame = 0
 390              		@ frame_needed = 0, uses_anonymous_args = 0
 391              		@ link register save eliminated.
 392 0000 0069     		ldr	r0, [r0, #16]
 393 0002 7047     		bx	lr
 395              		.section	.text.lv_event_get_user_data,"ax",%progbits
 396              		.align	1
 397              		.global	lv_event_get_user_data
 398              		.syntax unified
 399              		.thumb
 400              		.thumb_func
 402              	lv_event_get_user_data:
 403              		@ args = 0, pretend = 0, frame = 0
 404              		@ frame_needed = 0, uses_anonymous_args = 0
 405              		@ link register save eliminated.
 406 0000 C068     		ldr	r0, [r0, #12]
 407 0002 7047     		bx	lr
 409              		.section	.text.lv_event_stop_bubbling,"ax",%progbits
 410              		.align	1
 411              		.global	lv_event_stop_bubbling
 412              		.syntax unified
 413              		.thumb
 414              		.thumb_func
 416              	lv_event_stop_bubbling:
 417              		@ args = 0, pretend = 0, frame = 0
 418              		@ frame_needed = 0, uses_anonymous_args = 0
 419              		@ link register save eliminated.
 420 0000 037E     		ldrb	r3, [r0, #24]	@ zero_extendqisi2
ARM GAS  /var/folders/lp/x54gwt890xv47sdkqj1k04q40000gn/T//ccJtnove.s 			page 8


 421 0002 43F00403 		orr	r3, r3, #4
 422 0006 0376     		strb	r3, [r0, #24]
 423 0008 7047     		bx	lr
 425              		.section	.text.lv_event_stop_processing,"ax",%progbits
 426              		.align	1
 427              		.global	lv_event_stop_processing
 428              		.syntax unified
 429              		.thumb
 430              		.thumb_func
 432              	lv_event_stop_processing:
 433              		@ args = 0, pretend = 0, frame = 0
 434              		@ frame_needed = 0, uses_anonymous_args = 0
 435              		@ link register save eliminated.
 436 0000 037E     		ldrb	r3, [r0, #24]	@ zero_extendqisi2
 437 0002 43F00203 		orr	r3, r3, #2
 438 0006 0376     		strb	r3, [r0, #24]
 439 0008 7047     		bx	lr
 441              		.section	.text.lv_event_register_id,"ax",%progbits
 442              		.align	1
 443              		.global	lv_event_register_id
 444              		.syntax unified
 445              		.thumb
 446              		.thumb_func
 448              	lv_event_register_id:
 449              		@ args = 0, pretend = 0, frame = 0
 450              		@ frame_needed = 0, uses_anonymous_args = 0
 451              		@ link register save eliminated.
 452 0000 024B     		ldr	r3, .L66
 453 0002 1868     		ldr	r0, [r3]
 454 0004 0130     		adds	r0, r0, #1
 455 0006 1860     		str	r0, [r3]
 456 0008 7047     		bx	lr
 457              	.L67:
 458 000a 00BF     		.align	2
 459              	.L66:
 460 000c 00000000 		.word	last_id.0
 462              		.section	.text._lv_event_mark_deleted,"ax",%progbits
 463              		.align	1
 464              		.global	_lv_event_mark_deleted
 465              		.syntax unified
 466              		.thumb
 467              		.thumb_func
 469              	_lv_event_mark_deleted:
 470              		@ args = 0, pretend = 0, frame = 0
 471              		@ frame_needed = 0, uses_anonymous_args = 0
 472              		@ link register save eliminated.
 473 0000 084B     		ldr	r3, .L74
 474 0002 1B68     		ldr	r3, [r3]
 475 0004 04E0     		b	.L69
 476              	.L70:
 477 0006 1A7E     		ldrb	r2, [r3, #24]	@ zero_extendqisi2
 478 0008 42F00102 		orr	r2, r2, #1
 479 000c 1A76     		strb	r2, [r3, #24]
 480              	.L71:
 481 000e 5B69     		ldr	r3, [r3, #20]
 482              	.L69:
 483 0010 33B1     		cbz	r3, .L73
ARM GAS  /var/folders/lp/x54gwt890xv47sdkqj1k04q40000gn/T//ccJtnove.s 			page 9


 484 0012 5A68     		ldr	r2, [r3, #4]
 485 0014 8242     		cmp	r2, r0
 486 0016 F6D0     		beq	.L70
 487 0018 1A68     		ldr	r2, [r3]
 488 001a 8242     		cmp	r2, r0
 489 001c F7D1     		bne	.L71
 490 001e F2E7     		b	.L70
 491              	.L73:
 492 0020 7047     		bx	lr
 493              	.L75:
 494 0022 00BF     		.align	2
 495              	.L74:
 496 0024 00000000 		.word	event_head
 498              		.section	.text.lv_obj_add_event_cb,"ax",%progbits
 499              		.align	1
 500              		.global	lv_obj_add_event_cb
 501              		.syntax unified
 502              		.thumb
 503              		.thumb_func
 505              	lv_obj_add_event_cb:
 506              		@ args = 0, pretend = 0, frame = 0
 507              		@ frame_needed = 0, uses_anonymous_args = 0
 508 0000 2DE9F041 		push	{r4, r5, r6, r7, r8, lr}
 509 0004 0446     		mov	r4, r0
 510 0006 0F46     		mov	r7, r1
 511 0008 1646     		mov	r6, r2
 512 000a 1D46     		mov	r5, r3
 513 000c FFF7FEFF 		bl	lv_obj_allocate_spec_attr
 514 0010 A168     		ldr	r1, [r4, #8]
 515 0012 8B7E     		ldrb	r3, [r1, #26]	@ zero_extendqisi2
 516 0014 03F03F02 		and	r2, r3, #63
 517 0018 0132     		adds	r2, r2, #1
 518 001a 62F30503 		bfi	r3, r2, #0, #6
 519 001e 8B76     		strb	r3, [r1, #26]
 520 0020 D4F80880 		ldr	r8, [r4, #8]
 521 0024 98F81A10 		ldrb	r1, [r8, #26]	@ zero_extendqisi2
 522 0028 01F03F01 		and	r1, r1, #63
 523 002c 01EB4101 		add	r1, r1, r1, lsl #1
 524 0030 8900     		lsls	r1, r1, #2
 525 0032 D8F80C00 		ldr	r0, [r8, #12]
 526 0036 FFF7FEFF 		bl	lv_mem_realloc
 527 003a C8F80C00 		str	r0, [r8, #12]
 528 003e A368     		ldr	r3, [r4, #8]
 529 0040 DA68     		ldr	r2, [r3, #12]
 530 0042 4AB3     		cbz	r2, .L78
 531 0044 9B7E     		ldrb	r3, [r3, #26]	@ zero_extendqisi2
 532 0046 03F03F03 		and	r3, r3, #63
 533 004a 03EB4303 		add	r3, r3, r3, lsl #1
 534 004e 9B00     		lsls	r3, r3, #2
 535 0050 0C3B     		subs	r3, r3, #12
 536 0052 D750     		str	r7, [r2, r3]
 537 0054 A368     		ldr	r3, [r4, #8]
 538 0056 DA68     		ldr	r2, [r3, #12]
 539 0058 997E     		ldrb	r1, [r3, #26]	@ zero_extendqisi2
 540 005a 01F03F01 		and	r1, r1, #63
 541 005e 01EB4103 		add	r3, r1, r1, lsl #1
 542 0062 9B00     		lsls	r3, r3, #2
ARM GAS  /var/folders/lp/x54gwt890xv47sdkqj1k04q40000gn/T//ccJtnove.s 			page 10


 543 0064 0C3B     		subs	r3, r3, #12
 544 0066 1344     		add	r3, r3, r2
 545 0068 1E72     		strb	r6, [r3, #8]
 546 006a A268     		ldr	r2, [r4, #8]
 547 006c D368     		ldr	r3, [r2, #12]
 548 006e 927E     		ldrb	r2, [r2, #26]	@ zero_extendqisi2
 549 0070 02F03F02 		and	r2, r2, #63
 550 0074 02EB4202 		add	r2, r2, r2, lsl #1
 551 0078 9200     		lsls	r2, r2, #2
 552 007a 0C3A     		subs	r2, r2, #12
 553 007c 1344     		add	r3, r3, r2
 554 007e 5D60     		str	r5, [r3, #4]
 555 0080 A368     		ldr	r3, [r4, #8]
 556 0082 D868     		ldr	r0, [r3, #12]
 557 0084 9B7E     		ldrb	r3, [r3, #26]	@ zero_extendqisi2
 558 0086 03F03F03 		and	r3, r3, #63
 559 008a 03EB4303 		add	r3, r3, r3, lsl #1
 560 008e 9B00     		lsls	r3, r3, #2
 561 0090 0C3B     		subs	r3, r3, #12
 562 0092 1844     		add	r0, r0, r3
 563 0094 BDE8F081 		pop	{r4, r5, r6, r7, r8, pc}
 564              	.L78:
 565 0098 FEE7     		b	.L78
 567              		.section	.text.lv_obj_remove_event_cb,"ax",%progbits
 568              		.align	1
 569              		.global	lv_obj_remove_event_cb
 570              		.syntax unified
 571              		.thumb
 572              		.thumb_func
 574              	lv_obj_remove_event_cb:
 575              		@ args = 0, pretend = 0, frame = 0
 576              		@ frame_needed = 0, uses_anonymous_args = 0
 577 0000 38B5     		push	{r3, r4, r5, lr}
 578 0002 0446     		mov	r4, r0
 579 0004 8068     		ldr	r0, [r0, #8]
 580 0006 0028     		cmp	r0, #0
 581 0008 3DD0     		beq	.L89
 582 000a 0023     		movs	r3, #0
 583              	.L82:
 584 000c 827E     		ldrb	r2, [r0, #26]	@ zero_extendqisi2
 585 000e 02F03F02 		and	r2, r2, #63
 586 0012 9A42     		cmp	r2, r3
 587 0014 35DD     		ble	.L93
 588 0016 B9B1     		cbz	r1, .L85
 589 0018 C268     		ldr	r2, [r0, #12]
 590 001a 03EB430C 		add	ip, r3, r3, lsl #1
 591 001e 52F82C20 		ldr	r2, [r2, ip, lsl #2]
 592 0022 8A42     		cmp	r2, r1
 593 0024 10D0     		beq	.L85
 594 0026 0133     		adds	r3, r3, #1
 595 0028 F0E7     		b	.L82
 596              	.L86:
 597 002a CA68     		ldr	r2, [r1, #12]
 598 002c 03F1010C 		add	ip, r3, #1
 599 0030 0CEB4C01 		add	r1, ip, ip, lsl #1
 600 0034 02EB8101 		add	r1, r2, r1, lsl #2
 601 0038 03EB4303 		add	r3, r3, r3, lsl #1
ARM GAS  /var/folders/lp/x54gwt890xv47sdkqj1k04q40000gn/T//ccJtnove.s 			page 11


 602 003c 02EB8303 		add	r3, r2, r3, lsl #2
 603 0040 07C9     		ldm	r1, {r0, r1, r2}
 604 0042 83E80700 		stm	r3, {r0, r1, r2}
 605 0046 6346     		mov	r3, ip
 606              	.L85:
 607 0048 A168     		ldr	r1, [r4, #8]
 608 004a 8A7E     		ldrb	r2, [r1, #26]	@ zero_extendqisi2
 609 004c 02F03F02 		and	r2, r2, #63
 610 0050 501E     		subs	r0, r2, #1
 611 0052 9842     		cmp	r0, r3
 612 0054 E9DC     		bgt	.L86
 613 0056 3F32     		adds	r2, r2, #63
 614 0058 8B7E     		ldrb	r3, [r1, #26]	@ zero_extendqisi2
 615 005a 62F30503 		bfi	r3, r2, #0, #6
 616 005e 8B76     		strb	r3, [r1, #26]
 617 0060 A568     		ldr	r5, [r4, #8]
 618 0062 A97E     		ldrb	r1, [r5, #26]	@ zero_extendqisi2
 619 0064 01F03F01 		and	r1, r1, #63
 620 0068 01EB4101 		add	r1, r1, r1, lsl #1
 621 006c 8900     		lsls	r1, r1, #2
 622 006e E868     		ldr	r0, [r5, #12]
 623 0070 FFF7FEFF 		bl	lv_mem_realloc
 624 0074 E860     		str	r0, [r5, #12]
 625 0076 A368     		ldr	r3, [r4, #8]
 626 0078 DB68     		ldr	r3, [r3, #12]
 627 007a 0BB1     		cbz	r3, .L87
 628 007c 0120     		movs	r0, #1
 629              	.L81:
 630 007e 38BD     		pop	{r3, r4, r5, pc}
 631              	.L87:
 632 0080 FEE7     		b	.L87
 633              	.L93:
 634 0082 0020     		movs	r0, #0
 635 0084 FBE7     		b	.L81
 636              	.L89:
 637 0086 0020     		movs	r0, #0
 638 0088 F9E7     		b	.L81
 640              		.section	.text.lv_obj_remove_event_cb_with_user_data,"ax",%progbits
 641              		.align	1
 642              		.global	lv_obj_remove_event_cb_with_user_data
 643              		.syntax unified
 644              		.thumb
 645              		.thumb_func
 647              	lv_obj_remove_event_cb_with_user_data:
 648              		@ args = 0, pretend = 0, frame = 0
 649              		@ frame_needed = 0, uses_anonymous_args = 0
 650 0000 70B5     		push	{r4, r5, r6, lr}
 651 0002 8468     		ldr	r4, [r0, #8]
 652 0004 002C     		cmp	r4, #0
 653 0006 49D0     		beq	.L103
 654 0008 0546     		mov	r5, r0
 655 000a 0023     		movs	r3, #0
 656 000c 09E0     		b	.L96
 657              	.L97:
 658 000e 03EB4300 		add	r0, r3, r3, lsl #1
 659 0012 E668     		ldr	r6, [r4, #12]
 660 0014 06EB800C 		add	ip, r6, r0, lsl #2
ARM GAS  /var/folders/lp/x54gwt890xv47sdkqj1k04q40000gn/T//ccJtnove.s 			page 12


 661 0018 DCF80400 		ldr	r0, [ip, #4]
 662 001c 9042     		cmp	r0, r2
 663 001e 1ED0     		beq	.L99
 664              	.L98:
 665 0020 0133     		adds	r3, r3, #1
 666              	.L96:
 667 0022 94F81AC0 		ldrb	ip, [r4, #26]	@ zero_extendqisi2
 668 0026 0CF03F0C 		and	ip, ip, #63
 669 002a 9C45     		cmp	ip, r3
 670 002c 34DD     		ble	.L106
 671 002e 0029     		cmp	r1, #0
 672 0030 EDD0     		beq	.L97
 673 0032 E068     		ldr	r0, [r4, #12]
 674 0034 03EB430C 		add	ip, r3, r3, lsl #1
 675 0038 50F82C00 		ldr	r0, [r0, ip, lsl #2]
 676 003c 8842     		cmp	r0, r1
 677 003e EFD1     		bne	.L98
 678 0040 E5E7     		b	.L97
 679              	.L100:
 680 0042 CA68     		ldr	r2, [r1, #12]
 681 0044 5C1C     		adds	r4, r3, #1
 682 0046 04EB4401 		add	r1, r4, r4, lsl #1
 683 004a 02EB8101 		add	r1, r2, r1, lsl #2
 684 004e 03EB4303 		add	r3, r3, r3, lsl #1
 685 0052 02EB8303 		add	r3, r2, r3, lsl #2
 686 0056 07C9     		ldm	r1, {r0, r1, r2}
 687 0058 83E80700 		stm	r3, {r0, r1, r2}
 688 005c 2346     		mov	r3, r4
 689              	.L99:
 690 005e A968     		ldr	r1, [r5, #8]
 691 0060 8A7E     		ldrb	r2, [r1, #26]	@ zero_extendqisi2
 692 0062 02F03F02 		and	r2, r2, #63
 693 0066 501E     		subs	r0, r2, #1
 694 0068 9842     		cmp	r0, r3
 695 006a EADC     		bgt	.L100
 696 006c 3F32     		adds	r2, r2, #63
 697 006e 8B7E     		ldrb	r3, [r1, #26]	@ zero_extendqisi2
 698 0070 62F30503 		bfi	r3, r2, #0, #6
 699 0074 8B76     		strb	r3, [r1, #26]
 700 0076 AC68     		ldr	r4, [r5, #8]
 701 0078 A17E     		ldrb	r1, [r4, #26]	@ zero_extendqisi2
 702 007a 01F03F01 		and	r1, r1, #63
 703 007e 01EB4101 		add	r1, r1, r1, lsl #1
 704 0082 8900     		lsls	r1, r1, #2
 705 0084 E068     		ldr	r0, [r4, #12]
 706 0086 FFF7FEFF 		bl	lv_mem_realloc
 707 008a E060     		str	r0, [r4, #12]
 708 008c AB68     		ldr	r3, [r5, #8]
 709 008e DB68     		ldr	r3, [r3, #12]
 710 0090 0BB1     		cbz	r3, .L101
 711 0092 0120     		movs	r0, #1
 712 0094 01E0     		b	.L95
 713              	.L101:
 714 0096 FEE7     		b	.L101
 715              	.L106:
 716 0098 0020     		movs	r0, #0
 717              	.L95:
ARM GAS  /var/folders/lp/x54gwt890xv47sdkqj1k04q40000gn/T//ccJtnove.s 			page 13


 718 009a 70BD     		pop	{r4, r5, r6, pc}
 719              	.L103:
 720 009c 0020     		movs	r0, #0
 721 009e FCE7     		b	.L95
 723              		.section	.text.lv_obj_remove_event_dsc,"ax",%progbits
 724              		.align	1
 725              		.global	lv_obj_remove_event_dsc
 726              		.syntax unified
 727              		.thumb
 728              		.thumb_func
 730              	lv_obj_remove_event_dsc:
 731              		@ args = 0, pretend = 0, frame = 0
 732              		@ frame_needed = 0, uses_anonymous_args = 0
 733 0000 38B5     		push	{r3, r4, r5, lr}
 734 0002 0446     		mov	r4, r0
 735 0004 8068     		ldr	r0, [r0, #8]
 736 0006 0028     		cmp	r0, #0
 737 0008 3DD0     		beq	.L115
 738 000a 0023     		movs	r3, #0
 739 000c 2CE0     		b	.L109
 740              	.L112:
 741 000e CA68     		ldr	r2, [r1, #12]
 742 0010 03F1010C 		add	ip, r3, #1
 743 0014 0CEB4C01 		add	r1, ip, ip, lsl #1
 744 0018 02EB8101 		add	r1, r2, r1, lsl #2
 745 001c 03EB4303 		add	r3, r3, r3, lsl #1
 746 0020 02EB8303 		add	r3, r2, r3, lsl #2
 747 0024 07C9     		ldm	r1, {r0, r1, r2}
 748 0026 83E80700 		stm	r3, {r0, r1, r2}
 749 002a 6346     		mov	r3, ip
 750              	.L110:
 751 002c A168     		ldr	r1, [r4, #8]
 752 002e 8A7E     		ldrb	r2, [r1, #26]	@ zero_extendqisi2
 753 0030 02F03F02 		and	r2, r2, #63
 754 0034 501E     		subs	r0, r2, #1
 755 0036 9842     		cmp	r0, r3
 756 0038 E9DC     		bgt	.L112
 757 003a 3F32     		adds	r2, r2, #63
 758 003c 8B7E     		ldrb	r3, [r1, #26]	@ zero_extendqisi2
 759 003e 62F30503 		bfi	r3, r2, #0, #6
 760 0042 8B76     		strb	r3, [r1, #26]
 761 0044 A568     		ldr	r5, [r4, #8]
 762 0046 A97E     		ldrb	r1, [r5, #26]	@ zero_extendqisi2
 763 0048 01F03F01 		and	r1, r1, #63
 764 004c 01EB4101 		add	r1, r1, r1, lsl #1
 765 0050 8900     		lsls	r1, r1, #2
 766 0052 E868     		ldr	r0, [r5, #12]
 767 0054 FFF7FEFF 		bl	lv_mem_realloc
 768 0058 E860     		str	r0, [r5, #12]
 769 005a A368     		ldr	r3, [r4, #8]
 770 005c DB68     		ldr	r3, [r3, #12]
 771 005e 0BB1     		cbz	r3, .L113
 772 0060 0120     		movs	r0, #1
 773 0062 0FE0     		b	.L108
 774              	.L113:
 775 0064 FEE7     		b	.L113
 776              	.L117:
ARM GAS  /var/folders/lp/x54gwt890xv47sdkqj1k04q40000gn/T//ccJtnove.s 			page 14


 777 0066 0133     		adds	r3, r3, #1
 778              	.L109:
 779 0068 827E     		ldrb	r2, [r0, #26]	@ zero_extendqisi2
 780 006a 02F03F02 		and	r2, r2, #63
 781 006e 9A42     		cmp	r2, r3
 782 0070 07DD     		ble	.L119
 783 0072 C268     		ldr	r2, [r0, #12]
 784 0074 03EB430C 		add	ip, r3, r3, lsl #1
 785 0078 02EB8C02 		add	r2, r2, ip, lsl #2
 786 007c 8A42     		cmp	r2, r1
 787 007e F2D1     		bne	.L117
 788 0080 D4E7     		b	.L110
 789              	.L119:
 790 0082 0020     		movs	r0, #0
 791              	.L108:
 792 0084 38BD     		pop	{r3, r4, r5, pc}
 793              	.L115:
 794 0086 0020     		movs	r0, #0
 795 0088 FCE7     		b	.L108
 797              		.section	.text.lv_obj_get_event_user_data,"ax",%progbits
 798              		.align	1
 799              		.global	lv_obj_get_event_user_data
 800              		.syntax unified
 801              		.thumb
 802              		.thumb_func
 804              	lv_obj_get_event_user_data:
 805              		@ args = 0, pretend = 0, frame = 0
 806              		@ frame_needed = 0, uses_anonymous_args = 0
 807 0000 8068     		ldr	r0, [r0, #8]
 808 0002 E8B1     		cbz	r0, .L126
 809 0004 0023     		movs	r3, #0
 810 0006 827E     		ldrb	r2, [r0, #26]	@ zero_extendqisi2
 811 0008 02F03F02 		and	r2, r2, #63
 812 000c 9A42     		cmp	r2, r3
 813 000e 15DD     		ble	.L131
 814 0010 00B5     		push	{lr}
 815              	.L124:
 816 0012 C268     		ldr	r2, [r0, #12]
 817 0014 03EB430C 		add	ip, r3, r3, lsl #1
 818 0018 02EB8C0E 		add	lr, r2, ip, lsl #2
 819 001c 52F82C20 		ldr	r2, [r2, ip, lsl #2]
 820 0020 8A42     		cmp	r2, r1
 821 0022 07D0     		beq	.L132
 822 0024 0133     		adds	r3, r3, #1
 823 0026 827E     		ldrb	r2, [r0, #26]	@ zero_extendqisi2
 824 0028 02F03F02 		and	r2, r2, #63
 825 002c 9A42     		cmp	r2, r3
 826 002e F0DC     		bgt	.L124
 827 0030 0020     		movs	r0, #0
 828 0032 01E0     		b	.L120
 829              	.L132:
 830 0034 DEF80400 		ldr	r0, [lr, #4]
 831              	.L120:
 832 0038 5DF804FB 		ldr	pc, [sp], #4
 833              	.L131:
 834 003c 0020     		movs	r0, #0
 835 003e 7047     		bx	lr
ARM GAS  /var/folders/lp/x54gwt890xv47sdkqj1k04q40000gn/T//ccJtnove.s 			page 15


 836              	.L126:
 837 0040 7047     		bx	lr
 839              		.section	.text.lv_event_get_indev,"ax",%progbits
 840              		.align	1
 841              		.global	lv_event_get_indev
 842              		.syntax unified
 843              		.thumb
 844              		.thumb_func
 846              	lv_event_get_indev:
 847              		@ args = 0, pretend = 0, frame = 0
 848              		@ frame_needed = 0, uses_anonymous_args = 0
 849 0000 08B5     		push	{r3, lr}
 850 0002 037A     		ldrb	r3, [r0, #8]	@ zero_extendqisi2
 851 0004 013B     		subs	r3, r3, #1
 852 0006 DBB2     		uxtb	r3, r3
 853 0008 0F2B     		cmp	r3, #15
 854 000a 02D8     		bhi	.L135
 855 000c FFF7FEFF 		bl	lv_event_get_param
 856              	.L133:
 857 0010 08BD     		pop	{r3, pc}
 858              	.L135:
 859 0012 0020     		movs	r0, #0
 860 0014 FCE7     		b	.L133
 862              		.section	.text.lv_event_get_draw_part_dsc,"ax",%progbits
 863              		.align	1
 864              		.global	lv_event_get_draw_part_dsc
 865              		.syntax unified
 866              		.thumb
 867              		.thumb_func
 869              	lv_event_get_draw_part_dsc:
 870              		@ args = 0, pretend = 0, frame = 0
 871              		@ frame_needed = 0, uses_anonymous_args = 0
 872 0000 08B5     		push	{r3, lr}
 873 0002 037A     		ldrb	r3, [r0, #8]	@ zero_extendqisi2
 874 0004 1A3B     		subs	r3, r3, #26
 875 0006 DBB2     		uxtb	r3, r3
 876 0008 012B     		cmp	r3, #1
 877 000a 02D8     		bhi	.L139
 878 000c FFF7FEFF 		bl	lv_event_get_param
 879              	.L137:
 880 0010 08BD     		pop	{r3, pc}
 881              	.L139:
 882 0012 0020     		movs	r0, #0
 883 0014 FCE7     		b	.L137
 885              		.section	.text.lv_event_get_draw_ctx,"ax",%progbits
 886              		.align	1
 887              		.global	lv_event_get_draw_ctx
 888              		.syntax unified
 889              		.thumb
 890              		.thumb_func
 892              	lv_event_get_draw_ctx:
 893              		@ args = 0, pretend = 0, frame = 0
 894              		@ frame_needed = 0, uses_anonymous_args = 0
 895 0000 08B5     		push	{r3, lr}
 896 0002 027A     		ldrb	r2, [r0, #8]	@ zero_extendqisi2
 897 0004 A2F11403 		sub	r3, r2, #20
 898 0008 DBB2     		uxtb	r3, r3
ARM GAS  /var/folders/lp/x54gwt890xv47sdkqj1k04q40000gn/T//ccJtnove.s 			page 16


 899 000a 022B     		cmp	r3, #2
 900 000c 05D9     		bls	.L142
 901 000e 182A     		cmp	r2, #24
 902 0010 03D0     		beq	.L142
 903 0012 172A     		cmp	r2, #23
 904 0014 01D0     		beq	.L142
 905 0016 192A     		cmp	r2, #25
 906 0018 02D1     		bne	.L144
 907              	.L142:
 908 001a FFF7FEFF 		bl	lv_event_get_param
 909              	.L141:
 910 001e 08BD     		pop	{r3, pc}
 911              	.L144:
 912 0020 0020     		movs	r0, #0
 913 0022 FCE7     		b	.L141
 915              		.section	.text.lv_event_get_old_size,"ax",%progbits
 916              		.align	1
 917              		.global	lv_event_get_old_size
 918              		.syntax unified
 919              		.thumb
 920              		.thumb_func
 922              	lv_event_get_old_size:
 923              		@ args = 0, pretend = 0, frame = 0
 924              		@ frame_needed = 0, uses_anonymous_args = 0
 925 0000 08B5     		push	{r3, lr}
 926 0002 037A     		ldrb	r3, [r0, #8]	@ zero_extendqisi2
 927 0004 292B     		cmp	r3, #41
 928 0006 02D1     		bne	.L148
 929 0008 FFF7FEFF 		bl	lv_event_get_param
 930              	.L146:
 931 000c 08BD     		pop	{r3, pc}
 932              	.L148:
 933 000e 0020     		movs	r0, #0
 934 0010 FCE7     		b	.L146
 936              		.section	.text.lv_event_get_key,"ax",%progbits
 937              		.align	1
 938              		.global	lv_event_get_key
 939              		.syntax unified
 940              		.thumb
 941              		.thumb_func
 943              	lv_event_get_key:
 944              		@ args = 0, pretend = 0, frame = 0
 945              		@ frame_needed = 0, uses_anonymous_args = 0
 946 0000 08B5     		push	{r3, lr}
 947 0002 037A     		ldrb	r3, [r0, #8]	@ zero_extendqisi2
 948 0004 0D2B     		cmp	r3, #13
 949 0006 04D1     		bne	.L152
 950 0008 FFF7FEFF 		bl	lv_event_get_param
 951 000c 18B1     		cbz	r0, .L153
 952 000e 0068     		ldr	r0, [r0]
 953 0010 00E0     		b	.L150
 954              	.L152:
 955 0012 0020     		movs	r0, #0
 956              	.L150:
 957 0014 08BD     		pop	{r3, pc}
 958              	.L153:
 959 0016 0020     		movs	r0, #0
ARM GAS  /var/folders/lp/x54gwt890xv47sdkqj1k04q40000gn/T//ccJtnove.s 			page 17


 960 0018 FCE7     		b	.L150
 962              		.section	.text.lv_event_get_scroll_anim,"ax",%progbits
 963              		.align	1
 964              		.global	lv_event_get_scroll_anim
 965              		.syntax unified
 966              		.thumb
 967              		.thumb_func
 969              	lv_event_get_scroll_anim:
 970              		@ args = 0, pretend = 0, frame = 0
 971              		@ frame_needed = 0, uses_anonymous_args = 0
 972 0000 08B5     		push	{r3, lr}
 973 0002 037A     		ldrb	r3, [r0, #8]	@ zero_extendqisi2
 974 0004 092B     		cmp	r3, #9
 975 0006 02D1     		bne	.L157
 976 0008 FFF7FEFF 		bl	lv_event_get_param
 977              	.L155:
 978 000c 08BD     		pop	{r3, pc}
 979              	.L157:
 980 000e 0020     		movs	r0, #0
 981 0010 FCE7     		b	.L155
 983              		.section	.text.lv_event_set_ext_draw_size,"ax",%progbits
 984              		.align	1
 985              		.global	lv_event_set_ext_draw_size
 986              		.syntax unified
 987              		.thumb
 988              		.thumb_func
 990              	lv_event_set_ext_draw_size:
 991              		@ args = 0, pretend = 0, frame = 0
 992              		@ frame_needed = 0, uses_anonymous_args = 0
 993 0000 037A     		ldrb	r3, [r0, #8]	@ zero_extendqisi2
 994 0002 132B     		cmp	r3, #19
 995 0004 00D0     		beq	.L165
 996 0006 7047     		bx	lr
 997              	.L165:
 998 0008 10B5     		push	{r4, lr}
 999 000a 0C46     		mov	r4, r1
 1000 000c FFF7FEFF 		bl	lv_event_get_param
 1001 0010 B0F90030 		ldrsh	r3, [r0]
 1002 0014 A342     		cmp	r3, r4
 1003 0016 B8BF     		it	lt
 1004 0018 2346     		movlt	r3, r4
 1005 001a 0380     		strh	r3, [r0]	@ movhi
 1006 001c 10BD     		pop	{r4, pc}
 1008              		.section	.text.lv_event_get_self_size_info,"ax",%progbits
 1009              		.align	1
 1010              		.global	lv_event_get_self_size_info
 1011              		.syntax unified
 1012              		.thumb
 1013              		.thumb_func
 1015              	lv_event_get_self_size_info:
 1016              		@ args = 0, pretend = 0, frame = 0
 1017              		@ frame_needed = 0, uses_anonymous_args = 0
 1018 0000 08B5     		push	{r3, lr}
 1019 0002 037A     		ldrb	r3, [r0, #8]	@ zero_extendqisi2
 1020 0004 2C2B     		cmp	r3, #44
 1021 0006 02D1     		bne	.L168
 1022 0008 FFF7FEFF 		bl	lv_event_get_param
ARM GAS  /var/folders/lp/x54gwt890xv47sdkqj1k04q40000gn/T//ccJtnove.s 			page 18


 1023              	.L166:
 1024 000c 08BD     		pop	{r3, pc}
 1025              	.L168:
 1026 000e 0020     		movs	r0, #0
 1027 0010 FCE7     		b	.L166
 1029              		.section	.text.lv_event_get_hit_test_info,"ax",%progbits
 1030              		.align	1
 1031              		.global	lv_event_get_hit_test_info
 1032              		.syntax unified
 1033              		.thumb
 1034              		.thumb_func
 1036              	lv_event_get_hit_test_info:
 1037              		@ args = 0, pretend = 0, frame = 0
 1038              		@ frame_needed = 0, uses_anonymous_args = 0
 1039 0000 08B5     		push	{r3, lr}
 1040 0002 037A     		ldrb	r3, [r0, #8]	@ zero_extendqisi2
 1041 0004 112B     		cmp	r3, #17
 1042 0006 02D1     		bne	.L172
 1043 0008 FFF7FEFF 		bl	lv_event_get_param
 1044              	.L170:
 1045 000c 08BD     		pop	{r3, pc}
 1046              	.L172:
 1047 000e 0020     		movs	r0, #0
 1048 0010 FCE7     		b	.L170
 1050              		.section	.text.lv_event_get_cover_area,"ax",%progbits
 1051              		.align	1
 1052              		.global	lv_event_get_cover_area
 1053              		.syntax unified
 1054              		.thumb
 1055              		.thumb_func
 1057              	lv_event_get_cover_area:
 1058              		@ args = 0, pretend = 0, frame = 0
 1059              		@ frame_needed = 0, uses_anonymous_args = 0
 1060 0000 08B5     		push	{r3, lr}
 1061 0002 037A     		ldrb	r3, [r0, #8]	@ zero_extendqisi2
 1062 0004 122B     		cmp	r3, #18
 1063 0006 03D1     		bne	.L176
 1064 0008 FFF7FEFF 		bl	lv_event_get_param
 1065 000c 4068     		ldr	r0, [r0, #4]
 1066              	.L174:
 1067 000e 08BD     		pop	{r3, pc}
 1068              	.L176:
 1069 0010 0020     		movs	r0, #0
 1070 0012 FCE7     		b	.L174
 1072              		.section	.text.lv_event_set_cover_res,"ax",%progbits
 1073              		.align	1
 1074              		.global	lv_event_set_cover_res
 1075              		.syntax unified
 1076              		.thumb
 1077              		.thumb_func
 1079              	lv_event_set_cover_res:
 1080              		@ args = 0, pretend = 0, frame = 0
 1081              		@ frame_needed = 0, uses_anonymous_args = 0
 1082 0000 037A     		ldrb	r3, [r0, #8]	@ zero_extendqisi2
 1083 0002 122B     		cmp	r3, #18
 1084 0004 00D0     		beq	.L184
 1085 0006 7047     		bx	lr
ARM GAS  /var/folders/lp/x54gwt890xv47sdkqj1k04q40000gn/T//ccJtnove.s 			page 19


 1086              	.L184:
 1087 0008 10B5     		push	{r4, lr}
 1088 000a 0C46     		mov	r4, r1
 1089 000c FFF7FEFF 		bl	lv_event_get_param
 1090 0010 0378     		ldrb	r3, [r0]	@ zero_extendqisi2
 1091 0012 A342     		cmp	r3, r4
 1092 0014 00D2     		bcs	.L178
 1093 0016 0470     		strb	r4, [r0]
 1094              	.L178:
 1095 0018 10BD     		pop	{r4, pc}
 1097              		.section	.data.last_id.0,"aw"
 1098              		.align	2
 1101              	last_id.0:
 1102 0000 2D000000 		.word	45
 1103              		.section	.bss.event_head,"aw",%nobits
 1104              		.align	2
 1107              	event_head:
 1108 0000 00000000 		.space	4
 1109              		.ident	"GCC: (xPack GNU Arm Embedded GCC arm64) 13.3.1 20240614"
ARM GAS  /var/folders/lp/x54gwt890xv47sdkqj1k04q40000gn/T//ccJtnove.s 			page 20


DEFINED SYMBOLS
                            *ABS*:00000000 lv_event.c
/var/folders/lp/x54gwt890xv47sdkqj1k04q40000gn/T//ccJtnove.s:18     .text.lv_obj_get_event_dsc:00000000 $t
/var/folders/lp/x54gwt890xv47sdkqj1k04q40000gn/T//ccJtnove.s:23     .text.lv_obj_get_event_dsc:00000000 lv_obj_get_event_dsc
/var/folders/lp/x54gwt890xv47sdkqj1k04q40000gn/T//ccJtnove.s:43     .text.event_is_bubbled:00000000 $t
/var/folders/lp/x54gwt890xv47sdkqj1k04q40000gn/T//ccJtnove.s:48     .text.event_is_bubbled:00000000 event_is_bubbled
/var/folders/lp/x54gwt890xv47sdkqj1k04q40000gn/T//ccJtnove.s:92     .text.event_is_bubbled:00000050 $d
/var/folders/lp/x54gwt890xv47sdkqj1k04q40000gn/T//ccJtnove.s:95     .text.lv_obj_event_base:00000000 $t
/var/folders/lp/x54gwt890xv47sdkqj1k04q40000gn/T//ccJtnove.s:101    .text.lv_obj_event_base:00000000 lv_obj_event_base
/var/folders/lp/x54gwt890xv47sdkqj1k04q40000gn/T//ccJtnove.s:146    .text.event_send_core:00000000 $t
/var/folders/lp/x54gwt890xv47sdkqj1k04q40000gn/T//ccJtnove.s:151    .text.event_send_core:00000000 event_send_core
/var/folders/lp/x54gwt890xv47sdkqj1k04q40000gn/T//ccJtnove.s:292    .text.lv_event_send:00000000 $t
/var/folders/lp/x54gwt890xv47sdkqj1k04q40000gn/T//ccJtnove.s:298    .text.lv_event_send:00000000 lv_event_send
/var/folders/lp/x54gwt890xv47sdkqj1k04q40000gn/T//ccJtnove.s:336    .text.lv_event_send:00000050 $d
/var/folders/lp/x54gwt890xv47sdkqj1k04q40000gn/T//ccJtnove.s:1107   .bss.event_head:00000000 event_head
/var/folders/lp/x54gwt890xv47sdkqj1k04q40000gn/T//ccJtnove.s:339    .text.lv_event_get_target:00000000 $t
/var/folders/lp/x54gwt890xv47sdkqj1k04q40000gn/T//ccJtnove.s:345    .text.lv_event_get_target:00000000 lv_event_get_target
/var/folders/lp/x54gwt890xv47sdkqj1k04q40000gn/T//ccJtnove.s:353    .text.lv_event_get_current_target:00000000 $t
/var/folders/lp/x54gwt890xv47sdkqj1k04q40000gn/T//ccJtnove.s:359    .text.lv_event_get_current_target:00000000 lv_event_get_current_target
/var/folders/lp/x54gwt890xv47sdkqj1k04q40000gn/T//ccJtnove.s:367    .text.lv_event_get_code:00000000 $t
/var/folders/lp/x54gwt890xv47sdkqj1k04q40000gn/T//ccJtnove.s:373    .text.lv_event_get_code:00000000 lv_event_get_code
/var/folders/lp/x54gwt890xv47sdkqj1k04q40000gn/T//ccJtnove.s:382    .text.lv_event_get_param:00000000 $t
/var/folders/lp/x54gwt890xv47sdkqj1k04q40000gn/T//ccJtnove.s:388    .text.lv_event_get_param:00000000 lv_event_get_param
/var/folders/lp/x54gwt890xv47sdkqj1k04q40000gn/T//ccJtnove.s:396    .text.lv_event_get_user_data:00000000 $t
/var/folders/lp/x54gwt890xv47sdkqj1k04q40000gn/T//ccJtnove.s:402    .text.lv_event_get_user_data:00000000 lv_event_get_user_data
/var/folders/lp/x54gwt890xv47sdkqj1k04q40000gn/T//ccJtnove.s:410    .text.lv_event_stop_bubbling:00000000 $t
/var/folders/lp/x54gwt890xv47sdkqj1k04q40000gn/T//ccJtnove.s:416    .text.lv_event_stop_bubbling:00000000 lv_event_stop_bubbling
/var/folders/lp/x54gwt890xv47sdkqj1k04q40000gn/T//ccJtnove.s:426    .text.lv_event_stop_processing:00000000 $t
/var/folders/lp/x54gwt890xv47sdkqj1k04q40000gn/T//ccJtnove.s:432    .text.lv_event_stop_processing:00000000 lv_event_stop_processing
/var/folders/lp/x54gwt890xv47sdkqj1k04q40000gn/T//ccJtnove.s:442    .text.lv_event_register_id:00000000 $t
/var/folders/lp/x54gwt890xv47sdkqj1k04q40000gn/T//ccJtnove.s:448    .text.lv_event_register_id:00000000 lv_event_register_id
/var/folders/lp/x54gwt890xv47sdkqj1k04q40000gn/T//ccJtnove.s:460    .text.lv_event_register_id:0000000c $d
/var/folders/lp/x54gwt890xv47sdkqj1k04q40000gn/T//ccJtnove.s:1101   .data.last_id.0:00000000 last_id.0
/var/folders/lp/x54gwt890xv47sdkqj1k04q40000gn/T//ccJtnove.s:463    .text._lv_event_mark_deleted:00000000 $t
/var/folders/lp/x54gwt890xv47sdkqj1k04q40000gn/T//ccJtnove.s:469    .text._lv_event_mark_deleted:00000000 _lv_event_mark_deleted
/var/folders/lp/x54gwt890xv47sdkqj1k04q40000gn/T//ccJtnove.s:496    .text._lv_event_mark_deleted:00000024 $d
/var/folders/lp/x54gwt890xv47sdkqj1k04q40000gn/T//ccJtnove.s:499    .text.lv_obj_add_event_cb:00000000 $t
/var/folders/lp/x54gwt890xv47sdkqj1k04q40000gn/T//ccJtnove.s:505    .text.lv_obj_add_event_cb:00000000 lv_obj_add_event_cb
/var/folders/lp/x54gwt890xv47sdkqj1k04q40000gn/T//ccJtnove.s:568    .text.lv_obj_remove_event_cb:00000000 $t
/var/folders/lp/x54gwt890xv47sdkqj1k04q40000gn/T//ccJtnove.s:574    .text.lv_obj_remove_event_cb:00000000 lv_obj_remove_event_cb
/var/folders/lp/x54gwt890xv47sdkqj1k04q40000gn/T//ccJtnove.s:641    .text.lv_obj_remove_event_cb_with_user_data:00000000 $t
/var/folders/lp/x54gwt890xv47sdkqj1k04q40000gn/T//ccJtnove.s:647    .text.lv_obj_remove_event_cb_with_user_data:00000000 lv_obj_remove_event_cb_with_user_data
/var/folders/lp/x54gwt890xv47sdkqj1k04q40000gn/T//ccJtnove.s:724    .text.lv_obj_remove_event_dsc:00000000 $t
/var/folders/lp/x54gwt890xv47sdkqj1k04q40000gn/T//ccJtnove.s:730    .text.lv_obj_remove_event_dsc:00000000 lv_obj_remove_event_dsc
/var/folders/lp/x54gwt890xv47sdkqj1k04q40000gn/T//ccJtnove.s:798    .text.lv_obj_get_event_user_data:00000000 $t
/var/folders/lp/x54gwt890xv47sdkqj1k04q40000gn/T//ccJtnove.s:804    .text.lv_obj_get_event_user_data:00000000 lv_obj_get_event_user_data
/var/folders/lp/x54gwt890xv47sdkqj1k04q40000gn/T//ccJtnove.s:840    .text.lv_event_get_indev:00000000 $t
/var/folders/lp/x54gwt890xv47sdkqj1k04q40000gn/T//ccJtnove.s:846    .text.lv_event_get_indev:00000000 lv_event_get_indev
/var/folders/lp/x54gwt890xv47sdkqj1k04q40000gn/T//ccJtnove.s:863    .text.lv_event_get_draw_part_dsc:00000000 $t
/var/folders/lp/x54gwt890xv47sdkqj1k04q40000gn/T//ccJtnove.s:869    .text.lv_event_get_draw_part_dsc:00000000 lv_event_get_draw_part_dsc
/var/folders/lp/x54gwt890xv47sdkqj1k04q40000gn/T//ccJtnove.s:886    .text.lv_event_get_draw_ctx:00000000 $t
/var/folders/lp/x54gwt890xv47sdkqj1k04q40000gn/T//ccJtnove.s:892    .text.lv_event_get_draw_ctx:00000000 lv_event_get_draw_ctx
/var/folders/lp/x54gwt890xv47sdkqj1k04q40000gn/T//ccJtnove.s:916    .text.lv_event_get_old_size:00000000 $t
/var/folders/lp/x54gwt890xv47sdkqj1k04q40000gn/T//ccJtnove.s:922    .text.lv_event_get_old_size:00000000 lv_event_get_old_size
/var/folders/lp/x54gwt890xv47sdkqj1k04q40000gn/T//ccJtnove.s:937    .text.lv_event_get_key:00000000 $t
/var/folders/lp/x54gwt890xv47sdkqj1k04q40000gn/T//ccJtnove.s:943    .text.lv_event_get_key:00000000 lv_event_get_key
/var/folders/lp/x54gwt890xv47sdkqj1k04q40000gn/T//ccJtnove.s:963    .text.lv_event_get_scroll_anim:00000000 $t
ARM GAS  /var/folders/lp/x54gwt890xv47sdkqj1k04q40000gn/T//ccJtnove.s 			page 21


/var/folders/lp/x54gwt890xv47sdkqj1k04q40000gn/T//ccJtnove.s:969    .text.lv_event_get_scroll_anim:00000000 lv_event_get_scroll_anim
/var/folders/lp/x54gwt890xv47sdkqj1k04q40000gn/T//ccJtnove.s:984    .text.lv_event_set_ext_draw_size:00000000 $t
/var/folders/lp/x54gwt890xv47sdkqj1k04q40000gn/T//ccJtnove.s:990    .text.lv_event_set_ext_draw_size:00000000 lv_event_set_ext_draw_size
/var/folders/lp/x54gwt890xv47sdkqj1k04q40000gn/T//ccJtnove.s:1009   .text.lv_event_get_self_size_info:00000000 $t
/var/folders/lp/x54gwt890xv47sdkqj1k04q40000gn/T//ccJtnove.s:1015   .text.lv_event_get_self_size_info:00000000 lv_event_get_self_size_info
/var/folders/lp/x54gwt890xv47sdkqj1k04q40000gn/T//ccJtnove.s:1030   .text.lv_event_get_hit_test_info:00000000 $t
/var/folders/lp/x54gwt890xv47sdkqj1k04q40000gn/T//ccJtnove.s:1036   .text.lv_event_get_hit_test_info:00000000 lv_event_get_hit_test_info
/var/folders/lp/x54gwt890xv47sdkqj1k04q40000gn/T//ccJtnove.s:1051   .text.lv_event_get_cover_area:00000000 $t
/var/folders/lp/x54gwt890xv47sdkqj1k04q40000gn/T//ccJtnove.s:1057   .text.lv_event_get_cover_area:00000000 lv_event_get_cover_area
/var/folders/lp/x54gwt890xv47sdkqj1k04q40000gn/T//ccJtnove.s:1073   .text.lv_event_set_cover_res:00000000 $t
/var/folders/lp/x54gwt890xv47sdkqj1k04q40000gn/T//ccJtnove.s:1079   .text.lv_event_set_cover_res:00000000 lv_event_set_cover_res
/var/folders/lp/x54gwt890xv47sdkqj1k04q40000gn/T//ccJtnove.s:1098   .data.last_id.0:00000000 $d
/var/folders/lp/x54gwt890xv47sdkqj1k04q40000gn/T//ccJtnove.s:1104   .bss.event_head:00000000 $d

UNDEFINED SYMBOLS
lv_obj_has_flag
lv_indev_get_act
lv_obj_allocate_spec_attr
lv_mem_realloc
