ARM GAS  /var/folders/lp/x54gwt890xv47sdkqj1k04q40000gn/T//ccAZrxGS.s 			page 1


   1              		.cpu cortex-m4
   2              		.arch armv7e-m
   3              		.fpu fpv4-sp-d16
   4              		.eabi_attribute 27, 1
   5              		.eabi_attribute 28, 1
   6              		.eabi_attribute 20, 1
   7              		.eabi_attribute 21, 1
   8              		.eabi_attribute 23, 3
   9              		.eabi_attribute 24, 1
  10              		.eabi_attribute 25, 1
  11              		.eabi_attribute 26, 1
  12              		.eabi_attribute 30, 1
  13              		.eabi_attribute 34, 1
  14              		.eabi_attribute 18, 4
  15              		.file	"lv_font.c"
  16              		.text
  17              		.section	.text.lv_font_get_glyph_bitmap,"ax",%progbits
  18              		.align	1
  19              		.global	lv_font_get_glyph_bitmap
  20              		.syntax unified
  21              		.thumb
  22              		.thumb_func
  24              	lv_font_get_glyph_bitmap:
  25              		@ args = 0, pretend = 0, frame = 0
  26              		@ frame_needed = 0, uses_anonymous_args = 0
  27 0000 18B1     		cbz	r0, .L3
  28 0002 08B5     		push	{r3, lr}
  29 0004 4268     		ldr	r2, [r0, #4]
  30 0006 9047     		blx	r2
  31 0008 08BD     		pop	{r3, pc}
  32              	.L3:
  33 000a FEE7     		b	.L3
  35              		.section	.text.lv_font_get_glyph_dsc,"ax",%progbits
  36              		.align	1
  37              		.global	lv_font_get_glyph_dsc
  38              		.syntax unified
  39              		.thumb
  40              		.thumb_func
  42              	lv_font_get_glyph_dsc:
  43              		@ args = 0, pretend = 0, frame = 0
  44              		@ frame_needed = 0, uses_anonymous_args = 0
  45 0000 58B1     		cbz	r0, .L8
  46 0002 2DE9F047 		push	{r4, r5, r6, r7, r8, r9, r10, lr}
  47 0006 0D46     		mov	r5, r1
  48 0008 1646     		mov	r6, r2
  49 000a 9A46     		mov	r10, r3
  50 000c 8146     		mov	r9, r0
  51 000e 29B1     		cbz	r1, .L10
  52 0010 0023     		movs	r3, #0
  53 0012 0B60     		str	r3, [r1]
  54 0014 0446     		mov	r4, r0
  55 0016 9846     		mov	r8, r3
  56 0018 04E0     		b	.L11
  57              	.L8:
  58 001a FEE7     		b	.L8
  59              	.L10:
  60 001c FEE7     		b	.L10
ARM GAS  /var/folders/lp/x54gwt890xv47sdkqj1k04q40000gn/T//ccAZrxGS.s 			page 2


  61              	.L24:
  62 001e 2C60     		str	r4, [r5]
  63 0020 20E0     		b	.L14
  64              	.L12:
  65 0022 6469     		ldr	r4, [r4, #20]
  66              	.L11:
  67 0024 8CB1     		cbz	r4, .L23
  68 0026 5346     		mov	r3, r10
  69 0028 3246     		mov	r2, r6
  70 002a 2946     		mov	r1, r5
  71 002c 2046     		mov	r0, r4
  72 002e 2768     		ldr	r7, [r4]
  73 0030 B847     		blx	r7
  74 0032 0346     		mov	r3, r0
  75 0034 0028     		cmp	r0, #0
  76 0036 F4D0     		beq	.L12
  77 0038 AA7B     		ldrb	r2, [r5, #14]	@ zero_extendqisi2
  78 003a 12F0100F 		tst	r2, #16
  79 003e EED0     		beq	.L24
  80 0040 B8F1000F 		cmp	r8, #0
  81 0044 EDD1     		bne	.L12
  82 0046 A046     		mov	r8, r4
  83 0048 EBE7     		b	.L12
  84              	.L23:
  85 004a B8F1000F 		cmp	r8, #0
  86 004e 0CD0     		beq	.L16
  87 0050 D8F80040 		ldr	r4, [r8]
  88 0054 5346     		mov	r3, r10
  89 0056 3246     		mov	r2, r6
  90 0058 2946     		mov	r1, r5
  91 005a 4046     		mov	r0, r8
  92 005c A047     		blx	r4
  93 005e C5F80080 		str	r8, [r5]
  94 0062 0123     		movs	r3, #1
  95              	.L14:
  96 0064 1846     		mov	r0, r3
  97 0066 BDE8F087 		pop	{r4, r5, r6, r7, r8, r9, r10, pc}
  98              	.L16:
  99 006a 1F2E     		cmp	r6, #31
 100 006c 11D9     		bls	.L17
 101 006e 4FF6FF03 		movw	r3, #63743
 102 0072 9E42     		cmp	r6, r3
 103 0074 0DD0     		beq	.L17
 104 0076 42F20C03 		movw	r3, #8204
 105 007a 9E42     		cmp	r6, r3
 106 007c 09D0     		beq	.L17
 107 007e B9F90830 		ldrsh	r3, [r9, #8]
 108 0082 03EBD373 		add	r3, r3, r3, lsr #31
 109 0086 C3F34F03 		ubfx	r3, r3, #1, #16
 110 008a EB80     		strh	r3, [r5, #6]	@ movhi
 111 008c 0233     		adds	r3, r3, #2
 112 008e AB80     		strh	r3, [r5, #4]	@ movhi
 113 0090 02E0     		b	.L19
 114              	.L17:
 115 0092 0023     		movs	r3, #0
 116 0094 EB80     		strh	r3, [r5, #6]	@ movhi
 117 0096 AB80     		strh	r3, [r5, #4]	@ movhi
ARM GAS  /var/folders/lp/x54gwt890xv47sdkqj1k04q40000gn/T//ccAZrxGS.s 			page 3


 118              	.L19:
 119 0098 0023     		movs	r3, #0
 120 009a 2B60     		str	r3, [r5]
 121 009c B9F80820 		ldrh	r2, [r9, #8]
 122 00a0 2A81     		strh	r2, [r5, #8]	@ movhi
 123 00a2 6B81     		strh	r3, [r5, #10]	@ movhi
 124 00a4 AB81     		strh	r3, [r5, #12]	@ movhi
 125 00a6 AA7B     		ldrb	r2, [r5, #14]	@ zero_extendqisi2
 126 00a8 0121     		movs	r1, #1
 127 00aa 61F30302 		bfi	r2, r1, #0, #4
 128 00ae AA73     		strb	r2, [r5, #14]
 129 00b0 D2B2     		uxtb	r2, r2
 130 00b2 42F01002 		orr	r2, r2, #16
 131 00b6 AA73     		strb	r2, [r5, #14]
 132 00b8 D4E7     		b	.L14
 134              		.section	.text.lv_font_get_glyph_width,"ax",%progbits
 135              		.align	1
 136              		.global	lv_font_get_glyph_width
 137              		.syntax unified
 138              		.thumb
 139              		.thumb_func
 141              	lv_font_get_glyph_width:
 142              		@ args = 0, pretend = 0, frame = 16
 143              		@ frame_needed = 0, uses_anonymous_args = 0
 144 0000 58B1     		cbz	r0, .L27
 145 0002 00B5     		push	{lr}
 146 0004 85B0     		sub	sp, sp, #20
 147 0006 1346     		mov	r3, r2
 148 0008 0A46     		mov	r2, r1
 149 000a 6946     		mov	r1, sp
 150 000c FFF7FEFF 		bl	lv_font_get_glyph_dsc
 151 0010 BDF80400 		ldrh	r0, [sp, #4]
 152 0014 05B0     		add	sp, sp, #20
 153              		@ sp needed
 154 0016 5DF804FB 		ldr	pc, [sp], #4
 155              	.L27:
 156 001a FEE7     		b	.L27
 158              		.ident	"GCC: (xPack GNU Arm Embedded GCC arm64) 13.3.1 20240614"
ARM GAS  /var/folders/lp/x54gwt890xv47sdkqj1k04q40000gn/T//ccAZrxGS.s 			page 4


DEFINED SYMBOLS
                            *ABS*:00000000 lv_font.c
/var/folders/lp/x54gwt890xv47sdkqj1k04q40000gn/T//ccAZrxGS.s:18     .text.lv_font_get_glyph_bitmap:00000000 $t
/var/folders/lp/x54gwt890xv47sdkqj1k04q40000gn/T//ccAZrxGS.s:24     .text.lv_font_get_glyph_bitmap:00000000 lv_font_get_glyph_bitmap
/var/folders/lp/x54gwt890xv47sdkqj1k04q40000gn/T//ccAZrxGS.s:36     .text.lv_font_get_glyph_dsc:00000000 $t
/var/folders/lp/x54gwt890xv47sdkqj1k04q40000gn/T//ccAZrxGS.s:42     .text.lv_font_get_glyph_dsc:00000000 lv_font_get_glyph_dsc
/var/folders/lp/x54gwt890xv47sdkqj1k04q40000gn/T//ccAZrxGS.s:135    .text.lv_font_get_glyph_width:00000000 $t
/var/folders/lp/x54gwt890xv47sdkqj1k04q40000gn/T//ccAZrxGS.s:141    .text.lv_font_get_glyph_width:00000000 lv_font_get_glyph_width

NO UNDEFINED SYMBOLS
