ARM GAS  /var/folders/lp/x54gwt890xv47sdkqj1k04q40000gn/T//ccWgvErC.s 			page 1


   1              		.cpu cortex-m4
   2              		.arch armv7e-m
   3              		.fpu fpv4-sp-d16
   4              		.eabi_attribute 27, 1
   5              		.eabi_attribute 28, 1
   6              		.eabi_attribute 20, 1
   7              		.eabi_attribute 21, 1
   8              		.eabi_attribute 23, 3
   9              		.eabi_attribute 24, 1
  10              		.eabi_attribute 25, 1
  11              		.eabi_attribute 26, 1
  12              		.eabi_attribute 30, 1
  13              		.eabi_attribute 34, 1
  14              		.eabi_attribute 18, 4
  15              		.file	"lv_group.c"
  16              		.text
  17              		.section	.text.get_indev,"ax",%progbits
  18              		.align	1
  19              		.syntax unified
  20              		.thumb
  21              		.thumb_func
  23              	get_indev:
  24              		@ args = 0, pretend = 0, frame = 0
  25              		@ frame_needed = 0, uses_anonymous_args = 0
  26 0000 F8B5     		push	{r3, r4, r5, r6, r7, lr}
  27 0002 0546     		mov	r5, r0
  28 0004 0020     		movs	r0, #0
  29 0006 FFF7FEFF 		bl	lv_indev_get_next
  30 000a 0446     		mov	r4, r0
  31 000c 0026     		movs	r6, #0
  32 000e 3746     		mov	r7, r6
  33 0010 05E0     		b	.L2
  34              	.L7:
  35 0012 2646     		mov	r6, r4
  36 0014 2746     		mov	r7, r4
  37              	.L3:
  38 0016 2046     		mov	r0, r4
  39 0018 FFF7FEFF 		bl	lv_indev_get_next
  40 001c 0446     		mov	r4, r0
  41              	.L2:
  42 001e 5CB1     		cbz	r4, .L10
  43 0020 2046     		mov	r0, r4
  44 0022 FFF7FEFF 		bl	lv_indev_get_type
  45 0026 636D     		ldr	r3, [r4, #84]
  46 0028 AB42     		cmp	r3, r5
  47 002a F4D1     		bne	.L3
  48 002c 0228     		cmp	r0, #2
  49 002e 0ED0     		beq	.L6
  50 0030 0428     		cmp	r0, #4
  51 0032 EED0     		beq	.L7
  52 0034 2646     		mov	r6, r4
  53 0036 EEE7     		b	.L3
  54              	.L10:
  55 0038 0FB1     		cbz	r7, .L11
  56              	.L1:
  57 003a 3846     		mov	r0, r7
  58 003c F8BD     		pop	{r3, r4, r5, r6, r7, pc}
ARM GAS  /var/folders/lp/x54gwt890xv47sdkqj1k04q40000gn/T//ccWgvErC.s 			page 2


  59              	.L11:
  60 003e 0EB1     		cbz	r6, .L12
  61 0040 3746     		mov	r7, r6
  62 0042 FAE7     		b	.L1
  63              	.L12:
  64 0044 0020     		movs	r0, #0
  65 0046 FFF7FEFF 		bl	lv_indev_get_next
  66 004a 0746     		mov	r7, r0
  67 004c F5E7     		b	.L1
  68              	.L6:
  69 004e 2746     		mov	r7, r4
  70 0050 F3E7     		b	.L1
  72              		.section	.text.focus_next_core,"ax",%progbits
  73              		.align	1
  74              		.syntax unified
  75              		.thumb
  76              		.thumb_func
  78              	focus_next_core:
  79              		@ args = 0, pretend = 0, frame = 0
  80              		@ frame_needed = 0, uses_anonymous_args = 0
  81 0000 2DE9F047 		push	{r4, r5, r6, r7, r8, r9, r10, lr}
  82 0004 037F     		ldrb	r3, [r0, #28]	@ zero_extendqisi2
  83 0006 13F0010F 		tst	r3, #1
  84 000a 6ED1     		bne	.L26
  85 000c 0646     		mov	r6, r0
  86 000e 8A46     		mov	r10, r1
  87 0010 9146     		mov	r9, r2
  88 0012 C568     		ldr	r5, [r0, #12]
  89 0014 4FF00108 		mov	r8, #1
  90 0018 0027     		movs	r7, #0
  91              	.L15:
  92 001a E5B1     		cbz	r5, .L36
  93 001c 0123     		movs	r3, #1
  94              	.L16:
  95 001e 57B3     		cbz	r7, .L37
  96              	.L18:
  97 0020 2BB1     		cbz	r3, .L19
  98 0022 2946     		mov	r1, r5
  99 0024 3046     		mov	r0, r6
 100 0026 C847     		blx	r9
 101 0028 0546     		mov	r5, r0
 102 002a 8742     		cmp	r7, r0
 103 002c 68D0     		beq	.L30
 104              	.L19:
 105 002e 002D     		cmp	r5, #0
 106 0030 F3D0     		beq	.L15
 107 0032 2868     		ldr	r0, [r5]
 108 0034 FFF7FEFF 		bl	lv_obj_get_state
 109 0038 10F0800F 		tst	r0, #128
 110 003c EDD1     		bne	.L15
 111 003e 2C68     		ldr	r4, [r5]
 112              	.L21:
 113 0040 1CB3     		cbz	r4, .L24
 114 0042 0121     		movs	r1, #1
 115 0044 2046     		mov	r0, r4
 116 0046 FFF7FEFF 		bl	lv_obj_has_flag
 117 004a C0B9     		cbnz	r0, .L22
ARM GAS  /var/folders/lp/x54gwt890xv47sdkqj1k04q40000gn/T//ccWgvErC.s 			page 3


 118 004c 2046     		mov	r0, r4
 119 004e FFF7FEFF 		bl	lv_obj_get_parent
 120 0052 0446     		mov	r4, r0
 121 0054 F4E7     		b	.L21
 122              	.L36:
 123 0056 337F     		ldrb	r3, [r6, #28]	@ zero_extendqisi2
 124 0058 13F0080F 		tst	r3, #8
 125 005c 01D1     		bne	.L17
 126 005e 002F     		cmp	r7, #0
 127 0060 48D1     		bne	.L28
 128              	.L17:
 129 0062 B8F1000F 		cmp	r8, #0
 130 0066 42D0     		beq	.L14
 131 0068 3046     		mov	r0, r6
 132 006a D047     		blx	r10
 133 006c 0546     		mov	r5, r0
 134 006e 4FF00008 		mov	r8, #0
 135 0072 4346     		mov	r3, r8
 136 0074 D3E7     		b	.L16
 137              	.L37:
 138 0076 002D     		cmp	r5, #0
 139 0078 3FD0     		beq	.L29
 140 007a 2F46     		mov	r7, r5
 141 007c D0E7     		b	.L18
 142              	.L22:
 143 007e 0121     		movs	r1, #1
 144 0080 2046     		mov	r0, r4
 145 0082 FFF7FEFF 		bl	lv_obj_has_flag
 146 0086 0028     		cmp	r0, #0
 147 0088 C7D1     		bne	.L15
 148              	.L24:
 149 008a F368     		ldr	r3, [r6, #12]
 150 008c AB42     		cmp	r3, r5
 151 008e 3AD0     		beq	.L31
 152 0090 8BB1     		cbz	r3, .L25
 153 0092 1C68     		ldr	r4, [r3]
 154 0094 3046     		mov	r0, r6
 155 0096 FFF7FEFF 		bl	get_indev
 156 009a 0246     		mov	r2, r0
 157 009c 0F21     		movs	r1, #15
 158 009e 2046     		mov	r0, r4
 159 00a0 FFF7FEFF 		bl	lv_event_send
 160 00a4 0128     		cmp	r0, #1
 161 00a6 02D0     		beq	.L38
 162 00a8 4FF00008 		mov	r8, #0
 163 00ac 1FE0     		b	.L14
 164              	.L38:
 165 00ae F368     		ldr	r3, [r6, #12]
 166 00b0 1868     		ldr	r0, [r3]
 167 00b2 FFF7FEFF 		bl	lv_obj_invalidate
 168              	.L25:
 169 00b6 F560     		str	r5, [r6, #12]
 170 00b8 2C68     		ldr	r4, [r5]
 171 00ba 3046     		mov	r0, r6
 172 00bc FFF7FEFF 		bl	get_indev
 173 00c0 0246     		mov	r2, r0
 174 00c2 0E21     		movs	r1, #14
ARM GAS  /var/folders/lp/x54gwt890xv47sdkqj1k04q40000gn/T//ccWgvErC.s 			page 4


 175 00c4 2046     		mov	r0, r4
 176 00c6 FFF7FEFF 		bl	lv_event_send
 177 00ca 0128     		cmp	r0, #1
 178 00cc 02D0     		beq	.L39
 179 00ce 4FF00008 		mov	r8, #0
 180 00d2 0CE0     		b	.L14
 181              	.L39:
 182 00d4 F368     		ldr	r3, [r6, #12]
 183 00d6 1868     		ldr	r0, [r3]
 184 00d8 FFF7FEFF 		bl	lv_obj_invalidate
 185 00dc 3369     		ldr	r3, [r6, #16]
 186 00de ABB1     		cbz	r3, .L34
 187 00e0 3046     		mov	r0, r6
 188 00e2 9847     		blx	r3
 189 00e4 4FF00108 		mov	r8, #1
 190 00e8 01E0     		b	.L14
 191              	.L26:
 192 00ea 4FF00008 		mov	r8, #0
 193              	.L14:
 194 00ee 4046     		mov	r0, r8
 195 00f0 BDE8F087 		pop	{r4, r5, r6, r7, r8, r9, r10, pc}
 196              	.L28:
 197 00f4 4FF00008 		mov	r8, #0
 198 00f8 F9E7     		b	.L14
 199              	.L29:
 200 00fa 4FF00008 		mov	r8, #0
 201 00fe F6E7     		b	.L14
 202              	.L30:
 203 0100 4FF00008 		mov	r8, #0
 204 0104 F3E7     		b	.L14
 205              	.L31:
 206 0106 4FF00008 		mov	r8, #0
 207 010a F0E7     		b	.L14
 208              	.L34:
 209 010c 4FF00108 		mov	r8, #1
 210 0110 EDE7     		b	.L14
 212              		.section	.text._lv_group_init,"ax",%progbits
 213              		.align	1
 214              		.global	_lv_group_init
 215              		.syntax unified
 216              		.thumb
 217              		.thumb_func
 219              	_lv_group_init:
 220              		@ args = 0, pretend = 0, frame = 0
 221              		@ frame_needed = 0, uses_anonymous_args = 0
 222 0000 08B5     		push	{r3, lr}
 223 0002 2021     		movs	r1, #32
 224 0004 0148     		ldr	r0, .L42
 225 0006 FFF7FEFF 		bl	_lv_ll_init
 226 000a 08BD     		pop	{r3, pc}
 227              	.L43:
 228              		.align	2
 229              	.L42:
 230 000c 00000000 		.word	_lv_group_ll
 232              		.section	.text.lv_group_create,"ax",%progbits
 233              		.align	1
 234              		.global	lv_group_create
ARM GAS  /var/folders/lp/x54gwt890xv47sdkqj1k04q40000gn/T//ccWgvErC.s 			page 5


 235              		.syntax unified
 236              		.thumb
 237              		.thumb_func
 239              	lv_group_create:
 240              		@ args = 0, pretend = 0, frame = 0
 241              		@ frame_needed = 0, uses_anonymous_args = 0
 242 0000 10B5     		push	{r4, lr}
 243 0002 1048     		ldr	r0, .L48
 244 0004 FFF7FEFF 		bl	_lv_ll_ins_head
 245 0008 D0B1     		cbz	r0, .L46
 246 000a 0446     		mov	r4, r0
 247 000c 0421     		movs	r1, #4
 248 000e FFF7FEFF 		bl	_lv_ll_init
 249 0012 0023     		movs	r3, #0
 250 0014 E360     		str	r3, [r4, #12]
 251 0016 227F     		ldrb	r2, [r4, #28]	@ zero_extendqisi2
 252 0018 63F30002 		bfi	r2, r3, #0, #1
 253 001c 2277     		strb	r2, [r4, #28]
 254 001e 2361     		str	r3, [r4, #16]
 255 0020 6361     		str	r3, [r4, #20]
 256 0022 D2B2     		uxtb	r2, r2
 257 0024 63F34102 		bfi	r2, r3, #1, #1
 258 0028 2277     		strb	r2, [r4, #28]
 259 002a D2B2     		uxtb	r2, r2
 260 002c 42F00402 		orr	r2, r2, #4
 261 0030 2277     		strb	r2, [r4, #28]
 262 0032 D2B2     		uxtb	r2, r2
 263 0034 42F00802 		orr	r2, r2, #8
 264 0038 2277     		strb	r2, [r4, #28]
 265 003a A361     		str	r3, [r4, #24]
 266 003c 2046     		mov	r0, r4
 267 003e 10BD     		pop	{r4, pc}
 268              	.L46:
 269 0040 FEE7     		b	.L46
 270              	.L49:
 271 0042 00BF     		.align	2
 272              	.L48:
 273 0044 00000000 		.word	_lv_group_ll
 275              		.section	.text.lv_group_del,"ax",%progbits
 276              		.align	1
 277              		.global	lv_group_del
 278              		.syntax unified
 279              		.thumb
 280              		.thumb_func
 282              	lv_group_del:
 283              		@ args = 0, pretend = 0, frame = 0
 284              		@ frame_needed = 0, uses_anonymous_args = 0
 285 0000 38B5     		push	{r3, r4, r5, lr}
 286 0002 0546     		mov	r5, r0
 287 0004 C368     		ldr	r3, [r0, #12]
 288 0006 5BB1     		cbz	r3, .L51
 289 0008 1C68     		ldr	r4, [r3]
 290 000a FFF7FEFF 		bl	get_indev
 291 000e 0246     		mov	r2, r0
 292 0010 0F21     		movs	r1, #15
 293 0012 2046     		mov	r0, r4
 294 0014 FFF7FEFF 		bl	lv_event_send
ARM GAS  /var/folders/lp/x54gwt890xv47sdkqj1k04q40000gn/T//ccWgvErC.s 			page 6


 295 0018 EB68     		ldr	r3, [r5, #12]
 296 001a 1868     		ldr	r0, [r3]
 297 001c FFF7FEFF 		bl	lv_obj_invalidate
 298              	.L51:
 299 0020 2846     		mov	r0, r5
 300 0022 FFF7FEFF 		bl	_lv_ll_get_head
 301 0026 0146     		mov	r1, r0
 302 0028 05E0     		b	.L52
 303              	.L61:
 304 002a 0022     		movs	r2, #0
 305 002c 9A60     		str	r2, [r3, #8]
 306              	.L53:
 307 002e 2846     		mov	r0, r5
 308 0030 FFF7FEFF 		bl	_lv_ll_get_next
 309 0034 0146     		mov	r1, r0
 310              	.L52:
 311 0036 21B1     		cbz	r1, .L60
 312 0038 0B68     		ldr	r3, [r1]
 313 003a 9B68     		ldr	r3, [r3, #8]
 314 003c 002B     		cmp	r3, #0
 315 003e F4D1     		bne	.L61
 316 0040 F5E7     		b	.L53
 317              	.L60:
 318 0042 0020     		movs	r0, #0
 319 0044 FFF7FEFF 		bl	lv_indev_get_next
 320 0048 0446     		mov	r4, r0
 321 004a 03E0     		b	.L55
 322              	.L56:
 323 004c 2046     		mov	r0, r4
 324 004e FFF7FEFF 		bl	lv_indev_get_next
 325 0052 0446     		mov	r4, r0
 326              	.L55:
 327 0054 3CB1     		cbz	r4, .L62
 328 0056 636D     		ldr	r3, [r4, #84]
 329 0058 AB42     		cmp	r3, r5
 330 005a F7D1     		bne	.L56
 331 005c 0021     		movs	r1, #0
 332 005e 2046     		mov	r0, r4
 333 0060 FFF7FEFF 		bl	lv_indev_set_group
 334 0064 F2E7     		b	.L56
 335              	.L62:
 336 0066 094B     		ldr	r3, .L64
 337 0068 1B68     		ldr	r3, [r3]
 338 006a AB42     		cmp	r3, r5
 339 006c 0AD0     		beq	.L63
 340              	.L58:
 341 006e 2846     		mov	r0, r5
 342 0070 FFF7FEFF 		bl	_lv_ll_clear
 343 0074 2946     		mov	r1, r5
 344 0076 0648     		ldr	r0, .L64+4
 345 0078 FFF7FEFF 		bl	_lv_ll_remove
 346 007c 2846     		mov	r0, r5
 347 007e FFF7FEFF 		bl	lv_mem_free
 348 0082 38BD     		pop	{r3, r4, r5, pc}
 349              	.L63:
 350 0084 014B     		ldr	r3, .L64
 351 0086 0022     		movs	r2, #0
ARM GAS  /var/folders/lp/x54gwt890xv47sdkqj1k04q40000gn/T//ccWgvErC.s 			page 7


 352 0088 1A60     		str	r2, [r3]
 353 008a F0E7     		b	.L58
 354              	.L65:
 355              		.align	2
 356              	.L64:
 357 008c 00000000 		.word	default_group
 358 0090 00000000 		.word	_lv_group_ll
 360              		.section	.text.lv_group_set_default,"ax",%progbits
 361              		.align	1
 362              		.global	lv_group_set_default
 363              		.syntax unified
 364              		.thumb
 365              		.thumb_func
 367              	lv_group_set_default:
 368              		@ args = 0, pretend = 0, frame = 0
 369              		@ frame_needed = 0, uses_anonymous_args = 0
 370              		@ link register save eliminated.
 371 0000 014B     		ldr	r3, .L67
 372 0002 1860     		str	r0, [r3]
 373 0004 7047     		bx	lr
 374              	.L68:
 375 0006 00BF     		.align	2
 376              	.L67:
 377 0008 00000000 		.word	default_group
 379              		.section	.text.lv_group_get_default,"ax",%progbits
 380              		.align	1
 381              		.global	lv_group_get_default
 382              		.syntax unified
 383              		.thumb
 384              		.thumb_func
 386              	lv_group_get_default:
 387              		@ args = 0, pretend = 0, frame = 0
 388              		@ frame_needed = 0, uses_anonymous_args = 0
 389              		@ link register save eliminated.
 390 0000 014B     		ldr	r3, .L70
 391 0002 1868     		ldr	r0, [r3]
 392 0004 7047     		bx	lr
 393              	.L71:
 394 0006 00BF     		.align	2
 395              	.L70:
 396 0008 00000000 		.word	default_group
 398              		.section	.text.lv_group_remove_all_objs,"ax",%progbits
 399              		.align	1
 400              		.global	lv_group_remove_all_objs
 401              		.syntax unified
 402              		.thumb
 403              		.thumb_func
 405              	lv_group_remove_all_objs:
 406              		@ args = 0, pretend = 0, frame = 0
 407              		@ frame_needed = 0, uses_anonymous_args = 0
 408 0000 38B5     		push	{r3, r4, r5, lr}
 409 0002 0446     		mov	r4, r0
 410 0004 C368     		ldr	r3, [r0, #12]
 411 0006 6BB1     		cbz	r3, .L73
 412 0008 1D68     		ldr	r5, [r3]
 413 000a FFF7FEFF 		bl	get_indev
 414 000e 0246     		mov	r2, r0
ARM GAS  /var/folders/lp/x54gwt890xv47sdkqj1k04q40000gn/T//ccWgvErC.s 			page 8


 415 0010 0F21     		movs	r1, #15
 416 0012 2846     		mov	r0, r5
 417 0014 FFF7FEFF 		bl	lv_event_send
 418 0018 E368     		ldr	r3, [r4, #12]
 419 001a 1868     		ldr	r0, [r3]
 420 001c FFF7FEFF 		bl	lv_obj_invalidate
 421 0020 0023     		movs	r3, #0
 422 0022 E360     		str	r3, [r4, #12]
 423              	.L73:
 424 0024 2046     		mov	r0, r4
 425 0026 FFF7FEFF 		bl	_lv_ll_get_head
 426 002a 0146     		mov	r1, r0
 427 002c 05E0     		b	.L74
 428              	.L79:
 429 002e 0022     		movs	r2, #0
 430 0030 9A60     		str	r2, [r3, #8]
 431              	.L75:
 432 0032 2046     		mov	r0, r4
 433 0034 FFF7FEFF 		bl	_lv_ll_get_next
 434 0038 0146     		mov	r1, r0
 435              	.L74:
 436 003a 21B1     		cbz	r1, .L78
 437 003c 0B68     		ldr	r3, [r1]
 438 003e 9B68     		ldr	r3, [r3, #8]
 439 0040 002B     		cmp	r3, #0
 440 0042 F4D1     		bne	.L79
 441 0044 F5E7     		b	.L75
 442              	.L78:
 443 0046 2046     		mov	r0, r4
 444 0048 FFF7FEFF 		bl	_lv_ll_clear
 445 004c 38BD     		pop	{r3, r4, r5, pc}
 447              		.section	.text.lv_group_focus_next,"ax",%progbits
 448              		.align	1
 449              		.global	lv_group_focus_next
 450              		.syntax unified
 451              		.thumb
 452              		.thumb_func
 454              	lv_group_focus_next:
 455              		@ args = 0, pretend = 0, frame = 0
 456              		@ frame_needed = 0, uses_anonymous_args = 0
 457 0000 10B5     		push	{r4, lr}
 458 0002 0446     		mov	r4, r0
 459 0004 054A     		ldr	r2, .L83
 460 0006 0649     		ldr	r1, .L83+4
 461 0008 FFF7FEFF 		bl	focus_next_core
 462 000c 6369     		ldr	r3, [r4, #20]
 463 000e 1BB1     		cbz	r3, .L80
 464 0010 10B9     		cbnz	r0, .L80
 465 0012 0121     		movs	r1, #1
 466 0014 2046     		mov	r0, r4
 467 0016 9847     		blx	r3
 468              	.L80:
 469 0018 10BD     		pop	{r4, pc}
 470              	.L84:
 471 001a 00BF     		.align	2
 472              	.L83:
 473 001c 00000000 		.word	_lv_ll_get_next
ARM GAS  /var/folders/lp/x54gwt890xv47sdkqj1k04q40000gn/T//ccWgvErC.s 			page 9


 474 0020 00000000 		.word	_lv_ll_get_head
 476              		.section	.text.lv_group_focus_prev,"ax",%progbits
 477              		.align	1
 478              		.global	lv_group_focus_prev
 479              		.syntax unified
 480              		.thumb
 481              		.thumb_func
 483              	lv_group_focus_prev:
 484              		@ args = 0, pretend = 0, frame = 0
 485              		@ frame_needed = 0, uses_anonymous_args = 0
 486 0000 10B5     		push	{r4, lr}
 487 0002 0446     		mov	r4, r0
 488 0004 054A     		ldr	r2, .L88
 489 0006 0649     		ldr	r1, .L88+4
 490 0008 FFF7FEFF 		bl	focus_next_core
 491 000c 6369     		ldr	r3, [r4, #20]
 492 000e 1BB1     		cbz	r3, .L85
 493 0010 10B9     		cbnz	r0, .L85
 494 0012 0021     		movs	r1, #0
 495 0014 2046     		mov	r0, r4
 496 0016 9847     		blx	r3
 497              	.L85:
 498 0018 10BD     		pop	{r4, pc}
 499              	.L89:
 500 001a 00BF     		.align	2
 501              	.L88:
 502 001c 00000000 		.word	_lv_ll_get_prev
 503 0020 00000000 		.word	_lv_ll_get_tail
 505              		.section	.text.lv_group_refocus,"ax",%progbits
 506              		.align	1
 507              		.syntax unified
 508              		.thumb
 509              		.thumb_func
 511              	lv_group_refocus:
 512              		@ args = 0, pretend = 0, frame = 0
 513              		@ frame_needed = 0, uses_anonymous_args = 0
 514 0000 38B5     		push	{r3, r4, r5, lr}
 515 0002 0446     		mov	r4, r0
 516 0004 037F     		ldrb	r3, [r0, #28]	@ zero_extendqisi2
 517 0006 C3F3C005 		ubfx	r5, r3, #3, #1
 518 000a 43F00803 		orr	r3, r3, #8
 519 000e 0377     		strb	r3, [r0, #28]
 520 0010 DBB2     		uxtb	r3, r3
 521 0012 13F0040F 		tst	r3, #4
 522 0016 06D1     		bne	.L91
 523 0018 FFF7FEFF 		bl	lv_group_focus_next
 524              	.L92:
 525 001c 237F     		ldrb	r3, [r4, #28]	@ zero_extendqisi2
 526 001e 65F3C303 		bfi	r3, r5, #3, #1
 527 0022 2377     		strb	r3, [r4, #28]
 528 0024 38BD     		pop	{r3, r4, r5, pc}
 529              	.L91:
 530 0026 FFF7FEFF 		bl	lv_group_focus_prev
 531 002a F7E7     		b	.L92
 533              		.section	.text.lv_group_remove_obj,"ax",%progbits
 534              		.align	1
 535              		.global	lv_group_remove_obj
ARM GAS  /var/folders/lp/x54gwt890xv47sdkqj1k04q40000gn/T//ccWgvErC.s 			page 10


 536              		.syntax unified
 537              		.thumb
 538              		.thumb_func
 540              	lv_group_remove_obj:
 541              		@ args = 0, pretend = 0, frame = 0
 542              		@ frame_needed = 0, uses_anonymous_args = 0
 543 0000 70B5     		push	{r4, r5, r6, lr}
 544 0002 0646     		mov	r6, r0
 545 0004 FFF7FEFF 		bl	lv_obj_get_group
 546 0008 0028     		cmp	r0, #0
 547 000a 49D0     		beq	.L94
 548 000c 0546     		mov	r5, r0
 549 000e C368     		ldr	r3, [r0, #12]
 550 0010 13B1     		cbz	r3, .L96
 551 0012 1B68     		ldr	r3, [r3]
 552 0014 B342     		cmp	r3, r6
 553 0016 13D0     		beq	.L104
 554              	.L96:
 555 0018 EB68     		ldr	r3, [r5, #12]
 556 001a 13B1     		cbz	r3, .L99
 557 001c 1B68     		ldr	r3, [r3]
 558 001e B342     		cmp	r3, r6
 559 0020 30D0     		beq	.L105
 560              	.L99:
 561 0022 2846     		mov	r0, r5
 562 0024 FFF7FEFF 		bl	_lv_ll_get_head
 563 0028 0446     		mov	r4, r0
 564              	.L100:
 565 002a 002C     		cmp	r4, #0
 566 002c 38D0     		beq	.L94
 567 002e 2368     		ldr	r3, [r4]
 568 0030 B342     		cmp	r3, r6
 569 0032 2AD0     		beq	.L106
 570 0034 2146     		mov	r1, r4
 571 0036 2846     		mov	r0, r5
 572 0038 FFF7FEFF 		bl	_lv_ll_get_next
 573 003c 0446     		mov	r4, r0
 574 003e F4E7     		b	.L100
 575              	.L104:
 576 0040 037F     		ldrb	r3, [r0, #28]	@ zero_extendqisi2
 577 0042 13F0010F 		tst	r3, #1
 578 0046 03D0     		beq	.L97
 579 0048 037F     		ldrb	r3, [r0, #28]	@ zero_extendqisi2
 580 004a 23F00103 		bic	r3, r3, #1
 581 004e 0377     		strb	r3, [r0, #28]
 582              	.L97:
 583 0050 2846     		mov	r0, r5
 584 0052 FFF7FEFF 		bl	_lv_ll_get_head
 585 0056 EB68     		ldr	r3, [r5, #12]
 586 0058 8342     		cmp	r3, r0
 587 005a 03D0     		beq	.L107
 588              	.L98:
 589 005c 2846     		mov	r0, r5
 590 005e FFF7FEFF 		bl	lv_group_refocus
 591 0062 D9E7     		b	.L96
 592              	.L107:
 593 0064 2846     		mov	r0, r5
ARM GAS  /var/folders/lp/x54gwt890xv47sdkqj1k04q40000gn/T//ccWgvErC.s 			page 11


 594 0066 FFF7FEFF 		bl	_lv_ll_get_tail
 595 006a EB68     		ldr	r3, [r5, #12]
 596 006c 8342     		cmp	r3, r0
 597 006e F5D1     		bne	.L98
 598 0070 1C68     		ldr	r4, [r3]
 599 0072 2846     		mov	r0, r5
 600 0074 FFF7FEFF 		bl	get_indev
 601 0078 0246     		mov	r2, r0
 602 007a 0F21     		movs	r1, #15
 603 007c 2046     		mov	r0, r4
 604 007e FFF7FEFF 		bl	lv_event_send
 605 0082 C9E7     		b	.L96
 606              	.L105:
 607 0084 0023     		movs	r3, #0
 608 0086 EB60     		str	r3, [r5, #12]
 609 0088 CBE7     		b	.L99
 610              	.L106:
 611 008a 2146     		mov	r1, r4
 612 008c 2846     		mov	r0, r5
 613 008e FFF7FEFF 		bl	_lv_ll_remove
 614 0092 2046     		mov	r0, r4
 615 0094 FFF7FEFF 		bl	lv_mem_free
 616 0098 B368     		ldr	r3, [r6, #8]
 617 009a 0BB1     		cbz	r3, .L94
 618 009c 0022     		movs	r2, #0
 619 009e 9A60     		str	r2, [r3, #8]
 620              	.L94:
 621 00a0 70BD     		pop	{r4, r5, r6, pc}
 623              		.section	.text.lv_group_add_obj,"ax",%progbits
 624              		.align	1
 625              		.global	lv_group_add_obj
 626              		.syntax unified
 627              		.thumb
 628              		.thumb_func
 630              	lv_group_add_obj:
 631              		@ args = 0, pretend = 0, frame = 0
 632              		@ frame_needed = 0, uses_anonymous_args = 0
 633 0000 0028     		cmp	r0, #0
 634 0002 39D0     		beq	.L117
 635 0004 70B5     		push	{r4, r5, r6, lr}
 636 0006 0C46     		mov	r4, r1
 637 0008 0546     		mov	r5, r0
 638 000a 0846     		mov	r0, r1
 639 000c FFF7FEFF 		bl	lv_group_remove_obj
 640 0010 2846     		mov	r0, r5
 641 0012 FFF7FEFF 		bl	_lv_ll_get_head
 642 0016 0146     		mov	r1, r0
 643              	.L110:
 644 0018 39B1     		cbz	r1, .L120
 645 001a 0B68     		ldr	r3, [r1]
 646 001c A342     		cmp	r3, r4
 647 001e 1ED0     		beq	.L108
 648 0020 2846     		mov	r0, r5
 649 0022 FFF7FEFF 		bl	_lv_ll_get_next
 650 0026 0146     		mov	r1, r0
 651 0028 F6E7     		b	.L110
 652              	.L120:
ARM GAS  /var/folders/lp/x54gwt890xv47sdkqj1k04q40000gn/T//ccWgvErC.s 			page 12


 653 002a 2046     		mov	r0, r4
 654 002c FFF7FEFF 		bl	lv_obj_get_group
 655 0030 30B1     		cbz	r0, .L112
 656 0032 A368     		ldr	r3, [r4, #8]
 657 0034 9B68     		ldr	r3, [r3, #8]
 658 0036 1BB1     		cbz	r3, .L112
 659 0038 DB68     		ldr	r3, [r3, #12]
 660 003a 1B68     		ldr	r3, [r3]
 661 003c A342     		cmp	r3, r4
 662 003e 0FD0     		beq	.L121
 663              	.L112:
 664 0040 A368     		ldr	r3, [r4, #8]
 665 0042 83B1     		cbz	r3, .L122
 666              	.L113:
 667 0044 A368     		ldr	r3, [r4, #8]
 668 0046 9D60     		str	r5, [r3, #8]
 669 0048 2846     		mov	r0, r5
 670 004a FFF7FEFF 		bl	_lv_ll_ins_tail
 671 004e 0646     		mov	r6, r0
 672 0050 68B1     		cbz	r0, .L115
 673 0052 0460     		str	r4, [r0]
 674 0054 2846     		mov	r0, r5
 675 0056 FFF7FEFF 		bl	_lv_ll_get_head
 676 005a 8642     		cmp	r6, r0
 677 005c 08D0     		beq	.L123
 678              	.L108:
 679 005e 70BD     		pop	{r4, r5, r6, pc}
 680              	.L121:
 681 0060 FFF7FEFF 		bl	lv_group_refocus
 682 0064 ECE7     		b	.L112
 683              	.L122:
 684 0066 2046     		mov	r0, r4
 685 0068 FFF7FEFF 		bl	lv_obj_allocate_spec_attr
 686 006c EAE7     		b	.L113
 687              	.L115:
 688 006e FEE7     		b	.L115
 689              	.L123:
 690 0070 2846     		mov	r0, r5
 691 0072 FFF7FEFF 		bl	lv_group_refocus
 692 0076 F2E7     		b	.L108
 693              	.L117:
 694 0078 7047     		bx	lr
 696              		.section	.text.lv_group_focus_freeze,"ax",%progbits
 697              		.align	1
 698              		.global	lv_group_focus_freeze
 699              		.syntax unified
 700              		.thumb
 701              		.thumb_func
 703              	lv_group_focus_freeze:
 704              		@ args = 0, pretend = 0, frame = 0
 705              		@ frame_needed = 0, uses_anonymous_args = 0
 706              		@ link register save eliminated.
 707 0000 21B9     		cbnz	r1, .L125
 708 0002 037F     		ldrb	r3, [r0, #28]	@ zero_extendqisi2
 709 0004 23F00103 		bic	r3, r3, #1
 710 0008 0377     		strb	r3, [r0, #28]
 711 000a 7047     		bx	lr
ARM GAS  /var/folders/lp/x54gwt890xv47sdkqj1k04q40000gn/T//ccWgvErC.s 			page 13


 712              	.L125:
 713 000c 037F     		ldrb	r3, [r0, #28]	@ zero_extendqisi2
 714 000e 43F00103 		orr	r3, r3, #1
 715 0012 0377     		strb	r3, [r0, #28]
 716 0014 7047     		bx	lr
 718              		.section	.text.lv_group_set_focus_cb,"ax",%progbits
 719              		.align	1
 720              		.global	lv_group_set_focus_cb
 721              		.syntax unified
 722              		.thumb
 723              		.thumb_func
 725              	lv_group_set_focus_cb:
 726              		@ args = 0, pretend = 0, frame = 0
 727              		@ frame_needed = 0, uses_anonymous_args = 0
 728              		@ link register save eliminated.
 729 0000 0161     		str	r1, [r0, #16]
 730 0002 7047     		bx	lr
 732              		.section	.text.lv_group_set_edge_cb,"ax",%progbits
 733              		.align	1
 734              		.global	lv_group_set_edge_cb
 735              		.syntax unified
 736              		.thumb
 737              		.thumb_func
 739              	lv_group_set_edge_cb:
 740              		@ args = 0, pretend = 0, frame = 0
 741              		@ frame_needed = 0, uses_anonymous_args = 0
 742              		@ link register save eliminated.
 743 0000 4161     		str	r1, [r0, #20]
 744 0002 7047     		bx	lr
 746              		.section	.text.lv_group_set_refocus_policy,"ax",%progbits
 747              		.align	1
 748              		.global	lv_group_set_refocus_policy
 749              		.syntax unified
 750              		.thumb
 751              		.thumb_func
 753              	lv_group_set_refocus_policy:
 754              		@ args = 0, pretend = 0, frame = 0
 755              		@ frame_needed = 0, uses_anonymous_args = 0
 756              		@ link register save eliminated.
 757 0000 037F     		ldrb	r3, [r0, #28]	@ zero_extendqisi2
 758 0002 61F38203 		bfi	r3, r1, #2, #1
 759 0006 0377     		strb	r3, [r0, #28]
 760 0008 7047     		bx	lr
 762              		.section	.text.lv_group_set_wrap,"ax",%progbits
 763              		.align	1
 764              		.global	lv_group_set_wrap
 765              		.syntax unified
 766              		.thumb
 767              		.thumb_func
 769              	lv_group_set_wrap:
 770              		@ args = 0, pretend = 0, frame = 0
 771              		@ frame_needed = 0, uses_anonymous_args = 0
 772              		@ link register save eliminated.
 773 0000 037F     		ldrb	r3, [r0, #28]	@ zero_extendqisi2
 774 0002 61F3C303 		bfi	r3, r1, #3, #1
 775 0006 0377     		strb	r3, [r0, #28]
 776 0008 7047     		bx	lr
ARM GAS  /var/folders/lp/x54gwt890xv47sdkqj1k04q40000gn/T//ccWgvErC.s 			page 14


 778              		.section	.text.lv_group_get_focused,"ax",%progbits
 779              		.align	1
 780              		.global	lv_group_get_focused
 781              		.syntax unified
 782              		.thumb
 783              		.thumb_func
 785              	lv_group_get_focused:
 786              		@ args = 0, pretend = 0, frame = 0
 787              		@ frame_needed = 0, uses_anonymous_args = 0
 788              		@ link register save eliminated.
 789 0000 18B1     		cbz	r0, .L131
 790 0002 C068     		ldr	r0, [r0, #12]
 791 0004 08B1     		cbz	r0, .L131
 792 0006 0068     		ldr	r0, [r0]
 793 0008 7047     		bx	lr
 794              	.L131:
 795 000a 7047     		bx	lr
 797              		.section	.text.lv_group_send_data,"ax",%progbits
 798              		.align	1
 799              		.global	lv_group_send_data
 800              		.syntax unified
 801              		.thumb
 802              		.thumb_func
 804              	lv_group_send_data:
 805              		@ args = 0, pretend = 0, frame = 8
 806              		@ frame_needed = 0, uses_anonymous_args = 0
 807 0000 10B5     		push	{r4, lr}
 808 0002 82B0     		sub	sp, sp, #8
 809 0004 0191     		str	r1, [sp, #4]
 810 0006 FFF7FEFF 		bl	lv_group_get_focused
 811 000a 68B1     		cbz	r0, .L136
 812 000c 0446     		mov	r4, r0
 813 000e 8021     		movs	r1, #128
 814 0010 FFF7FEFF 		bl	lv_obj_has_state
 815 0014 10B1     		cbz	r0, .L139
 816 0016 0120     		movs	r0, #1
 817              	.L135:
 818 0018 02B0     		add	sp, sp, #8
 819              		@ sp needed
 820 001a 10BD     		pop	{r4, pc}
 821              	.L139:
 822 001c 01AA     		add	r2, sp, #4
 823 001e 0D21     		movs	r1, #13
 824 0020 2046     		mov	r0, r4
 825 0022 FFF7FEFF 		bl	lv_event_send
 826 0026 F7E7     		b	.L135
 827              	.L136:
 828 0028 0120     		movs	r0, #1
 829 002a F5E7     		b	.L135
 831              		.section	.text.lv_group_set_editing,"ax",%progbits
 832              		.align	1
 833              		.global	lv_group_set_editing
 834              		.syntax unified
 835              		.thumb
 836              		.thumb_func
 838              	lv_group_set_editing:
 839              		@ args = 0, pretend = 0, frame = 0
ARM GAS  /var/folders/lp/x54gwt890xv47sdkqj1k04q40000gn/T//ccWgvErC.s 			page 15


 840              		@ frame_needed = 0, uses_anonymous_args = 0
 841 0000 F8B1     		cbz	r0, .L143
 842 0002 70B5     		push	{r4, r5, r6, lr}
 843 0004 0446     		mov	r4, r0
 844 0006 037F     		ldrb	r3, [r0, #28]	@ zero_extendqisi2
 845 0008 C3F34003 		ubfx	r3, r3, #1, #1
 846 000c 8B42     		cmp	r3, r1
 847 000e 13D0     		beq	.L140
 848 0010 037F     		ldrb	r3, [r0, #28]	@ zero_extendqisi2
 849 0012 61F34103 		bfi	r3, r1, #1, #1
 850 0016 0377     		strb	r3, [r0, #28]
 851 0018 FFF7FEFF 		bl	lv_group_get_focused
 852 001c 0546     		mov	r5, r0
 853 001e 58B1     		cbz	r0, .L140
 854 0020 E368     		ldr	r3, [r4, #12]
 855 0022 1E68     		ldr	r6, [r3]
 856 0024 2046     		mov	r0, r4
 857 0026 FFF7FEFF 		bl	get_indev
 858 002a 0246     		mov	r2, r0
 859 002c 0E21     		movs	r1, #14
 860 002e 3046     		mov	r0, r6
 861 0030 FFF7FEFF 		bl	lv_event_send
 862 0034 0128     		cmp	r0, #1
 863 0036 00D0     		beq	.L146
 864              	.L140:
 865 0038 70BD     		pop	{r4, r5, r6, pc}
 866              	.L146:
 867 003a 2846     		mov	r0, r5
 868 003c FFF7FEFF 		bl	lv_obj_invalidate
 869 0040 FAE7     		b	.L140
 870              	.L143:
 871 0042 7047     		bx	lr
 873              		.section	.text.lv_group_focus_obj,"ax",%progbits
 874              		.align	1
 875              		.global	lv_group_focus_obj
 876              		.syntax unified
 877              		.thumb
 878              		.thumb_func
 880              	lv_group_focus_obj:
 881              		@ args = 0, pretend = 0, frame = 0
 882              		@ frame_needed = 0, uses_anonymous_args = 0
 883 0000 0028     		cmp	r0, #0
 884 0002 45D0     		beq	.L155
 885 0004 F8B5     		push	{r3, r4, r5, r6, r7, lr}
 886 0006 0546     		mov	r5, r0
 887 0008 FFF7FEFF 		bl	lv_obj_get_group
 888 000c 0646     		mov	r6, r0
 889 000e 18B1     		cbz	r0, .L147
 890 0010 037F     		ldrb	r3, [r0, #28]	@ zero_extendqisi2
 891 0012 13F0010F 		tst	r3, #1
 892 0016 00D0     		beq	.L158
 893              	.L147:
 894 0018 F8BD     		pop	{r3, r4, r5, r6, r7, pc}
 895              	.L158:
 896 001a 0021     		movs	r1, #0
 897 001c FFF7FEFF 		bl	lv_group_set_editing
 898 0020 3046     		mov	r0, r6
ARM GAS  /var/folders/lp/x54gwt890xv47sdkqj1k04q40000gn/T//ccWgvErC.s 			page 16


 899 0022 FFF7FEFF 		bl	_lv_ll_get_head
 900 0026 0446     		mov	r4, r0
 901              	.L149:
 902 0028 002C     		cmp	r4, #0
 903 002a F5D0     		beq	.L147
 904 002c 2368     		ldr	r3, [r4]
 905 002e AB42     		cmp	r3, r5
 906 0030 05D0     		beq	.L159
 907 0032 2146     		mov	r1, r4
 908 0034 3046     		mov	r0, r6
 909 0036 FFF7FEFF 		bl	_lv_ll_get_next
 910 003a 0446     		mov	r4, r0
 911 003c F4E7     		b	.L149
 912              	.L159:
 913 003e F368     		ldr	r3, [r6, #12]
 914 0040 83B1     		cbz	r3, .L151
 915 0042 1F68     		ldr	r7, [r3]
 916 0044 AF42     		cmp	r7, r5
 917 0046 0DD0     		beq	.L151
 918 0048 3046     		mov	r0, r6
 919 004a FFF7FEFF 		bl	get_indev
 920 004e 0246     		mov	r2, r0
 921 0050 0F21     		movs	r1, #15
 922 0052 3846     		mov	r0, r7
 923 0054 FFF7FEFF 		bl	lv_event_send
 924 0058 0128     		cmp	r0, #1
 925 005a DDD1     		bne	.L147
 926 005c F368     		ldr	r3, [r6, #12]
 927 005e 1868     		ldr	r0, [r3]
 928 0060 FFF7FEFF 		bl	lv_obj_invalidate
 929              	.L151:
 930 0064 F460     		str	r4, [r6, #12]
 931 0066 3369     		ldr	r3, [r6, #16]
 932 0068 0BB1     		cbz	r3, .L152
 933 006a 3046     		mov	r0, r6
 934 006c 9847     		blx	r3
 935              	.L152:
 936 006e F368     		ldr	r3, [r6, #12]
 937 0070 1C68     		ldr	r4, [r3]
 938 0072 3046     		mov	r0, r6
 939 0074 FFF7FEFF 		bl	get_indev
 940 0078 0246     		mov	r2, r0
 941 007a 0E21     		movs	r1, #14
 942 007c 2046     		mov	r0, r4
 943 007e FFF7FEFF 		bl	lv_event_send
 944 0082 0128     		cmp	r0, #1
 945 0084 C8D1     		bne	.L147
 946 0086 F368     		ldr	r3, [r6, #12]
 947 0088 1868     		ldr	r0, [r3]
 948 008a FFF7FEFF 		bl	lv_obj_invalidate
 949 008e C3E7     		b	.L147
 950              	.L155:
 951 0090 7047     		bx	lr
 953              		.section	.text.lv_group_swap_obj,"ax",%progbits
 954              		.align	1
 955              		.global	lv_group_swap_obj
 956              		.syntax unified
ARM GAS  /var/folders/lp/x54gwt890xv47sdkqj1k04q40000gn/T//ccWgvErC.s 			page 17


 957              		.thumb
 958              		.thumb_func
 960              	lv_group_swap_obj:
 961              		@ args = 0, pretend = 0, frame = 0
 962              		@ frame_needed = 0, uses_anonymous_args = 0
 963 0000 70B5     		push	{r4, r5, r6, lr}
 964 0002 0646     		mov	r6, r0
 965 0004 0D46     		mov	r5, r1
 966 0006 FFF7FEFF 		bl	lv_obj_get_group
 967 000a 0446     		mov	r4, r0
 968 000c 2846     		mov	r0, r5
 969 000e FFF7FEFF 		bl	lv_obj_get_group
 970 0012 8442     		cmp	r4, r0
 971 0014 00D0     		beq	.L168
 972              	.L160:
 973 0016 70BD     		pop	{r4, r5, r6, pc}
 974              	.L168:
 975 0018 002C     		cmp	r4, #0
 976 001a FCD0     		beq	.L160
 977 001c 2046     		mov	r0, r4
 978 001e FFF7FEFF 		bl	_lv_ll_get_head
 979 0022 0146     		mov	r1, r0
 980 0024 04E0     		b	.L162
 981              	.L170:
 982 0026 0D60     		str	r5, [r1]
 983              	.L164:
 984 0028 2046     		mov	r0, r4
 985 002a FFF7FEFF 		bl	_lv_ll_get_next
 986 002e 0146     		mov	r1, r0
 987              	.L162:
 988 0030 31B1     		cbz	r1, .L169
 989 0032 0B68     		ldr	r3, [r1]
 990 0034 B342     		cmp	r3, r6
 991 0036 F6D0     		beq	.L170
 992 0038 AB42     		cmp	r3, r5
 993 003a F5D1     		bne	.L164
 994 003c 0E60     		str	r6, [r1]
 995 003e F3E7     		b	.L164
 996              	.L169:
 997 0040 E368     		ldr	r3, [r4, #12]
 998 0042 1B68     		ldr	r3, [r3]
 999 0044 B342     		cmp	r3, r6
 1000 0046 05D0     		beq	.L171
 1001 0048 AB42     		cmp	r3, r5
 1002 004a E4D1     		bne	.L160
 1003 004c 3046     		mov	r0, r6
 1004 004e FFF7FEFF 		bl	lv_group_focus_obj
 1005 0052 E0E7     		b	.L160
 1006              	.L171:
 1007 0054 2846     		mov	r0, r5
 1008 0056 FFF7FEFF 		bl	lv_group_focus_obj
 1009 005a DCE7     		b	.L160
 1011              		.section	.text.lv_group_get_focus_cb,"ax",%progbits
 1012              		.align	1
 1013              		.global	lv_group_get_focus_cb
 1014              		.syntax unified
 1015              		.thumb
ARM GAS  /var/folders/lp/x54gwt890xv47sdkqj1k04q40000gn/T//ccWgvErC.s 			page 18


 1016              		.thumb_func
 1018              	lv_group_get_focus_cb:
 1019              		@ args = 0, pretend = 0, frame = 0
 1020              		@ frame_needed = 0, uses_anonymous_args = 0
 1021              		@ link register save eliminated.
 1022 0000 08B1     		cbz	r0, .L174
 1023 0002 0069     		ldr	r0, [r0, #16]
 1024 0004 7047     		bx	lr
 1025              	.L174:
 1026 0006 0020     		movs	r0, #0
 1027 0008 7047     		bx	lr
 1029              		.section	.text.lv_group_get_edge_cb,"ax",%progbits
 1030              		.align	1
 1031              		.global	lv_group_get_edge_cb
 1032              		.syntax unified
 1033              		.thumb
 1034              		.thumb_func
 1036              	lv_group_get_edge_cb:
 1037              		@ args = 0, pretend = 0, frame = 0
 1038              		@ frame_needed = 0, uses_anonymous_args = 0
 1039              		@ link register save eliminated.
 1040 0000 08B1     		cbz	r0, .L177
 1041 0002 4069     		ldr	r0, [r0, #20]
 1042 0004 7047     		bx	lr
 1043              	.L177:
 1044 0006 0020     		movs	r0, #0
 1045 0008 7047     		bx	lr
 1047              		.section	.text.lv_group_get_editing,"ax",%progbits
 1048              		.align	1
 1049              		.global	lv_group_get_editing
 1050              		.syntax unified
 1051              		.thumb
 1052              		.thumb_func
 1054              	lv_group_get_editing:
 1055              		@ args = 0, pretend = 0, frame = 0
 1056              		@ frame_needed = 0, uses_anonymous_args = 0
 1057              		@ link register save eliminated.
 1058 0000 18B1     		cbz	r0, .L180
 1059 0002 007F     		ldrb	r0, [r0, #28]	@ zero_extendqisi2
 1060 0004 C0F34000 		ubfx	r0, r0, #1, #1
 1061 0008 7047     		bx	lr
 1062              	.L180:
 1063 000a 0020     		movs	r0, #0
 1064 000c 7047     		bx	lr
 1066              		.section	.text.lv_group_get_wrap,"ax",%progbits
 1067              		.align	1
 1068              		.global	lv_group_get_wrap
 1069              		.syntax unified
 1070              		.thumb
 1071              		.thumb_func
 1073              	lv_group_get_wrap:
 1074              		@ args = 0, pretend = 0, frame = 0
 1075              		@ frame_needed = 0, uses_anonymous_args = 0
 1076              		@ link register save eliminated.
 1077 0000 18B1     		cbz	r0, .L183
 1078 0002 007F     		ldrb	r0, [r0, #28]	@ zero_extendqisi2
 1079 0004 C0F3C000 		ubfx	r0, r0, #3, #1
ARM GAS  /var/folders/lp/x54gwt890xv47sdkqj1k04q40000gn/T//ccWgvErC.s 			page 19


 1080 0008 7047     		bx	lr
 1081              	.L183:
 1082 000a 0020     		movs	r0, #0
 1083 000c 7047     		bx	lr
 1085              		.section	.text.lv_group_get_obj_count,"ax",%progbits
 1086              		.align	1
 1087              		.global	lv_group_get_obj_count
 1088              		.syntax unified
 1089              		.thumb
 1090              		.thumb_func
 1092              	lv_group_get_obj_count:
 1093              		@ args = 0, pretend = 0, frame = 0
 1094              		@ frame_needed = 0, uses_anonymous_args = 0
 1095 0000 08B5     		push	{r3, lr}
 1096 0002 FFF7FEFF 		bl	_lv_ll_get_len
 1097 0006 08BD     		pop	{r3, pc}
 1099              		.section	.bss.default_group,"aw",%nobits
 1100              		.align	2
 1103              	default_group:
 1104 0000 00000000 		.space	4
 1105              		.ident	"GCC: (xPack GNU Arm Embedded GCC arm64) 13.3.1 20240614"
ARM GAS  /var/folders/lp/x54gwt890xv47sdkqj1k04q40000gn/T//ccWgvErC.s 			page 20


DEFINED SYMBOLS
                            *ABS*:00000000 lv_group.c
/var/folders/lp/x54gwt890xv47sdkqj1k04q40000gn/T//ccWgvErC.s:18     .text.get_indev:00000000 $t
/var/folders/lp/x54gwt890xv47sdkqj1k04q40000gn/T//ccWgvErC.s:23     .text.get_indev:00000000 get_indev
/var/folders/lp/x54gwt890xv47sdkqj1k04q40000gn/T//ccWgvErC.s:73     .text.focus_next_core:00000000 $t
/var/folders/lp/x54gwt890xv47sdkqj1k04q40000gn/T//ccWgvErC.s:78     .text.focus_next_core:00000000 focus_next_core
/var/folders/lp/x54gwt890xv47sdkqj1k04q40000gn/T//ccWgvErC.s:213    .text._lv_group_init:00000000 $t
/var/folders/lp/x54gwt890xv47sdkqj1k04q40000gn/T//ccWgvErC.s:219    .text._lv_group_init:00000000 _lv_group_init
/var/folders/lp/x54gwt890xv47sdkqj1k04q40000gn/T//ccWgvErC.s:230    .text._lv_group_init:0000000c $d
/var/folders/lp/x54gwt890xv47sdkqj1k04q40000gn/T//ccWgvErC.s:233    .text.lv_group_create:00000000 $t
/var/folders/lp/x54gwt890xv47sdkqj1k04q40000gn/T//ccWgvErC.s:239    .text.lv_group_create:00000000 lv_group_create
/var/folders/lp/x54gwt890xv47sdkqj1k04q40000gn/T//ccWgvErC.s:273    .text.lv_group_create:00000044 $d
/var/folders/lp/x54gwt890xv47sdkqj1k04q40000gn/T//ccWgvErC.s:276    .text.lv_group_del:00000000 $t
/var/folders/lp/x54gwt890xv47sdkqj1k04q40000gn/T//ccWgvErC.s:282    .text.lv_group_del:00000000 lv_group_del
/var/folders/lp/x54gwt890xv47sdkqj1k04q40000gn/T//ccWgvErC.s:357    .text.lv_group_del:0000008c $d
/var/folders/lp/x54gwt890xv47sdkqj1k04q40000gn/T//ccWgvErC.s:1103   .bss.default_group:00000000 default_group
/var/folders/lp/x54gwt890xv47sdkqj1k04q40000gn/T//ccWgvErC.s:361    .text.lv_group_set_default:00000000 $t
/var/folders/lp/x54gwt890xv47sdkqj1k04q40000gn/T//ccWgvErC.s:367    .text.lv_group_set_default:00000000 lv_group_set_default
/var/folders/lp/x54gwt890xv47sdkqj1k04q40000gn/T//ccWgvErC.s:377    .text.lv_group_set_default:00000008 $d
/var/folders/lp/x54gwt890xv47sdkqj1k04q40000gn/T//ccWgvErC.s:380    .text.lv_group_get_default:00000000 $t
/var/folders/lp/x54gwt890xv47sdkqj1k04q40000gn/T//ccWgvErC.s:386    .text.lv_group_get_default:00000000 lv_group_get_default
/var/folders/lp/x54gwt890xv47sdkqj1k04q40000gn/T//ccWgvErC.s:396    .text.lv_group_get_default:00000008 $d
/var/folders/lp/x54gwt890xv47sdkqj1k04q40000gn/T//ccWgvErC.s:399    .text.lv_group_remove_all_objs:00000000 $t
/var/folders/lp/x54gwt890xv47sdkqj1k04q40000gn/T//ccWgvErC.s:405    .text.lv_group_remove_all_objs:00000000 lv_group_remove_all_objs
/var/folders/lp/x54gwt890xv47sdkqj1k04q40000gn/T//ccWgvErC.s:448    .text.lv_group_focus_next:00000000 $t
/var/folders/lp/x54gwt890xv47sdkqj1k04q40000gn/T//ccWgvErC.s:454    .text.lv_group_focus_next:00000000 lv_group_focus_next
/var/folders/lp/x54gwt890xv47sdkqj1k04q40000gn/T//ccWgvErC.s:473    .text.lv_group_focus_next:0000001c $d
/var/folders/lp/x54gwt890xv47sdkqj1k04q40000gn/T//ccWgvErC.s:477    .text.lv_group_focus_prev:00000000 $t
/var/folders/lp/x54gwt890xv47sdkqj1k04q40000gn/T//ccWgvErC.s:483    .text.lv_group_focus_prev:00000000 lv_group_focus_prev
/var/folders/lp/x54gwt890xv47sdkqj1k04q40000gn/T//ccWgvErC.s:502    .text.lv_group_focus_prev:0000001c $d
/var/folders/lp/x54gwt890xv47sdkqj1k04q40000gn/T//ccWgvErC.s:506    .text.lv_group_refocus:00000000 $t
/var/folders/lp/x54gwt890xv47sdkqj1k04q40000gn/T//ccWgvErC.s:511    .text.lv_group_refocus:00000000 lv_group_refocus
/var/folders/lp/x54gwt890xv47sdkqj1k04q40000gn/T//ccWgvErC.s:534    .text.lv_group_remove_obj:00000000 $t
/var/folders/lp/x54gwt890xv47sdkqj1k04q40000gn/T//ccWgvErC.s:540    .text.lv_group_remove_obj:00000000 lv_group_remove_obj
/var/folders/lp/x54gwt890xv47sdkqj1k04q40000gn/T//ccWgvErC.s:624    .text.lv_group_add_obj:00000000 $t
/var/folders/lp/x54gwt890xv47sdkqj1k04q40000gn/T//ccWgvErC.s:630    .text.lv_group_add_obj:00000000 lv_group_add_obj
/var/folders/lp/x54gwt890xv47sdkqj1k04q40000gn/T//ccWgvErC.s:697    .text.lv_group_focus_freeze:00000000 $t
/var/folders/lp/x54gwt890xv47sdkqj1k04q40000gn/T//ccWgvErC.s:703    .text.lv_group_focus_freeze:00000000 lv_group_focus_freeze
/var/folders/lp/x54gwt890xv47sdkqj1k04q40000gn/T//ccWgvErC.s:719    .text.lv_group_set_focus_cb:00000000 $t
/var/folders/lp/x54gwt890xv47sdkqj1k04q40000gn/T//ccWgvErC.s:725    .text.lv_group_set_focus_cb:00000000 lv_group_set_focus_cb
/var/folders/lp/x54gwt890xv47sdkqj1k04q40000gn/T//ccWgvErC.s:733    .text.lv_group_set_edge_cb:00000000 $t
/var/folders/lp/x54gwt890xv47sdkqj1k04q40000gn/T//ccWgvErC.s:739    .text.lv_group_set_edge_cb:00000000 lv_group_set_edge_cb
/var/folders/lp/x54gwt890xv47sdkqj1k04q40000gn/T//ccWgvErC.s:747    .text.lv_group_set_refocus_policy:00000000 $t
/var/folders/lp/x54gwt890xv47sdkqj1k04q40000gn/T//ccWgvErC.s:753    .text.lv_group_set_refocus_policy:00000000 lv_group_set_refocus_policy
/var/folders/lp/x54gwt890xv47sdkqj1k04q40000gn/T//ccWgvErC.s:763    .text.lv_group_set_wrap:00000000 $t
/var/folders/lp/x54gwt890xv47sdkqj1k04q40000gn/T//ccWgvErC.s:769    .text.lv_group_set_wrap:00000000 lv_group_set_wrap
/var/folders/lp/x54gwt890xv47sdkqj1k04q40000gn/T//ccWgvErC.s:779    .text.lv_group_get_focused:00000000 $t
/var/folders/lp/x54gwt890xv47sdkqj1k04q40000gn/T//ccWgvErC.s:785    .text.lv_group_get_focused:00000000 lv_group_get_focused
/var/folders/lp/x54gwt890xv47sdkqj1k04q40000gn/T//ccWgvErC.s:798    .text.lv_group_send_data:00000000 $t
/var/folders/lp/x54gwt890xv47sdkqj1k04q40000gn/T//ccWgvErC.s:804    .text.lv_group_send_data:00000000 lv_group_send_data
/var/folders/lp/x54gwt890xv47sdkqj1k04q40000gn/T//ccWgvErC.s:832    .text.lv_group_set_editing:00000000 $t
/var/folders/lp/x54gwt890xv47sdkqj1k04q40000gn/T//ccWgvErC.s:838    .text.lv_group_set_editing:00000000 lv_group_set_editing
/var/folders/lp/x54gwt890xv47sdkqj1k04q40000gn/T//ccWgvErC.s:874    .text.lv_group_focus_obj:00000000 $t
/var/folders/lp/x54gwt890xv47sdkqj1k04q40000gn/T//ccWgvErC.s:880    .text.lv_group_focus_obj:00000000 lv_group_focus_obj
/var/folders/lp/x54gwt890xv47sdkqj1k04q40000gn/T//ccWgvErC.s:954    .text.lv_group_swap_obj:00000000 $t
/var/folders/lp/x54gwt890xv47sdkqj1k04q40000gn/T//ccWgvErC.s:960    .text.lv_group_swap_obj:00000000 lv_group_swap_obj
/var/folders/lp/x54gwt890xv47sdkqj1k04q40000gn/T//ccWgvErC.s:1012   .text.lv_group_get_focus_cb:00000000 $t
ARM GAS  /var/folders/lp/x54gwt890xv47sdkqj1k04q40000gn/T//ccWgvErC.s 			page 21


/var/folders/lp/x54gwt890xv47sdkqj1k04q40000gn/T//ccWgvErC.s:1018   .text.lv_group_get_focus_cb:00000000 lv_group_get_focus_cb
/var/folders/lp/x54gwt890xv47sdkqj1k04q40000gn/T//ccWgvErC.s:1030   .text.lv_group_get_edge_cb:00000000 $t
/var/folders/lp/x54gwt890xv47sdkqj1k04q40000gn/T//ccWgvErC.s:1036   .text.lv_group_get_edge_cb:00000000 lv_group_get_edge_cb
/var/folders/lp/x54gwt890xv47sdkqj1k04q40000gn/T//ccWgvErC.s:1048   .text.lv_group_get_editing:00000000 $t
/var/folders/lp/x54gwt890xv47sdkqj1k04q40000gn/T//ccWgvErC.s:1054   .text.lv_group_get_editing:00000000 lv_group_get_editing
/var/folders/lp/x54gwt890xv47sdkqj1k04q40000gn/T//ccWgvErC.s:1067   .text.lv_group_get_wrap:00000000 $t
/var/folders/lp/x54gwt890xv47sdkqj1k04q40000gn/T//ccWgvErC.s:1073   .text.lv_group_get_wrap:00000000 lv_group_get_wrap
/var/folders/lp/x54gwt890xv47sdkqj1k04q40000gn/T//ccWgvErC.s:1086   .text.lv_group_get_obj_count:00000000 $t
/var/folders/lp/x54gwt890xv47sdkqj1k04q40000gn/T//ccWgvErC.s:1092   .text.lv_group_get_obj_count:00000000 lv_group_get_obj_count
/var/folders/lp/x54gwt890xv47sdkqj1k04q40000gn/T//ccWgvErC.s:1100   .bss.default_group:00000000 $d

UNDEFINED SYMBOLS
lv_indev_get_next
lv_indev_get_type
lv_obj_get_state
lv_obj_has_flag
lv_obj_get_parent
lv_event_send
lv_obj_invalidate
_lv_ll_init
_lv_group_ll
_lv_ll_ins_head
_lv_ll_get_head
_lv_ll_get_next
lv_indev_set_group
_lv_ll_clear
_lv_ll_remove
lv_mem_free
_lv_ll_get_prev
_lv_ll_get_tail
lv_obj_get_group
_lv_ll_ins_tail
lv_obj_allocate_spec_attr
lv_obj_has_state
_lv_ll_get_len
