ARM GAS  /var/folders/lp/x54gwt890xv47sdkqj1k04q40000gn/T//ccESutHG.s 			page 1


   1              		.cpu cortex-m4
   2              		.arch armv7e-m
   3              		.fpu fpv4-sp-d16
   4              		.eabi_attribute 27, 1
   5              		.eabi_attribute 28, 1
   6              		.eabi_attribute 20, 1
   7              		.eabi_attribute 21, 1
   8              		.eabi_attribute 23, 3
   9              		.eabi_attribute 24, 1
  10              		.eabi_attribute 25, 1
  11              		.eabi_attribute 26, 1
  12              		.eabi_attribute 30, 1
  13              		.eabi_attribute 34, 1
  14              		.eabi_attribute 18, 4
  15              		.file	"lv_hal_tick.c"
  16              		.text
  17              		.section	.text.lv_tick_inc,"ax",%progbits
  18              		.align	1
  19              		.global	lv_tick_inc
  20              		.syntax unified
  21              		.thumb
  22              		.thumb_func
  24              	lv_tick_inc:
  25              		@ args = 0, pretend = 0, frame = 0
  26              		@ frame_needed = 0, uses_anonymous_args = 0
  27              		@ link register save eliminated.
  28 0000 034B     		ldr	r3, .L2
  29 0002 0022     		movs	r2, #0
  30 0004 1A70     		strb	r2, [r3]
  31 0006 034A     		ldr	r2, .L2+4
  32 0008 1368     		ldr	r3, [r2]
  33 000a 0344     		add	r3, r3, r0
  34 000c 1360     		str	r3, [r2]
  35 000e 7047     		bx	lr
  36              	.L3:
  37              		.align	2
  38              	.L2:
  39 0010 00000000 		.word	tick_irq_flag
  40 0014 00000000 		.word	sys_time
  42              		.section	.text.lv_tick_get,"ax",%progbits
  43              		.align	1
  44              		.global	lv_tick_get
  45              		.syntax unified
  46              		.thumb
  47              		.thumb_func
  49              	lv_tick_get:
  50              		@ args = 0, pretend = 0, frame = 0
  51              		@ frame_needed = 0, uses_anonymous_args = 0
  52              		@ link register save eliminated.
  53              	.L5:
  54 0000 044B     		ldr	r3, .L6
  55 0002 0122     		movs	r2, #1
  56 0004 1A70     		strb	r2, [r3]
  57 0006 044A     		ldr	r2, .L6+4
  58 0008 1068     		ldr	r0, [r2]
  59 000a 1B78     		ldrb	r3, [r3]	@ zero_extendqisi2
  60 000c 002B     		cmp	r3, #0
ARM GAS  /var/folders/lp/x54gwt890xv47sdkqj1k04q40000gn/T//ccESutHG.s 			page 2


  61 000e F7D0     		beq	.L5
  62 0010 7047     		bx	lr
  63              	.L7:
  64 0012 00BF     		.align	2
  65              	.L6:
  66 0014 00000000 		.word	tick_irq_flag
  67 0018 00000000 		.word	sys_time
  69              		.section	.text.lv_tick_elaps,"ax",%progbits
  70              		.align	1
  71              		.global	lv_tick_elaps
  72              		.syntax unified
  73              		.thumb
  74              		.thumb_func
  76              	lv_tick_elaps:
  77              		@ args = 0, pretend = 0, frame = 0
  78              		@ frame_needed = 0, uses_anonymous_args = 0
  79 0000 10B5     		push	{r4, lr}
  80 0002 0446     		mov	r4, r0
  81 0004 FFF7FEFF 		bl	lv_tick_get
  82 0008 A042     		cmp	r0, r4
  83 000a 01D3     		bcc	.L9
  84 000c 001B     		subs	r0, r0, r4
  85              	.L8:
  86 000e 10BD     		pop	{r4, pc}
  87              	.L9:
  88 0010 001B     		subs	r0, r0, r4
  89 0012 FCE7     		b	.L8
  91              		.section	.bss.tick_irq_flag,"aw",%nobits
  94              	tick_irq_flag:
  95 0000 00       		.space	1
  96              		.section	.bss.sys_time,"aw",%nobits
  97              		.align	2
 100              	sys_time:
 101 0000 00000000 		.space	4
 102              		.ident	"GCC: (xPack GNU Arm Embedded GCC arm64) 13.3.1 20240614"
ARM GAS  /var/folders/lp/x54gwt890xv47sdkqj1k04q40000gn/T//ccESutHG.s 			page 3


DEFINED SYMBOLS
                            *ABS*:00000000 lv_hal_tick.c
/var/folders/lp/x54gwt890xv47sdkqj1k04q40000gn/T//ccESutHG.s:18     .text.lv_tick_inc:00000000 $t
/var/folders/lp/x54gwt890xv47sdkqj1k04q40000gn/T//ccESutHG.s:24     .text.lv_tick_inc:00000000 lv_tick_inc
/var/folders/lp/x54gwt890xv47sdkqj1k04q40000gn/T//ccESutHG.s:39     .text.lv_tick_inc:00000010 $d
/var/folders/lp/x54gwt890xv47sdkqj1k04q40000gn/T//ccESutHG.s:94     .bss.tick_irq_flag:00000000 tick_irq_flag
/var/folders/lp/x54gwt890xv47sdkqj1k04q40000gn/T//ccESutHG.s:100    .bss.sys_time:00000000 sys_time
/var/folders/lp/x54gwt890xv47sdkqj1k04q40000gn/T//ccESutHG.s:43     .text.lv_tick_get:00000000 $t
/var/folders/lp/x54gwt890xv47sdkqj1k04q40000gn/T//ccESutHG.s:49     .text.lv_tick_get:00000000 lv_tick_get
/var/folders/lp/x54gwt890xv47sdkqj1k04q40000gn/T//ccESutHG.s:66     .text.lv_tick_get:00000014 $d
/var/folders/lp/x54gwt890xv47sdkqj1k04q40000gn/T//ccESutHG.s:70     .text.lv_tick_elaps:00000000 $t
/var/folders/lp/x54gwt890xv47sdkqj1k04q40000gn/T//ccESutHG.s:76     .text.lv_tick_elaps:00000000 lv_tick_elaps
/var/folders/lp/x54gwt890xv47sdkqj1k04q40000gn/T//ccESutHG.s:95     .bss.tick_irq_flag:00000000 $d
/var/folders/lp/x54gwt890xv47sdkqj1k04q40000gn/T//ccESutHG.s:97     .bss.sys_time:00000000 $d

NO UNDEFINED SYMBOLS
