ARM GAS  /var/folders/lp/x54gwt890xv47sdkqj1k04q40000gn/T//ccLalZZX.s 			page 1


   1              		.cpu cortex-m4
   2              		.arch armv7e-m
   3              		.fpu fpv4-sp-d16
   4              		.eabi_attribute 27, 1
   5              		.eabi_attribute 28, 1
   6              		.eabi_attribute 20, 1
   7              		.eabi_attribute 21, 1
   8              		.eabi_attribute 23, 3
   9              		.eabi_attribute 24, 1
  10              		.eabi_attribute 25, 1
  11              		.eabi_attribute 26, 1
  12              		.eabi_attribute 30, 1
  13              		.eabi_attribute 34, 1
  14              		.eabi_attribute 18, 4
  15              		.file	"lv_msgbox.c"
  16              		.text
  17              		.section	.text.lv_layer_top,"ax",%progbits
  18              		.align	1
  19              		.syntax unified
  20              		.thumb
  21              		.thumb_func
  23              	lv_layer_top:
  24              		@ args = 0, pretend = 0, frame = 0
  25              		@ frame_needed = 0, uses_anonymous_args = 0
  26 0000 08B5     		push	{r3, lr}
  27 0002 FFF7FEFF 		bl	lv_disp_get_default
  28 0006 FFF7FEFF 		bl	lv_disp_get_layer_top
  29 000a 08BD     		pop	{r3, pc}
  31              		.section	.rodata.lv_msgbox_create.str1.4,"aMS",%progbits,1
  32              		.align	2
  33              	.LC0:
  34 0000 00       		.ascii	"\000"
  35 0001 000000   		.align	2
  36              	.LC1:
  37 0004 EF808D00 		.ascii	"\357\200\215\000"
  38              		.section	.text.lv_msgbox_create,"ax",%progbits
  39              		.align	1
  40              		.global	lv_msgbox_create
  41              		.syntax unified
  42              		.thumb
  43              		.thumb_func
  45              	lv_msgbox_create:
  46              		@ args = 4, pretend = 0, frame = 0
  47              		@ frame_needed = 0, uses_anonymous_args = 0
  48 0000 2DE9F843 		push	{r3, r4, r5, r6, r7, r8, r9, lr}
  49 0004 0E46     		mov	r6, r1
  50 0006 1746     		mov	r7, r2
  51 0008 1D46     		mov	r5, r3
  52 000a 9DF82080 		ldrb	r8, [sp, #32]	@ zero_extendqisi2
  53 000e 0028     		cmp	r0, #0
  54 0010 58D0     		beq	.L32
  55 0012 0446     		mov	r4, r0
  56 0014 4FF00009 		mov	r9, #0
  57              	.L4:
  58 0018 2146     		mov	r1, r4
  59 001a 8B48     		ldr	r0, .L38
  60 001c FFF7FEFF 		bl	lv_obj_class_create_obj
ARM GAS  /var/folders/lp/x54gwt890xv47sdkqj1k04q40000gn/T//ccLalZZX.s 			page 2


  61 0020 0446     		mov	r4, r0
  62 0022 0028     		cmp	r0, #0
  63 0024 67D0     		beq	.L8
  64 0026 FFF7FEFF 		bl	lv_obj_class_init_obj
  65 002a B9F1000F 		cmp	r9, #0
  66 002e 63D1     		bne	.L33
  67              	.L9:
  68 0030 0421     		movs	r1, #4
  69 0032 2046     		mov	r0, r4
  70 0034 FFF7FEFF 		bl	lv_obj_set_flex_flow
  71 0038 002E     		cmp	r6, #0
  72 003a 63D0     		beq	.L26
  73 003c 3378     		ldrb	r3, [r6]	@ zero_extendqisi2
  74 003e 002B     		cmp	r3, #0
  75 0040 63D1     		bne	.L27
  76 0042 4FF00009 		mov	r9, #0
  77              	.L10:
  78 0046 B8F1000F 		cmp	r8, #0
  79 004a 02D1     		bne	.L11
  80 004c B9F1000F 		cmp	r9, #0
  81 0050 15D0     		beq	.L12
  82              	.L11:
  83 0052 2046     		mov	r0, r4
  84 0054 FFF7FEFF 		bl	lv_label_create
  85 0058 6062     		str	r0, [r4, #36]
  86 005a B9F1000F 		cmp	r9, #0
  87 005e 00D1     		bne	.L13
  88 0060 7A4E     		ldr	r6, .L38+4
  89              	.L13:
  90 0062 3146     		mov	r1, r6
  91 0064 FFF7FEFF 		bl	lv_label_set_text
  92 0068 0321     		movs	r1, #3
  93 006a 606A     		ldr	r0, [r4, #36]
  94 006c FFF7FEFF 		bl	lv_label_set_long_mode
  95 0070 B8F1000F 		cmp	r8, #0
  96 0074 4CD0     		beq	.L14
  97 0076 0121     		movs	r1, #1
  98 0078 606A     		ldr	r0, [r4, #36]
  99 007a FFF7FEFF 		bl	lv_obj_set_flex_grow
 100              	.L12:
 101 007e B8F1000F 		cmp	r8, #0
 102 0082 4BD1     		bne	.L34
 103              	.L15:
 104 0084 2146     		mov	r1, r4
 105 0086 7248     		ldr	r0, .L38+8
 106 0088 FFF7FEFF 		bl	lv_obj_class_create_obj
 107 008c E062     		str	r0, [r4, #44]
 108 008e 0028     		cmp	r0, #0
 109 0090 00F09E80 		beq	.L19
 110 0094 FFF7FEFF 		bl	lv_obj_class_init_obj
 111 0098 1FB1     		cbz	r7, .L20
 112 009a 3B78     		ldrb	r3, [r7]	@ zero_extendqisi2
 113 009c 002B     		cmp	r3, #0
 114 009e 40F09880 		bne	.L35
 115              	.L20:
 116 00a2 002D     		cmp	r5, #0
 117 00a4 00F0CC80 		beq	.L3
ARM GAS  /var/folders/lp/x54gwt890xv47sdkqj1k04q40000gn/T//ccLalZZX.s 			page 3


 118 00a8 2046     		mov	r0, r4
 119 00aa FFF7FEFF 		bl	lv_btnmatrix_create
 120 00ae 6063     		str	r0, [r4, #52]
 121 00b0 2946     		mov	r1, r5
 122 00b2 FFF7FEFF 		bl	lv_btnmatrix_set_map
 123 00b6 4FF40871 		mov	r1, #544
 124 00ba 606B     		ldr	r0, [r4, #52]
 125 00bc FFF7FEFF 		bl	lv_btnmatrix_set_btn_ctrl_all
 126 00c0 0026     		movs	r6, #0
 127 00c2 98E0     		b	.L22
 128              	.L32:
 129 00c4 FFF7FEFF 		bl	lv_layer_top
 130 00c8 0146     		mov	r1, r0
 131 00ca 6248     		ldr	r0, .L38+12
 132 00cc FFF7FEFF 		bl	lv_obj_class_create_obj
 133 00d0 0446     		mov	r4, r0
 134 00d2 78B1     		cbz	r0, .L6
 135 00d4 FFF7FEFF 		bl	lv_obj_class_init_obj
 136 00d8 4FF40031 		mov	r1, #131072
 137 00dc 2046     		mov	r0, r4
 138 00de FFF7FEFF 		bl	lv_obj_clear_flag
 139 00e2 42F26402 		movw	r2, #8292
 140 00e6 1146     		mov	r1, r2
 141 00e8 2046     		mov	r0, r4
 142 00ea FFF7FEFF 		bl	lv_obj_set_size
 143 00ee 4FF00109 		mov	r9, #1
 144 00f2 91E7     		b	.L4
 145              	.L6:
 146 00f4 FEE7     		b	.L6
 147              	.L8:
 148 00f6 FEE7     		b	.L8
 149              	.L33:
 150 00f8 4FF00071 		mov	r1, #33554432
 151 00fc 2046     		mov	r0, r4
 152 00fe FFF7FEFF 		bl	lv_obj_add_flag
 153 0102 95E7     		b	.L9
 154              	.L26:
 155 0104 4FF00009 		mov	r9, #0
 156 0108 9DE7     		b	.L10
 157              	.L27:
 158 010a 4FF00109 		mov	r9, #1
 159 010e 9AE7     		b	.L10
 160              	.L14:
 161 0110 42F26401 		movw	r1, #8292
 162 0114 606A     		ldr	r0, [r4, #36]
 163 0116 FFF7FEFF 		bl	lv_obj_set_width
 164 011a B0E7     		b	.L12
 165              	.L34:
 166 011c 2046     		mov	r0, r4
 167 011e FFF7FEFF 		bl	lv_btn_create
 168 0122 0646     		mov	r6, r0
 169 0124 A062     		str	r0, [r4, #40]
 170 0126 0020     		movs	r0, #0
 171 0128 FFF7FEFF 		bl	lv_disp_get_dpi
 172 012c 00EB8000 		add	r0, r0, r0, lsl #2
 173 0130 4300     		lsls	r3, r0, #1
 174 0132 EF2B     		cmp	r3, #239
ARM GAS  /var/folders/lp/x54gwt890xv47sdkqj1k04q40000gn/T//ccLalZZX.s 			page 4


 175 0134 2EDC     		bgt	.L36
 176 0136 0121     		movs	r1, #1
 177              	.L16:
 178 0138 3046     		mov	r0, r6
 179 013a FFF7FEFF 		bl	lv_obj_set_ext_click_area
 180 013e 0023     		movs	r3, #0
 181 0140 0722     		movs	r2, #7
 182 0142 4549     		ldr	r1, .L38+16
 183 0144 A06A     		ldr	r0, [r4, #40]
 184 0146 FFF7FEFF 		bl	lv_obj_add_event_cb
 185 014a A06A     		ldr	r0, [r4, #40]
 186 014c FFF7FEFF 		bl	lv_label_create
 187 0150 8046     		mov	r8, r0
 188 0152 4249     		ldr	r1, .L38+20
 189 0154 FFF7FEFF 		bl	lv_label_set_text
 190 0158 5722     		movs	r2, #87
 191 015a 0021     		movs	r1, #0
 192 015c A06A     		ldr	r0, [r4, #40]
 193 015e FFF7FEFF 		bl	lv_obj_get_style_prop
 194 0162 B0F90860 		ldrsh	r6, [r0, #8]
 195 0166 B6B2     		uxth	r6, r6
 196 0168 0020     		movs	r0, #0
 197 016a FFF7FEFF 		bl	lv_disp_get_dpi
 198 016e 00EB8000 		add	r0, r0, r0, lsl #2
 199 0172 4300     		lsls	r3, r0, #1
 200 0174 EF2B     		cmp	r3, #239
 201 0176 1CDC     		bgt	.L37
 202 0178 0123     		movs	r3, #1
 203              	.L17:
 204 017a F118     		adds	r1, r6, r3
 205 017c 09B2     		sxth	r1, r1
 206 017e 0A46     		mov	r2, r1
 207 0180 A06A     		ldr	r0, [r4, #40]
 208 0182 FFF7FEFF 		bl	lv_obj_set_size
 209 0186 0023     		movs	r3, #0
 210 0188 1A46     		mov	r2, r3
 211 018a 0921     		movs	r1, #9
 212 018c 4046     		mov	r0, r8
 213 018e FFF7FEFF 		bl	lv_obj_align
 214 0192 77E7     		b	.L15
 215              	.L36:
 216 0194 0020     		movs	r0, #0
 217 0196 FFF7FEFF 		bl	lv_disp_get_dpi
 218 019a 00EB8000 		add	r0, r0, r0, lsl #2
 219 019e 4300     		lsls	r3, r0, #1
 220 01a0 5033     		adds	r3, r3, #80
 221 01a2 2F4A     		ldr	r2, .L38+24
 222 01a4 82FB0312 		smull	r1, r2, r2, r3
 223 01a8 D917     		asrs	r1, r3, #31
 224 01aa C1EBA211 		rsb	r1, r1, r2, asr #6
 225 01ae 09B2     		sxth	r1, r1
 226 01b0 C2E7     		b	.L16
 227              	.L37:
 228 01b2 0020     		movs	r0, #0
 229 01b4 FFF7FEFF 		bl	lv_disp_get_dpi
 230 01b8 00EB8000 		add	r0, r0, r0, lsl #2
 231 01bc 4300     		lsls	r3, r0, #1
ARM GAS  /var/folders/lp/x54gwt890xv47sdkqj1k04q40000gn/T//ccLalZZX.s 			page 5


 232 01be 5033     		adds	r3, r3, #80
 233 01c0 274A     		ldr	r2, .L38+24
 234 01c2 82FB0312 		smull	r1, r2, r2, r3
 235 01c6 DB17     		asrs	r3, r3, #31
 236 01c8 C3EBA213 		rsb	r3, r3, r2, asr #6
 237 01cc 9BB2     		uxth	r3, r3
 238 01ce D4E7     		b	.L17
 239              	.L19:
 240 01d0 FEE7     		b	.L19
 241              	.L35:
 242 01d2 E06A     		ldr	r0, [r4, #44]
 243 01d4 FFF7FEFF 		bl	lv_label_create
 244 01d8 2063     		str	r0, [r4, #48]
 245 01da 3946     		mov	r1, r7
 246 01dc FFF7FEFF 		bl	lv_label_set_text
 247 01e0 0021     		movs	r1, #0
 248 01e2 206B     		ldr	r0, [r4, #48]
 249 01e4 FFF7FEFF 		bl	lv_label_set_long_mode
 250 01e8 42F26401 		movw	r1, #8292
 251 01ec 206B     		ldr	r0, [r4, #48]
 252 01ee FFF7FEFF 		bl	lv_obj_set_width
 253 01f2 56E7     		b	.L20
 254              	.L24:
 255 01f4 0136     		adds	r6, r6, #1
 256              	.L22:
 257 01f6 55F82630 		ldr	r3, [r5, r6, lsl #2]
 258 01fa 13B1     		cbz	r3, .L23
 259 01fc 1B78     		ldrb	r3, [r3]	@ zero_extendqisi2
 260 01fe 002B     		cmp	r3, #0
 261 0200 F8D1     		bne	.L24
 262              	.L23:
 263 0202 5722     		movs	r2, #87
 264 0204 4FF4A021 		mov	r1, #327680
 265 0208 606B     		ldr	r0, [r4, #52]
 266 020a FFF7FEFF 		bl	lv_obj_get_style_prop
 267 020e B0F90820 		ldrsh	r2, [r0, #8]
 268 0212 92B2     		uxth	r2, r2
 269 0214 0D32     		adds	r2, r2, #13
 270 0216 06EB8603 		add	r3, r6, r6, lsl #2
 271 021a 03EB0313 		add	r3, r3, r3, lsl #4
 272 021e F118     		adds	r1, r6, r3
 273 0220 12B2     		sxth	r2, r2
 274 0222 09B2     		sxth	r1, r1
 275 0224 606B     		ldr	r0, [r4, #52]
 276 0226 FFF7FEFF 		bl	lv_obj_set_size
 277 022a 0022     		movs	r2, #0
 278 022c 42F26401 		movw	r1, #8292
 279 0230 606B     		ldr	r0, [r4, #52]
 280 0232 FFF7FEFF 		bl	lv_obj_set_style_max_width
 281 0236 4FF48041 		mov	r1, #16384
 282 023a 606B     		ldr	r0, [r4, #52]
 283 023c FFF7FEFF 		bl	lv_obj_add_flag
 284              	.L3:
 285 0240 2046     		mov	r0, r4
 286 0242 BDE8F883 		pop	{r3, r4, r5, r6, r7, r8, r9, pc}
 287              	.L39:
 288 0246 00BF     		.align	2
ARM GAS  /var/folders/lp/x54gwt890xv47sdkqj1k04q40000gn/T//ccLalZZX.s 			page 6


 289              	.L38:
 290 0248 00000000 		.word	lv_msgbox_class
 291 024c 00000000 		.word	.LC0
 292 0250 00000000 		.word	lv_msgbox_content_class
 293 0254 00000000 		.word	lv_msgbox_backdrop_class
 294 0258 00000000 		.word	msgbox_close_click_event_cb
 295 025c 04000000 		.word	.LC1
 296 0260 67666666 		.word	1717986919
 298              		.section	.text.lv_msgbox_get_title,"ax",%progbits
 299              		.align	1
 300              		.global	lv_msgbox_get_title
 301              		.syntax unified
 302              		.thumb
 303              		.thumb_func
 305              	lv_msgbox_get_title:
 306              		@ args = 0, pretend = 0, frame = 0
 307              		@ frame_needed = 0, uses_anonymous_args = 0
 308              		@ link register save eliminated.
 309 0000 406A     		ldr	r0, [r0, #36]
 310 0002 7047     		bx	lr
 312              		.section	.text.lv_msgbox_get_close_btn,"ax",%progbits
 313              		.align	1
 314              		.global	lv_msgbox_get_close_btn
 315              		.syntax unified
 316              		.thumb
 317              		.thumb_func
 319              	lv_msgbox_get_close_btn:
 320              		@ args = 0, pretend = 0, frame = 0
 321              		@ frame_needed = 0, uses_anonymous_args = 0
 322              		@ link register save eliminated.
 323 0000 806A     		ldr	r0, [r0, #40]
 324 0002 7047     		bx	lr
 326              		.section	.text.lv_msgbox_get_text,"ax",%progbits
 327              		.align	1
 328              		.global	lv_msgbox_get_text
 329              		.syntax unified
 330              		.thumb
 331              		.thumb_func
 333              	lv_msgbox_get_text:
 334              		@ args = 0, pretend = 0, frame = 0
 335              		@ frame_needed = 0, uses_anonymous_args = 0
 336              		@ link register save eliminated.
 337 0000 006B     		ldr	r0, [r0, #48]
 338 0002 7047     		bx	lr
 340              		.section	.text.lv_msgbox_get_content,"ax",%progbits
 341              		.align	1
 342              		.global	lv_msgbox_get_content
 343              		.syntax unified
 344              		.thumb
 345              		.thumb_func
 347              	lv_msgbox_get_content:
 348              		@ args = 0, pretend = 0, frame = 0
 349              		@ frame_needed = 0, uses_anonymous_args = 0
 350              		@ link register save eliminated.
 351 0000 C06A     		ldr	r0, [r0, #44]
 352 0002 7047     		bx	lr
 354              		.section	.text.lv_msgbox_get_btns,"ax",%progbits
ARM GAS  /var/folders/lp/x54gwt890xv47sdkqj1k04q40000gn/T//ccLalZZX.s 			page 7


 355              		.align	1
 356              		.global	lv_msgbox_get_btns
 357              		.syntax unified
 358              		.thumb
 359              		.thumb_func
 361              	lv_msgbox_get_btns:
 362              		@ args = 0, pretend = 0, frame = 0
 363              		@ frame_needed = 0, uses_anonymous_args = 0
 364              		@ link register save eliminated.
 365 0000 406B     		ldr	r0, [r0, #52]
 366 0002 7047     		bx	lr
 368              		.section	.text.lv_msgbox_get_active_btn,"ax",%progbits
 369              		.align	1
 370              		.global	lv_msgbox_get_active_btn
 371              		.syntax unified
 372              		.thumb
 373              		.thumb_func
 375              	lv_msgbox_get_active_btn:
 376              		@ args = 0, pretend = 0, frame = 0
 377              		@ frame_needed = 0, uses_anonymous_args = 0
 378 0000 08B5     		push	{r3, lr}
 379 0002 FFF7FEFF 		bl	lv_msgbox_get_btns
 380 0006 FFF7FEFF 		bl	lv_btnmatrix_get_selected_btn
 381 000a 08BD     		pop	{r3, pc}
 383              		.section	.text.lv_msgbox_get_active_btn_text,"ax",%progbits
 384              		.align	1
 385              		.global	lv_msgbox_get_active_btn_text
 386              		.syntax unified
 387              		.thumb
 388              		.thumb_func
 390              	lv_msgbox_get_active_btn_text:
 391              		@ args = 0, pretend = 0, frame = 0
 392              		@ frame_needed = 0, uses_anonymous_args = 0
 393 0000 10B5     		push	{r4, lr}
 394 0002 FFF7FEFF 		bl	lv_msgbox_get_btns
 395 0006 0446     		mov	r4, r0
 396 0008 FFF7FEFF 		bl	lv_btnmatrix_get_selected_btn
 397 000c 0146     		mov	r1, r0
 398 000e 2046     		mov	r0, r4
 399 0010 FFF7FEFF 		bl	lv_btnmatrix_get_btn_text
 400 0014 10BD     		pop	{r4, pc}
 402              		.section	.text.lv_msgbox_close,"ax",%progbits
 403              		.align	1
 404              		.global	lv_msgbox_close
 405              		.syntax unified
 406              		.thumb
 407              		.thumb_func
 409              	lv_msgbox_close:
 410              		@ args = 0, pretend = 0, frame = 0
 411              		@ frame_needed = 0, uses_anonymous_args = 0
 412 0000 10B5     		push	{r4, lr}
 413 0002 0446     		mov	r4, r0
 414 0004 4FF00071 		mov	r1, #33554432
 415 0008 FFF7FEFF 		bl	lv_obj_has_flag
 416 000c 28B1     		cbz	r0, .L50
 417 000e 2046     		mov	r0, r4
 418 0010 FFF7FEFF 		bl	lv_obj_get_parent
ARM GAS  /var/folders/lp/x54gwt890xv47sdkqj1k04q40000gn/T//ccLalZZX.s 			page 8


 419 0014 FFF7FEFF 		bl	lv_obj_del
 420              	.L49:
 421 0018 10BD     		pop	{r4, pc}
 422              	.L50:
 423 001a 2046     		mov	r0, r4
 424 001c FFF7FEFF 		bl	lv_obj_del
 425 0020 FAE7     		b	.L49
 427              		.section	.text.msgbox_close_click_event_cb,"ax",%progbits
 428              		.align	1
 429              		.syntax unified
 430              		.thumb
 431              		.thumb_func
 433              	msgbox_close_click_event_cb:
 434              		@ args = 0, pretend = 0, frame = 0
 435              		@ frame_needed = 0, uses_anonymous_args = 0
 436 0000 08B5     		push	{r3, lr}
 437 0002 FFF7FEFF 		bl	lv_event_get_target
 438 0006 FFF7FEFF 		bl	lv_obj_get_parent
 439 000a FFF7FEFF 		bl	lv_msgbox_close
 440 000e 08BD     		pop	{r3, pc}
 442              		.section	.text.lv_msgbox_close_async,"ax",%progbits
 443              		.align	1
 444              		.global	lv_msgbox_close_async
 445              		.syntax unified
 446              		.thumb
 447              		.thumb_func
 449              	lv_msgbox_close_async:
 450              		@ args = 0, pretend = 0, frame = 0
 451              		@ frame_needed = 0, uses_anonymous_args = 0
 452 0000 10B5     		push	{r4, lr}
 453 0002 0446     		mov	r4, r0
 454 0004 4FF00071 		mov	r1, #33554432
 455 0008 FFF7FEFF 		bl	lv_obj_has_flag
 456 000c 28B1     		cbz	r0, .L56
 457 000e 2046     		mov	r0, r4
 458 0010 FFF7FEFF 		bl	lv_obj_get_parent
 459 0014 FFF7FEFF 		bl	lv_obj_del_async
 460              	.L55:
 461 0018 10BD     		pop	{r4, pc}
 462              	.L56:
 463 001a 2046     		mov	r0, r4
 464 001c FFF7FEFF 		bl	lv_obj_del_async
 465 0020 FAE7     		b	.L55
 467              		.global	lv_msgbox_backdrop_class
 468              		.section	.rodata.lv_msgbox_backdrop_class,"a"
 469              		.align	2
 472              	lv_msgbox_backdrop_class:
 473 0000 00000000 		.word	lv_obj_class
 474 0004 00000000 		.space	16
 474      00000000 
 474      00000000 
 474      00000000 
 475 0014 6420     		.short	8292
 476 0016 6420     		.short	8292
 477 0018 40       		.byte	64
 478 0019 02       		.byte	2
 479 001a 00       		.byte	0
ARM GAS  /var/folders/lp/x54gwt890xv47sdkqj1k04q40000gn/T//ccLalZZX.s 			page 9


 480 001b 00       		.space	1
 481              		.global	lv_msgbox_content_class
 482              		.section	.rodata.lv_msgbox_content_class,"a"
 483              		.align	2
 486              	lv_msgbox_content_class:
 487 0000 00000000 		.word	lv_obj_class
 488 0004 00000000 		.space	16
 488      00000000 
 488      00000000 
 488      00000000 
 489 0014 6420     		.short	8292
 490 0016 D127     		.short	10193
 491 0018 40       		.byte	64
 492 0019 02       		.byte	2
 493 001a 00       		.byte	0
 494 001b 00       		.space	1
 495              		.global	lv_msgbox_class
 496              		.section	.rodata.lv_msgbox_class,"a"
 497              		.align	2
 500              	lv_msgbox_class:
 501 0000 00000000 		.word	lv_obj_class
 502 0004 00000000 		.space	16
 502      00000000 
 502      00000000 
 502      00000000 
 503 0014 0401     		.short	260
 504 0016 D127     		.short	10193
 505 0018 80       		.byte	128
 506 0019 03       		.byte	3
 507 001a 00       		.byte	0
 508 001b 00       		.space	1
 509              		.ident	"GCC: (xPack GNU Arm Embedded GCC arm64) 13.3.1 20240614"
ARM GAS  /var/folders/lp/x54gwt890xv47sdkqj1k04q40000gn/T//ccLalZZX.s 			page 10


DEFINED SYMBOLS
                            *ABS*:00000000 lv_msgbox.c
/var/folders/lp/x54gwt890xv47sdkqj1k04q40000gn/T//ccLalZZX.s:18     .text.lv_layer_top:00000000 $t
/var/folders/lp/x54gwt890xv47sdkqj1k04q40000gn/T//ccLalZZX.s:23     .text.lv_layer_top:00000000 lv_layer_top
/var/folders/lp/x54gwt890xv47sdkqj1k04q40000gn/T//ccLalZZX.s:32     .rodata.lv_msgbox_create.str1.4:00000000 $d
/var/folders/lp/x54gwt890xv47sdkqj1k04q40000gn/T//ccLalZZX.s:39     .text.lv_msgbox_create:00000000 $t
/var/folders/lp/x54gwt890xv47sdkqj1k04q40000gn/T//ccLalZZX.s:45     .text.lv_msgbox_create:00000000 lv_msgbox_create
/var/folders/lp/x54gwt890xv47sdkqj1k04q40000gn/T//ccLalZZX.s:290    .text.lv_msgbox_create:00000248 $d
/var/folders/lp/x54gwt890xv47sdkqj1k04q40000gn/T//ccLalZZX.s:500    .rodata.lv_msgbox_class:00000000 lv_msgbox_class
/var/folders/lp/x54gwt890xv47sdkqj1k04q40000gn/T//ccLalZZX.s:486    .rodata.lv_msgbox_content_class:00000000 lv_msgbox_content_class
/var/folders/lp/x54gwt890xv47sdkqj1k04q40000gn/T//ccLalZZX.s:472    .rodata.lv_msgbox_backdrop_class:00000000 lv_msgbox_backdrop_class
/var/folders/lp/x54gwt890xv47sdkqj1k04q40000gn/T//ccLalZZX.s:433    .text.msgbox_close_click_event_cb:00000000 msgbox_close_click_event_cb
/var/folders/lp/x54gwt890xv47sdkqj1k04q40000gn/T//ccLalZZX.s:299    .text.lv_msgbox_get_title:00000000 $t
/var/folders/lp/x54gwt890xv47sdkqj1k04q40000gn/T//ccLalZZX.s:305    .text.lv_msgbox_get_title:00000000 lv_msgbox_get_title
/var/folders/lp/x54gwt890xv47sdkqj1k04q40000gn/T//ccLalZZX.s:313    .text.lv_msgbox_get_close_btn:00000000 $t
/var/folders/lp/x54gwt890xv47sdkqj1k04q40000gn/T//ccLalZZX.s:319    .text.lv_msgbox_get_close_btn:00000000 lv_msgbox_get_close_btn
/var/folders/lp/x54gwt890xv47sdkqj1k04q40000gn/T//ccLalZZX.s:327    .text.lv_msgbox_get_text:00000000 $t
/var/folders/lp/x54gwt890xv47sdkqj1k04q40000gn/T//ccLalZZX.s:333    .text.lv_msgbox_get_text:00000000 lv_msgbox_get_text
/var/folders/lp/x54gwt890xv47sdkqj1k04q40000gn/T//ccLalZZX.s:341    .text.lv_msgbox_get_content:00000000 $t
/var/folders/lp/x54gwt890xv47sdkqj1k04q40000gn/T//ccLalZZX.s:347    .text.lv_msgbox_get_content:00000000 lv_msgbox_get_content
/var/folders/lp/x54gwt890xv47sdkqj1k04q40000gn/T//ccLalZZX.s:355    .text.lv_msgbox_get_btns:00000000 $t
/var/folders/lp/x54gwt890xv47sdkqj1k04q40000gn/T//ccLalZZX.s:361    .text.lv_msgbox_get_btns:00000000 lv_msgbox_get_btns
/var/folders/lp/x54gwt890xv47sdkqj1k04q40000gn/T//ccLalZZX.s:369    .text.lv_msgbox_get_active_btn:00000000 $t
/var/folders/lp/x54gwt890xv47sdkqj1k04q40000gn/T//ccLalZZX.s:375    .text.lv_msgbox_get_active_btn:00000000 lv_msgbox_get_active_btn
/var/folders/lp/x54gwt890xv47sdkqj1k04q40000gn/T//ccLalZZX.s:384    .text.lv_msgbox_get_active_btn_text:00000000 $t
/var/folders/lp/x54gwt890xv47sdkqj1k04q40000gn/T//ccLalZZX.s:390    .text.lv_msgbox_get_active_btn_text:00000000 lv_msgbox_get_active_btn_text
/var/folders/lp/x54gwt890xv47sdkqj1k04q40000gn/T//ccLalZZX.s:403    .text.lv_msgbox_close:00000000 $t
/var/folders/lp/x54gwt890xv47sdkqj1k04q40000gn/T//ccLalZZX.s:409    .text.lv_msgbox_close:00000000 lv_msgbox_close
/var/folders/lp/x54gwt890xv47sdkqj1k04q40000gn/T//ccLalZZX.s:428    .text.msgbox_close_click_event_cb:00000000 $t
/var/folders/lp/x54gwt890xv47sdkqj1k04q40000gn/T//ccLalZZX.s:443    .text.lv_msgbox_close_async:00000000 $t
/var/folders/lp/x54gwt890xv47sdkqj1k04q40000gn/T//ccLalZZX.s:449    .text.lv_msgbox_close_async:00000000 lv_msgbox_close_async
/var/folders/lp/x54gwt890xv47sdkqj1k04q40000gn/T//ccLalZZX.s:469    .rodata.lv_msgbox_backdrop_class:00000000 $d
/var/folders/lp/x54gwt890xv47sdkqj1k04q40000gn/T//ccLalZZX.s:483    .rodata.lv_msgbox_content_class:00000000 $d
/var/folders/lp/x54gwt890xv47sdkqj1k04q40000gn/T//ccLalZZX.s:497    .rodata.lv_msgbox_class:00000000 $d

UNDEFINED SYMBOLS
lv_disp_get_default
lv_disp_get_layer_top
lv_obj_class_create_obj
lv_obj_class_init_obj
lv_obj_set_flex_flow
lv_label_create
lv_label_set_text
lv_label_set_long_mode
lv_obj_set_flex_grow
lv_btnmatrix_create
lv_btnmatrix_set_map
lv_btnmatrix_set_btn_ctrl_all
lv_obj_clear_flag
lv_obj_set_size
lv_obj_add_flag
lv_obj_set_width
lv_btn_create
lv_disp_get_dpi
lv_obj_set_ext_click_area
lv_obj_add_event_cb
lv_obj_get_style_prop
ARM GAS  /var/folders/lp/x54gwt890xv47sdkqj1k04q40000gn/T//ccLalZZX.s 			page 11


lv_obj_align
lv_obj_set_style_max_width
lv_btnmatrix_get_selected_btn
lv_btnmatrix_get_btn_text
lv_obj_has_flag
lv_obj_get_parent
lv_obj_del
lv_event_get_target
lv_obj_del_async
lv_obj_class
