ARM GAS  /var/folders/lp/x54gwt890xv47sdkqj1k04q40000gn/T//ccCM6tS8.s 			page 1


   1              		.cpu cortex-m4
   2              		.arch armv7e-m
   3              		.fpu fpv4-sp-d16
   4              		.eabi_attribute 27, 1
   5              		.eabi_attribute 28, 1
   6              		.eabi_attribute 20, 1
   7              		.eabi_attribute 21, 1
   8              		.eabi_attribute 23, 3
   9              		.eabi_attribute 24, 1
  10              		.eabi_attribute 25, 1
  11              		.eabi_attribute 26, 1
  12              		.eabi_attribute 30, 1
  13              		.eabi_attribute 34, 1
  14              		.eabi_attribute 18, 4
  15              		.file	"lv_obj_style.c"
  16              		.text
  17              		.section	.text.lv_color_mix,"ax",%progbits
  18              		.align	1
  19              		.syntax unified
  20              		.thumb
  21              		.thumb_func
  23              	lv_color_mix:
  24              		@ args = 0, pretend = 0, frame = 0
  25              		@ frame_needed = 0, uses_anonymous_args = 0
  26              		@ link register save eliminated.
  27 0000 83B2     		uxth	r3, r0
  28 0002 C0F30720 		ubfx	r0, r0, #8, #8
  29 0006 40EA0320 		orr	r0, r0, r3, lsl #8
  30 000a 8BB2     		uxth	r3, r1
  31 000c C1F30721 		ubfx	r1, r1, #8, #8
  32 0010 41EA0321 		orr	r1, r1, r3, lsl #8
  33 0014 0432     		adds	r2, r2, #4
  34 0016 0B04     		lsls	r3, r1, #16
  35 0018 13FA81F1 		uxtah	r1, r3, r1
  36 001c 0A4B     		ldr	r3, .L2
  37 001e 1940     		ands	r1, r1, r3
  38 0020 4FEA004C 		lsl	ip, r0, #16
  39 0024 1CFA80F0 		uxtah	r0, ip, r0
  40 0028 1840     		ands	r0, r0, r3
  41 002a 401A     		subs	r0, r0, r1
  42 002c D208     		lsrs	r2, r2, #3
  43 002e 00FB02F2 		mul	r2, r0, r2
  44 0032 01EB5211 		add	r1, r1, r2, lsr #5
  45 0036 1940     		ands	r1, r1, r3
  46 0038 41EA1141 		orr	r1, r1, r1, lsr #16
  47 003c 88B2     		uxth	r0, r1
  48 003e C1F30721 		ubfx	r1, r1, #8, #8
  49 0042 41EA0020 		orr	r0, r1, r0, lsl #8
  50 0046 7047     		bx	lr
  51              	.L3:
  52              		.align	2
  53              	.L2:
  54 0048 1FF8E007 		.word	132184095
  56              		.section	.text.trans_del,"ax",%progbits
  57              		.align	1
  58              		.syntax unified
  59              		.thumb
ARM GAS  /var/folders/lp/x54gwt890xv47sdkqj1k04q40000gn/T//ccCM6tS8.s 			page 2


  60              		.thumb_func
  62              	trans_del:
  63              		@ args = 0, pretend = 0, frame = 0
  64              		@ frame_needed = 0, uses_anonymous_args = 0
  65 0000 2DE9F047 		push	{r4, r5, r6, r7, r8, r9, r10, lr}
  66 0004 0646     		mov	r6, r0
  67 0006 8946     		mov	r9, r1
  68 0008 9246     		mov	r10, r2
  69 000a 9846     		mov	r8, r3
  70 000c 2748     		ldr	r0, .L20
  71 000e FFF7FEFF 		bl	_lv_ll_get_tail
  72 0012 0446     		mov	r4, r0
  73 0014 0027     		movs	r7, #0
  74 0016 07E0     		b	.L5
  75              	.L8:
  76 0018 A388     		ldrh	r3, [r4, #4]
  77 001a 5345     		cmp	r3, r10
  78 001c 32D0     		beq	.L15
  79 001e 4FF6FF73 		movw	r3, #65535
  80 0022 9A45     		cmp	r10, r3
  81 0024 30D0     		beq	.L18
  82              	.L7:
  83 0026 2C46     		mov	r4, r5
  84              	.L5:
  85 0028 002C     		cmp	r4, #0
  86 002a 3CD0     		beq	.L6
  87 002c 4445     		cmp	r4, r8
  88 002e 3AD0     		beq	.L6
  89 0030 2146     		mov	r1, r4
  90 0032 1E48     		ldr	r0, .L20
  91 0034 FFF7FEFF 		bl	_lv_ll_get_prev
  92 0038 0546     		mov	r5, r0
  93 003a 2068     		ldr	r0, [r4]
  94 003c B042     		cmp	r0, r6
  95 003e F2D1     		bne	.L7
  96 0040 A368     		ldr	r3, [r4, #8]
  97 0042 4B45     		cmp	r3, r9
  98 0044 E8D0     		beq	.L8
  99 0046 B9F5702F 		cmp	r9, #983040
 100 004a ECD1     		bne	.L7
 101 004c E4E7     		b	.L8
 102              	.L11:
 103 004e A188     		ldrh	r1, [r4, #4]
 104 0050 1058     		ldr	r0, [r2, r0]
 105 0052 FFF7FEFF 		bl	lv_style_remove_prop
 106              	.L10:
 107 0056 0137     		adds	r7, r7, #1
 108              	.L12:
 109 0058 738C     		ldrh	r3, [r6, #34]
 110 005a C3F30513 		ubfx	r3, r3, #4, #6
 111 005e BB42     		cmp	r3, r7
 112 0060 14D9     		bls	.L19
 113 0062 F268     		ldr	r2, [r6, #12]
 114 0064 F800     		lsls	r0, r7, #3
 115 0066 02EBC703 		add	r3, r2, r7, lsl #3
 116 006a D979     		ldrb	r1, [r3, #7]	@ zero_extendqisi2
 117 006c 11F0020F 		tst	r1, #2
ARM GAS  /var/folders/lp/x54gwt890xv47sdkqj1k04q40000gn/T//ccCM6tS8.s 			page 3


 118 0070 F1D0     		beq	.L10
 119 0072 B9F5702F 		cmp	r9, #983040
 120 0076 EAD0     		beq	.L11
 121 0078 5B68     		ldr	r3, [r3, #4]
 122 007a C3F31703 		ubfx	r3, r3, #0, #24
 123 007e 4B45     		cmp	r3, r9
 124 0080 E9D1     		bne	.L10
 125 0082 E4E7     		b	.L11
 126              	.L15:
 127 0084 0027     		movs	r7, #0
 128 0086 E7E7     		b	.L12
 129              	.L18:
 130 0088 0027     		movs	r7, #0
 131 008a E5E7     		b	.L12
 132              	.L19:
 133 008c 0021     		movs	r1, #0
 134 008e 2046     		mov	r0, r4
 135 0090 FFF7FEFF 		bl	lv_anim_del
 136 0094 2146     		mov	r1, r4
 137 0096 0548     		ldr	r0, .L20
 138 0098 FFF7FEFF 		bl	_lv_ll_remove
 139 009c 2046     		mov	r0, r4
 140 009e FFF7FEFF 		bl	lv_mem_free
 141 00a2 0127     		movs	r7, #1
 142 00a4 BFE7     		b	.L7
 143              	.L6:
 144 00a6 3846     		mov	r0, r7
 145 00a8 BDE8F087 		pop	{r4, r5, r6, r7, r8, r9, r10, pc}
 146              	.L21:
 147              		.align	2
 148              	.L20:
 149 00ac 00000000 		.word	_lv_obj_style_trans_ll
 151              		.section	.text.refresh_children_style,"ax",%progbits
 152              		.align	1
 153              		.syntax unified
 154              		.thumb
 155              		.thumb_func
 157              	refresh_children_style:
 158              		@ args = 0, pretend = 0, frame = 0
 159              		@ frame_needed = 0, uses_anonymous_args = 0
 160 0000 F8B5     		push	{r3, r4, r5, r6, r7, lr}
 161 0002 0746     		mov	r7, r0
 162 0004 FFF7FEFF 		bl	lv_obj_get_child_cnt
 163 0008 0546     		mov	r5, r0
 164 000a 0024     		movs	r4, #0
 165              	.L23:
 166 000c AC42     		cmp	r4, r5
 167 000e 13D2     		bcs	.L26
 168 0010 BB68     		ldr	r3, [r7, #8]
 169 0012 1B68     		ldr	r3, [r3]
 170 0014 53F82460 		ldr	r6, [r3, r4, lsl #2]
 171 0018 3046     		mov	r0, r6
 172 001a FFF7FEFF 		bl	lv_obj_invalidate
 173 001e 0022     		movs	r2, #0
 174 0020 2A21     		movs	r1, #42
 175 0022 3046     		mov	r0, r6
 176 0024 FFF7FEFF 		bl	lv_event_send
ARM GAS  /var/folders/lp/x54gwt890xv47sdkqj1k04q40000gn/T//ccCM6tS8.s 			page 4


 177 0028 3046     		mov	r0, r6
 178 002a FFF7FEFF 		bl	lv_obj_invalidate
 179 002e 3046     		mov	r0, r6
 180 0030 FFF7E6FF 		bl	refresh_children_style
 181 0034 0134     		adds	r4, r4, #1
 182 0036 E9E7     		b	.L23
 183              	.L26:
 184 0038 F8BD     		pop	{r3, r4, r5, r6, r7, pc}
 186              		.section	.text.get_local_style,"ax",%progbits
 187              		.align	1
 188              		.syntax unified
 189              		.thumb
 190              		.thumb_func
 192              	get_local_style:
 193              		@ args = 0, pretend = 0, frame = 0
 194              		@ frame_needed = 0, uses_anonymous_args = 0
 195 0000 2DE9F041 		push	{r4, r5, r6, r7, r8, lr}
 196 0004 0446     		mov	r4, r0
 197 0006 0D46     		mov	r5, r1
 198 0008 0023     		movs	r3, #0
 199 000a 00E0     		b	.L28
 200              	.L29:
 201 000c 0133     		adds	r3, r3, #1
 202              	.L28:
 203 000e 628C     		ldrh	r2, [r4, #34]
 204 0010 C2F30512 		ubfx	r2, r2, #4, #6
 205 0014 9A42     		cmp	r2, r3
 206 0016 0ED9     		bls	.L38
 207 0018 E168     		ldr	r1, [r4, #12]
 208 001a DE00     		lsls	r6, r3, #3
 209 001c 01EBC302 		add	r2, r1, r3, lsl #3
 210 0020 D079     		ldrb	r0, [r2, #7]	@ zero_extendqisi2
 211 0022 10F0010F 		tst	r0, #1
 212 0026 F1D0     		beq	.L29
 213 0028 5268     		ldr	r2, [r2, #4]
 214 002a C2F31702 		ubfx	r2, r2, #0, #24
 215 002e AA42     		cmp	r2, r5
 216 0030 ECD1     		bne	.L29
 217 0032 8859     		ldr	r0, [r1, r6]
 218 0034 46E0     		b	.L27
 219              	.L38:
 220 0036 0132     		adds	r2, r2, #1
 221 0038 02F03F02 		and	r2, r2, #63
 222 003c 638C     		ldrh	r3, [r4, #34]
 223 003e 62F30913 		bfi	r3, r2, #4, #6
 224 0042 6384     		strh	r3, [r4, #34]	@ movhi
 225 0044 D100     		lsls	r1, r2, #3
 226 0046 E068     		ldr	r0, [r4, #12]
 227 0048 FFF7FEFF 		bl	lv_mem_realloc
 228 004c E060     		str	r0, [r4, #12]
 229 004e B0B1     		cbz	r0, .L33
 230 0050 668C     		ldrh	r6, [r4, #34]
 231 0052 C6F30516 		ubfx	r6, r6, #4, #6
 232 0056 013E     		subs	r6, r6, #1
 233              	.L34:
 234 0058 96B1     		cbz	r6, .L35
 235 005a E268     		ldr	r2, [r4, #12]
ARM GAS  /var/folders/lp/x54gwt890xv47sdkqj1k04q40000gn/T//ccCM6tS8.s 			page 5


 236 005c 06F10053 		add	r3, r6, #536870912
 237 0060 013B     		subs	r3, r3, #1
 238 0062 02EBC303 		add	r3, r2, r3, lsl #3
 239 0066 D979     		ldrb	r1, [r3, #7]	@ zero_extendqisi2
 240 0068 11F0030F 		tst	r1, #3
 241 006c 08D1     		bne	.L35
 242 006e 02EBC602 		add	r2, r2, r6, lsl #3
 243 0072 93E80300 		ldm	r3, {r0, r1}
 244 0076 82E80300 		stm	r2, {r0, r1}
 245 007a 013E     		subs	r6, r6, #1
 246 007c ECE7     		b	.L34
 247              	.L33:
 248 007e FEE7     		b	.L33
 249              	.L35:
 250 0080 E068     		ldr	r0, [r4, #12]
 251 0082 F700     		lsls	r7, r6, #3
 252 0084 0821     		movs	r1, #8
 253 0086 00EBC600 		add	r0, r0, r6, lsl #3
 254 008a FFF7FEFF 		bl	lv_memset_00
 255 008e D4F80C80 		ldr	r8, [r4, #12]
 256 0092 0820     		movs	r0, #8
 257 0094 FFF7FEFF 		bl	lv_mem_alloc
 258 0098 48F83600 		str	r0, [r8, r6, lsl #3]
 259 009c E368     		ldr	r3, [r4, #12]
 260 009e 53F83600 		ldr	r0, [r3, r6, lsl #3]
 261 00a2 FFF7FEFF 		bl	lv_style_init
 262 00a6 E368     		ldr	r3, [r4, #12]
 263 00a8 3B44     		add	r3, r3, r7
 264 00aa DA79     		ldrb	r2, [r3, #7]	@ zero_extendqisi2
 265 00ac 42F00102 		orr	r2, r2, #1
 266 00b0 DA71     		strb	r2, [r3, #7]
 267 00b2 E368     		ldr	r3, [r4, #12]
 268 00b4 3B44     		add	r3, r3, r7
 269 00b6 5A68     		ldr	r2, [r3, #4]
 270 00b8 65F31702 		bfi	r2, r5, #0, #24
 271 00bc 5A60     		str	r2, [r3, #4]
 272 00be E368     		ldr	r3, [r4, #12]
 273 00c0 53F83600 		ldr	r0, [r3, r6, lsl #3]
 274              	.L27:
 275 00c4 BDE8F081 		pop	{r4, r5, r6, r7, r8, pc}
 277              		.section	.text.get_trans_style,"ax",%progbits
 278              		.align	1
 279              		.syntax unified
 280              		.thumb
 281              		.thumb_func
 283              	get_trans_style:
 284              		@ args = 0, pretend = 0, frame = 0
 285              		@ frame_needed = 0, uses_anonymous_args = 0
 286 0000 70B5     		push	{r4, r5, r6, lr}
 287 0002 0446     		mov	r4, r0
 288 0004 0D46     		mov	r5, r1
 289 0006 0021     		movs	r1, #0
 290 0008 00E0     		b	.L40
 291              	.L41:
 292 000a 0131     		adds	r1, r1, #1
 293              	.L40:
 294 000c 628C     		ldrh	r2, [r4, #34]
ARM GAS  /var/folders/lp/x54gwt890xv47sdkqj1k04q40000gn/T//ccCM6tS8.s 			page 6


 295 000e C2F30512 		ubfx	r2, r2, #4, #6
 296 0012 8A42     		cmp	r2, r1
 297 0014 0BD9     		bls	.L42
 298 0016 E368     		ldr	r3, [r4, #12]
 299 0018 03EBC103 		add	r3, r3, r1, lsl #3
 300 001c D879     		ldrb	r0, [r3, #7]	@ zero_extendqisi2
 301 001e 10F0020F 		tst	r0, #2
 302 0022 F2D0     		beq	.L41
 303 0024 5B68     		ldr	r3, [r3, #4]
 304 0026 C3F31703 		ubfx	r3, r3, #0, #24
 305 002a AB42     		cmp	r3, r5
 306 002c EDD1     		bne	.L41
 307              	.L42:
 308 002e 8A42     		cmp	r2, r1
 309 0030 03D0     		beq	.L44
 310 0032 E068     		ldr	r0, [r4, #12]
 311 0034 00EBC100 		add	r0, r0, r1, lsl #3
 312              	.L39:
 313 0038 70BD     		pop	{r4, r5, r6, pc}
 314              	.L44:
 315 003a 0132     		adds	r2, r2, #1
 316 003c 02F03F02 		and	r2, r2, #63
 317 0040 638C     		ldrh	r3, [r4, #34]
 318 0042 62F30913 		bfi	r3, r2, #4, #6
 319 0046 6384     		strh	r3, [r4, #34]	@ movhi
 320 0048 D100     		lsls	r1, r2, #3
 321 004a E068     		ldr	r0, [r4, #12]
 322 004c FFF7FEFF 		bl	lv_mem_realloc
 323 0050 E060     		str	r0, [r4, #12]
 324 0052 668C     		ldrh	r6, [r4, #34]
 325 0054 C6F30516 		ubfx	r6, r6, #4, #6
 326 0058 013E     		subs	r6, r6, #1
 327 005a 0CE0     		b	.L46
 328              	.L47:
 329 005c E268     		ldr	r2, [r4, #12]
 330 005e 06F10053 		add	r3, r6, #536870912
 331 0062 013B     		subs	r3, r3, #1
 332 0064 02EBC303 		add	r3, r2, r3, lsl #3
 333 0068 02EBC602 		add	r2, r2, r6, lsl #3
 334 006c 93E80300 		ldm	r3, {r0, r1}
 335 0070 82E80300 		stm	r2, {r0, r1}
 336 0074 013E     		subs	r6, r6, #1
 337              	.L46:
 338 0076 002E     		cmp	r6, #0
 339 0078 F0D1     		bne	.L47
 340 007a 0821     		movs	r1, #8
 341 007c E068     		ldr	r0, [r4, #12]
 342 007e FFF7FEFF 		bl	lv_memset_00
 343 0082 E668     		ldr	r6, [r4, #12]
 344 0084 0820     		movs	r0, #8
 345 0086 FFF7FEFF 		bl	lv_mem_alloc
 346 008a 3060     		str	r0, [r6]
 347 008c E368     		ldr	r3, [r4, #12]
 348 008e 1868     		ldr	r0, [r3]
 349 0090 FFF7FEFF 		bl	lv_style_init
 350 0094 E268     		ldr	r2, [r4, #12]
 351 0096 D379     		ldrb	r3, [r2, #7]	@ zero_extendqisi2
ARM GAS  /var/folders/lp/x54gwt890xv47sdkqj1k04q40000gn/T//ccCM6tS8.s 			page 7


 352 0098 43F00203 		orr	r3, r3, #2
 353 009c D371     		strb	r3, [r2, #7]
 354 009e E368     		ldr	r3, [r4, #12]
 355 00a0 5A68     		ldr	r2, [r3, #4]
 356 00a2 65F31702 		bfi	r2, r5, #0, #24
 357 00a6 5A60     		str	r2, [r3, #4]
 358 00a8 E068     		ldr	r0, [r4, #12]
 359 00aa C5E7     		b	.L39
 361              		.section	.text.fade_anim_cb,"ax",%progbits
 362              		.align	1
 363              		.syntax unified
 364              		.thumb
 365              		.thumb_func
 367              	fade_anim_cb:
 368              		@ args = 0, pretend = 0, frame = 0
 369              		@ frame_needed = 0, uses_anonymous_args = 0
 370 0000 08B5     		push	{r3, lr}
 371 0002 0022     		movs	r2, #0
 372 0004 C9B2     		uxtb	r1, r1
 373 0006 FFF7FEFF 		bl	lv_obj_set_style_opa
 374 000a 08BD     		pop	{r3, pc}
 376              		.section	.text._lv_obj_style_init,"ax",%progbits
 377              		.align	1
 378              		.global	_lv_obj_style_init
 379              		.syntax unified
 380              		.thumb
 381              		.thumb_func
 383              	_lv_obj_style_init:
 384              		@ args = 0, pretend = 0, frame = 0
 385              		@ frame_needed = 0, uses_anonymous_args = 0
 386 0000 08B5     		push	{r3, lr}
 387 0002 1421     		movs	r1, #20
 388 0004 0148     		ldr	r0, .L53
 389 0006 FFF7FEFF 		bl	_lv_ll_init
 390 000a 08BD     		pop	{r3, pc}
 391              	.L54:
 392              		.align	2
 393              	.L53:
 394 000c 00000000 		.word	_lv_obj_style_trans_ll
 396              		.section	.text.lv_obj_enable_style_refresh,"ax",%progbits
 397              		.align	1
 398              		.global	lv_obj_enable_style_refresh
 399              		.syntax unified
 400              		.thumb
 401              		.thumb_func
 403              	lv_obj_enable_style_refresh:
 404              		@ args = 0, pretend = 0, frame = 0
 405              		@ frame_needed = 0, uses_anonymous_args = 0
 406              		@ link register save eliminated.
 407 0000 014B     		ldr	r3, .L56
 408 0002 1870     		strb	r0, [r3]
 409 0004 7047     		bx	lr
 410              	.L57:
 411 0006 00BF     		.align	2
 412              	.L56:
 413 0008 00000000 		.word	style_refr
 415              		.section	.text.lv_obj_get_local_style_prop,"ax",%progbits
ARM GAS  /var/folders/lp/x54gwt890xv47sdkqj1k04q40000gn/T//ccCM6tS8.s 			page 8


 416              		.align	1
 417              		.global	lv_obj_get_local_style_prop
 418              		.syntax unified
 419              		.thumb
 420              		.thumb_func
 422              	lv_obj_get_local_style_prop:
 423              		@ args = 0, pretend = 0, frame = 0
 424              		@ frame_needed = 0, uses_anonymous_args = 0
 425 0000 70B5     		push	{r4, r5, r6, lr}
 426 0002 4FF0000C 		mov	ip, #0
 427 0006 01E0     		b	.L59
 428              	.L60:
 429 0008 0CF1010C 		add	ip, ip, #1
 430              	.L59:
 431 000c B0F822E0 		ldrh	lr, [r0, #34]
 432 0010 CEF3051E 		ubfx	lr, lr, #4, #6
 433 0014 E645     		cmp	lr, ip
 434 0016 13D9     		bls	.L64
 435 0018 C468     		ldr	r4, [r0, #12]
 436 001a 4FEACC06 		lsl	r6, ip, #3
 437 001e 04EBCC0E 		add	lr, r4, ip, lsl #3
 438 0022 9EF80750 		ldrb	r5, [lr, #7]	@ zero_extendqisi2
 439 0026 15F0010F 		tst	r5, #1
 440 002a EDD0     		beq	.L60
 441 002c DEF80450 		ldr	r5, [lr, #4]
 442 0030 C5F31705 		ubfx	r5, r5, #0, #24
 443 0034 9D42     		cmp	r5, r3
 444 0036 E7D1     		bne	.L60
 445 0038 A059     		ldr	r0, [r4, r6]
 446 003a FFF7FEFF 		bl	lv_style_get_prop
 447 003e 00E0     		b	.L61
 448              	.L64:
 449 0040 0020     		movs	r0, #0
 450              	.L61:
 451 0042 70BD     		pop	{r4, r5, r6, pc}
 453              		.section	.text.lv_obj_fade_in,"ax",%progbits
 454              		.align	1
 455              		.global	lv_obj_fade_in
 456              		.syntax unified
 457              		.thumb
 458              		.thumb_func
 460              	lv_obj_fade_in:
 461              		@ args = 0, pretend = 0, frame = 72
 462              		@ frame_needed = 0, uses_anonymous_args = 0
 463 0000 70B5     		push	{r4, r5, r6, lr}
 464 0002 92B0     		sub	sp, sp, #72
 465 0004 0646     		mov	r6, r0
 466 0006 0D46     		mov	r5, r1
 467 0008 1446     		mov	r4, r2
 468 000a 01A8     		add	r0, sp, #4
 469 000c FFF7FEFF 		bl	lv_anim_init
 470 0010 0196     		str	r6, [sp, #4]
 471 0012 0023     		movs	r3, #0
 472 0014 0993     		str	r3, [sp, #36]
 473 0016 0A93     		str	r3, [sp, #40]
 474 0018 FF23     		movs	r3, #255
 475 001a 0B93     		str	r3, [sp, #44]
ARM GAS  /var/folders/lp/x54gwt890xv47sdkqj1k04q40000gn/T//ccCM6tS8.s 			page 9


 476 001c 054B     		ldr	r3, .L67
 477 001e 0293     		str	r3, [sp, #8]
 478 0020 054B     		ldr	r3, .L67+4
 479 0022 0493     		str	r3, [sp, #16]
 480 0024 0C95     		str	r5, [sp, #48]
 481 0026 6442     		rsbs	r4, r4, #0
 482 0028 0D94     		str	r4, [sp, #52]
 483 002a 01A8     		add	r0, sp, #4
 484 002c FFF7FEFF 		bl	lv_anim_start
 485 0030 12B0     		add	sp, sp, #72
 486              		@ sp needed
 487 0032 70BD     		pop	{r4, r5, r6, pc}
 488              	.L68:
 489              		.align	2
 490              	.L67:
 491 0034 00000000 		.word	fade_anim_cb
 492 0038 00000000 		.word	fade_in_anim_ready
 494              		.section	.text.lv_obj_style_get_selector_state,"ax",%progbits
 495              		.align	1
 496              		.global	lv_obj_style_get_selector_state
 497              		.syntax unified
 498              		.thumb
 499              		.thumb_func
 501              	lv_obj_style_get_selector_state:
 502              		@ args = 0, pretend = 0, frame = 0
 503              		@ frame_needed = 0, uses_anonymous_args = 0
 504              		@ link register save eliminated.
 505 0000 80B2     		uxth	r0, r0
 506 0002 7047     		bx	lr
 508              		.section	.text._lv_obj_style_state_compare,"ax",%progbits
 509              		.align	1
 510              		.global	_lv_obj_style_state_compare
 511              		.syntax unified
 512              		.thumb
 513              		.thumb_func
 515              	_lv_obj_style_state_compare:
 516              		@ args = 0, pretend = 0, frame = 8
 517              		@ frame_needed = 0, uses_anonymous_args = 0
 518 0000 2DE9F047 		push	{r4, r5, r6, r7, r8, r9, r10, lr}
 519 0004 82B0     		sub	sp, sp, #8
 520 0006 0646     		mov	r6, r0
 521 0008 8846     		mov	r8, r1
 522 000a 1746     		mov	r7, r2
 523 000c 0025     		movs	r5, #0
 524 000e A946     		mov	r9, r5
 525 0010 10E0     		b	.L71
 526              	.L73:
 527 0012 4FF00309 		mov	r9, #3
 528              	.L76:
 529 0016 4846     		mov	r0, r9
 530 0018 02B0     		add	sp, sp, #8
 531              		@ sp needed
 532 001a BDE8F087 		pop	{r4, r5, r6, r7, r8, r9, r10, pc}
 533              	.L95:
 534 001e 01AA     		add	r2, sp, #4
 535 0020 6A21     		movs	r1, #106
 536 0022 2046     		mov	r0, r4
ARM GAS  /var/folders/lp/x54gwt890xv47sdkqj1k04q40000gn/T//ccCM6tS8.s 			page 10


 537 0024 FFF7FEFF 		bl	lv_style_get_prop
 538 0028 0028     		cmp	r0, #0
 539 002a 00F0B380 		beq	.L94
 540 002e 4FF00209 		mov	r9, #2
 541              	.L72:
 542 0032 0135     		adds	r5, r5, #1
 543              	.L71:
 544 0034 738C     		ldrh	r3, [r6, #34]
 545 0036 C3F30513 		ubfx	r3, r3, #4, #6
 546 003a AB42     		cmp	r3, r5
 547 003c EBD9     		bls	.L76
 548 003e F468     		ldr	r4, [r6, #12]
 549 0040 4FEAC50A 		lsl	r10, r5, #3
 550 0044 04EBC503 		add	r3, r4, r5, lsl #3
 551 0048 DA79     		ldrb	r2, [r3, #7]	@ zero_extendqisi2
 552 004a 12F0020F 		tst	r2, #2
 553 004e F0D1     		bne	.L72
 554 0050 5868     		ldr	r0, [r3, #4]
 555 0052 20F07F40 		bic	r0, r0, #-16777216
 556 0056 FFF7FEFF 		bl	lv_obj_style_get_selector_state
 557 005a 30EA0803 		bics	r3, r0, r8
 558 005e 0CBF     		ite	eq
 559 0060 0122     		moveq	r2, #1
 560 0062 0022     		movne	r2, #0
 561 0064 B843     		bics	r0, r0, r7
 562 0066 0CBF     		ite	eq
 563 0068 0123     		moveq	r3, #1
 564 006a 0023     		movne	r3, #0
 565 006c 9A42     		cmp	r2, r3
 566 006e E0D0     		beq	.L72
 567 0070 54F80A40 		ldr	r4, [r4, r10]
 568 0074 01AA     		add	r2, sp, #4
 569 0076 1021     		movs	r1, #16
 570 0078 2046     		mov	r0, r4
 571 007a FFF7FEFF 		bl	lv_style_get_prop
 572 007e 0028     		cmp	r0, #0
 573 0080 C7D1     		bne	.L73
 574 0082 01AA     		add	r2, sp, #4
 575 0084 1121     		movs	r1, #17
 576 0086 2046     		mov	r0, r4
 577 0088 FFF7FEFF 		bl	lv_style_get_prop
 578 008c 0028     		cmp	r0, #0
 579 008e C0D1     		bne	.L73
 580 0090 01AA     		add	r2, sp, #4
 581 0092 1221     		movs	r1, #18
 582 0094 2046     		mov	r0, r4
 583 0096 FFF7FEFF 		bl	lv_style_get_prop
 584 009a 0028     		cmp	r0, #0
 585 009c B9D1     		bne	.L73
 586 009e 01AA     		add	r2, sp, #4
 587 00a0 1321     		movs	r1, #19
 588 00a2 2046     		mov	r0, r4
 589 00a4 FFF7FEFF 		bl	lv_style_get_prop
 590 00a8 0028     		cmp	r0, #0
 591 00aa B2D1     		bne	.L73
 592 00ac 01AA     		add	r2, sp, #4
 593 00ae 1521     		movs	r1, #21
ARM GAS  /var/folders/lp/x54gwt890xv47sdkqj1k04q40000gn/T//ccCM6tS8.s 			page 11


 594 00b0 2046     		mov	r0, r4
 595 00b2 FFF7FEFF 		bl	lv_style_get_prop
 596 00b6 0028     		cmp	r0, #0
 597 00b8 ABD1     		bne	.L73
 598 00ba 01AA     		add	r2, sp, #4
 599 00bc 1421     		movs	r1, #20
 600 00be 2046     		mov	r0, r4
 601 00c0 FFF7FEFF 		bl	lv_style_get_prop
 602 00c4 0028     		cmp	r0, #0
 603 00c6 A4D1     		bne	.L73
 604 00c8 01AA     		add	r2, sp, #4
 605 00ca 0A21     		movs	r1, #10
 606 00cc 2046     		mov	r0, r4
 607 00ce FFF7FEFF 		bl	lv_style_get_prop
 608 00d2 0028     		cmp	r0, #0
 609 00d4 9DD1     		bne	.L73
 610 00d6 01AA     		add	r2, sp, #4
 611 00d8 6B21     		movs	r1, #107
 612 00da 2046     		mov	r0, r4
 613 00dc FFF7FEFF 		bl	lv_style_get_prop
 614 00e0 0028     		cmp	r0, #0
 615 00e2 96D1     		bne	.L73
 616 00e4 01AA     		add	r2, sp, #4
 617 00e6 6C21     		movs	r1, #108
 618 00e8 2046     		mov	r0, r4
 619 00ea FFF7FEFF 		bl	lv_style_get_prop
 620 00ee 0028     		cmp	r0, #0
 621 00f0 8FD1     		bne	.L73
 622 00f2 01AA     		add	r2, sp, #4
 623 00f4 0121     		movs	r1, #1
 624 00f6 2046     		mov	r0, r4
 625 00f8 FFF7FEFF 		bl	lv_style_get_prop
 626 00fc 0028     		cmp	r0, #0
 627 00fe 88D1     		bne	.L73
 628 0100 01AA     		add	r2, sp, #4
 629 0102 0421     		movs	r1, #4
 630 0104 2046     		mov	r0, r4
 631 0106 FFF7FEFF 		bl	lv_style_get_prop
 632 010a 0028     		cmp	r0, #0
 633 010c 81D1     		bne	.L73
 634 010e 01AA     		add	r2, sp, #4
 635 0110 0221     		movs	r1, #2
 636 0112 2046     		mov	r0, r4
 637 0114 FFF7FEFF 		bl	lv_style_get_prop
 638 0118 0028     		cmp	r0, #0
 639 011a 7FF47AAF 		bne	.L73
 640 011e 01AA     		add	r2, sp, #4
 641 0120 0321     		movs	r1, #3
 642 0122 2046     		mov	r0, r4
 643 0124 FFF7FEFF 		bl	lv_style_get_prop
 644 0128 0028     		cmp	r0, #0
 645 012a 7FF472AF 		bne	.L73
 646 012e 01AA     		add	r2, sp, #4
 647 0130 0521     		movs	r1, #5
 648 0132 2046     		mov	r0, r4
 649 0134 FFF7FEFF 		bl	lv_style_get_prop
 650 0138 0028     		cmp	r0, #0
ARM GAS  /var/folders/lp/x54gwt890xv47sdkqj1k04q40000gn/T//ccCM6tS8.s 			page 12


 651 013a 7FF46AAF 		bne	.L73
 652 013e 01AA     		add	r2, sp, #4
 653 0140 0621     		movs	r1, #6
 654 0142 2046     		mov	r0, r4
 655 0144 FFF7FEFF 		bl	lv_style_get_prop
 656 0148 0028     		cmp	r0, #0
 657 014a 7FF462AF 		bne	.L73
 658 014e 01AA     		add	r2, sp, #4
 659 0150 3221     		movs	r1, #50
 660 0152 2046     		mov	r0, r4
 661 0154 FFF7FEFF 		bl	lv_style_get_prop
 662 0158 0028     		cmp	r0, #0
 663 015a 7FF45AAF 		bne	.L73
 664 015e 01AA     		add	r2, sp, #4
 665 0160 6E21     		movs	r1, #110
 666 0162 2046     		mov	r0, r4
 667 0164 FFF7FEFF 		bl	lv_style_get_prop
 668 0168 0028     		cmp	r0, #0
 669 016a 7FF452AF 		bne	.L73
 670 016e 01AA     		add	r2, sp, #4
 671 0170 6D21     		movs	r1, #109
 672 0172 2046     		mov	r0, r4
 673 0174 FFF7FEFF 		bl	lv_style_get_prop
 674 0178 0028     		cmp	r0, #0
 675 017a 7FF44AAF 		bne	.L73
 676 017e 01AA     		add	r2, sp, #4
 677 0180 6921     		movs	r1, #105
 678 0182 2046     		mov	r0, r4
 679 0184 FFF7FEFF 		bl	lv_style_get_prop
 680 0188 0028     		cmp	r0, #0
 681 018a 3FF448AF 		beq	.L95
 682 018e 4FF00209 		mov	r9, #2
 683 0192 4EE7     		b	.L72
 684              	.L94:
 685 0194 01AA     		add	r2, sp, #4
 686 0196 6E21     		movs	r1, #110
 687 0198 2046     		mov	r0, r4
 688 019a FFF7FEFF 		bl	lv_style_get_prop
 689 019e 10B1     		cbz	r0, .L96
 690 01a0 4FF00209 		mov	r9, #2
 691 01a4 45E7     		b	.L72
 692              	.L96:
 693 01a6 01AA     		add	r2, sp, #4
 694 01a8 6D21     		movs	r1, #109
 695 01aa 2046     		mov	r0, r4
 696 01ac FFF7FEFF 		bl	lv_style_get_prop
 697 01b0 10B1     		cbz	r0, .L97
 698 01b2 4FF00209 		mov	r9, #2
 699 01b6 3CE7     		b	.L72
 700              	.L97:
 701 01b8 01AA     		add	r2, sp, #4
 702 01ba 3721     		movs	r1, #55
 703 01bc 2046     		mov	r0, r4
 704 01be FFF7FEFF 		bl	lv_style_get_prop
 705 01c2 10B1     		cbz	r0, .L98
 706 01c4 4FF00209 		mov	r9, #2
 707 01c8 33E7     		b	.L72
ARM GAS  /var/folders/lp/x54gwt890xv47sdkqj1k04q40000gn/T//ccCM6tS8.s 			page 13


 708              	.L98:
 709 01ca 01AA     		add	r2, sp, #4
 710 01cc 3821     		movs	r1, #56
 711 01ce 2046     		mov	r0, r4
 712 01d0 FFF7FEFF 		bl	lv_style_get_prop
 713 01d4 10B1     		cbz	r0, .L99
 714 01d6 4FF00209 		mov	r9, #2
 715 01da 2AE7     		b	.L72
 716              	.L99:
 717 01dc 01AA     		add	r2, sp, #4
 718 01de 3521     		movs	r1, #53
 719 01e0 2046     		mov	r0, r4
 720 01e2 FFF7FEFF 		bl	lv_style_get_prop
 721 01e6 10B1     		cbz	r0, .L100
 722 01e8 4FF00209 		mov	r9, #2
 723 01ec 21E7     		b	.L72
 724              	.L100:
 725 01ee 01AA     		add	r2, sp, #4
 726 01f0 4021     		movs	r1, #64
 727 01f2 2046     		mov	r0, r4
 728 01f4 FFF7FEFF 		bl	lv_style_get_prop
 729 01f8 10B1     		cbz	r0, .L101
 730 01fa 4FF00209 		mov	r9, #2
 731 01fe 18E7     		b	.L72
 732              	.L101:
 733 0200 01AA     		add	r2, sp, #4
 734 0202 4521     		movs	r1, #69
 735 0204 2046     		mov	r0, r4
 736 0206 FFF7FEFF 		bl	lv_style_get_prop
 737 020a 10B1     		cbz	r0, .L102
 738 020c 4FF00209 		mov	r9, #2
 739 0210 0FE7     		b	.L72
 740              	.L102:
 741 0212 01AA     		add	r2, sp, #4
 742 0214 4121     		movs	r1, #65
 743 0216 2046     		mov	r0, r4
 744 0218 FFF7FEFF 		bl	lv_style_get_prop
 745 021c 10B1     		cbz	r0, .L103
 746 021e 4FF00209 		mov	r9, #2
 747 0222 06E7     		b	.L72
 748              	.L103:
 749 0224 01AA     		add	r2, sp, #4
 750 0226 4221     		movs	r1, #66
 751 0228 2046     		mov	r0, r4
 752 022a FFF7FEFF 		bl	lv_style_get_prop
 753 022e 10B1     		cbz	r0, .L104
 754 0230 4FF00209 		mov	r9, #2
 755 0234 FDE6     		b	.L72
 756              	.L104:
 757 0236 01AA     		add	r2, sp, #4
 758 0238 4321     		movs	r1, #67
 759 023a 2046     		mov	r0, r4
 760 023c FFF7FEFF 		bl	lv_style_get_prop
 761 0240 10B1     		cbz	r0, .L105
 762 0242 4FF00209 		mov	r9, #2
 763 0246 F4E6     		b	.L72
 764              	.L105:
ARM GAS  /var/folders/lp/x54gwt890xv47sdkqj1k04q40000gn/T//ccCM6tS8.s 			page 14


 765 0248 01AA     		add	r2, sp, #4
 766 024a 4921     		movs	r1, #73
 767 024c 2046     		mov	r0, r4
 768 024e FFF7FEFF 		bl	lv_style_get_prop
 769 0252 30B9     		cbnz	r0, .L90
 770 0254 B9F1000F 		cmp	r9, #0
 771 0258 7FF4EBAE 		bne	.L72
 772 025c 4FF00109 		mov	r9, #1
 773 0260 E7E6     		b	.L72
 774              	.L90:
 775 0262 4FF00209 		mov	r9, #2
 776 0266 E4E6     		b	.L72
 778              		.section	.text.lv_obj_style_get_selector_part,"ax",%progbits
 779              		.align	1
 780              		.global	lv_obj_style_get_selector_part
 781              		.syntax unified
 782              		.thumb
 783              		.thumb_func
 785              	lv_obj_style_get_selector_part:
 786              		@ args = 0, pretend = 0, frame = 0
 787              		@ frame_needed = 0, uses_anonymous_args = 0
 788              		@ link register save eliminated.
 789 0000 00F47F00 		and	r0, r0, #16711680
 790 0004 7047     		bx	lr
 792              		.section	.text.get_prop_core,"ax",%progbits
 793              		.align	1
 794              		.syntax unified
 795              		.thumb
 796              		.thumb_func
 798              	get_prop_core:
 799              		@ args = 0, pretend = 0, frame = 24
 800              		@ frame_needed = 0, uses_anonymous_args = 0
 801 0000 2DE9F04F 		push	{r4, r5, r6, r7, r8, r9, r10, fp, lr}
 802 0004 87B0     		sub	sp, sp, #28
 803 0006 0546     		mov	r5, r0
 804 0008 8A46     		mov	r10, r1
 805 000a 0192     		str	r2, [sp, #4]
 806 000c 0293     		str	r3, [sp, #8]
 807 000e 1046     		mov	r0, r2
 808 0010 FFF7FEFF 		bl	_lv_style_get_prop_group
 809 0014 4FF00109 		mov	r9, #1
 810 0018 09FA00F9 		lsl	r9, r9, r0
 811 001c 5FFA89F9 		uxtb	r9, r9
 812 0020 2B8C     		ldrh	r3, [r5, #32]
 813 0022 0393     		str	r3, [sp, #12]
 814 0024 6FEA030B 		mvn	fp, r3
 815 0028 1FFA8BFB 		uxth	fp, fp
 816 002c 95F82280 		ldrb	r8, [r5, #34]	@ zero_extendqisi2
 817 0030 C8F3C008 		ubfx	r8, r8, #3, #1
 818 0034 0024     		movs	r4, #0
 819 0036 04E0     		b	.L108
 820              	.L125:
 821 0038 059B     		ldr	r3, [sp, #20]
 822 003a 029A     		ldr	r2, [sp, #8]
 823 003c 1360     		str	r3, [r2]
 824 003e 6FE0     		b	.L112
 825              	.L110:
ARM GAS  /var/folders/lp/x54gwt890xv47sdkqj1k04q40000gn/T//ccCM6tS8.s 			page 15


 826 0040 0134     		adds	r4, r4, #1
 827              	.L108:
 828 0042 6B8C     		ldrh	r3, [r5, #34]
 829 0044 C3F30513 		ubfx	r3, r3, #4, #6
 830 0048 A342     		cmp	r3, r4
 831 004a 1FD9     		bls	.L124
 832 004c EE68     		ldr	r6, [r5, #12]
 833 004e E700     		lsls	r7, r4, #3
 834 0050 06EBC403 		add	r3, r6, r4, lsl #3
 835 0054 DA79     		ldrb	r2, [r3, #7]	@ zero_extendqisi2
 836 0056 12F0020F 		tst	r2, #2
 837 005a 55D0     		beq	.L119
 838 005c B8F1000F 		cmp	r8, #0
 839 0060 EED1     		bne	.L110
 840 0062 5868     		ldr	r0, [r3, #4]
 841 0064 20F07F40 		bic	r0, r0, #-16777216
 842 0068 FFF7FEFF 		bl	lv_obj_style_get_selector_part
 843 006c 5045     		cmp	r0, r10
 844 006e E7D1     		bne	.L110
 845 0070 F059     		ldr	r0, [r6, r7]
 846 0072 8379     		ldrb	r3, [r0, #6]	@ zero_extendqisi2
 847 0074 13EA090F 		tst	r3, r9
 848 0078 E2D0     		beq	.L110
 849 007a 05AA     		add	r2, sp, #20
 850 007c 0199     		ldr	r1, [sp, #4]
 851 007e FFF7FEFF 		bl	lv_style_get_prop
 852 0082 0128     		cmp	r0, #1
 853 0084 D8D0     		beq	.L125
 854 0086 0228     		cmp	r0, #2
 855 0088 DAD1     		bne	.L110
 856 008a 49E0     		b	.L112
 857              	.L124:
 858 008c 4FF0FF33 		mov	r3, #-1
 859 0090 0093     		str	r3, [sp]
 860 0092 A846     		mov	r8, r5
 861 0094 07E0     		b	.L117
 862              	.L128:
 863 0096 039B     		ldr	r3, [sp, #12]
 864 0098 B342     		cmp	r3, r6
 865 009a 31D0     		beq	.L126
 866 009c 059B     		ldr	r3, [sp, #20]
 867 009e 029A     		ldr	r2, [sp, #8]
 868 00a0 1360     		str	r3, [r2]
 869 00a2 0096     		str	r6, [sp]
 870              	.L114:
 871 00a4 0134     		adds	r4, r4, #1
 872              	.L117:
 873 00a6 B8F82230 		ldrh	r3, [r8, #34]
 874 00aa C3F30513 		ubfx	r3, r3, #4, #6
 875 00ae A342     		cmp	r3, r4
 876 00b0 2FD9     		bls	.L127
 877 00b2 D8F80C30 		ldr	r3, [r8, #12]
 878 00b6 03EBC402 		add	r2, r3, r4, lsl #3
 879 00ba 53F83450 		ldr	r5, [r3, r4, lsl #3]
 880 00be AB79     		ldrb	r3, [r5, #6]	@ zero_extendqisi2
 881 00c0 13EA090F 		tst	r3, r9
 882 00c4 EED0     		beq	.L114
ARM GAS  /var/folders/lp/x54gwt890xv47sdkqj1k04q40000gn/T//ccCM6tS8.s 			page 16


 883 00c6 5668     		ldr	r6, [r2, #4]
 884 00c8 C6F31706 		ubfx	r6, r6, #0, #24
 885 00cc 3046     		mov	r0, r6
 886 00ce FFF7FEFF 		bl	lv_obj_style_get_selector_part
 887 00d2 0746     		mov	r7, r0
 888 00d4 3046     		mov	r0, r6
 889 00d6 FFF7FEFF 		bl	lv_obj_style_get_selector_state
 890 00da 0646     		mov	r6, r0
 891 00dc BA45     		cmp	r10, r7
 892 00de E1D1     		bne	.L114
 893 00e0 1BEA000F 		tst	fp, r0
 894 00e4 DED1     		bne	.L114
 895 00e6 009B     		ldr	r3, [sp]
 896 00e8 9842     		cmp	r0, r3
 897 00ea DBDD     		ble	.L114
 898 00ec 05AA     		add	r2, sp, #20
 899 00ee 0199     		ldr	r1, [sp, #4]
 900 00f0 2846     		mov	r0, r5
 901 00f2 FFF7FEFF 		bl	lv_style_get_prop
 902 00f6 0128     		cmp	r0, #1
 903 00f8 CDD0     		beq	.L128
 904 00fa 0228     		cmp	r0, #2
 905 00fc D2D1     		bne	.L114
 906 00fe 0FE0     		b	.L112
 907              	.L126:
 908 0100 059B     		ldr	r3, [sp, #20]
 909 0102 029A     		ldr	r2, [sp, #8]
 910 0104 1360     		str	r3, [r2]
 911 0106 0BE0     		b	.L112
 912              	.L119:
 913 0108 4FF0FF33 		mov	r3, #-1
 914 010c 0093     		str	r3, [sp]
 915 010e A846     		mov	r8, r5
 916 0110 C9E7     		b	.L117
 917              	.L127:
 918 0112 009B     		ldr	r3, [sp]
 919 0114 002B     		cmp	r3, #0
 920 0116 06DB     		blt	.L120
 921 0118 059B     		ldr	r3, [sp, #20]
 922 011a 029A     		ldr	r2, [sp, #8]
 923 011c 1360     		str	r3, [r2]
 924 011e 0120     		movs	r0, #1
 925              	.L112:
 926 0120 07B0     		add	sp, sp, #28
 927              		@ sp needed
 928 0122 BDE8F08F 		pop	{r4, r5, r6, r7, r8, r9, r10, fp, pc}
 929              	.L120:
 930 0126 0020     		movs	r0, #0
 931 0128 FAE7     		b	.L112
 933              		.section	.text.lv_obj_get_style_prop,"ax",%progbits
 934              		.align	1
 935              		.global	lv_obj_get_style_prop
 936              		.syntax unified
 937              		.thumb
 938              		.thumb_func
 940              	lv_obj_get_style_prop:
 941              		@ args = 0, pretend = 0, frame = 8
ARM GAS  /var/folders/lp/x54gwt890xv47sdkqj1k04q40000gn/T//ccCM6tS8.s 			page 17


 942              		@ frame_needed = 0, uses_anonymous_args = 0
 943 0000 2DE9F041 		push	{r4, r5, r6, r7, r8, lr}
 944 0004 82B0     		sub	sp, sp, #8
 945 0006 0546     		mov	r5, r0
 946 0008 0E46     		mov	r6, r1
 947 000a 1746     		mov	r7, r2
 948 000c 1046     		mov	r0, r2
 949 000e FFF7FEFF 		bl	_lv_style_prop_lookup_flags
 950 0012 00F00108 		and	r8, r0, #1
 951 0016 0024     		movs	r4, #0
 952 0018 03E0     		b	.L130
 953              	.L132:
 954 001a 2846     		mov	r0, r5
 955 001c FFF7FEFF 		bl	lv_obj_get_parent
 956 0020 0546     		mov	r5, r0
 957              	.L130:
 958 0022 8DB1     		cbz	r5, .L131
 959 0024 01AB     		add	r3, sp, #4
 960 0026 3A46     		mov	r2, r7
 961 0028 3146     		mov	r1, r6
 962 002a 2846     		mov	r0, r5
 963 002c FFF7FEFF 		bl	get_prop_core
 964 0030 0446     		mov	r4, r0
 965 0032 0128     		cmp	r0, #1
 966 0034 08D0     		beq	.L131
 967 0036 B8F1000F 		cmp	r8, #0
 968 003a 05D0     		beq	.L131
 969 003c 0228     		cmp	r0, #2
 970 003e ECD0     		beq	.L132
 971 0040 002E     		cmp	r6, #0
 972 0042 EAD0     		beq	.L132
 973 0044 0026     		movs	r6, #0
 974 0046 ECE7     		b	.L130
 975              	.L131:
 976 0048 012C     		cmp	r4, #1
 977 004a 08D0     		beq	.L135
 978 004c 1EB9     		cbnz	r6, .L136
 979 004e 012F     		cmp	r7, #1
 980 0050 09D0     		beq	.L137
 981 0052 042F     		cmp	r7, #4
 982 0054 07D0     		beq	.L137
 983              	.L136:
 984 0056 3846     		mov	r0, r7
 985 0058 FFF7FEFF 		bl	lv_style_prop_get_default
 986 005c 0190     		str	r0, [sp, #4]
 987              	.L135:
 988 005e 0198     		ldr	r0, [sp, #4]
 989 0060 02B0     		add	sp, sp, #8
 990              		@ sp needed
 991 0062 BDE8F081 		pop	{r4, r5, r6, r7, r8, pc}
 992              	.L137:
 993 0066 2B68     		ldr	r3, [r5]
 994 0068 03E0     		b	.L138
 995              	.L148:
 996 006a B3F91420 		ldrsh	r2, [r3, #20]
 997 006e 3AB9     		cbnz	r2, .L140
 998              	.L141:
ARM GAS  /var/folders/lp/x54gwt890xv47sdkqj1k04q40000gn/T//ccCM6tS8.s 			page 18


 999 0070 1B68     		ldr	r3, [r3]
 1000              	.L138:
 1001 0072 2BB1     		cbz	r3, .L140
 1002 0074 012F     		cmp	r7, #1
 1003 0076 F8D0     		beq	.L148
 1004 0078 B3F91620 		ldrsh	r2, [r3, #22]
 1005 007c 002A     		cmp	r2, #0
 1006 007e F7D0     		beq	.L141
 1007              	.L140:
 1008 0080 43B1     		cbz	r3, .L143
 1009 0082 012F     		cmp	r7, #1
 1010 0084 03D0     		beq	.L149
 1011 0086 B3F91630 		ldrsh	r3, [r3, #22]
 1012              	.L145:
 1013 008a 0193     		str	r3, [sp, #4]
 1014 008c E7E7     		b	.L135
 1015              	.L149:
 1016 008e B3F91430 		ldrsh	r3, [r3, #20]
 1017 0092 FAE7     		b	.L145
 1018              	.L143:
 1019 0094 0023     		movs	r3, #0
 1020 0096 0193     		str	r3, [sp, #4]
 1021 0098 E1E7     		b	.L135
 1023              		.section	.text.calculate_layer_type,"ax",%progbits
 1024              		.align	1
 1025              		.syntax unified
 1026              		.thumb
 1027              		.thumb_func
 1029              	calculate_layer_type:
 1030              		@ args = 0, pretend = 0, frame = 0
 1031              		@ frame_needed = 0, uses_anonymous_args = 0
 1032 0000 10B5     		push	{r4, lr}
 1033 0002 0446     		mov	r4, r0
 1034 0004 6E22     		movs	r2, #110
 1035 0006 0021     		movs	r1, #0
 1036 0008 FFF7FEFF 		bl	lv_obj_get_style_prop
 1037 000c 00B2     		sxth	r0, r0
 1038 000e F0B9     		cbnz	r0, .L152
 1039 0010 6D22     		movs	r2, #109
 1040 0012 0021     		movs	r1, #0
 1041 0014 2046     		mov	r0, r4
 1042 0016 FFF7FEFF 		bl	lv_obj_get_style_prop
 1043 001a 00B2     		sxth	r0, r0
 1044 001c B0F5807F 		cmp	r0, #256
 1045 0020 01D0     		beq	.L157
 1046 0022 0220     		movs	r0, #2
 1047 0024 14E0     		b	.L151
 1048              	.L157:
 1049 0026 6122     		movs	r2, #97
 1050 0028 0021     		movs	r1, #0
 1051 002a 2046     		mov	r0, r4
 1052 002c FFF7FEFF 		bl	lv_obj_get_style_prop
 1053 0030 C0B2     		uxtb	r0, r0
 1054 0032 FF28     		cmp	r0, #255
 1055 0034 01D0     		beq	.L158
 1056 0036 0120     		movs	r0, #1
 1057 0038 0AE0     		b	.L151
ARM GAS  /var/folders/lp/x54gwt890xv47sdkqj1k04q40000gn/T//ccCM6tS8.s 			page 19


 1058              	.L158:
 1059 003a 6822     		movs	r2, #104
 1060 003c 0021     		movs	r1, #0
 1061 003e 2046     		mov	r0, r4
 1062 0040 FFF7FEFF 		bl	lv_obj_get_style_prop
 1063 0044 10F0FF00 		ands	r0, r0, #255
 1064 0048 02D0     		beq	.L151
 1065 004a 0120     		movs	r0, #1
 1066 004c 00E0     		b	.L151
 1067              	.L152:
 1068 004e 0220     		movs	r0, #2
 1069              	.L151:
 1070 0050 10BD     		pop	{r4, pc}
 1072              		.section	.text._lv_obj_style_create_transition,"ax",%progbits
 1073              		.align	1
 1074              		.global	_lv_obj_style_create_transition
 1075              		.syntax unified
 1076              		.thumb
 1077              		.thumb_func
 1079              	_lv_obj_style_create_transition:
 1080              		@ args = 4, pretend = 0, frame = 72
 1081              		@ frame_needed = 0, uses_anonymous_args = 0
 1082 0000 2DE9F04F 		push	{r4, r5, r6, r7, r8, r9, r10, fp, lr}
 1083 0004 93B0     		sub	sp, sp, #76
 1084 0006 0446     		mov	r4, r0
 1085 0008 0F46     		mov	r7, r1
 1086 000a 9246     		mov	r10, r2
 1087 000c 9946     		mov	r9, r3
 1088 000e 1C9E     		ldr	r6, [sp, #112]
 1089 0010 90F82230 		ldrb	r3, [r0, #34]	@ zero_extendqisi2
 1090 0014 43F00803 		orr	r3, r3, #8
 1091 0018 80F82230 		strb	r3, [r0, #34]
 1092 001c 0284     		strh	r2, [r0, #32]	@ movhi
 1093 001e 3289     		ldrh	r2, [r6, #8]
 1094 0020 FFF7FEFF 		bl	lv_obj_get_style_prop
 1095 0024 0546     		mov	r5, r0
 1096 0026 A4F82090 		strh	r9, [r4, #32]	@ movhi
 1097 002a 3289     		ldrh	r2, [r6, #8]
 1098 002c 3946     		mov	r1, r7
 1099 002e 2046     		mov	r0, r4
 1100 0030 FFF7FEFF 		bl	lv_obj_get_style_prop
 1101 0034 8046     		mov	r8, r0
 1102 0036 94F82230 		ldrb	r3, [r4, #34]	@ zero_extendqisi2
 1103 003a 23F00803 		bic	r3, r3, #8
 1104 003e 84F82230 		strb	r3, [r4, #34]
 1105 0042 8346     		mov	fp, r0
 1106 0044 8542     		cmp	r5, r0
 1107 0046 47D0     		beq	.L172
 1108              	.L160:
 1109 0048 A4F820A0 		strh	r10, [r4, #32]	@ movhi
 1110 004c 3289     		ldrh	r2, [r6, #8]
 1111 004e 3946     		mov	r1, r7
 1112 0050 2046     		mov	r0, r4
 1113 0052 FFF7FEFF 		bl	lv_obj_get_style_prop
 1114 0056 0546     		mov	r5, r0
 1115 0058 A4F82090 		strh	r9, [r4, #32]	@ movhi
 1116 005c 3946     		mov	r1, r7
ARM GAS  /var/folders/lp/x54gwt890xv47sdkqj1k04q40000gn/T//ccCM6tS8.s 			page 20


 1117 005e 2046     		mov	r0, r4
 1118 0060 FFF7FEFF 		bl	get_trans_style
 1119 0064 2A46     		mov	r2, r5
 1120 0066 3189     		ldrh	r1, [r6, #8]
 1121 0068 0068     		ldr	r0, [r0]
 1122 006a FFF7FEFF 		bl	lv_style_set_prop
 1123 006e 3389     		ldrh	r3, [r6, #8]
 1124 0070 0B2B     		cmp	r3, #11
 1125 0072 33D0     		beq	.L173
 1126              	.L162:
 1127 0074 3048     		ldr	r0, .L175
 1128 0076 FFF7FEFF 		bl	_lv_ll_ins_head
 1129 007a 8146     		mov	r9, r0
 1130 007c 0028     		cmp	r0, #0
 1131 007e 59D0     		beq	.L170
 1132 0080 C560     		str	r5, [r0, #12]
 1133 0082 C0F81080 		str	r8, [r0, #16]
 1134 0086 0460     		str	r4, [r0]
 1135 0088 3389     		ldrh	r3, [r6, #8]
 1136 008a 8380     		strh	r3, [r0, #4]	@ movhi
 1137 008c 8760     		str	r7, [r0, #8]
 1138 008e 01A8     		add	r0, sp, #4
 1139 0090 FFF7FEFF 		bl	lv_anim_init
 1140 0094 CDF80490 		str	r9, [sp, #4]
 1141 0098 284B     		ldr	r3, .L175+4
 1142 009a 0293     		str	r3, [sp, #8]
 1143 009c 284B     		ldr	r3, .L175+8
 1144 009e 0393     		str	r3, [sp, #12]
 1145 00a0 284B     		ldr	r3, .L175+12
 1146 00a2 0493     		str	r3, [sp, #16]
 1147 00a4 0023     		movs	r3, #0
 1148 00a6 0993     		str	r3, [sp, #36]
 1149 00a8 0A93     		str	r3, [sp, #40]
 1150 00aa FF22     		movs	r2, #255
 1151 00ac 0B92     		str	r2, [sp, #44]
 1152 00ae 3288     		ldrh	r2, [r6]
 1153 00b0 0C92     		str	r2, [sp, #48]
 1154 00b2 7288     		ldrh	r2, [r6, #2]
 1155 00b4 5242     		rsbs	r2, r2, #0
 1156 00b6 0D92     		str	r2, [sp, #52]
 1157 00b8 F268     		ldr	r2, [r6, #12]
 1158 00ba 0892     		str	r2, [sp, #32]
 1159 00bc 9DF84620 		ldrb	r2, [sp, #70]	@ zero_extendqisi2
 1160 00c0 63F30002 		bfi	r2, r3, #0, #1
 1161 00c4 8DF84620 		strb	r2, [sp, #70]
 1162 00c8 3369     		ldr	r3, [r6, #16]
 1163 00ca 0793     		str	r3, [sp, #28]
 1164 00cc 01A8     		add	r0, sp, #4
 1165 00ce FFF7FEFF 		bl	lv_anim_start
 1166              	.L159:
 1167 00d2 13B0     		add	sp, sp, #76
 1168              		@ sp needed
 1169 00d4 BDE8F08F 		pop	{r4, r5, r6, r7, r8, r9, r10, fp, pc}
 1170              	.L172:
 1171 00d8 B6D1     		bne	.L160
 1172 00da FAE7     		b	.L159
 1173              	.L173:
ARM GAS  /var/folders/lp/x54gwt890xv47sdkqj1k04q40000gn/T//ccCM6tS8.s 			page 21


 1174 00dc AA46     		mov	r10, r5
 1175 00de 47F6FF73 		movw	r3, #32767
 1176 00e2 9D42     		cmp	r5, r3
 1177 00e4 01D0     		beq	.L163
 1178 00e6 9B45     		cmp	fp, r3
 1179 00e8 C4D1     		bne	.L162
 1180              	.L163:
 1181 00ea 2046     		mov	r0, r4
 1182 00ec FFF7FEFF 		bl	lv_obj_get_width
 1183 00f0 00EBD070 		add	r0, r0, r0, lsr #31
 1184 00f4 40F34F09 		sbfx	r9, r0, #1, #16
 1185 00f8 2046     		mov	r0, r4
 1186 00fa FFF7FEFF 		bl	lv_obj_get_height
 1187 00fe 00EBD070 		add	r0, r0, r0, lsr #31
 1188 0102 40F34F03 		sbfx	r3, r0, #1, #16
 1189 0106 47F6FF72 		movw	r2, #32767
 1190 010a 9245     		cmp	r10, r2
 1191 010c 09D0     		beq	.L174
 1192              	.L164:
 1193 010e 47F6FF72 		movw	r2, #32767
 1194 0112 9345     		cmp	fp, r2
 1195 0114 AED1     		bne	.L162
 1196 0116 9945     		cmp	r9, r3
 1197 0118 0ADA     		bge	.L167
 1198 011a 09F10103 		add	r3, r9, #1
 1199              	.L168:
 1200 011e 9846     		mov	r8, r3
 1201 0120 A8E7     		b	.L162
 1202              	.L174:
 1203 0122 9945     		cmp	r9, r3
 1204 0124 02DA     		bge	.L165
 1205 0126 09F10105 		add	r5, r9, #1
 1206 012a F0E7     		b	.L164
 1207              	.L165:
 1208 012c 5D1C     		adds	r5, r3, #1
 1209 012e EEE7     		b	.L164
 1210              	.L167:
 1211 0130 0133     		adds	r3, r3, #1
 1212 0132 F4E7     		b	.L168
 1213              	.L170:
 1214 0134 FEE7     		b	.L170
 1215              	.L176:
 1216 0136 00BF     		.align	2
 1217              	.L175:
 1218 0138 00000000 		.word	_lv_obj_style_trans_ll
 1219 013c 00000000 		.word	trans_anim_cb
 1220 0140 00000000 		.word	trans_anim_start_cb
 1221 0144 00000000 		.word	trans_anim_ready_cb
 1223              		.section	.text._lv_obj_style_apply_color_filter,"ax",%progbits
 1224              		.align	1
 1225              		.global	_lv_obj_style_apply_color_filter
 1226              		.syntax unified
 1227              		.thumb
 1228              		.thumb_func
 1230              	_lv_obj_style_apply_color_filter:
 1231              		@ args = 0, pretend = 0, frame = 0
 1232              		@ frame_needed = 0, uses_anonymous_args = 0
ARM GAS  /var/folders/lp/x54gwt890xv47sdkqj1k04q40000gn/T//ccCM6tS8.s 			page 22


 1233 0000 F8B5     		push	{r3, r4, r5, r6, r7, lr}
 1234 0002 1446     		mov	r4, r2
 1235 0004 C0B1     		cbz	r0, .L182
 1236 0006 0D46     		mov	r5, r1
 1237 0008 0646     		mov	r6, r0
 1238 000a 6222     		movs	r2, #98
 1239 000c FFF7FEFF 		bl	lv_obj_get_style_prop
 1240 0010 0746     		mov	r7, r0
 1241 0012 78B1     		cbz	r0, .L180
 1242 0014 0368     		ldr	r3, [r0]
 1243 0016 6BB1     		cbz	r3, .L180
 1244 0018 6322     		movs	r2, #99
 1245 001a 2946     		mov	r1, r5
 1246 001c 3046     		mov	r0, r6
 1247 001e FFF7FEFF 		bl	lv_obj_get_style_prop
 1248 0022 10F0FF02 		ands	r2, r0, #255
 1249 0026 05D0     		beq	.L180
 1250 0028 3B68     		ldr	r3, [r7]
 1251 002a 2146     		mov	r1, r4	@ movhi
 1252 002c 3846     		mov	r0, r7
 1253 002e 9847     		blx	r3
 1254 0030 60F30F04 		bfi	r4, r0, #0, #16
 1255              	.L180:
 1256 0034 2046     		mov	r0, r4
 1257              	.L179:
 1258 0036 F8BD     		pop	{r3, r4, r5, r6, r7, pc}
 1259              	.L182:
 1260 0038 1046     		mov	r0, r2
 1261 003a FCE7     		b	.L179
 1263              		.section	.text.lv_obj_fade_out,"ax",%progbits
 1264              		.align	1
 1265              		.global	lv_obj_fade_out
 1266              		.syntax unified
 1267              		.thumb
 1268              		.thumb_func
 1270              	lv_obj_fade_out:
 1271              		@ args = 0, pretend = 0, frame = 72
 1272              		@ frame_needed = 0, uses_anonymous_args = 0
 1273 0000 70B5     		push	{r4, r5, r6, lr}
 1274 0002 92B0     		sub	sp, sp, #72
 1275 0004 0546     		mov	r5, r0
 1276 0006 0E46     		mov	r6, r1
 1277 0008 1446     		mov	r4, r2
 1278 000a 01A8     		add	r0, sp, #4
 1279 000c FFF7FEFF 		bl	lv_anim_init
 1280 0010 0195     		str	r5, [sp, #4]
 1281 0012 6022     		movs	r2, #96
 1282 0014 0021     		movs	r1, #0
 1283 0016 2846     		mov	r0, r5
 1284 0018 FFF7FEFF 		bl	lv_obj_get_style_prop
 1285 001c C0B2     		uxtb	r0, r0
 1286 001e 0990     		str	r0, [sp, #36]
 1287 0020 0A90     		str	r0, [sp, #40]
 1288 0022 0023     		movs	r3, #0
 1289 0024 0B93     		str	r3, [sp, #44]
 1290 0026 054B     		ldr	r3, .L185
 1291 0028 0293     		str	r3, [sp, #8]
ARM GAS  /var/folders/lp/x54gwt890xv47sdkqj1k04q40000gn/T//ccCM6tS8.s 			page 23


 1292 002a 0C96     		str	r6, [sp, #48]
 1293 002c 6442     		rsbs	r4, r4, #0
 1294 002e 0D94     		str	r4, [sp, #52]
 1295 0030 01A8     		add	r0, sp, #4
 1296 0032 FFF7FEFF 		bl	lv_anim_start
 1297 0036 12B0     		add	sp, sp, #72
 1298              		@ sp needed
 1299 0038 70BD     		pop	{r4, r5, r6, pc}
 1300              	.L186:
 1301 003a 00BF     		.align	2
 1302              	.L185:
 1303 003c 00000000 		.word	fade_anim_cb
 1305              		.section	.text.lv_obj_refresh_style,"ax",%progbits
 1306              		.align	1
 1307              		.global	lv_obj_refresh_style
 1308              		.syntax unified
 1309              		.thumb
 1310              		.thumb_func
 1312              	lv_obj_refresh_style:
 1313              		@ args = 0, pretend = 0, frame = 0
 1314              		@ frame_needed = 0, uses_anonymous_args = 0
 1315 0000 484B     		ldr	r3, .L208
 1316 0002 1B78     		ldrb	r3, [r3]	@ zero_extendqisi2
 1317 0004 03B9     		cbnz	r3, .L204
 1318 0006 7047     		bx	lr
 1319              	.L204:
 1320 0008 2DE9F047 		push	{r4, r5, r6, r7, r8, r9, r10, lr}
 1321 000c 0546     		mov	r5, r0
 1322 000e 0E46     		mov	r6, r1
 1323 0010 1446     		mov	r4, r2
 1324 0012 FFF7FEFF 		bl	lv_obj_invalidate
 1325 0016 3046     		mov	r0, r6
 1326 0018 FFF7FEFF 		bl	lv_obj_style_get_selector_part
 1327 001c 0646     		mov	r6, r0
 1328 001e 2046     		mov	r0, r4
 1329 0020 FFF7FEFF 		bl	_lv_style_prop_lookup_flags
 1330 0024 00F00407 		and	r7, r0, #4
 1331 0028 2046     		mov	r0, r4
 1332 002a FFF7FEFF 		bl	_lv_style_prop_lookup_flags
 1333 002e 00F00208 		and	r8, r0, #2
 1334 0032 2046     		mov	r0, r4
 1335 0034 FFF7FEFF 		bl	_lv_style_prop_lookup_flags
 1336 0038 00F00109 		and	r9, r0, #1
 1337 003c 2046     		mov	r0, r4
 1338 003e FFF7FEFF 		bl	_lv_style_prop_lookup_flags
 1339 0042 00F0100A 		and	r10, r0, #16
 1340 0046 5FB1     		cbz	r7, .L189
 1341 0048 B6F5702F 		cmp	r6, #983040
 1342 004c 00D0     		beq	.L190
 1343 004e D6BB     		cbnz	r6, .L205
 1344              	.L190:
 1345 0050 0022     		movs	r2, #0
 1346 0052 2A21     		movs	r1, #42
 1347 0054 2846     		mov	r0, r5
 1348 0056 FFF7FEFF 		bl	lv_event_send
 1349 005a 2846     		mov	r0, r5
 1350 005c FFF7FEFF 		bl	lv_obj_mark_layout_as_dirty
ARM GAS  /var/folders/lp/x54gwt890xv47sdkqj1k04q40000gn/T//ccCM6tS8.s 			page 24


 1351              	.L189:
 1352 0060 B6F5702F 		cmp	r6, #983040
 1353 0064 00D0     		beq	.L191
 1354 0066 56B9     		cbnz	r6, .L192
 1355              	.L191:
 1356 0068 4FF6FF73 		movw	r3, #65535
 1357 006c 9C42     		cmp	r4, r3
 1358 006e 00D0     		beq	.L193
 1359 0070 2FB1     		cbz	r7, .L192
 1360              	.L193:
 1361 0072 2846     		mov	r0, r5
 1362 0074 FFF7FEFF 		bl	lv_obj_get_parent
 1363 0078 08B1     		cbz	r0, .L192
 1364 007a FFF7FEFF 		bl	lv_obj_mark_layout_as_dirty
 1365              	.L192:
 1366 007e B6F5702F 		cmp	r6, #983040
 1367 0082 00D0     		beq	.L194
 1368 0084 16B9     		cbnz	r6, .L195
 1369              	.L194:
 1370 0086 BAF1000F 		cmp	r10, #0
 1371 008a 31D1     		bne	.L206
 1372              	.L195:
 1373 008c 4FF6FF73 		movw	r3, #65535
 1374 0090 9C42     		cmp	r4, r3
 1375 0092 02D0     		beq	.L197
 1376 0094 B8F1000F 		cmp	r8, #0
 1377 0098 02D0     		beq	.L198
 1378              	.L197:
 1379 009a 2846     		mov	r0, r5
 1380 009c FFF7FEFF 		bl	lv_obj_refresh_ext_draw_size
 1381              	.L198:
 1382 00a0 2846     		mov	r0, r5
 1383 00a2 FFF7FEFF 		bl	lv_obj_invalidate
 1384 00a6 4FF6FF73 		movw	r3, #65535
 1385 00aa 9C42     		cmp	r4, r3
 1386 00ac 06D0     		beq	.L199
 1387 00ae B9F1000F 		cmp	r9, #0
 1388 00b2 06D0     		beq	.L187
 1389 00b4 B8F1000F 		cmp	r8, #0
 1390 00b8 00D1     		bne	.L199
 1391 00ba 17B1     		cbz	r7, .L187
 1392              	.L199:
 1393 00bc B6F5803F 		cmp	r6, #65536
 1394 00c0 2CD1     		bne	.L207
 1395              	.L187:
 1396 00c2 BDE8F087 		pop	{r4, r5, r6, r7, r8, r9, r10, pc}
 1397              	.L205:
 1398 00c6 0422     		movs	r2, #4
 1399 00c8 0021     		movs	r1, #0
 1400 00ca 2846     		mov	r0, r5
 1401 00cc FFF7FEFF 		bl	lv_obj_get_style_prop
 1402 00d0 00B2     		sxth	r0, r0
 1403 00d2 42F2D173 		movw	r3, #10193
 1404 00d6 9842     		cmp	r0, r3
 1405 00d8 BAD0     		beq	.L190
 1406 00da 0122     		movs	r2, #1
 1407 00dc 0021     		movs	r1, #0
ARM GAS  /var/folders/lp/x54gwt890xv47sdkqj1k04q40000gn/T//ccCM6tS8.s 			page 25


 1408 00de 2846     		mov	r0, r5
 1409 00e0 FFF7FEFF 		bl	lv_obj_get_style_prop
 1410 00e4 00B2     		sxth	r0, r0
 1411 00e6 42F2D173 		movw	r3, #10193
 1412 00ea 9842     		cmp	r0, r3
 1413 00ec B8D1     		bne	.L189
 1414 00ee AFE7     		b	.L190
 1415              	.L206:
 1416 00f0 2846     		mov	r0, r5
 1417 00f2 FFF7FEFF 		bl	calculate_layer_type
 1418 00f6 8246     		mov	r10, r0
 1419 00f8 AB68     		ldr	r3, [r5, #8]
 1420 00fa 23B1     		cbz	r3, .L196
 1421 00fc 9A7E     		ldrb	r2, [r3, #26]	@ zero_extendqisi2
 1422 00fe 60F38712 		bfi	r2, r0, #6, #2
 1423 0102 9A76     		strb	r2, [r3, #26]
 1424 0104 C2E7     		b	.L195
 1425              	.L196:
 1426 0106 0028     		cmp	r0, #0
 1427 0108 C0D0     		beq	.L195
 1428 010a 2846     		mov	r0, r5
 1429 010c FFF7FEFF 		bl	lv_obj_allocate_spec_attr
 1430 0110 AB68     		ldr	r3, [r5, #8]
 1431 0112 9A7E     		ldrb	r2, [r3, #26]	@ zero_extendqisi2
 1432 0114 6AF38712 		bfi	r2, r10, #6, #2
 1433 0118 9A76     		strb	r2, [r3, #26]
 1434 011a B7E7     		b	.L195
 1435              	.L207:
 1436 011c 2846     		mov	r0, r5
 1437 011e FFF7FEFF 		bl	refresh_children_style
 1438 0122 CEE7     		b	.L187
 1439              	.L209:
 1440              		.align	2
 1441              	.L208:
 1442 0124 00000000 		.word	style_refr
 1444              		.section	.text.lv_obj_add_style,"ax",%progbits
 1445              		.align	1
 1446              		.global	lv_obj_add_style
 1447              		.syntax unified
 1448              		.thumb
 1449              		.thumb_func
 1451              	lv_obj_add_style:
 1452              		@ args = 0, pretend = 0, frame = 0
 1453              		@ frame_needed = 0, uses_anonymous_args = 0
 1454 0000 2DE9F041 		push	{r4, r5, r6, r7, r8, lr}
 1455 0004 0546     		mov	r5, r0
 1456 0006 8846     		mov	r8, r1
 1457 0008 1746     		mov	r7, r2
 1458 000a 0023     		movs	r3, #0
 1459 000c 4FF6FF72 		movw	r2, #65535
 1460 0010 3946     		mov	r1, r7
 1461 0012 FFF7FEFF 		bl	trans_del
 1462 0016 0026     		movs	r6, #0
 1463 0018 00E0     		b	.L211
 1464              	.L212:
 1465 001a 0136     		adds	r6, r6, #1
 1466              	.L211:
ARM GAS  /var/folders/lp/x54gwt890xv47sdkqj1k04q40000gn/T//ccCM6tS8.s 			page 26


 1467 001c 698C     		ldrh	r1, [r5, #34]
 1468 001e C1F30511 		ubfx	r1, r1, #4, #6
 1469 0022 B142     		cmp	r1, r6
 1470 0024 09D9     		bls	.L213
 1471 0026 EB68     		ldr	r3, [r5, #12]
 1472 0028 03EBC603 		add	r3, r3, r6, lsl #3
 1473 002c DB79     		ldrb	r3, [r3, #7]	@ zero_extendqisi2
 1474 002e 13F0020F 		tst	r3, #2
 1475 0032 F2D1     		bne	.L212
 1476 0034 13F0010F 		tst	r3, #1
 1477 0038 EFD1     		bne	.L212
 1478              	.L213:
 1479 003a 0131     		adds	r1, r1, #1
 1480 003c 01F03F01 		and	r1, r1, #63
 1481 0040 6B8C     		ldrh	r3, [r5, #34]
 1482 0042 61F30913 		bfi	r3, r1, #4, #6
 1483 0046 6B84     		strh	r3, [r5, #34]	@ movhi
 1484 0048 C900     		lsls	r1, r1, #3
 1485 004a E868     		ldr	r0, [r5, #12]
 1486 004c FFF7FEFF 		bl	lv_mem_realloc
 1487 0050 E860     		str	r0, [r5, #12]
 1488 0052 6A8C     		ldrh	r2, [r5, #34]
 1489 0054 C2F30512 		ubfx	r2, r2, #4, #6
 1490 0058 013A     		subs	r2, r2, #1
 1491 005a 0CE0     		b	.L215
 1492              	.L216:
 1493 005c EC68     		ldr	r4, [r5, #12]
 1494 005e 02F10053 		add	r3, r2, #536870912
 1495 0062 013B     		subs	r3, r3, #1
 1496 0064 04EBC303 		add	r3, r4, r3, lsl #3
 1497 0068 04EBC20C 		add	ip, r4, r2, lsl #3
 1498 006c 93E80300 		ldm	r3, {r0, r1}
 1499 0070 8CE80300 		stm	ip, {r0, r1}
 1500 0074 013A     		subs	r2, r2, #1
 1501              	.L215:
 1502 0076 9642     		cmp	r6, r2
 1503 0078 F0D3     		bcc	.L216
 1504 007a E868     		ldr	r0, [r5, #12]
 1505 007c F400     		lsls	r4, r6, #3
 1506 007e 0821     		movs	r1, #8
 1507 0080 00EBC600 		add	r0, r0, r6, lsl #3
 1508 0084 FFF7FEFF 		bl	lv_memset_00
 1509 0088 EB68     		ldr	r3, [r5, #12]
 1510 008a 43F83680 		str	r8, [r3, r6, lsl #3]
 1511 008e EB68     		ldr	r3, [r5, #12]
 1512 0090 2344     		add	r3, r3, r4
 1513 0092 5A68     		ldr	r2, [r3, #4]
 1514 0094 67F31702 		bfi	r2, r7, #0, #24
 1515 0098 5A60     		str	r2, [r3, #4]
 1516 009a 4FF6FF72 		movw	r2, #65535
 1517 009e 3946     		mov	r1, r7
 1518 00a0 2846     		mov	r0, r5
 1519 00a2 FFF7FEFF 		bl	lv_obj_refresh_style
 1520 00a6 BDE8F081 		pop	{r4, r5, r6, r7, r8, pc}
 1522              		.section	.text.report_style_change_core,"ax",%progbits
 1523              		.align	1
 1524              		.syntax unified
ARM GAS  /var/folders/lp/x54gwt890xv47sdkqj1k04q40000gn/T//ccCM6tS8.s 			page 27


 1525              		.thumb
 1526              		.thumb_func
 1528              	report_style_change_core:
 1529              		@ args = 0, pretend = 0, frame = 0
 1530              		@ frame_needed = 0, uses_anonymous_args = 0
 1531 0000 F8B5     		push	{r3, r4, r5, r6, r7, lr}
 1532 0002 0546     		mov	r5, r0
 1533 0004 0C46     		mov	r4, r1
 1534 0006 0022     		movs	r2, #0
 1535 0008 00E0     		b	.L219
 1536              	.L221:
 1537 000a 0132     		adds	r2, r2, #1
 1538              	.L219:
 1539 000c 638C     		ldrh	r3, [r4, #34]
 1540 000e C3F30513 		ubfx	r3, r3, #4, #6
 1541 0012 9342     		cmp	r3, r2
 1542 0014 0CD9     		bls	.L222
 1543 0016 25B1     		cbz	r5, .L220
 1544 0018 E368     		ldr	r3, [r4, #12]
 1545 001a 53F83230 		ldr	r3, [r3, r2, lsl #3]
 1546 001e AB42     		cmp	r3, r5
 1547 0020 F3D1     		bne	.L221
 1548              	.L220:
 1549 0022 4FF6FF72 		movw	r2, #65535
 1550 0026 4FF47021 		mov	r1, #983040
 1551 002a 2046     		mov	r0, r4
 1552 002c FFF7FEFF 		bl	lv_obj_refresh_style
 1553              	.L222:
 1554 0030 2046     		mov	r0, r4
 1555 0032 FFF7FEFF 		bl	lv_obj_get_child_cnt
 1556 0036 0746     		mov	r7, r0
 1557 0038 0026     		movs	r6, #0
 1558              	.L224:
 1559 003a BE42     		cmp	r6, r7
 1560 003c 08D2     		bcs	.L227
 1561 003e A368     		ldr	r3, [r4, #8]
 1562 0040 1B68     		ldr	r3, [r3]
 1563 0042 53F82610 		ldr	r1, [r3, r6, lsl #2]
 1564 0046 2846     		mov	r0, r5
 1565 0048 FFF7DAFF 		bl	report_style_change_core
 1566 004c 0136     		adds	r6, r6, #1
 1567 004e F4E7     		b	.L224
 1568              	.L227:
 1569 0050 F8BD     		pop	{r3, r4, r5, r6, r7, pc}
 1571              		.section	.text.lv_obj_report_style_change,"ax",%progbits
 1572              		.align	1
 1573              		.global	lv_obj_report_style_change
 1574              		.syntax unified
 1575              		.thumb
 1576              		.thumb_func
 1578              	lv_obj_report_style_change:
 1579              		@ args = 0, pretend = 0, frame = 0
 1580              		@ frame_needed = 0, uses_anonymous_args = 0
 1581 0000 0E4B     		ldr	r3, .L240
 1582 0002 1B78     		ldrb	r3, [r3]	@ zero_extendqisi2
 1583 0004 03B9     		cbnz	r3, .L238
 1584 0006 7047     		bx	lr
ARM GAS  /var/folders/lp/x54gwt890xv47sdkqj1k04q40000gn/T//ccCM6tS8.s 			page 28


 1585              	.L238:
 1586 0008 70B5     		push	{r4, r5, r6, lr}
 1587 000a 0646     		mov	r6, r0
 1588 000c 0020     		movs	r0, #0
 1589 000e FFF7FEFF 		bl	lv_disp_get_next
 1590 0012 0546     		mov	r5, r0
 1591 0014 0DE0     		b	.L230
 1592              	.L231:
 1593 0016 EB68     		ldr	r3, [r5, #12]
 1594 0018 53F82410 		ldr	r1, [r3, r4, lsl #2]
 1595 001c 3046     		mov	r0, r6
 1596 001e FFF7FEFF 		bl	report_style_change_core
 1597 0022 0134     		adds	r4, r4, #1
 1598              	.L232:
 1599 0024 6B6A     		ldr	r3, [r5, #36]
 1600 0026 A342     		cmp	r3, r4
 1601 0028 F5D8     		bhi	.L231
 1602 002a 2846     		mov	r0, r5
 1603 002c FFF7FEFF 		bl	lv_disp_get_next
 1604 0030 0546     		mov	r5, r0
 1605              	.L230:
 1606 0032 0DB1     		cbz	r5, .L239
 1607 0034 0024     		movs	r4, #0
 1608 0036 F5E7     		b	.L232
 1609              	.L239:
 1610 0038 70BD     		pop	{r4, r5, r6, pc}
 1611              	.L241:
 1612 003a 00BF     		.align	2
 1613              	.L240:
 1614 003c 00000000 		.word	style_refr
 1616              		.section	.text.lv_obj_set_local_style_prop,"ax",%progbits
 1617              		.align	1
 1618              		.global	lv_obj_set_local_style_prop
 1619              		.syntax unified
 1620              		.thumb
 1621              		.thumb_func
 1623              	lv_obj_set_local_style_prop:
 1624              		@ args = 0, pretend = 0, frame = 0
 1625              		@ frame_needed = 0, uses_anonymous_args = 0
 1626 0000 F8B5     		push	{r3, r4, r5, r6, r7, lr}
 1627 0002 0646     		mov	r6, r0
 1628 0004 0D46     		mov	r5, r1
 1629 0006 1746     		mov	r7, r2
 1630 0008 1C46     		mov	r4, r3
 1631 000a 1946     		mov	r1, r3
 1632 000c FFF7FEFF 		bl	get_local_style
 1633 0010 3A46     		mov	r2, r7
 1634 0012 2946     		mov	r1, r5
 1635 0014 FFF7FEFF 		bl	lv_style_set_prop
 1636 0018 2A46     		mov	r2, r5
 1637 001a 2146     		mov	r1, r4
 1638 001c 3046     		mov	r0, r6
 1639 001e FFF7FEFF 		bl	lv_obj_refresh_style
 1640 0022 F8BD     		pop	{r3, r4, r5, r6, r7, pc}
 1642              		.section	.text.lv_obj_set_local_style_prop_meta,"ax",%progbits
 1643              		.align	1
 1644              		.global	lv_obj_set_local_style_prop_meta
ARM GAS  /var/folders/lp/x54gwt890xv47sdkqj1k04q40000gn/T//ccCM6tS8.s 			page 29


 1645              		.syntax unified
 1646              		.thumb
 1647              		.thumb_func
 1649              	lv_obj_set_local_style_prop_meta:
 1650              		@ args = 0, pretend = 0, frame = 0
 1651              		@ frame_needed = 0, uses_anonymous_args = 0
 1652 0000 F8B5     		push	{r3, r4, r5, r6, r7, lr}
 1653 0002 0646     		mov	r6, r0
 1654 0004 0D46     		mov	r5, r1
 1655 0006 1746     		mov	r7, r2
 1656 0008 1C46     		mov	r4, r3
 1657 000a 1946     		mov	r1, r3
 1658 000c FFF7FEFF 		bl	get_local_style
 1659 0010 3A46     		mov	r2, r7
 1660 0012 2946     		mov	r1, r5
 1661 0014 FFF7FEFF 		bl	lv_style_set_prop_meta
 1662 0018 2A46     		mov	r2, r5
 1663 001a 2146     		mov	r1, r4
 1664 001c 3046     		mov	r0, r6
 1665 001e FFF7FEFF 		bl	lv_obj_refresh_style
 1666 0022 F8BD     		pop	{r3, r4, r5, r6, r7, pc}
 1668              		.section	.text.lv_obj_remove_local_style_prop,"ax",%progbits
 1669              		.align	1
 1670              		.global	lv_obj_remove_local_style_prop
 1671              		.syntax unified
 1672              		.thumb
 1673              		.thumb_func
 1675              	lv_obj_remove_local_style_prop:
 1676              		@ args = 0, pretend = 0, frame = 0
 1677              		@ frame_needed = 0, uses_anonymous_args = 0
 1678 0000 F8B5     		push	{r3, r4, r5, r6, r7, lr}
 1679 0002 0446     		mov	r4, r0
 1680 0004 0E46     		mov	r6, r1
 1681 0006 1546     		mov	r5, r2
 1682 0008 4FF0000E 		mov	lr, #0
 1683 000c 01E0     		b	.L247
 1684              	.L248:
 1685 000e 0EF1010E 		add	lr, lr, #1
 1686              	.L247:
 1687 0012 B4F822C0 		ldrh	ip, [r4, #34]
 1688 0016 CCF3051C 		ubfx	ip, ip, #4, #6
 1689 001a F445     		cmp	ip, lr
 1690 001c 0BD9     		bls	.L249
 1691 001e E368     		ldr	r3, [r4, #12]
 1692 0020 03EBCE03 		add	r3, r3, lr, lsl #3
 1693 0024 DA79     		ldrb	r2, [r3, #7]	@ zero_extendqisi2
 1694 0026 12F0010F 		tst	r2, #1
 1695 002a F0D0     		beq	.L248
 1696 002c 5B68     		ldr	r3, [r3, #4]
 1697 002e C3F31703 		ubfx	r3, r3, #0, #24
 1698 0032 AB42     		cmp	r3, r5
 1699 0034 EBD1     		bne	.L248
 1700              	.L249:
 1701 0036 F445     		cmp	ip, lr
 1702 0038 0FD0     		beq	.L252
 1703 003a E368     		ldr	r3, [r4, #12]
 1704 003c 3146     		mov	r1, r6
ARM GAS  /var/folders/lp/x54gwt890xv47sdkqj1k04q40000gn/T//ccCM6tS8.s 			page 30


 1705 003e 53F83E00 		ldr	r0, [r3, lr, lsl #3]
 1706 0042 FFF7FEFF 		bl	lv_style_remove_prop
 1707 0046 0746     		mov	r7, r0
 1708 0048 08B9     		cbnz	r0, .L254
 1709              	.L251:
 1710 004a 3846     		mov	r0, r7
 1711 004c F8BD     		pop	{r3, r4, r5, r6, r7, pc}
 1712              	.L254:
 1713 004e 3246     		mov	r2, r6
 1714 0050 2946     		mov	r1, r5
 1715 0052 2046     		mov	r0, r4
 1716 0054 FFF7FEFF 		bl	lv_obj_refresh_style
 1717 0058 F7E7     		b	.L251
 1718              	.L252:
 1719 005a 0027     		movs	r7, #0
 1720 005c F5E7     		b	.L251
 1722              		.section	.text.fade_in_anim_ready,"ax",%progbits
 1723              		.align	1
 1724              		.syntax unified
 1725              		.thumb
 1726              		.thumb_func
 1728              	fade_in_anim_ready:
 1729              		@ args = 0, pretend = 0, frame = 0
 1730              		@ frame_needed = 0, uses_anonymous_args = 0
 1731 0000 08B5     		push	{r3, lr}
 1732 0002 0022     		movs	r2, #0
 1733 0004 6021     		movs	r1, #96
 1734 0006 0068     		ldr	r0, [r0]
 1735 0008 FFF7FEFF 		bl	lv_obj_remove_local_style_prop
 1736 000c 08BD     		pop	{r3, pc}
 1738              		.section	.text.trans_anim_cb,"ax",%progbits
 1739              		.align	1
 1740              		.syntax unified
 1741              		.thumb
 1742              		.thumb_func
 1744              	trans_anim_cb:
 1745              		@ args = 0, pretend = 0, frame = 8
 1746              		@ frame_needed = 0, uses_anonymous_args = 0
 1747 0000 2DE9F043 		push	{r4, r5, r6, r7, r8, r9, lr}
 1748 0004 83B0     		sub	sp, sp, #12
 1749 0006 0446     		mov	r4, r0
 1750 0008 0568     		ldr	r5, [r0]
 1751 000a 0023     		movs	r3, #0
 1752 000c 00E0     		b	.L258
 1753              	.L259:
 1754 000e 0133     		adds	r3, r3, #1
 1755              	.L258:
 1756 0010 B5F822C0 		ldrh	ip, [r5, #34]
 1757 0014 CCF3051C 		ubfx	ip, ip, #4, #6
 1758 0018 9C45     		cmp	ip, r3
 1759 001a 40F2A580 		bls	.L257
 1760 001e EE68     		ldr	r6, [r5, #12]
 1761 0020 DF00     		lsls	r7, r3, #3
 1762 0022 06EBC300 		add	r0, r6, r3, lsl #3
 1763 0026 90F807C0 		ldrb	ip, [r0, #7]	@ zero_extendqisi2
 1764 002a 1CF0020F 		tst	ip, #2
 1765 002e EED0     		beq	.L259
ARM GAS  /var/folders/lp/x54gwt890xv47sdkqj1k04q40000gn/T//ccCM6tS8.s 			page 31


 1766 0030 4068     		ldr	r0, [r0, #4]
 1767 0032 C0F31700 		ubfx	r0, r0, #0, #24
 1768 0036 A268     		ldr	r2, [r4, #8]
 1769 0038 9042     		cmp	r0, r2
 1770 003a E8D1     		bne	.L259
 1771 003c B4F80480 		ldrh	r8, [r4, #4]
 1772 0040 B8F1680F 		cmp	r8, #104
 1773 0044 74D8     		bhi	.L261
 1774 0046 B8F1570F 		cmp	r8, #87
 1775 004a 0ED3     		bcc	.L291
 1776 004c A8F15703 		sub	r3, r8, #87
 1777 0050 112B     		cmp	r3, #17
 1778 0052 6DD8     		bhi	.L261
 1779 0054 DFE803F0 		tbb	[pc, r3]
 1780              	.L266:
 1781 0058 45       		.byte	(.L267-.L266)/2
 1782 0059 6C       		.byte	(.L261-.L266)/2
 1783 005a 6C       		.byte	(.L261-.L266)/2
 1784 005b 6C       		.byte	(.L261-.L266)/2
 1785 005c 6C       		.byte	(.L261-.L266)/2
 1786 005d 6C       		.byte	(.L261-.L266)/2
 1787 005e 6C       		.byte	(.L261-.L266)/2
 1788 005f 6C       		.byte	(.L261-.L266)/2
 1789 0060 6C       		.byte	(.L261-.L266)/2
 1790 0061 6C       		.byte	(.L261-.L266)/2
 1791 0062 6C       		.byte	(.L261-.L266)/2
 1792 0063 4D       		.byte	(.L268-.L266)/2
 1793 0064 6C       		.byte	(.L261-.L266)/2
 1794 0065 6C       		.byte	(.L261-.L266)/2
 1795 0066 6C       		.byte	(.L261-.L266)/2
 1796 0067 6C       		.byte	(.L261-.L266)/2
 1797 0068 45       		.byte	(.L267-.L266)/2
 1798 0069 1A       		.byte	(.L265-.L266)/2
 1799              		.p2align 1
 1800              	.L291:
 1801 006a B8F1360F 		cmp	r8, #54
 1802 006e 1DD8     		bhi	.L263
 1803 0070 B8F1200F 		cmp	r8, #32
 1804 0074 5CD3     		bcc	.L261
 1805 0076 A8F12002 		sub	r2, r8, #32
 1806 007a 92B2     		uxth	r2, r2
 1807 007c 0123     		movs	r3, #1
 1808 007e 9340     		lsls	r3, r3, r2
 1809 0080 3F4A     		ldr	r2, .L298
 1810 0082 1A40     		ands	r2, r2, r3
 1811 0084 02BB     		cbnz	r2, .L269
 1812 0086 13F4C01F 		tst	r3, #1572864
 1813 008a 51D0     		beq	.L261
 1814              	.L265:
 1815 008c FE29     		cmp	r1, #254
 1816 008e 25DC     		bgt	.L271
 1817 0090 D4F80C90 		ldr	r9, [r4, #12]
 1818              	.L272:
 1819 0094 01AA     		add	r2, sp, #4
 1820 0096 4146     		mov	r1, r8
 1821 0098 F059     		ldr	r0, [r6, r7]
 1822 009a FFF7FEFF 		bl	lv_style_get_prop
ARM GAS  /var/folders/lp/x54gwt890xv47sdkqj1k04q40000gn/T//ccCM6tS8.s 			page 32


 1823 009e 0028     		cmp	r0, #0
 1824 00a0 5AD0     		beq	.L285
 1825 00a2 019B     		ldr	r3, [sp, #4]
 1826 00a4 9945     		cmp	r9, r3
 1827 00a6 54D0     		beq	.L292
 1828 00a8 0126     		movs	r6, #1
 1829 00aa 56E0     		b	.L281
 1830              	.L263:
 1831 00ac B8F1550F 		cmp	r8, #85
 1832 00b0 3ED8     		bhi	.L261
 1833 00b2 B8F1440F 		cmp	r8, #68
 1834 00b6 3BD3     		bcc	.L261
 1835 00b8 A8F14402 		sub	r2, r8, #68
 1836 00bc 92B2     		uxth	r2, r2
 1837 00be 314B     		ldr	r3, .L298+4
 1838 00c0 D340     		lsrs	r3, r3, r2
 1839 00c2 13F0010F 		tst	r3, #1
 1840 00c6 33D0     		beq	.L261
 1841              	.L269:
 1842 00c8 0029     		cmp	r1, #0
 1843 00ca 21DD     		ble	.L293
 1844 00cc FE29     		cmp	r1, #254
 1845 00ce 25DD     		ble	.L278
 1846 00d0 238A     		ldrh	r3, [r4, #16]
 1847 00d2 4FF00009 		mov	r9, #0
 1848 00d6 63F30F09 		bfi	r9, r3, #0, #16
 1849 00da DBE7     		b	.L272
 1850              	.L271:
 1851 00dc D4F81090 		ldr	r9, [r4, #16]
 1852 00e0 D8E7     		b	.L272
 1853              	.L267:
 1854 00e2 FE29     		cmp	r1, #254
 1855 00e4 02DC     		bgt	.L273
 1856 00e6 D4F80C90 		ldr	r9, [r4, #12]
 1857 00ea D3E7     		b	.L272
 1858              	.L273:
 1859 00ec D4F81090 		ldr	r9, [r4, #16]
 1860 00f0 D0E7     		b	.L272
 1861              	.L268:
 1862 00f2 E368     		ldr	r3, [r4, #12]
 1863 00f4 2BB1     		cbz	r3, .L294
 1864 00f6 2269     		ldr	r2, [r4, #16]
 1865 00f8 32B1     		cbz	r2, .L295
 1866 00fa 7F29     		cmp	r1, #127
 1867 00fc 06DC     		bgt	.L276
 1868 00fe 9946     		mov	r9, r3
 1869 0100 C8E7     		b	.L272
 1870              	.L294:
 1871 0102 D4F81090 		ldr	r9, [r4, #16]
 1872 0106 C5E7     		b	.L272
 1873              	.L295:
 1874 0108 9946     		mov	r9, r3
 1875 010a C3E7     		b	.L272
 1876              	.L276:
 1877 010c 9146     		mov	r9, r2
 1878 010e C1E7     		b	.L272
 1879              	.L293:
ARM GAS  /var/folders/lp/x54gwt890xv47sdkqj1k04q40000gn/T//ccCM6tS8.s 			page 33


 1880 0110 A389     		ldrh	r3, [r4, #12]
 1881 0112 4FF00009 		mov	r9, #0
 1882 0116 63F30F09 		bfi	r9, r3, #0, #16
 1883 011a BBE7     		b	.L272
 1884              	.L278:
 1885 011c CAB2     		uxtb	r2, r1
 1886 011e A189     		ldrh	r1, [r4, #12]
 1887 0120 208A     		ldrh	r0, [r4, #16]
 1888 0122 FFF7FEFF 		bl	lv_color_mix
 1889 0126 4FF00009 		mov	r9, #0
 1890 012a 60F30F09 		bfi	r9, r0, #0, #16
 1891 012e B1E7     		b	.L272
 1892              	.L261:
 1893 0130 11B9     		cbnz	r1, .L279
 1894 0132 D4F80C90 		ldr	r9, [r4, #12]
 1895 0136 ADE7     		b	.L272
 1896              	.L279:
 1897 0138 FF29     		cmp	r1, #255
 1898 013a 07D0     		beq	.L296
 1899 013c E268     		ldr	r2, [r4, #12]
 1900 013e 2369     		ldr	r3, [r4, #16]
 1901 0140 9B1A     		subs	r3, r3, r2
 1902 0142 01FB03F3 		mul	r3, r1, r3
 1903 0146 02EB2329 		add	r9, r2, r3, asr #8
 1904 014a A3E7     		b	.L272
 1905              	.L296:
 1906 014c D4F81090 		ldr	r9, [r4, #16]
 1907 0150 A0E7     		b	.L272
 1908              	.L292:
 1909 0152 0CD0     		beq	.L287
 1910 0154 0126     		movs	r6, #1
 1911 0156 00E0     		b	.L281
 1912              	.L285:
 1913 0158 0126     		movs	r6, #1
 1914              	.L281:
 1915 015a EB68     		ldr	r3, [r5, #12]
 1916 015c 4A46     		mov	r2, r9
 1917 015e A188     		ldrh	r1, [r4, #4]
 1918 0160 D859     		ldr	r0, [r3, r7]
 1919 0162 FFF7FEFF 		bl	lv_style_set_prop
 1920 0166 26B9     		cbnz	r6, .L297
 1921              	.L257:
 1922 0168 03B0     		add	sp, sp, #12
 1923              		@ sp needed
 1924 016a BDE8F083 		pop	{r4, r5, r6, r7, r8, r9, pc}
 1925              	.L287:
 1926 016e 0026     		movs	r6, #0
 1927 0170 F3E7     		b	.L281
 1928              	.L297:
 1929 0172 A288     		ldrh	r2, [r4, #4]
 1930 0174 A168     		ldr	r1, [r4, #8]
 1931 0176 2068     		ldr	r0, [r4]
 1932 0178 FFF7FEFF 		bl	lv_obj_refresh_style
 1933 017c F4E7     		b	.L257
 1934              	.L299:
 1935 017e 00BF     		.align	2
 1936              	.L298:
ARM GAS  /var/folders/lp/x54gwt890xv47sdkqj1k04q40000gn/T//ccCM6tS8.s 			page 34


 1937 0180 05004100 		.word	4259845
 1938 0184 09000200 		.word	131081
 1940              		.section	.text.lv_obj_remove_style,"ax",%progbits
 1941              		.align	1
 1942              		.global	lv_obj_remove_style
 1943              		.syntax unified
 1944              		.thumb
 1945              		.thumb_func
 1947              	lv_obj_remove_style:
 1948              		@ args = 0, pretend = 0, frame = 16
 1949              		@ frame_needed = 0, uses_anonymous_args = 0
 1950 0000 2DE9F04F 		push	{r4, r5, r6, r7, r8, r9, r10, fp, lr}
 1951 0004 85B0     		sub	sp, sp, #20
 1952 0006 0446     		mov	r4, r0
 1953 0008 0E46     		mov	r6, r1
 1954 000a 0191     		str	r1, [sp, #4]
 1955 000c 1546     		mov	r5, r2
 1956 000e 1046     		mov	r0, r2
 1957 0010 FFF7FEFF 		bl	lv_obj_style_get_selector_state
 1958 0014 8146     		mov	r9, r0
 1959 0016 2846     		mov	r0, r5
 1960 0018 FFF7FEFF 		bl	lv_obj_style_get_selector_part
 1961 001c 8346     		mov	fp, r0
 1962 001e 46B1     		cbz	r6, .L314
 1963 0020 F379     		ldrb	r3, [r6, #7]	@ zero_extendqisi2
 1964 0022 53B1     		cbz	r3, .L315
 1965 0024 4FF6FF73 		movw	r3, #65535
 1966 0028 0393     		str	r3, [sp, #12]
 1967              	.L301:
 1968 002a 0023     		movs	r3, #0
 1969 002c 0293     		str	r3, [sp, #8]
 1970 002e 1D46     		mov	r5, r3
 1971 0030 0DE0     		b	.L302
 1972              	.L314:
 1973 0032 4FF6FF73 		movw	r3, #65535
 1974 0036 0393     		str	r3, [sp, #12]
 1975 0038 F7E7     		b	.L301
 1976              	.L315:
 1977 003a 0023     		movs	r3, #0
 1978 003c 0393     		str	r3, [sp, #12]
 1979 003e F4E7     		b	.L301
 1980              	.L305:
 1981 0040 019A     		ldr	r2, [sp, #4]
 1982 0042 32B3     		cbz	r2, .L306
 1983 0044 57F80A30 		ldr	r3, [r7, r10]
 1984 0048 9342     		cmp	r3, r2
 1985 004a 22D0     		beq	.L306
 1986              	.L304:
 1987 004c 0135     		adds	r5, r5, #1
 1988              	.L302:
 1989 004e 638C     		ldrh	r3, [r4, #34]
 1990 0050 C3F30513 		ubfx	r3, r3, #4, #6
 1991 0054 AB42     		cmp	r3, r5
 1992 0056 5FD9     		bls	.L317
 1993 0058 E768     		ldr	r7, [r4, #12]
 1994 005a 4FEAC50A 		lsl	r10, r5, #3
 1995 005e 07EBC508 		add	r8, r7, r5, lsl #3
ARM GAS  /var/folders/lp/x54gwt890xv47sdkqj1k04q40000gn/T//ccCM6tS8.s 			page 35


 1996 0062 D8F80460 		ldr	r6, [r8, #4]
 1997 0066 C6F31706 		ubfx	r6, r6, #0, #24
 1998 006a 3046     		mov	r0, r6
 1999 006c FFF7FEFF 		bl	lv_obj_style_get_selector_state
 2000 0070 0090     		str	r0, [sp]
 2001 0072 3046     		mov	r0, r6
 2002 0074 FFF7FEFF 		bl	lv_obj_style_get_selector_part
 2003 0078 4FF6FF73 		movw	r3, #65535
 2004 007c 9945     		cmp	r9, r3
 2005 007e 02D0     		beq	.L303
 2006 0080 009B     		ldr	r3, [sp]
 2007 0082 9945     		cmp	r9, r3
 2008 0084 E2D1     		bne	.L304
 2009              	.L303:
 2010 0086 BBF5702F 		cmp	fp, #983040
 2011 008a D9D0     		beq	.L305
 2012 008c 8345     		cmp	fp, r0
 2013 008e D7D0     		beq	.L305
 2014 0090 DCE7     		b	.L304
 2015              	.L306:
 2016 0092 98F80730 		ldrb	r3, [r8, #7]	@ zero_extendqisi2
 2017 0096 13F0020F 		tst	r3, #2
 2018 009a 08D1     		bne	.L318
 2019              	.L308:
 2020 009c E368     		ldr	r3, [r4, #12]
 2021 009e 03EB0A02 		add	r2, r3, r10
 2022 00a2 D279     		ldrb	r2, [r2, #7]	@ zero_extendqisi2
 2023 00a4 12F0030F 		tst	r2, #3
 2024 00a8 09D1     		bne	.L319
 2025              	.L309:
 2026 00aa 2A46     		mov	r2, r5
 2027 00ac 1FE0     		b	.L310
 2028              	.L318:
 2029 00ae 0023     		movs	r3, #0
 2030 00b0 4FF6FF72 		movw	r2, #65535
 2031 00b4 5946     		mov	r1, fp
 2032 00b6 2046     		mov	r0, r4
 2033 00b8 FFF7FEFF 		bl	trans_del
 2034 00bc EEE7     		b	.L308
 2035              	.L319:
 2036 00be 53F80A00 		ldr	r0, [r3, r10]
 2037 00c2 FFF7FEFF 		bl	lv_style_reset
 2038 00c6 E368     		ldr	r3, [r4, #12]
 2039 00c8 53F80A00 		ldr	r0, [r3, r10]
 2040 00cc FFF7FEFF 		bl	lv_mem_free
 2041 00d0 E368     		ldr	r3, [r4, #12]
 2042 00d2 0022     		movs	r2, #0
 2043 00d4 43F80A20 		str	r2, [r3, r10]
 2044 00d8 E7E7     		b	.L309
 2045              	.L311:
 2046 00da E368     		ldr	r3, [r4, #12]
 2047 00dc 561C     		adds	r6, r2, #1
 2048 00de 03EBC601 		add	r1, r3, r6, lsl #3
 2049 00e2 03EBC203 		add	r3, r3, r2, lsl #3
 2050 00e6 03C9     		ldm	r1, {r0, r1}
 2051 00e8 83E80300 		stm	r3, {r0, r1}
 2052 00ec 3246     		mov	r2, r6
ARM GAS  /var/folders/lp/x54gwt890xv47sdkqj1k04q40000gn/T//ccCM6tS8.s 			page 36


 2053              	.L310:
 2054 00ee 618C     		ldrh	r1, [r4, #34]
 2055 00f0 C1F30511 		ubfx	r1, r1, #4, #6
 2056 00f4 4B1E     		subs	r3, r1, #1
 2057 00f6 9342     		cmp	r3, r2
 2058 00f8 EFD8     		bhi	.L311
 2059 00fa 3F31     		adds	r1, r1, #63
 2060 00fc 01F03F01 		and	r1, r1, #63
 2061 0100 638C     		ldrh	r3, [r4, #34]
 2062 0102 61F30913 		bfi	r3, r1, #4, #6
 2063 0106 6384     		strh	r3, [r4, #34]	@ movhi
 2064 0108 C900     		lsls	r1, r1, #3
 2065 010a E068     		ldr	r0, [r4, #12]
 2066 010c FFF7FEFF 		bl	lv_mem_realloc
 2067 0110 E060     		str	r0, [r4, #12]
 2068 0112 0123     		movs	r3, #1
 2069 0114 0293     		str	r3, [sp, #8]
 2070 0116 9AE7     		b	.L302
 2071              	.L317:
 2072 0118 029B     		ldr	r3, [sp, #8]
 2073 011a 0BB1     		cbz	r3, .L300
 2074 011c 039B     		ldr	r3, [sp, #12]
 2075 011e 13B9     		cbnz	r3, .L320
 2076              	.L300:
 2077 0120 05B0     		add	sp, sp, #20
 2078              		@ sp needed
 2079 0122 BDE8F08F 		pop	{r4, r5, r6, r7, r8, r9, r10, fp, pc}
 2080              	.L320:
 2081 0126 1A46     		mov	r2, r3
 2082 0128 5946     		mov	r1, fp
 2083 012a 2046     		mov	r0, r4
 2084 012c FFF7FEFF 		bl	lv_obj_refresh_style
 2085 0130 F6E7     		b	.L300
 2087              		.section	.text.trans_anim_ready_cb,"ax",%progbits
 2088              		.align	1
 2089              		.syntax unified
 2090              		.thumb
 2091              		.thumb_func
 2093              	trans_anim_ready_cb:
 2094              		@ args = 0, pretend = 0, frame = 0
 2095              		@ frame_needed = 0, uses_anonymous_args = 0
 2096 0000 2DE9F041 		push	{r4, r5, r6, r7, r8, lr}
 2097 0004 0468     		ldr	r4, [r0]
 2098 0006 2568     		ldr	r5, [r4]
 2099 0008 A688     		ldrh	r6, [r4, #4]
 2100 000a 2748     		ldr	r0, .L333
 2101 000c FFF7FEFF 		bl	_lv_ll_get_head
 2102 0010 0146     		mov	r1, r0
 2103 0012 03E0     		b	.L322
 2104              	.L323:
 2105 0014 2448     		ldr	r0, .L333
 2106 0016 FFF7FEFF 		bl	_lv_ll_get_next
 2107 001a 0146     		mov	r1, r0
 2108              	.L322:
 2109 001c 79B1     		cbz	r1, .L332
 2110 001e A142     		cmp	r1, r4
 2111 0020 F8D0     		beq	.L323
ARM GAS  /var/folders/lp/x54gwt890xv47sdkqj1k04q40000gn/T//ccCM6tS8.s 			page 37


 2112 0022 0A68     		ldr	r2, [r1]
 2113 0024 2368     		ldr	r3, [r4]
 2114 0026 9A42     		cmp	r2, r3
 2115 0028 F4D1     		bne	.L323
 2116 002a 8A68     		ldr	r2, [r1, #8]
 2117 002c A368     		ldr	r3, [r4, #8]
 2118 002e 9A42     		cmp	r2, r3
 2119 0030 F0D1     		bne	.L323
 2120 0032 8A88     		ldrh	r2, [r1, #4]
 2121 0034 A388     		ldrh	r3, [r4, #4]
 2122 0036 9A42     		cmp	r2, r3
 2123 0038 ECD1     		bne	.L323
 2124 003a 0123     		movs	r3, #1
 2125 003c 00E0     		b	.L324
 2126              	.L332:
 2127 003e 0023     		movs	r3, #0
 2128              	.L324:
 2129 0040 13B1     		cbz	r3, .L327
 2130              	.L321:
 2131 0042 BDE8F081 		pop	{r4, r5, r6, r7, r8, pc}
 2132              	.L328:
 2133 0046 0133     		adds	r3, r3, #1
 2134              	.L327:
 2135 0048 6A8C     		ldrh	r2, [r5, #34]
 2136 004a C2F30512 		ubfx	r2, r2, #4, #6
 2137 004e 9A42     		cmp	r2, r3
 2138 0050 F7D9     		bls	.L321
 2139 0052 EA68     		ldr	r2, [r5, #12]
 2140 0054 DF00     		lsls	r7, r3, #3
 2141 0056 02EBC302 		add	r2, r2, r3, lsl #3
 2142 005a D179     		ldrb	r1, [r2, #7]	@ zero_extendqisi2
 2143 005c 11F0020F 		tst	r1, #2
 2144 0060 F1D0     		beq	.L328
 2145 0062 5268     		ldr	r2, [r2, #4]
 2146 0064 C2F31702 		ubfx	r2, r2, #0, #24
 2147 0068 A168     		ldr	r1, [r4, #8]
 2148 006a 8A42     		cmp	r2, r1
 2149 006c EBD1     		bne	.L328
 2150 006e 2146     		mov	r1, r4
 2151 0070 0D48     		ldr	r0, .L333
 2152 0072 FFF7FEFF 		bl	_lv_ll_remove
 2153 0076 2046     		mov	r0, r4
 2154 0078 FFF7FEFF 		bl	lv_mem_free
 2155 007c EC68     		ldr	r4, [r5, #12]
 2156 007e 04EB0708 		add	r8, r4, r7
 2157 0082 3146     		mov	r1, r6
 2158 0084 E059     		ldr	r0, [r4, r7]
 2159 0086 FFF7FEFF 		bl	lv_style_remove_prop
 2160 008a EB68     		ldr	r3, [r5, #12]
 2161 008c D859     		ldr	r0, [r3, r7]
 2162 008e FFF7FEFF 		bl	lv_style_is_empty
 2163 0092 0028     		cmp	r0, #0
 2164 0094 D5D0     		beq	.L321
 2165 0096 D8F80420 		ldr	r2, [r8, #4]
 2166 009a 22F07F42 		bic	r2, r2, #-16777216
 2167 009e E159     		ldr	r1, [r4, r7]
 2168 00a0 2846     		mov	r0, r5
ARM GAS  /var/folders/lp/x54gwt890xv47sdkqj1k04q40000gn/T//ccCM6tS8.s 			page 38


 2169 00a2 FFF7FEFF 		bl	lv_obj_remove_style
 2170 00a6 CCE7     		b	.L321
 2171              	.L334:
 2172              		.align	2
 2173              	.L333:
 2174 00a8 00000000 		.word	_lv_obj_style_trans_ll
 2176              		.section	.text.trans_anim_start_cb,"ax",%progbits
 2177              		.align	1
 2178              		.syntax unified
 2179              		.thumb
 2180              		.thumb_func
 2182              	trans_anim_start_cb:
 2183              		@ args = 0, pretend = 0, frame = 0
 2184              		@ frame_needed = 0, uses_anonymous_args = 0
 2185 0000 70B5     		push	{r4, r5, r6, lr}
 2186 0002 0468     		ldr	r4, [r0]
 2187 0004 A068     		ldr	r0, [r4, #8]
 2188 0006 FFF7FEFF 		bl	lv_obj_style_get_selector_part
 2189 000a 0546     		mov	r5, r0
 2190 000c A288     		ldrh	r2, [r4, #4]
 2191 000e 0146     		mov	r1, r0
 2192 0010 2068     		ldr	r0, [r4]
 2193 0012 FFF7FEFF 		bl	lv_obj_get_style_prop
 2194 0016 E060     		str	r0, [r4, #12]
 2195 0018 A688     		ldrh	r6, [r4, #4]
 2196 001a 0023     		movs	r3, #0
 2197 001c A380     		strh	r3, [r4, #4]	@ movhi
 2198 001e 2346     		mov	r3, r4
 2199 0020 3246     		mov	r2, r6
 2200 0022 2946     		mov	r1, r5
 2201 0024 2068     		ldr	r0, [r4]
 2202 0026 FFF7FEFF 		bl	trans_del
 2203 002a A680     		strh	r6, [r4, #4]	@ movhi
 2204 002c A168     		ldr	r1, [r4, #8]
 2205 002e 2068     		ldr	r0, [r4]
 2206 0030 FFF7FEFF 		bl	get_trans_style
 2207 0034 E268     		ldr	r2, [r4, #12]
 2208 0036 A188     		ldrh	r1, [r4, #4]
 2209 0038 0068     		ldr	r0, [r0]
 2210 003a FFF7FEFF 		bl	lv_style_set_prop
 2211 003e 70BD     		pop	{r4, r5, r6, pc}
 2213              		.section	.text.lv_obj_calculate_style_text_align,"ax",%progbits
 2214              		.align	1
 2215              		.global	lv_obj_calculate_style_text_align
 2216              		.syntax unified
 2217              		.thumb
 2218              		.thumb_func
 2220              	lv_obj_calculate_style_text_align:
 2221              		@ args = 0, pretend = 0, frame = 0
 2222              		@ frame_needed = 0, uses_anonymous_args = 0
 2223 0000 70B5     		push	{r4, r5, r6, lr}
 2224 0002 0546     		mov	r5, r0
 2225 0004 0E46     		mov	r6, r1
 2226 0006 5B22     		movs	r2, #91
 2227 0008 FFF7FEFF 		bl	lv_obj_get_style_prop
 2228 000c C4B2     		uxtb	r4, r0
 2229 000e 1622     		movs	r2, #22
ARM GAS  /var/folders/lp/x54gwt890xv47sdkqj1k04q40000gn/T//ccCM6tS8.s 			page 39


 2230 0010 3146     		mov	r1, r6
 2231 0012 2846     		mov	r0, r5
 2232 0014 FFF7FEFF 		bl	lv_obj_get_style_prop
 2233 0018 04B9     		cbnz	r4, .L338
 2234 001a 0124     		movs	r4, #1
 2235              	.L338:
 2236 001c 2046     		mov	r0, r4
 2237 001e 70BD     		pop	{r4, r5, r6, pc}
 2239              		.section	.text.lv_obj_get_style_opa_recursive,"ax",%progbits
 2240              		.align	1
 2241              		.global	lv_obj_get_style_opa_recursive
 2242              		.syntax unified
 2243              		.thumb
 2244              		.thumb_func
 2246              	lv_obj_get_style_opa_recursive:
 2247              		@ args = 0, pretend = 0, frame = 0
 2248              		@ frame_needed = 0, uses_anonymous_args = 0
 2249 0000 70B5     		push	{r4, r5, r6, lr}
 2250 0002 0446     		mov	r4, r0
 2251 0004 0E46     		mov	r6, r1
 2252 0006 6022     		movs	r2, #96
 2253 0008 FFF7FEFF 		bl	lv_obj_get_style_prop
 2254 000c C3B2     		uxtb	r3, r0
 2255 000e 022B     		cmp	r3, #2
 2256 0010 28D9     		bls	.L348
 2257 0012 FC2B     		cmp	r3, #252
 2258 0014 09D8     		bhi	.L349
 2259 0016 C3EB0320 		rsb	r0, r3, r3, lsl #8
 2260 001a C0F30725 		ubfx	r5, r0, #8, #8
 2261              	.L343:
 2262 001e 56B9     		cbnz	r6, .L345
 2263 0020 2046     		mov	r0, r4
 2264 0022 FFF7FEFF 		bl	lv_obj_get_parent
 2265 0026 0446     		mov	r4, r0
 2266 0028 05E0     		b	.L345
 2267              	.L349:
 2268 002a FF25     		movs	r5, #255
 2269 002c F7E7     		b	.L343
 2270              	.L346:
 2271 002e 2046     		mov	r0, r4
 2272 0030 FFF7FEFF 		bl	lv_obj_get_parent
 2273 0034 0446     		mov	r4, r0
 2274              	.L345:
 2275 0036 7CB1     		cbz	r4, .L354
 2276 0038 6022     		movs	r2, #96
 2277 003a 0021     		movs	r1, #0
 2278 003c 2046     		mov	r0, r4
 2279 003e FFF7FEFF 		bl	lv_obj_get_style_prop
 2280 0042 C3B2     		uxtb	r3, r0
 2281 0044 022B     		cmp	r3, #2
 2282 0046 10D9     		bls	.L350
 2283 0048 FC2B     		cmp	r3, #252
 2284 004a F0D8     		bhi	.L346
 2285 004c 1846     		mov	r0, r3
 2286 004e 05FB00F0 		mul	r0, r5, r0
 2287 0052 C0F30725 		ubfx	r5, r0, #8, #8
 2288 0056 EAE7     		b	.L346
ARM GAS  /var/folders/lp/x54gwt890xv47sdkqj1k04q40000gn/T//ccCM6tS8.s 			page 40


 2289              	.L354:
 2290 0058 022D     		cmp	r5, #2
 2291 005a 08D9     		bls	.L351
 2292 005c FC2D     		cmp	r5, #252
 2293 005e 02D9     		bls	.L342
 2294 0060 FF25     		movs	r5, #255
 2295 0062 00E0     		b	.L342
 2296              	.L348:
 2297 0064 0025     		movs	r5, #0
 2298              	.L342:
 2299 0066 2846     		mov	r0, r5
 2300 0068 70BD     		pop	{r4, r5, r6, pc}
 2301              	.L350:
 2302 006a 0025     		movs	r5, #0
 2303 006c FBE7     		b	.L342
 2304              	.L351:
 2305 006e 0025     		movs	r5, #0
 2306 0070 F9E7     		b	.L342
 2308              		.section	.data.style_refr,"aw"
 2311              	style_refr:
 2312 0000 01       		.byte	1
 2313              		.ident	"GCC: (xPack GNU Arm Embedded GCC arm64) 13.3.1 20240614"
ARM GAS  /var/folders/lp/x54gwt890xv47sdkqj1k04q40000gn/T//ccCM6tS8.s 			page 41


DEFINED SYMBOLS
                            *ABS*:00000000 lv_obj_style.c
/var/folders/lp/x54gwt890xv47sdkqj1k04q40000gn/T//ccCM6tS8.s:18     .text.lv_color_mix:00000000 $t
/var/folders/lp/x54gwt890xv47sdkqj1k04q40000gn/T//ccCM6tS8.s:23     .text.lv_color_mix:00000000 lv_color_mix
/var/folders/lp/x54gwt890xv47sdkqj1k04q40000gn/T//ccCM6tS8.s:54     .text.lv_color_mix:00000048 $d
/var/folders/lp/x54gwt890xv47sdkqj1k04q40000gn/T//ccCM6tS8.s:57     .text.trans_del:00000000 $t
/var/folders/lp/x54gwt890xv47sdkqj1k04q40000gn/T//ccCM6tS8.s:62     .text.trans_del:00000000 trans_del
/var/folders/lp/x54gwt890xv47sdkqj1k04q40000gn/T//ccCM6tS8.s:149    .text.trans_del:000000ac $d
/var/folders/lp/x54gwt890xv47sdkqj1k04q40000gn/T//ccCM6tS8.s:152    .text.refresh_children_style:00000000 $t
/var/folders/lp/x54gwt890xv47sdkqj1k04q40000gn/T//ccCM6tS8.s:157    .text.refresh_children_style:00000000 refresh_children_style
/var/folders/lp/x54gwt890xv47sdkqj1k04q40000gn/T//ccCM6tS8.s:187    .text.get_local_style:00000000 $t
/var/folders/lp/x54gwt890xv47sdkqj1k04q40000gn/T//ccCM6tS8.s:192    .text.get_local_style:00000000 get_local_style
/var/folders/lp/x54gwt890xv47sdkqj1k04q40000gn/T//ccCM6tS8.s:278    .text.get_trans_style:00000000 $t
/var/folders/lp/x54gwt890xv47sdkqj1k04q40000gn/T//ccCM6tS8.s:283    .text.get_trans_style:00000000 get_trans_style
/var/folders/lp/x54gwt890xv47sdkqj1k04q40000gn/T//ccCM6tS8.s:362    .text.fade_anim_cb:00000000 $t
/var/folders/lp/x54gwt890xv47sdkqj1k04q40000gn/T//ccCM6tS8.s:367    .text.fade_anim_cb:00000000 fade_anim_cb
/var/folders/lp/x54gwt890xv47sdkqj1k04q40000gn/T//ccCM6tS8.s:377    .text._lv_obj_style_init:00000000 $t
/var/folders/lp/x54gwt890xv47sdkqj1k04q40000gn/T//ccCM6tS8.s:383    .text._lv_obj_style_init:00000000 _lv_obj_style_init
/var/folders/lp/x54gwt890xv47sdkqj1k04q40000gn/T//ccCM6tS8.s:394    .text._lv_obj_style_init:0000000c $d
/var/folders/lp/x54gwt890xv47sdkqj1k04q40000gn/T//ccCM6tS8.s:397    .text.lv_obj_enable_style_refresh:00000000 $t
/var/folders/lp/x54gwt890xv47sdkqj1k04q40000gn/T//ccCM6tS8.s:403    .text.lv_obj_enable_style_refresh:00000000 lv_obj_enable_style_refresh
/var/folders/lp/x54gwt890xv47sdkqj1k04q40000gn/T//ccCM6tS8.s:413    .text.lv_obj_enable_style_refresh:00000008 $d
/var/folders/lp/x54gwt890xv47sdkqj1k04q40000gn/T//ccCM6tS8.s:2311   .data.style_refr:00000000 style_refr
/var/folders/lp/x54gwt890xv47sdkqj1k04q40000gn/T//ccCM6tS8.s:416    .text.lv_obj_get_local_style_prop:00000000 $t
/var/folders/lp/x54gwt890xv47sdkqj1k04q40000gn/T//ccCM6tS8.s:422    .text.lv_obj_get_local_style_prop:00000000 lv_obj_get_local_style_prop
/var/folders/lp/x54gwt890xv47sdkqj1k04q40000gn/T//ccCM6tS8.s:454    .text.lv_obj_fade_in:00000000 $t
/var/folders/lp/x54gwt890xv47sdkqj1k04q40000gn/T//ccCM6tS8.s:460    .text.lv_obj_fade_in:00000000 lv_obj_fade_in
/var/folders/lp/x54gwt890xv47sdkqj1k04q40000gn/T//ccCM6tS8.s:491    .text.lv_obj_fade_in:00000034 $d
/var/folders/lp/x54gwt890xv47sdkqj1k04q40000gn/T//ccCM6tS8.s:1728   .text.fade_in_anim_ready:00000000 fade_in_anim_ready
/var/folders/lp/x54gwt890xv47sdkqj1k04q40000gn/T//ccCM6tS8.s:495    .text.lv_obj_style_get_selector_state:00000000 $t
/var/folders/lp/x54gwt890xv47sdkqj1k04q40000gn/T//ccCM6tS8.s:501    .text.lv_obj_style_get_selector_state:00000000 lv_obj_style_get_selector_state
/var/folders/lp/x54gwt890xv47sdkqj1k04q40000gn/T//ccCM6tS8.s:509    .text._lv_obj_style_state_compare:00000000 $t
/var/folders/lp/x54gwt890xv47sdkqj1k04q40000gn/T//ccCM6tS8.s:515    .text._lv_obj_style_state_compare:00000000 _lv_obj_style_state_compare
/var/folders/lp/x54gwt890xv47sdkqj1k04q40000gn/T//ccCM6tS8.s:779    .text.lv_obj_style_get_selector_part:00000000 $t
/var/folders/lp/x54gwt890xv47sdkqj1k04q40000gn/T//ccCM6tS8.s:785    .text.lv_obj_style_get_selector_part:00000000 lv_obj_style_get_selector_part
/var/folders/lp/x54gwt890xv47sdkqj1k04q40000gn/T//ccCM6tS8.s:793    .text.get_prop_core:00000000 $t
/var/folders/lp/x54gwt890xv47sdkqj1k04q40000gn/T//ccCM6tS8.s:798    .text.get_prop_core:00000000 get_prop_core
/var/folders/lp/x54gwt890xv47sdkqj1k04q40000gn/T//ccCM6tS8.s:934    .text.lv_obj_get_style_prop:00000000 $t
/var/folders/lp/x54gwt890xv47sdkqj1k04q40000gn/T//ccCM6tS8.s:940    .text.lv_obj_get_style_prop:00000000 lv_obj_get_style_prop
/var/folders/lp/x54gwt890xv47sdkqj1k04q40000gn/T//ccCM6tS8.s:1024   .text.calculate_layer_type:00000000 $t
/var/folders/lp/x54gwt890xv47sdkqj1k04q40000gn/T//ccCM6tS8.s:1029   .text.calculate_layer_type:00000000 calculate_layer_type
/var/folders/lp/x54gwt890xv47sdkqj1k04q40000gn/T//ccCM6tS8.s:1073   .text._lv_obj_style_create_transition:00000000 $t
/var/folders/lp/x54gwt890xv47sdkqj1k04q40000gn/T//ccCM6tS8.s:1079   .text._lv_obj_style_create_transition:00000000 _lv_obj_style_create_transition
/var/folders/lp/x54gwt890xv47sdkqj1k04q40000gn/T//ccCM6tS8.s:1218   .text._lv_obj_style_create_transition:00000138 $d
/var/folders/lp/x54gwt890xv47sdkqj1k04q40000gn/T//ccCM6tS8.s:1744   .text.trans_anim_cb:00000000 trans_anim_cb
/var/folders/lp/x54gwt890xv47sdkqj1k04q40000gn/T//ccCM6tS8.s:2182   .text.trans_anim_start_cb:00000000 trans_anim_start_cb
/var/folders/lp/x54gwt890xv47sdkqj1k04q40000gn/T//ccCM6tS8.s:2093   .text.trans_anim_ready_cb:00000000 trans_anim_ready_cb
/var/folders/lp/x54gwt890xv47sdkqj1k04q40000gn/T//ccCM6tS8.s:1224   .text._lv_obj_style_apply_color_filter:00000000 $t
/var/folders/lp/x54gwt890xv47sdkqj1k04q40000gn/T//ccCM6tS8.s:1230   .text._lv_obj_style_apply_color_filter:00000000 _lv_obj_style_apply_color_filter
/var/folders/lp/x54gwt890xv47sdkqj1k04q40000gn/T//ccCM6tS8.s:1264   .text.lv_obj_fade_out:00000000 $t
/var/folders/lp/x54gwt890xv47sdkqj1k04q40000gn/T//ccCM6tS8.s:1270   .text.lv_obj_fade_out:00000000 lv_obj_fade_out
/var/folders/lp/x54gwt890xv47sdkqj1k04q40000gn/T//ccCM6tS8.s:1303   .text.lv_obj_fade_out:0000003c $d
/var/folders/lp/x54gwt890xv47sdkqj1k04q40000gn/T//ccCM6tS8.s:1306   .text.lv_obj_refresh_style:00000000 $t
/var/folders/lp/x54gwt890xv47sdkqj1k04q40000gn/T//ccCM6tS8.s:1312   .text.lv_obj_refresh_style:00000000 lv_obj_refresh_style
/var/folders/lp/x54gwt890xv47sdkqj1k04q40000gn/T//ccCM6tS8.s:1442   .text.lv_obj_refresh_style:00000124 $d
/var/folders/lp/x54gwt890xv47sdkqj1k04q40000gn/T//ccCM6tS8.s:1445   .text.lv_obj_add_style:00000000 $t
/var/folders/lp/x54gwt890xv47sdkqj1k04q40000gn/T//ccCM6tS8.s:1451   .text.lv_obj_add_style:00000000 lv_obj_add_style
ARM GAS  /var/folders/lp/x54gwt890xv47sdkqj1k04q40000gn/T//ccCM6tS8.s 			page 42


/var/folders/lp/x54gwt890xv47sdkqj1k04q40000gn/T//ccCM6tS8.s:1523   .text.report_style_change_core:00000000 $t
/var/folders/lp/x54gwt890xv47sdkqj1k04q40000gn/T//ccCM6tS8.s:1528   .text.report_style_change_core:00000000 report_style_change_core
/var/folders/lp/x54gwt890xv47sdkqj1k04q40000gn/T//ccCM6tS8.s:1572   .text.lv_obj_report_style_change:00000000 $t
/var/folders/lp/x54gwt890xv47sdkqj1k04q40000gn/T//ccCM6tS8.s:1578   .text.lv_obj_report_style_change:00000000 lv_obj_report_style_change
/var/folders/lp/x54gwt890xv47sdkqj1k04q40000gn/T//ccCM6tS8.s:1614   .text.lv_obj_report_style_change:0000003c $d
/var/folders/lp/x54gwt890xv47sdkqj1k04q40000gn/T//ccCM6tS8.s:1617   .text.lv_obj_set_local_style_prop:00000000 $t
/var/folders/lp/x54gwt890xv47sdkqj1k04q40000gn/T//ccCM6tS8.s:1623   .text.lv_obj_set_local_style_prop:00000000 lv_obj_set_local_style_prop
/var/folders/lp/x54gwt890xv47sdkqj1k04q40000gn/T//ccCM6tS8.s:1643   .text.lv_obj_set_local_style_prop_meta:00000000 $t
/var/folders/lp/x54gwt890xv47sdkqj1k04q40000gn/T//ccCM6tS8.s:1649   .text.lv_obj_set_local_style_prop_meta:00000000 lv_obj_set_local_style_prop_meta
/var/folders/lp/x54gwt890xv47sdkqj1k04q40000gn/T//ccCM6tS8.s:1669   .text.lv_obj_remove_local_style_prop:00000000 $t
/var/folders/lp/x54gwt890xv47sdkqj1k04q40000gn/T//ccCM6tS8.s:1675   .text.lv_obj_remove_local_style_prop:00000000 lv_obj_remove_local_style_prop
/var/folders/lp/x54gwt890xv47sdkqj1k04q40000gn/T//ccCM6tS8.s:1723   .text.fade_in_anim_ready:00000000 $t
/var/folders/lp/x54gwt890xv47sdkqj1k04q40000gn/T//ccCM6tS8.s:1739   .text.trans_anim_cb:00000000 $t
/var/folders/lp/x54gwt890xv47sdkqj1k04q40000gn/T//ccCM6tS8.s:1781   .text.trans_anim_cb:00000058 $d
/var/folders/lp/x54gwt890xv47sdkqj1k04q40000gn/T//ccCM6tS8.s:1799   .text.trans_anim_cb:0000006a $t
/var/folders/lp/x54gwt890xv47sdkqj1k04q40000gn/T//ccCM6tS8.s:1937   .text.trans_anim_cb:00000180 $d
/var/folders/lp/x54gwt890xv47sdkqj1k04q40000gn/T//ccCM6tS8.s:1941   .text.lv_obj_remove_style:00000000 $t
/var/folders/lp/x54gwt890xv47sdkqj1k04q40000gn/T//ccCM6tS8.s:1947   .text.lv_obj_remove_style:00000000 lv_obj_remove_style
/var/folders/lp/x54gwt890xv47sdkqj1k04q40000gn/T//ccCM6tS8.s:2088   .text.trans_anim_ready_cb:00000000 $t
/var/folders/lp/x54gwt890xv47sdkqj1k04q40000gn/T//ccCM6tS8.s:2174   .text.trans_anim_ready_cb:000000a8 $d
/var/folders/lp/x54gwt890xv47sdkqj1k04q40000gn/T//ccCM6tS8.s:2177   .text.trans_anim_start_cb:00000000 $t
/var/folders/lp/x54gwt890xv47sdkqj1k04q40000gn/T//ccCM6tS8.s:2214   .text.lv_obj_calculate_style_text_align:00000000 $t
/var/folders/lp/x54gwt890xv47sdkqj1k04q40000gn/T//ccCM6tS8.s:2220   .text.lv_obj_calculate_style_text_align:00000000 lv_obj_calculate_style_text_align
/var/folders/lp/x54gwt890xv47sdkqj1k04q40000gn/T//ccCM6tS8.s:2240   .text.lv_obj_get_style_opa_recursive:00000000 $t
/var/folders/lp/x54gwt890xv47sdkqj1k04q40000gn/T//ccCM6tS8.s:2246   .text.lv_obj_get_style_opa_recursive:00000000 lv_obj_get_style_opa_recursive

UNDEFINED SYMBOLS
_lv_ll_get_tail
_lv_ll_get_prev
lv_style_remove_prop
lv_anim_del
_lv_ll_remove
lv_mem_free
_lv_obj_style_trans_ll
lv_obj_get_child_cnt
lv_obj_invalidate
lv_event_send
lv_mem_realloc
lv_memset_00
lv_mem_alloc
lv_style_init
lv_obj_set_style_opa
_lv_ll_init
lv_style_get_prop
lv_anim_init
lv_anim_start
_lv_style_get_prop_group
_lv_style_prop_lookup_flags
lv_obj_get_parent
lv_style_prop_get_default
lv_style_set_prop
_lv_ll_ins_head
lv_obj_get_width
lv_obj_get_height
lv_obj_mark_layout_as_dirty
lv_obj_refresh_ext_draw_size
lv_obj_allocate_spec_attr
ARM GAS  /var/folders/lp/x54gwt890xv47sdkqj1k04q40000gn/T//ccCM6tS8.s 			page 43


lv_disp_get_next
lv_style_set_prop_meta
lv_style_reset
_lv_ll_get_head
_lv_ll_get_next
lv_style_is_empty
