ARM GAS  /var/folders/lp/x54gwt890xv47sdkqj1k04q40000gn/T//ccjOWBO9.s 			page 1


   1              		.cpu cortex-m4
   2              		.arch armv7e-m
   3              		.fpu fpv4-sp-d16
   4              		.eabi_attribute 27, 1
   5              		.eabi_attribute 28, 1
   6              		.eabi_attribute 20, 1
   7              		.eabi_attribute 21, 1
   8              		.eabi_attribute 23, 3
   9              		.eabi_attribute 24, 1
  10              		.eabi_attribute 25, 1
  11              		.eabi_attribute 26, 1
  12              		.eabi_attribute 30, 1
  13              		.eabi_attribute 34, 1
  14              		.eabi_attribute 18, 4
  15              		.file	"lv_spinner.c"
  16              		.text
  17              		.section	.text.lv_spinner_constructor,"ax",%progbits
  18              		.align	1
  19              		.syntax unified
  20              		.thumb
  21              		.thumb_func
  23              	lv_spinner_constructor:
  24              		@ args = 0, pretend = 0, frame = 72
  25              		@ frame_needed = 0, uses_anonymous_args = 0
  26 0000 70B5     		push	{r4, r5, r6, lr}
  27 0002 92B0     		sub	sp, sp, #72
  28 0004 0C46     		mov	r4, r1
  29 0006 0221     		movs	r1, #2
  30 0008 2046     		mov	r0, r4
  31 000a FFF7FEFF 		bl	lv_obj_clear_flag
  32 000e 01A8     		add	r0, sp, #4
  33 0010 FFF7FEFF 		bl	lv_anim_init
  34 0014 0194     		str	r4, [sp, #4]
  35 0016 164B     		ldr	r3, .L3
  36 0018 0293     		str	r3, [sp, #8]
  37 001a 4FF6FF73 		movw	r3, #65535
  38 001e ADF84430 		strh	r3, [sp, #68]	@ movhi
  39 0022 144B     		ldr	r3, .L3+4
  40 0024 1B68     		ldr	r3, [r3]
  41 0026 0C93     		str	r3, [sp, #48]
  42 0028 134B     		ldr	r3, .L3+8
  43 002a 1B68     		ldr	r3, [r3]
  44 002c 03F5B472 		add	r2, r3, #360
  45 0030 0993     		str	r3, [sp, #36]
  46 0032 0A93     		str	r3, [sp, #40]
  47 0034 0B92     		str	r2, [sp, #44]
  48 0036 01A8     		add	r0, sp, #4
  49 0038 FFF7FEFF 		bl	lv_anim_start
  50 003c 0F4B     		ldr	r3, .L3+12
  51 003e 0893     		str	r3, [sp, #32]
  52 0040 0025     		movs	r5, #0
  53 0042 0995     		str	r5, [sp, #36]
  54 0044 0A95     		str	r5, [sp, #40]
  55 0046 4FF4B476 		mov	r6, #360
  56 004a 0B96     		str	r6, [sp, #44]
  57 004c 0C4B     		ldr	r3, .L3+16
  58 004e 0293     		str	r3, [sp, #8]
ARM GAS  /var/folders/lp/x54gwt890xv47sdkqj1k04q40000gn/T//ccjOWBO9.s 			page 2


  59 0050 01A8     		add	r0, sp, #4
  60 0052 FFF7FEFF 		bl	lv_anim_start
  61 0056 3246     		mov	r2, r6
  62 0058 2946     		mov	r1, r5
  63 005a 2046     		mov	r0, r4
  64 005c FFF7FEFF 		bl	lv_arc_set_bg_angles
  65 0060 4FF48771 		mov	r1, #270
  66 0064 2046     		mov	r0, r4
  67 0066 FFF7FEFF 		bl	lv_arc_set_rotation
  68 006a 12B0     		add	sp, sp, #72
  69              		@ sp needed
  70 006c 70BD     		pop	{r4, r5, r6, pc}
  71              	.L4:
  72 006e 00BF     		.align	2
  73              	.L3:
  74 0070 00000000 		.word	arc_anim_end_angle
  75 0074 00000000 		.word	time_param
  76 0078 00000000 		.word	arc_length_param
  77 007c 00000000 		.word	lv_anim_path_ease_in_out
  78 0080 00000000 		.word	arc_anim_start_angle
  80              		.section	.text.arc_anim_start_angle,"ax",%progbits
  81              		.align	1
  82              		.syntax unified
  83              		.thumb
  84              		.thumb_func
  86              	arc_anim_start_angle:
  87              		@ args = 0, pretend = 0, frame = 0
  88              		@ frame_needed = 0, uses_anonymous_args = 0
  89 0000 08B5     		push	{r3, lr}
  90 0002 89B2     		uxth	r1, r1
  91 0004 FFF7FEFF 		bl	lv_arc_set_start_angle
  92 0008 08BD     		pop	{r3, pc}
  94              		.section	.text.arc_anim_end_angle,"ax",%progbits
  95              		.align	1
  96              		.syntax unified
  97              		.thumb
  98              		.thumb_func
 100              	arc_anim_end_angle:
 101              		@ args = 0, pretend = 0, frame = 0
 102              		@ frame_needed = 0, uses_anonymous_args = 0
 103 0000 08B5     		push	{r3, lr}
 104 0002 89B2     		uxth	r1, r1
 105 0004 FFF7FEFF 		bl	lv_arc_set_end_angle
 106 0008 08BD     		pop	{r3, pc}
 108              		.section	.text.lv_spinner_create,"ax",%progbits
 109              		.align	1
 110              		.global	lv_spinner_create
 111              		.syntax unified
 112              		.thumb
 113              		.thumb_func
 115              	lv_spinner_create:
 116              		@ args = 0, pretend = 0, frame = 0
 117              		@ frame_needed = 0, uses_anonymous_args = 0
 118 0000 10B5     		push	{r4, lr}
 119 0002 064B     		ldr	r3, .L11
 120 0004 1960     		str	r1, [r3]
 121 0006 064B     		ldr	r3, .L11+4
ARM GAS  /var/folders/lp/x54gwt890xv47sdkqj1k04q40000gn/T//ccjOWBO9.s 			page 3


 122 0008 1A60     		str	r2, [r3]
 123 000a 0146     		mov	r1, r0
 124 000c 0548     		ldr	r0, .L11+8
 125 000e FFF7FEFF 		bl	lv_obj_class_create_obj
 126 0012 0446     		mov	r4, r0
 127 0014 FFF7FEFF 		bl	lv_obj_class_init_obj
 128 0018 2046     		mov	r0, r4
 129 001a 10BD     		pop	{r4, pc}
 130              	.L12:
 131              		.align	2
 132              	.L11:
 133 001c 00000000 		.word	time_param
 134 0020 00000000 		.word	arc_length_param
 135 0024 00000000 		.word	lv_spinner_class
 137              		.section	.bss.arc_length_param,"aw",%nobits
 138              		.align	2
 141              	arc_length_param:
 142 0000 00000000 		.space	4
 143              		.section	.bss.time_param,"aw",%nobits
 144              		.align	2
 147              	time_param:
 148 0000 00000000 		.space	4
 149              		.global	lv_spinner_class
 150              		.section	.rodata.lv_spinner_class,"a"
 151              		.align	2
 154              	lv_spinner_class:
 155 0000 00000000 		.word	lv_arc_class
 156 0004 00000000 		.word	lv_spinner_constructor
 157 0008 00000000 		.space	20
 157      00000000 
 157      00000000 
 157      00000000 
 157      00000000 
 158              		.ident	"GCC: (xPack GNU Arm Embedded GCC arm64) 13.3.1 20240614"
ARM GAS  /var/folders/lp/x54gwt890xv47sdkqj1k04q40000gn/T//ccjOWBO9.s 			page 4


DEFINED SYMBOLS
                            *ABS*:00000000 lv_spinner.c
/var/folders/lp/x54gwt890xv47sdkqj1k04q40000gn/T//ccjOWBO9.s:18     .text.lv_spinner_constructor:00000000 $t
/var/folders/lp/x54gwt890xv47sdkqj1k04q40000gn/T//ccjOWBO9.s:23     .text.lv_spinner_constructor:00000000 lv_spinner_constructor
/var/folders/lp/x54gwt890xv47sdkqj1k04q40000gn/T//ccjOWBO9.s:74     .text.lv_spinner_constructor:00000070 $d
/var/folders/lp/x54gwt890xv47sdkqj1k04q40000gn/T//ccjOWBO9.s:100    .text.arc_anim_end_angle:00000000 arc_anim_end_angle
/var/folders/lp/x54gwt890xv47sdkqj1k04q40000gn/T//ccjOWBO9.s:147    .bss.time_param:00000000 time_param
/var/folders/lp/x54gwt890xv47sdkqj1k04q40000gn/T//ccjOWBO9.s:141    .bss.arc_length_param:00000000 arc_length_param
/var/folders/lp/x54gwt890xv47sdkqj1k04q40000gn/T//ccjOWBO9.s:86     .text.arc_anim_start_angle:00000000 arc_anim_start_angle
/var/folders/lp/x54gwt890xv47sdkqj1k04q40000gn/T//ccjOWBO9.s:81     .text.arc_anim_start_angle:00000000 $t
/var/folders/lp/x54gwt890xv47sdkqj1k04q40000gn/T//ccjOWBO9.s:95     .text.arc_anim_end_angle:00000000 $t
/var/folders/lp/x54gwt890xv47sdkqj1k04q40000gn/T//ccjOWBO9.s:109    .text.lv_spinner_create:00000000 $t
/var/folders/lp/x54gwt890xv47sdkqj1k04q40000gn/T//ccjOWBO9.s:115    .text.lv_spinner_create:00000000 lv_spinner_create
/var/folders/lp/x54gwt890xv47sdkqj1k04q40000gn/T//ccjOWBO9.s:133    .text.lv_spinner_create:0000001c $d
/var/folders/lp/x54gwt890xv47sdkqj1k04q40000gn/T//ccjOWBO9.s:154    .rodata.lv_spinner_class:00000000 lv_spinner_class
/var/folders/lp/x54gwt890xv47sdkqj1k04q40000gn/T//ccjOWBO9.s:138    .bss.arc_length_param:00000000 $d
/var/folders/lp/x54gwt890xv47sdkqj1k04q40000gn/T//ccjOWBO9.s:144    .bss.time_param:00000000 $d
/var/folders/lp/x54gwt890xv47sdkqj1k04q40000gn/T//ccjOWBO9.s:151    .rodata.lv_spinner_class:00000000 $d

UNDEFINED SYMBOLS
lv_obj_clear_flag
lv_anim_init
lv_anim_start
lv_arc_set_bg_angles
lv_arc_set_rotation
lv_anim_path_ease_in_out
lv_arc_set_start_angle
lv_arc_set_end_angle
lv_obj_class_create_obj
lv_obj_class_init_obj
lv_arc_class
