ARM GAS  /var/folders/lp/x54gwt890xv47sdkqj1k04q40000gn/T//ccEP6Nju.s 			page 1


   1              		.cpu cortex-m4
   2              		.arch armv7e-m
   3              		.fpu fpv4-sp-d16
   4              		.eabi_attribute 27, 1
   5              		.eabi_attribute 28, 1
   6              		.eabi_attribute 20, 1
   7              		.eabi_attribute 21, 1
   8              		.eabi_attribute 23, 3
   9              		.eabi_attribute 24, 1
  10              		.eabi_attribute 25, 1
  11              		.eabi_attribute 26, 1
  12              		.eabi_attribute 30, 1
  13              		.eabi_attribute 34, 1
  14              		.eabi_attribute 18, 4
  15              		.file	"lv_spinbox.c"
  16              		.text
  17              		.section	.rodata.lv_spinbox_updatevalue.str1.4,"aMS",%progbits,1
  18              		.align	2
  19              	.LC0:
  20 0000 256C6400 		.ascii	"%ld\000"
  21              		.section	.text.lv_spinbox_updatevalue,"ax",%progbits
  22              		.align	1
  23              		.syntax unified
  24              		.thumb
  25              		.thumb_func
  27              	lv_spinbox_updatevalue:
  28              		@ args = 0, pretend = 0, frame = 40
  29              		@ frame_needed = 0, uses_anonymous_args = 0
  30 0000 F0B5     		push	{r4, r5, r6, r7, lr}
  31 0002 8BB0     		sub	sp, sp, #44
  32 0004 0446     		mov	r4, r0
  33 0006 1221     		movs	r1, #18
  34 0008 05A8     		add	r0, sp, #20
  35 000a FFF7FEFF 		bl	lv_memset_00
  36 000e E36E     		ldr	r3, [r4, #108]
  37 0010 002B     		cmp	r3, #0
  38 0012 23DB     		blt	.L22
  39 0014 0126     		movs	r6, #1
  40 0016 05AF     		add	r7, sp, #20
  41              	.L2:
  42 0018 636E     		ldr	r3, [r4, #100]
  43 001a 002B     		cmp	r3, #0
  44 001c B8BF     		it	lt
  45 001e 5B42     		rsblt	r3, r3, #0
  46 0020 3F4A     		ldr	r2, .L24
  47 0022 0E21     		movs	r1, #14
  48 0024 01A8     		add	r0, sp, #4
  49 0026 FFF7FEFF 		bl	lv_snprintf
  50 002a 94F87450 		ldrb	r5, [r4, #116]	@ zero_extendqisi2
  51 002e 05F00F05 		and	r5, r5, #15
  52 0032 01A8     		add	r0, sp, #4
  53 0034 FFF7FEFF 		bl	strlen
  54 0038 0346     		mov	r3, r0
  55 003a 281A     		subs	r0, r5, r0
  56 003c 0028     		cmp	r0, #0
  57 003e 24DD     		ble	.L5
  58              	.L4:
ARM GAS  /var/folders/lp/x54gwt890xv47sdkqj1k04q40000gn/T//ccEP6Nju.s 			page 2


  59 0040 002B     		cmp	r3, #0
  60 0042 17DB     		blt	.L23
  61 0044 1A18     		adds	r2, r3, r0
  62 0046 03F12801 		add	r1, r3, #40
  63 004a 6944     		add	r1, sp, r1
  64 004c 11F8241C 		ldrb	r1, [r1, #-36]	@ zero_extendqisi2
  65 0050 2832     		adds	r2, r2, #40
  66 0052 6A44     		add	r2, sp, r2
  67 0054 02F8241C 		strb	r1, [r2, #-36]
  68 0058 013B     		subs	r3, r3, #1
  69 005a F1E7     		b	.L4
  70              	.L22:
  71 005c 636E     		ldr	r3, [r4, #100]
  72 005e 002B     		cmp	r3, #0
  73 0060 06DB     		blt	.L20
  74 0062 2B23     		movs	r3, #43
  75              	.L3:
  76 0064 8DF81430 		strb	r3, [sp, #20]
  77 0068 0026     		movs	r6, #0
  78 006a 0DF11507 		add	r7, sp, #21
  79 006e D3E7     		b	.L2
  80              	.L20:
  81 0070 2D23     		movs	r3, #45
  82 0072 F7E7     		b	.L3
  83              	.L23:
  84 0074 0023     		movs	r3, #0
  85              	.L7:
  86 0076 8342     		cmp	r3, r0
  87 0078 07DA     		bge	.L5
  88 007a 03F12802 		add	r2, r3, #40
  89 007e 6A44     		add	r2, sp, r2
  90 0080 3021     		movs	r1, #48
  91 0082 02F8241C 		strb	r1, [r2, #-36]
  92 0086 0133     		adds	r3, r3, #1
  93 0088 F5E7     		b	.L7
  94              	.L5:
  95 008a 94F87430 		ldrb	r3, [r4, #116]	@ zero_extendqisi2
  96 008e 0F2B     		cmp	r3, #15
  97 0090 00D9     		bls	.L9
  98 0092 1D09     		lsrs	r5, r3, #4
  99              	.L9:
 100 0094 0023     		movs	r3, #0
 101 0096 02E0     		b	.L10
 102              	.L12:
 103 0098 07F8012B 		strb	r2, [r7], #1
 104 009c 0133     		adds	r3, r3, #1
 105              	.L10:
 106 009e AB42     		cmp	r3, r5
 107 00a0 06DA     		bge	.L11
 108 00a2 03F12802 		add	r2, r3, #40
 109 00a6 6A44     		add	r2, sp, r2
 110 00a8 12F8242C 		ldrb	r2, [r2, #-36]	@ zero_extendqisi2
 111 00ac 002A     		cmp	r2, #0
 112 00ae F3D1     		bne	.L12
 113              	.L11:
 114 00b0 94F87420 		ldrb	r2, [r4, #116]	@ zero_extendqisi2
 115 00b4 0F2A     		cmp	r2, #15
ARM GAS  /var/folders/lp/x54gwt890xv47sdkqj1k04q40000gn/T//ccEP6Nju.s 			page 3


 116 00b6 13D9     		bls	.L13
 117 00b8 2E22     		movs	r2, #46
 118 00ba 07F8012B 		strb	r2, [r7], #1
 119 00be 02E0     		b	.L14
 120              	.L15:
 121 00c0 07F8012B 		strb	r2, [r7], #1
 122 00c4 0133     		adds	r3, r3, #1
 123              	.L14:
 124 00c6 94F87420 		ldrb	r2, [r4, #116]	@ zero_extendqisi2
 125 00ca 02F00F02 		and	r2, r2, #15
 126 00ce 9A42     		cmp	r2, r3
 127 00d0 06DD     		ble	.L13
 128 00d2 03F12802 		add	r2, r3, #40
 129 00d6 6A44     		add	r2, sp, r2
 130 00d8 12F8242C 		ldrb	r2, [r2, #-36]	@ zero_extendqisi2
 131 00dc 002A     		cmp	r2, #0
 132 00de EFD1     		bne	.L15
 133              	.L13:
 134 00e0 05A9     		add	r1, sp, #20
 135 00e2 2046     		mov	r0, r4
 136 00e4 FFF7FEFF 		bl	lv_textarea_set_text
 137 00e8 236F     		ldr	r3, [r4, #112]
 138 00ea 94F87410 		ldrb	r1, [r4, #116]	@ zero_extendqisi2
 139 00ee 01F00F01 		and	r1, r1, #15
 140 00f2 07E0     		b	.L16
 141              	.L17:
 142 00f4 0B4A     		ldr	r2, .L24+4
 143 00f6 82FB0302 		smull	r0, r2, r2, r3
 144 00fa DB17     		asrs	r3, r3, #31
 145 00fc C3EBA203 		rsb	r3, r3, r2, asr #2
 146 0100 0139     		subs	r1, r1, #1
 147 0102 C9B2     		uxtb	r1, r1
 148              	.L16:
 149 0104 092B     		cmp	r3, #9
 150 0106 F5DC     		bgt	.L17
 151 0108 A942     		cmp	r1, r5
 152 010a 01DD     		ble	.L18
 153 010c 0131     		adds	r1, r1, #1
 154 010e C9B2     		uxtb	r1, r1
 155              	.L18:
 156 0110 891B     		subs	r1, r1, r6
 157 0112 C9B2     		uxtb	r1, r1
 158 0114 2046     		mov	r0, r4
 159 0116 FFF7FEFF 		bl	lv_textarea_set_cursor_pos
 160 011a 0BB0     		add	sp, sp, #44
 161              		@ sp needed
 162 011c F0BD     		pop	{r4, r5, r6, r7, pc}
 163              	.L25:
 164 011e 00BF     		.align	2
 165              	.L24:
 166 0120 00000000 		.word	.LC0
 167 0124 67666666 		.word	1717986919
 169              		.section	.text.lv_spinbox_constructor,"ax",%progbits
 170              		.align	1
 171              		.syntax unified
 172              		.thumb
 173              		.thumb_func
ARM GAS  /var/folders/lp/x54gwt890xv47sdkqj1k04q40000gn/T//ccEP6Nju.s 			page 4


 175              	lv_spinbox_constructor:
 176              		@ args = 0, pretend = 0, frame = 0
 177              		@ frame_needed = 0, uses_anonymous_args = 0
 178 0000 38B5     		push	{r3, r4, r5, lr}
 179 0002 0C46     		mov	r4, r1
 180 0004 0023     		movs	r3, #0
 181 0006 4B66     		str	r3, [r1, #100]
 182 0008 91F87420 		ldrb	r2, [r1, #116]	@ zero_extendqisi2
 183 000c 63F30712 		bfi	r2, r3, #4, #4
 184 0010 81F87420 		strb	r2, [r1, #116]
 185 0014 D2B2     		uxtb	r2, r2
 186 0016 0521     		movs	r1, #5
 187 0018 61F30302 		bfi	r2, r1, #0, #4
 188 001c 84F87420 		strb	r2, [r4, #116]
 189 0020 0125     		movs	r5, #1
 190 0022 2567     		str	r5, [r4, #112]
 191 0024 0D4A     		ldr	r2, .L28
 192 0026 A266     		str	r2, [r4, #104]
 193 0028 0D4A     		ldr	r2, .L28+4
 194 002a E266     		str	r2, [r4, #108]
 195 002c 94F87520 		ldrb	r2, [r4, #117]	@ zero_extendqisi2
 196 0030 63F30002 		bfi	r2, r3, #0, #1
 197 0034 84F87520 		strb	r2, [r4, #117]
 198 0038 D3B2     		uxtb	r3, r2
 199 003a 0222     		movs	r2, #2
 200 003c 62F34203 		bfi	r3, r2, #1, #2
 201 0040 84F87530 		strb	r3, [r4, #117]
 202 0044 2946     		mov	r1, r5
 203 0046 2046     		mov	r0, r4
 204 0048 FFF7FEFF 		bl	lv_textarea_set_one_line
 205 004c 2946     		mov	r1, r5
 206 004e 2046     		mov	r0, r4
 207 0050 FFF7FEFF 		bl	lv_textarea_set_cursor_click_pos
 208 0054 2046     		mov	r0, r4
 209 0056 FFF7FEFF 		bl	lv_spinbox_updatevalue
 210 005a 38BD     		pop	{r3, r4, r5, pc}
 211              	.L29:
 212              		.align	2
 213              	.L28:
 214 005c 9F860100 		.word	99999
 215 0060 6179FEFF 		.word	-99999
 217              		.section	.text.lv_spinbox_create,"ax",%progbits
 218              		.align	1
 219              		.global	lv_spinbox_create
 220              		.syntax unified
 221              		.thumb
 222              		.thumb_func
 224              	lv_spinbox_create:
 225              		@ args = 0, pretend = 0, frame = 0
 226              		@ frame_needed = 0, uses_anonymous_args = 0
 227 0000 10B5     		push	{r4, lr}
 228 0002 0146     		mov	r1, r0
 229 0004 0348     		ldr	r0, .L32
 230 0006 FFF7FEFF 		bl	lv_obj_class_create_obj
 231 000a 0446     		mov	r4, r0
 232 000c FFF7FEFF 		bl	lv_obj_class_init_obj
 233 0010 2046     		mov	r0, r4
ARM GAS  /var/folders/lp/x54gwt890xv47sdkqj1k04q40000gn/T//ccEP6Nju.s 			page 5


 234 0012 10BD     		pop	{r4, pc}
 235              	.L33:
 236              		.align	2
 237              	.L32:
 238 0014 00000000 		.word	lv_spinbox_class
 240              		.section	.text.lv_spinbox_set_value,"ax",%progbits
 241              		.align	1
 242              		.global	lv_spinbox_set_value
 243              		.syntax unified
 244              		.thumb
 245              		.thumb_func
 247              	lv_spinbox_set_value:
 248              		@ args = 0, pretend = 0, frame = 0
 249              		@ frame_needed = 0, uses_anonymous_args = 0
 250 0000 08B5     		push	{r3, lr}
 251 0002 836E     		ldr	r3, [r0, #104]
 252 0004 8B42     		cmp	r3, r1
 253 0006 00DB     		blt	.L35
 254 0008 0B46     		mov	r3, r1
 255              	.L35:
 256 000a C26E     		ldr	r2, [r0, #108]
 257 000c 9A42     		cmp	r2, r3
 258 000e 00DC     		bgt	.L36
 259 0010 1A46     		mov	r2, r3
 260              	.L36:
 261 0012 4266     		str	r2, [r0, #100]
 262 0014 FFF7FEFF 		bl	lv_spinbox_updatevalue
 263 0018 08BD     		pop	{r3, pc}
 265              		.section	.text.lv_spinbox_set_rollover,"ax",%progbits
 266              		.align	1
 267              		.global	lv_spinbox_set_rollover
 268              		.syntax unified
 269              		.thumb
 270              		.thumb_func
 272              	lv_spinbox_set_rollover:
 273              		@ args = 0, pretend = 0, frame = 0
 274              		@ frame_needed = 0, uses_anonymous_args = 0
 275              		@ link register save eliminated.
 276 0000 90F87530 		ldrb	r3, [r0, #117]	@ zero_extendqisi2
 277 0004 61F30003 		bfi	r3, r1, #0, #1
 278 0008 80F87530 		strb	r3, [r0, #117]
 279 000c 7047     		bx	lr
 281              		.section	.text.lv_spinbox_set_digit_format,"ax",%progbits
 282              		.align	1
 283              		.global	lv_spinbox_set_digit_format
 284              		.syntax unified
 285              		.thumb
 286              		.thumb_func
 288              	lv_spinbox_set_digit_format:
 289              		@ args = 0, pretend = 0, frame = 0
 290              		@ frame_needed = 0, uses_anonymous_args = 0
 291 0000 70B5     		push	{r4, r5, r6, lr}
 292 0002 0446     		mov	r4, r0
 293 0004 0D46     		mov	r5, r1
 294 0006 1646     		mov	r6, r2
 295 0008 0A29     		cmp	r1, #10
 296 000a 00D9     		bls	.L40
ARM GAS  /var/folders/lp/x54gwt890xv47sdkqj1k04q40000gn/T//ccEP6Nju.s 			page 6


 297 000c 0A25     		movs	r5, #10
 298              	.L40:
 299 000e B542     		cmp	r5, r6
 300 0010 00D8     		bhi	.L41
 301 0012 0026     		movs	r6, #0
 302              	.L41:
 303 0014 092D     		cmp	r5, #9
 304 0016 0ED9     		bls	.L47
 305              	.L42:
 306 0018 94F87430 		ldrb	r3, [r4, #116]	@ zero_extendqisi2
 307 001c 65F30303 		bfi	r3, r5, #0, #4
 308 0020 84F87430 		strb	r3, [r4, #116]
 309 0024 DBB2     		uxtb	r3, r3
 310 0026 66F30713 		bfi	r3, r6, #4, #4
 311 002a 84F87430 		strb	r3, [r4, #116]
 312 002e 2046     		mov	r0, r4
 313 0030 FFF7FEFF 		bl	lv_spinbox_updatevalue
 314 0034 70BD     		pop	{r4, r5, r6, pc}
 315              	.L47:
 316 0036 6AB2     		sxtb	r2, r5
 317 0038 0A20     		movs	r0, #10
 318 003a 0021     		movs	r1, #0
 319 003c FFF7FEFF 		bl	lv_pow
 320 0040 A26E     		ldr	r2, [r4, #104]
 321 0042 D317     		asrs	r3, r2, #31
 322 0044 8242     		cmp	r2, r0
 323 0046 8B41     		sbcs	r3, r3, r1
 324 0048 01DB     		blt	.L43
 325 004a 431E     		subs	r3, r0, #1
 326 004c A366     		str	r3, [r4, #104]
 327              	.L43:
 328 004e E26E     		ldr	r2, [r4, #108]
 329 0050 D317     		asrs	r3, r2, #31
 330 0052 D0F1010C 		rsbs	ip, r0, #1
 331 0056 61EB4101 		sbc	r1, r1, r1, lsl #1
 332 005a 6245     		cmp	r2, ip
 333 005c 8B41     		sbcs	r3, r3, r1
 334 005e DBDA     		bge	.L42
 335 0060 C4F86CC0 		str	ip, [r4, #108]
 336 0064 D8E7     		b	.L42
 338              		.section	.text.lv_spinbox_set_step,"ax",%progbits
 339              		.align	1
 340              		.global	lv_spinbox_set_step
 341              		.syntax unified
 342              		.thumb
 343              		.thumb_func
 345              	lv_spinbox_set_step:
 346              		@ args = 0, pretend = 0, frame = 0
 347              		@ frame_needed = 0, uses_anonymous_args = 0
 348 0000 08B5     		push	{r3, lr}
 349 0002 0167     		str	r1, [r0, #112]
 350 0004 FFF7FEFF 		bl	lv_spinbox_updatevalue
 351 0008 08BD     		pop	{r3, pc}
 353              		.section	.text.lv_spinbox_set_range,"ax",%progbits
 354              		.align	1
 355              		.global	lv_spinbox_set_range
 356              		.syntax unified
ARM GAS  /var/folders/lp/x54gwt890xv47sdkqj1k04q40000gn/T//ccEP6Nju.s 			page 7


 357              		.thumb
 358              		.thumb_func
 360              	lv_spinbox_set_range:
 361              		@ args = 0, pretend = 0, frame = 0
 362              		@ frame_needed = 0, uses_anonymous_args = 0
 363 0000 08B5     		push	{r3, lr}
 364 0002 8266     		str	r2, [r0, #104]
 365 0004 C166     		str	r1, [r0, #108]
 366 0006 436E     		ldr	r3, [r0, #100]
 367 0008 9342     		cmp	r3, r2
 368 000a 00DD     		ble	.L51
 369 000c 4266     		str	r2, [r0, #100]
 370              	.L51:
 371 000e 436E     		ldr	r3, [r0, #100]
 372 0010 8B42     		cmp	r3, r1
 373 0012 00DA     		bge	.L52
 374 0014 4166     		str	r1, [r0, #100]
 375              	.L52:
 376 0016 FFF7FEFF 		bl	lv_spinbox_updatevalue
 377 001a 08BD     		pop	{r3, pc}
 379              		.section	.text.lv_spinbox_set_cursor_pos,"ax",%progbits
 380              		.align	1
 381              		.global	lv_spinbox_set_cursor_pos
 382              		.syntax unified
 383              		.thumb
 384              		.thumb_func
 386              	lv_spinbox_set_cursor_pos:
 387              		@ args = 0, pretend = 0, frame = 0
 388              		@ frame_needed = 0, uses_anonymous_args = 0
 389 0000 F8B5     		push	{r3, r4, r5, r6, r7, lr}
 390 0002 0446     		mov	r4, r0
 391 0004 0E46     		mov	r6, r1
 392 0006 C36E     		ldr	r3, [r0, #108]
 393 0008 002B     		cmp	r3, #0
 394 000a B8BF     		it	lt
 395 000c 5B42     		rsblt	r3, r3, #0
 396 000e 826E     		ldr	r2, [r0, #104]
 397 0010 9342     		cmp	r3, r2
 398 0012 B8BF     		it	lt
 399 0014 1346     		movlt	r3, r2
 400 0016 1D46     		mov	r5, r3
 401 0018 076F     		ldr	r7, [r0, #112]
 402 001a 4AB2     		sxtb	r2, r1
 403 001c 0A20     		movs	r0, #10
 404 001e 0021     		movs	r1, #0
 405 0020 FFF7FEFF 		bl	lv_pow
 406 0024 00FB07F7 		mul	r7, r0, r7
 407 0028 2EB9     		cbnz	r6, .L55
 408 002a 0123     		movs	r3, #1
 409 002c 2367     		str	r3, [r4, #112]
 410              	.L56:
 411 002e 2046     		mov	r0, r4
 412 0030 FFF7FEFF 		bl	lv_spinbox_updatevalue
 413 0034 F8BD     		pop	{r3, r4, r5, r6, r7, pc}
 414              	.L55:
 415 0036 BD42     		cmp	r5, r7
 416 0038 F9DB     		blt	.L56
ARM GAS  /var/folders/lp/x54gwt890xv47sdkqj1k04q40000gn/T//ccEP6Nju.s 			page 8


 417 003a 2767     		str	r7, [r4, #112]
 418 003c F7E7     		b	.L56
 420              		.section	.text.lv_spinbox_set_digit_step_direction,"ax",%progbits
 421              		.align	1
 422              		.global	lv_spinbox_set_digit_step_direction
 423              		.syntax unified
 424              		.thumb
 425              		.thumb_func
 427              	lv_spinbox_set_digit_step_direction:
 428              		@ args = 0, pretend = 0, frame = 0
 429              		@ frame_needed = 0, uses_anonymous_args = 0
 430 0000 08B5     		push	{r3, lr}
 431 0002 90F87520 		ldrb	r2, [r0, #117]	@ zero_extendqisi2
 432 0006 61F34202 		bfi	r2, r1, #1, #2
 433 000a 80F87520 		strb	r2, [r0, #117]
 434 000e FFF7FEFF 		bl	lv_spinbox_updatevalue
 435 0012 08BD     		pop	{r3, pc}
 437              		.section	.text.lv_spinbox_get_value,"ax",%progbits
 438              		.align	1
 439              		.global	lv_spinbox_get_value
 440              		.syntax unified
 441              		.thumb
 442              		.thumb_func
 444              	lv_spinbox_get_value:
 445              		@ args = 0, pretend = 0, frame = 0
 446              		@ frame_needed = 0, uses_anonymous_args = 0
 447              		@ link register save eliminated.
 448 0000 406E     		ldr	r0, [r0, #100]
 449 0002 7047     		bx	lr
 451              		.section	.text.lv_spinbox_get_step,"ax",%progbits
 452              		.align	1
 453              		.global	lv_spinbox_get_step
 454              		.syntax unified
 455              		.thumb
 456              		.thumb_func
 458              	lv_spinbox_get_step:
 459              		@ args = 0, pretend = 0, frame = 0
 460              		@ frame_needed = 0, uses_anonymous_args = 0
 461              		@ link register save eliminated.
 462 0000 006F     		ldr	r0, [r0, #112]
 463 0002 7047     		bx	lr
 465              		.section	.text.lv_spinbox_step_next,"ax",%progbits
 466              		.align	1
 467              		.global	lv_spinbox_step_next
 468              		.syntax unified
 469              		.thumb
 470              		.thumb_func
 472              	lv_spinbox_step_next:
 473              		@ args = 0, pretend = 0, frame = 0
 474              		@ frame_needed = 0, uses_anonymous_args = 0
 475 0000 08B5     		push	{r3, lr}
 476 0002 036F     		ldr	r3, [r0, #112]
 477 0004 074A     		ldr	r2, .L66
 478 0006 82FB0312 		smull	r1, r2, r2, r3
 479 000a D917     		asrs	r1, r3, #31
 480 000c C1EBA201 		rsb	r1, r1, r2, asr #2
 481 0010 092B     		cmp	r3, #9
ARM GAS  /var/folders/lp/x54gwt890xv47sdkqj1k04q40000gn/T//ccEP6Nju.s 			page 9


 482 0012 03DD     		ble	.L63
 483 0014 0167     		str	r1, [r0, #112]
 484              	.L64:
 485 0016 FFF7FEFF 		bl	lv_spinbox_updatevalue
 486 001a 08BD     		pop	{r3, pc}
 487              	.L63:
 488 001c 0123     		movs	r3, #1
 489 001e 0367     		str	r3, [r0, #112]
 490 0020 F9E7     		b	.L64
 491              	.L67:
 492 0022 00BF     		.align	2
 493              	.L66:
 494 0024 67666666 		.word	1717986919
 496              		.section	.text.lv_spinbox_step_prev,"ax",%progbits
 497              		.align	1
 498              		.global	lv_spinbox_step_prev
 499              		.syntax unified
 500              		.thumb
 501              		.thumb_func
 503              	lv_spinbox_step_prev:
 504              		@ args = 0, pretend = 0, frame = 0
 505              		@ frame_needed = 0, uses_anonymous_args = 0
 506 0000 08B5     		push	{r3, lr}
 507 0002 C36E     		ldr	r3, [r0, #108]
 508 0004 002B     		cmp	r3, #0
 509 0006 B8BF     		it	lt
 510 0008 5B42     		rsblt	r3, r3, #0
 511 000a 826E     		ldr	r2, [r0, #104]
 512 000c 9342     		cmp	r3, r2
 513 000e B8BF     		it	lt
 514 0010 1346     		movlt	r3, r2
 515 0012 026F     		ldr	r2, [r0, #112]
 516 0014 02EB8202 		add	r2, r2, r2, lsl #2
 517 0018 B3EB420F 		cmp	r3, r2, lsl #1
 518 001c 01DB     		blt	.L69
 519 001e 5100     		lsls	r1, r2, #1
 520 0020 0167     		str	r1, [r0, #112]
 521              	.L69:
 522 0022 FFF7FEFF 		bl	lv_spinbox_updatevalue
 523 0026 08BD     		pop	{r3, pc}
 525              		.section	.text.lv_spinbox_get_rollover,"ax",%progbits
 526              		.align	1
 527              		.global	lv_spinbox_get_rollover
 528              		.syntax unified
 529              		.thumb
 530              		.thumb_func
 532              	lv_spinbox_get_rollover:
 533              		@ args = 0, pretend = 0, frame = 0
 534              		@ frame_needed = 0, uses_anonymous_args = 0
 535              		@ link register save eliminated.
 536 0000 90F87500 		ldrb	r0, [r0, #117]	@ zero_extendqisi2
 537 0004 00F00100 		and	r0, r0, #1
 538 0008 7047     		bx	lr
 540              		.section	.text.lv_spinbox_increment,"ax",%progbits
 541              		.align	1
 542              		.global	lv_spinbox_increment
 543              		.syntax unified
ARM GAS  /var/folders/lp/x54gwt890xv47sdkqj1k04q40000gn/T//ccEP6Nju.s 			page 10


 544              		.thumb
 545              		.thumb_func
 547              	lv_spinbox_increment:
 548              		@ args = 0, pretend = 0, frame = 0
 549              		@ frame_needed = 0, uses_anonymous_args = 0
 550 0000 08B5     		push	{r3, lr}
 551 0002 426E     		ldr	r2, [r0, #100]
 552 0004 036F     		ldr	r3, [r0, #112]
 553 0006 02EB030C 		add	ip, r2, r3
 554 000a 816E     		ldr	r1, [r0, #104]
 555 000c 8C45     		cmp	ip, r1
 556 000e 0DDC     		bgt	.L73
 557 0010 BCF1000F 		cmp	ip, #0
 558 0014 01DD     		ble	.L74
 559 0016 002A     		cmp	r2, #0
 560 0018 05DB     		blt	.L78
 561              	.L74:
 562 001a 426E     		ldr	r2, [r0, #100]
 563 001c 1344     		add	r3, r3, r2
 564 001e 4366     		str	r3, [r0, #100]
 565              	.L75:
 566 0020 FFF7FEFF 		bl	lv_spinbox_updatevalue
 567 0024 08BD     		pop	{r3, pc}
 568              	.L78:
 569 0026 5242     		rsbs	r2, r2, #0
 570 0028 4266     		str	r2, [r0, #100]
 571 002a F6E7     		b	.L74
 572              	.L73:
 573 002c 90F87530 		ldrb	r3, [r0, #117]	@ zero_extendqisi2
 574 0030 13F0010F 		tst	r3, #1
 575 0034 01D0     		beq	.L76
 576 0036 8A42     		cmp	r2, r1
 577 0038 01D0     		beq	.L79
 578              	.L76:
 579 003a 4166     		str	r1, [r0, #100]
 580 003c F0E7     		b	.L75
 581              	.L79:
 582 003e C36E     		ldr	r3, [r0, #108]
 583 0040 4366     		str	r3, [r0, #100]
 584 0042 EDE7     		b	.L75
 586              		.section	.text.lv_spinbox_decrement,"ax",%progbits
 587              		.align	1
 588              		.global	lv_spinbox_decrement
 589              		.syntax unified
 590              		.thumb
 591              		.thumb_func
 593              	lv_spinbox_decrement:
 594              		@ args = 0, pretend = 0, frame = 0
 595              		@ frame_needed = 0, uses_anonymous_args = 0
 596 0000 08B5     		push	{r3, lr}
 597 0002 436E     		ldr	r3, [r0, #100]
 598 0004 016F     		ldr	r1, [r0, #112]
 599 0006 A3EB010C 		sub	ip, r3, r1
 600 000a C26E     		ldr	r2, [r0, #108]
 601 000c 9445     		cmp	ip, r2
 602 000e 0DDB     		blt	.L81
 603 0010 BCF1000F 		cmp	ip, #0
ARM GAS  /var/folders/lp/x54gwt890xv47sdkqj1k04q40000gn/T//ccEP6Nju.s 			page 11


 604 0014 05DB     		blt	.L86
 605              	.L82:
 606 0016 436E     		ldr	r3, [r0, #100]
 607 0018 5B1A     		subs	r3, r3, r1
 608 001a 4366     		str	r3, [r0, #100]
 609              	.L83:
 610 001c FFF7FEFF 		bl	lv_spinbox_updatevalue
 611 0020 08BD     		pop	{r3, pc}
 612              	.L86:
 613 0022 002B     		cmp	r3, #0
 614 0024 F7DD     		ble	.L82
 615 0026 5B42     		rsbs	r3, r3, #0
 616 0028 4366     		str	r3, [r0, #100]
 617 002a F4E7     		b	.L82
 618              	.L81:
 619 002c 90F87510 		ldrb	r1, [r0, #117]	@ zero_extendqisi2
 620 0030 11F0010F 		tst	r1, #1
 621 0034 01D0     		beq	.L84
 622 0036 9342     		cmp	r3, r2
 623 0038 01D0     		beq	.L87
 624              	.L84:
 625 003a 4266     		str	r2, [r0, #100]
 626 003c EEE7     		b	.L83
 627              	.L87:
 628 003e 836E     		ldr	r3, [r0, #104]
 629 0040 4366     		str	r3, [r0, #100]
 630 0042 EBE7     		b	.L83
 632              		.section	.text.lv_spinbox_event,"ax",%progbits
 633              		.align	1
 634              		.syntax unified
 635              		.thumb
 636              		.thumb_func
 638              	lv_spinbox_event:
 639              		@ args = 0, pretend = 0, frame = 0
 640              		@ frame_needed = 0, uses_anonymous_args = 0
 641 0000 70B5     		push	{r4, r5, r6, lr}
 642 0002 0C46     		mov	r4, r1
 643 0004 5D48     		ldr	r0, .L120
 644 0006 FFF7FEFF 		bl	lv_obj_event_base
 645 000a 0128     		cmp	r0, #1
 646 000c 00D0     		beq	.L111
 647              	.L88:
 648 000e 70BD     		pop	{r4, r5, r6, pc}
 649              	.L111:
 650 0010 2046     		mov	r0, r4
 651 0012 FFF7FEFF 		bl	lv_event_get_code
 652 0016 0646     		mov	r6, r0
 653 0018 2046     		mov	r0, r4
 654 001a FFF7FEFF 		bl	lv_event_get_target
 655 001e 0546     		mov	r5, r0
 656 0020 082E     		cmp	r6, #8
 657 0022 11D0     		beq	.L112
 658 0024 0D2E     		cmp	r6, #13
 659 0026 F2D1     		bne	.L88
 660 0028 FFF7FEFF 		bl	lv_indev_get_act
 661 002c FFF7FEFF 		bl	lv_indev_get_type
 662 0030 0646     		mov	r6, r0
ARM GAS  /var/folders/lp/x54gwt890xv47sdkqj1k04q40000gn/T//ccEP6Nju.s 			page 12


 663 0032 2046     		mov	r0, r4
 664 0034 FFF7FEFF 		bl	lv_event_get_param
 665 0038 0368     		ldr	r3, [r0]
 666 003a 113B     		subs	r3, r3, #17
 667 003c 032B     		cmp	r3, #3
 668 003e E6D8     		bhi	.L88
 669 0040 DFE803F0 		tbb	[pc, r3]
 670              	.L103:
 671 0044 94       		.byte	(.L106-.L103)/2
 672 0045 98       		.byte	(.L105-.L103)/2
 673 0046 80       		.byte	(.L104-.L103)/2
 674 0047 8A       		.byte	(.L102-.L103)/2
 675              		.p2align 1
 676              	.L112:
 677 0048 FFF7FEFF 		bl	lv_indev_get_act
 678 004c FFF7FEFF 		bl	lv_indev_get_type
 679 0050 0428     		cmp	r0, #4
 680 0052 25D0     		beq	.L113
 681 0054 2846     		mov	r0, r5
 682 0056 FFF7FEFF 		bl	lv_textarea_get_text
 683 005a 0446     		mov	r4, r0
 684 005c FFF7FEFF 		bl	strlen
 685 0060 6B6C     		ldr	r3, [r5, #68]
 686 0062 E25C     		ldrb	r2, [r4, r3]	@ zero_extendqisi2
 687 0064 2E2A     		cmp	r2, #46
 688 0066 53D0     		beq	.L114
 689 0068 8342     		cmp	r3, r0
 690 006a 55D0     		beq	.L115
 691 006c 13B9     		cbnz	r3, .L96
 692 006e EB6E     		ldr	r3, [r5, #108]
 693 0070 002B     		cmp	r3, #0
 694 0072 56DB     		blt	.L116
 695              	.L96:
 696 0074 95F87400 		ldrb	r0, [r5, #116]	@ zero_extendqisi2
 697 0078 00F00F01 		and	r1, r0, #15
 698 007c 0139     		subs	r1, r1, #1
 699 007e 6A6C     		ldr	r2, [r5, #68]
 700 0080 93B2     		uxth	r3, r2
 701 0082 B2EB101F 		cmp	r2, r0, lsr #4
 702 0086 03D9     		bls	.L98
 703 0088 0F28     		cmp	r0, #15
 704 008a 01D9     		bls	.L98
 705 008c 013B     		subs	r3, r3, #1
 706 008e 9BB2     		uxth	r3, r3
 707              	.L98:
 708 0090 C91A     		subs	r1, r1, r3
 709 0092 EB6E     		ldr	r3, [r5, #108]
 710 0094 002B     		cmp	r3, #0
 711 0096 49DB     		blt	.L117
 712              	.L99:
 713 0098 0123     		movs	r3, #1
 714 009a 2B67     		str	r3, [r5, #112]
 715 009c 0022     		movs	r2, #0
 716 009e 4EE0     		b	.L100
 717              	.L113:
 718 00a0 2846     		mov	r0, r5
 719 00a2 FFF7FEFF 		bl	lv_obj_get_group
ARM GAS  /var/folders/lp/x54gwt890xv47sdkqj1k04q40000gn/T//ccEP6Nju.s 			page 13


 720 00a6 FFF7FEFF 		bl	lv_group_get_editing
 721 00aa 0028     		cmp	r0, #0
 722 00ac AFD0     		beq	.L88
 723 00ae 95F87420 		ldrb	r2, [r5, #116]	@ zero_extendqisi2
 724 00b2 02F00F02 		and	r2, r2, #15
 725 00b6 012A     		cmp	r2, #1
 726 00b8 A9D9     		bls	.L88
 727 00ba 95F87530 		ldrb	r3, [r5, #117]	@ zero_extendqisi2
 728 00be 03F00603 		and	r3, r3, #6
 729 00c2 042B     		cmp	r3, #4
 730 00c4 10D1     		bne	.L92
 731 00c6 2B6F     		ldr	r3, [r5, #112]
 732 00c8 012B     		cmp	r3, #1
 733 00ca 03DD     		ble	.L93
 734 00cc 2846     		mov	r0, r5
 735 00ce FFF7FEFF 		bl	lv_spinbox_step_next
 736 00d2 9CE7     		b	.L88
 737              	.L93:
 738 00d4 023A     		subs	r2, r2, #2
 739 00d6 0A20     		movs	r0, #10
 740 00d8 0021     		movs	r1, #0
 741 00da FFF7FEFF 		bl	lv_pow
 742 00de 2867     		str	r0, [r5, #112]
 743 00e0 2846     		mov	r0, r5
 744 00e2 FFF7FEFF 		bl	lv_spinbox_step_prev
 745 00e6 92E7     		b	.L88
 746              	.L92:
 747 00e8 2E6F     		ldr	r6, [r5, #112]
 748 00ea F417     		asrs	r4, r6, #31
 749 00ec 013A     		subs	r2, r2, #1
 750 00ee 0A20     		movs	r0, #10
 751 00f0 0021     		movs	r1, #0
 752 00f2 FFF7FEFF 		bl	lv_pow
 753 00f6 8642     		cmp	r6, r0
 754 00f8 8C41     		sbcs	r4, r4, r1
 755 00fa 03DA     		bge	.L94
 756 00fc 2846     		mov	r0, r5
 757 00fe FFF7FEFF 		bl	lv_spinbox_step_prev
 758 0102 84E7     		b	.L88
 759              	.L94:
 760 0104 0A23     		movs	r3, #10
 761 0106 2B67     		str	r3, [r5, #112]
 762 0108 2846     		mov	r0, r5
 763 010a FFF7FEFF 		bl	lv_spinbox_step_next
 764 010e 7EE7     		b	.L88
 765              	.L114:
 766 0110 2846     		mov	r0, r5
 767 0112 FFF7FEFF 		bl	lv_textarea_cursor_left
 768 0116 ADE7     		b	.L96
 769              	.L115:
 770 0118 411E     		subs	r1, r0, #1
 771 011a 2846     		mov	r0, r5
 772 011c FFF7FEFF 		bl	lv_textarea_set_cursor_pos
 773 0120 A8E7     		b	.L96
 774              	.L116:
 775 0122 0121     		movs	r1, #1
 776 0124 2846     		mov	r0, r5
ARM GAS  /var/folders/lp/x54gwt890xv47sdkqj1k04q40000gn/T//ccEP6Nju.s 			page 14


 777 0126 FFF7FEFF 		bl	lv_textarea_set_cursor_pos
 778 012a A3E7     		b	.L96
 779              	.L117:
 780 012c 0131     		adds	r1, r1, #1
 781 012e B3E7     		b	.L99
 782              	.L101:
 783 0130 2B6F     		ldr	r3, [r5, #112]
 784 0132 03EB8303 		add	r3, r3, r3, lsl #2
 785 0136 5B00     		lsls	r3, r3, #1
 786 0138 2B67     		str	r3, [r5, #112]
 787 013a 0132     		adds	r2, r2, #1
 788 013c 92B2     		uxth	r2, r2
 789              	.L100:
 790 013e 8A42     		cmp	r2, r1
 791 0140 F6D3     		bcc	.L101
 792 0142 64E7     		b	.L88
 793              	.L104:
 794 0144 042E     		cmp	r6, #4
 795 0146 03D0     		beq	.L118
 796 0148 2846     		mov	r0, r5
 797 014a FFF7FEFF 		bl	lv_spinbox_step_next
 798 014e 5EE7     		b	.L88
 799              	.L118:
 800 0150 2846     		mov	r0, r5
 801 0152 FFF7FEFF 		bl	lv_spinbox_increment
 802 0156 5AE7     		b	.L88
 803              	.L102:
 804 0158 042E     		cmp	r6, #4
 805 015a 03D0     		beq	.L119
 806 015c 2846     		mov	r0, r5
 807 015e FFF7FEFF 		bl	lv_spinbox_step_prev
 808 0162 54E7     		b	.L88
 809              	.L119:
 810 0164 2846     		mov	r0, r5
 811 0166 FFF7FEFF 		bl	lv_spinbox_decrement
 812 016a 50E7     		b	.L88
 813              	.L106:
 814 016c 2846     		mov	r0, r5
 815 016e FFF7FEFF 		bl	lv_spinbox_increment
 816 0172 4CE7     		b	.L88
 817              	.L105:
 818 0174 2846     		mov	r0, r5
 819 0176 FFF7FEFF 		bl	lv_spinbox_decrement
 820 017a 48E7     		b	.L88
 821              	.L121:
 822              		.align	2
 823              	.L120:
 824 017c 00000000 		.word	lv_spinbox_class
 826              		.global	lv_spinbox_class
 827              		.section	.rodata.lv_spinbox_class,"a"
 828              		.align	2
 831              	lv_spinbox_class:
 832 0000 00000000 		.word	lv_textarea_class
 833 0004 00000000 		.word	lv_spinbox_constructor
 834 0008 00000000 		.space	8
 834      00000000 
 835 0010 00000000 		.word	lv_spinbox_event
ARM GAS  /var/folders/lp/x54gwt890xv47sdkqj1k04q40000gn/T//ccEP6Nju.s 			page 15


 836 0014 8200     		.short	130
 837 0016 0000     		.space	2
 838 0018 81       		.byte	129
 839 0019 07       		.byte	7
 840 001a 00       		.byte	0
 841 001b 00       		.space	1
 842              		.ident	"GCC: (xPack GNU Arm Embedded GCC arm64) 13.3.1 20240614"
ARM GAS  /var/folders/lp/x54gwt890xv47sdkqj1k04q40000gn/T//ccEP6Nju.s 			page 16


DEFINED SYMBOLS
                            *ABS*:00000000 lv_spinbox.c
/var/folders/lp/x54gwt890xv47sdkqj1k04q40000gn/T//ccEP6Nju.s:18     .rodata.lv_spinbox_updatevalue.str1.4:00000000 $d
/var/folders/lp/x54gwt890xv47sdkqj1k04q40000gn/T//ccEP6Nju.s:22     .text.lv_spinbox_updatevalue:00000000 $t
/var/folders/lp/x54gwt890xv47sdkqj1k04q40000gn/T//ccEP6Nju.s:27     .text.lv_spinbox_updatevalue:00000000 lv_spinbox_updatevalue
/var/folders/lp/x54gwt890xv47sdkqj1k04q40000gn/T//ccEP6Nju.s:166    .text.lv_spinbox_updatevalue:00000120 $d
/var/folders/lp/x54gwt890xv47sdkqj1k04q40000gn/T//ccEP6Nju.s:170    .text.lv_spinbox_constructor:00000000 $t
/var/folders/lp/x54gwt890xv47sdkqj1k04q40000gn/T//ccEP6Nju.s:175    .text.lv_spinbox_constructor:00000000 lv_spinbox_constructor
/var/folders/lp/x54gwt890xv47sdkqj1k04q40000gn/T//ccEP6Nju.s:214    .text.lv_spinbox_constructor:0000005c $d
/var/folders/lp/x54gwt890xv47sdkqj1k04q40000gn/T//ccEP6Nju.s:218    .text.lv_spinbox_create:00000000 $t
/var/folders/lp/x54gwt890xv47sdkqj1k04q40000gn/T//ccEP6Nju.s:224    .text.lv_spinbox_create:00000000 lv_spinbox_create
/var/folders/lp/x54gwt890xv47sdkqj1k04q40000gn/T//ccEP6Nju.s:238    .text.lv_spinbox_create:00000014 $d
/var/folders/lp/x54gwt890xv47sdkqj1k04q40000gn/T//ccEP6Nju.s:831    .rodata.lv_spinbox_class:00000000 lv_spinbox_class
/var/folders/lp/x54gwt890xv47sdkqj1k04q40000gn/T//ccEP6Nju.s:241    .text.lv_spinbox_set_value:00000000 $t
/var/folders/lp/x54gwt890xv47sdkqj1k04q40000gn/T//ccEP6Nju.s:247    .text.lv_spinbox_set_value:00000000 lv_spinbox_set_value
/var/folders/lp/x54gwt890xv47sdkqj1k04q40000gn/T//ccEP6Nju.s:266    .text.lv_spinbox_set_rollover:00000000 $t
/var/folders/lp/x54gwt890xv47sdkqj1k04q40000gn/T//ccEP6Nju.s:272    .text.lv_spinbox_set_rollover:00000000 lv_spinbox_set_rollover
/var/folders/lp/x54gwt890xv47sdkqj1k04q40000gn/T//ccEP6Nju.s:282    .text.lv_spinbox_set_digit_format:00000000 $t
/var/folders/lp/x54gwt890xv47sdkqj1k04q40000gn/T//ccEP6Nju.s:288    .text.lv_spinbox_set_digit_format:00000000 lv_spinbox_set_digit_format
/var/folders/lp/x54gwt890xv47sdkqj1k04q40000gn/T//ccEP6Nju.s:339    .text.lv_spinbox_set_step:00000000 $t
/var/folders/lp/x54gwt890xv47sdkqj1k04q40000gn/T//ccEP6Nju.s:345    .text.lv_spinbox_set_step:00000000 lv_spinbox_set_step
/var/folders/lp/x54gwt890xv47sdkqj1k04q40000gn/T//ccEP6Nju.s:354    .text.lv_spinbox_set_range:00000000 $t
/var/folders/lp/x54gwt890xv47sdkqj1k04q40000gn/T//ccEP6Nju.s:360    .text.lv_spinbox_set_range:00000000 lv_spinbox_set_range
/var/folders/lp/x54gwt890xv47sdkqj1k04q40000gn/T//ccEP6Nju.s:380    .text.lv_spinbox_set_cursor_pos:00000000 $t
/var/folders/lp/x54gwt890xv47sdkqj1k04q40000gn/T//ccEP6Nju.s:386    .text.lv_spinbox_set_cursor_pos:00000000 lv_spinbox_set_cursor_pos
/var/folders/lp/x54gwt890xv47sdkqj1k04q40000gn/T//ccEP6Nju.s:421    .text.lv_spinbox_set_digit_step_direction:00000000 $t
/var/folders/lp/x54gwt890xv47sdkqj1k04q40000gn/T//ccEP6Nju.s:427    .text.lv_spinbox_set_digit_step_direction:00000000 lv_spinbox_set_digit_step_direction
/var/folders/lp/x54gwt890xv47sdkqj1k04q40000gn/T//ccEP6Nju.s:438    .text.lv_spinbox_get_value:00000000 $t
/var/folders/lp/x54gwt890xv47sdkqj1k04q40000gn/T//ccEP6Nju.s:444    .text.lv_spinbox_get_value:00000000 lv_spinbox_get_value
/var/folders/lp/x54gwt890xv47sdkqj1k04q40000gn/T//ccEP6Nju.s:452    .text.lv_spinbox_get_step:00000000 $t
/var/folders/lp/x54gwt890xv47sdkqj1k04q40000gn/T//ccEP6Nju.s:458    .text.lv_spinbox_get_step:00000000 lv_spinbox_get_step
/var/folders/lp/x54gwt890xv47sdkqj1k04q40000gn/T//ccEP6Nju.s:466    .text.lv_spinbox_step_next:00000000 $t
/var/folders/lp/x54gwt890xv47sdkqj1k04q40000gn/T//ccEP6Nju.s:472    .text.lv_spinbox_step_next:00000000 lv_spinbox_step_next
/var/folders/lp/x54gwt890xv47sdkqj1k04q40000gn/T//ccEP6Nju.s:494    .text.lv_spinbox_step_next:00000024 $d
/var/folders/lp/x54gwt890xv47sdkqj1k04q40000gn/T//ccEP6Nju.s:497    .text.lv_spinbox_step_prev:00000000 $t
/var/folders/lp/x54gwt890xv47sdkqj1k04q40000gn/T//ccEP6Nju.s:503    .text.lv_spinbox_step_prev:00000000 lv_spinbox_step_prev
/var/folders/lp/x54gwt890xv47sdkqj1k04q40000gn/T//ccEP6Nju.s:526    .text.lv_spinbox_get_rollover:00000000 $t
/var/folders/lp/x54gwt890xv47sdkqj1k04q40000gn/T//ccEP6Nju.s:532    .text.lv_spinbox_get_rollover:00000000 lv_spinbox_get_rollover
/var/folders/lp/x54gwt890xv47sdkqj1k04q40000gn/T//ccEP6Nju.s:541    .text.lv_spinbox_increment:00000000 $t
/var/folders/lp/x54gwt890xv47sdkqj1k04q40000gn/T//ccEP6Nju.s:547    .text.lv_spinbox_increment:00000000 lv_spinbox_increment
/var/folders/lp/x54gwt890xv47sdkqj1k04q40000gn/T//ccEP6Nju.s:587    .text.lv_spinbox_decrement:00000000 $t
/var/folders/lp/x54gwt890xv47sdkqj1k04q40000gn/T//ccEP6Nju.s:593    .text.lv_spinbox_decrement:00000000 lv_spinbox_decrement
/var/folders/lp/x54gwt890xv47sdkqj1k04q40000gn/T//ccEP6Nju.s:633    .text.lv_spinbox_event:00000000 $t
/var/folders/lp/x54gwt890xv47sdkqj1k04q40000gn/T//ccEP6Nju.s:638    .text.lv_spinbox_event:00000000 lv_spinbox_event
/var/folders/lp/x54gwt890xv47sdkqj1k04q40000gn/T//ccEP6Nju.s:671    .text.lv_spinbox_event:00000044 $d
/var/folders/lp/x54gwt890xv47sdkqj1k04q40000gn/T//ccEP6Nju.s:675    .text.lv_spinbox_event:00000048 $t
/var/folders/lp/x54gwt890xv47sdkqj1k04q40000gn/T//ccEP6Nju.s:824    .text.lv_spinbox_event:0000017c $d
/var/folders/lp/x54gwt890xv47sdkqj1k04q40000gn/T//ccEP6Nju.s:828    .rodata.lv_spinbox_class:00000000 $d

UNDEFINED SYMBOLS
lv_memset_00
lv_snprintf
strlen
lv_textarea_set_text
lv_textarea_set_cursor_pos
lv_textarea_set_one_line
lv_textarea_set_cursor_click_pos
ARM GAS  /var/folders/lp/x54gwt890xv47sdkqj1k04q40000gn/T//ccEP6Nju.s 			page 17


lv_obj_class_create_obj
lv_obj_class_init_obj
lv_pow
lv_obj_event_base
lv_event_get_code
lv_event_get_target
lv_indev_get_act
lv_indev_get_type
lv_event_get_param
lv_textarea_get_text
lv_obj_get_group
lv_group_get_editing
lv_textarea_cursor_left
lv_textarea_class
