ARM GAS  /var/folders/lp/x54gwt890xv47sdkqj1k04q40000gn/T//ccSGBHXg.s 			page 1


   1              		.cpu cortex-m4
   2              		.arch armv7e-m
   3              		.fpu fpv4-sp-d16
   4              		.eabi_attribute 27, 1
   5              		.eabi_attribute 28, 1
   6              		.eabi_attribute 20, 1
   7              		.eabi_attribute 21, 1
   8              		.eabi_attribute 23, 3
   9              		.eabi_attribute 24, 1
  10              		.eabi_attribute 25, 1
  11              		.eabi_attribute 26, 1
  12              		.eabi_attribute 30, 1
  13              		.eabi_attribute 34, 1
  14              		.eabi_attribute 18, 4
  15              		.file	"lv_tlsf.c"
  16              		.text
  17              		.section	.text.block_size,"ax",%progbits
  18              		.align	1
  19              		.syntax unified
  20              		.thumb
  21              		.thumb_func
  23              	block_size:
  24              		@ args = 0, pretend = 0, frame = 0
  25              		@ frame_needed = 0, uses_anonymous_args = 0
  26              		@ link register save eliminated.
  27 0000 4068     		ldr	r0, [r0, #4]
  28 0002 20F00300 		bic	r0, r0, #3
  29 0006 7047     		bx	lr
  31              		.section	.text.block_set_size,"ax",%progbits
  32              		.align	1
  33              		.syntax unified
  34              		.thumb
  35              		.thumb_func
  37              	block_set_size:
  38              		@ args = 0, pretend = 0, frame = 0
  39              		@ frame_needed = 0, uses_anonymous_args = 0
  40              		@ link register save eliminated.
  41 0000 4368     		ldr	r3, [r0, #4]
  42 0002 03F00303 		and	r3, r3, #3
  43 0006 0B43     		orrs	r3, r3, r1
  44 0008 4360     		str	r3, [r0, #4]
  45 000a 7047     		bx	lr
  47              		.section	.text.block_is_last,"ax",%progbits
  48              		.align	1
  49              		.syntax unified
  50              		.thumb
  51              		.thumb_func
  53              	block_is_last:
  54              		@ args = 0, pretend = 0, frame = 0
  55              		@ frame_needed = 0, uses_anonymous_args = 0
  56 0000 08B5     		push	{r3, lr}
  57 0002 FFF7FEFF 		bl	block_size
  58 0006 B0FA80F0 		clz	r0, r0
  59 000a 4009     		lsrs	r0, r0, #5
  60 000c 08BD     		pop	{r3, pc}
  62              		.section	.text.block_is_free,"ax",%progbits
  63              		.align	1
ARM GAS  /var/folders/lp/x54gwt890xv47sdkqj1k04q40000gn/T//ccSGBHXg.s 			page 2


  64              		.syntax unified
  65              		.thumb
  66              		.thumb_func
  68              	block_is_free:
  69              		@ args = 0, pretend = 0, frame = 0
  70              		@ frame_needed = 0, uses_anonymous_args = 0
  71              		@ link register save eliminated.
  72 0000 4068     		ldr	r0, [r0, #4]
  73 0002 00F00100 		and	r0, r0, #1
  74 0006 7047     		bx	lr
  76              		.section	.text.block_set_free,"ax",%progbits
  77              		.align	1
  78              		.syntax unified
  79              		.thumb
  80              		.thumb_func
  82              	block_set_free:
  83              		@ args = 0, pretend = 0, frame = 0
  84              		@ frame_needed = 0, uses_anonymous_args = 0
  85              		@ link register save eliminated.
  86 0000 4368     		ldr	r3, [r0, #4]
  87 0002 43F00103 		orr	r3, r3, #1
  88 0006 4360     		str	r3, [r0, #4]
  89 0008 7047     		bx	lr
  91              		.section	.text.block_set_used,"ax",%progbits
  92              		.align	1
  93              		.syntax unified
  94              		.thumb
  95              		.thumb_func
  97              	block_set_used:
  98              		@ args = 0, pretend = 0, frame = 0
  99              		@ frame_needed = 0, uses_anonymous_args = 0
 100              		@ link register save eliminated.
 101 0000 4368     		ldr	r3, [r0, #4]
 102 0002 23F00103 		bic	r3, r3, #1
 103 0006 4360     		str	r3, [r0, #4]
 104 0008 7047     		bx	lr
 106              		.section	.text.block_is_prev_free,"ax",%progbits
 107              		.align	1
 108              		.syntax unified
 109              		.thumb
 110              		.thumb_func
 112              	block_is_prev_free:
 113              		@ args = 0, pretend = 0, frame = 0
 114              		@ frame_needed = 0, uses_anonymous_args = 0
 115              		@ link register save eliminated.
 116 0000 4068     		ldr	r0, [r0, #4]
 117 0002 00F00200 		and	r0, r0, #2
 118 0006 7047     		bx	lr
 120              		.section	.text.block_set_prev_free,"ax",%progbits
 121              		.align	1
 122              		.syntax unified
 123              		.thumb
 124              		.thumb_func
 126              	block_set_prev_free:
 127              		@ args = 0, pretend = 0, frame = 0
 128              		@ frame_needed = 0, uses_anonymous_args = 0
 129              		@ link register save eliminated.
ARM GAS  /var/folders/lp/x54gwt890xv47sdkqj1k04q40000gn/T//ccSGBHXg.s 			page 3


 130 0000 4368     		ldr	r3, [r0, #4]
 131 0002 43F00203 		orr	r3, r3, #2
 132 0006 4360     		str	r3, [r0, #4]
 133 0008 7047     		bx	lr
 135              		.section	.text.block_set_prev_used,"ax",%progbits
 136              		.align	1
 137              		.syntax unified
 138              		.thumb
 139              		.thumb_func
 141              	block_set_prev_used:
 142              		@ args = 0, pretend = 0, frame = 0
 143              		@ frame_needed = 0, uses_anonymous_args = 0
 144              		@ link register save eliminated.
 145 0000 4368     		ldr	r3, [r0, #4]
 146 0002 23F00203 		bic	r3, r3, #2
 147 0006 4360     		str	r3, [r0, #4]
 148 0008 7047     		bx	lr
 150              		.section	.text.block_from_ptr,"ax",%progbits
 151              		.align	1
 152              		.syntax unified
 153              		.thumb
 154              		.thumb_func
 156              	block_from_ptr:
 157              		@ args = 0, pretend = 0, frame = 0
 158              		@ frame_needed = 0, uses_anonymous_args = 0
 159              		@ link register save eliminated.
 160 0000 0838     		subs	r0, r0, #8
 161 0002 7047     		bx	lr
 163              		.section	.text.block_to_ptr,"ax",%progbits
 164              		.align	1
 165              		.syntax unified
 166              		.thumb
 167              		.thumb_func
 169              	block_to_ptr:
 170              		@ args = 0, pretend = 0, frame = 0
 171              		@ frame_needed = 0, uses_anonymous_args = 0
 172              		@ link register save eliminated.
 173 0000 0830     		adds	r0, r0, #8
 174 0002 7047     		bx	lr
 176              		.section	.text.offset_to_block,"ax",%progbits
 177              		.align	1
 178              		.syntax unified
 179              		.thumb
 180              		.thumb_func
 182              	offset_to_block:
 183              		@ args = 0, pretend = 0, frame = 0
 184              		@ frame_needed = 0, uses_anonymous_args = 0
 185              		@ link register save eliminated.
 186 0000 0844     		add	r0, r0, r1
 187 0002 7047     		bx	lr
 189              		.section	.text.block_prev,"ax",%progbits
 190              		.align	1
 191              		.syntax unified
 192              		.thumb
 193              		.thumb_func
 195              	block_prev:
 196              		@ args = 0, pretend = 0, frame = 0
ARM GAS  /var/folders/lp/x54gwt890xv47sdkqj1k04q40000gn/T//ccSGBHXg.s 			page 4


 197              		@ frame_needed = 0, uses_anonymous_args = 0
 198 0000 10B5     		push	{r4, lr}
 199 0002 0446     		mov	r4, r0
 200 0004 FFF7FEFF 		bl	block_is_prev_free
 201 0008 00B9     		cbnz	r0, .L15
 202              	.L16:
 203 000a FEE7     		b	.L16
 204              	.L15:
 205 000c 2068     		ldr	r0, [r4]
 206 000e 10BD     		pop	{r4, pc}
 208              		.section	.text.block_next,"ax",%progbits
 209              		.align	1
 210              		.syntax unified
 211              		.thumb
 212              		.thumb_func
 214              	block_next:
 215              		@ args = 0, pretend = 0, frame = 0
 216              		@ frame_needed = 0, uses_anonymous_args = 0
 217 0000 38B5     		push	{r3, r4, r5, lr}
 218 0002 0446     		mov	r4, r0
 219 0004 FFF7FEFF 		bl	block_to_ptr
 220 0008 0546     		mov	r5, r0
 221 000a 2046     		mov	r0, r4
 222 000c FFF7FEFF 		bl	block_size
 223 0010 011F     		subs	r1, r0, #4
 224 0012 2846     		mov	r0, r5
 225 0014 FFF7FEFF 		bl	offset_to_block
 226 0018 0546     		mov	r5, r0
 227 001a 2046     		mov	r0, r4
 228 001c FFF7FEFF 		bl	block_is_last
 229 0020 00B1     		cbz	r0, .L18
 230              	.L20:
 231 0022 FEE7     		b	.L20
 232              	.L18:
 233 0024 2846     		mov	r0, r5
 234 0026 38BD     		pop	{r3, r4, r5, pc}
 236              		.section	.text.block_link_next,"ax",%progbits
 237              		.align	1
 238              		.syntax unified
 239              		.thumb
 240              		.thumb_func
 242              	block_link_next:
 243              		@ args = 0, pretend = 0, frame = 0
 244              		@ frame_needed = 0, uses_anonymous_args = 0
 245 0000 10B5     		push	{r4, lr}
 246 0002 0446     		mov	r4, r0
 247 0004 FFF7FEFF 		bl	block_next
 248 0008 0460     		str	r4, [r0]
 249 000a 10BD     		pop	{r4, pc}
 251              		.section	.text.block_mark_as_free,"ax",%progbits
 252              		.align	1
 253              		.syntax unified
 254              		.thumb
 255              		.thumb_func
 257              	block_mark_as_free:
 258              		@ args = 0, pretend = 0, frame = 0
 259              		@ frame_needed = 0, uses_anonymous_args = 0
ARM GAS  /var/folders/lp/x54gwt890xv47sdkqj1k04q40000gn/T//ccSGBHXg.s 			page 5


 260 0000 10B5     		push	{r4, lr}
 261 0002 0446     		mov	r4, r0
 262 0004 FFF7FEFF 		bl	block_link_next
 263 0008 FFF7FEFF 		bl	block_set_prev_free
 264 000c 2046     		mov	r0, r4
 265 000e FFF7FEFF 		bl	block_set_free
 266 0012 10BD     		pop	{r4, pc}
 268              		.section	.text.block_mark_as_used,"ax",%progbits
 269              		.align	1
 270              		.syntax unified
 271              		.thumb
 272              		.thumb_func
 274              	block_mark_as_used:
 275              		@ args = 0, pretend = 0, frame = 0
 276              		@ frame_needed = 0, uses_anonymous_args = 0
 277 0000 10B5     		push	{r4, lr}
 278 0002 0446     		mov	r4, r0
 279 0004 FFF7FEFF 		bl	block_next
 280 0008 FFF7FEFF 		bl	block_set_prev_used
 281 000c 2046     		mov	r0, r4
 282 000e FFF7FEFF 		bl	block_set_used
 283 0012 10BD     		pop	{r4, pc}
 285              		.section	.text.align_up,"ax",%progbits
 286              		.align	1
 287              		.syntax unified
 288              		.thumb
 289              		.thumb_func
 291              	align_up:
 292              		@ args = 0, pretend = 0, frame = 0
 293              		@ frame_needed = 0, uses_anonymous_args = 0
 294              		@ link register save eliminated.
 295 0000 4B1E     		subs	r3, r1, #1
 296 0002 0B42     		tst	r3, r1
 297 0004 00D0     		beq	.L29
 298              	.L30:
 299 0006 FEE7     		b	.L30
 300              	.L29:
 301 0008 0844     		add	r0, r0, r1
 302 000a 0138     		subs	r0, r0, #1
 303 000c 4942     		rsbs	r1, r1, #0
 304 000e 0840     		ands	r0, r0, r1
 305 0010 7047     		bx	lr
 307              		.section	.text.align_down,"ax",%progbits
 308              		.align	1
 309              		.syntax unified
 310              		.thumb
 311              		.thumb_func
 313              	align_down:
 314              		@ args = 0, pretend = 0, frame = 0
 315              		@ frame_needed = 0, uses_anonymous_args = 0
 316              		@ link register save eliminated.
 317 0000 4B1E     		subs	r3, r1, #1
 318 0002 0B42     		tst	r3, r1
 319 0004 00D0     		beq	.L32
 320              	.L33:
 321 0006 FEE7     		b	.L33
 322              	.L32:
ARM GAS  /var/folders/lp/x54gwt890xv47sdkqj1k04q40000gn/T//ccSGBHXg.s 			page 6


 323 0008 4942     		rsbs	r1, r1, #0
 324 000a 0840     		ands	r0, r0, r1
 325 000c 7047     		bx	lr
 327              		.section	.text.align_ptr,"ax",%progbits
 328              		.align	1
 329              		.syntax unified
 330              		.thumb
 331              		.thumb_func
 333              	align_ptr:
 334              		@ args = 0, pretend = 0, frame = 0
 335              		@ frame_needed = 0, uses_anonymous_args = 0
 336              		@ link register save eliminated.
 337 0000 0844     		add	r0, r0, r1
 338 0002 0138     		subs	r0, r0, #1
 339 0004 4B42     		rsbs	r3, r1, #0
 340 0006 1840     		ands	r0, r0, r3
 341 0008 4B1E     		subs	r3, r1, #1
 342 000a 0B42     		tst	r3, r1
 343 000c 00D0     		beq	.L35
 344              	.L36:
 345 000e FEE7     		b	.L36
 346              	.L35:
 347 0010 7047     		bx	lr
 349              		.section	.text.adjust_request_size,"ax",%progbits
 350              		.align	1
 351              		.syntax unified
 352              		.thumb
 353              		.thumb_func
 355              	adjust_request_size:
 356              		@ args = 0, pretend = 0, frame = 0
 357              		@ frame_needed = 0, uses_anonymous_args = 0
 358 0000 08B5     		push	{r3, lr}
 359 0002 00B9     		cbnz	r0, .L41
 360              	.L38:
 361 0004 08BD     		pop	{r3, pc}
 362              	.L41:
 363 0006 FFF7FEFF 		bl	align_up
 364 000a B0F5005F 		cmp	r0, #8192
 365 000e 03D2     		bcs	.L39
 366 0010 0C28     		cmp	r0, #12
 367 0012 38BF     		it	cc
 368 0014 0C20     		movcc	r0, #12
 369 0016 F5E7     		b	.L38
 370              	.L39:
 371 0018 0020     		movs	r0, #0
 372 001a F3E7     		b	.L38
 374              		.section	.text.remove_free_block,"ax",%progbits
 375              		.align	1
 376              		.syntax unified
 377              		.thumb
 378              		.thumb_func
 380              	remove_free_block:
 381              		@ args = 0, pretend = 0, frame = 0
 382              		@ frame_needed = 0, uses_anonymous_args = 0
 383 0000 00B5     		push	{lr}
 384 0002 9646     		mov	lr, r2
 385 0004 9C46     		mov	ip, r3
ARM GAS  /var/folders/lp/x54gwt890xv47sdkqj1k04q40000gn/T//ccSGBHXg.s 			page 7


 386 0006 CB68     		ldr	r3, [r1, #12]
 387 0008 8A68     		ldr	r2, [r1, #8]
 388 000a 5BB1     		cbz	r3, .L44
 389 000c 5AB1     		cbz	r2, .L46
 390 000e D360     		str	r3, [r2, #12]
 391 0010 9A60     		str	r2, [r3, #8]
 392 0012 0CEB4E13 		add	r3, ip, lr, lsl #5
 393 0016 0C33     		adds	r3, r3, #12
 394 0018 50F82330 		ldr	r3, [r0, r3, lsl #2]
 395 001c 8B42     		cmp	r3, r1
 396 001e 03D0     		beq	.L49
 397              	.L42:
 398 0020 5DF804FB 		ldr	pc, [sp], #4
 399              	.L44:
 400 0024 FEE7     		b	.L44
 401              	.L46:
 402 0026 FEE7     		b	.L46
 403              	.L49:
 404 0028 0CEB4E13 		add	r3, ip, lr, lsl #5
 405 002c 0C33     		adds	r3, r3, #12
 406 002e 40F82320 		str	r2, [r0, r3, lsl #2]
 407 0032 9042     		cmp	r0, r2
 408 0034 F4D1     		bne	.L42
 409 0036 0EF10402 		add	r2, lr, #4
 410 003a 00EB8202 		add	r2, r0, r2, lsl #2
 411 003e 5368     		ldr	r3, [r2, #4]
 412 0040 0121     		movs	r1, #1
 413 0042 01FA0CF1 		lsl	r1, r1, ip
 414 0046 23EA0103 		bic	r3, r3, r1
 415 004a 5360     		str	r3, [r2, #4]
 416 004c 002B     		cmp	r3, #0
 417 004e E7D1     		bne	.L42
 418 0050 0369     		ldr	r3, [r0, #16]
 419 0052 0122     		movs	r2, #1
 420 0054 02FA0EF2 		lsl	r2, r2, lr
 421 0058 23EA0203 		bic	r3, r3, r2
 422 005c 0361     		str	r3, [r0, #16]
 423 005e DFE7     		b	.L42
 425              		.section	.text.insert_free_block,"ax",%progbits
 426              		.align	1
 427              		.syntax unified
 428              		.thumb
 429              		.thumb_func
 431              	insert_free_block:
 432              		@ args = 0, pretend = 0, frame = 0
 433              		@ frame_needed = 0, uses_anonymous_args = 0
 434 0000 2DE9F041 		push	{r4, r5, r6, r7, r8, lr}
 435 0004 1646     		mov	r6, r2
 436 0006 1F46     		mov	r7, r3
 437 0008 03EB4212 		add	r2, r3, r2, lsl #5
 438 000c 0C32     		adds	r2, r2, #12
 439 000e 50F82230 		ldr	r3, [r0, r2, lsl #2]
 440 0012 7BB1     		cbz	r3, .L52
 441 0014 0546     		mov	r5, r0
 442 0016 0C46     		mov	r4, r1
 443 0018 69B1     		cbz	r1, .L54
 444 001a 8B60     		str	r3, [r1, #8]
ARM GAS  /var/folders/lp/x54gwt890xv47sdkqj1k04q40000gn/T//ccSGBHXg.s 			page 8


 445 001c C860     		str	r0, [r1, #12]
 446 001e D960     		str	r1, [r3, #12]
 447 0020 0846     		mov	r0, r1
 448 0022 FFF7FEFF 		bl	block_to_ptr
 449 0026 8046     		mov	r8, r0
 450 0028 0421     		movs	r1, #4
 451 002a FFF7FEFF 		bl	align_ptr
 452 002e 8045     		cmp	r8, r0
 453 0030 02D0     		beq	.L55
 454              	.L56:
 455 0032 FEE7     		b	.L56
 456              	.L52:
 457 0034 FEE7     		b	.L52
 458              	.L54:
 459 0036 FEE7     		b	.L54
 460              	.L55:
 461 0038 07EB4613 		add	r3, r7, r6, lsl #5
 462 003c 0C33     		adds	r3, r3, #12
 463 003e 45F82340 		str	r4, [r5, r3, lsl #2]
 464 0042 2A69     		ldr	r2, [r5, #16]
 465 0044 0123     		movs	r3, #1
 466 0046 03FA06F1 		lsl	r1, r3, r6
 467 004a 0A43     		orrs	r2, r2, r1
 468 004c 2A61     		str	r2, [r5, #16]
 469 004e 0436     		adds	r6, r6, #4
 470 0050 05EB8605 		add	r5, r5, r6, lsl #2
 471 0054 6A68     		ldr	r2, [r5, #4]
 472 0056 BB40     		lsls	r3, r3, r7
 473 0058 1A43     		orrs	r2, r2, r3
 474 005a 6A60     		str	r2, [r5, #4]
 475 005c BDE8F081 		pop	{r4, r5, r6, r7, r8, pc}
 477              		.section	.text.block_can_split,"ax",%progbits
 478              		.align	1
 479              		.syntax unified
 480              		.thumb
 481              		.thumb_func
 483              	block_can_split:
 484              		@ args = 0, pretend = 0, frame = 0
 485              		@ frame_needed = 0, uses_anonymous_args = 0
 486 0000 10B5     		push	{r4, lr}
 487 0002 0C46     		mov	r4, r1
 488 0004 FFF7FEFF 		bl	block_size
 489 0008 1034     		adds	r4, r4, #16
 490 000a A042     		cmp	r0, r4
 491 000c 34BF     		ite	cc
 492 000e 0020     		movcc	r0, #0
 493 0010 0120     		movcs	r0, #1
 494 0012 10BD     		pop	{r4, pc}
 496              		.section	.text.block_split,"ax",%progbits
 497              		.align	1
 498              		.syntax unified
 499              		.thumb
 500              		.thumb_func
 502              	block_split:
 503              		@ args = 0, pretend = 0, frame = 0
 504              		@ frame_needed = 0, uses_anonymous_args = 0
 505 0000 2DE9F843 		push	{r3, r4, r5, r6, r7, r8, r9, lr}
ARM GAS  /var/folders/lp/x54gwt890xv47sdkqj1k04q40000gn/T//ccSGBHXg.s 			page 9


 506 0004 0746     		mov	r7, r0
 507 0006 0C46     		mov	r4, r1
 508 0008 FFF7FEFF 		bl	block_to_ptr
 509 000c 211F     		subs	r1, r4, #4
 510 000e FFF7FEFF 		bl	offset_to_block
 511 0012 0546     		mov	r5, r0
 512 0014 3846     		mov	r0, r7
 513 0016 FFF7FEFF 		bl	block_size
 514 001a 0646     		mov	r6, r0
 515 001c 031B     		subs	r3, r0, r4
 516 001e A3F10409 		sub	r9, r3, #4
 517 0022 2846     		mov	r0, r5
 518 0024 FFF7FEFF 		bl	block_to_ptr
 519 0028 8046     		mov	r8, r0
 520 002a 0421     		movs	r1, #4
 521 002c FFF7FEFF 		bl	align_ptr
 522 0030 8045     		cmp	r8, r0
 523 0032 00D0     		beq	.L61
 524              	.L62:
 525 0034 FEE7     		b	.L62
 526              	.L61:
 527 0036 04EB0903 		add	r3, r4, r9
 528 003a 0433     		adds	r3, r3, #4
 529 003c 9E42     		cmp	r6, r3
 530 003e 00D0     		beq	.L63
 531              	.L64:
 532 0040 FEE7     		b	.L64
 533              	.L63:
 534 0042 4946     		mov	r1, r9
 535 0044 2846     		mov	r0, r5
 536 0046 FFF7FEFF 		bl	block_set_size
 537 004a 2846     		mov	r0, r5
 538 004c FFF7FEFF 		bl	block_size
 539 0050 0B28     		cmp	r0, #11
 540 0052 00D8     		bhi	.L65
 541              	.L66:
 542 0054 FEE7     		b	.L66
 543              	.L65:
 544 0056 2146     		mov	r1, r4
 545 0058 3846     		mov	r0, r7
 546 005a FFF7FEFF 		bl	block_set_size
 547 005e 2846     		mov	r0, r5
 548 0060 FFF7FEFF 		bl	block_mark_as_free
 549 0064 2846     		mov	r0, r5
 550 0066 BDE8F883 		pop	{r3, r4, r5, r6, r7, r8, r9, pc}
 552              		.section	.text.block_absorb,"ax",%progbits
 553              		.align	1
 554              		.syntax unified
 555              		.thumb
 556              		.thumb_func
 558              	block_absorb:
 559              		@ args = 0, pretend = 0, frame = 0
 560              		@ frame_needed = 0, uses_anonymous_args = 0
 561 0000 38B5     		push	{r3, r4, r5, lr}
 562 0002 0446     		mov	r4, r0
 563 0004 0D46     		mov	r5, r1
 564 0006 FFF7FEFF 		bl	block_is_last
ARM GAS  /var/folders/lp/x54gwt890xv47sdkqj1k04q40000gn/T//ccSGBHXg.s 			page 10


 565 000a 00B1     		cbz	r0, .L69
 566              	.L70:
 567 000c FEE7     		b	.L70
 568              	.L69:
 569 000e 2846     		mov	r0, r5
 570 0010 FFF7FEFF 		bl	block_size
 571 0014 021D     		adds	r2, r0, #4
 572 0016 6368     		ldr	r3, [r4, #4]
 573 0018 1344     		add	r3, r3, r2
 574 001a 6360     		str	r3, [r4, #4]
 575 001c 2046     		mov	r0, r4
 576 001e FFF7FEFF 		bl	block_link_next
 577 0022 2046     		mov	r0, r4
 578 0024 38BD     		pop	{r3, r4, r5, pc}
 580              		.section	.text.control_constructor,"ax",%progbits
 581              		.align	1
 582              		.syntax unified
 583              		.thumb
 584              		.thumb_func
 586              	control_constructor:
 587              		@ args = 0, pretend = 0, frame = 0
 588              		@ frame_needed = 0, uses_anonymous_args = 0
 589              		@ link register save eliminated.
 590 0000 8060     		str	r0, [r0, #8]
 591 0002 C060     		str	r0, [r0, #12]
 592 0004 0021     		movs	r1, #0
 593 0006 0161     		str	r1, [r0, #16]
 594 0008 08E0     		b	.L73
 595              	.L75:
 596 000a 03EB4112 		add	r2, r3, r1, lsl #5
 597 000e 0C32     		adds	r2, r2, #12
 598 0010 40F82200 		str	r0, [r0, r2, lsl #2]
 599 0014 0133     		adds	r3, r3, #1
 600              	.L74:
 601 0016 1F2B     		cmp	r3, #31
 602 0018 F7DD     		ble	.L75
 603 001a 0131     		adds	r1, r1, #1
 604              	.L73:
 605 001c 0629     		cmp	r1, #6
 606 001e 05DC     		bgt	.L77
 607 0020 0A1D     		adds	r2, r1, #4
 608 0022 00EB8202 		add	r2, r0, r2, lsl #2
 609 0026 0023     		movs	r3, #0
 610 0028 5360     		str	r3, [r2, #4]
 611 002a F4E7     		b	.L74
 612              	.L77:
 613 002c 7047     		bx	lr
 615              		.section	.text.integrity_walker,"ax",%progbits
 616              		.align	1
 617              		.syntax unified
 618              		.thumb
 619              		.thumb_func
 621              	integrity_walker:
 622              		@ args = 0, pretend = 0, frame = 0
 623              		@ frame_needed = 0, uses_anonymous_args = 0
 624 0000 2DE9F041 		push	{r4, r5, r6, r7, r8, lr}
 625 0004 0F46     		mov	r7, r1
ARM GAS  /var/folders/lp/x54gwt890xv47sdkqj1k04q40000gn/T//ccSGBHXg.s 			page 11


 626 0006 1D46     		mov	r5, r3
 627 0008 FFF7FEFF 		bl	block_from_ptr
 628 000c 0446     		mov	r4, r0
 629 000e FFF7FEFF 		bl	block_is_prev_free
 630 0012 061E     		subs	r6, r0, #0
 631 0014 18BF     		it	ne
 632 0016 0126     		movne	r6, #1
 633 0018 2046     		mov	r0, r4
 634 001a FFF7FEFF 		bl	block_is_free
 635 001e B0F10008 		subs	r8, r0, #0
 636 0022 18BF     		it	ne
 637 0024 4FF00108 		movne	r8, #1
 638 0028 2046     		mov	r0, r4
 639 002a FFF7FEFF 		bl	block_size
 640 002e 2B68     		ldr	r3, [r5]
 641 0030 B342     		cmp	r3, r6
 642 0032 00D0     		beq	.L79
 643              	.L80:
 644 0034 FEE7     		b	.L80
 645              	.L79:
 646 0036 B842     		cmp	r0, r7
 647 0038 00D0     		beq	.L81
 648              	.L82:
 649 003a FEE7     		b	.L82
 650              	.L81:
 651 003c C5F80080 		str	r8, [r5]
 652 0040 BDE8F081 		pop	{r4, r5, r6, r7, r8, pc}
 654              		.section	.text.default_walker,"ax",%progbits
 655              		.align	1
 656              		.syntax unified
 657              		.thumb
 658              		.thumb_func
 660              	default_walker:
 661              		@ args = 0, pretend = 0, frame = 0
 662              		@ frame_needed = 0, uses_anonymous_args = 0
 663              		@ link register save eliminated.
 664 0000 7047     		bx	lr
 666              		.section	.text.tlsf_fls,"ax",%progbits
 667              		.align	1
 668              		.syntax unified
 669              		.thumb
 670              		.thumb_func
 672              	tlsf_fls:
 673              		@ args = 0, pretend = 0, frame = 0
 674              		@ frame_needed = 0, uses_anonymous_args = 0
 675              		@ link register save eliminated.
 676 0000 28B1     		cbz	r0, .L87
 677 0002 B0FA80F0 		clz	r0, r0
 678 0006 C0F12000 		rsb	r0, r0, #32
 679              	.L86:
 680 000a 0138     		subs	r0, r0, #1
 681 000c 7047     		bx	lr
 682              	.L87:
 683 000e 0020     		movs	r0, #0
 684 0010 FBE7     		b	.L86
 686              		.section	.text.mapping_insert,"ax",%progbits
 687              		.align	1
ARM GAS  /var/folders/lp/x54gwt890xv47sdkqj1k04q40000gn/T//ccSGBHXg.s 			page 12


 688              		.syntax unified
 689              		.thumb
 690              		.thumb_func
 692              	mapping_insert:
 693              		@ args = 0, pretend = 0, frame = 0
 694              		@ frame_needed = 0, uses_anonymous_args = 0
 695 0000 70B5     		push	{r4, r5, r6, lr}
 696 0002 0446     		mov	r4, r0
 697 0004 0D46     		mov	r5, r1
 698 0006 1646     		mov	r6, r2
 699 0008 7F28     		cmp	r0, #127
 700 000a 09D8     		bhi	.L89
 701 000c 0346     		mov	r3, r0
 702 000e 0028     		cmp	r0, #0
 703 0010 04DB     		blt	.L93
 704              	.L90:
 705 0012 9C10     		asrs	r4, r3, #2
 706 0014 0020     		movs	r0, #0
 707              	.L91:
 708 0016 2860     		str	r0, [r5]
 709 0018 3460     		str	r4, [r6]
 710 001a 70BD     		pop	{r4, r5, r6, pc}
 711              	.L93:
 712 001c C31C     		adds	r3, r0, #3
 713 001e F8E7     		b	.L90
 714              	.L89:
 715 0020 FFF7FEFF 		bl	tlsf_fls
 716 0024 431F     		subs	r3, r0, #5
 717 0026 DC40     		lsrs	r4, r4, r3
 718 0028 84F02004 		eor	r4, r4, #32
 719 002c 0638     		subs	r0, r0, #6
 720 002e F2E7     		b	.L91
 722              		.section	.text.block_insert,"ax",%progbits
 723              		.align	1
 724              		.syntax unified
 725              		.thumb
 726              		.thumb_func
 728              	block_insert:
 729              		@ args = 0, pretend = 0, frame = 8
 730              		@ frame_needed = 0, uses_anonymous_args = 0
 731 0000 30B5     		push	{r4, r5, lr}
 732 0002 83B0     		sub	sp, sp, #12
 733 0004 0546     		mov	r5, r0
 734 0006 0C46     		mov	r4, r1
 735 0008 0846     		mov	r0, r1
 736 000a FFF7FEFF 		bl	block_size
 737 000e 6A46     		mov	r2, sp
 738 0010 01A9     		add	r1, sp, #4
 739 0012 FFF7FEFF 		bl	mapping_insert
 740 0016 009B     		ldr	r3, [sp]
 741 0018 019A     		ldr	r2, [sp, #4]
 742 001a 2146     		mov	r1, r4
 743 001c 2846     		mov	r0, r5
 744 001e FFF7FEFF 		bl	insert_free_block
 745 0022 03B0     		add	sp, sp, #12
 746              		@ sp needed
 747 0024 30BD     		pop	{r4, r5, pc}
ARM GAS  /var/folders/lp/x54gwt890xv47sdkqj1k04q40000gn/T//ccSGBHXg.s 			page 13


 749              		.section	.text.block_trim_free,"ax",%progbits
 750              		.align	1
 751              		.syntax unified
 752              		.thumb
 753              		.thumb_func
 755              	block_trim_free:
 756              		@ args = 0, pretend = 0, frame = 0
 757              		@ frame_needed = 0, uses_anonymous_args = 0
 758 0000 70B5     		push	{r4, r5, r6, lr}
 759 0002 0646     		mov	r6, r0
 760 0004 0C46     		mov	r4, r1
 761 0006 1546     		mov	r5, r2
 762 0008 0846     		mov	r0, r1
 763 000a FFF7FEFF 		bl	block_is_free
 764 000e 00B9     		cbnz	r0, .L97
 765              	.L98:
 766 0010 FEE7     		b	.L98
 767              	.L97:
 768 0012 2946     		mov	r1, r5
 769 0014 2046     		mov	r0, r4
 770 0016 FFF7FEFF 		bl	block_can_split
 771 001a 00B9     		cbnz	r0, .L101
 772              	.L96:
 773 001c 70BD     		pop	{r4, r5, r6, pc}
 774              	.L101:
 775 001e 2946     		mov	r1, r5
 776 0020 2046     		mov	r0, r4
 777 0022 FFF7FEFF 		bl	block_split
 778 0026 0546     		mov	r5, r0
 779 0028 2046     		mov	r0, r4
 780 002a FFF7FEFF 		bl	block_link_next
 781 002e 2846     		mov	r0, r5
 782 0030 FFF7FEFF 		bl	block_set_prev_free
 783 0034 2946     		mov	r1, r5
 784 0036 3046     		mov	r0, r6
 785 0038 FFF7FEFF 		bl	block_insert
 786 003c EEE7     		b	.L96
 788              		.section	.text.block_prepare_used,"ax",%progbits
 789              		.align	1
 790              		.syntax unified
 791              		.thumb
 792              		.thumb_func
 794              	block_prepare_used:
 795              		@ args = 0, pretend = 0, frame = 0
 796              		@ frame_needed = 0, uses_anonymous_args = 0
 797 0000 10B5     		push	{r4, lr}
 798 0002 0C46     		mov	r4, r1
 799 0004 51B1     		cbz	r1, .L106
 800 0006 02B9     		cbnz	r2, .L104
 801              	.L105:
 802 0008 FEE7     		b	.L105
 803              	.L104:
 804 000a FFF7FEFF 		bl	block_trim_free
 805 000e 2046     		mov	r0, r4
 806 0010 FFF7FEFF 		bl	block_mark_as_used
 807 0014 2046     		mov	r0, r4
 808 0016 FFF7FEFF 		bl	block_to_ptr
ARM GAS  /var/folders/lp/x54gwt890xv47sdkqj1k04q40000gn/T//ccSGBHXg.s 			page 14


 809              	.L102:
 810 001a 10BD     		pop	{r4, pc}
 811              	.L106:
 812 001c 0846     		mov	r0, r1
 813 001e FCE7     		b	.L102
 815              		.section	.text.block_trim_free_leading,"ax",%progbits
 816              		.align	1
 817              		.syntax unified
 818              		.thumb
 819              		.thumb_func
 821              	block_trim_free_leading:
 822              		@ args = 0, pretend = 0, frame = 0
 823              		@ frame_needed = 0, uses_anonymous_args = 0
 824 0000 70B5     		push	{r4, r5, r6, lr}
 825 0002 0646     		mov	r6, r0
 826 0004 0C46     		mov	r4, r1
 827 0006 1546     		mov	r5, r2
 828 0008 1146     		mov	r1, r2
 829 000a 2046     		mov	r0, r4
 830 000c FFF7FEFF 		bl	block_can_split
 831 0010 08B9     		cbnz	r0, .L111
 832              	.L109:
 833 0012 2046     		mov	r0, r4
 834 0014 70BD     		pop	{r4, r5, r6, pc}
 835              	.L111:
 836 0016 291F     		subs	r1, r5, #4
 837 0018 2046     		mov	r0, r4
 838 001a FFF7FEFF 		bl	block_split
 839 001e 0546     		mov	r5, r0
 840 0020 FFF7FEFF 		bl	block_set_prev_free
 841 0024 2046     		mov	r0, r4
 842 0026 FFF7FEFF 		bl	block_link_next
 843 002a 2146     		mov	r1, r4
 844 002c 3046     		mov	r0, r6
 845 002e FFF7FEFF 		bl	block_insert
 846 0032 2C46     		mov	r4, r5
 847 0034 EDE7     		b	.L109
 849              		.section	.text.block_remove,"ax",%progbits
 850              		.align	1
 851              		.syntax unified
 852              		.thumb
 853              		.thumb_func
 855              	block_remove:
 856              		@ args = 0, pretend = 0, frame = 8
 857              		@ frame_needed = 0, uses_anonymous_args = 0
 858 0000 30B5     		push	{r4, r5, lr}
 859 0002 83B0     		sub	sp, sp, #12
 860 0004 0546     		mov	r5, r0
 861 0006 0C46     		mov	r4, r1
 862 0008 0846     		mov	r0, r1
 863 000a FFF7FEFF 		bl	block_size
 864 000e 6A46     		mov	r2, sp
 865 0010 01A9     		add	r1, sp, #4
 866 0012 FFF7FEFF 		bl	mapping_insert
 867 0016 009B     		ldr	r3, [sp]
 868 0018 019A     		ldr	r2, [sp, #4]
 869 001a 2146     		mov	r1, r4
ARM GAS  /var/folders/lp/x54gwt890xv47sdkqj1k04q40000gn/T//ccSGBHXg.s 			page 15


 870 001c 2846     		mov	r0, r5
 871 001e FFF7FEFF 		bl	remove_free_block
 872 0022 03B0     		add	sp, sp, #12
 873              		@ sp needed
 874 0024 30BD     		pop	{r4, r5, pc}
 876              		.section	.text.block_merge_prev,"ax",%progbits
 877              		.align	1
 878              		.syntax unified
 879              		.thumb
 880              		.thumb_func
 882              	block_merge_prev:
 883              		@ args = 0, pretend = 0, frame = 0
 884              		@ frame_needed = 0, uses_anonymous_args = 0
 885 0000 70B5     		push	{r4, r5, r6, lr}
 886 0002 0546     		mov	r5, r0
 887 0004 0C46     		mov	r4, r1
 888 0006 0846     		mov	r0, r1
 889 0008 FFF7FEFF 		bl	block_is_prev_free
 890 000c 08B9     		cbnz	r0, .L121
 891              	.L115:
 892 000e 2046     		mov	r0, r4
 893 0010 70BD     		pop	{r4, r5, r6, pc}
 894              	.L121:
 895 0012 2046     		mov	r0, r4
 896 0014 FFF7FEFF 		bl	block_prev
 897 0018 0646     		mov	r6, r0
 898 001a 18B1     		cbz	r0, .L117
 899 001c FFF7FEFF 		bl	block_is_free
 900 0020 08B9     		cbnz	r0, .L118
 901              	.L119:
 902 0022 FEE7     		b	.L119
 903              	.L117:
 904 0024 FEE7     		b	.L117
 905              	.L118:
 906 0026 3146     		mov	r1, r6
 907 0028 2846     		mov	r0, r5
 908 002a FFF7FEFF 		bl	block_remove
 909 002e 2146     		mov	r1, r4
 910 0030 3046     		mov	r0, r6
 911 0032 FFF7FEFF 		bl	block_absorb
 912 0036 0446     		mov	r4, r0
 913 0038 E9E7     		b	.L115
 915              		.section	.text.block_merge_next,"ax",%progbits
 916              		.align	1
 917              		.syntax unified
 918              		.thumb
 919              		.thumb_func
 921              	block_merge_next:
 922              		@ args = 0, pretend = 0, frame = 0
 923              		@ frame_needed = 0, uses_anonymous_args = 0
 924 0000 70B5     		push	{r4, r5, r6, lr}
 925 0002 0546     		mov	r5, r0
 926 0004 0C46     		mov	r4, r1
 927 0006 0846     		mov	r0, r1
 928 0008 FFF7FEFF 		bl	block_next
 929 000c 40B1     		cbz	r0, .L124
 930 000e 0646     		mov	r6, r0
ARM GAS  /var/folders/lp/x54gwt890xv47sdkqj1k04q40000gn/T//ccSGBHXg.s 			page 16


 931 0010 FFF7FEFF 		bl	block_is_free
 932 0014 70B1     		cbz	r0, .L125
 933 0016 2046     		mov	r0, r4
 934 0018 FFF7FEFF 		bl	block_is_last
 935 001c 08B1     		cbz	r0, .L126
 936              	.L127:
 937 001e FEE7     		b	.L127
 938              	.L124:
 939 0020 FEE7     		b	.L124
 940              	.L126:
 941 0022 3146     		mov	r1, r6
 942 0024 2846     		mov	r0, r5
 943 0026 FFF7FEFF 		bl	block_remove
 944 002a 3146     		mov	r1, r6
 945 002c 2046     		mov	r0, r4
 946 002e FFF7FEFF 		bl	block_absorb
 947 0032 0446     		mov	r4, r0
 948              	.L125:
 949 0034 2046     		mov	r0, r4
 950 0036 70BD     		pop	{r4, r5, r6, pc}
 952              		.section	.text.block_trim_used,"ax",%progbits
 953              		.align	1
 954              		.syntax unified
 955              		.thumb
 956              		.thumb_func
 958              	block_trim_used:
 959              		@ args = 0, pretend = 0, frame = 0
 960              		@ frame_needed = 0, uses_anonymous_args = 0
 961 0000 70B5     		push	{r4, r5, r6, lr}
 962 0002 0646     		mov	r6, r0
 963 0004 0C46     		mov	r4, r1
 964 0006 1546     		mov	r5, r2
 965 0008 0846     		mov	r0, r1
 966 000a FFF7FEFF 		bl	block_is_free
 967 000e 00B1     		cbz	r0, .L130
 968              	.L131:
 969 0010 FEE7     		b	.L131
 970              	.L130:
 971 0012 2946     		mov	r1, r5
 972 0014 2046     		mov	r0, r4
 973 0016 FFF7FEFF 		bl	block_can_split
 974 001a 00B9     		cbnz	r0, .L134
 975              	.L129:
 976 001c 70BD     		pop	{r4, r5, r6, pc}
 977              	.L134:
 978 001e 2946     		mov	r1, r5
 979 0020 2046     		mov	r0, r4
 980 0022 FFF7FEFF 		bl	block_split
 981 0026 0446     		mov	r4, r0
 982 0028 FFF7FEFF 		bl	block_set_prev_used
 983 002c 2146     		mov	r1, r4
 984 002e 3046     		mov	r0, r6
 985 0030 FFF7FEFF 		bl	block_merge_next
 986 0034 0146     		mov	r1, r0
 987 0036 3046     		mov	r0, r6
 988 0038 FFF7FEFF 		bl	block_insert
 989 003c EEE7     		b	.L129
ARM GAS  /var/folders/lp/x54gwt890xv47sdkqj1k04q40000gn/T//ccSGBHXg.s 			page 17


 991              		.section	.text.mapping_search,"ax",%progbits
 992              		.align	1
 993              		.syntax unified
 994              		.thumb
 995              		.thumb_func
 997              	mapping_search:
 998              		@ args = 0, pretend = 0, frame = 0
 999              		@ frame_needed = 0, uses_anonymous_args = 0
 1000 0000 70B5     		push	{r4, r5, r6, lr}
 1001 0002 0446     		mov	r4, r0
 1002 0004 0D46     		mov	r5, r1
 1003 0006 1646     		mov	r6, r2
 1004 0008 7F28     		cmp	r0, #127
 1005 000a 06D9     		bls	.L136
 1006 000c FFF7FEFF 		bl	tlsf_fls
 1007 0010 0538     		subs	r0, r0, #5
 1008 0012 0123     		movs	r3, #1
 1009 0014 8340     		lsls	r3, r3, r0
 1010 0016 013B     		subs	r3, r3, #1
 1011 0018 1C44     		add	r4, r4, r3
 1012              	.L136:
 1013 001a 3246     		mov	r2, r6
 1014 001c 2946     		mov	r1, r5
 1015 001e 2046     		mov	r0, r4
 1016 0020 FFF7FEFF 		bl	mapping_insert
 1017 0024 70BD     		pop	{r4, r5, r6, pc}
 1019              		.section	.text.tlsf_ffs,"ax",%progbits
 1020              		.align	1
 1021              		.syntax unified
 1022              		.thumb
 1023              		.thumb_func
 1025              	tlsf_ffs:
 1026              		@ args = 0, pretend = 0, frame = 0
 1027              		@ frame_needed = 0, uses_anonymous_args = 0
 1028              		@ link register save eliminated.
 1029 0000 0346     		mov	r3, r0
 1030 0002 90FAA0F0 		rbit	r0, r0
 1031 0006 B0FA80F0 		clz	r0, r0
 1032 000a 0BB9     		cbnz	r3, .L139
 1033 000c 4FF0FF30 		mov	r0, #-1
 1034              	.L139:
 1035 0010 7047     		bx	lr
 1037              		.section	.text.search_suitable_block,"ax",%progbits
 1038              		.align	1
 1039              		.syntax unified
 1040              		.thumb
 1041              		.thumb_func
 1043              	search_suitable_block:
 1044              		@ args = 0, pretend = 0, frame = 0
 1045              		@ frame_needed = 0, uses_anonymous_args = 0
 1046 0000 F8B5     		push	{r3, r4, r5, r6, r7, lr}
 1047 0002 0546     		mov	r5, r0
 1048 0004 1646     		mov	r6, r2
 1049 0006 0C68     		ldr	r4, [r1]
 1050 0008 1268     		ldr	r2, [r2]
 1051 000a 231D     		adds	r3, r4, #4
 1052 000c 00EB8303 		add	r3, r0, r3, lsl #2
ARM GAS  /var/folders/lp/x54gwt890xv47sdkqj1k04q40000gn/T//ccSGBHXg.s 			page 18


 1053 0010 5868     		ldr	r0, [r3, #4]
 1054 0012 4FF0FF33 		mov	r3, #-1
 1055 0016 9340     		lsls	r3, r3, r2
 1056 0018 1840     		ands	r0, r0, r3
 1057 001a 11D1     		bne	.L141
 1058 001c 0F46     		mov	r7, r1
 1059 001e 2869     		ldr	r0, [r5, #16]
 1060 0020 0134     		adds	r4, r4, #1
 1061 0022 4FF0FF33 		mov	r3, #-1
 1062 0026 A340     		lsls	r3, r3, r4
 1063 0028 1840     		ands	r0, r0, r3
 1064 002a 12D0     		beq	.L144
 1065 002c FFF7FEFF 		bl	tlsf_ffs
 1066 0030 0446     		mov	r4, r0
 1067 0032 3860     		str	r0, [r7]
 1068 0034 031D     		adds	r3, r0, #4
 1069 0036 05EB8303 		add	r3, r5, r3, lsl #2
 1070 003a 5868     		ldr	r0, [r3, #4]
 1071 003c 00B9     		cbnz	r0, .L141
 1072              	.L143:
 1073 003e FEE7     		b	.L143
 1074              	.L141:
 1075 0040 FFF7FEFF 		bl	tlsf_ffs
 1076 0044 3060     		str	r0, [r6]
 1077 0046 00EB4413 		add	r3, r0, r4, lsl #5
 1078 004a 0C33     		adds	r3, r3, #12
 1079 004c 55F82300 		ldr	r0, [r5, r3, lsl #2]
 1080              	.L140:
 1081 0050 F8BD     		pop	{r3, r4, r5, r6, r7, pc}
 1082              	.L144:
 1083 0052 0020     		movs	r0, #0
 1084 0054 FCE7     		b	.L140
 1086              		.section	.text.block_locate_free,"ax",%progbits
 1087              		.align	1
 1088              		.syntax unified
 1089              		.thumb
 1090              		.thumb_func
 1092              	block_locate_free:
 1093              		@ args = 0, pretend = 0, frame = 8
 1094              		@ frame_needed = 0, uses_anonymous_args = 0
 1095 0000 70B5     		push	{r4, r5, r6, lr}
 1096 0002 82B0     		sub	sp, sp, #8
 1097 0004 0023     		movs	r3, #0
 1098 0006 0193     		str	r3, [sp, #4]
 1099 0008 0093     		str	r3, [sp]
 1100 000a E1B1     		cbz	r1, .L150
 1101 000c 0446     		mov	r4, r0
 1102 000e 0E46     		mov	r6, r1
 1103 0010 6A46     		mov	r2, sp
 1104 0012 01A9     		add	r1, sp, #4
 1105 0014 3046     		mov	r0, r6
 1106 0016 FFF7FEFF 		bl	mapping_search
 1107 001a 019B     		ldr	r3, [sp, #4]
 1108 001c 062B     		cmp	r3, #6
 1109 001e 16DC     		bgt	.L151
 1110 0020 6A46     		mov	r2, sp
 1111 0022 01A9     		add	r1, sp, #4
ARM GAS  /var/folders/lp/x54gwt890xv47sdkqj1k04q40000gn/T//ccSGBHXg.s 			page 19


 1112 0024 2046     		mov	r0, r4
 1113 0026 FFF7FEFF 		bl	search_suitable_block
 1114 002a 0546     		mov	r5, r0
 1115 002c 60B1     		cbz	r0, .L146
 1116 002e FFF7FEFF 		bl	block_size
 1117 0032 B042     		cmp	r0, r6
 1118 0034 00D2     		bcs	.L148
 1119              	.L149:
 1120 0036 FEE7     		b	.L149
 1121              	.L148:
 1122 0038 009B     		ldr	r3, [sp]
 1123 003a 019A     		ldr	r2, [sp, #4]
 1124 003c 2946     		mov	r1, r5
 1125 003e 2046     		mov	r0, r4
 1126 0040 FFF7FEFF 		bl	remove_free_block
 1127 0044 00E0     		b	.L146
 1128              	.L150:
 1129 0046 0025     		movs	r5, #0
 1130              	.L146:
 1131 0048 2846     		mov	r0, r5
 1132 004a 02B0     		add	sp, sp, #8
 1133              		@ sp needed
 1134 004c 70BD     		pop	{r4, r5, r6, pc}
 1135              	.L151:
 1136 004e 0025     		movs	r5, #0
 1137 0050 FAE7     		b	.L146
 1139              		.section	.text.lv_tlsf_check,"ax",%progbits
 1140              		.align	1
 1141              		.global	lv_tlsf_check
 1142              		.syntax unified
 1143              		.thumb
 1144              		.thumb_func
 1146              	lv_tlsf_check:
 1147              		@ args = 0, pretend = 0, frame = 8
 1148              		@ frame_needed = 0, uses_anonymous_args = 0
 1149 0000 2DE9F041 		push	{r4, r5, r6, r7, r8, lr}
 1150 0004 82B0     		sub	sp, sp, #8
 1151 0006 0546     		mov	r5, r0
 1152 0008 0026     		movs	r6, #0
 1153              	.L154:
 1154 000a 062E     		cmp	r6, #6
 1155 000c 4FDC     		bgt	.L181
 1156 000e 0027     		movs	r7, #0
 1157              	.L178:
 1158 0010 1F2F     		cmp	r7, #31
 1159 0012 4ADC     		bgt	.L182
 1160 0014 2A69     		ldr	r2, [r5, #16]
 1161 0016 0123     		movs	r3, #1
 1162 0018 03FA06FC 		lsl	ip, r3, r6
 1163 001c 311D     		adds	r1, r6, #4
 1164 001e 05EB8101 		add	r1, r5, r1, lsl #2
 1165 0022 4868     		ldr	r0, [r1, #4]
 1166 0024 BB40     		lsls	r3, r3, r7
 1167 0026 0340     		ands	r3, r3, r0
 1168 0028 07EB4611 		add	r1, r7, r6, lsl #5
 1169 002c 0C31     		adds	r1, r1, #12
 1170 002e 55F82140 		ldr	r4, [r5, r1, lsl #2]
ARM GAS  /var/folders/lp/x54gwt890xv47sdkqj1k04q40000gn/T//ccSGBHXg.s 			page 20


 1171 0032 12EA0C0F 		tst	r2, ip
 1172 0036 00D1     		bne	.L155
 1173 0038 1BB9     		cbnz	r3, .L156
 1174              	.L155:
 1175 003a 1BB9     		cbnz	r3, .L157
 1176 003c A542     		cmp	r5, r4
 1177 003e 32D0     		beq	.L158
 1178              	.L159:
 1179 0040 FEE7     		b	.L159
 1180              	.L156:
 1181 0042 FEE7     		b	.L156
 1182              	.L157:
 1183 0044 38B3     		cbz	r0, .L161
 1184 0046 A542     		cmp	r5, r4
 1185 0048 26D0     		beq	.L163
 1186              	.L162:
 1187 004a A542     		cmp	r5, r4
 1188 004c 2BD0     		beq	.L158
 1189 004e 2046     		mov	r0, r4
 1190 0050 FFF7FEFF 		bl	block_is_free
 1191 0054 08B3     		cbz	r0, .L165
 1192 0056 2046     		mov	r0, r4
 1193 0058 FFF7FEFF 		bl	block_is_prev_free
 1194 005c F0B9     		cbnz	r0, .L167
 1195 005e 2046     		mov	r0, r4
 1196 0060 FFF7FEFF 		bl	block_next
 1197 0064 8046     		mov	r8, r0
 1198 0066 FFF7FEFF 		bl	block_is_free
 1199 006a C0B9     		cbnz	r0, .L169
 1200 006c 4046     		mov	r0, r8
 1201 006e FFF7FEFF 		bl	block_is_prev_free
 1202 0072 A8B1     		cbz	r0, .L171
 1203 0074 2046     		mov	r0, r4
 1204 0076 FFF7FEFF 		bl	block_size
 1205 007a 0B28     		cmp	r0, #11
 1206 007c 11D9     		bls	.L173
 1207 007e 01AA     		add	r2, sp, #4
 1208 0080 6946     		mov	r1, sp
 1209 0082 FFF7FEFF 		bl	mapping_insert
 1210 0086 009B     		ldr	r3, [sp]
 1211 0088 B342     		cmp	r3, r6
 1212 008a 0BD1     		bne	.L174
 1213 008c 019B     		ldr	r3, [sp, #4]
 1214 008e BB42     		cmp	r3, r7
 1215 0090 08D1     		bne	.L174
 1216 0092 A468     		ldr	r4, [r4, #8]
 1217 0094 D9E7     		b	.L162
 1218              	.L161:
 1219 0096 FEE7     		b	.L161
 1220              	.L163:
 1221 0098 FEE7     		b	.L163
 1222              	.L165:
 1223 009a FEE7     		b	.L165
 1224              	.L167:
 1225 009c FEE7     		b	.L167
 1226              	.L169:
 1227 009e FEE7     		b	.L169
ARM GAS  /var/folders/lp/x54gwt890xv47sdkqj1k04q40000gn/T//ccSGBHXg.s 			page 21


 1228              	.L171:
 1229 00a0 FEE7     		b	.L171
 1230              	.L173:
 1231 00a2 FEE7     		b	.L173
 1232              	.L174:
 1233 00a4 FEE7     		b	.L174
 1234              	.L158:
 1235 00a6 0137     		adds	r7, r7, #1
 1236 00a8 B2E7     		b	.L178
 1237              	.L182:
 1238 00aa 0136     		adds	r6, r6, #1
 1239 00ac ADE7     		b	.L154
 1240              	.L181:
 1241 00ae 0020     		movs	r0, #0
 1242 00b0 02B0     		add	sp, sp, #8
 1243              		@ sp needed
 1244 00b2 BDE8F081 		pop	{r4, r5, r6, r7, r8, pc}
 1246              		.section	.text.lv_tlsf_walk_pool,"ax",%progbits
 1247              		.align	1
 1248              		.global	lv_tlsf_walk_pool
 1249              		.syntax unified
 1250              		.thumb
 1251              		.thumb_func
 1253              	lv_tlsf_walk_pool:
 1254              		@ args = 0, pretend = 0, frame = 0
 1255              		@ frame_needed = 0, uses_anonymous_args = 0
 1256 0000 2DE9F041 		push	{r4, r5, r6, r7, r8, lr}
 1257 0004 1746     		mov	r7, r2
 1258 0006 8846     		mov	r8, r1
 1259 0008 29B1     		cbz	r1, .L190
 1260              	.L184:
 1261 000a 6FF00301 		mvn	r1, #3
 1262 000e FFF7FEFF 		bl	offset_to_block
 1263 0012 0446     		mov	r4, r0
 1264 0014 18E0     		b	.L185
 1265              	.L190:
 1266 0016 DFF84080 		ldr	r8, .L191
 1267 001a F6E7     		b	.L184
 1268              	.L187:
 1269 001c 2046     		mov	r0, r4
 1270 001e FFF7FEFF 		bl	block_to_ptr
 1271 0022 0546     		mov	r5, r0
 1272 0024 2046     		mov	r0, r4
 1273 0026 FFF7FEFF 		bl	block_size
 1274 002a 0646     		mov	r6, r0
 1275 002c 2046     		mov	r0, r4
 1276 002e FFF7FEFF 		bl	block_is_free
 1277 0032 3B46     		mov	r3, r7
 1278 0034 B0FA80F2 		clz	r2, r0
 1279 0038 5209     		lsrs	r2, r2, #5
 1280 003a 3146     		mov	r1, r6
 1281 003c 2846     		mov	r0, r5
 1282 003e C047     		blx	r8
 1283 0040 2046     		mov	r0, r4
 1284 0042 FFF7FEFF 		bl	block_next
 1285 0046 0446     		mov	r4, r0
 1286              	.L185:
ARM GAS  /var/folders/lp/x54gwt890xv47sdkqj1k04q40000gn/T//ccSGBHXg.s 			page 22


 1287 0048 24B1     		cbz	r4, .L183
 1288 004a 2046     		mov	r0, r4
 1289 004c FFF7FEFF 		bl	block_is_last
 1290 0050 0028     		cmp	r0, #0
 1291 0052 E3D0     		beq	.L187
 1292              	.L183:
 1293 0054 BDE8F081 		pop	{r4, r5, r6, r7, r8, pc}
 1294              	.L192:
 1295              		.align	2
 1296              	.L191:
 1297 0058 00000000 		.word	default_walker
 1299              		.section	.text.lv_tlsf_block_size,"ax",%progbits
 1300              		.align	1
 1301              		.global	lv_tlsf_block_size
 1302              		.syntax unified
 1303              		.thumb
 1304              		.thumb_func
 1306              	lv_tlsf_block_size:
 1307              		@ args = 0, pretend = 0, frame = 0
 1308              		@ frame_needed = 0, uses_anonymous_args = 0
 1309 0000 28B1     		cbz	r0, .L195
 1310 0002 08B5     		push	{r3, lr}
 1311 0004 FFF7FEFF 		bl	block_from_ptr
 1312 0008 FFF7FEFF 		bl	block_size
 1313 000c 08BD     		pop	{r3, pc}
 1314              	.L195:
 1315 000e 0020     		movs	r0, #0
 1316 0010 7047     		bx	lr
 1318              		.section	.text.lv_tlsf_check_pool,"ax",%progbits
 1319              		.align	1
 1320              		.global	lv_tlsf_check_pool
 1321              		.syntax unified
 1322              		.thumb
 1323              		.thumb_func
 1325              	lv_tlsf_check_pool:
 1326              		@ args = 0, pretend = 0, frame = 8
 1327              		@ frame_needed = 0, uses_anonymous_args = 0
 1328 0000 00B5     		push	{lr}
 1329 0002 83B0     		sub	sp, sp, #12
 1330 0004 0023     		movs	r3, #0
 1331 0006 0093     		str	r3, [sp]
 1332 0008 0193     		str	r3, [sp, #4]
 1333 000a 6A46     		mov	r2, sp
 1334 000c 0349     		ldr	r1, .L202
 1335 000e FFF7FEFF 		bl	lv_tlsf_walk_pool
 1336 0012 0198     		ldr	r0, [sp, #4]
 1337 0014 03B0     		add	sp, sp, #12
 1338              		@ sp needed
 1339 0016 5DF804FB 		ldr	pc, [sp], #4
 1340              	.L203:
 1341 001a 00BF     		.align	2
 1342              	.L202:
 1343 001c 00000000 		.word	integrity_walker
 1345              		.section	.text.lv_tlsf_size,"ax",%progbits
 1346              		.align	1
 1347              		.global	lv_tlsf_size
 1348              		.syntax unified
ARM GAS  /var/folders/lp/x54gwt890xv47sdkqj1k04q40000gn/T//ccSGBHXg.s 			page 23


 1349              		.thumb
 1350              		.thumb_func
 1352              	lv_tlsf_size:
 1353              		@ args = 0, pretend = 0, frame = 0
 1354              		@ frame_needed = 0, uses_anonymous_args = 0
 1355              		@ link register save eliminated.
 1356 0000 4FF46C70 		mov	r0, #944
 1357 0004 7047     		bx	lr
 1359              		.section	.text.lv_tlsf_align_size,"ax",%progbits
 1360              		.align	1
 1361              		.global	lv_tlsf_align_size
 1362              		.syntax unified
 1363              		.thumb
 1364              		.thumb_func
 1366              	lv_tlsf_align_size:
 1367              		@ args = 0, pretend = 0, frame = 0
 1368              		@ frame_needed = 0, uses_anonymous_args = 0
 1369              		@ link register save eliminated.
 1370 0000 0420     		movs	r0, #4
 1371 0002 7047     		bx	lr
 1373              		.section	.text.lv_tlsf_block_size_min,"ax",%progbits
 1374              		.align	1
 1375              		.global	lv_tlsf_block_size_min
 1376              		.syntax unified
 1377              		.thumb
 1378              		.thumb_func
 1380              	lv_tlsf_block_size_min:
 1381              		@ args = 0, pretend = 0, frame = 0
 1382              		@ frame_needed = 0, uses_anonymous_args = 0
 1383              		@ link register save eliminated.
 1384 0000 0C20     		movs	r0, #12
 1385 0002 7047     		bx	lr
 1387              		.section	.text.lv_tlsf_block_size_max,"ax",%progbits
 1388              		.align	1
 1389              		.global	lv_tlsf_block_size_max
 1390              		.syntax unified
 1391              		.thumb
 1392              		.thumb_func
 1394              	lv_tlsf_block_size_max:
 1395              		@ args = 0, pretend = 0, frame = 0
 1396              		@ frame_needed = 0, uses_anonymous_args = 0
 1397              		@ link register save eliminated.
 1398 0000 4FF40050 		mov	r0, #8192
 1399 0004 7047     		bx	lr
 1401              		.section	.text.lv_tlsf_pool_overhead,"ax",%progbits
 1402              		.align	1
 1403              		.global	lv_tlsf_pool_overhead
 1404              		.syntax unified
 1405              		.thumb
 1406              		.thumb_func
 1408              	lv_tlsf_pool_overhead:
 1409              		@ args = 0, pretend = 0, frame = 0
 1410              		@ frame_needed = 0, uses_anonymous_args = 0
 1411              		@ link register save eliminated.
 1412 0000 0820     		movs	r0, #8
 1413 0002 7047     		bx	lr
 1415              		.section	.text.lv_tlsf_alloc_overhead,"ax",%progbits
ARM GAS  /var/folders/lp/x54gwt890xv47sdkqj1k04q40000gn/T//ccSGBHXg.s 			page 24


 1416              		.align	1
 1417              		.global	lv_tlsf_alloc_overhead
 1418              		.syntax unified
 1419              		.thumb
 1420              		.thumb_func
 1422              	lv_tlsf_alloc_overhead:
 1423              		@ args = 0, pretend = 0, frame = 0
 1424              		@ frame_needed = 0, uses_anonymous_args = 0
 1425              		@ link register save eliminated.
 1426 0000 0420     		movs	r0, #4
 1427 0002 7047     		bx	lr
 1429              		.section	.text.lv_tlsf_add_pool,"ax",%progbits
 1430              		.align	1
 1431              		.global	lv_tlsf_add_pool
 1432              		.syntax unified
 1433              		.thumb
 1434              		.thumb_func
 1436              	lv_tlsf_add_pool:
 1437              		@ args = 0, pretend = 0, frame = 0
 1438              		@ frame_needed = 0, uses_anonymous_args = 0
 1439 0000 F8B5     		push	{r3, r4, r5, r6, r7, lr}
 1440 0002 0746     		mov	r7, r0
 1441 0004 0C46     		mov	r4, r1
 1442 0006 1546     		mov	r5, r2
 1443 0008 FFF7FEFF 		bl	lv_tlsf_pool_overhead
 1444 000c 0421     		movs	r1, #4
 1445 000e 281A     		subs	r0, r5, r0
 1446 0010 FFF7FEFF 		bl	align_down
 1447 0014 14F0030F 		tst	r4, #3
 1448 0018 28D1     		bne	.L212
 1449 001a 0546     		mov	r5, r0
 1450 001c A0F10C02 		sub	r2, r0, #12
 1451 0020 41F6F473 		movw	r3, #8180
 1452 0024 9A42     		cmp	r2, r3
 1453 0026 23D8     		bhi	.L213
 1454 0028 6FF00301 		mvn	r1, #3
 1455 002c 2046     		mov	r0, r4
 1456 002e FFF7FEFF 		bl	offset_to_block
 1457 0032 0646     		mov	r6, r0
 1458 0034 2946     		mov	r1, r5
 1459 0036 FFF7FEFF 		bl	block_set_size
 1460 003a 3046     		mov	r0, r6
 1461 003c FFF7FEFF 		bl	block_set_free
 1462 0040 3046     		mov	r0, r6
 1463 0042 FFF7FEFF 		bl	block_set_prev_used
 1464 0046 3146     		mov	r1, r6
 1465 0048 3846     		mov	r0, r7
 1466 004a FFF7FEFF 		bl	block_insert
 1467 004e 3046     		mov	r0, r6
 1468 0050 FFF7FEFF 		bl	block_link_next
 1469 0054 0546     		mov	r5, r0
 1470 0056 0021     		movs	r1, #0
 1471 0058 FFF7FEFF 		bl	block_set_size
 1472 005c 2846     		mov	r0, r5
 1473 005e FFF7FEFF 		bl	block_set_used
 1474 0062 2846     		mov	r0, r5
 1475 0064 FFF7FEFF 		bl	block_set_prev_free
ARM GAS  /var/folders/lp/x54gwt890xv47sdkqj1k04q40000gn/T//ccSGBHXg.s 			page 25


 1476 0068 2046     		mov	r0, r4
 1477              	.L210:
 1478 006a F8BD     		pop	{r3, r4, r5, r6, r7, pc}
 1479              	.L212:
 1480 006c 0020     		movs	r0, #0
 1481 006e FCE7     		b	.L210
 1482              	.L213:
 1483 0070 0020     		movs	r0, #0
 1484 0072 FAE7     		b	.L210
 1486              		.section	.text.lv_tlsf_remove_pool,"ax",%progbits
 1487              		.align	1
 1488              		.global	lv_tlsf_remove_pool
 1489              		.syntax unified
 1490              		.thumb
 1491              		.thumb_func
 1493              	lv_tlsf_remove_pool:
 1494              		@ args = 0, pretend = 0, frame = 8
 1495              		@ frame_needed = 0, uses_anonymous_args = 0
 1496 0000 70B5     		push	{r4, r5, r6, lr}
 1497 0002 82B0     		sub	sp, sp, #8
 1498 0004 0546     		mov	r5, r0
 1499 0006 0846     		mov	r0, r1
 1500 0008 6FF00301 		mvn	r1, #3
 1501 000c FFF7FEFF 		bl	offset_to_block
 1502 0010 0446     		mov	r4, r0
 1503 0012 0023     		movs	r3, #0
 1504 0014 0193     		str	r3, [sp, #4]
 1505 0016 0093     		str	r3, [sp]
 1506 0018 FFF7FEFF 		bl	block_is_free
 1507 001c 00B9     		cbnz	r0, .L216
 1508              	.L217:
 1509 001e FEE7     		b	.L217
 1510              	.L216:
 1511 0020 2046     		mov	r0, r4
 1512 0022 FFF7FEFF 		bl	block_next
 1513 0026 0646     		mov	r6, r0
 1514 0028 FFF7FEFF 		bl	block_is_free
 1515 002c 00B1     		cbz	r0, .L218
 1516              	.L219:
 1517 002e FEE7     		b	.L219
 1518              	.L218:
 1519 0030 3046     		mov	r0, r6
 1520 0032 FFF7FEFF 		bl	block_size
 1521 0036 00B1     		cbz	r0, .L220
 1522              	.L221:
 1523 0038 FEE7     		b	.L221
 1524              	.L220:
 1525 003a 2046     		mov	r0, r4
 1526 003c FFF7FEFF 		bl	block_size
 1527 0040 6A46     		mov	r2, sp
 1528 0042 01A9     		add	r1, sp, #4
 1529 0044 FFF7FEFF 		bl	mapping_insert
 1530 0048 009B     		ldr	r3, [sp]
 1531 004a 019A     		ldr	r2, [sp, #4]
 1532 004c 2146     		mov	r1, r4
 1533 004e 2846     		mov	r0, r5
 1534 0050 FFF7FEFF 		bl	remove_free_block
ARM GAS  /var/folders/lp/x54gwt890xv47sdkqj1k04q40000gn/T//ccSGBHXg.s 			page 26


 1535 0054 02B0     		add	sp, sp, #8
 1536              		@ sp needed
 1537 0056 70BD     		pop	{r4, r5, r6, pc}
 1539              		.section	.text.lv_tlsf_create,"ax",%progbits
 1540              		.align	1
 1541              		.global	lv_tlsf_create
 1542              		.syntax unified
 1543              		.thumb
 1544              		.thumb_func
 1546              	lv_tlsf_create:
 1547              		@ args = 0, pretend = 0, frame = 0
 1548              		@ frame_needed = 0, uses_anonymous_args = 0
 1549 0000 10F0030F 		tst	r0, #3
 1550 0004 05D1     		bne	.L225
 1551 0006 10B5     		push	{r4, lr}
 1552 0008 0446     		mov	r4, r0
 1553 000a FFF7FEFF 		bl	control_constructor
 1554 000e 2046     		mov	r0, r4
 1555 0010 10BD     		pop	{r4, pc}
 1556              	.L225:
 1557 0012 0020     		movs	r0, #0
 1558 0014 7047     		bx	lr
 1560              		.section	.text.lv_tlsf_create_with_pool,"ax",%progbits
 1561              		.align	1
 1562              		.global	lv_tlsf_create_with_pool
 1563              		.syntax unified
 1564              		.thumb
 1565              		.thumb_func
 1567              	lv_tlsf_create_with_pool:
 1568              		@ args = 0, pretend = 0, frame = 0
 1569              		@ frame_needed = 0, uses_anonymous_args = 0
 1570 0000 70B5     		push	{r4, r5, r6, lr}
 1571 0002 0546     		mov	r5, r0
 1572 0004 0E46     		mov	r6, r1
 1573 0006 FFF7FEFF 		bl	lv_tlsf_create
 1574 000a 0446     		mov	r4, r0
 1575 000c FFF7FEFF 		bl	lv_tlsf_size
 1576 0010 321A     		subs	r2, r6, r0
 1577 0012 2918     		adds	r1, r5, r0
 1578 0014 2046     		mov	r0, r4
 1579 0016 FFF7FEFF 		bl	lv_tlsf_add_pool
 1580 001a 2046     		mov	r0, r4
 1581 001c 70BD     		pop	{r4, r5, r6, pc}
 1583              		.section	.text.lv_tlsf_destroy,"ax",%progbits
 1584              		.align	1
 1585              		.global	lv_tlsf_destroy
 1586              		.syntax unified
 1587              		.thumb
 1588              		.thumb_func
 1590              	lv_tlsf_destroy:
 1591              		@ args = 0, pretend = 0, frame = 0
 1592              		@ frame_needed = 0, uses_anonymous_args = 0
 1593              		@ link register save eliminated.
 1594 0000 7047     		bx	lr
 1596              		.section	.text.lv_tlsf_get_pool,"ax",%progbits
 1597              		.align	1
 1598              		.global	lv_tlsf_get_pool
ARM GAS  /var/folders/lp/x54gwt890xv47sdkqj1k04q40000gn/T//ccSGBHXg.s 			page 27


 1599              		.syntax unified
 1600              		.thumb
 1601              		.thumb_func
 1603              	lv_tlsf_get_pool:
 1604              		@ args = 0, pretend = 0, frame = 0
 1605              		@ frame_needed = 0, uses_anonymous_args = 0
 1606 0000 10B5     		push	{r4, lr}
 1607 0002 0446     		mov	r4, r0
 1608 0004 FFF7FEFF 		bl	lv_tlsf_size
 1609 0008 2044     		add	r0, r0, r4
 1610 000a 10BD     		pop	{r4, pc}
 1612              		.section	.text.lv_tlsf_malloc,"ax",%progbits
 1613              		.align	1
 1614              		.global	lv_tlsf_malloc
 1615              		.syntax unified
 1616              		.thumb
 1617              		.thumb_func
 1619              	lv_tlsf_malloc:
 1620              		@ args = 0, pretend = 0, frame = 0
 1621              		@ frame_needed = 0, uses_anonymous_args = 0
 1622 0000 38B5     		push	{r3, r4, r5, lr}
 1623 0002 0446     		mov	r4, r0
 1624 0004 0846     		mov	r0, r1
 1625 0006 0421     		movs	r1, #4
 1626 0008 FFF7FEFF 		bl	adjust_request_size
 1627 000c 0546     		mov	r5, r0
 1628 000e 0146     		mov	r1, r0
 1629 0010 2046     		mov	r0, r4
 1630 0012 FFF7FEFF 		bl	block_locate_free
 1631 0016 0146     		mov	r1, r0
 1632 0018 2A46     		mov	r2, r5
 1633 001a 2046     		mov	r0, r4
 1634 001c FFF7FEFF 		bl	block_prepare_used
 1635 0020 38BD     		pop	{r3, r4, r5, pc}
 1637              		.section	.text.lv_tlsf_memalign,"ax",%progbits
 1638              		.align	1
 1639              		.global	lv_tlsf_memalign
 1640              		.syntax unified
 1641              		.thumb
 1642              		.thumb_func
 1644              	lv_tlsf_memalign:
 1645              		@ args = 0, pretend = 0, frame = 0
 1646              		@ frame_needed = 0, uses_anonymous_args = 0
 1647 0000 2DE9F041 		push	{r4, r5, r6, r7, r8, lr}
 1648 0004 0646     		mov	r6, r0
 1649 0006 0C46     		mov	r4, r1
 1650 0008 0421     		movs	r1, #4
 1651 000a 1046     		mov	r0, r2
 1652 000c FFF7FEFF 		bl	adjust_request_size
 1653 0010 0546     		mov	r5, r0
 1654 0012 2044     		add	r0, r0, r4
 1655 0014 2146     		mov	r1, r4
 1656 0016 1030     		adds	r0, r0, #16
 1657 0018 FFF7FEFF 		bl	adjust_request_size
 1658 001c 25B1     		cbz	r5, .L243
 1659 001e 0146     		mov	r1, r0
 1660 0020 042C     		cmp	r4, #4
ARM GAS  /var/folders/lp/x54gwt890xv47sdkqj1k04q40000gn/T//ccSGBHXg.s 			page 28


 1661 0022 02D8     		bhi	.L238
 1662 0024 2946     		mov	r1, r5
 1663 0026 00E0     		b	.L238
 1664              	.L243:
 1665 0028 2946     		mov	r1, r5
 1666              	.L238:
 1667 002a 3046     		mov	r0, r6
 1668 002c FFF7FEFF 		bl	block_locate_free
 1669 0030 0746     		mov	r7, r0
 1670 0032 F8B1     		cbz	r0, .L239
 1671 0034 FFF7FEFF 		bl	block_to_ptr
 1672 0038 8046     		mov	r8, r0
 1673 003a 2146     		mov	r1, r4
 1674 003c FFF7FEFF 		bl	align_ptr
 1675 0040 A0EB0802 		sub	r2, r0, r8
 1676 0044 531E     		subs	r3, r2, #1
 1677 0046 0E2B     		cmp	r3, #14
 1678 0048 03D9     		bls	.L245
 1679              	.L240:
 1680 004a 9AB1     		cbz	r2, .L239
 1681 004c 0F2A     		cmp	r2, #15
 1682 004e 0CD8     		bhi	.L241
 1683              	.L242:
 1684 0050 FEE7     		b	.L242
 1685              	.L245:
 1686 0052 C2F11002 		rsb	r2, r2, #16
 1687 0056 2146     		mov	r1, r4
 1688 0058 9442     		cmp	r4, r2
 1689 005a 2CBF     		ite	cs
 1690 005c 0019     		addcs	r0, r0, r4
 1691 005e 8018     		addcc	r0, r0, r2
 1692 0060 FFF7FEFF 		bl	align_ptr
 1693 0064 A0EB0802 		sub	r2, r0, r8
 1694 0068 EFE7     		b	.L240
 1695              	.L241:
 1696 006a 3946     		mov	r1, r7
 1697 006c 3046     		mov	r0, r6
 1698 006e FFF7FEFF 		bl	block_trim_free_leading
 1699 0072 0746     		mov	r7, r0
 1700              	.L239:
 1701 0074 2A46     		mov	r2, r5
 1702 0076 3946     		mov	r1, r7
 1703 0078 3046     		mov	r0, r6
 1704 007a FFF7FEFF 		bl	block_prepare_used
 1705 007e BDE8F081 		pop	{r4, r5, r6, r7, r8, pc}
 1707              		.section	.text.lv_tlsf_free,"ax",%progbits
 1708              		.align	1
 1709              		.global	lv_tlsf_free
 1710              		.syntax unified
 1711              		.thumb
 1712              		.thumb_func
 1714              	lv_tlsf_free:
 1715              		@ args = 0, pretend = 0, frame = 0
 1716              		@ frame_needed = 0, uses_anonymous_args = 0
 1717 0000 70B5     		push	{r4, r5, r6, lr}
 1718 0002 C9B1     		cbz	r1, .L250
 1719 0004 0546     		mov	r5, r0
ARM GAS  /var/folders/lp/x54gwt890xv47sdkqj1k04q40000gn/T//ccSGBHXg.s 			page 29


 1720 0006 0846     		mov	r0, r1
 1721 0008 FFF7FEFF 		bl	block_from_ptr
 1722 000c 0446     		mov	r4, r0
 1723 000e FFF7FEFF 		bl	block_is_free
 1724 0012 00B1     		cbz	r0, .L248
 1725              	.L249:
 1726 0014 FEE7     		b	.L249
 1727              	.L248:
 1728 0016 6668     		ldr	r6, [r4, #4]
 1729 0018 2046     		mov	r0, r4
 1730 001a FFF7FEFF 		bl	block_mark_as_free
 1731 001e 2146     		mov	r1, r4
 1732 0020 2846     		mov	r0, r5
 1733 0022 FFF7FEFF 		bl	block_merge_prev
 1734 0026 0146     		mov	r1, r0
 1735 0028 2846     		mov	r0, r5
 1736 002a FFF7FEFF 		bl	block_merge_next
 1737 002e 0146     		mov	r1, r0
 1738 0030 2846     		mov	r0, r5
 1739 0032 FFF7FEFF 		bl	block_insert
 1740 0036 00E0     		b	.L246
 1741              	.L250:
 1742 0038 0026     		movs	r6, #0
 1743              	.L246:
 1744 003a 3046     		mov	r0, r6
 1745 003c 70BD     		pop	{r4, r5, r6, pc}
 1747              		.section	.text.lv_tlsf_realloc,"ax",%progbits
 1748              		.align	1
 1749              		.global	lv_tlsf_realloc
 1750              		.syntax unified
 1751              		.thumb
 1752              		.thumb_func
 1754              	lv_tlsf_realloc:
 1755              		@ args = 0, pretend = 0, frame = 0
 1756              		@ frame_needed = 0, uses_anonymous_args = 0
 1757 0000 2DE9F84F 		push	{r3, r4, r5, r6, r7, r8, r9, r10, fp, lr}
 1758 0004 0546     		mov	r5, r0
 1759 0006 1446     		mov	r4, r2
 1760 0008 29B3     		cbz	r1, .L253
 1761 000a 8946     		mov	r9, r1
 1762 000c EAB1     		cbz	r2, .L264
 1763 000e 0846     		mov	r0, r1
 1764 0010 FFF7FEFF 		bl	block_from_ptr
 1765 0014 0746     		mov	r7, r0
 1766 0016 FFF7FEFF 		bl	block_next
 1767 001a 8246     		mov	r10, r0
 1768 001c 3846     		mov	r0, r7
 1769 001e FFF7FEFF 		bl	block_size
 1770 0022 0646     		mov	r6, r0
 1771 0024 5046     		mov	r0, r10
 1772 0026 FFF7FEFF 		bl	block_size
 1773 002a 8319     		adds	r3, r0, r6
 1774 002c 03F1040B 		add	fp, r3, #4
 1775 0030 0421     		movs	r1, #4
 1776 0032 2046     		mov	r0, r4
 1777 0034 FFF7FEFF 		bl	adjust_request_size
 1778 0038 8046     		mov	r8, r0
ARM GAS  /var/folders/lp/x54gwt890xv47sdkqj1k04q40000gn/T//ccSGBHXg.s 			page 30


 1779 003a B442     		cmp	r4, r6
 1780 003c 00D9     		bls	.L256
 1781 003e D8B3     		cbz	r0, .L262
 1782              	.L256:
 1783 0040 3846     		mov	r0, r7
 1784 0042 FFF7FEFF 		bl	block_is_free
 1785 0046 58B1     		cbz	r0, .L257
 1786              	.L258:
 1787 0048 FEE7     		b	.L258
 1788              	.L264:
 1789 004a FFF7FEFF 		bl	lv_tlsf_free
 1790 004e 0027     		movs	r7, #0
 1791              	.L252:
 1792 0050 3846     		mov	r0, r7
 1793 0052 BDE8F88F 		pop	{r3, r4, r5, r6, r7, r8, r9, r10, fp, pc}
 1794              	.L253:
 1795 0056 1146     		mov	r1, r2
 1796 0058 FFF7FEFF 		bl	lv_tlsf_malloc
 1797 005c 0746     		mov	r7, r0
 1798 005e F7E7     		b	.L252
 1799              	.L257:
 1800 0060 4645     		cmp	r6, r8
 1801 0062 18D2     		bcs	.L259
 1802 0064 5046     		mov	r0, r10
 1803 0066 FFF7FEFF 		bl	block_is_free
 1804 006a 08B1     		cbz	r0, .L260
 1805 006c C345     		cmp	fp, r8
 1806 006e 12D2     		bcs	.L259
 1807              	.L260:
 1808 0070 2146     		mov	r1, r4
 1809 0072 2846     		mov	r0, r5
 1810 0074 FFF7FEFF 		bl	lv_tlsf_malloc
 1811 0078 0746     		mov	r7, r0
 1812 007a 0028     		cmp	r0, #0
 1813 007c E8D0     		beq	.L252
 1814 007e 2246     		mov	r2, r4
 1815 0080 B442     		cmp	r4, r6
 1816 0082 28BF     		it	cs
 1817 0084 3246     		movcs	r2, r6
 1818 0086 4946     		mov	r1, r9
 1819 0088 FFF7FEFF 		bl	lv_memcpy
 1820 008c 4946     		mov	r1, r9
 1821 008e 2846     		mov	r0, r5
 1822 0090 FFF7FEFF 		bl	lv_tlsf_free
 1823 0094 DCE7     		b	.L252
 1824              	.L259:
 1825 0096 4645     		cmp	r6, r8
 1826 0098 06D3     		bcc	.L265
 1827              	.L261:
 1828 009a 4246     		mov	r2, r8
 1829 009c 3946     		mov	r1, r7
 1830 009e 2846     		mov	r0, r5
 1831 00a0 FFF7FEFF 		bl	block_trim_used
 1832 00a4 4F46     		mov	r7, r9
 1833 00a6 D3E7     		b	.L252
 1834              	.L265:
 1835 00a8 3946     		mov	r1, r7
ARM GAS  /var/folders/lp/x54gwt890xv47sdkqj1k04q40000gn/T//ccSGBHXg.s 			page 31


 1836 00aa 2846     		mov	r0, r5
 1837 00ac FFF7FEFF 		bl	block_merge_next
 1838 00b0 3846     		mov	r0, r7
 1839 00b2 FFF7FEFF 		bl	block_mark_as_used
 1840 00b6 F0E7     		b	.L261
 1841              	.L262:
 1842 00b8 0027     		movs	r7, #0
 1843 00ba C9E7     		b	.L252
 1845              		.ident	"GCC: (xPack GNU Arm Embedded GCC arm64) 13.3.1 20240614"
ARM GAS  /var/folders/lp/x54gwt890xv47sdkqj1k04q40000gn/T//ccSGBHXg.s 			page 32


DEFINED SYMBOLS
                            *ABS*:00000000 lv_tlsf.c
/var/folders/lp/x54gwt890xv47sdkqj1k04q40000gn/T//ccSGBHXg.s:18     .text.block_size:00000000 $t
/var/folders/lp/x54gwt890xv47sdkqj1k04q40000gn/T//ccSGBHXg.s:23     .text.block_size:00000000 block_size
/var/folders/lp/x54gwt890xv47sdkqj1k04q40000gn/T//ccSGBHXg.s:32     .text.block_set_size:00000000 $t
/var/folders/lp/x54gwt890xv47sdkqj1k04q40000gn/T//ccSGBHXg.s:37     .text.block_set_size:00000000 block_set_size
/var/folders/lp/x54gwt890xv47sdkqj1k04q40000gn/T//ccSGBHXg.s:48     .text.block_is_last:00000000 $t
/var/folders/lp/x54gwt890xv47sdkqj1k04q40000gn/T//ccSGBHXg.s:53     .text.block_is_last:00000000 block_is_last
/var/folders/lp/x54gwt890xv47sdkqj1k04q40000gn/T//ccSGBHXg.s:63     .text.block_is_free:00000000 $t
/var/folders/lp/x54gwt890xv47sdkqj1k04q40000gn/T//ccSGBHXg.s:68     .text.block_is_free:00000000 block_is_free
/var/folders/lp/x54gwt890xv47sdkqj1k04q40000gn/T//ccSGBHXg.s:77     .text.block_set_free:00000000 $t
/var/folders/lp/x54gwt890xv47sdkqj1k04q40000gn/T//ccSGBHXg.s:82     .text.block_set_free:00000000 block_set_free
/var/folders/lp/x54gwt890xv47sdkqj1k04q40000gn/T//ccSGBHXg.s:92     .text.block_set_used:00000000 $t
/var/folders/lp/x54gwt890xv47sdkqj1k04q40000gn/T//ccSGBHXg.s:97     .text.block_set_used:00000000 block_set_used
/var/folders/lp/x54gwt890xv47sdkqj1k04q40000gn/T//ccSGBHXg.s:107    .text.block_is_prev_free:00000000 $t
/var/folders/lp/x54gwt890xv47sdkqj1k04q40000gn/T//ccSGBHXg.s:112    .text.block_is_prev_free:00000000 block_is_prev_free
/var/folders/lp/x54gwt890xv47sdkqj1k04q40000gn/T//ccSGBHXg.s:121    .text.block_set_prev_free:00000000 $t
/var/folders/lp/x54gwt890xv47sdkqj1k04q40000gn/T//ccSGBHXg.s:126    .text.block_set_prev_free:00000000 block_set_prev_free
/var/folders/lp/x54gwt890xv47sdkqj1k04q40000gn/T//ccSGBHXg.s:136    .text.block_set_prev_used:00000000 $t
/var/folders/lp/x54gwt890xv47sdkqj1k04q40000gn/T//ccSGBHXg.s:141    .text.block_set_prev_used:00000000 block_set_prev_used
/var/folders/lp/x54gwt890xv47sdkqj1k04q40000gn/T//ccSGBHXg.s:151    .text.block_from_ptr:00000000 $t
/var/folders/lp/x54gwt890xv47sdkqj1k04q40000gn/T//ccSGBHXg.s:156    .text.block_from_ptr:00000000 block_from_ptr
/var/folders/lp/x54gwt890xv47sdkqj1k04q40000gn/T//ccSGBHXg.s:164    .text.block_to_ptr:00000000 $t
/var/folders/lp/x54gwt890xv47sdkqj1k04q40000gn/T//ccSGBHXg.s:169    .text.block_to_ptr:00000000 block_to_ptr
/var/folders/lp/x54gwt890xv47sdkqj1k04q40000gn/T//ccSGBHXg.s:177    .text.offset_to_block:00000000 $t
/var/folders/lp/x54gwt890xv47sdkqj1k04q40000gn/T//ccSGBHXg.s:182    .text.offset_to_block:00000000 offset_to_block
/var/folders/lp/x54gwt890xv47sdkqj1k04q40000gn/T//ccSGBHXg.s:190    .text.block_prev:00000000 $t
/var/folders/lp/x54gwt890xv47sdkqj1k04q40000gn/T//ccSGBHXg.s:195    .text.block_prev:00000000 block_prev
/var/folders/lp/x54gwt890xv47sdkqj1k04q40000gn/T//ccSGBHXg.s:209    .text.block_next:00000000 $t
/var/folders/lp/x54gwt890xv47sdkqj1k04q40000gn/T//ccSGBHXg.s:214    .text.block_next:00000000 block_next
/var/folders/lp/x54gwt890xv47sdkqj1k04q40000gn/T//ccSGBHXg.s:237    .text.block_link_next:00000000 $t
/var/folders/lp/x54gwt890xv47sdkqj1k04q40000gn/T//ccSGBHXg.s:242    .text.block_link_next:00000000 block_link_next
/var/folders/lp/x54gwt890xv47sdkqj1k04q40000gn/T//ccSGBHXg.s:252    .text.block_mark_as_free:00000000 $t
/var/folders/lp/x54gwt890xv47sdkqj1k04q40000gn/T//ccSGBHXg.s:257    .text.block_mark_as_free:00000000 block_mark_as_free
/var/folders/lp/x54gwt890xv47sdkqj1k04q40000gn/T//ccSGBHXg.s:269    .text.block_mark_as_used:00000000 $t
/var/folders/lp/x54gwt890xv47sdkqj1k04q40000gn/T//ccSGBHXg.s:274    .text.block_mark_as_used:00000000 block_mark_as_used
/var/folders/lp/x54gwt890xv47sdkqj1k04q40000gn/T//ccSGBHXg.s:286    .text.align_up:00000000 $t
/var/folders/lp/x54gwt890xv47sdkqj1k04q40000gn/T//ccSGBHXg.s:291    .text.align_up:00000000 align_up
/var/folders/lp/x54gwt890xv47sdkqj1k04q40000gn/T//ccSGBHXg.s:308    .text.align_down:00000000 $t
/var/folders/lp/x54gwt890xv47sdkqj1k04q40000gn/T//ccSGBHXg.s:313    .text.align_down:00000000 align_down
/var/folders/lp/x54gwt890xv47sdkqj1k04q40000gn/T//ccSGBHXg.s:328    .text.align_ptr:00000000 $t
/var/folders/lp/x54gwt890xv47sdkqj1k04q40000gn/T//ccSGBHXg.s:333    .text.align_ptr:00000000 align_ptr
/var/folders/lp/x54gwt890xv47sdkqj1k04q40000gn/T//ccSGBHXg.s:350    .text.adjust_request_size:00000000 $t
/var/folders/lp/x54gwt890xv47sdkqj1k04q40000gn/T//ccSGBHXg.s:355    .text.adjust_request_size:00000000 adjust_request_size
/var/folders/lp/x54gwt890xv47sdkqj1k04q40000gn/T//ccSGBHXg.s:375    .text.remove_free_block:00000000 $t
/var/folders/lp/x54gwt890xv47sdkqj1k04q40000gn/T//ccSGBHXg.s:380    .text.remove_free_block:00000000 remove_free_block
/var/folders/lp/x54gwt890xv47sdkqj1k04q40000gn/T//ccSGBHXg.s:426    .text.insert_free_block:00000000 $t
/var/folders/lp/x54gwt890xv47sdkqj1k04q40000gn/T//ccSGBHXg.s:431    .text.insert_free_block:00000000 insert_free_block
/var/folders/lp/x54gwt890xv47sdkqj1k04q40000gn/T//ccSGBHXg.s:478    .text.block_can_split:00000000 $t
/var/folders/lp/x54gwt890xv47sdkqj1k04q40000gn/T//ccSGBHXg.s:483    .text.block_can_split:00000000 block_can_split
/var/folders/lp/x54gwt890xv47sdkqj1k04q40000gn/T//ccSGBHXg.s:497    .text.block_split:00000000 $t
/var/folders/lp/x54gwt890xv47sdkqj1k04q40000gn/T//ccSGBHXg.s:502    .text.block_split:00000000 block_split
/var/folders/lp/x54gwt890xv47sdkqj1k04q40000gn/T//ccSGBHXg.s:553    .text.block_absorb:00000000 $t
/var/folders/lp/x54gwt890xv47sdkqj1k04q40000gn/T//ccSGBHXg.s:558    .text.block_absorb:00000000 block_absorb
/var/folders/lp/x54gwt890xv47sdkqj1k04q40000gn/T//ccSGBHXg.s:581    .text.control_constructor:00000000 $t
/var/folders/lp/x54gwt890xv47sdkqj1k04q40000gn/T//ccSGBHXg.s:586    .text.control_constructor:00000000 control_constructor
/var/folders/lp/x54gwt890xv47sdkqj1k04q40000gn/T//ccSGBHXg.s:616    .text.integrity_walker:00000000 $t
ARM GAS  /var/folders/lp/x54gwt890xv47sdkqj1k04q40000gn/T//ccSGBHXg.s 			page 33


/var/folders/lp/x54gwt890xv47sdkqj1k04q40000gn/T//ccSGBHXg.s:621    .text.integrity_walker:00000000 integrity_walker
/var/folders/lp/x54gwt890xv47sdkqj1k04q40000gn/T//ccSGBHXg.s:655    .text.default_walker:00000000 $t
/var/folders/lp/x54gwt890xv47sdkqj1k04q40000gn/T//ccSGBHXg.s:660    .text.default_walker:00000000 default_walker
/var/folders/lp/x54gwt890xv47sdkqj1k04q40000gn/T//ccSGBHXg.s:667    .text.tlsf_fls:00000000 $t
/var/folders/lp/x54gwt890xv47sdkqj1k04q40000gn/T//ccSGBHXg.s:672    .text.tlsf_fls:00000000 tlsf_fls
/var/folders/lp/x54gwt890xv47sdkqj1k04q40000gn/T//ccSGBHXg.s:687    .text.mapping_insert:00000000 $t
/var/folders/lp/x54gwt890xv47sdkqj1k04q40000gn/T//ccSGBHXg.s:692    .text.mapping_insert:00000000 mapping_insert
/var/folders/lp/x54gwt890xv47sdkqj1k04q40000gn/T//ccSGBHXg.s:723    .text.block_insert:00000000 $t
/var/folders/lp/x54gwt890xv47sdkqj1k04q40000gn/T//ccSGBHXg.s:728    .text.block_insert:00000000 block_insert
/var/folders/lp/x54gwt890xv47sdkqj1k04q40000gn/T//ccSGBHXg.s:750    .text.block_trim_free:00000000 $t
/var/folders/lp/x54gwt890xv47sdkqj1k04q40000gn/T//ccSGBHXg.s:755    .text.block_trim_free:00000000 block_trim_free
/var/folders/lp/x54gwt890xv47sdkqj1k04q40000gn/T//ccSGBHXg.s:789    .text.block_prepare_used:00000000 $t
/var/folders/lp/x54gwt890xv47sdkqj1k04q40000gn/T//ccSGBHXg.s:794    .text.block_prepare_used:00000000 block_prepare_used
/var/folders/lp/x54gwt890xv47sdkqj1k04q40000gn/T//ccSGBHXg.s:816    .text.block_trim_free_leading:00000000 $t
/var/folders/lp/x54gwt890xv47sdkqj1k04q40000gn/T//ccSGBHXg.s:821    .text.block_trim_free_leading:00000000 block_trim_free_leading
/var/folders/lp/x54gwt890xv47sdkqj1k04q40000gn/T//ccSGBHXg.s:850    .text.block_remove:00000000 $t
/var/folders/lp/x54gwt890xv47sdkqj1k04q40000gn/T//ccSGBHXg.s:855    .text.block_remove:00000000 block_remove
/var/folders/lp/x54gwt890xv47sdkqj1k04q40000gn/T//ccSGBHXg.s:877    .text.block_merge_prev:00000000 $t
/var/folders/lp/x54gwt890xv47sdkqj1k04q40000gn/T//ccSGBHXg.s:882    .text.block_merge_prev:00000000 block_merge_prev
/var/folders/lp/x54gwt890xv47sdkqj1k04q40000gn/T//ccSGBHXg.s:916    .text.block_merge_next:00000000 $t
/var/folders/lp/x54gwt890xv47sdkqj1k04q40000gn/T//ccSGBHXg.s:921    .text.block_merge_next:00000000 block_merge_next
/var/folders/lp/x54gwt890xv47sdkqj1k04q40000gn/T//ccSGBHXg.s:953    .text.block_trim_used:00000000 $t
/var/folders/lp/x54gwt890xv47sdkqj1k04q40000gn/T//ccSGBHXg.s:958    .text.block_trim_used:00000000 block_trim_used
/var/folders/lp/x54gwt890xv47sdkqj1k04q40000gn/T//ccSGBHXg.s:992    .text.mapping_search:00000000 $t
/var/folders/lp/x54gwt890xv47sdkqj1k04q40000gn/T//ccSGBHXg.s:997    .text.mapping_search:00000000 mapping_search
/var/folders/lp/x54gwt890xv47sdkqj1k04q40000gn/T//ccSGBHXg.s:1020   .text.tlsf_ffs:00000000 $t
/var/folders/lp/x54gwt890xv47sdkqj1k04q40000gn/T//ccSGBHXg.s:1025   .text.tlsf_ffs:00000000 tlsf_ffs
/var/folders/lp/x54gwt890xv47sdkqj1k04q40000gn/T//ccSGBHXg.s:1038   .text.search_suitable_block:00000000 $t
/var/folders/lp/x54gwt890xv47sdkqj1k04q40000gn/T//ccSGBHXg.s:1043   .text.search_suitable_block:00000000 search_suitable_block
/var/folders/lp/x54gwt890xv47sdkqj1k04q40000gn/T//ccSGBHXg.s:1087   .text.block_locate_free:00000000 $t
/var/folders/lp/x54gwt890xv47sdkqj1k04q40000gn/T//ccSGBHXg.s:1092   .text.block_locate_free:00000000 block_locate_free
/var/folders/lp/x54gwt890xv47sdkqj1k04q40000gn/T//ccSGBHXg.s:1140   .text.lv_tlsf_check:00000000 $t
/var/folders/lp/x54gwt890xv47sdkqj1k04q40000gn/T//ccSGBHXg.s:1146   .text.lv_tlsf_check:00000000 lv_tlsf_check
/var/folders/lp/x54gwt890xv47sdkqj1k04q40000gn/T//ccSGBHXg.s:1247   .text.lv_tlsf_walk_pool:00000000 $t
/var/folders/lp/x54gwt890xv47sdkqj1k04q40000gn/T//ccSGBHXg.s:1253   .text.lv_tlsf_walk_pool:00000000 lv_tlsf_walk_pool
/var/folders/lp/x54gwt890xv47sdkqj1k04q40000gn/T//ccSGBHXg.s:1297   .text.lv_tlsf_walk_pool:00000058 $d
/var/folders/lp/x54gwt890xv47sdkqj1k04q40000gn/T//ccSGBHXg.s:1300   .text.lv_tlsf_block_size:00000000 $t
/var/folders/lp/x54gwt890xv47sdkqj1k04q40000gn/T//ccSGBHXg.s:1306   .text.lv_tlsf_block_size:00000000 lv_tlsf_block_size
/var/folders/lp/x54gwt890xv47sdkqj1k04q40000gn/T//ccSGBHXg.s:1319   .text.lv_tlsf_check_pool:00000000 $t
/var/folders/lp/x54gwt890xv47sdkqj1k04q40000gn/T//ccSGBHXg.s:1325   .text.lv_tlsf_check_pool:00000000 lv_tlsf_check_pool
/var/folders/lp/x54gwt890xv47sdkqj1k04q40000gn/T//ccSGBHXg.s:1343   .text.lv_tlsf_check_pool:0000001c $d
/var/folders/lp/x54gwt890xv47sdkqj1k04q40000gn/T//ccSGBHXg.s:1346   .text.lv_tlsf_size:00000000 $t
/var/folders/lp/x54gwt890xv47sdkqj1k04q40000gn/T//ccSGBHXg.s:1352   .text.lv_tlsf_size:00000000 lv_tlsf_size
/var/folders/lp/x54gwt890xv47sdkqj1k04q40000gn/T//ccSGBHXg.s:1360   .text.lv_tlsf_align_size:00000000 $t
/var/folders/lp/x54gwt890xv47sdkqj1k04q40000gn/T//ccSGBHXg.s:1366   .text.lv_tlsf_align_size:00000000 lv_tlsf_align_size
/var/folders/lp/x54gwt890xv47sdkqj1k04q40000gn/T//ccSGBHXg.s:1374   .text.lv_tlsf_block_size_min:00000000 $t
/var/folders/lp/x54gwt890xv47sdkqj1k04q40000gn/T//ccSGBHXg.s:1380   .text.lv_tlsf_block_size_min:00000000 lv_tlsf_block_size_min
/var/folders/lp/x54gwt890xv47sdkqj1k04q40000gn/T//ccSGBHXg.s:1388   .text.lv_tlsf_block_size_max:00000000 $t
/var/folders/lp/x54gwt890xv47sdkqj1k04q40000gn/T//ccSGBHXg.s:1394   .text.lv_tlsf_block_size_max:00000000 lv_tlsf_block_size_max
/var/folders/lp/x54gwt890xv47sdkqj1k04q40000gn/T//ccSGBHXg.s:1402   .text.lv_tlsf_pool_overhead:00000000 $t
/var/folders/lp/x54gwt890xv47sdkqj1k04q40000gn/T//ccSGBHXg.s:1408   .text.lv_tlsf_pool_overhead:00000000 lv_tlsf_pool_overhead
/var/folders/lp/x54gwt890xv47sdkqj1k04q40000gn/T//ccSGBHXg.s:1416   .text.lv_tlsf_alloc_overhead:00000000 $t
/var/folders/lp/x54gwt890xv47sdkqj1k04q40000gn/T//ccSGBHXg.s:1422   .text.lv_tlsf_alloc_overhead:00000000 lv_tlsf_alloc_overhead
/var/folders/lp/x54gwt890xv47sdkqj1k04q40000gn/T//ccSGBHXg.s:1430   .text.lv_tlsf_add_pool:00000000 $t
/var/folders/lp/x54gwt890xv47sdkqj1k04q40000gn/T//ccSGBHXg.s:1436   .text.lv_tlsf_add_pool:00000000 lv_tlsf_add_pool
/var/folders/lp/x54gwt890xv47sdkqj1k04q40000gn/T//ccSGBHXg.s:1487   .text.lv_tlsf_remove_pool:00000000 $t
/var/folders/lp/x54gwt890xv47sdkqj1k04q40000gn/T//ccSGBHXg.s:1493   .text.lv_tlsf_remove_pool:00000000 lv_tlsf_remove_pool
ARM GAS  /var/folders/lp/x54gwt890xv47sdkqj1k04q40000gn/T//ccSGBHXg.s 			page 34


/var/folders/lp/x54gwt890xv47sdkqj1k04q40000gn/T//ccSGBHXg.s:1540   .text.lv_tlsf_create:00000000 $t
/var/folders/lp/x54gwt890xv47sdkqj1k04q40000gn/T//ccSGBHXg.s:1546   .text.lv_tlsf_create:00000000 lv_tlsf_create
/var/folders/lp/x54gwt890xv47sdkqj1k04q40000gn/T//ccSGBHXg.s:1561   .text.lv_tlsf_create_with_pool:00000000 $t
/var/folders/lp/x54gwt890xv47sdkqj1k04q40000gn/T//ccSGBHXg.s:1567   .text.lv_tlsf_create_with_pool:00000000 lv_tlsf_create_with_pool
/var/folders/lp/x54gwt890xv47sdkqj1k04q40000gn/T//ccSGBHXg.s:1584   .text.lv_tlsf_destroy:00000000 $t
/var/folders/lp/x54gwt890xv47sdkqj1k04q40000gn/T//ccSGBHXg.s:1590   .text.lv_tlsf_destroy:00000000 lv_tlsf_destroy
/var/folders/lp/x54gwt890xv47sdkqj1k04q40000gn/T//ccSGBHXg.s:1597   .text.lv_tlsf_get_pool:00000000 $t
/var/folders/lp/x54gwt890xv47sdkqj1k04q40000gn/T//ccSGBHXg.s:1603   .text.lv_tlsf_get_pool:00000000 lv_tlsf_get_pool
/var/folders/lp/x54gwt890xv47sdkqj1k04q40000gn/T//ccSGBHXg.s:1613   .text.lv_tlsf_malloc:00000000 $t
/var/folders/lp/x54gwt890xv47sdkqj1k04q40000gn/T//ccSGBHXg.s:1619   .text.lv_tlsf_malloc:00000000 lv_tlsf_malloc
/var/folders/lp/x54gwt890xv47sdkqj1k04q40000gn/T//ccSGBHXg.s:1638   .text.lv_tlsf_memalign:00000000 $t
/var/folders/lp/x54gwt890xv47sdkqj1k04q40000gn/T//ccSGBHXg.s:1644   .text.lv_tlsf_memalign:00000000 lv_tlsf_memalign
/var/folders/lp/x54gwt890xv47sdkqj1k04q40000gn/T//ccSGBHXg.s:1708   .text.lv_tlsf_free:00000000 $t
/var/folders/lp/x54gwt890xv47sdkqj1k04q40000gn/T//ccSGBHXg.s:1714   .text.lv_tlsf_free:00000000 lv_tlsf_free
/var/folders/lp/x54gwt890xv47sdkqj1k04q40000gn/T//ccSGBHXg.s:1748   .text.lv_tlsf_realloc:00000000 $t
/var/folders/lp/x54gwt890xv47sdkqj1k04q40000gn/T//ccSGBHXg.s:1754   .text.lv_tlsf_realloc:00000000 lv_tlsf_realloc

UNDEFINED SYMBOLS
lv_memcpy
