ARM GAS  /var/folders/lp/x54gwt890xv47sdkqj1k04q40000gn/T//ccaaBiaL.s 			page 1


   1              		.cpu cortex-m4
   2              		.arch armv7e-m
   3              		.fpu fpv4-sp-d16
   4              		.eabi_attribute 27, 1
   5              		.eabi_attribute 28, 1
   6              		.eabi_attribute 20, 1
   7              		.eabi_attribute 21, 1
   8              		.eabi_attribute 23, 3
   9              		.eabi_attribute 24, 1
  10              		.eabi_attribute 25, 1
  11              		.eabi_attribute 26, 1
  12              		.eabi_attribute 30, 1
  13              		.eabi_attribute 34, 1
  14              		.eabi_attribute 18, 4
  15              		.file	"lv_win.c"
  16              		.text
  17              		.section	.text.lv_win_constructor,"ax",%progbits
  18              		.align	1
  19              		.syntax unified
  20              		.thumb
  21              		.thumb_func
  23              	lv_win_constructor:
  24              		@ args = 0, pretend = 0, frame = 0
  25              		@ frame_needed = 0, uses_anonymous_args = 0
  26 0000 70B5     		push	{r4, r5, r6, lr}
  27 0002 0C46     		mov	r4, r1
  28 0004 0846     		mov	r0, r1
  29 0006 FFF7FEFF 		bl	lv_obj_get_parent
  30 000a 0646     		mov	r6, r0
  31 000c FFF7FEFF 		bl	lv_obj_get_width
  32 0010 0546     		mov	r5, r0
  33 0012 3046     		mov	r0, r6
  34 0014 FFF7FEFF 		bl	lv_obj_get_height
  35 0018 0246     		mov	r2, r0
  36 001a 2946     		mov	r1, r5
  37 001c 2046     		mov	r0, r4
  38 001e FFF7FEFF 		bl	lv_obj_set_size
  39 0022 0121     		movs	r1, #1
  40 0024 2046     		mov	r0, r4
  41 0026 FFF7FEFF 		bl	lv_obj_set_flex_flow
  42 002a 2046     		mov	r0, r4
  43 002c FFF7FEFF 		bl	lv_obj_create
  44 0030 0546     		mov	r5, r0
  45 0032 0F4B     		ldr	r3, .L3
  46 0034 B3F90020 		ldrsh	r2, [r3]
  47 0038 42F26401 		movw	r1, #8292
  48 003c FFF7FEFF 		bl	lv_obj_set_size
  49 0040 0021     		movs	r1, #0
  50 0042 2846     		mov	r0, r5
  51 0044 FFF7FEFF 		bl	lv_obj_set_flex_flow
  52 0048 0223     		movs	r3, #2
  53 004a 1A46     		mov	r2, r3
  54 004c 0021     		movs	r1, #0
  55 004e 2846     		mov	r0, r5
  56 0050 FFF7FEFF 		bl	lv_obj_set_flex_align
  57 0054 2046     		mov	r0, r4
  58 0056 FFF7FEFF 		bl	lv_obj_create
ARM GAS  /var/folders/lp/x54gwt890xv47sdkqj1k04q40000gn/T//ccaaBiaL.s 			page 2


  59 005a 0446     		mov	r4, r0
  60 005c 0121     		movs	r1, #1
  61 005e FFF7FEFF 		bl	lv_obj_set_flex_grow
  62 0062 42F26401 		movw	r1, #8292
  63 0066 2046     		mov	r0, r4
  64 0068 FFF7FEFF 		bl	lv_obj_set_width
  65 006c 70BD     		pop	{r4, r5, r6, pc}
  66              	.L4:
  67 006e 00BF     		.align	2
  68              	.L3:
  69 0070 00000000 		.word	create_header_height
  71              		.section	.text.lv_win_create,"ax",%progbits
  72              		.align	1
  73              		.global	lv_win_create
  74              		.syntax unified
  75              		.thumb
  76              		.thumb_func
  78              	lv_win_create:
  79              		@ args = 0, pretend = 0, frame = 0
  80              		@ frame_needed = 0, uses_anonymous_args = 0
  81 0000 10B5     		push	{r4, lr}
  82 0002 054B     		ldr	r3, .L7
  83 0004 1980     		strh	r1, [r3]	@ movhi
  84 0006 0146     		mov	r1, r0
  85 0008 0448     		ldr	r0, .L7+4
  86 000a FFF7FEFF 		bl	lv_obj_class_create_obj
  87 000e 0446     		mov	r4, r0
  88 0010 FFF7FEFF 		bl	lv_obj_class_init_obj
  89 0014 2046     		mov	r0, r4
  90 0016 10BD     		pop	{r4, pc}
  91              	.L8:
  92              		.align	2
  93              	.L7:
  94 0018 00000000 		.word	create_header_height
  95 001c 00000000 		.word	lv_win_class
  97              		.section	.text.lv_win_get_header,"ax",%progbits
  98              		.align	1
  99              		.global	lv_win_get_header
 100              		.syntax unified
 101              		.thumb
 102              		.thumb_func
 104              	lv_win_get_header:
 105              		@ args = 0, pretend = 0, frame = 0
 106              		@ frame_needed = 0, uses_anonymous_args = 0
 107 0000 08B5     		push	{r3, lr}
 108 0002 0021     		movs	r1, #0
 109 0004 FFF7FEFF 		bl	lv_obj_get_child
 110 0008 08BD     		pop	{r3, pc}
 112              		.section	.text.lv_win_add_title,"ax",%progbits
 113              		.align	1
 114              		.global	lv_win_add_title
 115              		.syntax unified
 116              		.thumb
 117              		.thumb_func
 119              	lv_win_add_title:
 120              		@ args = 0, pretend = 0, frame = 0
 121              		@ frame_needed = 0, uses_anonymous_args = 0
ARM GAS  /var/folders/lp/x54gwt890xv47sdkqj1k04q40000gn/T//ccaaBiaL.s 			page 3


 122 0000 38B5     		push	{r3, r4, r5, lr}
 123 0002 0D46     		mov	r5, r1
 124 0004 FFF7FEFF 		bl	lv_win_get_header
 125 0008 FFF7FEFF 		bl	lv_label_create
 126 000c 0446     		mov	r4, r0
 127 000e 0121     		movs	r1, #1
 128 0010 FFF7FEFF 		bl	lv_label_set_long_mode
 129 0014 2946     		mov	r1, r5
 130 0016 2046     		mov	r0, r4
 131 0018 FFF7FEFF 		bl	lv_label_set_text
 132 001c 0121     		movs	r1, #1
 133 001e 2046     		mov	r0, r4
 134 0020 FFF7FEFF 		bl	lv_obj_set_flex_grow
 135 0024 2046     		mov	r0, r4
 136 0026 38BD     		pop	{r3, r4, r5, pc}
 138              		.section	.text.lv_win_add_btn,"ax",%progbits
 139              		.align	1
 140              		.global	lv_win_add_btn
 141              		.syntax unified
 142              		.thumb
 143              		.thumb_func
 145              	lv_win_add_btn:
 146              		@ args = 0, pretend = 0, frame = 0
 147              		@ frame_needed = 0, uses_anonymous_args = 0
 148 0000 70B5     		push	{r4, r5, r6, lr}
 149 0002 0E46     		mov	r6, r1
 150 0004 1546     		mov	r5, r2
 151 0006 FFF7FEFF 		bl	lv_win_get_header
 152 000a FFF7FEFF 		bl	lv_btn_create
 153 000e 0446     		mov	r4, r0
 154 0010 42F26402 		movw	r2, #8292
 155 0014 2946     		mov	r1, r5
 156 0016 FFF7FEFF 		bl	lv_obj_set_size
 157 001a 2046     		mov	r0, r4
 158 001c FFF7FEFF 		bl	lv_img_create
 159 0020 0546     		mov	r5, r0
 160 0022 3146     		mov	r1, r6
 161 0024 FFF7FEFF 		bl	lv_img_set_src
 162 0028 0023     		movs	r3, #0
 163 002a 1A46     		mov	r2, r3
 164 002c 0921     		movs	r1, #9
 165 002e 2846     		mov	r0, r5
 166 0030 FFF7FEFF 		bl	lv_obj_align
 167 0034 2046     		mov	r0, r4
 168 0036 70BD     		pop	{r4, r5, r6, pc}
 170              		.section	.text.lv_win_get_content,"ax",%progbits
 171              		.align	1
 172              		.global	lv_win_get_content
 173              		.syntax unified
 174              		.thumb
 175              		.thumb_func
 177              	lv_win_get_content:
 178              		@ args = 0, pretend = 0, frame = 0
 179              		@ frame_needed = 0, uses_anonymous_args = 0
 180 0000 08B5     		push	{r3, lr}
 181 0002 0121     		movs	r1, #1
 182 0004 FFF7FEFF 		bl	lv_obj_get_child
ARM GAS  /var/folders/lp/x54gwt890xv47sdkqj1k04q40000gn/T//ccaaBiaL.s 			page 4


 183 0008 08BD     		pop	{r3, pc}
 185              		.section	.bss.create_header_height,"aw",%nobits
 186              		.align	1
 189              	create_header_height:
 190 0000 0000     		.space	2
 191              		.global	lv_win_class
 192              		.section	.rodata.lv_win_class,"a"
 193              		.align	2
 196              	lv_win_class:
 197 0000 00000000 		.word	lv_obj_class
 198 0004 00000000 		.word	lv_win_constructor
 199 0008 00000000 		.space	12
 199      00000000 
 199      00000000 
 200 0014 6420     		.short	8292
 201 0016 6420     		.short	8292
 202 0018 40       		.byte	64
 203 0019 02       		.byte	2
 204 001a 00       		.byte	0
 205 001b 00       		.space	1
 206              		.ident	"GCC: (xPack GNU Arm Embedded GCC arm64) 13.3.1 20240614"
ARM GAS  /var/folders/lp/x54gwt890xv47sdkqj1k04q40000gn/T//ccaaBiaL.s 			page 5


DEFINED SYMBOLS
                            *ABS*:00000000 lv_win.c
/var/folders/lp/x54gwt890xv47sdkqj1k04q40000gn/T//ccaaBiaL.s:18     .text.lv_win_constructor:00000000 $t
/var/folders/lp/x54gwt890xv47sdkqj1k04q40000gn/T//ccaaBiaL.s:23     .text.lv_win_constructor:00000000 lv_win_constructor
/var/folders/lp/x54gwt890xv47sdkqj1k04q40000gn/T//ccaaBiaL.s:69     .text.lv_win_constructor:00000070 $d
/var/folders/lp/x54gwt890xv47sdkqj1k04q40000gn/T//ccaaBiaL.s:189    .bss.create_header_height:00000000 create_header_height
/var/folders/lp/x54gwt890xv47sdkqj1k04q40000gn/T//ccaaBiaL.s:72     .text.lv_win_create:00000000 $t
/var/folders/lp/x54gwt890xv47sdkqj1k04q40000gn/T//ccaaBiaL.s:78     .text.lv_win_create:00000000 lv_win_create
/var/folders/lp/x54gwt890xv47sdkqj1k04q40000gn/T//ccaaBiaL.s:94     .text.lv_win_create:00000018 $d
/var/folders/lp/x54gwt890xv47sdkqj1k04q40000gn/T//ccaaBiaL.s:196    .rodata.lv_win_class:00000000 lv_win_class
/var/folders/lp/x54gwt890xv47sdkqj1k04q40000gn/T//ccaaBiaL.s:98     .text.lv_win_get_header:00000000 $t
/var/folders/lp/x54gwt890xv47sdkqj1k04q40000gn/T//ccaaBiaL.s:104    .text.lv_win_get_header:00000000 lv_win_get_header
/var/folders/lp/x54gwt890xv47sdkqj1k04q40000gn/T//ccaaBiaL.s:113    .text.lv_win_add_title:00000000 $t
/var/folders/lp/x54gwt890xv47sdkqj1k04q40000gn/T//ccaaBiaL.s:119    .text.lv_win_add_title:00000000 lv_win_add_title
/var/folders/lp/x54gwt890xv47sdkqj1k04q40000gn/T//ccaaBiaL.s:139    .text.lv_win_add_btn:00000000 $t
/var/folders/lp/x54gwt890xv47sdkqj1k04q40000gn/T//ccaaBiaL.s:145    .text.lv_win_add_btn:00000000 lv_win_add_btn
/var/folders/lp/x54gwt890xv47sdkqj1k04q40000gn/T//ccaaBiaL.s:171    .text.lv_win_get_content:00000000 $t
/var/folders/lp/x54gwt890xv47sdkqj1k04q40000gn/T//ccaaBiaL.s:177    .text.lv_win_get_content:00000000 lv_win_get_content
/var/folders/lp/x54gwt890xv47sdkqj1k04q40000gn/T//ccaaBiaL.s:186    .bss.create_header_height:00000000 $d
/var/folders/lp/x54gwt890xv47sdkqj1k04q40000gn/T//ccaaBiaL.s:193    .rodata.lv_win_class:00000000 $d

UNDEFINED SYMBOLS
lv_obj_get_parent
lv_obj_get_width
lv_obj_get_height
lv_obj_set_size
lv_obj_set_flex_flow
lv_obj_create
lv_obj_set_flex_align
lv_obj_set_flex_grow
lv_obj_set_width
lv_obj_class_create_obj
lv_obj_class_init_obj
lv_obj_get_child
lv_label_create
lv_label_set_long_mode
lv_label_set_text
lv_btn_create
lv_img_create
lv_img_set_src
lv_obj_align
lv_obj_class
