ARM GAS  /var/folders/lp/x54gwt890xv47sdkqj1k04q40000gn/T//cclXMziP.s 			page 1


   1              		.cpu cortex-m4
   2              		.arch armv7e-m
   3              		.fpu fpv4-sp-d16
   4              		.eabi_attribute 27, 1
   5              		.eabi_attribute 28, 1
   6              		.eabi_attribute 20, 1
   7              		.eabi_attribute 21, 1
   8              		.eabi_attribute 23, 3
   9              		.eabi_attribute 24, 1
  10              		.eabi_attribute 25, 1
  11              		.eabi_attribute 26, 1
  12              		.eabi_attribute 30, 1
  13              		.eabi_attribute 34, 1
  14              		.eabi_attribute 18, 4
  15              		.file	"st7789v.c"
  16              		.text
  17              		.section	.text.ST7789V_WriteCommand,"ax",%progbits
  18              		.align	1
  19              		.syntax unified
  20              		.thumb
  21              		.thumb_func
  23              	ST7789V_WriteCommand:
  24              		@ args = 0, pretend = 0, frame = 8
  25              		@ frame_needed = 0, uses_anonymous_args = 0
  26 0000 10B5     		push	{r4, lr}
  27 0002 82B0     		sub	sp, sp, #8
  28 0004 8DF80700 		strb	r0, [sp, #7]
  29 0008 0C4C     		ldr	r4, .L3
  30 000a 0022     		movs	r2, #0
  31 000c 0421     		movs	r1, #4
  32 000e 2046     		mov	r0, r4
  33 0010 FFF7FEFF 		bl	HAL_GPIO_WritePin
  34 0014 0022     		movs	r2, #0
  35 0016 0221     		movs	r1, #2
  36 0018 2046     		mov	r0, r4
  37 001a FFF7FEFF 		bl	HAL_GPIO_WritePin
  38 001e 4FF0FF33 		mov	r3, #-1
  39 0022 0122     		movs	r2, #1
  40 0024 0DF10701 		add	r1, sp, #7
  41 0028 0548     		ldr	r0, .L3+4
  42 002a FFF7FEFF 		bl	HAL_SPI_Transmit
  43 002e 0122     		movs	r2, #1
  44 0030 0421     		movs	r1, #4
  45 0032 2046     		mov	r0, r4
  46 0034 FFF7FEFF 		bl	HAL_GPIO_WritePin
  47 0038 02B0     		add	sp, sp, #8
  48              		@ sp needed
  49 003a 10BD     		pop	{r4, pc}
  50              	.L4:
  51              		.align	2
  52              	.L3:
  53 003c 00000240 		.word	1073872896
  54 0040 00000000 		.word	hspi1
  56              		.section	.text.ST7789V_WriteSmallData,"ax",%progbits
  57              		.align	1
  58              		.syntax unified
  59              		.thumb
ARM GAS  /var/folders/lp/x54gwt890xv47sdkqj1k04q40000gn/T//cclXMziP.s 			page 2


  60              		.thumb_func
  62              	ST7789V_WriteSmallData:
  63              		@ args = 0, pretend = 0, frame = 8
  64              		@ frame_needed = 0, uses_anonymous_args = 0
  65 0000 10B5     		push	{r4, lr}
  66 0002 82B0     		sub	sp, sp, #8
  67 0004 8DF80700 		strb	r0, [sp, #7]
  68 0008 0C4C     		ldr	r4, .L7
  69 000a 0022     		movs	r2, #0
  70 000c 0421     		movs	r1, #4
  71 000e 2046     		mov	r0, r4
  72 0010 FFF7FEFF 		bl	HAL_GPIO_WritePin
  73 0014 0122     		movs	r2, #1
  74 0016 0221     		movs	r1, #2
  75 0018 2046     		mov	r0, r4
  76 001a FFF7FEFF 		bl	HAL_GPIO_WritePin
  77 001e 4FF0FF33 		mov	r3, #-1
  78 0022 0122     		movs	r2, #1
  79 0024 0DF10701 		add	r1, sp, #7
  80 0028 0548     		ldr	r0, .L7+4
  81 002a FFF7FEFF 		bl	HAL_SPI_Transmit
  82 002e 0122     		movs	r2, #1
  83 0030 0421     		movs	r1, #4
  84 0032 2046     		mov	r0, r4
  85 0034 FFF7FEFF 		bl	HAL_GPIO_WritePin
  86 0038 02B0     		add	sp, sp, #8
  87              		@ sp needed
  88 003a 10BD     		pop	{r4, pc}
  89              	.L8:
  90              		.align	2
  91              	.L7:
  92 003c 00000240 		.word	1073872896
  93 0040 00000000 		.word	hspi1
  95              		.section	.text.ST7789V_SPI_Send_DMA,"ax",%progbits
  96              		.align	1
  97              		.syntax unified
  98              		.thumb
  99              		.thumb_func
 101              	ST7789V_SPI_Send_DMA:
 102              		@ args = 0, pretend = 0, frame = 0
 103              		@ frame_needed = 0, uses_anonymous_args = 0
 104 0000 08B5     		push	{r3, lr}
 105 0002 0A46     		mov	r2, r1
 106 0004 0146     		mov	r1, r0
 107 0006 0248     		ldr	r0, .L11
 108 0008 FFF7FEFF 		bl	HAL_SPI_Transmit_DMA
 109 000c 08BD     		pop	{r3, pc}
 110              	.L12:
 111 000e 00BF     		.align	2
 112              	.L11:
 113 0010 00000000 		.word	hspi1
 115              		.section	.text.ST7789V_WriteData,"ax",%progbits
 116              		.align	1
 117              		.global	ST7789V_WriteData
 118              		.syntax unified
 119              		.thumb
 120              		.thumb_func
ARM GAS  /var/folders/lp/x54gwt890xv47sdkqj1k04q40000gn/T//cclXMziP.s 			page 3


 122              	ST7789V_WriteData:
 123              		@ args = 0, pretend = 0, frame = 0
 124              		@ frame_needed = 0, uses_anonymous_args = 0
 125 0000 70B5     		push	{r4, r5, r6, lr}
 126 0002 0646     		mov	r6, r0
 127 0004 0D46     		mov	r5, r1
 128 0006 114C     		ldr	r4, .L17
 129 0008 0022     		movs	r2, #0
 130 000a 0421     		movs	r1, #4
 131 000c 2046     		mov	r0, r4
 132 000e FFF7FEFF 		bl	HAL_GPIO_WritePin
 133 0012 0122     		movs	r2, #1
 134 0014 0221     		movs	r1, #2
 135 0016 2046     		mov	r0, r4
 136 0018 FFF7FEFF 		bl	HAL_GPIO_WritePin
 137 001c 0DE0     		b	.L14
 138              	.L15:
 139 001e 4FF6FF74 		movw	r4, #65535
 140 0022 AC42     		cmp	r4, r5
 141 0024 28BF     		it	cs
 142 0026 2C46     		movcs	r4, r5
 143 0028 A4B2     		uxth	r4, r4
 144 002a 0A23     		movs	r3, #10
 145 002c 2246     		mov	r2, r4
 146 002e 3146     		mov	r1, r6
 147 0030 0748     		ldr	r0, .L17+4
 148 0032 FFF7FEFF 		bl	HAL_SPI_Transmit
 149 0036 2644     		add	r6, r6, r4
 150 0038 2D1B     		subs	r5, r5, r4
 151              	.L14:
 152 003a 002D     		cmp	r5, #0
 153 003c EFD1     		bne	.L15
 154 003e 0122     		movs	r2, #1
 155 0040 0421     		movs	r1, #4
 156 0042 0248     		ldr	r0, .L17
 157 0044 FFF7FEFF 		bl	HAL_GPIO_WritePin
 158 0048 70BD     		pop	{r4, r5, r6, pc}
 159              	.L18:
 160 004a 00BF     		.align	2
 161              	.L17:
 162 004c 00000240 		.word	1073872896
 163 0050 00000000 		.word	hspi1
 165              		.section	.text.ST7789V_SetRotation,"ax",%progbits
 166              		.align	1
 167              		.global	ST7789V_SetRotation
 168              		.syntax unified
 169              		.thumb
 170              		.thumb_func
 172              	ST7789V_SetRotation:
 173              		@ args = 0, pretend = 0, frame = 0
 174              		@ frame_needed = 0, uses_anonymous_args = 0
 175 0000 10B5     		push	{r4, lr}
 176 0002 0446     		mov	r4, r0
 177 0004 3620     		movs	r0, #54
 178 0006 FFF7FEFF 		bl	ST7789V_WriteCommand
 179 000a 032C     		cmp	r4, #3
 180 000c 06D8     		bhi	.L19
ARM GAS  /var/folders/lp/x54gwt890xv47sdkqj1k04q40000gn/T//cclXMziP.s 			page 4


 181 000e DFE804F0 		tbb	[pc, r4]
 182              	.L22:
 183 0012 02       		.byte	(.L25-.L22)/2
 184 0013 06       		.byte	(.L24-.L22)/2
 185 0014 0A       		.byte	(.L23-.L22)/2
 186 0015 0E       		.byte	(.L21-.L22)/2
 187              		.p2align 1
 188              	.L25:
 189 0016 C020     		movs	r0, #192
 190 0018 FFF7FEFF 		bl	ST7789V_WriteSmallData
 191              	.L19:
 192 001c 10BD     		pop	{r4, pc}
 193              	.L24:
 194 001e A020     		movs	r0, #160
 195 0020 FFF7FEFF 		bl	ST7789V_WriteSmallData
 196 0024 FAE7     		b	.L19
 197              	.L23:
 198 0026 0020     		movs	r0, #0
 199 0028 FFF7FEFF 		bl	ST7789V_WriteSmallData
 200 002c F6E7     		b	.L19
 201              	.L21:
 202 002e 6020     		movs	r0, #96
 203 0030 FFF7FEFF 		bl	ST7789V_WriteSmallData
 204 0034 F2E7     		b	.L19
 206              		.section	.text.ST7789V_SetAddressWindow,"ax",%progbits
 207              		.align	1
 208              		.global	ST7789V_SetAddressWindow
 209              		.syntax unified
 210              		.thumb
 211              		.thumb_func
 213              	ST7789V_SetAddressWindow:
 214              		@ args = 0, pretend = 0, frame = 8
 215              		@ frame_needed = 0, uses_anonymous_args = 0
 216 0000 F0B5     		push	{r4, r5, r6, r7, lr}
 217 0002 83B0     		sub	sp, sp, #12
 218 0004 0746     		mov	r7, r0
 219 0006 0D46     		mov	r5, r1
 220 0008 1646     		mov	r6, r2
 221 000a 1C46     		mov	r4, r3
 222 000c 2A20     		movs	r0, #42
 223 000e FFF7FEFF 		bl	ST7789V_WriteCommand
 224 0012 3B0A     		lsrs	r3, r7, #8
 225 0014 8DF80430 		strb	r3, [sp, #4]
 226 0018 8DF80570 		strb	r7, [sp, #5]
 227 001c 330A     		lsrs	r3, r6, #8
 228 001e 8DF80630 		strb	r3, [sp, #6]
 229 0022 8DF80760 		strb	r6, [sp, #7]
 230 0026 0421     		movs	r1, #4
 231 0028 0DEB0100 		add	r0, sp, r1
 232 002c FFF7FEFF 		bl	ST7789V_WriteData
 233 0030 2B20     		movs	r0, #43
 234 0032 FFF7FEFF 		bl	ST7789V_WriteCommand
 235 0036 2B0A     		lsrs	r3, r5, #8
 236 0038 8DF80430 		strb	r3, [sp, #4]
 237 003c 8DF80550 		strb	r5, [sp, #5]
 238 0040 230A     		lsrs	r3, r4, #8
 239 0042 8DF80630 		strb	r3, [sp, #6]
ARM GAS  /var/folders/lp/x54gwt890xv47sdkqj1k04q40000gn/T//cclXMziP.s 			page 5


 240 0046 8DF80740 		strb	r4, [sp, #7]
 241 004a 0421     		movs	r1, #4
 242 004c 0DEB0100 		add	r0, sp, r1
 243 0050 FFF7FEFF 		bl	ST7789V_WriteData
 244 0054 2C20     		movs	r0, #44
 245 0056 FFF7FEFF 		bl	ST7789V_WriteCommand
 246 005a 03B0     		add	sp, sp, #12
 247              		@ sp needed
 248 005c F0BD     		pop	{r4, r5, r6, r7, pc}
 250              		.section	.text.ST7789V_Init,"ax",%progbits
 251              		.align	1
 252              		.global	ST7789V_Init
 253              		.syntax unified
 254              		.thumb
 255              		.thumb_func
 257              	ST7789V_Init:
 258              		@ args = 0, pretend = 0, frame = 0
 259              		@ frame_needed = 0, uses_anonymous_args = 0
 260 0000 10B5     		push	{r4, lr}
 261 0002 3220     		movs	r0, #50
 262 0004 FFF7FEFF 		bl	HAL_Delay
 263 0008 7B4C     		ldr	r4, .L32
 264 000a 0122     		movs	r2, #1
 265 000c 0221     		movs	r1, #2
 266 000e 2046     		mov	r0, r4
 267 0010 FFF7FEFF 		bl	HAL_GPIO_WritePin
 268 0014 3220     		movs	r0, #50
 269 0016 FFF7FEFF 		bl	HAL_Delay
 270 001a 0022     		movs	r2, #0
 271 001c 0821     		movs	r1, #8
 272 001e 2046     		mov	r0, r4
 273 0020 FFF7FEFF 		bl	HAL_GPIO_WritePin
 274 0024 1920     		movs	r0, #25
 275 0026 FFF7FEFF 		bl	HAL_Delay
 276 002a 0122     		movs	r2, #1
 277 002c 0821     		movs	r1, #8
 278 002e 2046     		mov	r0, r4
 279 0030 FFF7FEFF 		bl	HAL_GPIO_WritePin
 280 0034 1920     		movs	r0, #25
 281 0036 FFF7FEFF 		bl	HAL_Delay
 282 003a 3620     		movs	r0, #54
 283 003c FFF7FEFF 		bl	ST7789V_WriteCommand
 284 0040 0020     		movs	r0, #0
 285 0042 FFF7FEFF 		bl	ST7789V_WriteSmallData
 286 0046 3A20     		movs	r0, #58
 287 0048 FFF7FEFF 		bl	ST7789V_WriteCommand
 288 004c 0520     		movs	r0, #5
 289 004e FFF7FEFF 		bl	ST7789V_WriteSmallData
 290 0052 2120     		movs	r0, #33
 291 0054 FFF7FEFF 		bl	ST7789V_WriteCommand
 292 0058 2A20     		movs	r0, #42
 293 005a FFF7FEFF 		bl	ST7789V_WriteCommand
 294 005e 0020     		movs	r0, #0
 295 0060 FFF7FEFF 		bl	ST7789V_WriteSmallData
 296 0064 0020     		movs	r0, #0
 297 0066 FFF7FEFF 		bl	ST7789V_WriteSmallData
 298 006a 0120     		movs	r0, #1
ARM GAS  /var/folders/lp/x54gwt890xv47sdkqj1k04q40000gn/T//cclXMziP.s 			page 6


 299 006c FFF7FEFF 		bl	ST7789V_WriteSmallData
 300 0070 3F20     		movs	r0, #63
 301 0072 FFF7FEFF 		bl	ST7789V_WriteSmallData
 302 0076 2B20     		movs	r0, #43
 303 0078 FFF7FEFF 		bl	ST7789V_WriteCommand
 304 007c 0020     		movs	r0, #0
 305 007e FFF7FEFF 		bl	ST7789V_WriteSmallData
 306 0082 0020     		movs	r0, #0
 307 0084 FFF7FEFF 		bl	ST7789V_WriteSmallData
 308 0088 0020     		movs	r0, #0
 309 008a FFF7FEFF 		bl	ST7789V_WriteSmallData
 310 008e EF20     		movs	r0, #239
 311 0090 FFF7FEFF 		bl	ST7789V_WriteSmallData
 312 0094 B220     		movs	r0, #178
 313 0096 FFF7FEFF 		bl	ST7789V_WriteCommand
 314 009a 0C20     		movs	r0, #12
 315 009c FFF7FEFF 		bl	ST7789V_WriteSmallData
 316 00a0 0C20     		movs	r0, #12
 317 00a2 FFF7FEFF 		bl	ST7789V_WriteSmallData
 318 00a6 0020     		movs	r0, #0
 319 00a8 FFF7FEFF 		bl	ST7789V_WriteSmallData
 320 00ac 3320     		movs	r0, #51
 321 00ae FFF7FEFF 		bl	ST7789V_WriteSmallData
 322 00b2 3320     		movs	r0, #51
 323 00b4 FFF7FEFF 		bl	ST7789V_WriteSmallData
 324 00b8 B720     		movs	r0, #183
 325 00ba FFF7FEFF 		bl	ST7789V_WriteCommand
 326 00be 3520     		movs	r0, #53
 327 00c0 FFF7FEFF 		bl	ST7789V_WriteSmallData
 328 00c4 B720     		movs	r0, #183
 329 00c6 FFF7FEFF 		bl	ST7789V_WriteCommand
 330 00ca 1F20     		movs	r0, #31
 331 00cc FFF7FEFF 		bl	ST7789V_WriteSmallData
 332 00d0 C020     		movs	r0, #192
 333 00d2 FFF7FEFF 		bl	ST7789V_WriteCommand
 334 00d6 2C20     		movs	r0, #44
 335 00d8 FFF7FEFF 		bl	ST7789V_WriteSmallData
 336 00dc C220     		movs	r0, #194
 337 00de FFF7FEFF 		bl	ST7789V_WriteCommand
 338 00e2 0120     		movs	r0, #1
 339 00e4 FFF7FEFF 		bl	ST7789V_WriteSmallData
 340 00e8 C320     		movs	r0, #195
 341 00ea FFF7FEFF 		bl	ST7789V_WriteCommand
 342 00ee 1220     		movs	r0, #18
 343 00f0 FFF7FEFF 		bl	ST7789V_WriteSmallData
 344 00f4 C420     		movs	r0, #196
 345 00f6 FFF7FEFF 		bl	ST7789V_WriteCommand
 346 00fa 2020     		movs	r0, #32
 347 00fc FFF7FEFF 		bl	ST7789V_WriteSmallData
 348 0100 C620     		movs	r0, #198
 349 0102 FFF7FEFF 		bl	ST7789V_WriteCommand
 350 0106 0F20     		movs	r0, #15
 351 0108 FFF7FEFF 		bl	ST7789V_WriteSmallData
 352 010c D020     		movs	r0, #208
 353 010e FFF7FEFF 		bl	ST7789V_WriteCommand
 354 0112 A420     		movs	r0, #164
 355 0114 FFF7FEFF 		bl	ST7789V_WriteSmallData
ARM GAS  /var/folders/lp/x54gwt890xv47sdkqj1k04q40000gn/T//cclXMziP.s 			page 7


 356 0118 A120     		movs	r0, #161
 357 011a FFF7FEFF 		bl	ST7789V_WriteSmallData
 358 011e E020     		movs	r0, #224
 359 0120 FFF7FEFF 		bl	ST7789V_WriteCommand
 360 0124 D020     		movs	r0, #208
 361 0126 FFF7FEFF 		bl	ST7789V_WriteSmallData
 362 012a 0820     		movs	r0, #8
 363 012c FFF7FEFF 		bl	ST7789V_WriteSmallData
 364 0130 1120     		movs	r0, #17
 365 0132 FFF7FEFF 		bl	ST7789V_WriteSmallData
 366 0136 0820     		movs	r0, #8
 367 0138 FFF7FEFF 		bl	ST7789V_WriteSmallData
 368 013c 0C20     		movs	r0, #12
 369 013e FFF7FEFF 		bl	ST7789V_WriteSmallData
 370 0142 1520     		movs	r0, #21
 371 0144 FFF7FEFF 		bl	ST7789V_WriteSmallData
 372 0148 3920     		movs	r0, #57
 373 014a FFF7FEFF 		bl	ST7789V_WriteSmallData
 374 014e 3320     		movs	r0, #51
 375 0150 FFF7FEFF 		bl	ST7789V_WriteSmallData
 376 0154 5020     		movs	r0, #80
 377 0156 FFF7FEFF 		bl	ST7789V_WriteSmallData
 378 015a 3620     		movs	r0, #54
 379 015c FFF7FEFF 		bl	ST7789V_WriteSmallData
 380 0160 1320     		movs	r0, #19
 381 0162 FFF7FEFF 		bl	ST7789V_WriteSmallData
 382 0166 1420     		movs	r0, #20
 383 0168 FFF7FEFF 		bl	ST7789V_WriteSmallData
 384 016c 2920     		movs	r0, #41
 385 016e FFF7FEFF 		bl	ST7789V_WriteSmallData
 386 0172 2D20     		movs	r0, #45
 387 0174 FFF7FEFF 		bl	ST7789V_WriteSmallData
 388 0178 E120     		movs	r0, #225
 389 017a FFF7FEFF 		bl	ST7789V_WriteCommand
 390 017e D020     		movs	r0, #208
 391 0180 FFF7FEFF 		bl	ST7789V_WriteSmallData
 392 0184 0820     		movs	r0, #8
 393 0186 FFF7FEFF 		bl	ST7789V_WriteSmallData
 394 018a 1020     		movs	r0, #16
 395 018c FFF7FEFF 		bl	ST7789V_WriteSmallData
 396 0190 0820     		movs	r0, #8
 397 0192 FFF7FEFF 		bl	ST7789V_WriteSmallData
 398 0196 0620     		movs	r0, #6
 399 0198 FFF7FEFF 		bl	ST7789V_WriteSmallData
 400 019c 0620     		movs	r0, #6
 401 019e FFF7FEFF 		bl	ST7789V_WriteSmallData
 402 01a2 3920     		movs	r0, #57
 403 01a4 FFF7FEFF 		bl	ST7789V_WriteSmallData
 404 01a8 4420     		movs	r0, #68
 405 01aa FFF7FEFF 		bl	ST7789V_WriteSmallData
 406 01ae 5120     		movs	r0, #81
 407 01b0 FFF7FEFF 		bl	ST7789V_WriteSmallData
 408 01b4 0B20     		movs	r0, #11
 409 01b6 FFF7FEFF 		bl	ST7789V_WriteSmallData
 410 01ba 1620     		movs	r0, #22
 411 01bc FFF7FEFF 		bl	ST7789V_WriteSmallData
 412 01c0 1420     		movs	r0, #20
ARM GAS  /var/folders/lp/x54gwt890xv47sdkqj1k04q40000gn/T//cclXMziP.s 			page 8


 413 01c2 FFF7FEFF 		bl	ST7789V_WriteSmallData
 414 01c6 2F20     		movs	r0, #47
 415 01c8 FFF7FEFF 		bl	ST7789V_WriteSmallData
 416 01cc 3120     		movs	r0, #49
 417 01ce FFF7FEFF 		bl	ST7789V_WriteSmallData
 418 01d2 2120     		movs	r0, #33
 419 01d4 FFF7FEFF 		bl	ST7789V_WriteCommand
 420 01d8 1120     		movs	r0, #17
 421 01da FFF7FEFF 		bl	ST7789V_WriteCommand
 422 01de 1320     		movs	r0, #19
 423 01e0 FFF7FEFF 		bl	ST7789V_WriteCommand
 424 01e4 2920     		movs	r0, #41
 425 01e6 FFF7FEFF 		bl	ST7789V_WriteCommand
 426 01ea 3220     		movs	r0, #50
 427 01ec FFF7FEFF 		bl	HAL_Delay
 428 01f0 0320     		movs	r0, #3
 429 01f2 FFF7FEFF 		bl	ST7789V_SetRotation
 430 01f6 10BD     		pop	{r4, pc}
 431              	.L33:
 432              		.align	2
 433              	.L32:
 434 01f8 00000240 		.word	1073872896
 436              		.section	.text.MemsetBuffer,"ax",%progbits
 437              		.align	1
 438              		.global	MemsetBuffer
 439              		.syntax unified
 440              		.thumb
 441              		.thumb_func
 443              	MemsetBuffer:
 444              		@ args = 0, pretend = 0, frame = 0
 445              		@ frame_needed = 0, uses_anonymous_args = 0
 446              		@ link register save eliminated.
 447 0000 0023     		movs	r3, #0
 448 0002 02E0     		b	.L35
 449              	.L36:
 450 0004 20F81310 		strh	r1, [r0, r3, lsl #1]	@ movhi
 451 0008 0133     		adds	r3, r3, #1
 452              	.L35:
 453 000a 9342     		cmp	r3, r2
 454 000c FAD3     		bcc	.L36
 455 000e 7047     		bx	lr
 457              		.section	.text.ST7789V_Fill_Color,"ax",%progbits
 458              		.align	1
 459              		.global	ST7789V_Fill_Color
 460              		.syntax unified
 461              		.thumb
 462              		.thumb_func
 464              	ST7789V_Fill_Color:
 465              		@ args = 0, pretend = 0, frame = 8
 466              		@ frame_needed = 0, uses_anonymous_args = 0
 467 0000 70B5     		push	{r4, r5, r6, lr}
 468 0002 82B0     		sub	sp, sp, #8
 469 0004 0546     		mov	r5, r0
 470 0006 EF23     		movs	r3, #239
 471 0008 40F23F12 		movw	r2, #319
 472 000c 0021     		movs	r1, #0
 473 000e 0846     		mov	r0, r1
ARM GAS  /var/folders/lp/x54gwt890xv47sdkqj1k04q40000gn/T//cclXMziP.s 			page 9


 474 0010 FFF7FEFF 		bl	ST7789V_SetAddressWindow
 475 0014 0022     		movs	r2, #0
 476 0016 0421     		movs	r1, #4
 477 0018 0F48     		ldr	r0, .L44
 478 001a FFF7FEFF 		bl	HAL_GPIO_WritePin
 479 001e 0026     		movs	r6, #0
 480 0020 0EE0     		b	.L38
 481              	.L39:
 482 0022 2B0A     		lsrs	r3, r5, #8
 483 0024 8DF80430 		strb	r3, [sp, #4]
 484 0028 8DF80550 		strb	r5, [sp, #5]
 485 002c 0221     		movs	r1, #2
 486 002e 01A8     		add	r0, sp, #4
 487 0030 FFF7FEFF 		bl	ST7789V_WriteData
 488 0034 0134     		adds	r4, r4, #1
 489 0036 A4B2     		uxth	r4, r4
 490              	.L40:
 491 0038 EF2C     		cmp	r4, #239
 492 003a F2D9     		bls	.L39
 493 003c 0136     		adds	r6, r6, #1
 494 003e B6B2     		uxth	r6, r6
 495              	.L38:
 496 0040 B6F5A07F 		cmp	r6, #320
 497 0044 01D2     		bcs	.L43
 498 0046 0024     		movs	r4, #0
 499 0048 F6E7     		b	.L40
 500              	.L43:
 501 004a 0122     		movs	r2, #1
 502 004c 0421     		movs	r1, #4
 503 004e 0248     		ldr	r0, .L44
 504 0050 FFF7FEFF 		bl	HAL_GPIO_WritePin
 505 0054 02B0     		add	sp, sp, #8
 506              		@ sp needed
 507 0056 70BD     		pop	{r4, r5, r6, pc}
 508              	.L45:
 509              		.align	2
 510              	.L44:
 511 0058 00000240 		.word	1073872896
 513              		.section	.text.ST7789V_DrawPixel,"ax",%progbits
 514              		.align	1
 515              		.global	ST7789V_DrawPixel
 516              		.syntax unified
 517              		.thumb
 518              		.thumb_func
 520              	ST7789V_DrawPixel:
 521              		@ args = 0, pretend = 0, frame = 8
 522              		@ frame_needed = 0, uses_anonymous_args = 0
 523 0000 B0F5A07F 		cmp	r0, #320
 524 0004 1FD2     		bcs	.L51
 525 0006 10B5     		push	{r4, lr}
 526 0008 82B0     		sub	sp, sp, #8
 527 000a 1446     		mov	r4, r2
 528 000c EF29     		cmp	r1, #239
 529 000e 01D9     		bls	.L54
 530              	.L46:
 531 0010 02B0     		add	sp, sp, #8
 532              		@ sp needed
ARM GAS  /var/folders/lp/x54gwt890xv47sdkqj1k04q40000gn/T//cclXMziP.s 			page 10


 533 0012 10BD     		pop	{r4, pc}
 534              	.L54:
 535 0014 0B46     		mov	r3, r1
 536 0016 0246     		mov	r2, r0
 537 0018 FFF7FEFF 		bl	ST7789V_SetAddressWindow
 538 001c 230A     		lsrs	r3, r4, #8
 539 001e 8DF80430 		strb	r3, [sp, #4]
 540 0022 8DF80540 		strb	r4, [sp, #5]
 541 0026 084C     		ldr	r4, .L55
 542 0028 0022     		movs	r2, #0
 543 002a 0421     		movs	r1, #4
 544 002c 2046     		mov	r0, r4
 545 002e FFF7FEFF 		bl	HAL_GPIO_WritePin
 546 0032 0221     		movs	r1, #2
 547 0034 01A8     		add	r0, sp, #4
 548 0036 FFF7FEFF 		bl	ST7789V_WriteData
 549 003a 0122     		movs	r2, #1
 550 003c 0421     		movs	r1, #4
 551 003e 2046     		mov	r0, r4
 552 0040 FFF7FEFF 		bl	HAL_GPIO_WritePin
 553 0044 E4E7     		b	.L46
 554              	.L51:
 555 0046 7047     		bx	lr
 556              	.L56:
 557              		.align	2
 558              	.L55:
 559 0048 00000240 		.word	1073872896
 561              		.section	.text.ST7789V_Fill,"ax",%progbits
 562              		.align	1
 563              		.global	ST7789V_Fill
 564              		.syntax unified
 565              		.thumb
 566              		.thumb_func
 568              	ST7789V_Fill:
 569              		@ args = 4, pretend = 0, frame = 8
 570              		@ frame_needed = 0, uses_anonymous_args = 0
 571 0000 2DE9F043 		push	{r4, r5, r6, r7, r8, r9, lr}
 572 0004 83B0     		sub	sp, sp, #12
 573 0006 BDF82850 		ldrh	r5, [sp, #40]
 574 000a B2F5A07F 		cmp	r2, #320
 575 000e 05D2     		bcs	.L57
 576 0010 8146     		mov	r9, r0
 577 0012 0F46     		mov	r7, r1
 578 0014 1646     		mov	r6, r2
 579 0016 9846     		mov	r8, r3
 580 0018 EF2B     		cmp	r3, #239
 581 001a 02D9     		bls	.L64
 582              	.L57:
 583 001c 03B0     		add	sp, sp, #12
 584              		@ sp needed
 585 001e BDE8F083 		pop	{r4, r5, r6, r7, r8, r9, pc}
 586              	.L64:
 587 0022 FFF7FEFF 		bl	ST7789V_SetAddressWindow
 588 0026 0FE0     		b	.L59
 589              	.L60:
 590 0028 4FEA152C 		lsr	ip, r5, #8
 591 002c 8DF804C0 		strb	ip, [sp, #4]
ARM GAS  /var/folders/lp/x54gwt890xv47sdkqj1k04q40000gn/T//cclXMziP.s 			page 11


 592 0030 8DF80550 		strb	r5, [sp, #5]
 593 0034 0221     		movs	r1, #2
 594 0036 01A8     		add	r0, sp, #4
 595 0038 FFF7FEFF 		bl	ST7789V_WriteData
 596 003c 0134     		adds	r4, r4, #1
 597 003e A4B2     		uxth	r4, r4
 598              	.L61:
 599 0040 B442     		cmp	r4, r6
 600 0042 F1D9     		bls	.L60
 601 0044 0137     		adds	r7, r7, #1
 602 0046 BFB2     		uxth	r7, r7
 603              	.L59:
 604 0048 4745     		cmp	r7, r8
 605 004a E7D8     		bhi	.L57
 606 004c 4C46     		mov	r4, r9
 607 004e F7E7     		b	.L61
 609              		.section	.text.ST7789V_DrawPixel_4px,"ax",%progbits
 610              		.align	1
 611              		.global	ST7789V_DrawPixel_4px
 612              		.syntax unified
 613              		.thumb
 614              		.thumb_func
 616              	ST7789V_DrawPixel_4px:
 617              		@ args = 0, pretend = 0, frame = 0
 618              		@ frame_needed = 0, uses_anonymous_args = 0
 619 0000 2DE9F041 		push	{r4, r5, r6, r7, r8, lr}
 620 0004 82B0     		sub	sp, sp, #8
 621 0006 451E     		subs	r5, r0, #1
 622 0008 ADB2     		uxth	r5, r5
 623 000a B5F5A07F 		cmp	r5, #320
 624 000e 05D2     		bcs	.L65
 625 0010 0746     		mov	r7, r0
 626 0012 0C46     		mov	r4, r1
 627 0014 1646     		mov	r6, r2
 628 0016 09B1     		cbz	r1, .L65
 629 0018 F029     		cmp	r1, #240
 630 001a 02D9     		bls	.L68
 631              	.L65:
 632 001c 02B0     		add	sp, sp, #8
 633              		@ sp needed
 634 001e BDE8F081 		pop	{r4, r5, r6, r7, r8, pc}
 635              	.L68:
 636 0022 DFF82C80 		ldr	r8, .L69
 637 0026 0022     		movs	r2, #0
 638 0028 0421     		movs	r1, #4
 639 002a 4046     		mov	r0, r8
 640 002c FFF7FEFF 		bl	HAL_GPIO_WritePin
 641 0030 631C     		adds	r3, r4, #1
 642 0032 7A1C     		adds	r2, r7, #1
 643 0034 611E     		subs	r1, r4, #1
 644 0036 0096     		str	r6, [sp]
 645 0038 9BB2     		uxth	r3, r3
 646 003a 92B2     		uxth	r2, r2
 647 003c 89B2     		uxth	r1, r1
 648 003e 2846     		mov	r0, r5
 649 0040 FFF7FEFF 		bl	ST7789V_Fill
 650 0044 0122     		movs	r2, #1
ARM GAS  /var/folders/lp/x54gwt890xv47sdkqj1k04q40000gn/T//cclXMziP.s 			page 12


 651 0046 0421     		movs	r1, #4
 652 0048 4046     		mov	r0, r8
 653 004a FFF7FEFF 		bl	HAL_GPIO_WritePin
 654 004e E5E7     		b	.L65
 655              	.L70:
 656              		.align	2
 657              	.L69:
 658 0050 00000240 		.word	1073872896
 660              		.section	.text.ST7789V_DrawLine,"ax",%progbits
 661              		.align	1
 662              		.global	ST7789V_DrawLine
 663              		.syntax unified
 664              		.thumb
 665              		.thumb_func
 667              	ST7789V_DrawLine:
 668              		@ args = 4, pretend = 0, frame = 8
 669              		@ frame_needed = 0, uses_anonymous_args = 0
 670 0000 2DE9F04F 		push	{r4, r5, r6, r7, r8, r9, r10, fp, lr}
 671 0004 83B0     		sub	sp, sp, #12
 672 0006 8B46     		mov	fp, r1
 673 0008 1546     		mov	r5, r2
 674 000a 1E46     		mov	r6, r3
 675 000c BDF83080 		ldrh	r8, [sp, #48]
 676 0010 5A1A     		subs	r2, r3, r1
 677 0012 82EAE279 		eor	r9, r2, r2, asr #31
 678 0016 A9EBE279 		sub	r9, r9, r2, asr #31
 679 001a 291A     		subs	r1, r5, r0
 680 001c 81EAE17A 		eor	r10, r1, r1, asr #31
 681 0020 AAEBE17A 		sub	r10, r10, r1, asr #31
 682 0024 D145     		cmp	r9, r10
 683 0026 04DC     		bgt	.L72
 684 0028 2E46     		mov	r6, r5
 685 002a 1D46     		mov	r5, r3
 686 002c 5B46     		mov	r3, fp
 687 002e 8346     		mov	fp, r0
 688 0030 1846     		mov	r0, r3
 689              	.L72:
 690 0032 B345     		cmp	fp, r6
 691 0034 05D8     		bhi	.L73
 692 0036 2B46     		mov	r3, r5
 693 0038 0546     		mov	r5, r0
 694 003a 1846     		mov	r0, r3
 695 003c 3346     		mov	r3, r6
 696 003e 5E46     		mov	r6, fp
 697 0040 9B46     		mov	fp, r3
 698              	.L73:
 699 0042 ABEB0604 		sub	r4, fp, r6
 700 0046 A3B2     		uxth	r3, r4
 701 0048 0093     		str	r3, [sp]
 702 004a 471B     		subs	r7, r0, r5
 703 004c 002F     		cmp	r7, #0
 704 004e B8BF     		it	lt
 705 0050 7F42     		rsblt	r7, r7, #0
 706 0052 C4F3C033 		ubfx	r3, r4, #15, #1
 707 0056 03FA84F4 		sxtah	r4, r3, r4
 708 005a 6410     		asrs	r4, r4, #1
 709 005c 8542     		cmp	r5, r0
ARM GAS  /var/folders/lp/x54gwt890xv47sdkqj1k04q40000gn/T//cclXMziP.s 			page 13


 710 005e 20D3     		bcc	.L74
 711 0060 4FF0FF33 		mov	r3, #-1
 712 0064 0193     		str	r3, [sp, #4]
 713 0066 0BE0     		b	.L79
 714              	.L76:
 715 0068 4246     		mov	r2, r8
 716 006a 2946     		mov	r1, r5
 717 006c 3046     		mov	r0, r6
 718 006e FFF7FEFF 		bl	ST7789V_DrawPixel
 719              	.L77:
 720 0072 E41B     		subs	r4, r4, r7
 721 0074 A3B2     		uxth	r3, r4
 722 0076 24B2     		sxth	r4, r4
 723 0078 002C     		cmp	r4, #0
 724 007a 0BDB     		blt	.L82
 725              	.L78:
 726 007c 0136     		adds	r6, r6, #1
 727 007e B6B2     		uxth	r6, r6
 728              	.L79:
 729 0080 5E45     		cmp	r6, fp
 730 0082 11D8     		bhi	.L83
 731 0084 D145     		cmp	r9, r10
 732 0086 EFDD     		ble	.L76
 733 0088 4246     		mov	r2, r8
 734 008a 3146     		mov	r1, r6
 735 008c 2846     		mov	r0, r5
 736 008e FFF7FEFF 		bl	ST7789V_DrawPixel
 737 0092 EEE7     		b	.L77
 738              	.L82:
 739 0094 019A     		ldr	r2, [sp, #4]
 740 0096 1544     		add	r5, r5, r2
 741 0098 ADB2     		uxth	r5, r5
 742 009a 009A     		ldr	r2, [sp]
 743 009c 1344     		add	r3, r3, r2
 744 009e 1CB2     		sxth	r4, r3
 745 00a0 ECE7     		b	.L78
 746              	.L74:
 747 00a2 0123     		movs	r3, #1
 748 00a4 0193     		str	r3, [sp, #4]
 749 00a6 EBE7     		b	.L79
 750              	.L83:
 751 00a8 03B0     		add	sp, sp, #12
 752              		@ sp needed
 753 00aa BDE8F08F 		pop	{r4, r5, r6, r7, r8, r9, r10, fp, pc}
 755              		.section	.text.ST7789V_DrawRectangle,"ax",%progbits
 756              		.align	1
 757              		.global	ST7789V_DrawRectangle
 758              		.syntax unified
 759              		.thumb
 760              		.thumb_func
 762              	ST7789V_DrawRectangle:
 763              		@ args = 4, pretend = 0, frame = 0
 764              		@ frame_needed = 0, uses_anonymous_args = 0
 765 0000 2DE9F043 		push	{r4, r5, r6, r7, r8, r9, lr}
 766 0004 83B0     		sub	sp, sp, #12
 767 0006 0746     		mov	r7, r0
 768 0008 0D46     		mov	r5, r1
ARM GAS  /var/folders/lp/x54gwt890xv47sdkqj1k04q40000gn/T//cclXMziP.s 			page 14


 769 000a 1446     		mov	r4, r2
 770 000c 1E46     		mov	r6, r3
 771 000e BDF82880 		ldrh	r8, [sp, #40]
 772 0012 DFF85C90 		ldr	r9, .L86
 773 0016 0022     		movs	r2, #0
 774 0018 0421     		movs	r1, #4
 775 001a 4846     		mov	r0, r9
 776 001c FFF7FEFF 		bl	HAL_GPIO_WritePin
 777 0020 CDF80080 		str	r8, [sp]
 778 0024 2B46     		mov	r3, r5
 779 0026 2246     		mov	r2, r4
 780 0028 2946     		mov	r1, r5
 781 002a 3846     		mov	r0, r7
 782 002c FFF7FEFF 		bl	ST7789V_DrawLine
 783 0030 CDF80080 		str	r8, [sp]
 784 0034 3346     		mov	r3, r6
 785 0036 3A46     		mov	r2, r7
 786 0038 2946     		mov	r1, r5
 787 003a 3846     		mov	r0, r7
 788 003c FFF7FEFF 		bl	ST7789V_DrawLine
 789 0040 CDF80080 		str	r8, [sp]
 790 0044 3346     		mov	r3, r6
 791 0046 2246     		mov	r2, r4
 792 0048 3146     		mov	r1, r6
 793 004a 3846     		mov	r0, r7
 794 004c FFF7FEFF 		bl	ST7789V_DrawLine
 795 0050 CDF80080 		str	r8, [sp]
 796 0054 3346     		mov	r3, r6
 797 0056 2246     		mov	r2, r4
 798 0058 2946     		mov	r1, r5
 799 005a 2046     		mov	r0, r4
 800 005c FFF7FEFF 		bl	ST7789V_DrawLine
 801 0060 0122     		movs	r2, #1
 802 0062 0421     		movs	r1, #4
 803 0064 4846     		mov	r0, r9
 804 0066 FFF7FEFF 		bl	HAL_GPIO_WritePin
 805 006a 03B0     		add	sp, sp, #12
 806              		@ sp needed
 807 006c BDE8F083 		pop	{r4, r5, r6, r7, r8, r9, pc}
 808              	.L87:
 809              		.align	2
 810              	.L86:
 811 0070 00000240 		.word	1073872896
 813              		.section	.text.ST7789V_DrawCircle,"ax",%progbits
 814              		.align	1
 815              		.global	ST7789V_DrawCircle
 816              		.syntax unified
 817              		.thumb
 818              		.thumb_func
 820              	ST7789V_DrawCircle:
 821              		@ args = 0, pretend = 0, frame = 24
 822              		@ frame_needed = 0, uses_anonymous_args = 0
 823 0000 2DE9F04F 		push	{r4, r5, r6, r7, r8, r9, r10, fp, lr}
 824 0004 87B0     		sub	sp, sp, #28
 825 0006 8346     		mov	fp, r0
 826 0008 8A46     		mov	r10, r1
 827 000a 1446     		mov	r4, r2
ARM GAS  /var/folders/lp/x54gwt890xv47sdkqj1k04q40000gn/T//cclXMziP.s 			page 15


 828 000c 1E46     		mov	r6, r3
 829 000e C2F10109 		rsb	r9, r2, #1
 830 0012 C2EBC233 		rsb	r3, r2, r2, lsl #15
 831 0016 5B00     		lsls	r3, r3, #1
 832 0018 1BB2     		sxth	r3, r3
 833 001a 0593     		str	r3, [sp, #20]
 834 001c 13B2     		sxth	r3, r2
 835 001e 0193     		str	r3, [sp, #4]
 836 0020 0022     		movs	r2, #0
 837 0022 0421     		movs	r1, #4
 838 0024 4948     		ldr	r0, .L95
 839 0026 FFF7FEFF 		bl	HAL_GPIO_WritePin
 840 002a 04EB0A01 		add	r1, r4, r10
 841 002e 3246     		mov	r2, r6
 842 0030 89B2     		uxth	r1, r1
 843 0032 5846     		mov	r0, fp
 844 0034 FFF7FEFF 		bl	ST7789V_DrawPixel
 845 0038 AAEB0401 		sub	r1, r10, r4
 846 003c 3246     		mov	r2, r6
 847 003e 89B2     		uxth	r1, r1
 848 0040 5846     		mov	r0, fp
 849 0042 FFF7FEFF 		bl	ST7789V_DrawPixel
 850 0046 04EB0B00 		add	r0, r4, fp
 851 004a 3246     		mov	r2, r6
 852 004c 5146     		mov	r1, r10
 853 004e 80B2     		uxth	r0, r0
 854 0050 FFF7FEFF 		bl	ST7789V_DrawPixel
 855 0054 ABEB0400 		sub	r0, fp, r4
 856 0058 3246     		mov	r2, r6
 857 005a 5146     		mov	r1, r10
 858 005c 80B2     		uxth	r0, r0
 859 005e FFF7FEFF 		bl	ST7789V_DrawPixel
 860 0062 0023     		movs	r3, #0
 861 0064 0293     		str	r3, [sp, #8]
 862 0066 0123     		movs	r3, #1
 863 0068 0393     		str	r3, [sp, #12]
 864 006a 5EE0     		b	.L89
 865              	.L94:
 866 006c 019B     		ldr	r3, [sp, #4]
 867 006e 013B     		subs	r3, r3, #1
 868 0070 1BB2     		sxth	r3, r3
 869 0072 0193     		str	r3, [sp, #4]
 870 0074 059B     		ldr	r3, [sp, #20]
 871 0076 0233     		adds	r3, r3, #2
 872 0078 1AB2     		sxth	r2, r3
 873 007a 0592     		str	r2, [sp, #20]
 874 007c 19FA83F3 		uxtah	r3, r9, r3
 875 0080 0FFA83F9 		sxth	r9, r3
 876              	.L90:
 877 0084 029B     		ldr	r3, [sp, #8]
 878 0086 0133     		adds	r3, r3, #1
 879 0088 9DB2     		uxth	r5, r3
 880 008a 1BB2     		sxth	r3, r3
 881 008c 0293     		str	r3, [sp, #8]
 882 008e 039B     		ldr	r3, [sp, #12]
 883 0090 0233     		adds	r3, r3, #2
 884 0092 1AB2     		sxth	r2, r3
ARM GAS  /var/folders/lp/x54gwt890xv47sdkqj1k04q40000gn/T//cclXMziP.s 			page 16


 885 0094 0392     		str	r2, [sp, #12]
 886 0096 19FA83F3 		uxtah	r3, r9, r3
 887 009a 0FFA83F9 		sxth	r9, r3
 888 009e 05EB0B03 		add	r3, r5, fp
 889 00a2 9BB2     		uxth	r3, r3
 890 00a4 BDF80440 		ldrh	r4, [sp, #4]
 891 00a8 04EB0A08 		add	r8, r4, r10
 892 00ac 1FFA88F8 		uxth	r8, r8
 893 00b0 3246     		mov	r2, r6
 894 00b2 4146     		mov	r1, r8
 895 00b4 0493     		str	r3, [sp, #16]
 896 00b6 1846     		mov	r0, r3
 897 00b8 FFF7FEFF 		bl	ST7789V_DrawPixel
 898 00bc ABEB0507 		sub	r7, fp, r5
 899 00c0 BFB2     		uxth	r7, r7
 900 00c2 3246     		mov	r2, r6
 901 00c4 4146     		mov	r1, r8
 902 00c6 3846     		mov	r0, r7
 903 00c8 FFF7FEFF 		bl	ST7789V_DrawPixel
 904 00cc AAEB0408 		sub	r8, r10, r4
 905 00d0 1FFA88F8 		uxth	r8, r8
 906 00d4 3246     		mov	r2, r6
 907 00d6 4146     		mov	r1, r8
 908 00d8 0498     		ldr	r0, [sp, #16]
 909 00da FFF7FEFF 		bl	ST7789V_DrawPixel
 910 00de 3246     		mov	r2, r6
 911 00e0 4146     		mov	r1, r8
 912 00e2 3846     		mov	r0, r7
 913 00e4 FFF7FEFF 		bl	ST7789V_DrawPixel
 914 00e8 04EB0B07 		add	r7, r4, fp
 915 00ec BFB2     		uxth	r7, r7
 916 00ee 05EB0A08 		add	r8, r5, r10
 917 00f2 1FFA88F8 		uxth	r8, r8
 918 00f6 3246     		mov	r2, r6
 919 00f8 4146     		mov	r1, r8
 920 00fa 3846     		mov	r0, r7
 921 00fc FFF7FEFF 		bl	ST7789V_DrawPixel
 922 0100 ABEB0404 		sub	r4, fp, r4
 923 0104 A4B2     		uxth	r4, r4
 924 0106 3246     		mov	r2, r6
 925 0108 4146     		mov	r1, r8
 926 010a 2046     		mov	r0, r4
 927 010c FFF7FEFF 		bl	ST7789V_DrawPixel
 928 0110 AAEB0505 		sub	r5, r10, r5
 929 0114 ADB2     		uxth	r5, r5
 930 0116 3246     		mov	r2, r6
 931 0118 2946     		mov	r1, r5
 932 011a 3846     		mov	r0, r7
 933 011c FFF7FEFF 		bl	ST7789V_DrawPixel
 934 0120 3246     		mov	r2, r6
 935 0122 2946     		mov	r1, r5
 936 0124 2046     		mov	r0, r4
 937 0126 FFF7FEFF 		bl	ST7789V_DrawPixel
 938              	.L89:
 939 012a 029B     		ldr	r3, [sp, #8]
 940 012c 019A     		ldr	r2, [sp, #4]
 941 012e 9342     		cmp	r3, r2
ARM GAS  /var/folders/lp/x54gwt890xv47sdkqj1k04q40000gn/T//cclXMziP.s 			page 17


 942 0130 03DA     		bge	.L93
 943 0132 B9F1000F 		cmp	r9, #0
 944 0136 99DA     		bge	.L94
 945 0138 A4E7     		b	.L90
 946              	.L93:
 947 013a 0122     		movs	r2, #1
 948 013c 0421     		movs	r1, #4
 949 013e 0348     		ldr	r0, .L95
 950 0140 FFF7FEFF 		bl	HAL_GPIO_WritePin
 951 0144 07B0     		add	sp, sp, #28
 952              		@ sp needed
 953 0146 BDE8F08F 		pop	{r4, r5, r6, r7, r8, r9, r10, fp, pc}
 954              	.L96:
 955 014a 00BF     		.align	2
 956              	.L95:
 957 014c 00000240 		.word	1073872896
 959              		.section	.text.ST7789V_DrawImage,"ax",%progbits
 960              		.align	1
 961              		.global	ST7789V_DrawImage
 962              		.syntax unified
 963              		.thumb
 964              		.thumb_func
 966              	ST7789V_DrawImage:
 967              		@ args = 4, pretend = 0, frame = 0
 968              		@ frame_needed = 0, uses_anonymous_args = 0
 969 0000 B0F5A07F 		cmp	r0, #320
 970 0004 2FD2     		bcs	.L100
 971 0006 2DE9F041 		push	{r4, r5, r6, r7, r8, lr}
 972 000a 0446     		mov	r4, r0
 973 000c 0D46     		mov	r5, r1
 974 000e 1746     		mov	r7, r2
 975 0010 1E46     		mov	r6, r3
 976 0012 EF29     		cmp	r1, #239
 977 0014 06D8     		bhi	.L97
 978 0016 8318     		adds	r3, r0, r2
 979 0018 B3F5A07F 		cmp	r3, #320
 980 001c 02DC     		bgt	.L97
 981 001e 8B19     		adds	r3, r1, r6
 982 0020 F02B     		cmp	r3, #240
 983 0022 01DD     		ble	.L103
 984              	.L97:
 985 0024 BDE8F081 		pop	{r4, r5, r6, r7, r8, pc}
 986              	.L103:
 987 0028 DFF83C80 		ldr	r8, .L104
 988 002c 0022     		movs	r2, #0
 989 002e 0421     		movs	r1, #4
 990 0030 4046     		mov	r0, r8
 991 0032 FFF7FEFF 		bl	HAL_GPIO_WritePin
 992 0036 E219     		adds	r2, r4, r7
 993 0038 92B2     		uxth	r2, r2
 994 003a AB19     		adds	r3, r5, r6
 995 003c 9BB2     		uxth	r3, r3
 996 003e 013B     		subs	r3, r3, #1
 997 0040 013A     		subs	r2, r2, #1
 998 0042 9BB2     		uxth	r3, r3
 999 0044 92B2     		uxth	r2, r2
 1000 0046 2946     		mov	r1, r5
ARM GAS  /var/folders/lp/x54gwt890xv47sdkqj1k04q40000gn/T//cclXMziP.s 			page 18


 1001 0048 2046     		mov	r0, r4
 1002 004a FFF7FEFF 		bl	ST7789V_SetAddressWindow
 1003 004e 06FB07F1 		mul	r1, r6, r7
 1004 0052 4900     		lsls	r1, r1, #1
 1005 0054 0698     		ldr	r0, [sp, #24]
 1006 0056 FFF7FEFF 		bl	ST7789V_WriteData
 1007 005a 0122     		movs	r2, #1
 1008 005c 0421     		movs	r1, #4
 1009 005e 4046     		mov	r0, r8
 1010 0060 FFF7FEFF 		bl	HAL_GPIO_WritePin
 1011 0064 DEE7     		b	.L97
 1012              	.L100:
 1013 0066 7047     		bx	lr
 1014              	.L105:
 1015              		.align	2
 1016              	.L104:
 1017 0068 00000240 		.word	1073872896
 1019              		.section	.text.ST7789V_InvertColors,"ax",%progbits
 1020              		.align	1
 1021              		.global	ST7789V_InvertColors
 1022              		.syntax unified
 1023              		.thumb
 1024              		.thumb_func
 1026              	ST7789V_InvertColors:
 1027              		@ args = 0, pretend = 0, frame = 0
 1028              		@ frame_needed = 0, uses_anonymous_args = 0
 1029 0000 10B5     		push	{r4, lr}
 1030 0002 0446     		mov	r4, r0
 1031 0004 0022     		movs	r2, #0
 1032 0006 0421     		movs	r1, #4
 1033 0008 0748     		ldr	r0, .L110
 1034 000a FFF7FEFF 		bl	HAL_GPIO_WritePin
 1035 000e 44B1     		cbz	r4, .L108
 1036 0010 2120     		movs	r0, #33
 1037              	.L107:
 1038 0012 FFF7FEFF 		bl	ST7789V_WriteCommand
 1039 0016 0122     		movs	r2, #1
 1040 0018 0421     		movs	r1, #4
 1041 001a 0348     		ldr	r0, .L110
 1042 001c FFF7FEFF 		bl	HAL_GPIO_WritePin
 1043 0020 10BD     		pop	{r4, pc}
 1044              	.L108:
 1045 0022 2020     		movs	r0, #32
 1046 0024 F5E7     		b	.L107
 1047              	.L111:
 1048 0026 00BF     		.align	2
 1049              	.L110:
 1050 0028 00000240 		.word	1073872896
 1052              		.section	.text.ST7789V_WriteChar,"ax",%progbits
 1053              		.align	1
 1054              		.global	ST7789V_WriteChar
 1055              		.syntax unified
 1056              		.thumb
 1057              		.thumb_func
 1059              	ST7789V_WriteChar:
 1060              		@ args = 20, pretend = 8, frame = 8
 1061              		@ frame_needed = 0, uses_anonymous_args = 0
ARM GAS  /var/folders/lp/x54gwt890xv47sdkqj1k04q40000gn/T//cclXMziP.s 			page 19


 1062 0000 82B0     		sub	sp, sp, #8
 1063 0002 2DE9F04F 		push	{r4, r5, r6, r7, r8, r9, r10, fp, lr}
 1064 0006 83B0     		sub	sp, sp, #12
 1065 0008 0446     		mov	r4, r0
 1066 000a 0E46     		mov	r6, r1
 1067 000c 9346     		mov	fp, r2
 1068 000e 0D93     		str	r3, [sp, #52]
 1069 0010 BDF83C80 		ldrh	r8, [sp, #60]
 1070 0014 BDF84070 		ldrh	r7, [sp, #64]
 1071 0018 0022     		movs	r2, #0
 1072 001a 0421     		movs	r1, #4
 1073 001c 2448     		ldr	r0, .L122
 1074 001e FFF7FEFF 		bl	HAL_GPIO_WritePin
 1075 0022 9DF83450 		ldrb	r5, [sp, #52]	@ zero_extendqisi2
 1076 0026 2A19     		adds	r2, r5, r4
 1077 0028 92B2     		uxth	r2, r2
 1078 002a 9DF835A0 		ldrb	r10, [sp, #53]	@ zero_extendqisi2
 1079 002e 0AEB0603 		add	r3, r10, r6
 1080 0032 9BB2     		uxth	r3, r3
 1081 0034 013B     		subs	r3, r3, #1
 1082 0036 013A     		subs	r2, r2, #1
 1083 0038 9BB2     		uxth	r3, r3
 1084 003a 92B2     		uxth	r2, r2
 1085 003c 3146     		mov	r1, r6
 1086 003e 2046     		mov	r0, r4
 1087 0040 FFF7FEFF 		bl	ST7789V_SetAddressWindow
 1088 0044 4FF00009 		mov	r9, #0
 1089 0048 1DE0     		b	.L113
 1090              	.L115:
 1091 004a 3B0A     		lsrs	r3, r7, #8
 1092 004c 8DF80430 		strb	r3, [sp, #4]
 1093 0050 8DF80570 		strb	r7, [sp, #5]
 1094 0054 0221     		movs	r1, #2
 1095 0056 01A8     		add	r0, sp, #4
 1096 0058 FFF7FEFF 		bl	ST7789V_WriteData
 1097              	.L116:
 1098 005c 0134     		adds	r4, r4, #1
 1099              	.L114:
 1100 005e A542     		cmp	r5, r4
 1101 0060 0FD9     		bls	.L120
 1102 0062 06FA04F3 		lsl	r3, r6, r4
 1103 0066 13F4004F 		tst	r3, #32768
 1104 006a EED0     		beq	.L115
 1105 006c 4FEA1823 		lsr	r3, r8, #8
 1106 0070 8DF80430 		strb	r3, [sp, #4]
 1107 0074 8DF80580 		strb	r8, [sp, #5]
 1108 0078 0221     		movs	r1, #2
 1109 007a 01A8     		add	r0, sp, #4
 1110 007c FFF7FEFF 		bl	ST7789V_WriteData
 1111 0080 ECE7     		b	.L116
 1112              	.L120:
 1113 0082 09F10109 		add	r9, r9, #1
 1114              	.L113:
 1115 0086 CA45     		cmp	r10, r9
 1116 0088 08D9     		bls	.L121
 1117 008a ABF12003 		sub	r3, fp, #32
 1118 008e 0AFB0393 		mla	r3, r10, r3, r9
ARM GAS  /var/folders/lp/x54gwt890xv47sdkqj1k04q40000gn/T//cclXMziP.s 			page 20


 1119 0092 0E9A     		ldr	r2, [sp, #56]
 1120 0094 32F81360 		ldrh	r6, [r2, r3, lsl #1]
 1121 0098 0024     		movs	r4, #0
 1122 009a E0E7     		b	.L114
 1123              	.L121:
 1124 009c 0122     		movs	r2, #1
 1125 009e 0421     		movs	r1, #4
 1126 00a0 0348     		ldr	r0, .L122
 1127 00a2 FFF7FEFF 		bl	HAL_GPIO_WritePin
 1128 00a6 03B0     		add	sp, sp, #12
 1129              		@ sp needed
 1130 00a8 BDE8F04F 		pop	{r4, r5, r6, r7, r8, r9, r10, fp, lr}
 1131 00ac 02B0     		add	sp, sp, #8
 1132 00ae 7047     		bx	lr
 1133              	.L123:
 1134              		.align	2
 1135              	.L122:
 1136 00b0 00000240 		.word	1073872896
 1138              		.section	.text.ST7789V_WriteString,"ax",%progbits
 1139              		.align	1
 1140              		.global	ST7789V_WriteString
 1141              		.syntax unified
 1142              		.thumb
 1143              		.thumb_func
 1145              	ST7789V_WriteString:
 1146              		@ args = 20, pretend = 8, frame = 0
 1147              		@ frame_needed = 0, uses_anonymous_args = 0
 1148 0000 82B0     		sub	sp, sp, #8
 1149 0002 2DE9F043 		push	{r4, r5, r6, r7, r8, r9, lr}
 1150 0006 85B0     		sub	sp, sp, #20
 1151 0008 0646     		mov	r6, r0
 1152 000a 0D46     		mov	r5, r1
 1153 000c 1746     		mov	r7, r2
 1154 000e 0D93     		str	r3, [sp, #52]
 1155 0010 BDF83C90 		ldrh	r9, [sp, #60]
 1156 0014 BDF84080 		ldrh	r8, [sp, #64]
 1157 0018 0022     		movs	r2, #0
 1158 001a 0421     		movs	r1, #4
 1159 001c 1848     		ldr	r0, .L133
 1160 001e FFF7FEFF 		bl	HAL_GPIO_WritePin
 1161 0022 10E0     		b	.L125
 1162              	.L132:
 1163 0024 0137     		adds	r7, r7, #1
 1164 0026 0026     		movs	r6, #0
 1165 0028 0DE0     		b	.L125
 1166              	.L126:
 1167 002a CDF80880 		str	r8, [sp, #8]
 1168 002e CDF80490 		str	r9, [sp, #4]
 1169 0032 0E9B     		ldr	r3, [sp, #56]
 1170 0034 0093     		str	r3, [sp]
 1171 0036 0D9B     		ldr	r3, [sp, #52]
 1172 0038 2946     		mov	r1, r5
 1173 003a 3046     		mov	r0, r6
 1174 003c FFF7FEFF 		bl	ST7789V_WriteChar
 1175 0040 3444     		add	r4, r4, r6
 1176 0042 A6B2     		uxth	r6, r4
 1177 0044 0137     		adds	r7, r7, #1
ARM GAS  /var/folders/lp/x54gwt890xv47sdkqj1k04q40000gn/T//cclXMziP.s 			page 21


 1178              	.L125:
 1179 0046 3A78     		ldrb	r2, [r7]	@ zero_extendqisi2
 1180 0048 82B1     		cbz	r2, .L127
 1181 004a 9DF83440 		ldrb	r4, [sp, #52]	@ zero_extendqisi2
 1182 004e 3319     		adds	r3, r6, r4
 1183 0050 B3F5A07F 		cmp	r3, #320
 1184 0054 E9DB     		blt	.L126
 1185 0056 9DF83530 		ldrb	r3, [sp, #53]	@ zero_extendqisi2
 1186 005a 1D44     		add	r5, r5, r3
 1187 005c ADB2     		uxth	r5, r5
 1188 005e 2B44     		add	r3, r3, r5
 1189 0060 EF2B     		cmp	r3, #239
 1190 0062 03DC     		bgt	.L127
 1191 0064 202A     		cmp	r2, #32
 1192 0066 DDD0     		beq	.L132
 1193 0068 0026     		movs	r6, #0
 1194 006a DEE7     		b	.L126
 1195              	.L127:
 1196 006c 0122     		movs	r2, #1
 1197 006e 0421     		movs	r1, #4
 1198 0070 0348     		ldr	r0, .L133
 1199 0072 FFF7FEFF 		bl	HAL_GPIO_WritePin
 1200 0076 05B0     		add	sp, sp, #20
 1201              		@ sp needed
 1202 0078 BDE8F043 		pop	{r4, r5, r6, r7, r8, r9, lr}
 1203 007c 02B0     		add	sp, sp, #8
 1204 007e 7047     		bx	lr
 1205              	.L134:
 1206              		.align	2
 1207              	.L133:
 1208 0080 00000240 		.word	1073872896
 1210              		.section	.text.ST7789V_DrawFilledRectangle,"ax",%progbits
 1211              		.align	1
 1212              		.global	ST7789V_DrawFilledRectangle
 1213              		.syntax unified
 1214              		.thumb
 1215              		.thumb_func
 1217              	ST7789V_DrawFilledRectangle:
 1218              		@ args = 4, pretend = 0, frame = 0
 1219              		@ frame_needed = 0, uses_anonymous_args = 0
 1220 0000 2DE9F043 		push	{r4, r5, r6, r7, r8, r9, lr}
 1221 0004 83B0     		sub	sp, sp, #12
 1222 0006 0546     		mov	r5, r0
 1223 0008 0F46     		mov	r7, r1
 1224 000a 9046     		mov	r8, r2
 1225 000c 1E46     		mov	r6, r3
 1226 000e BDF82890 		ldrh	r9, [sp, #40]
 1227 0012 0022     		movs	r2, #0
 1228 0014 0421     		movs	r1, #4
 1229 0016 1848     		ldr	r0, .L142
 1230 0018 FFF7FEFF 		bl	HAL_GPIO_WritePin
 1231 001c B5F5A07F 		cmp	r5, #320
 1232 0020 26D2     		bcs	.L135
 1233 0022 EF2F     		cmp	r7, #239
 1234 0024 24D8     		bhi	.L135
 1235 0026 05EB0803 		add	r3, r5, r8
 1236 002a B3F5A07F 		cmp	r3, #320
ARM GAS  /var/folders/lp/x54gwt890xv47sdkqj1k04q40000gn/T//cclXMziP.s 			page 22


 1237 002e 03DB     		blt	.L137
 1238 0030 C5F5A078 		rsb	r8, r5, #320
 1239 0034 1FFA88F8 		uxth	r8, r8
 1240              	.L137:
 1241 0038 BB19     		adds	r3, r7, r6
 1242 003a EF2B     		cmp	r3, #239
 1243 003c 02DD     		ble	.L138
 1244 003e C7F1F006 		rsb	r6, r7, #240
 1245 0042 B6B2     		uxth	r6, r6
 1246              	.L138:
 1247 0044 0024     		movs	r4, #0
 1248 0046 0CE0     		b	.L139
 1249              	.L140:
 1250 0048 E119     		adds	r1, r4, r7
 1251 004a 89B2     		uxth	r1, r1
 1252 004c 08EB0502 		add	r2, r8, r5
 1253 0050 CDF80090 		str	r9, [sp]
 1254 0054 0B46     		mov	r3, r1
 1255 0056 92B2     		uxth	r2, r2
 1256 0058 2846     		mov	r0, r5
 1257 005a FFF7FEFF 		bl	ST7789V_DrawLine
 1258 005e 0134     		adds	r4, r4, #1
 1259 0060 E4B2     		uxtb	r4, r4
 1260              	.L139:
 1261 0062 B442     		cmp	r4, r6
 1262 0064 F0D9     		bls	.L140
 1263 0066 0122     		movs	r2, #1
 1264 0068 0421     		movs	r1, #4
 1265 006a 0348     		ldr	r0, .L142
 1266 006c FFF7FEFF 		bl	HAL_GPIO_WritePin
 1267              	.L135:
 1268 0070 03B0     		add	sp, sp, #12
 1269              		@ sp needed
 1270 0072 BDE8F083 		pop	{r4, r5, r6, r7, r8, r9, pc}
 1271              	.L143:
 1272 0076 00BF     		.align	2
 1273              	.L142:
 1274 0078 00000240 		.word	1073872896
 1276              		.section	.text.ST7789V_DrawTriangle,"ax",%progbits
 1277              		.align	1
 1278              		.global	ST7789V_DrawTriangle
 1279              		.syntax unified
 1280              		.thumb
 1281              		.thumb_func
 1283              	ST7789V_DrawTriangle:
 1284              		@ args = 12, pretend = 0, frame = 0
 1285              		@ frame_needed = 0, uses_anonymous_args = 0
 1286 0000 2DE9F04F 		push	{r4, r5, r6, r7, r8, r9, r10, fp, lr}
 1287 0004 83B0     		sub	sp, sp, #12
 1288 0006 0446     		mov	r4, r0
 1289 0008 0D46     		mov	r5, r1
 1290 000a 1646     		mov	r6, r2
 1291 000c 1F46     		mov	r7, r3
 1292 000e BDF830A0 		ldrh	r10, [sp, #48]
 1293 0012 BDF834B0 		ldrh	fp, [sp, #52]
 1294 0016 BDF83880 		ldrh	r8, [sp, #56]
 1295 001a DFF84C90 		ldr	r9, .L146
ARM GAS  /var/folders/lp/x54gwt890xv47sdkqj1k04q40000gn/T//cclXMziP.s 			page 23


 1296 001e 0022     		movs	r2, #0
 1297 0020 0421     		movs	r1, #4
 1298 0022 4846     		mov	r0, r9
 1299 0024 FFF7FEFF 		bl	HAL_GPIO_WritePin
 1300 0028 CDF80080 		str	r8, [sp]
 1301 002c 3B46     		mov	r3, r7
 1302 002e 3246     		mov	r2, r6
 1303 0030 2946     		mov	r1, r5
 1304 0032 2046     		mov	r0, r4
 1305 0034 FFF7FEFF 		bl	ST7789V_DrawLine
 1306 0038 CDF80080 		str	r8, [sp]
 1307 003c 5B46     		mov	r3, fp
 1308 003e 5246     		mov	r2, r10
 1309 0040 3946     		mov	r1, r7
 1310 0042 3046     		mov	r0, r6
 1311 0044 FFF7FEFF 		bl	ST7789V_DrawLine
 1312 0048 CDF80080 		str	r8, [sp]
 1313 004c 2B46     		mov	r3, r5
 1314 004e 2246     		mov	r2, r4
 1315 0050 5946     		mov	r1, fp
 1316 0052 5046     		mov	r0, r10
 1317 0054 FFF7FEFF 		bl	ST7789V_DrawLine
 1318 0058 0122     		movs	r2, #1
 1319 005a 0421     		movs	r1, #4
 1320 005c 4846     		mov	r0, r9
 1321 005e FFF7FEFF 		bl	HAL_GPIO_WritePin
 1322 0062 03B0     		add	sp, sp, #12
 1323              		@ sp needed
 1324 0064 BDE8F08F 		pop	{r4, r5, r6, r7, r8, r9, r10, fp, pc}
 1325              	.L147:
 1326              		.align	2
 1327              	.L146:
 1328 0068 00000240 		.word	1073872896
 1330              		.section	.text.ST7789V_DrawFilledTriangle,"ax",%progbits
 1331              		.align	1
 1332              		.global	ST7789V_DrawFilledTriangle
 1333              		.syntax unified
 1334              		.thumb
 1335              		.thumb_func
 1337              	ST7789V_DrawFilledTriangle:
 1338              		@ args = 12, pretend = 0, frame = 32
 1339              		@ frame_needed = 0, uses_anonymous_args = 0
 1340 0000 2DE9F04F 		push	{r4, r5, r6, r7, r8, r9, r10, fp, lr}
 1341 0004 8BB0     		sub	sp, sp, #44
 1342 0006 0746     		mov	r7, r0
 1343 0008 0D46     		mov	r5, r1
 1344 000a 9146     		mov	r9, r2
 1345 000c 9846     		mov	r8, r3
 1346 000e BDF85030 		ldrh	r3, [sp, #80]
 1347 0012 0593     		str	r3, [sp, #20]
 1348 0014 BDF85430 		ldrh	r3, [sp, #84]
 1349 0018 0693     		str	r3, [sp, #24]
 1350 001a BDF85830 		ldrh	r3, [sp, #88]
 1351 001e 0793     		str	r3, [sp, #28]
 1352 0020 0022     		movs	r2, #0
 1353 0022 0421     		movs	r1, #4
 1354 0024 3748     		ldr	r0, .L160
ARM GAS  /var/folders/lp/x54gwt890xv47sdkqj1k04q40000gn/T//cclXMziP.s 			page 24


 1355 0026 FFF7FEFF 		bl	HAL_GPIO_WritePin
 1356 002a A9EB070A 		sub	r10, r9, r7
 1357 002e BAF1000F 		cmp	r10, #0
 1358 0032 B8BF     		it	lt
 1359 0034 CAF1000A 		rsblt	r10, r10, #0
 1360 0038 0FFA8AFA 		sxth	r10, r10
 1361 003c A8EB0502 		sub	r2, r8, r5
 1362 0040 002A     		cmp	r2, #0
 1363 0042 B8BF     		it	lt
 1364 0044 5242     		rsblt	r2, r2, #0
 1365 0046 0FFA82FB 		sxth	fp, r2
 1366 004a 3CB2     		sxth	r4, r7
 1367 004c 2EB2     		sxth	r6, r5
 1368 004e B945     		cmp	r9, r7
 1369 0050 13D3     		bcc	.L156
 1370 0052 0123     		movs	r3, #1
 1371 0054 0893     		str	r3, [sp, #32]
 1372              	.L149:
 1373 0056 A845     		cmp	r8, r5
 1374 0058 13D3     		bcc	.L157
 1375 005a 0123     		movs	r3, #1
 1376 005c 0993     		str	r3, [sp, #36]
 1377              	.L150:
 1378 005e DA45     		cmp	r10, fp
 1379 0060 13DB     		blt	.L151
 1380 0062 0AEBDA78 		add	r8, r10, r10, lsr #31
 1381 0066 48F34F08 		sbfx	r8, r8, #1, #16
 1382 006a 089B     		ldr	r3, [sp, #32]
 1383 006c 0393     		str	r3, [sp, #12]
 1384 006e 0023     		movs	r3, #0
 1385 0070 0893     		str	r3, [sp, #32]
 1386 0072 0493     		str	r3, [sp, #16]
 1387              	.L152:
 1388 0074 4FF00009 		mov	r9, #0
 1389 0078 1EE0     		b	.L153
 1390              	.L156:
 1391 007a 4FF0FF33 		mov	r3, #-1
 1392 007e 0893     		str	r3, [sp, #32]
 1393 0080 E9E7     		b	.L149
 1394              	.L157:
 1395 0082 4FF0FF33 		mov	r3, #-1
 1396 0086 0993     		str	r3, [sp, #36]
 1397 0088 E9E7     		b	.L150
 1398              	.L151:
 1399 008a 0BEBDB78 		add	r8, fp, fp, lsr #31
 1400 008e 48F34F08 		sbfx	r8, r8, #1, #16
 1401 0092 5346     		mov	r3, r10
 1402 0094 DA46     		mov	r10, fp
 1403 0096 9B46     		mov	fp, r3
 1404 0098 099B     		ldr	r3, [sp, #36]
 1405 009a 0493     		str	r3, [sp, #16]
 1406 009c 0023     		movs	r3, #0
 1407 009e 0993     		str	r3, [sp, #36]
 1408 00a0 0393     		str	r3, [sp, #12]
 1409 00a2 E7E7     		b	.L152
 1410              	.L154:
 1411 00a4 039B     		ldr	r3, [sp, #12]
ARM GAS  /var/folders/lp/x54gwt890xv47sdkqj1k04q40000gn/T//cclXMziP.s 			page 25


 1412 00a6 1C44     		add	r4, r4, r3
 1413 00a8 24B2     		sxth	r4, r4
 1414 00aa 049B     		ldr	r3, [sp, #16]
 1415 00ac 1E44     		add	r6, r6, r3
 1416 00ae 36B2     		sxth	r6, r6
 1417 00b0 09F10109 		add	r9, r9, #1
 1418 00b4 0FFA89F9 		sxth	r9, r9
 1419              	.L153:
 1420 00b8 CA45     		cmp	r10, r9
 1421 00ba 1BDB     		blt	.L159
 1422 00bc A7B2     		uxth	r7, r4
 1423 00be B5B2     		uxth	r5, r6
 1424 00c0 079B     		ldr	r3, [sp, #28]
 1425 00c2 0093     		str	r3, [sp]
 1426 00c4 069B     		ldr	r3, [sp, #24]
 1427 00c6 059A     		ldr	r2, [sp, #20]
 1428 00c8 2946     		mov	r1, r5
 1429 00ca 3846     		mov	r0, r7
 1430 00cc FFF7FEFF 		bl	ST7789V_DrawLine
 1431 00d0 D844     		add	r8, r8, fp
 1432 00d2 1FFA88F3 		uxth	r3, r8
 1433 00d6 0FFA88F8 		sxth	r8, r8
 1434 00da C245     		cmp	r10, r8
 1435 00dc E2DC     		bgt	.L154
 1436 00de A3EB0A03 		sub	r3, r3, r10
 1437 00e2 0FFA83F8 		sxth	r8, r3
 1438 00e6 089B     		ldr	r3, [sp, #32]
 1439 00e8 1F44     		add	r7, r7, r3
 1440 00ea 3CB2     		sxth	r4, r7
 1441 00ec 099B     		ldr	r3, [sp, #36]
 1442 00ee 1D44     		add	r5, r5, r3
 1443 00f0 2EB2     		sxth	r6, r5
 1444 00f2 D7E7     		b	.L154
 1445              	.L159:
 1446 00f4 0122     		movs	r2, #1
 1447 00f6 0421     		movs	r1, #4
 1448 00f8 0248     		ldr	r0, .L160
 1449 00fa FFF7FEFF 		bl	HAL_GPIO_WritePin
 1450 00fe 0BB0     		add	sp, sp, #44
 1451              		@ sp needed
 1452 0100 BDE8F08F 		pop	{r4, r5, r6, r7, r8, r9, r10, fp, pc}
 1453              	.L161:
 1454              		.align	2
 1455              	.L160:
 1456 0104 00000240 		.word	1073872896
 1458              		.section	.text.ST7789V_DrawFilledCircle,"ax",%progbits
 1459              		.align	1
 1460              		.global	ST7789V_DrawFilledCircle
 1461              		.syntax unified
 1462              		.thumb
 1463              		.thumb_func
 1465              	ST7789V_DrawFilledCircle:
 1466              		@ args = 0, pretend = 0, frame = 16
 1467              		@ frame_needed = 0, uses_anonymous_args = 0
 1468 0000 2DE9F04F 		push	{r4, r5, r6, r7, r8, r9, r10, fp, lr}
 1469 0004 87B0     		sub	sp, sp, #28
 1470 0006 8046     		mov	r8, r0
ARM GAS  /var/folders/lp/x54gwt890xv47sdkqj1k04q40000gn/T//cclXMziP.s 			page 26


 1471 0008 0F46     		mov	r7, r1
 1472 000a 1446     		mov	r4, r2
 1473 000c 0292     		str	r2, [sp, #8]
 1474 000e 9B46     		mov	fp, r3
 1475 0010 0022     		movs	r2, #0
 1476 0012 0421     		movs	r1, #4
 1477 0014 4948     		ldr	r0, .L169
 1478 0016 FFF7FEFF 		bl	HAL_GPIO_WritePin
 1479 001a A5B2     		uxth	r5, r4
 1480 001c C5F10104 		rsb	r4, r5, #1
 1481 0020 24B2     		sxth	r4, r4
 1482 0022 C5EBC533 		rsb	r3, r5, r5, lsl #15
 1483 0026 5B00     		lsls	r3, r3, #1
 1484 0028 1BB2     		sxth	r3, r3
 1485 002a 0593     		str	r3, [sp, #20]
 1486 002c 1FFA88F8 		uxth	r8, r8
 1487 0030 BFB2     		uxth	r7, r7
 1488 0032 E919     		adds	r1, r5, r7
 1489 0034 5A46     		mov	r2, fp
 1490 0036 89B2     		uxth	r1, r1
 1491 0038 4046     		mov	r0, r8
 1492 003a FFF7FEFF 		bl	ST7789V_DrawPixel
 1493 003e 791B     		subs	r1, r7, r5
 1494 0040 5A46     		mov	r2, fp
 1495 0042 89B2     		uxth	r1, r1
 1496 0044 4046     		mov	r0, r8
 1497 0046 FFF7FEFF 		bl	ST7789V_DrawPixel
 1498 004a 05EB0806 		add	r6, r5, r8
 1499 004e B6B2     		uxth	r6, r6
 1500 0050 5A46     		mov	r2, fp
 1501 0052 3946     		mov	r1, r7
 1502 0054 3046     		mov	r0, r6
 1503 0056 FFF7FEFF 		bl	ST7789V_DrawPixel
 1504 005a A8EB0505 		sub	r5, r8, r5
 1505 005e ADB2     		uxth	r5, r5
 1506 0060 5A46     		mov	r2, fp
 1507 0062 3946     		mov	r1, r7
 1508 0064 2846     		mov	r0, r5
 1509 0066 FFF7FEFF 		bl	ST7789V_DrawPixel
 1510 006a CDF800B0 		str	fp, [sp]
 1511 006e 3B46     		mov	r3, r7
 1512 0070 3246     		mov	r2, r6
 1513 0072 3946     		mov	r1, r7
 1514 0074 2846     		mov	r0, r5
 1515 0076 FFF7FEFF 		bl	ST7789V_DrawLine
 1516 007a 0023     		movs	r3, #0
 1517 007c 0393     		str	r3, [sp, #12]
 1518 007e 0123     		movs	r3, #1
 1519 0080 0493     		str	r3, [sp, #16]
 1520 0082 4BE0     		b	.L163
 1521              	.L168:
 1522 0084 029B     		ldr	r3, [sp, #8]
 1523 0086 013B     		subs	r3, r3, #1
 1524 0088 1BB2     		sxth	r3, r3
 1525 008a 0293     		str	r3, [sp, #8]
 1526 008c 059B     		ldr	r3, [sp, #20]
 1527 008e 0233     		adds	r3, r3, #2
ARM GAS  /var/folders/lp/x54gwt890xv47sdkqj1k04q40000gn/T//cclXMziP.s 			page 27


 1528 0090 1AB2     		sxth	r2, r3
 1529 0092 0592     		str	r2, [sp, #20]
 1530 0094 14FA83F3 		uxtah	r3, r4, r3
 1531 0098 1CB2     		sxth	r4, r3
 1532              	.L164:
 1533 009a 039B     		ldr	r3, [sp, #12]
 1534 009c 0133     		adds	r3, r3, #1
 1535 009e 9DB2     		uxth	r5, r3
 1536 00a0 1BB2     		sxth	r3, r3
 1537 00a2 0393     		str	r3, [sp, #12]
 1538 00a4 049B     		ldr	r3, [sp, #16]
 1539 00a6 0233     		adds	r3, r3, #2
 1540 00a8 1AB2     		sxth	r2, r3
 1541 00aa 0492     		str	r2, [sp, #16]
 1542 00ac 14FA83F3 		uxtah	r3, r4, r3
 1543 00b0 1CB2     		sxth	r4, r3
 1544 00b2 A8EB050A 		sub	r10, r8, r5
 1545 00b6 1FFA8AFA 		uxth	r10, r10
 1546 00ba BDF80860 		ldrh	r6, [sp, #8]
 1547 00be B919     		adds	r1, r7, r6
 1548 00c0 89B2     		uxth	r1, r1
 1549 00c2 08EB0509 		add	r9, r8, r5
 1550 00c6 1FFA89F9 		uxth	r9, r9
 1551 00ca CDF800B0 		str	fp, [sp]
 1552 00ce 0B46     		mov	r3, r1
 1553 00d0 4A46     		mov	r2, r9
 1554 00d2 5046     		mov	r0, r10
 1555 00d4 FFF7FEFF 		bl	ST7789V_DrawLine
 1556 00d8 B91B     		subs	r1, r7, r6
 1557 00da 89B2     		uxth	r1, r1
 1558 00dc CDF800B0 		str	fp, [sp]
 1559 00e0 0B46     		mov	r3, r1
 1560 00e2 5246     		mov	r2, r10
 1561 00e4 4846     		mov	r0, r9
 1562 00e6 FFF7FEFF 		bl	ST7789V_DrawLine
 1563 00ea 08EB0609 		add	r9, r8, r6
 1564 00ee 1FFA89F9 		uxth	r9, r9
 1565 00f2 7919     		adds	r1, r7, r5
 1566 00f4 89B2     		uxth	r1, r1
 1567 00f6 A8EB0606 		sub	r6, r8, r6
 1568 00fa B6B2     		uxth	r6, r6
 1569 00fc CDF800B0 		str	fp, [sp]
 1570 0100 0B46     		mov	r3, r1
 1571 0102 3246     		mov	r2, r6
 1572 0104 4846     		mov	r0, r9
 1573 0106 FFF7FEFF 		bl	ST7789V_DrawLine
 1574 010a 791B     		subs	r1, r7, r5
 1575 010c 89B2     		uxth	r1, r1
 1576 010e CDF800B0 		str	fp, [sp]
 1577 0112 0B46     		mov	r3, r1
 1578 0114 3246     		mov	r2, r6
 1579 0116 4846     		mov	r0, r9
 1580 0118 FFF7FEFF 		bl	ST7789V_DrawLine
 1581              	.L163:
 1582 011c 039B     		ldr	r3, [sp, #12]
 1583 011e 029A     		ldr	r2, [sp, #8]
 1584 0120 9342     		cmp	r3, r2
ARM GAS  /var/folders/lp/x54gwt890xv47sdkqj1k04q40000gn/T//cclXMziP.s 			page 28


 1585 0122 02DA     		bge	.L167
 1586 0124 002C     		cmp	r4, #0
 1587 0126 ADDA     		bge	.L168
 1588 0128 B7E7     		b	.L164
 1589              	.L167:
 1590 012a 0122     		movs	r2, #1
 1591 012c 0421     		movs	r1, #4
 1592 012e 0348     		ldr	r0, .L169
 1593 0130 FFF7FEFF 		bl	HAL_GPIO_WritePin
 1594 0134 07B0     		add	sp, sp, #28
 1595              		@ sp needed
 1596 0136 BDE8F08F 		pop	{r4, r5, r6, r7, r8, r9, r10, fp, pc}
 1597              	.L170:
 1598 013a 00BF     		.align	2
 1599              	.L169:
 1600 013c 00000240 		.word	1073872896
 1602              		.section	.text.ST7789V_TearEffect,"ax",%progbits
 1603              		.align	1
 1604              		.global	ST7789V_TearEffect
 1605              		.syntax unified
 1606              		.thumb
 1607              		.thumb_func
 1609              	ST7789V_TearEffect:
 1610              		@ args = 0, pretend = 0, frame = 0
 1611              		@ frame_needed = 0, uses_anonymous_args = 0
 1612 0000 10B5     		push	{r4, lr}
 1613 0002 0446     		mov	r4, r0
 1614 0004 0022     		movs	r2, #0
 1615 0006 0421     		movs	r1, #4
 1616 0008 0748     		ldr	r0, .L175
 1617 000a FFF7FEFF 		bl	HAL_GPIO_WritePin
 1618 000e 44B1     		cbz	r4, .L173
 1619 0010 3520     		movs	r0, #53
 1620              	.L172:
 1621 0012 FFF7FEFF 		bl	ST7789V_WriteCommand
 1622 0016 0122     		movs	r2, #1
 1623 0018 0421     		movs	r1, #4
 1624 001a 0348     		ldr	r0, .L175
 1625 001c FFF7FEFF 		bl	HAL_GPIO_WritePin
 1626 0020 10BD     		pop	{r4, pc}
 1627              	.L173:
 1628 0022 3420     		movs	r0, #52
 1629 0024 F5E7     		b	.L172
 1630              	.L176:
 1631 0026 00BF     		.align	2
 1632              	.L175:
 1633 0028 00000240 		.word	1073872896
 1635              		.section	.rodata.ST7789V_Test.str1.4,"aMS",%progbits,1
 1636              		.align	2
 1637              	.LC0:
 1638 0000 53706565 		.ascii	"Speed Test\000"
 1638      64205465 
 1638      737400
 1639 000b 00       		.align	2
 1640              	.LC1:
 1641 000c 466F6E74 		.ascii	"Font test.\000"
 1641      20746573 
ARM GAS  /var/folders/lp/x54gwt890xv47sdkqj1k04q40000gn/T//cclXMziP.s 			page 29


 1641      742E00
 1642 0017 00       		.align	2
 1643              	.LC2:
 1644 0018 48656C6C 		.ascii	"Hello Steve!\000"
 1644      6F205374 
 1644      65766521 
 1644      00
 1645 0025 000000   		.align	2
 1646              	.LC3:
 1647 0028 52656374 		.ascii	"Rect./Line.\000"
 1647      2E2F4C69 
 1647      6E652E00 
 1648              		.align	2
 1649              	.LC4:
 1650 0034 46696C6C 		.ascii	"Filled Rect.\000"
 1650      65642052 
 1650      6563742E 
 1650      00
 1651 0041 000000   		.align	2
 1652              	.LC5:
 1653 0044 43697263 		.ascii	"Circle.\000"
 1653      6C652E00 
 1654              		.align	2
 1655              	.LC6:
 1656 004c 46696C6C 		.ascii	"Filled Cir.\000"
 1656      65642043 
 1656      69722E00 
 1657              		.align	2
 1658              	.LC7:
 1659 0058 54726961 		.ascii	"Triangle\000"
 1659      6E676C65 
 1659      00
 1660 0061 000000   		.align	2
 1661              	.LC8:
 1662 0064 46696C6C 		.ascii	"Filled Tri\000"
 1662      65642054 
 1662      726900
 1663              		.section	.text.ST7789V_Test,"ax",%progbits
 1664              		.align	1
 1665              		.global	ST7789V_Test
 1666              		.syntax unified
 1667              		.thumb
 1668              		.thumb_func
 1670              	ST7789V_Test:
 1671              		@ args = 0, pretend = 0, frame = 0
 1672              		@ frame_needed = 0, uses_anonymous_args = 0
 1673 0000 2DE9F047 		push	{r4, r5, r6, r7, r8, r9, r10, lr}
 1674 0004 84B0     		sub	sp, sp, #16
 1675 0006 0320     		movs	r0, #3
 1676 0008 FFF7FEFF 		bl	ST7789V_SetRotation
 1677 000c 4FF6FF70 		movw	r0, #65535
 1678 0010 FFF7FEFF 		bl	ST7789V_Fill_Color
 1679 0014 4FF47A70 		mov	r0, #1000
 1680 0018 FFF7FEFF 		bl	HAL_Delay
 1681 001c AC4C     		ldr	r4, .L179
 1682 001e 4FF6FF75 		movw	r5, #65535
 1683 0022 0295     		str	r5, [sp, #8]
ARM GAS  /var/folders/lp/x54gwt890xv47sdkqj1k04q40000gn/T//cclXMziP.s 			page 30


 1684 0024 4FF47847 		mov	r7, #63488
 1685 0028 0197     		str	r7, [sp, #4]
 1686 002a 6368     		ldr	r3, [r4, #4]
 1687 002c 0093     		str	r3, [sp]
 1688 002e 2368     		ldr	r3, [r4]
 1689 0030 A84A     		ldr	r2, .L179+4
 1690 0032 1421     		movs	r1, #20
 1691 0034 0A20     		movs	r0, #10
 1692 0036 FFF7FEFF 		bl	ST7789V_WriteString
 1693 003a 4FF47A70 		mov	r0, #1000
 1694 003e FFF7FEFF 		bl	HAL_Delay
 1695 0042 47F6FF70 		movw	r0, #32767
 1696 0046 FFF7FEFF 		bl	ST7789V_Fill_Color
 1697 004a 4FF4FA70 		mov	r0, #500
 1698 004e FFF7FEFF 		bl	HAL_Delay
 1699 0052 3846     		mov	r0, r7
 1700 0054 FFF7FEFF 		bl	ST7789V_Fill_Color
 1701 0058 4FF4FA70 		mov	r0, #500
 1702 005c FFF7FEFF 		bl	HAL_Delay
 1703 0060 1F20     		movs	r0, #31
 1704 0062 FFF7FEFF 		bl	ST7789V_Fill_Color
 1705 0066 4FF4FA70 		mov	r0, #500
 1706 006a FFF7FEFF 		bl	HAL_Delay
 1707 006e 4FF4FC60 		mov	r0, #2016
 1708 0072 FFF7FEFF 		bl	ST7789V_Fill_Color
 1709 0076 4FF4FA70 		mov	r0, #500
 1710 007a FFF7FEFF 		bl	HAL_Delay
 1711 007e 4FF6E070 		movw	r0, #65504
 1712 0082 FFF7FEFF 		bl	ST7789V_Fill_Color
 1713 0086 4FF4FA70 		mov	r0, #500
 1714 008a FFF7FEFF 		bl	HAL_Delay
 1715 008e 4BF64040 		movw	r0, #48192
 1716 0092 FFF7FEFF 		bl	ST7789V_Fill_Color
 1717 0096 4FF4FA70 		mov	r0, #500
 1718 009a FFF7FEFF 		bl	HAL_Delay
 1719 009e 40F2CF10 		movw	r0, #463
 1720 00a2 FFF7FEFF 		bl	ST7789V_Fill_Color
 1721 00a6 4FF4FA70 		mov	r0, #500
 1722 00aa FFF7FEFF 		bl	HAL_Delay
 1723 00ae 4FF61F00 		movw	r0, #63519
 1724 00b2 FFF7FEFF 		bl	ST7789V_Fill_Color
 1725 00b6 4FF4FA70 		mov	r0, #500
 1726 00ba FFF7FEFF 		bl	HAL_Delay
 1727 00be 48F21F40 		movw	r0, #33823
 1728 00c2 FFF7FEFF 		bl	ST7789V_Fill_Color
 1729 00c6 4FF4FA70 		mov	r0, #500
 1730 00ca FFF7FEFF 		bl	HAL_Delay
 1731 00ce 4CF21860 		movw	r0, #50712
 1732 00d2 FFF7FEFF 		bl	ST7789V_Fill_Color
 1733 00d6 4FF4FA70 		mov	r0, #500
 1734 00da FFF7FEFF 		bl	HAL_Delay
 1735 00de 42F61230 		movw	r0, #11026
 1736 00e2 FFF7FEFF 		bl	ST7789V_Fill_Color
 1737 00e6 4FF4FA70 		mov	r0, #500
 1738 00ea FFF7FEFF 		bl	HAL_Delay
 1739 00ee 2846     		mov	r0, r5
 1740 00f0 FFF7FEFF 		bl	ST7789V_Fill_Color
ARM GAS  /var/folders/lp/x54gwt890xv47sdkqj1k04q40000gn/T//cclXMziP.s 			page 31


 1741 00f4 4FF4FA70 		mov	r0, #500
 1742 00f8 FFF7FEFF 		bl	HAL_Delay
 1743 00fc 764E     		ldr	r6, .L179+8
 1744 00fe 0295     		str	r5, [sp, #8]
 1745 0100 40F2FF73 		movw	r3, #2047
 1746 0104 0193     		str	r3, [sp, #4]
 1747 0106 7368     		ldr	r3, [r6, #4]
 1748 0108 0093     		str	r3, [sp]
 1749 010a 3368     		ldr	r3, [r6]
 1750 010c 734A     		ldr	r2, .L179+12
 1751 010e 0A21     		movs	r1, #10
 1752 0110 0846     		mov	r0, r1
 1753 0112 FFF7FEFF 		bl	ST7789V_WriteString
 1754 0116 724B     		ldr	r3, .L179+16
 1755 0118 DFF8E491 		ldr	r9, .L179+48
 1756 011c 0295     		str	r5, [sp, #8]
 1757 011e 0197     		str	r7, [sp, #4]
 1758 0120 5A68     		ldr	r2, [r3, #4]
 1759 0122 0092     		str	r2, [sp]
 1760 0124 1B68     		ldr	r3, [r3]
 1761 0126 4A46     		mov	r2, r9
 1762 0128 3221     		movs	r1, #50
 1763 012a 0A20     		movs	r0, #10
 1764 012c FFF7FEFF 		bl	ST7789V_WriteString
 1765 0130 0295     		str	r5, [sp, #8]
 1766 0132 4FF6E078 		movw	r8, #65504
 1767 0136 CDF80480 		str	r8, [sp, #4]
 1768 013a 6368     		ldr	r3, [r4, #4]
 1769 013c 0093     		str	r3, [sp]
 1770 013e 2368     		ldr	r3, [r4]
 1771 0140 4A46     		mov	r2, r9
 1772 0142 4B21     		movs	r1, #75
 1773 0144 0A20     		movs	r0, #10
 1774 0146 FFF7FEFF 		bl	ST7789V_WriteString
 1775 014a 0295     		str	r5, [sp, #8]
 1776 014c 4FF61F03 		movw	r3, #63519
 1777 0150 0193     		str	r3, [sp, #4]
 1778 0152 7368     		ldr	r3, [r6, #4]
 1779 0154 0093     		str	r3, [sp]
 1780 0156 3368     		ldr	r3, [r6]
 1781 0158 4A46     		mov	r2, r9
 1782 015a 6421     		movs	r1, #100
 1783 015c 0A20     		movs	r0, #10
 1784 015e FFF7FEFF 		bl	ST7789V_WriteString
 1785 0162 4FF47A70 		mov	r0, #1000
 1786 0166 FFF7FEFF 		bl	HAL_Delay
 1787 016a 1F20     		movs	r0, #31
 1788 016c FFF7FEFF 		bl	ST7789V_Fill_Color
 1789 0170 0026     		movs	r6, #0
 1790 0172 0296     		str	r6, [sp, #8]
 1791 0174 CDF80480 		str	r8, [sp, #4]
 1792 0178 6368     		ldr	r3, [r4, #4]
 1793 017a 0093     		str	r3, [sp]
 1794 017c 2368     		ldr	r3, [r4]
 1795 017e 594A     		ldr	r2, .L179+20
 1796 0180 0A21     		movs	r1, #10
 1797 0182 0846     		mov	r0, r1
ARM GAS  /var/folders/lp/x54gwt890xv47sdkqj1k04q40000gn/T//cclXMziP.s 			page 32


 1798 0184 FFF7FEFF 		bl	ST7789V_WriteString
 1799 0188 0095     		str	r5, [sp]
 1800 018a 6423     		movs	r3, #100
 1801 018c 1A46     		mov	r2, r3
 1802 018e 1E21     		movs	r1, #30
 1803 0190 0846     		mov	r0, r1
 1804 0192 FFF7FEFF 		bl	ST7789V_DrawRectangle
 1805 0196 4FF47A70 		mov	r0, #1000
 1806 019a FFF7FEFF 		bl	HAL_Delay
 1807 019e 3846     		mov	r0, r7
 1808 01a0 FFF7FEFF 		bl	ST7789V_Fill_Color
 1809 01a4 0296     		str	r6, [sp, #8]
 1810 01a6 CDF80480 		str	r8, [sp, #4]
 1811 01aa 6368     		ldr	r3, [r4, #4]
 1812 01ac 0093     		str	r3, [sp]
 1813 01ae 2368     		ldr	r3, [r4]
 1814 01b0 4D4A     		ldr	r2, .L179+24
 1815 01b2 0A21     		movs	r1, #10
 1816 01b4 0846     		mov	r0, r1
 1817 01b6 FFF7FEFF 		bl	ST7789V_WriteString
 1818 01ba 0095     		str	r5, [sp]
 1819 01bc 3223     		movs	r3, #50
 1820 01be 1A46     		mov	r2, r3
 1821 01c0 1E21     		movs	r1, #30
 1822 01c2 0846     		mov	r0, r1
 1823 01c4 FFF7FEFF 		bl	ST7789V_DrawFilledRectangle
 1824 01c8 4FF47A70 		mov	r0, #1000
 1825 01cc FFF7FEFF 		bl	HAL_Delay
 1826 01d0 3846     		mov	r0, r7
 1827 01d2 FFF7FEFF 		bl	ST7789V_Fill_Color
 1828 01d6 0296     		str	r6, [sp, #8]
 1829 01d8 CDF80480 		str	r8, [sp, #4]
 1830 01dc 6368     		ldr	r3, [r4, #4]
 1831 01de 0093     		str	r3, [sp]
 1832 01e0 2368     		ldr	r3, [r4]
 1833 01e2 424A     		ldr	r2, .L179+28
 1834 01e4 0A21     		movs	r1, #10
 1835 01e6 0846     		mov	r0, r1
 1836 01e8 FFF7FEFF 		bl	ST7789V_WriteString
 1837 01ec 2B46     		mov	r3, r5
 1838 01ee 1922     		movs	r2, #25
 1839 01f0 3C21     		movs	r1, #60
 1840 01f2 0846     		mov	r0, r1
 1841 01f4 FFF7FEFF 		bl	ST7789V_DrawCircle
 1842 01f8 4FF47A70 		mov	r0, #1000
 1843 01fc FFF7FEFF 		bl	HAL_Delay
 1844 0200 3846     		mov	r0, r7
 1845 0202 FFF7FEFF 		bl	ST7789V_Fill_Color
 1846 0206 0296     		str	r6, [sp, #8]
 1847 0208 CDF80480 		str	r8, [sp, #4]
 1848 020c 6368     		ldr	r3, [r4, #4]
 1849 020e 0093     		str	r3, [sp]
 1850 0210 2368     		ldr	r3, [r4]
 1851 0212 374A     		ldr	r2, .L179+32
 1852 0214 0A21     		movs	r1, #10
 1853 0216 0846     		mov	r0, r1
 1854 0218 FFF7FEFF 		bl	ST7789V_WriteString
ARM GAS  /var/folders/lp/x54gwt890xv47sdkqj1k04q40000gn/T//cclXMziP.s 			page 33


 1855 021c 2B46     		mov	r3, r5
 1856 021e 1922     		movs	r2, #25
 1857 0220 3C21     		movs	r1, #60
 1858 0222 0846     		mov	r0, r1
 1859 0224 FFF7FEFF 		bl	ST7789V_DrawFilledCircle
 1860 0228 4FF47A70 		mov	r0, #1000
 1861 022c FFF7FEFF 		bl	HAL_Delay
 1862 0230 3846     		mov	r0, r7
 1863 0232 FFF7FEFF 		bl	ST7789V_Fill_Color
 1864 0236 0296     		str	r6, [sp, #8]
 1865 0238 CDF80480 		str	r8, [sp, #4]
 1866 023c 6368     		ldr	r3, [r4, #4]
 1867 023e 0093     		str	r3, [sp]
 1868 0240 2368     		ldr	r3, [r4]
 1869 0242 2C4A     		ldr	r2, .L179+36
 1870 0244 0A21     		movs	r1, #10
 1871 0246 0846     		mov	r0, r1
 1872 0248 FFF7FEFF 		bl	ST7789V_WriteString
 1873 024c 0295     		str	r5, [sp, #8]
 1874 024e 4FF0280A 		mov	r10, #40
 1875 0252 CDF804A0 		str	r10, [sp, #4]
 1876 0256 4FF03C09 		mov	r9, #60
 1877 025a CDF80090 		str	r9, [sp]
 1878 025e 4623     		movs	r3, #70
 1879 0260 1E22     		movs	r2, #30
 1880 0262 1146     		mov	r1, r2
 1881 0264 1046     		mov	r0, r2
 1882 0266 FFF7FEFF 		bl	ST7789V_DrawTriangle
 1883 026a 4FF47A70 		mov	r0, #1000
 1884 026e FFF7FEFF 		bl	HAL_Delay
 1885 0272 3846     		mov	r0, r7
 1886 0274 FFF7FEFF 		bl	ST7789V_Fill_Color
 1887 0278 0296     		str	r6, [sp, #8]
 1888 027a CDF80480 		str	r8, [sp, #4]
 1889 027e 6368     		ldr	r3, [r4, #4]
 1890 0280 0093     		str	r3, [sp]
 1891 0282 2368     		ldr	r3, [r4]
 1892 0284 1C4A     		ldr	r2, .L179+40
 1893 0286 0A21     		movs	r1, #10
 1894 0288 0846     		mov	r0, r1
 1895 028a FFF7FEFF 		bl	ST7789V_WriteString
 1896 028e 0295     		str	r5, [sp, #8]
 1897 0290 CDF804A0 		str	r10, [sp, #4]
 1898 0294 CDF80090 		str	r9, [sp]
 1899 0298 4623     		movs	r3, #70
 1900 029a 1E22     		movs	r2, #30
 1901 029c 1146     		mov	r1, r2
 1902 029e 1046     		mov	r0, r2
 1903 02a0 FFF7FEFF 		bl	ST7789V_DrawFilledTriangle
 1904 02a4 4FF47A70 		mov	r0, #1000
 1905 02a8 FFF7FEFF 		bl	HAL_Delay
 1906 02ac 3046     		mov	r0, r6
 1907 02ae FFF7FEFF 		bl	ST7789V_Fill_Color
 1908 02b2 124B     		ldr	r3, .L179+44
 1909 02b4 0093     		str	r3, [sp]
 1910 02b6 8023     		movs	r3, #128
 1911 02b8 1A46     		mov	r2, r3
ARM GAS  /var/folders/lp/x54gwt890xv47sdkqj1k04q40000gn/T//cclXMziP.s 			page 34


 1912 02ba 3146     		mov	r1, r6
 1913 02bc 3046     		mov	r0, r6
 1914 02be FFF7FEFF 		bl	ST7789V_DrawImage
 1915 02c2 40F6B830 		movw	r0, #3000
 1916 02c6 FFF7FEFF 		bl	HAL_Delay
 1917 02ca 04B0     		add	sp, sp, #16
 1918              		@ sp needed
 1919 02cc BDE8F087 		pop	{r4, r5, r6, r7, r8, r9, r10, pc}
 1920              	.L180:
 1921              		.align	2
 1922              	.L179:
 1923 02d0 00000000 		.word	Font_11x18
 1924 02d4 00000000 		.word	.LC0
 1925 02d8 00000000 		.word	Font_16x26
 1926 02dc 0C000000 		.word	.LC1
 1927 02e0 00000000 		.word	Font_7x10
 1928 02e4 28000000 		.word	.LC3
 1929 02e8 34000000 		.word	.LC4
 1930 02ec 44000000 		.word	.LC5
 1931 02f0 4C000000 		.word	.LC6
 1932 02f4 58000000 		.word	.LC7
 1933 02f8 64000000 		.word	.LC8
 1934 02fc 00000000 		.word	saber
 1935 0300 18000000 		.word	.LC2
 1937              		.global	__aeabi_f2d
 1938              		.global	__aeabi_dadd
 1939              		.global	__aeabi_d2f
 1940              		.section	.text.ST7789V_Test2,"ax",%progbits
 1941              		.align	1
 1942              		.global	ST7789V_Test2
 1943              		.syntax unified
 1944              		.thumb
 1945              		.thumb_func
 1947              	ST7789V_Test2:
 1948              		@ args = 0, pretend = 0, frame = 0
 1949              		@ frame_needed = 0, uses_anonymous_args = 0
 1950 0000 38B5     		push	{r3, r4, r5, lr}
 1951 0002 2DED028B 		vpush.64	{d8}
 1952 0006 0320     		movs	r0, #3
 1953 0008 FFF7FEFF 		bl	ST7789V_SetRotation
 1954 000c 0020     		movs	r0, #0
 1955 000e FFF7FEFF 		bl	ST7789V_Fill_Color
 1956 0012 2824     		movs	r4, #40
 1957 0014 2546     		mov	r5, r4
 1958 0016 9FED2A8A 		vldr.32	s16, .L194+16
 1959 001a F0EE488A 		vmov.f32	s17, s16
 1960 001e 0CE0     		b	.L186
 1961              	.L191:
 1962 0020 23A3     		adr	r3, .L194
 1963 0022 D3E90023 		ldrd	r2, [r3]
 1964 0026 2DE0     		b	.L182
 1965              	.L192:
 1966 0028 21A3     		adr	r3, .L194
 1967 002a D3E90023 		ldrd	r2, [r3]
 1968              	.L184:
 1969 002e FFF7FEFF 		bl	__aeabi_dadd
 1970 0032 FFF7FEFF 		bl	__aeabi_d2f
ARM GAS  /var/folders/lp/x54gwt890xv47sdkqj1k04q40000gn/T//cclXMziP.s 			page 35


 1971 0036 08EE100A 		vmov	s16, r0
 1972              	.L186:
 1973 003a 0023     		movs	r3, #0
 1974 003c 0A22     		movs	r2, #10
 1975 003e 2146     		mov	r1, r4
 1976 0040 2846     		mov	r0, r5
 1977 0042 FFF7FEFF 		bl	ST7789V_DrawCircle
 1978 0046 FCEEE87A 		vcvt.u32.f32	s15, s17
 1979 004a 17EE903A 		vmov	r3, s15	@ int
 1980 004e 9DB2     		uxth	r5, r3
 1981 0050 FCEEC87A 		vcvt.u32.f32	s15, s16
 1982 0054 17EE903A 		vmov	r3, s15	@ int
 1983 0058 9CB2     		uxth	r4, r3
 1984 005a 4FF6FF73 		movw	r3, #65535
 1985 005e 0A22     		movs	r2, #10
 1986 0060 2146     		mov	r1, r4
 1987 0062 2846     		mov	r0, r5
 1988 0064 FFF7FEFF 		bl	ST7789V_DrawCircle
 1989 0068 18EE900A 		vmov	r0, s17
 1990 006c FFF7FEFF 		bl	__aeabi_f2d
 1991 0070 DFED147A 		vldr.32	s15, .L194+20
 1992 0074 B4EEE78A 		vcmpe.f32	s16, s15
 1993 0078 F1EE10FA 		vmrs	APSR_nzcv, FPSCR
 1994 007c D0D5     		bpl	.L191
 1995 007e 0EA3     		adr	r3, .L194+8
 1996 0080 D3E90023 		ldrd	r2, [r3]
 1997              	.L182:
 1998 0084 FFF7FEFF 		bl	__aeabi_dadd
 1999 0088 FFF7FEFF 		bl	__aeabi_d2f
 2000 008c 08EE900A 		vmov	s17, r0
 2001 0090 18EE100A 		vmov	r0, s16
 2002 0094 FFF7FEFF 		bl	__aeabi_f2d
 2003 0098 DFED0B7A 		vldr.32	s15, .L194+24
 2004 009c F4EEE78A 		vcmpe.f32	s17, s15
 2005 00a0 F1EE10FA 		vmrs	APSR_nzcv, FPSCR
 2006 00a4 C0D5     		bpl	.L192
 2007 00a6 04A3     		adr	r3, .L194+8
 2008 00a8 D3E90023 		ldrd	r2, [r3]
 2009 00ac BFE7     		b	.L184
 2010              	.L195:
 2011 00ae 00BF     		.align	3
 2012              	.L194:
 2013 00b0 9A999999 		.word	-1717986918
 2014 00b4 9999C9BF 		.word	-1077306983
 2015 00b8 9A999999 		.word	-1717986918
 2016 00bc 9999C93F 		.word	1070176665
 2017 00c0 00002042 		.word	1109393408
 2018 00c4 0000A043 		.word	1134559232
 2019 00c8 00007043 		.word	1131413504
 2021              		.section	.text.ST7789V_Send_Data_DMA,"ax",%progbits
 2022              		.align	1
 2023              		.global	ST7789V_Send_Data_DMA
 2024              		.syntax unified
 2025              		.thumb
 2026              		.thumb_func
 2028              	ST7789V_Send_Data_DMA:
 2029              		@ args = 4, pretend = 0, frame = 0
ARM GAS  /var/folders/lp/x54gwt890xv47sdkqj1k04q40000gn/T//cclXMziP.s 			page 36


 2030              		@ frame_needed = 0, uses_anonymous_args = 0
 2031 0000 F8B5     		push	{r3, r4, r5, r6, r7, lr}
 2032 0002 0746     		mov	r7, r0
 2033 0004 0E46     		mov	r6, r1
 2034 0006 1446     		mov	r4, r2
 2035 0008 1D46     		mov	r5, r3
 2036 000a FFF7FEFF 		bl	ST7789V_SetAddressWindow
 2037 000e 0122     		movs	r2, #1
 2038 0010 0221     		movs	r1, #2
 2039 0012 0748     		ldr	r0, .L198
 2040 0014 FFF7FEFF 		bl	HAL_GPIO_WritePin
 2041 0018 E11B     		subs	r1, r4, r7
 2042 001a 0131     		adds	r1, r1, #1
 2043 001c AD1B     		subs	r5, r5, r6
 2044 001e 0135     		adds	r5, r5, #1
 2045 0020 11FB05F1 		smulbb	r1, r1, r5
 2046 0024 4900     		lsls	r1, r1, #1
 2047 0026 89B2     		uxth	r1, r1
 2048 0028 0698     		ldr	r0, [sp, #24]
 2049 002a FFF7FEFF 		bl	ST7789V_SPI_Send_DMA
 2050 002e F8BD     		pop	{r3, r4, r5, r6, r7, pc}
 2051              	.L199:
 2052              		.align	2
 2053              	.L198:
 2054 0030 00000240 		.word	1073872896
 2056              		.ident	"GCC: (xPack GNU Arm Embedded GCC arm64) 13.3.1 20240614"
ARM GAS  /var/folders/lp/x54gwt890xv47sdkqj1k04q40000gn/T//cclXMziP.s 			page 37


DEFINED SYMBOLS
                            *ABS*:00000000 st7789v.c
/var/folders/lp/x54gwt890xv47sdkqj1k04q40000gn/T//cclXMziP.s:18     .text.ST7789V_WriteCommand:00000000 $t
/var/folders/lp/x54gwt890xv47sdkqj1k04q40000gn/T//cclXMziP.s:23     .text.ST7789V_WriteCommand:00000000 ST7789V_WriteCommand
/var/folders/lp/x54gwt890xv47sdkqj1k04q40000gn/T//cclXMziP.s:53     .text.ST7789V_WriteCommand:0000003c $d
/var/folders/lp/x54gwt890xv47sdkqj1k04q40000gn/T//cclXMziP.s:57     .text.ST7789V_WriteSmallData:00000000 $t
/var/folders/lp/x54gwt890xv47sdkqj1k04q40000gn/T//cclXMziP.s:62     .text.ST7789V_WriteSmallData:00000000 ST7789V_WriteSmallData
/var/folders/lp/x54gwt890xv47sdkqj1k04q40000gn/T//cclXMziP.s:92     .text.ST7789V_WriteSmallData:0000003c $d
/var/folders/lp/x54gwt890xv47sdkqj1k04q40000gn/T//cclXMziP.s:96     .text.ST7789V_SPI_Send_DMA:00000000 $t
/var/folders/lp/x54gwt890xv47sdkqj1k04q40000gn/T//cclXMziP.s:101    .text.ST7789V_SPI_Send_DMA:00000000 ST7789V_SPI_Send_DMA
/var/folders/lp/x54gwt890xv47sdkqj1k04q40000gn/T//cclXMziP.s:113    .text.ST7789V_SPI_Send_DMA:00000010 $d
/var/folders/lp/x54gwt890xv47sdkqj1k04q40000gn/T//cclXMziP.s:116    .text.ST7789V_WriteData:00000000 $t
/var/folders/lp/x54gwt890xv47sdkqj1k04q40000gn/T//cclXMziP.s:122    .text.ST7789V_WriteData:00000000 ST7789V_WriteData
/var/folders/lp/x54gwt890xv47sdkqj1k04q40000gn/T//cclXMziP.s:162    .text.ST7789V_WriteData:0000004c $d
/var/folders/lp/x54gwt890xv47sdkqj1k04q40000gn/T//cclXMziP.s:166    .text.ST7789V_SetRotation:00000000 $t
/var/folders/lp/x54gwt890xv47sdkqj1k04q40000gn/T//cclXMziP.s:172    .text.ST7789V_SetRotation:00000000 ST7789V_SetRotation
/var/folders/lp/x54gwt890xv47sdkqj1k04q40000gn/T//cclXMziP.s:183    .text.ST7789V_SetRotation:00000012 $d
/var/folders/lp/x54gwt890xv47sdkqj1k04q40000gn/T//cclXMziP.s:187    .text.ST7789V_SetRotation:00000016 $t
/var/folders/lp/x54gwt890xv47sdkqj1k04q40000gn/T//cclXMziP.s:207    .text.ST7789V_SetAddressWindow:00000000 $t
/var/folders/lp/x54gwt890xv47sdkqj1k04q40000gn/T//cclXMziP.s:213    .text.ST7789V_SetAddressWindow:00000000 ST7789V_SetAddressWindow
/var/folders/lp/x54gwt890xv47sdkqj1k04q40000gn/T//cclXMziP.s:251    .text.ST7789V_Init:00000000 $t
/var/folders/lp/x54gwt890xv47sdkqj1k04q40000gn/T//cclXMziP.s:257    .text.ST7789V_Init:00000000 ST7789V_Init
/var/folders/lp/x54gwt890xv47sdkqj1k04q40000gn/T//cclXMziP.s:434    .text.ST7789V_Init:000001f8 $d
/var/folders/lp/x54gwt890xv47sdkqj1k04q40000gn/T//cclXMziP.s:437    .text.MemsetBuffer:00000000 $t
/var/folders/lp/x54gwt890xv47sdkqj1k04q40000gn/T//cclXMziP.s:443    .text.MemsetBuffer:00000000 MemsetBuffer
/var/folders/lp/x54gwt890xv47sdkqj1k04q40000gn/T//cclXMziP.s:458    .text.ST7789V_Fill_Color:00000000 $t
/var/folders/lp/x54gwt890xv47sdkqj1k04q40000gn/T//cclXMziP.s:464    .text.ST7789V_Fill_Color:00000000 ST7789V_Fill_Color
/var/folders/lp/x54gwt890xv47sdkqj1k04q40000gn/T//cclXMziP.s:511    .text.ST7789V_Fill_Color:00000058 $d
/var/folders/lp/x54gwt890xv47sdkqj1k04q40000gn/T//cclXMziP.s:514    .text.ST7789V_DrawPixel:00000000 $t
/var/folders/lp/x54gwt890xv47sdkqj1k04q40000gn/T//cclXMziP.s:520    .text.ST7789V_DrawPixel:00000000 ST7789V_DrawPixel
/var/folders/lp/x54gwt890xv47sdkqj1k04q40000gn/T//cclXMziP.s:559    .text.ST7789V_DrawPixel:00000048 $d
/var/folders/lp/x54gwt890xv47sdkqj1k04q40000gn/T//cclXMziP.s:562    .text.ST7789V_Fill:00000000 $t
/var/folders/lp/x54gwt890xv47sdkqj1k04q40000gn/T//cclXMziP.s:568    .text.ST7789V_Fill:00000000 ST7789V_Fill
/var/folders/lp/x54gwt890xv47sdkqj1k04q40000gn/T//cclXMziP.s:610    .text.ST7789V_DrawPixel_4px:00000000 $t
/var/folders/lp/x54gwt890xv47sdkqj1k04q40000gn/T//cclXMziP.s:616    .text.ST7789V_DrawPixel_4px:00000000 ST7789V_DrawPixel_4px
/var/folders/lp/x54gwt890xv47sdkqj1k04q40000gn/T//cclXMziP.s:658    .text.ST7789V_DrawPixel_4px:00000050 $d
/var/folders/lp/x54gwt890xv47sdkqj1k04q40000gn/T//cclXMziP.s:661    .text.ST7789V_DrawLine:00000000 $t
/var/folders/lp/x54gwt890xv47sdkqj1k04q40000gn/T//cclXMziP.s:667    .text.ST7789V_DrawLine:00000000 ST7789V_DrawLine
/var/folders/lp/x54gwt890xv47sdkqj1k04q40000gn/T//cclXMziP.s:756    .text.ST7789V_DrawRectangle:00000000 $t
/var/folders/lp/x54gwt890xv47sdkqj1k04q40000gn/T//cclXMziP.s:762    .text.ST7789V_DrawRectangle:00000000 ST7789V_DrawRectangle
/var/folders/lp/x54gwt890xv47sdkqj1k04q40000gn/T//cclXMziP.s:811    .text.ST7789V_DrawRectangle:00000070 $d
/var/folders/lp/x54gwt890xv47sdkqj1k04q40000gn/T//cclXMziP.s:814    .text.ST7789V_DrawCircle:00000000 $t
/var/folders/lp/x54gwt890xv47sdkqj1k04q40000gn/T//cclXMziP.s:820    .text.ST7789V_DrawCircle:00000000 ST7789V_DrawCircle
/var/folders/lp/x54gwt890xv47sdkqj1k04q40000gn/T//cclXMziP.s:957    .text.ST7789V_DrawCircle:0000014c $d
/var/folders/lp/x54gwt890xv47sdkqj1k04q40000gn/T//cclXMziP.s:960    .text.ST7789V_DrawImage:00000000 $t
/var/folders/lp/x54gwt890xv47sdkqj1k04q40000gn/T//cclXMziP.s:966    .text.ST7789V_DrawImage:00000000 ST7789V_DrawImage
/var/folders/lp/x54gwt890xv47sdkqj1k04q40000gn/T//cclXMziP.s:1017   .text.ST7789V_DrawImage:00000068 $d
/var/folders/lp/x54gwt890xv47sdkqj1k04q40000gn/T//cclXMziP.s:1020   .text.ST7789V_InvertColors:00000000 $t
/var/folders/lp/x54gwt890xv47sdkqj1k04q40000gn/T//cclXMziP.s:1026   .text.ST7789V_InvertColors:00000000 ST7789V_InvertColors
/var/folders/lp/x54gwt890xv47sdkqj1k04q40000gn/T//cclXMziP.s:1050   .text.ST7789V_InvertColors:00000028 $d
/var/folders/lp/x54gwt890xv47sdkqj1k04q40000gn/T//cclXMziP.s:1053   .text.ST7789V_WriteChar:00000000 $t
/var/folders/lp/x54gwt890xv47sdkqj1k04q40000gn/T//cclXMziP.s:1059   .text.ST7789V_WriteChar:00000000 ST7789V_WriteChar
/var/folders/lp/x54gwt890xv47sdkqj1k04q40000gn/T//cclXMziP.s:1136   .text.ST7789V_WriteChar:000000b0 $d
/var/folders/lp/x54gwt890xv47sdkqj1k04q40000gn/T//cclXMziP.s:1139   .text.ST7789V_WriteString:00000000 $t
/var/folders/lp/x54gwt890xv47sdkqj1k04q40000gn/T//cclXMziP.s:1145   .text.ST7789V_WriteString:00000000 ST7789V_WriteString
/var/folders/lp/x54gwt890xv47sdkqj1k04q40000gn/T//cclXMziP.s:1208   .text.ST7789V_WriteString:00000080 $d
/var/folders/lp/x54gwt890xv47sdkqj1k04q40000gn/T//cclXMziP.s:1211   .text.ST7789V_DrawFilledRectangle:00000000 $t
ARM GAS  /var/folders/lp/x54gwt890xv47sdkqj1k04q40000gn/T//cclXMziP.s 			page 38


/var/folders/lp/x54gwt890xv47sdkqj1k04q40000gn/T//cclXMziP.s:1217   .text.ST7789V_DrawFilledRectangle:00000000 ST7789V_DrawFilledRectangle
/var/folders/lp/x54gwt890xv47sdkqj1k04q40000gn/T//cclXMziP.s:1274   .text.ST7789V_DrawFilledRectangle:00000078 $d
/var/folders/lp/x54gwt890xv47sdkqj1k04q40000gn/T//cclXMziP.s:1277   .text.ST7789V_DrawTriangle:00000000 $t
/var/folders/lp/x54gwt890xv47sdkqj1k04q40000gn/T//cclXMziP.s:1283   .text.ST7789V_DrawTriangle:00000000 ST7789V_DrawTriangle
/var/folders/lp/x54gwt890xv47sdkqj1k04q40000gn/T//cclXMziP.s:1328   .text.ST7789V_DrawTriangle:00000068 $d
/var/folders/lp/x54gwt890xv47sdkqj1k04q40000gn/T//cclXMziP.s:1331   .text.ST7789V_DrawFilledTriangle:00000000 $t
/var/folders/lp/x54gwt890xv47sdkqj1k04q40000gn/T//cclXMziP.s:1337   .text.ST7789V_DrawFilledTriangle:00000000 ST7789V_DrawFilledTriangle
/var/folders/lp/x54gwt890xv47sdkqj1k04q40000gn/T//cclXMziP.s:1456   .text.ST7789V_DrawFilledTriangle:00000104 $d
/var/folders/lp/x54gwt890xv47sdkqj1k04q40000gn/T//cclXMziP.s:1459   .text.ST7789V_DrawFilledCircle:00000000 $t
/var/folders/lp/x54gwt890xv47sdkqj1k04q40000gn/T//cclXMziP.s:1465   .text.ST7789V_DrawFilledCircle:00000000 ST7789V_DrawFilledCircle
/var/folders/lp/x54gwt890xv47sdkqj1k04q40000gn/T//cclXMziP.s:1600   .text.ST7789V_DrawFilledCircle:0000013c $d
/var/folders/lp/x54gwt890xv47sdkqj1k04q40000gn/T//cclXMziP.s:1603   .text.ST7789V_TearEffect:00000000 $t
/var/folders/lp/x54gwt890xv47sdkqj1k04q40000gn/T//cclXMziP.s:1609   .text.ST7789V_TearEffect:00000000 ST7789V_TearEffect
/var/folders/lp/x54gwt890xv47sdkqj1k04q40000gn/T//cclXMziP.s:1633   .text.ST7789V_TearEffect:00000028 $d
/var/folders/lp/x54gwt890xv47sdkqj1k04q40000gn/T//cclXMziP.s:1636   .rodata.ST7789V_Test.str1.4:00000000 $d
/var/folders/lp/x54gwt890xv47sdkqj1k04q40000gn/T//cclXMziP.s:1664   .text.ST7789V_Test:00000000 $t
/var/folders/lp/x54gwt890xv47sdkqj1k04q40000gn/T//cclXMziP.s:1670   .text.ST7789V_Test:00000000 ST7789V_Test
/var/folders/lp/x54gwt890xv47sdkqj1k04q40000gn/T//cclXMziP.s:1923   .text.ST7789V_Test:000002d0 $d
/var/folders/lp/x54gwt890xv47sdkqj1k04q40000gn/T//cclXMziP.s:1941   .text.ST7789V_Test2:00000000 $t
/var/folders/lp/x54gwt890xv47sdkqj1k04q40000gn/T//cclXMziP.s:1947   .text.ST7789V_Test2:00000000 ST7789V_Test2
/var/folders/lp/x54gwt890xv47sdkqj1k04q40000gn/T//cclXMziP.s:2013   .text.ST7789V_Test2:000000b0 $d
/var/folders/lp/x54gwt890xv47sdkqj1k04q40000gn/T//cclXMziP.s:2022   .text.ST7789V_Send_Data_DMA:00000000 $t
/var/folders/lp/x54gwt890xv47sdkqj1k04q40000gn/T//cclXMziP.s:2028   .text.ST7789V_Send_Data_DMA:00000000 ST7789V_Send_Data_DMA
/var/folders/lp/x54gwt890xv47sdkqj1k04q40000gn/T//cclXMziP.s:2054   .text.ST7789V_Send_Data_DMA:00000030 $d

UNDEFINED SYMBOLS
HAL_GPIO_WritePin
HAL_SPI_Transmit
hspi1
HAL_SPI_Transmit_DMA
HAL_Delay
Font_11x18
Font_16x26
Font_7x10
saber
__aeabi_f2d
__aeabi_dadd
__aeabi_d2f
