ARM GAS  /var/folders/lp/x54gwt890xv47sdkqj1k04q40000gn/T//cc5JRRJa.s 			page 1


   1              		.cpu cortex-m4
   2              		.arch armv7e-m
   3              		.fpu fpv4-sp-d16
   4              		.eabi_attribute 27, 1
   5              		.eabi_attribute 28, 1
   6              		.eabi_attribute 20, 1
   7              		.eabi_attribute 21, 1
   8              		.eabi_attribute 23, 3
   9              		.eabi_attribute 24, 1
  10              		.eabi_attribute 25, 1
  11              		.eabi_attribute 26, 1
  12              		.eabi_attribute 30, 1
  13              		.eabi_attribute 34, 1
  14              		.eabi_attribute 18, 4
  15              		.file	"stm32f4xx_hal_dma_ex.c"
  16              		.text
  17              		.section	.text.DMA_MultiBufferSetConfig,"ax",%progbits
  18              		.align	1
  19              		.syntax unified
  20              		.thumb
  21              		.thumb_func
  23              	DMA_MultiBufferSetConfig:
  24              		@ args = 0, pretend = 0, frame = 0
  25              		@ frame_needed = 0, uses_anonymous_args = 0
  26              		@ link register save eliminated.
  27 0000 10B4     		push	{r4}
  28 0002 0468     		ldr	r4, [r0]
  29 0004 6360     		str	r3, [r4, #4]
  30 0006 8368     		ldr	r3, [r0, #8]
  31 0008 402B     		cmp	r3, #64
  32 000a 06D0     		beq	.L5
  33 000c 0368     		ldr	r3, [r0]
  34 000e 9960     		str	r1, [r3, #8]
  35 0010 0368     		ldr	r3, [r0]
  36 0012 DA60     		str	r2, [r3, #12]
  37              	.L1:
  38 0014 5DF8044B 		ldr	r4, [sp], #4
  39 0018 7047     		bx	lr
  40              	.L5:
  41 001a 0368     		ldr	r3, [r0]
  42 001c 9A60     		str	r2, [r3, #8]
  43 001e 0368     		ldr	r3, [r0]
  44 0020 D960     		str	r1, [r3, #12]
  45 0022 F7E7     		b	.L1
  47              		.section	.text.HAL_DMAEx_MultiBufferStart,"ax",%progbits
  48              		.align	1
  49              		.global	HAL_DMAEx_MultiBufferStart
  50              		.syntax unified
  51              		.thumb
  52              		.thumb_func
  54              	HAL_DMAEx_MultiBufferStart:
  55              		@ args = 4, pretend = 0, frame = 0
  56              		@ frame_needed = 0, uses_anonymous_args = 0
  57 0000 38B5     		push	{r3, r4, r5, lr}
  58 0002 0446     		mov	r4, r0
  59 0004 8068     		ldr	r0, [r0, #8]
  60 0006 8028     		cmp	r0, #128
ARM GAS  /var/folders/lp/x54gwt890xv47sdkqj1k04q40000gn/T//cc5JRRJa.s 			page 2


  61 0008 0DD0     		beq	.L12
  62 000a 94F83400 		ldrb	r0, [r4, #52]	@ zero_extendqisi2
  63 000e 0128     		cmp	r0, #1
  64 0010 23D0     		beq	.L9
  65 0012 0120     		movs	r0, #1
  66 0014 84F83400 		strb	r0, [r4, #52]
  67 0018 94F83500 		ldrb	r0, [r4, #53]	@ zero_extendqisi2
  68 001c C0B2     		uxtb	r0, r0
  69 001e 0128     		cmp	r0, #1
  70 0020 06D0     		beq	.L13
  71 0022 0220     		movs	r0, #2
  72              	.L8:
  73 0024 38BD     		pop	{r3, r4, r5, pc}
  74              	.L12:
  75 0026 4FF48073 		mov	r3, #256
  76 002a 6365     		str	r3, [r4, #84]
  77 002c 0120     		movs	r0, #1
  78 002e F9E7     		b	.L8
  79              	.L13:
  80 0030 0220     		movs	r0, #2
  81 0032 84F83500 		strb	r0, [r4, #53]
  82 0036 2568     		ldr	r5, [r4]
  83 0038 2868     		ldr	r0, [r5]
  84 003a 40F48020 		orr	r0, r0, #262144
  85 003e 2860     		str	r0, [r5]
  86 0040 2068     		ldr	r0, [r4]
  87 0042 0361     		str	r3, [r0, #16]
  88 0044 049B     		ldr	r3, [sp, #16]
  89 0046 2046     		mov	r0, r4
  90 0048 FFF7FEFF 		bl	DMA_MultiBufferSetConfig
  91 004c 2268     		ldr	r2, [r4]
  92 004e 1368     		ldr	r3, [r2]
  93 0050 43F00103 		orr	r3, r3, #1
  94 0054 1360     		str	r3, [r2]
  95 0056 0020     		movs	r0, #0
  96 0058 E4E7     		b	.L8
  97              	.L9:
  98 005a 0220     		movs	r0, #2
  99 005c E2E7     		b	.L8
 101              		.section	.text.HAL_DMAEx_MultiBufferStart_IT,"ax",%progbits
 102              		.align	1
 103              		.global	HAL_DMAEx_MultiBufferStart_IT
 104              		.syntax unified
 105              		.thumb
 106              		.thumb_func
 108              	HAL_DMAEx_MultiBufferStart_IT:
 109              		@ args = 4, pretend = 0, frame = 0
 110              		@ frame_needed = 0, uses_anonymous_args = 0
 111 0000 38B5     		push	{r3, r4, r5, lr}
 112 0002 0446     		mov	r4, r0
 113 0004 8068     		ldr	r0, [r0, #8]
 114 0006 8028     		cmp	r0, #128
 115 0008 17D0     		beq	.L304
 116 000a E06B     		ldr	r0, [r4, #60]
 117 000c D0B1     		cbz	r0, .L17
 118 000e 606C     		ldr	r0, [r4, #68]
 119 0010 C0B1     		cbz	r0, .L17
ARM GAS  /var/folders/lp/x54gwt890xv47sdkqj1k04q40000gn/T//cc5JRRJa.s 			page 3


 120 0012 E06C     		ldr	r0, [r4, #76]
 121 0014 B0B1     		cbz	r0, .L17
 122 0016 94F83400 		ldrb	r0, [r4, #52]	@ zero_extendqisi2
 123 001a 0128     		cmp	r0, #1
 124 001c 00F06987 		beq	.L62
 125 0020 0120     		movs	r0, #1
 126 0022 84F83400 		strb	r0, [r4, #52]
 127 0026 94F83500 		ldrb	r0, [r4, #53]	@ zero_extendqisi2
 128 002a C0B2     		uxtb	r0, r0
 129 002c 0128     		cmp	r0, #1
 130 002e 0DD0     		beq	.L305
 131 0030 0023     		movs	r3, #0
 132 0032 84F83430 		strb	r3, [r4, #52]
 133 0036 0220     		movs	r0, #2
 134 0038 07E0     		b	.L16
 135              	.L304:
 136 003a 4FF48073 		mov	r3, #256
 137 003e 6365     		str	r3, [r4, #84]
 138 0040 0120     		movs	r0, #1
 139 0042 02E0     		b	.L16
 140              	.L17:
 141 0044 4023     		movs	r3, #64
 142 0046 6365     		str	r3, [r4, #84]
 143 0048 0120     		movs	r0, #1
 144              	.L16:
 145 004a 38BD     		pop	{r3, r4, r5, pc}
 146              	.L305:
 147 004c 0220     		movs	r0, #2
 148 004e 84F83500 		strb	r0, [r4, #53]
 149 0052 0020     		movs	r0, #0
 150 0054 6065     		str	r0, [r4, #84]
 151 0056 2568     		ldr	r5, [r4]
 152 0058 2868     		ldr	r0, [r5]
 153 005a 40F48020 		orr	r0, r0, #262144
 154 005e 2860     		str	r0, [r5]
 155 0060 2068     		ldr	r0, [r4]
 156 0062 0361     		str	r3, [r0, #16]
 157 0064 049B     		ldr	r3, [sp, #16]
 158 0066 2046     		mov	r0, r4
 159 0068 FFF7FEFF 		bl	DMA_MultiBufferSetConfig
 160 006c 2368     		ldr	r3, [r4]
 161 006e A54A     		ldr	r2, .L327
 162 0070 9342     		cmp	r3, r2
 163 0072 40F29880 		bls	.L20
 164 0076 A2F58962 		sub	r2, r2, #1096
 165 007a 9342     		cmp	r3, r2
 166 007c 31D0     		beq	.L63
 167 007e 02F58062 		add	r2, r2, #1024
 168 0082 9342     		cmp	r3, r2
 169 0084 74D0     		beq	.L64
 170 0086 A2F56872 		sub	r2, r2, #928
 171 008a 9342     		cmp	r3, r2
 172 008c 72D0     		beq	.L65
 173 008e 02F58062 		add	r2, r2, #1024
 174 0092 9342     		cmp	r3, r2
 175 0094 70D0     		beq	.L66
 176 0096 A2F58962 		sub	r2, r2, #1096
ARM GAS  /var/folders/lp/x54gwt890xv47sdkqj1k04q40000gn/T//cc5JRRJa.s 			page 4


 177 009a 9342     		cmp	r3, r2
 178 009c 6ED0     		beq	.L67
 179 009e 02F58062 		add	r2, r2, #1024
 180 00a2 9342     		cmp	r3, r2
 181 00a4 6DD0     		beq	.L68
 182 00a6 A2F56872 		sub	r2, r2, #928
 183 00aa 9342     		cmp	r3, r2
 184 00ac 6CD0     		beq	.L69
 185 00ae 02F58062 		add	r2, r2, #1024
 186 00b2 9342     		cmp	r3, r2
 187 00b4 6BD0     		beq	.L70
 188 00b6 A2F58962 		sub	r2, r2, #1096
 189 00ba 9342     		cmp	r3, r2
 190 00bc 6AD0     		beq	.L71
 191 00be 02F58062 		add	r2, r2, #1024
 192 00c2 9342     		cmp	r3, r2
 193 00c4 69D0     		beq	.L72
 194 00c6 A2F56872 		sub	r2, r2, #928
 195 00ca 9342     		cmp	r3, r2
 196 00cc 68D0     		beq	.L73
 197 00ce 02F58062 		add	r2, r2, #1024
 198 00d2 9342     		cmp	r3, r2
 199 00d4 02D0     		beq	.L306
 200 00d6 4FF00062 		mov	r2, #134217728
 201 00da 03E0     		b	.L21
 202              	.L306:
 203 00dc 4FF40012 		mov	r2, #2097152
 204 00e0 00E0     		b	.L21
 205              	.L63:
 206 00e2 2022     		movs	r2, #32
 207              	.L21:
 208 00e4 884B     		ldr	r3, .L327+4
 209 00e6 DA60     		str	r2, [r3, #12]
 210              	.L22:
 211 00e8 2368     		ldr	r3, [r4]
 212 00ea 864A     		ldr	r2, .L327
 213 00ec 9342     		cmp	r3, r2
 214 00ee 40F2CC81 		bls	.L28
 215 00f2 A2F58962 		sub	r2, r2, #1096
 216 00f6 9342     		cmp	r3, r2
 217 00f8 00F06581 		beq	.L111
 218 00fc 02F58062 		add	r2, r2, #1024
 219 0100 9342     		cmp	r3, r2
 220 0102 00F0A781 		beq	.L112
 221 0106 A2F56872 		sub	r2, r2, #928
 222 010a 9342     		cmp	r3, r2
 223 010c 00F0A481 		beq	.L113
 224 0110 02F58062 		add	r2, r2, #1024
 225 0114 9342     		cmp	r3, r2
 226 0116 00F0A181 		beq	.L114
 227 011a A2F58962 		sub	r2, r2, #1096
 228 011e 9342     		cmp	r3, r2
 229 0120 00F09E81 		beq	.L115
 230 0124 02F58062 		add	r2, r2, #1024
 231 0128 9342     		cmp	r3, r2
 232 012a 00F09C81 		beq	.L116
 233 012e A2F56872 		sub	r2, r2, #928
ARM GAS  /var/folders/lp/x54gwt890xv47sdkqj1k04q40000gn/T//cc5JRRJa.s 			page 5


 234 0132 9342     		cmp	r3, r2
 235 0134 00F09A81 		beq	.L117
 236 0138 02F58062 		add	r2, r2, #1024
 237 013c 9342     		cmp	r3, r2
 238 013e 00F09881 		beq	.L118
 239 0142 A2F58962 		sub	r2, r2, #1096
 240 0146 9342     		cmp	r3, r2
 241 0148 00F09681 		beq	.L119
 242 014c 02F58062 		add	r2, r2, #1024
 243 0150 9342     		cmp	r3, r2
 244 0152 00F09481 		beq	.L120
 245 0156 A2F56872 		sub	r2, r2, #928
 246 015a 9342     		cmp	r3, r2
 247 015c 00F09281 		beq	.L121
 248 0160 02F58062 		add	r2, r2, #1024
 249 0164 9342     		cmp	r3, r2
 250 0166 00F02B81 		beq	.L307
 251 016a 4FF08062 		mov	r2, #67108864
 252 016e 2BE1     		b	.L29
 253              	.L64:
 254 0170 2022     		movs	r2, #32
 255 0172 B7E7     		b	.L21
 256              	.L65:
 257 0174 2022     		movs	r2, #32
 258 0176 B5E7     		b	.L21
 259              	.L66:
 260 0178 2022     		movs	r2, #32
 261 017a B3E7     		b	.L21
 262              	.L67:
 263 017c 4FF40062 		mov	r2, #2048
 264 0180 B0E7     		b	.L21
 265              	.L68:
 266 0182 4FF40062 		mov	r2, #2048
 267 0186 ADE7     		b	.L21
 268              	.L69:
 269 0188 4FF40062 		mov	r2, #2048
 270 018c AAE7     		b	.L21
 271              	.L70:
 272 018e 4FF40062 		mov	r2, #2048
 273 0192 A7E7     		b	.L21
 274              	.L71:
 275 0194 4FF40012 		mov	r2, #2097152
 276 0198 A4E7     		b	.L21
 277              	.L72:
 278 019a 4FF40012 		mov	r2, #2097152
 279 019e A1E7     		b	.L21
 280              	.L73:
 281 01a0 4FF40012 		mov	r2, #2097152
 282 01a4 9EE7     		b	.L21
 283              	.L20:
 284 01a6 594A     		ldr	r2, .L327+8
 285 01a8 9342     		cmp	r3, r2
 286 01aa 53D9     		bls	.L23
 287 01ac A83A     		subs	r2, r2, #168
 288 01ae 9342     		cmp	r3, r2
 289 01b0 31D0     		beq	.L75
 290 01b2 02F58062 		add	r2, r2, #1024
ARM GAS  /var/folders/lp/x54gwt890xv47sdkqj1k04q40000gn/T//cc5JRRJa.s 			page 6


 291 01b6 9342     		cmp	r3, r2
 292 01b8 31D0     		beq	.L76
 293 01ba A2F56872 		sub	r2, r2, #928
 294 01be 9342     		cmp	r3, r2
 295 01c0 2FD0     		beq	.L77
 296 01c2 02F58062 		add	r2, r2, #1024
 297 01c6 9342     		cmp	r3, r2
 298 01c8 2DD0     		beq	.L78
 299 01ca A2F58962 		sub	r2, r2, #1096
 300 01ce 9342     		cmp	r3, r2
 301 01d0 2BD0     		beq	.L79
 302 01d2 02F58062 		add	r2, r2, #1024
 303 01d6 9342     		cmp	r3, r2
 304 01d8 2AD0     		beq	.L80
 305 01da A2F56872 		sub	r2, r2, #928
 306 01de 9342     		cmp	r3, r2
 307 01e0 29D0     		beq	.L81
 308 01e2 02F58062 		add	r2, r2, #1024
 309 01e6 9342     		cmp	r3, r2
 310 01e8 28D0     		beq	.L82
 311 01ea A2F58962 		sub	r2, r2, #1096
 312 01ee 9342     		cmp	r3, r2
 313 01f0 27D0     		beq	.L83
 314 01f2 02F58062 		add	r2, r2, #1024
 315 01f6 9342     		cmp	r3, r2
 316 01f8 26D0     		beq	.L84
 317 01fa A2F56872 		sub	r2, r2, #928
 318 01fe 9342     		cmp	r3, r2
 319 0200 25D0     		beq	.L85
 320 0202 02F58062 		add	r2, r2, #1024
 321 0206 9342     		cmp	r3, r2
 322 0208 02D0     		beq	.L308
 323 020a 4FF00063 		mov	r3, #134217728
 324 020e 03E0     		b	.L24
 325              	.L308:
 326 0210 4FF40013 		mov	r3, #2097152
 327 0214 00E0     		b	.L24
 328              	.L75:
 329 0216 2023     		movs	r3, #32
 330              	.L24:
 331 0218 3B4A     		ldr	r2, .L327+4
 332 021a 9360     		str	r3, [r2, #8]
 333 021c 64E7     		b	.L22
 334              	.L76:
 335 021e 2023     		movs	r3, #32
 336 0220 FAE7     		b	.L24
 337              	.L77:
 338 0222 2023     		movs	r3, #32
 339 0224 F8E7     		b	.L24
 340              	.L78:
 341 0226 2023     		movs	r3, #32
 342 0228 F6E7     		b	.L24
 343              	.L79:
 344 022a 4FF40063 		mov	r3, #2048
 345 022e F3E7     		b	.L24
 346              	.L80:
 347 0230 4FF40063 		mov	r3, #2048
ARM GAS  /var/folders/lp/x54gwt890xv47sdkqj1k04q40000gn/T//cc5JRRJa.s 			page 7


 348 0234 F0E7     		b	.L24
 349              	.L81:
 350 0236 4FF40063 		mov	r3, #2048
 351 023a EDE7     		b	.L24
 352              	.L82:
 353 023c 4FF40063 		mov	r3, #2048
 354 0240 EAE7     		b	.L24
 355              	.L83:
 356 0242 4FF40013 		mov	r3, #2097152
 357 0246 E7E7     		b	.L24
 358              	.L84:
 359 0248 4FF40013 		mov	r3, #2097152
 360 024c E4E7     		b	.L24
 361              	.L85:
 362 024e 4FF40013 		mov	r3, #2097152
 363 0252 E1E7     		b	.L24
 364              	.L23:
 365 0254 2E4A     		ldr	r2, .L327+12
 366 0256 9342     		cmp	r3, r2
 367 0258 5ED9     		bls	.L25
 368 025a 483A     		subs	r2, r2, #72
 369 025c 9342     		cmp	r3, r2
 370 025e 31D0     		beq	.L87
 371 0260 02F58062 		add	r2, r2, #1024
 372 0264 9342     		cmp	r3, r2
 373 0266 31D0     		beq	.L88
 374 0268 A2F56872 		sub	r2, r2, #928
 375 026c 9342     		cmp	r3, r2
 376 026e 2FD0     		beq	.L89
 377 0270 02F58062 		add	r2, r2, #1024
 378 0274 9342     		cmp	r3, r2
 379 0276 2DD0     		beq	.L90
 380 0278 A2F58962 		sub	r2, r2, #1096
 381 027c 9342     		cmp	r3, r2
 382 027e 2BD0     		beq	.L91
 383 0280 02F58062 		add	r2, r2, #1024
 384 0284 9342     		cmp	r3, r2
 385 0286 2AD0     		beq	.L92
 386 0288 A2F56872 		sub	r2, r2, #928
 387 028c 9342     		cmp	r3, r2
 388 028e 29D0     		beq	.L93
 389 0290 02F58062 		add	r2, r2, #1024
 390 0294 9342     		cmp	r3, r2
 391 0296 28D0     		beq	.L94
 392 0298 A2F58962 		sub	r2, r2, #1096
 393 029c 9342     		cmp	r3, r2
 394 029e 27D0     		beq	.L95
 395 02a0 02F58062 		add	r2, r2, #1024
 396 02a4 9342     		cmp	r3, r2
 397 02a6 26D0     		beq	.L96
 398 02a8 A2F56872 		sub	r2, r2, #928
 399 02ac 9342     		cmp	r3, r2
 400 02ae 25D0     		beq	.L97
 401 02b0 02F58062 		add	r2, r2, #1024
 402 02b4 9342     		cmp	r3, r2
 403 02b6 02D0     		beq	.L309
 404 02b8 4FF00063 		mov	r3, #134217728
ARM GAS  /var/folders/lp/x54gwt890xv47sdkqj1k04q40000gn/T//cc5JRRJa.s 			page 8


 405 02bc 03E0     		b	.L26
 406              	.L309:
 407 02be 4FF40013 		mov	r3, #2097152
 408 02c2 00E0     		b	.L26
 409              	.L87:
 410 02c4 2023     		movs	r3, #32
 411              	.L26:
 412 02c6 134A     		ldr	r2, .L327+16
 413 02c8 D360     		str	r3, [r2, #12]
 414 02ca 0DE7     		b	.L22
 415              	.L88:
 416 02cc 2023     		movs	r3, #32
 417 02ce FAE7     		b	.L26
 418              	.L89:
 419 02d0 2023     		movs	r3, #32
 420 02d2 F8E7     		b	.L26
 421              	.L90:
 422 02d4 2023     		movs	r3, #32
 423 02d6 F6E7     		b	.L26
 424              	.L91:
 425 02d8 4FF40063 		mov	r3, #2048
 426 02dc F3E7     		b	.L26
 427              	.L92:
 428 02de 4FF40063 		mov	r3, #2048
 429 02e2 F0E7     		b	.L26
 430              	.L93:
 431 02e4 4FF40063 		mov	r3, #2048
 432 02e8 EDE7     		b	.L26
 433              	.L94:
 434 02ea 4FF40063 		mov	r3, #2048
 435 02ee EAE7     		b	.L26
 436              	.L95:
 437 02f0 4FF40013 		mov	r3, #2097152
 438 02f4 E7E7     		b	.L26
 439              	.L96:
 440 02f6 4FF40013 		mov	r3, #2097152
 441 02fa E4E7     		b	.L26
 442              	.L97:
 443 02fc 4FF40013 		mov	r3, #2097152
 444 0300 E1E7     		b	.L26
 445              	.L328:
 446 0302 00BF     		.align	2
 447              	.L327:
 448 0304 58640240 		.word	1073898584
 449 0308 00640240 		.word	1073898496
 450 030c B8600240 		.word	1073897656
 451 0310 58600240 		.word	1073897560
 452 0314 00600240 		.word	1073897472
 453              	.L25:
 454 0318 B14A     		ldr	r2, .L329
 455 031a 9342     		cmp	r3, r2
 456 031c 31D0     		beq	.L99
 457 031e 02F58062 		add	r2, r2, #1024
 458 0322 9342     		cmp	r3, r2
 459 0324 31D0     		beq	.L100
 460 0326 A2F56872 		sub	r2, r2, #928
 461 032a 9342     		cmp	r3, r2
ARM GAS  /var/folders/lp/x54gwt890xv47sdkqj1k04q40000gn/T//cc5JRRJa.s 			page 9


 462 032c 2FD0     		beq	.L101
 463 032e 02F58062 		add	r2, r2, #1024
 464 0332 9342     		cmp	r3, r2
 465 0334 2DD0     		beq	.L102
 466 0336 A2F58962 		sub	r2, r2, #1096
 467 033a 9342     		cmp	r3, r2
 468 033c 2BD0     		beq	.L103
 469 033e 02F58062 		add	r2, r2, #1024
 470 0342 9342     		cmp	r3, r2
 471 0344 2AD0     		beq	.L104
 472 0346 A2F56872 		sub	r2, r2, #928
 473 034a 9342     		cmp	r3, r2
 474 034c 29D0     		beq	.L105
 475 034e 02F58062 		add	r2, r2, #1024
 476 0352 9342     		cmp	r3, r2
 477 0354 28D0     		beq	.L106
 478 0356 A2F58962 		sub	r2, r2, #1096
 479 035a 9342     		cmp	r3, r2
 480 035c 27D0     		beq	.L107
 481 035e 02F58062 		add	r2, r2, #1024
 482 0362 9342     		cmp	r3, r2
 483 0364 26D0     		beq	.L108
 484 0366 A2F56872 		sub	r2, r2, #928
 485 036a 9342     		cmp	r3, r2
 486 036c 25D0     		beq	.L109
 487 036e 02F58062 		add	r2, r2, #1024
 488 0372 9342     		cmp	r3, r2
 489 0374 02D0     		beq	.L310
 490 0376 4FF00063 		mov	r3, #134217728
 491 037a 03E0     		b	.L27
 492              	.L310:
 493 037c 4FF40013 		mov	r3, #2097152
 494 0380 00E0     		b	.L27
 495              	.L99:
 496 0382 2023     		movs	r3, #32
 497              	.L27:
 498 0384 974A     		ldr	r2, .L329+4
 499 0386 9360     		str	r3, [r2, #8]
 500 0388 AEE6     		b	.L22
 501              	.L100:
 502 038a 2023     		movs	r3, #32
 503 038c FAE7     		b	.L27
 504              	.L101:
 505 038e 2023     		movs	r3, #32
 506 0390 F8E7     		b	.L27
 507              	.L102:
 508 0392 2023     		movs	r3, #32
 509 0394 F6E7     		b	.L27
 510              	.L103:
 511 0396 4FF40063 		mov	r3, #2048
 512 039a F3E7     		b	.L27
 513              	.L104:
 514 039c 4FF40063 		mov	r3, #2048
 515 03a0 F0E7     		b	.L27
 516              	.L105:
 517 03a2 4FF40063 		mov	r3, #2048
 518 03a6 EDE7     		b	.L27
ARM GAS  /var/folders/lp/x54gwt890xv47sdkqj1k04q40000gn/T//cc5JRRJa.s 			page 10


 519              	.L106:
 520 03a8 4FF40063 		mov	r3, #2048
 521 03ac EAE7     		b	.L27
 522              	.L107:
 523 03ae 4FF40013 		mov	r3, #2097152
 524 03b2 E7E7     		b	.L27
 525              	.L108:
 526 03b4 4FF40013 		mov	r3, #2097152
 527 03b8 E4E7     		b	.L27
 528              	.L109:
 529 03ba 4FF40013 		mov	r3, #2097152
 530 03be E1E7     		b	.L27
 531              	.L307:
 532 03c0 4FF48012 		mov	r2, #1048576
 533 03c4 00E0     		b	.L29
 534              	.L111:
 535 03c6 1022     		movs	r2, #16
 536              	.L29:
 537 03c8 874B     		ldr	r3, .L329+8
 538 03ca DA60     		str	r2, [r3, #12]
 539              	.L30:
 540 03cc 2368     		ldr	r3, [r4]
 541 03ce 874A     		ldr	r2, .L329+12
 542 03d0 9342     		cmp	r3, r2
 543 03d2 40F2CD81 		bls	.L36
 544 03d6 A2F58962 		sub	r2, r2, #1096
 545 03da 9342     		cmp	r3, r2
 546 03dc 00F06681 		beq	.L159
 547 03e0 02F58062 		add	r2, r2, #1024
 548 03e4 9342     		cmp	r3, r2
 549 03e6 00F0A881 		beq	.L160
 550 03ea A2F56872 		sub	r2, r2, #928
 551 03ee 9342     		cmp	r3, r2
 552 03f0 00F0A581 		beq	.L161
 553 03f4 02F58062 		add	r2, r2, #1024
 554 03f8 9342     		cmp	r3, r2
 555 03fa 00F0A281 		beq	.L162
 556 03fe A2F58962 		sub	r2, r2, #1096
 557 0402 9342     		cmp	r3, r2
 558 0404 00F09F81 		beq	.L163
 559 0408 02F58062 		add	r2, r2, #1024
 560 040c 9342     		cmp	r3, r2
 561 040e 00F09D81 		beq	.L164
 562 0412 A2F56872 		sub	r2, r2, #928
 563 0416 9342     		cmp	r3, r2
 564 0418 00F09B81 		beq	.L165
 565 041c 02F58062 		add	r2, r2, #1024
 566 0420 9342     		cmp	r3, r2
 567 0422 00F09981 		beq	.L166
 568 0426 A2F58962 		sub	r2, r2, #1096
 569 042a 9342     		cmp	r3, r2
 570 042c 00F09781 		beq	.L167
 571 0430 02F58062 		add	r2, r2, #1024
 572 0434 9342     		cmp	r3, r2
 573 0436 00F09581 		beq	.L168
 574 043a A2F56872 		sub	r2, r2, #928
 575 043e 9342     		cmp	r3, r2
ARM GAS  /var/folders/lp/x54gwt890xv47sdkqj1k04q40000gn/T//cc5JRRJa.s 			page 11


 576 0440 00F09381 		beq	.L169
 577 0444 02F58062 		add	r2, r2, #1024
 578 0448 9342     		cmp	r3, r2
 579 044a 00F02C81 		beq	.L311
 580 044e 4FF00072 		mov	r2, #33554432
 581 0452 2CE1     		b	.L37
 582              	.L112:
 583 0454 1022     		movs	r2, #16
 584 0456 B7E7     		b	.L29
 585              	.L113:
 586 0458 1022     		movs	r2, #16
 587 045a B5E7     		b	.L29
 588              	.L114:
 589 045c 1022     		movs	r2, #16
 590 045e B3E7     		b	.L29
 591              	.L115:
 592 0460 4FF48062 		mov	r2, #1024
 593 0464 B0E7     		b	.L29
 594              	.L116:
 595 0466 4FF48062 		mov	r2, #1024
 596 046a ADE7     		b	.L29
 597              	.L117:
 598 046c 4FF48062 		mov	r2, #1024
 599 0470 AAE7     		b	.L29
 600              	.L118:
 601 0472 4FF48062 		mov	r2, #1024
 602 0476 A7E7     		b	.L29
 603              	.L119:
 604 0478 4FF48012 		mov	r2, #1048576
 605 047c A4E7     		b	.L29
 606              	.L120:
 607 047e 4FF48012 		mov	r2, #1048576
 608 0482 A1E7     		b	.L29
 609              	.L121:
 610 0484 4FF48012 		mov	r2, #1048576
 611 0488 9EE7     		b	.L29
 612              	.L28:
 613 048a 594A     		ldr	r2, .L329+16
 614 048c 9342     		cmp	r3, r2
 615 048e 53D9     		bls	.L31
 616 0490 A83A     		subs	r2, r2, #168
 617 0492 9342     		cmp	r3, r2
 618 0494 31D0     		beq	.L123
 619 0496 02F58062 		add	r2, r2, #1024
 620 049a 9342     		cmp	r3, r2
 621 049c 31D0     		beq	.L124
 622 049e A2F56872 		sub	r2, r2, #928
 623 04a2 9342     		cmp	r3, r2
 624 04a4 2FD0     		beq	.L125
 625 04a6 02F58062 		add	r2, r2, #1024
 626 04aa 9342     		cmp	r3, r2
 627 04ac 2DD0     		beq	.L126
 628 04ae A2F58962 		sub	r2, r2, #1096
 629 04b2 9342     		cmp	r3, r2
 630 04b4 2BD0     		beq	.L127
 631 04b6 02F58062 		add	r2, r2, #1024
 632 04ba 9342     		cmp	r3, r2
ARM GAS  /var/folders/lp/x54gwt890xv47sdkqj1k04q40000gn/T//cc5JRRJa.s 			page 12


 633 04bc 2AD0     		beq	.L128
 634 04be A2F56872 		sub	r2, r2, #928
 635 04c2 9342     		cmp	r3, r2
 636 04c4 29D0     		beq	.L129
 637 04c6 02F58062 		add	r2, r2, #1024
 638 04ca 9342     		cmp	r3, r2
 639 04cc 28D0     		beq	.L130
 640 04ce A2F58962 		sub	r2, r2, #1096
 641 04d2 9342     		cmp	r3, r2
 642 04d4 27D0     		beq	.L131
 643 04d6 02F58062 		add	r2, r2, #1024
 644 04da 9342     		cmp	r3, r2
 645 04dc 26D0     		beq	.L132
 646 04de A2F56872 		sub	r2, r2, #928
 647 04e2 9342     		cmp	r3, r2
 648 04e4 25D0     		beq	.L133
 649 04e6 02F58062 		add	r2, r2, #1024
 650 04ea 9342     		cmp	r3, r2
 651 04ec 02D0     		beq	.L312
 652 04ee 4FF08063 		mov	r3, #67108864
 653 04f2 03E0     		b	.L32
 654              	.L312:
 655 04f4 4FF48013 		mov	r3, #1048576
 656 04f8 00E0     		b	.L32
 657              	.L123:
 658 04fa 1023     		movs	r3, #16
 659              	.L32:
 660 04fc 3A4A     		ldr	r2, .L329+8
 661 04fe 9360     		str	r3, [r2, #8]
 662 0500 64E7     		b	.L30
 663              	.L124:
 664 0502 1023     		movs	r3, #16
 665 0504 FAE7     		b	.L32
 666              	.L125:
 667 0506 1023     		movs	r3, #16
 668 0508 F8E7     		b	.L32
 669              	.L126:
 670 050a 1023     		movs	r3, #16
 671 050c F6E7     		b	.L32
 672              	.L127:
 673 050e 4FF48063 		mov	r3, #1024
 674 0512 F3E7     		b	.L32
 675              	.L128:
 676 0514 4FF48063 		mov	r3, #1024
 677 0518 F0E7     		b	.L32
 678              	.L129:
 679 051a 4FF48063 		mov	r3, #1024
 680 051e EDE7     		b	.L32
 681              	.L130:
 682 0520 4FF48063 		mov	r3, #1024
 683 0524 EAE7     		b	.L32
 684              	.L131:
 685 0526 4FF48013 		mov	r3, #1048576
 686 052a E7E7     		b	.L32
 687              	.L132:
 688 052c 4FF48013 		mov	r3, #1048576
 689 0530 E4E7     		b	.L32
ARM GAS  /var/folders/lp/x54gwt890xv47sdkqj1k04q40000gn/T//cc5JRRJa.s 			page 13


 690              	.L133:
 691 0532 4FF48013 		mov	r3, #1048576
 692 0536 E1E7     		b	.L32
 693              	.L31:
 694 0538 2E4A     		ldr	r2, .L329+20
 695 053a 9342     		cmp	r3, r2
 696 053c 5FD9     		bls	.L33
 697 053e 483A     		subs	r2, r2, #72
 698 0540 9342     		cmp	r3, r2
 699 0542 31D0     		beq	.L135
 700 0544 02F58062 		add	r2, r2, #1024
 701 0548 9342     		cmp	r3, r2
 702 054a 31D0     		beq	.L136
 703 054c A2F56872 		sub	r2, r2, #928
 704 0550 9342     		cmp	r3, r2
 705 0552 2FD0     		beq	.L137
 706 0554 02F58062 		add	r2, r2, #1024
 707 0558 9342     		cmp	r3, r2
 708 055a 2DD0     		beq	.L138
 709 055c A2F58962 		sub	r2, r2, #1096
 710 0560 9342     		cmp	r3, r2
 711 0562 2BD0     		beq	.L139
 712 0564 02F58062 		add	r2, r2, #1024
 713 0568 9342     		cmp	r3, r2
 714 056a 2AD0     		beq	.L140
 715 056c A2F56872 		sub	r2, r2, #928
 716 0570 9342     		cmp	r3, r2
 717 0572 29D0     		beq	.L141
 718 0574 02F58062 		add	r2, r2, #1024
 719 0578 9342     		cmp	r3, r2
 720 057a 28D0     		beq	.L142
 721 057c A2F58962 		sub	r2, r2, #1096
 722 0580 9342     		cmp	r3, r2
 723 0582 27D0     		beq	.L143
 724 0584 02F58062 		add	r2, r2, #1024
 725 0588 9342     		cmp	r3, r2
 726 058a 26D0     		beq	.L144
 727 058c A2F56872 		sub	r2, r2, #928
 728 0590 9342     		cmp	r3, r2
 729 0592 31D0     		beq	.L145
 730 0594 02F58062 		add	r2, r2, #1024
 731 0598 9342     		cmp	r3, r2
 732 059a 02D0     		beq	.L313
 733 059c 4FF08063 		mov	r3, #67108864
 734 05a0 03E0     		b	.L34
 735              	.L313:
 736 05a2 4FF48013 		mov	r3, #1048576
 737 05a6 00E0     		b	.L34
 738              	.L135:
 739 05a8 1023     		movs	r3, #16
 740              	.L34:
 741 05aa 0E4A     		ldr	r2, .L329+4
 742 05ac D360     		str	r3, [r2, #12]
 743 05ae 0DE7     		b	.L30
 744              	.L136:
 745 05b0 1023     		movs	r3, #16
 746 05b2 FAE7     		b	.L34
ARM GAS  /var/folders/lp/x54gwt890xv47sdkqj1k04q40000gn/T//cc5JRRJa.s 			page 14


 747              	.L137:
 748 05b4 1023     		movs	r3, #16
 749 05b6 F8E7     		b	.L34
 750              	.L138:
 751 05b8 1023     		movs	r3, #16
 752 05ba F6E7     		b	.L34
 753              	.L139:
 754 05bc 4FF48063 		mov	r3, #1024
 755 05c0 F3E7     		b	.L34
 756              	.L140:
 757 05c2 4FF48063 		mov	r3, #1024
 758 05c6 F0E7     		b	.L34
 759              	.L141:
 760 05c8 4FF48063 		mov	r3, #1024
 761 05cc EDE7     		b	.L34
 762              	.L142:
 763 05ce 4FF48063 		mov	r3, #1024
 764 05d2 EAE7     		b	.L34
 765              	.L143:
 766 05d4 4FF48013 		mov	r3, #1048576
 767 05d8 E7E7     		b	.L34
 768              	.L144:
 769 05da 4FF48013 		mov	r3, #1048576
 770 05de E4E7     		b	.L34
 771              	.L330:
 772              		.align	2
 773              	.L329:
 774 05e0 10600240 		.word	1073897488
 775 05e4 00600240 		.word	1073897472
 776 05e8 00640240 		.word	1073898496
 777 05ec 58640240 		.word	1073898584
 778 05f0 B8600240 		.word	1073897656
 779 05f4 58600240 		.word	1073897560
 780              	.L145:
 781 05f8 4FF48013 		mov	r3, #1048576
 782 05fc D5E7     		b	.L34
 783              	.L33:
 784 05fe B24A     		ldr	r2, .L331
 785 0600 9342     		cmp	r3, r2
 786 0602 31D0     		beq	.L147
 787 0604 02F58062 		add	r2, r2, #1024
 788 0608 9342     		cmp	r3, r2
 789 060a 31D0     		beq	.L148
 790 060c A2F56872 		sub	r2, r2, #928
 791 0610 9342     		cmp	r3, r2
 792 0612 2FD0     		beq	.L149
 793 0614 02F58062 		add	r2, r2, #1024
 794 0618 9342     		cmp	r3, r2
 795 061a 2DD0     		beq	.L150
 796 061c A2F58962 		sub	r2, r2, #1096
 797 0620 9342     		cmp	r3, r2
 798 0622 2BD0     		beq	.L151
 799 0624 02F58062 		add	r2, r2, #1024
 800 0628 9342     		cmp	r3, r2
 801 062a 2AD0     		beq	.L152
 802 062c A2F56872 		sub	r2, r2, #928
 803 0630 9342     		cmp	r3, r2
ARM GAS  /var/folders/lp/x54gwt890xv47sdkqj1k04q40000gn/T//cc5JRRJa.s 			page 15


 804 0632 29D0     		beq	.L153
 805 0634 02F58062 		add	r2, r2, #1024
 806 0638 9342     		cmp	r3, r2
 807 063a 28D0     		beq	.L154
 808 063c A2F58962 		sub	r2, r2, #1096
 809 0640 9342     		cmp	r3, r2
 810 0642 27D0     		beq	.L155
 811 0644 02F58062 		add	r2, r2, #1024
 812 0648 9342     		cmp	r3, r2
 813 064a 26D0     		beq	.L156
 814 064c A2F56872 		sub	r2, r2, #928
 815 0650 9342     		cmp	r3, r2
 816 0652 25D0     		beq	.L157
 817 0654 02F58062 		add	r2, r2, #1024
 818 0658 9342     		cmp	r3, r2
 819 065a 02D0     		beq	.L314
 820 065c 4FF08063 		mov	r3, #67108864
 821 0660 03E0     		b	.L35
 822              	.L314:
 823 0662 4FF48013 		mov	r3, #1048576
 824 0666 00E0     		b	.L35
 825              	.L147:
 826 0668 1023     		movs	r3, #16
 827              	.L35:
 828 066a 984A     		ldr	r2, .L331+4
 829 066c 9360     		str	r3, [r2, #8]
 830 066e ADE6     		b	.L30
 831              	.L148:
 832 0670 1023     		movs	r3, #16
 833 0672 FAE7     		b	.L35
 834              	.L149:
 835 0674 1023     		movs	r3, #16
 836 0676 F8E7     		b	.L35
 837              	.L150:
 838 0678 1023     		movs	r3, #16
 839 067a F6E7     		b	.L35
 840              	.L151:
 841 067c 4FF48063 		mov	r3, #1024
 842 0680 F3E7     		b	.L35
 843              	.L152:
 844 0682 4FF48063 		mov	r3, #1024
 845 0686 F0E7     		b	.L35
 846              	.L153:
 847 0688 4FF48063 		mov	r3, #1024
 848 068c EDE7     		b	.L35
 849              	.L154:
 850 068e 4FF48063 		mov	r3, #1024
 851 0692 EAE7     		b	.L35
 852              	.L155:
 853 0694 4FF48013 		mov	r3, #1048576
 854 0698 E7E7     		b	.L35
 855              	.L156:
 856 069a 4FF48013 		mov	r3, #1048576
 857 069e E4E7     		b	.L35
 858              	.L157:
 859 06a0 4FF48013 		mov	r3, #1048576
 860 06a4 E1E7     		b	.L35
ARM GAS  /var/folders/lp/x54gwt890xv47sdkqj1k04q40000gn/T//cc5JRRJa.s 			page 16


 861              	.L311:
 862 06a6 4FF40022 		mov	r2, #524288
 863 06aa 00E0     		b	.L37
 864              	.L159:
 865 06ac 0822     		movs	r2, #8
 866              	.L37:
 867 06ae 884B     		ldr	r3, .L331+8
 868 06b0 DA60     		str	r2, [r3, #12]
 869              	.L38:
 870 06b2 2368     		ldr	r3, [r4]
 871 06b4 874A     		ldr	r2, .L331+12
 872 06b6 9342     		cmp	r3, r2
 873 06b8 40F2CE81 		bls	.L44
 874 06bc A2F58962 		sub	r2, r2, #1096
 875 06c0 9342     		cmp	r3, r2
 876 06c2 00F06781 		beq	.L207
 877 06c6 02F58062 		add	r2, r2, #1024
 878 06ca 9342     		cmp	r3, r2
 879 06cc 00F0A981 		beq	.L208
 880 06d0 A2F56872 		sub	r2, r2, #928
 881 06d4 9342     		cmp	r3, r2
 882 06d6 00F0A681 		beq	.L209
 883 06da 02F58062 		add	r2, r2, #1024
 884 06de 9342     		cmp	r3, r2
 885 06e0 00F0A381 		beq	.L210
 886 06e4 A2F58962 		sub	r2, r2, #1096
 887 06e8 9342     		cmp	r3, r2
 888 06ea 00F0A081 		beq	.L211
 889 06ee 02F58062 		add	r2, r2, #1024
 890 06f2 9342     		cmp	r3, r2
 891 06f4 00F09E81 		beq	.L212
 892 06f8 A2F56872 		sub	r2, r2, #928
 893 06fc 9342     		cmp	r3, r2
 894 06fe 00F09C81 		beq	.L213
 895 0702 02F58062 		add	r2, r2, #1024
 896 0706 9342     		cmp	r3, r2
 897 0708 00F09A81 		beq	.L214
 898 070c A2F58962 		sub	r2, r2, #1096
 899 0710 9342     		cmp	r3, r2
 900 0712 00F09881 		beq	.L215
 901 0716 02F58062 		add	r2, r2, #1024
 902 071a 9342     		cmp	r3, r2
 903 071c 00F09681 		beq	.L216
 904 0720 A2F56872 		sub	r2, r2, #928
 905 0724 9342     		cmp	r3, r2
 906 0726 00F09481 		beq	.L217
 907 072a 02F58062 		add	r2, r2, #1024
 908 072e 9342     		cmp	r3, r2
 909 0730 00F02D81 		beq	.L315
 910 0734 4FF08072 		mov	r2, #16777216
 911 0738 2DE1     		b	.L45
 912              	.L160:
 913 073a 0822     		movs	r2, #8
 914 073c B7E7     		b	.L37
 915              	.L161:
 916 073e 0822     		movs	r2, #8
 917 0740 B5E7     		b	.L37
ARM GAS  /var/folders/lp/x54gwt890xv47sdkqj1k04q40000gn/T//cc5JRRJa.s 			page 17


 918              	.L162:
 919 0742 0822     		movs	r2, #8
 920 0744 B3E7     		b	.L37
 921              	.L163:
 922 0746 4FF40072 		mov	r2, #512
 923 074a B0E7     		b	.L37
 924              	.L164:
 925 074c 4FF40072 		mov	r2, #512
 926 0750 ADE7     		b	.L37
 927              	.L165:
 928 0752 4FF40072 		mov	r2, #512
 929 0756 AAE7     		b	.L37
 930              	.L166:
 931 0758 4FF40072 		mov	r2, #512
 932 075c A7E7     		b	.L37
 933              	.L167:
 934 075e 4FF40022 		mov	r2, #524288
 935 0762 A4E7     		b	.L37
 936              	.L168:
 937 0764 4FF40022 		mov	r2, #524288
 938 0768 A1E7     		b	.L37
 939              	.L169:
 940 076a 4FF40022 		mov	r2, #524288
 941 076e 9EE7     		b	.L37
 942              	.L36:
 943 0770 594A     		ldr	r2, .L331+16
 944 0772 9342     		cmp	r3, r2
 945 0774 53D9     		bls	.L39
 946 0776 A83A     		subs	r2, r2, #168
 947 0778 9342     		cmp	r3, r2
 948 077a 31D0     		beq	.L171
 949 077c 02F58062 		add	r2, r2, #1024
 950 0780 9342     		cmp	r3, r2
 951 0782 31D0     		beq	.L172
 952 0784 A2F56872 		sub	r2, r2, #928
 953 0788 9342     		cmp	r3, r2
 954 078a 2FD0     		beq	.L173
 955 078c 02F58062 		add	r2, r2, #1024
 956 0790 9342     		cmp	r3, r2
 957 0792 2DD0     		beq	.L174
 958 0794 A2F58962 		sub	r2, r2, #1096
 959 0798 9342     		cmp	r3, r2
 960 079a 2BD0     		beq	.L175
 961 079c 02F58062 		add	r2, r2, #1024
 962 07a0 9342     		cmp	r3, r2
 963 07a2 2AD0     		beq	.L176
 964 07a4 A2F56872 		sub	r2, r2, #928
 965 07a8 9342     		cmp	r3, r2
 966 07aa 29D0     		beq	.L177
 967 07ac 02F58062 		add	r2, r2, #1024
 968 07b0 9342     		cmp	r3, r2
 969 07b2 28D0     		beq	.L178
 970 07b4 A2F58962 		sub	r2, r2, #1096
 971 07b8 9342     		cmp	r3, r2
 972 07ba 27D0     		beq	.L179
 973 07bc 02F58062 		add	r2, r2, #1024
 974 07c0 9342     		cmp	r3, r2
ARM GAS  /var/folders/lp/x54gwt890xv47sdkqj1k04q40000gn/T//cc5JRRJa.s 			page 18


 975 07c2 26D0     		beq	.L180
 976 07c4 A2F56872 		sub	r2, r2, #928
 977 07c8 9342     		cmp	r3, r2
 978 07ca 25D0     		beq	.L181
 979 07cc 02F58062 		add	r2, r2, #1024
 980 07d0 9342     		cmp	r3, r2
 981 07d2 02D0     		beq	.L316
 982 07d4 4FF00073 		mov	r3, #33554432
 983 07d8 03E0     		b	.L40
 984              	.L316:
 985 07da 4FF40023 		mov	r3, #524288
 986 07de 00E0     		b	.L40
 987              	.L171:
 988 07e0 0823     		movs	r3, #8
 989              	.L40:
 990 07e2 3B4A     		ldr	r2, .L331+8
 991 07e4 9360     		str	r3, [r2, #8]
 992 07e6 64E7     		b	.L38
 993              	.L172:
 994 07e8 0823     		movs	r3, #8
 995 07ea FAE7     		b	.L40
 996              	.L173:
 997 07ec 0823     		movs	r3, #8
 998 07ee F8E7     		b	.L40
 999              	.L174:
 1000 07f0 0823     		movs	r3, #8
 1001 07f2 F6E7     		b	.L40
 1002              	.L175:
 1003 07f4 4FF40073 		mov	r3, #512
 1004 07f8 F3E7     		b	.L40
 1005              	.L176:
 1006 07fa 4FF40073 		mov	r3, #512
 1007 07fe F0E7     		b	.L40
 1008              	.L177:
 1009 0800 4FF40073 		mov	r3, #512
 1010 0804 EDE7     		b	.L40
 1011              	.L178:
 1012 0806 4FF40073 		mov	r3, #512
 1013 080a EAE7     		b	.L40
 1014              	.L179:
 1015 080c 4FF40023 		mov	r3, #524288
 1016 0810 E7E7     		b	.L40
 1017              	.L180:
 1018 0812 4FF40023 		mov	r3, #524288
 1019 0816 E4E7     		b	.L40
 1020              	.L181:
 1021 0818 4FF40023 		mov	r3, #524288
 1022 081c E1E7     		b	.L40
 1023              	.L39:
 1024 081e 2F4A     		ldr	r2, .L331+20
 1025 0820 9342     		cmp	r3, r2
 1026 0822 60D9     		bls	.L41
 1027 0824 483A     		subs	r2, r2, #72
 1028 0826 9342     		cmp	r3, r2
 1029 0828 31D0     		beq	.L183
 1030 082a 02F58062 		add	r2, r2, #1024
 1031 082e 9342     		cmp	r3, r2
ARM GAS  /var/folders/lp/x54gwt890xv47sdkqj1k04q40000gn/T//cc5JRRJa.s 			page 19


 1032 0830 31D0     		beq	.L184
 1033 0832 A2F56872 		sub	r2, r2, #928
 1034 0836 9342     		cmp	r3, r2
 1035 0838 2FD0     		beq	.L185
 1036 083a 02F58062 		add	r2, r2, #1024
 1037 083e 9342     		cmp	r3, r2
 1038 0840 2DD0     		beq	.L186
 1039 0842 A2F58962 		sub	r2, r2, #1096
 1040 0846 9342     		cmp	r3, r2
 1041 0848 2BD0     		beq	.L187
 1042 084a 02F58062 		add	r2, r2, #1024
 1043 084e 9342     		cmp	r3, r2
 1044 0850 2AD0     		beq	.L188
 1045 0852 A2F56872 		sub	r2, r2, #928
 1046 0856 9342     		cmp	r3, r2
 1047 0858 29D0     		beq	.L189
 1048 085a 02F58062 		add	r2, r2, #1024
 1049 085e 9342     		cmp	r3, r2
 1050 0860 28D0     		beq	.L190
 1051 0862 A2F58962 		sub	r2, r2, #1096
 1052 0866 9342     		cmp	r3, r2
 1053 0868 27D0     		beq	.L191
 1054 086a 02F58062 		add	r2, r2, #1024
 1055 086e 9342     		cmp	r3, r2
 1056 0870 26D0     		beq	.L192
 1057 0872 A2F56872 		sub	r2, r2, #928
 1058 0876 9342     		cmp	r3, r2
 1059 0878 32D0     		beq	.L193
 1060 087a 02F58062 		add	r2, r2, #1024
 1061 087e 9342     		cmp	r3, r2
 1062 0880 02D0     		beq	.L317
 1063 0882 4FF00073 		mov	r3, #33554432
 1064 0886 03E0     		b	.L42
 1065              	.L317:
 1066 0888 4FF40023 		mov	r3, #524288
 1067 088c 00E0     		b	.L42
 1068              	.L183:
 1069 088e 0823     		movs	r3, #8
 1070              	.L42:
 1071 0890 0E4A     		ldr	r2, .L331+4
 1072 0892 D360     		str	r3, [r2, #12]
 1073 0894 0DE7     		b	.L38
 1074              	.L184:
 1075 0896 0823     		movs	r3, #8
 1076 0898 FAE7     		b	.L42
 1077              	.L185:
 1078 089a 0823     		movs	r3, #8
 1079 089c F8E7     		b	.L42
 1080              	.L186:
 1081 089e 0823     		movs	r3, #8
 1082 08a0 F6E7     		b	.L42
 1083              	.L187:
 1084 08a2 4FF40073 		mov	r3, #512
 1085 08a6 F3E7     		b	.L42
 1086              	.L188:
 1087 08a8 4FF40073 		mov	r3, #512
 1088 08ac F0E7     		b	.L42
ARM GAS  /var/folders/lp/x54gwt890xv47sdkqj1k04q40000gn/T//cc5JRRJa.s 			page 20


 1089              	.L189:
 1090 08ae 4FF40073 		mov	r3, #512
 1091 08b2 EDE7     		b	.L42
 1092              	.L190:
 1093 08b4 4FF40073 		mov	r3, #512
 1094 08b8 EAE7     		b	.L42
 1095              	.L191:
 1096 08ba 4FF40023 		mov	r3, #524288
 1097 08be E7E7     		b	.L42
 1098              	.L192:
 1099 08c0 4FF40023 		mov	r3, #524288
 1100 08c4 E4E7     		b	.L42
 1101              	.L332:
 1102 08c6 00BF     		.align	2
 1103              	.L331:
 1104 08c8 10600240 		.word	1073897488
 1105 08cc 00600240 		.word	1073897472
 1106 08d0 00640240 		.word	1073898496
 1107 08d4 58640240 		.word	1073898584
 1108 08d8 B8600240 		.word	1073897656
 1109 08dc 58600240 		.word	1073897560
 1110              	.L193:
 1111 08e0 4FF40023 		mov	r3, #524288
 1112 08e4 D4E7     		b	.L42
 1113              	.L41:
 1114 08e6 B24A     		ldr	r2, .L333
 1115 08e8 9342     		cmp	r3, r2
 1116 08ea 31D0     		beq	.L195
 1117 08ec 02F58062 		add	r2, r2, #1024
 1118 08f0 9342     		cmp	r3, r2
 1119 08f2 31D0     		beq	.L196
 1120 08f4 A2F56872 		sub	r2, r2, #928
 1121 08f8 9342     		cmp	r3, r2
 1122 08fa 2FD0     		beq	.L197
 1123 08fc 02F58062 		add	r2, r2, #1024
 1124 0900 9342     		cmp	r3, r2
 1125 0902 2DD0     		beq	.L198
 1126 0904 A2F58962 		sub	r2, r2, #1096
 1127 0908 9342     		cmp	r3, r2
 1128 090a 2BD0     		beq	.L199
 1129 090c 02F58062 		add	r2, r2, #1024
 1130 0910 9342     		cmp	r3, r2
 1131 0912 2AD0     		beq	.L200
 1132 0914 A2F56872 		sub	r2, r2, #928
 1133 0918 9342     		cmp	r3, r2
 1134 091a 29D0     		beq	.L201
 1135 091c 02F58062 		add	r2, r2, #1024
 1136 0920 9342     		cmp	r3, r2
 1137 0922 28D0     		beq	.L202
 1138 0924 A2F58962 		sub	r2, r2, #1096
 1139 0928 9342     		cmp	r3, r2
 1140 092a 27D0     		beq	.L203
 1141 092c 02F58062 		add	r2, r2, #1024
 1142 0930 9342     		cmp	r3, r2
 1143 0932 26D0     		beq	.L204
 1144 0934 A2F56872 		sub	r2, r2, #928
 1145 0938 9342     		cmp	r3, r2
ARM GAS  /var/folders/lp/x54gwt890xv47sdkqj1k04q40000gn/T//cc5JRRJa.s 			page 21


 1146 093a 25D0     		beq	.L205
 1147 093c 02F58062 		add	r2, r2, #1024
 1148 0940 9342     		cmp	r3, r2
 1149 0942 02D0     		beq	.L318
 1150 0944 4FF00073 		mov	r3, #33554432
 1151 0948 03E0     		b	.L43
 1152              	.L318:
 1153 094a 4FF40023 		mov	r3, #524288
 1154 094e 00E0     		b	.L43
 1155              	.L195:
 1156 0950 0823     		movs	r3, #8
 1157              	.L43:
 1158 0952 984A     		ldr	r2, .L333+4
 1159 0954 9360     		str	r3, [r2, #8]
 1160 0956 ACE6     		b	.L38
 1161              	.L196:
 1162 0958 0823     		movs	r3, #8
 1163 095a FAE7     		b	.L43
 1164              	.L197:
 1165 095c 0823     		movs	r3, #8
 1166 095e F8E7     		b	.L43
 1167              	.L198:
 1168 0960 0823     		movs	r3, #8
 1169 0962 F6E7     		b	.L43
 1170              	.L199:
 1171 0964 4FF40073 		mov	r3, #512
 1172 0968 F3E7     		b	.L43
 1173              	.L200:
 1174 096a 4FF40073 		mov	r3, #512
 1175 096e F0E7     		b	.L43
 1176              	.L201:
 1177 0970 4FF40073 		mov	r3, #512
 1178 0974 EDE7     		b	.L43
 1179              	.L202:
 1180 0976 4FF40073 		mov	r3, #512
 1181 097a EAE7     		b	.L43
 1182              	.L203:
 1183 097c 4FF40023 		mov	r3, #524288
 1184 0980 E7E7     		b	.L43
 1185              	.L204:
 1186 0982 4FF40023 		mov	r3, #524288
 1187 0986 E4E7     		b	.L43
 1188              	.L205:
 1189 0988 4FF40023 		mov	r3, #524288
 1190 098c E1E7     		b	.L43
 1191              	.L315:
 1192 098e 4FF48022 		mov	r2, #262144
 1193 0992 00E0     		b	.L45
 1194              	.L207:
 1195 0994 0422     		movs	r2, #4
 1196              	.L45:
 1197 0996 884B     		ldr	r3, .L333+8
 1198 0998 DA60     		str	r2, [r3, #12]
 1199              	.L46:
 1200 099a 2368     		ldr	r3, [r4]
 1201 099c 874A     		ldr	r2, .L333+12
 1202 099e 9342     		cmp	r3, r2
ARM GAS  /var/folders/lp/x54gwt890xv47sdkqj1k04q40000gn/T//cc5JRRJa.s 			page 22


 1203 09a0 40F2A181 		bls	.L52
 1204 09a4 A2F58962 		sub	r2, r2, #1096
 1205 09a8 9342     		cmp	r3, r2
 1206 09aa 00F06781 		beq	.L255
 1207 09ae 02F58062 		add	r2, r2, #1024
 1208 09b2 9342     		cmp	r3, r2
 1209 09b4 00F08081 		beq	.L256
 1210 09b8 A2F56872 		sub	r2, r2, #928
 1211 09bc 9342     		cmp	r3, r2
 1212 09be 00F07D81 		beq	.L257
 1213 09c2 02F58062 		add	r2, r2, #1024
 1214 09c6 9342     		cmp	r3, r2
 1215 09c8 00F07A81 		beq	.L258
 1216 09cc A2F58962 		sub	r2, r2, #1096
 1217 09d0 9342     		cmp	r3, r2
 1218 09d2 00F07781 		beq	.L259
 1219 09d6 02F58062 		add	r2, r2, #1024
 1220 09da 9342     		cmp	r3, r2
 1221 09dc 00F07481 		beq	.L260
 1222 09e0 A2F56872 		sub	r2, r2, #928
 1223 09e4 9342     		cmp	r3, r2
 1224 09e6 00F07181 		beq	.L261
 1225 09ea 02F58062 		add	r2, r2, #1024
 1226 09ee 9342     		cmp	r3, r2
 1227 09f0 00F06E81 		beq	.L262
 1228 09f4 A2F58962 		sub	r2, r2, #1096
 1229 09f8 9342     		cmp	r3, r2
 1230 09fa 00F06B81 		beq	.L263
 1231 09fe 02F58062 		add	r2, r2, #1024
 1232 0a02 9342     		cmp	r3, r2
 1233 0a04 00F06981 		beq	.L264
 1234 0a08 A2F56872 		sub	r2, r2, #928
 1235 0a0c 9342     		cmp	r3, r2
 1236 0a0e 00F06781 		beq	.L265
 1237 0a12 02F58062 		add	r2, r2, #1024
 1238 0a16 9342     		cmp	r3, r2
 1239 0a18 00F02D81 		beq	.L319
 1240 0a1c 4FF48002 		mov	r2, #4194304
 1241 0a20 2DE1     		b	.L53
 1242              	.L208:
 1243 0a22 0422     		movs	r2, #4
 1244 0a24 B7E7     		b	.L45
 1245              	.L209:
 1246 0a26 0422     		movs	r2, #4
 1247 0a28 B5E7     		b	.L45
 1248              	.L210:
 1249 0a2a 0422     		movs	r2, #4
 1250 0a2c B3E7     		b	.L45
 1251              	.L211:
 1252 0a2e 4FF48072 		mov	r2, #256
 1253 0a32 B0E7     		b	.L45
 1254              	.L212:
 1255 0a34 4FF48072 		mov	r2, #256
 1256 0a38 ADE7     		b	.L45
 1257              	.L213:
 1258 0a3a 4FF48072 		mov	r2, #256
 1259 0a3e AAE7     		b	.L45
ARM GAS  /var/folders/lp/x54gwt890xv47sdkqj1k04q40000gn/T//cc5JRRJa.s 			page 23


 1260              	.L214:
 1261 0a40 4FF48072 		mov	r2, #256
 1262 0a44 A7E7     		b	.L45
 1263              	.L215:
 1264 0a46 4FF48022 		mov	r2, #262144
 1265 0a4a A4E7     		b	.L45
 1266              	.L216:
 1267 0a4c 4FF48022 		mov	r2, #262144
 1268 0a50 A1E7     		b	.L45
 1269              	.L217:
 1270 0a52 4FF48022 		mov	r2, #262144
 1271 0a56 9EE7     		b	.L45
 1272              	.L44:
 1273 0a58 594A     		ldr	r2, .L333+16
 1274 0a5a 9342     		cmp	r3, r2
 1275 0a5c 53D9     		bls	.L47
 1276 0a5e A83A     		subs	r2, r2, #168
 1277 0a60 9342     		cmp	r3, r2
 1278 0a62 31D0     		beq	.L219
 1279 0a64 02F58062 		add	r2, r2, #1024
 1280 0a68 9342     		cmp	r3, r2
 1281 0a6a 31D0     		beq	.L220
 1282 0a6c A2F56872 		sub	r2, r2, #928
 1283 0a70 9342     		cmp	r3, r2
 1284 0a72 2FD0     		beq	.L221
 1285 0a74 02F58062 		add	r2, r2, #1024
 1286 0a78 9342     		cmp	r3, r2
 1287 0a7a 2DD0     		beq	.L222
 1288 0a7c A2F58962 		sub	r2, r2, #1096
 1289 0a80 9342     		cmp	r3, r2
 1290 0a82 2BD0     		beq	.L223
 1291 0a84 02F58062 		add	r2, r2, #1024
 1292 0a88 9342     		cmp	r3, r2
 1293 0a8a 2AD0     		beq	.L224
 1294 0a8c A2F56872 		sub	r2, r2, #928
 1295 0a90 9342     		cmp	r3, r2
 1296 0a92 29D0     		beq	.L225
 1297 0a94 02F58062 		add	r2, r2, #1024
 1298 0a98 9342     		cmp	r3, r2
 1299 0a9a 28D0     		beq	.L226
 1300 0a9c A2F58962 		sub	r2, r2, #1096
 1301 0aa0 9342     		cmp	r3, r2
 1302 0aa2 27D0     		beq	.L227
 1303 0aa4 02F58062 		add	r2, r2, #1024
 1304 0aa8 9342     		cmp	r3, r2
 1305 0aaa 26D0     		beq	.L228
 1306 0aac A2F56872 		sub	r2, r2, #928
 1307 0ab0 9342     		cmp	r3, r2
 1308 0ab2 25D0     		beq	.L229
 1309 0ab4 02F58062 		add	r2, r2, #1024
 1310 0ab8 9342     		cmp	r3, r2
 1311 0aba 02D0     		beq	.L320
 1312 0abc 4FF08073 		mov	r3, #16777216
 1313 0ac0 03E0     		b	.L48
 1314              	.L320:
 1315 0ac2 4FF48023 		mov	r3, #262144
 1316 0ac6 00E0     		b	.L48
ARM GAS  /var/folders/lp/x54gwt890xv47sdkqj1k04q40000gn/T//cc5JRRJa.s 			page 24


 1317              	.L219:
 1318 0ac8 0423     		movs	r3, #4
 1319              	.L48:
 1320 0aca 3B4A     		ldr	r2, .L333+8
 1321 0acc 9360     		str	r3, [r2, #8]
 1322 0ace 64E7     		b	.L46
 1323              	.L220:
 1324 0ad0 0423     		movs	r3, #4
 1325 0ad2 FAE7     		b	.L48
 1326              	.L221:
 1327 0ad4 0423     		movs	r3, #4
 1328 0ad6 F8E7     		b	.L48
 1329              	.L222:
 1330 0ad8 0423     		movs	r3, #4
 1331 0ada F6E7     		b	.L48
 1332              	.L223:
 1333 0adc 4FF48073 		mov	r3, #256
 1334 0ae0 F3E7     		b	.L48
 1335              	.L224:
 1336 0ae2 4FF48073 		mov	r3, #256
 1337 0ae6 F0E7     		b	.L48
 1338              	.L225:
 1339 0ae8 4FF48073 		mov	r3, #256
 1340 0aec EDE7     		b	.L48
 1341              	.L226:
 1342 0aee 4FF48073 		mov	r3, #256
 1343 0af2 EAE7     		b	.L48
 1344              	.L227:
 1345 0af4 4FF48023 		mov	r3, #262144
 1346 0af8 E7E7     		b	.L48
 1347              	.L228:
 1348 0afa 4FF48023 		mov	r3, #262144
 1349 0afe E4E7     		b	.L48
 1350              	.L229:
 1351 0b00 4FF48023 		mov	r3, #262144
 1352 0b04 E1E7     		b	.L48
 1353              	.L47:
 1354 0b06 2F4A     		ldr	r2, .L333+20
 1355 0b08 9342     		cmp	r3, r2
 1356 0b0a 60D9     		bls	.L49
 1357 0b0c 483A     		subs	r2, r2, #72
 1358 0b0e 9342     		cmp	r3, r2
 1359 0b10 31D0     		beq	.L231
 1360 0b12 02F58062 		add	r2, r2, #1024
 1361 0b16 9342     		cmp	r3, r2
 1362 0b18 31D0     		beq	.L232
 1363 0b1a A2F56872 		sub	r2, r2, #928
 1364 0b1e 9342     		cmp	r3, r2
 1365 0b20 2FD0     		beq	.L233
 1366 0b22 02F58062 		add	r2, r2, #1024
 1367 0b26 9342     		cmp	r3, r2
 1368 0b28 2DD0     		beq	.L234
 1369 0b2a A2F58962 		sub	r2, r2, #1096
 1370 0b2e 9342     		cmp	r3, r2
 1371 0b30 2BD0     		beq	.L235
 1372 0b32 02F58062 		add	r2, r2, #1024
 1373 0b36 9342     		cmp	r3, r2
ARM GAS  /var/folders/lp/x54gwt890xv47sdkqj1k04q40000gn/T//cc5JRRJa.s 			page 25


 1374 0b38 2AD0     		beq	.L236
 1375 0b3a A2F56872 		sub	r2, r2, #928
 1376 0b3e 9342     		cmp	r3, r2
 1377 0b40 29D0     		beq	.L237
 1378 0b42 02F58062 		add	r2, r2, #1024
 1379 0b46 9342     		cmp	r3, r2
 1380 0b48 28D0     		beq	.L238
 1381 0b4a A2F58962 		sub	r2, r2, #1096
 1382 0b4e 9342     		cmp	r3, r2
 1383 0b50 27D0     		beq	.L239
 1384 0b52 02F58062 		add	r2, r2, #1024
 1385 0b56 9342     		cmp	r3, r2
 1386 0b58 26D0     		beq	.L240
 1387 0b5a A2F56872 		sub	r2, r2, #928
 1388 0b5e 9342     		cmp	r3, r2
 1389 0b60 32D0     		beq	.L241
 1390 0b62 02F58062 		add	r2, r2, #1024
 1391 0b66 9342     		cmp	r3, r2
 1392 0b68 02D0     		beq	.L321
 1393 0b6a 4FF08073 		mov	r3, #16777216
 1394 0b6e 03E0     		b	.L50
 1395              	.L321:
 1396 0b70 4FF48023 		mov	r3, #262144
 1397 0b74 00E0     		b	.L50
 1398              	.L231:
 1399 0b76 0423     		movs	r3, #4
 1400              	.L50:
 1401 0b78 0E4A     		ldr	r2, .L333+4
 1402 0b7a D360     		str	r3, [r2, #12]
 1403 0b7c 0DE7     		b	.L46
 1404              	.L232:
 1405 0b7e 0423     		movs	r3, #4
 1406 0b80 FAE7     		b	.L50
 1407              	.L233:
 1408 0b82 0423     		movs	r3, #4
 1409 0b84 F8E7     		b	.L50
 1410              	.L234:
 1411 0b86 0423     		movs	r3, #4
 1412 0b88 F6E7     		b	.L50
 1413              	.L235:
 1414 0b8a 4FF48073 		mov	r3, #256
 1415 0b8e F3E7     		b	.L50
 1416              	.L236:
 1417 0b90 4FF48073 		mov	r3, #256
 1418 0b94 F0E7     		b	.L50
 1419              	.L237:
 1420 0b96 4FF48073 		mov	r3, #256
 1421 0b9a EDE7     		b	.L50
 1422              	.L238:
 1423 0b9c 4FF48073 		mov	r3, #256
 1424 0ba0 EAE7     		b	.L50
 1425              	.L239:
 1426 0ba2 4FF48023 		mov	r3, #262144
 1427 0ba6 E7E7     		b	.L50
 1428              	.L240:
 1429 0ba8 4FF48023 		mov	r3, #262144
 1430 0bac E4E7     		b	.L50
ARM GAS  /var/folders/lp/x54gwt890xv47sdkqj1k04q40000gn/T//cc5JRRJa.s 			page 26


 1431              	.L334:
 1432 0bae 00BF     		.align	2
 1433              	.L333:
 1434 0bb0 10600240 		.word	1073897488
 1435 0bb4 00600240 		.word	1073897472
 1436 0bb8 00640240 		.word	1073898496
 1437 0bbc 58640240 		.word	1073898584
 1438 0bc0 B8600240 		.word	1073897656
 1439 0bc4 58600240 		.word	1073897560
 1440              	.L241:
 1441 0bc8 4FF48023 		mov	r3, #262144
 1442 0bcc D4E7     		b	.L50
 1443              	.L49:
 1444 0bce 994A     		ldr	r2, .L335
 1445 0bd0 9342     		cmp	r3, r2
 1446 0bd2 31D0     		beq	.L243
 1447 0bd4 02F58062 		add	r2, r2, #1024
 1448 0bd8 9342     		cmp	r3, r2
 1449 0bda 31D0     		beq	.L244
 1450 0bdc A2F56872 		sub	r2, r2, #928
 1451 0be0 9342     		cmp	r3, r2
 1452 0be2 2FD0     		beq	.L245
 1453 0be4 02F58062 		add	r2, r2, #1024
 1454 0be8 9342     		cmp	r3, r2
 1455 0bea 2DD0     		beq	.L246
 1456 0bec A2F58962 		sub	r2, r2, #1096
 1457 0bf0 9342     		cmp	r3, r2
 1458 0bf2 2BD0     		beq	.L247
 1459 0bf4 02F58062 		add	r2, r2, #1024
 1460 0bf8 9342     		cmp	r3, r2
 1461 0bfa 2AD0     		beq	.L248
 1462 0bfc A2F56872 		sub	r2, r2, #928
 1463 0c00 9342     		cmp	r3, r2
 1464 0c02 29D0     		beq	.L249
 1465 0c04 02F58062 		add	r2, r2, #1024
 1466 0c08 9342     		cmp	r3, r2
 1467 0c0a 28D0     		beq	.L250
 1468 0c0c A2F58962 		sub	r2, r2, #1096
 1469 0c10 9342     		cmp	r3, r2
 1470 0c12 27D0     		beq	.L251
 1471 0c14 02F58062 		add	r2, r2, #1024
 1472 0c18 9342     		cmp	r3, r2
 1473 0c1a 26D0     		beq	.L252
 1474 0c1c A2F56872 		sub	r2, r2, #928
 1475 0c20 9342     		cmp	r3, r2
 1476 0c22 25D0     		beq	.L253
 1477 0c24 02F58062 		add	r2, r2, #1024
 1478 0c28 9342     		cmp	r3, r2
 1479 0c2a 02D0     		beq	.L322
 1480 0c2c 4FF08073 		mov	r3, #16777216
 1481 0c30 03E0     		b	.L51
 1482              	.L322:
 1483 0c32 4FF48023 		mov	r3, #262144
 1484 0c36 00E0     		b	.L51
 1485              	.L243:
 1486 0c38 0423     		movs	r3, #4
 1487              	.L51:
ARM GAS  /var/folders/lp/x54gwt890xv47sdkqj1k04q40000gn/T//cc5JRRJa.s 			page 27


 1488 0c3a 7F4A     		ldr	r2, .L335+4
 1489 0c3c 9360     		str	r3, [r2, #8]
 1490 0c3e ACE6     		b	.L46
 1491              	.L244:
 1492 0c40 0423     		movs	r3, #4
 1493 0c42 FAE7     		b	.L51
 1494              	.L245:
 1495 0c44 0423     		movs	r3, #4
 1496 0c46 F8E7     		b	.L51
 1497              	.L246:
 1498 0c48 0423     		movs	r3, #4
 1499 0c4a F6E7     		b	.L51
 1500              	.L247:
 1501 0c4c 4FF48073 		mov	r3, #256
 1502 0c50 F3E7     		b	.L51
 1503              	.L248:
 1504 0c52 4FF48073 		mov	r3, #256
 1505 0c56 F0E7     		b	.L51
 1506              	.L249:
 1507 0c58 4FF48073 		mov	r3, #256
 1508 0c5c EDE7     		b	.L51
 1509              	.L250:
 1510 0c5e 4FF48073 		mov	r3, #256
 1511 0c62 EAE7     		b	.L51
 1512              	.L251:
 1513 0c64 4FF48023 		mov	r3, #262144
 1514 0c68 E7E7     		b	.L51
 1515              	.L252:
 1516 0c6a 4FF48023 		mov	r3, #262144
 1517 0c6e E4E7     		b	.L51
 1518              	.L253:
 1519 0c70 4FF48023 		mov	r3, #262144
 1520 0c74 E1E7     		b	.L51
 1521              	.L319:
 1522 0c76 4FF48032 		mov	r2, #65536
 1523 0c7a 00E0     		b	.L53
 1524              	.L255:
 1525 0c7c 0122     		movs	r2, #1
 1526              	.L53:
 1527 0c7e 6F4B     		ldr	r3, .L335+8
 1528 0c80 DA60     		str	r2, [r3, #12]
 1529              	.L54:
 1530 0c82 2268     		ldr	r2, [r4]
 1531 0c84 1368     		ldr	r3, [r2]
 1532 0c86 43F01603 		orr	r3, r3, #22
 1533 0c8a 1360     		str	r3, [r2]
 1534 0c8c 2268     		ldr	r2, [r4]
 1535 0c8e 5369     		ldr	r3, [r2, #20]
 1536 0c90 43F08003 		orr	r3, r3, #128
 1537 0c94 5361     		str	r3, [r2, #20]
 1538 0c96 236C     		ldr	r3, [r4, #64]
 1539 0c98 002B     		cmp	r3, #0
 1540 0c9a 00F02581 		beq	.L323
 1541              	.L60:
 1542 0c9e 2268     		ldr	r2, [r4]
 1543 0ca0 1368     		ldr	r3, [r2]
 1544 0ca2 43F00803 		orr	r3, r3, #8
ARM GAS  /var/folders/lp/x54gwt890xv47sdkqj1k04q40000gn/T//cc5JRRJa.s 			page 28


 1545 0ca6 1360     		str	r3, [r2]
 1546              	.L61:
 1547 0ca8 2268     		ldr	r2, [r4]
 1548 0caa 1368     		ldr	r3, [r2]
 1549 0cac 43F00103 		orr	r3, r3, #1
 1550 0cb0 1360     		str	r3, [r2]
 1551 0cb2 0020     		movs	r0, #0
 1552 0cb4 FFF7C9B9 		b	.L16
 1553              	.L256:
 1554 0cb8 0122     		movs	r2, #1
 1555 0cba E0E7     		b	.L53
 1556              	.L257:
 1557 0cbc 0122     		movs	r2, #1
 1558 0cbe DEE7     		b	.L53
 1559              	.L258:
 1560 0cc0 0122     		movs	r2, #1
 1561 0cc2 DCE7     		b	.L53
 1562              	.L259:
 1563 0cc4 4022     		movs	r2, #64
 1564 0cc6 DAE7     		b	.L53
 1565              	.L260:
 1566 0cc8 4022     		movs	r2, #64
 1567 0cca D8E7     		b	.L53
 1568              	.L261:
 1569 0ccc 4022     		movs	r2, #64
 1570 0cce D6E7     		b	.L53
 1571              	.L262:
 1572 0cd0 4022     		movs	r2, #64
 1573 0cd2 D4E7     		b	.L53
 1574              	.L263:
 1575 0cd4 4FF48032 		mov	r2, #65536
 1576 0cd8 D1E7     		b	.L53
 1577              	.L264:
 1578 0cda 4FF48032 		mov	r2, #65536
 1579 0cde CEE7     		b	.L53
 1580              	.L265:
 1581 0ce0 4FF48032 		mov	r2, #65536
 1582 0ce4 CBE7     		b	.L53
 1583              	.L52:
 1584 0ce6 564A     		ldr	r2, .L335+12
 1585 0ce8 9342     		cmp	r3, r2
 1586 0cea 4FD9     		bls	.L55
 1587 0cec A83A     		subs	r2, r2, #168
 1588 0cee 9342     		cmp	r3, r2
 1589 0cf0 31D0     		beq	.L267
 1590 0cf2 02F58062 		add	r2, r2, #1024
 1591 0cf6 9342     		cmp	r3, r2
 1592 0cf8 31D0     		beq	.L268
 1593 0cfa A2F56872 		sub	r2, r2, #928
 1594 0cfe 9342     		cmp	r3, r2
 1595 0d00 2FD0     		beq	.L269
 1596 0d02 02F58062 		add	r2, r2, #1024
 1597 0d06 9342     		cmp	r3, r2
 1598 0d08 2DD0     		beq	.L270
 1599 0d0a A2F58962 		sub	r2, r2, #1096
 1600 0d0e 9342     		cmp	r3, r2
 1601 0d10 2BD0     		beq	.L271
ARM GAS  /var/folders/lp/x54gwt890xv47sdkqj1k04q40000gn/T//cc5JRRJa.s 			page 29


 1602 0d12 02F58062 		add	r2, r2, #1024
 1603 0d16 9342     		cmp	r3, r2
 1604 0d18 29D0     		beq	.L272
 1605 0d1a A2F56872 		sub	r2, r2, #928
 1606 0d1e 9342     		cmp	r3, r2
 1607 0d20 27D0     		beq	.L273
 1608 0d22 02F58062 		add	r2, r2, #1024
 1609 0d26 9342     		cmp	r3, r2
 1610 0d28 25D0     		beq	.L274
 1611 0d2a A2F58962 		sub	r2, r2, #1096
 1612 0d2e 9342     		cmp	r3, r2
 1613 0d30 23D0     		beq	.L275
 1614 0d32 02F58062 		add	r2, r2, #1024
 1615 0d36 9342     		cmp	r3, r2
 1616 0d38 22D0     		beq	.L276
 1617 0d3a A2F56872 		sub	r2, r2, #928
 1618 0d3e 9342     		cmp	r3, r2
 1619 0d40 21D0     		beq	.L277
 1620 0d42 02F58062 		add	r2, r2, #1024
 1621 0d46 9342     		cmp	r3, r2
 1622 0d48 02D0     		beq	.L324
 1623 0d4a 4FF48003 		mov	r3, #4194304
 1624 0d4e 03E0     		b	.L56
 1625              	.L324:
 1626 0d50 4FF48033 		mov	r3, #65536
 1627 0d54 00E0     		b	.L56
 1628              	.L267:
 1629 0d56 0123     		movs	r3, #1
 1630              	.L56:
 1631 0d58 384A     		ldr	r2, .L335+8
 1632 0d5a 9360     		str	r3, [r2, #8]
 1633 0d5c 91E7     		b	.L54
 1634              	.L268:
 1635 0d5e 0123     		movs	r3, #1
 1636 0d60 FAE7     		b	.L56
 1637              	.L269:
 1638 0d62 0123     		movs	r3, #1
 1639 0d64 F8E7     		b	.L56
 1640              	.L270:
 1641 0d66 0123     		movs	r3, #1
 1642 0d68 F6E7     		b	.L56
 1643              	.L271:
 1644 0d6a 4023     		movs	r3, #64
 1645 0d6c F4E7     		b	.L56
 1646              	.L272:
 1647 0d6e 4023     		movs	r3, #64
 1648 0d70 F2E7     		b	.L56
 1649              	.L273:
 1650 0d72 4023     		movs	r3, #64
 1651 0d74 F0E7     		b	.L56
 1652              	.L274:
 1653 0d76 4023     		movs	r3, #64
 1654 0d78 EEE7     		b	.L56
 1655              	.L275:
 1656 0d7a 4FF48033 		mov	r3, #65536
 1657 0d7e EBE7     		b	.L56
 1658              	.L276:
ARM GAS  /var/folders/lp/x54gwt890xv47sdkqj1k04q40000gn/T//cc5JRRJa.s 			page 30


 1659 0d80 4FF48033 		mov	r3, #65536
 1660 0d84 E8E7     		b	.L56
 1661              	.L277:
 1662 0d86 4FF48033 		mov	r3, #65536
 1663 0d8a E5E7     		b	.L56
 1664              	.L55:
 1665 0d8c 2D4A     		ldr	r2, .L335+16
 1666 0d8e 9342     		cmp	r3, r2
 1667 0d90 5AD9     		bls	.L57
 1668 0d92 483A     		subs	r2, r2, #72
 1669 0d94 9342     		cmp	r3, r2
 1670 0d96 31D0     		beq	.L279
 1671 0d98 02F58062 		add	r2, r2, #1024
 1672 0d9c 9342     		cmp	r3, r2
 1673 0d9e 31D0     		beq	.L280
 1674 0da0 A2F56872 		sub	r2, r2, #928
 1675 0da4 9342     		cmp	r3, r2
 1676 0da6 2FD0     		beq	.L281
 1677 0da8 02F58062 		add	r2, r2, #1024
 1678 0dac 9342     		cmp	r3, r2
 1679 0dae 2DD0     		beq	.L282
 1680 0db0 A2F58962 		sub	r2, r2, #1096
 1681 0db4 9342     		cmp	r3, r2
 1682 0db6 2BD0     		beq	.L283
 1683 0db8 02F58062 		add	r2, r2, #1024
 1684 0dbc 9342     		cmp	r3, r2
 1685 0dbe 29D0     		beq	.L284
 1686 0dc0 A2F56872 		sub	r2, r2, #928
 1687 0dc4 9342     		cmp	r3, r2
 1688 0dc6 27D0     		beq	.L285
 1689 0dc8 02F58062 		add	r2, r2, #1024
 1690 0dcc 9342     		cmp	r3, r2
 1691 0dce 25D0     		beq	.L286
 1692 0dd0 A2F58962 		sub	r2, r2, #1096
 1693 0dd4 9342     		cmp	r3, r2
 1694 0dd6 23D0     		beq	.L287
 1695 0dd8 02F58062 		add	r2, r2, #1024
 1696 0ddc 9342     		cmp	r3, r2
 1697 0dde 22D0     		beq	.L288
 1698 0de0 A2F56872 		sub	r2, r2, #928
 1699 0de4 9342     		cmp	r3, r2
 1700 0de6 21D0     		beq	.L289
 1701 0de8 02F58062 		add	r2, r2, #1024
 1702 0dec 9342     		cmp	r3, r2
 1703 0dee 02D0     		beq	.L325
 1704 0df0 4FF48003 		mov	r3, #4194304
 1705 0df4 03E0     		b	.L58
 1706              	.L325:
 1707 0df6 4FF48033 		mov	r3, #65536
 1708 0dfa 00E0     		b	.L58
 1709              	.L279:
 1710 0dfc 0123     		movs	r3, #1
 1711              	.L58:
 1712 0dfe 0E4A     		ldr	r2, .L335+4
 1713 0e00 D360     		str	r3, [r2, #12]
 1714 0e02 3EE7     		b	.L54
 1715              	.L280:
ARM GAS  /var/folders/lp/x54gwt890xv47sdkqj1k04q40000gn/T//cc5JRRJa.s 			page 31


 1716 0e04 0123     		movs	r3, #1
 1717 0e06 FAE7     		b	.L58
 1718              	.L281:
 1719 0e08 0123     		movs	r3, #1
 1720 0e0a F8E7     		b	.L58
 1721              	.L282:
 1722 0e0c 0123     		movs	r3, #1
 1723 0e0e F6E7     		b	.L58
 1724              	.L283:
 1725 0e10 4023     		movs	r3, #64
 1726 0e12 F4E7     		b	.L58
 1727              	.L284:
 1728 0e14 4023     		movs	r3, #64
 1729 0e16 F2E7     		b	.L58
 1730              	.L285:
 1731 0e18 4023     		movs	r3, #64
 1732 0e1a F0E7     		b	.L58
 1733              	.L286:
 1734 0e1c 4023     		movs	r3, #64
 1735 0e1e EEE7     		b	.L58
 1736              	.L287:
 1737 0e20 4FF48033 		mov	r3, #65536
 1738 0e24 EBE7     		b	.L58
 1739              	.L288:
 1740 0e26 4FF48033 		mov	r3, #65536
 1741 0e2a E8E7     		b	.L58
 1742              	.L289:
 1743 0e2c 4FF48033 		mov	r3, #65536
 1744 0e30 E5E7     		b	.L58
 1745              	.L336:
 1746 0e32 00BF     		.align	2
 1747              	.L335:
 1748 0e34 10600240 		.word	1073897488
 1749 0e38 00600240 		.word	1073897472
 1750 0e3c 00640240 		.word	1073898496
 1751 0e40 B8600240 		.word	1073897656
 1752 0e44 58600240 		.word	1073897560
 1753              	.L57:
 1754 0e48 2B4A     		ldr	r2, .L337
 1755 0e4a 9342     		cmp	r3, r2
 1756 0e4c 31D0     		beq	.L291
 1757 0e4e 02F58062 		add	r2, r2, #1024
 1758 0e52 9342     		cmp	r3, r2
 1759 0e54 31D0     		beq	.L292
 1760 0e56 A2F56872 		sub	r2, r2, #928
 1761 0e5a 9342     		cmp	r3, r2
 1762 0e5c 2FD0     		beq	.L293
 1763 0e5e 02F58062 		add	r2, r2, #1024
 1764 0e62 9342     		cmp	r3, r2
 1765 0e64 2DD0     		beq	.L294
 1766 0e66 A2F58962 		sub	r2, r2, #1096
 1767 0e6a 9342     		cmp	r3, r2
 1768 0e6c 2BD0     		beq	.L295
 1769 0e6e 02F58062 		add	r2, r2, #1024
 1770 0e72 9342     		cmp	r3, r2
 1771 0e74 29D0     		beq	.L296
 1772 0e76 A2F56872 		sub	r2, r2, #928
ARM GAS  /var/folders/lp/x54gwt890xv47sdkqj1k04q40000gn/T//cc5JRRJa.s 			page 32


 1773 0e7a 9342     		cmp	r3, r2
 1774 0e7c 27D0     		beq	.L297
 1775 0e7e 02F58062 		add	r2, r2, #1024
 1776 0e82 9342     		cmp	r3, r2
 1777 0e84 25D0     		beq	.L298
 1778 0e86 A2F58962 		sub	r2, r2, #1096
 1779 0e8a 9342     		cmp	r3, r2
 1780 0e8c 23D0     		beq	.L299
 1781 0e8e 02F58062 		add	r2, r2, #1024
 1782 0e92 9342     		cmp	r3, r2
 1783 0e94 22D0     		beq	.L300
 1784 0e96 A2F56872 		sub	r2, r2, #928
 1785 0e9a 9342     		cmp	r3, r2
 1786 0e9c 21D0     		beq	.L301
 1787 0e9e 02F58062 		add	r2, r2, #1024
 1788 0ea2 9342     		cmp	r3, r2
 1789 0ea4 02D0     		beq	.L326
 1790 0ea6 4FF48003 		mov	r3, #4194304
 1791 0eaa 03E0     		b	.L59
 1792              	.L326:
 1793 0eac 4FF48033 		mov	r3, #65536
 1794 0eb0 00E0     		b	.L59
 1795              	.L291:
 1796 0eb2 0123     		movs	r3, #1
 1797              	.L59:
 1798 0eb4 114A     		ldr	r2, .L337+4
 1799 0eb6 9360     		str	r3, [r2, #8]
 1800 0eb8 E3E6     		b	.L54
 1801              	.L292:
 1802 0eba 0123     		movs	r3, #1
 1803 0ebc FAE7     		b	.L59
 1804              	.L293:
 1805 0ebe 0123     		movs	r3, #1
 1806 0ec0 F8E7     		b	.L59
 1807              	.L294:
 1808 0ec2 0123     		movs	r3, #1
 1809 0ec4 F6E7     		b	.L59
 1810              	.L295:
 1811 0ec6 4023     		movs	r3, #64
 1812 0ec8 F4E7     		b	.L59
 1813              	.L296:
 1814 0eca 4023     		movs	r3, #64
 1815 0ecc F2E7     		b	.L59
 1816              	.L297:
 1817 0ece 4023     		movs	r3, #64
 1818 0ed0 F0E7     		b	.L59
 1819              	.L298:
 1820 0ed2 4023     		movs	r3, #64
 1821 0ed4 EEE7     		b	.L59
 1822              	.L299:
 1823 0ed6 4FF48033 		mov	r3, #65536
 1824 0eda EBE7     		b	.L59
 1825              	.L300:
 1826 0edc 4FF48033 		mov	r3, #65536
 1827 0ee0 E8E7     		b	.L59
 1828              	.L301:
 1829 0ee2 4FF48033 		mov	r3, #65536
ARM GAS  /var/folders/lp/x54gwt890xv47sdkqj1k04q40000gn/T//cc5JRRJa.s 			page 33


 1830 0ee6 E5E7     		b	.L59
 1831              	.L323:
 1832 0ee8 A36C     		ldr	r3, [r4, #72]
 1833 0eea 002B     		cmp	r3, #0
 1834 0eec 7FF4D7AE 		bne	.L60
 1835 0ef0 DAE6     		b	.L61
 1836              	.L62:
 1837 0ef2 0220     		movs	r0, #2
 1838 0ef4 FFF7A9B8 		b	.L16
 1839              	.L338:
 1840              		.align	2
 1841              	.L337:
 1842 0ef8 10600240 		.word	1073897488
 1843 0efc 00600240 		.word	1073897472
 1845              		.section	.text.HAL_DMAEx_ChangeMemory,"ax",%progbits
 1846              		.align	1
 1847              		.global	HAL_DMAEx_ChangeMemory
 1848              		.syntax unified
 1849              		.thumb
 1850              		.thumb_func
 1852              	HAL_DMAEx_ChangeMemory:
 1853              		@ args = 0, pretend = 0, frame = 0
 1854              		@ frame_needed = 0, uses_anonymous_args = 0
 1855              		@ link register save eliminated.
 1856 0000 1AB9     		cbnz	r2, .L340
 1857 0002 0368     		ldr	r3, [r0]
 1858 0004 D960     		str	r1, [r3, #12]
 1859              	.L341:
 1860 0006 0020     		movs	r0, #0
 1861 0008 7047     		bx	lr
 1862              	.L340:
 1863 000a 0368     		ldr	r3, [r0]
 1864 000c 1961     		str	r1, [r3, #16]
 1865 000e FAE7     		b	.L341
 1867              		.ident	"GCC: (xPack GNU Arm Embedded GCC arm64) 13.3.1 20240614"
ARM GAS  /var/folders/lp/x54gwt890xv47sdkqj1k04q40000gn/T//cc5JRRJa.s 			page 34


DEFINED SYMBOLS
                            *ABS*:00000000 stm32f4xx_hal_dma_ex.c
/var/folders/lp/x54gwt890xv47sdkqj1k04q40000gn/T//cc5JRRJa.s:18     .text.DMA_MultiBufferSetConfig:00000000 $t
/var/folders/lp/x54gwt890xv47sdkqj1k04q40000gn/T//cc5JRRJa.s:23     .text.DMA_MultiBufferSetConfig:00000000 DMA_MultiBufferSetConfig
/var/folders/lp/x54gwt890xv47sdkqj1k04q40000gn/T//cc5JRRJa.s:48     .text.HAL_DMAEx_MultiBufferStart:00000000 $t
/var/folders/lp/x54gwt890xv47sdkqj1k04q40000gn/T//cc5JRRJa.s:54     .text.HAL_DMAEx_MultiBufferStart:00000000 HAL_DMAEx_MultiBufferStart
/var/folders/lp/x54gwt890xv47sdkqj1k04q40000gn/T//cc5JRRJa.s:102    .text.HAL_DMAEx_MultiBufferStart_IT:00000000 $t
/var/folders/lp/x54gwt890xv47sdkqj1k04q40000gn/T//cc5JRRJa.s:108    .text.HAL_DMAEx_MultiBufferStart_IT:00000000 HAL_DMAEx_MultiBufferStart_IT
/var/folders/lp/x54gwt890xv47sdkqj1k04q40000gn/T//cc5JRRJa.s:448    .text.HAL_DMAEx_MultiBufferStart_IT:00000304 $d
/var/folders/lp/x54gwt890xv47sdkqj1k04q40000gn/T//cc5JRRJa.s:454    .text.HAL_DMAEx_MultiBufferStart_IT:00000318 $t
/var/folders/lp/x54gwt890xv47sdkqj1k04q40000gn/T//cc5JRRJa.s:774    .text.HAL_DMAEx_MultiBufferStart_IT:000005e0 $d
/var/folders/lp/x54gwt890xv47sdkqj1k04q40000gn/T//cc5JRRJa.s:781    .text.HAL_DMAEx_MultiBufferStart_IT:000005f8 $t
/var/folders/lp/x54gwt890xv47sdkqj1k04q40000gn/T//cc5JRRJa.s:1104   .text.HAL_DMAEx_MultiBufferStart_IT:000008c8 $d
/var/folders/lp/x54gwt890xv47sdkqj1k04q40000gn/T//cc5JRRJa.s:1111   .text.HAL_DMAEx_MultiBufferStart_IT:000008e0 $t
/var/folders/lp/x54gwt890xv47sdkqj1k04q40000gn/T//cc5JRRJa.s:1434   .text.HAL_DMAEx_MultiBufferStart_IT:00000bb0 $d
/var/folders/lp/x54gwt890xv47sdkqj1k04q40000gn/T//cc5JRRJa.s:1441   .text.HAL_DMAEx_MultiBufferStart_IT:00000bc8 $t
/var/folders/lp/x54gwt890xv47sdkqj1k04q40000gn/T//cc5JRRJa.s:1748   .text.HAL_DMAEx_MultiBufferStart_IT:00000e34 $d
/var/folders/lp/x54gwt890xv47sdkqj1k04q40000gn/T//cc5JRRJa.s:1754   .text.HAL_DMAEx_MultiBufferStart_IT:00000e48 $t
/var/folders/lp/x54gwt890xv47sdkqj1k04q40000gn/T//cc5JRRJa.s:1842   .text.HAL_DMAEx_MultiBufferStart_IT:00000ef8 $d
/var/folders/lp/x54gwt890xv47sdkqj1k04q40000gn/T//cc5JRRJa.s:1846   .text.HAL_DMAEx_ChangeMemory:00000000 $t
/var/folders/lp/x54gwt890xv47sdkqj1k04q40000gn/T//cc5JRRJa.s:1852   .text.HAL_DMAEx_ChangeMemory:00000000 HAL_DMAEx_ChangeMemory

NO UNDEFINED SYMBOLS
