ARM GAS  /var/folders/lp/x54gwt890xv47sdkqj1k04q40000gn/T//cc38Pbrc.s 			page 1


   1              		.cpu cortex-m4
   2              		.arch armv7e-m
   3              		.fpu fpv4-sp-d16
   4              		.eabi_attribute 27, 1
   5              		.eabi_attribute 28, 1
   6              		.eabi_attribute 20, 1
   7              		.eabi_attribute 21, 1
   8              		.eabi_attribute 23, 3
   9              		.eabi_attribute 24, 1
  10              		.eabi_attribute 25, 1
  11              		.eabi_attribute 26, 1
  12              		.eabi_attribute 30, 1
  13              		.eabi_attribute 34, 1
  14              		.eabi_attribute 18, 4
  15              		.file	"stm32f4xx_hal.c"
  16              		.text
  17              		.section	.text.HAL_MspInit,"ax",%progbits
  18              		.align	1
  19              		.weak	HAL_MspInit
  20              		.syntax unified
  21              		.thumb
  22              		.thumb_func
  24              	HAL_MspInit:
  25              		@ args = 0, pretend = 0, frame = 0
  26              		@ frame_needed = 0, uses_anonymous_args = 0
  27              		@ link register save eliminated.
  28 0000 7047     		bx	lr
  30              		.section	.text.HAL_MspDeInit,"ax",%progbits
  31              		.align	1
  32              		.weak	HAL_MspDeInit
  33              		.syntax unified
  34              		.thumb
  35              		.thumb_func
  37              	HAL_MspDeInit:
  38              		@ args = 0, pretend = 0, frame = 0
  39              		@ frame_needed = 0, uses_anonymous_args = 0
  40              		@ link register save eliminated.
  41 0000 7047     		bx	lr
  43              		.section	.text.HAL_DeInit,"ax",%progbits
  44              		.align	1
  45              		.global	HAL_DeInit
  46              		.syntax unified
  47              		.thumb
  48              		.thumb_func
  50              	HAL_DeInit:
  51              		@ args = 0, pretend = 0, frame = 0
  52              		@ frame_needed = 0, uses_anonymous_args = 0
  53 0000 10B5     		push	{r4, lr}
  54 0002 094B     		ldr	r3, .L5
  55 0004 4FF0FF32 		mov	r2, #-1
  56 0008 1A62     		str	r2, [r3, #32]
  57 000a 0024     		movs	r4, #0
  58 000c 1C62     		str	r4, [r3, #32]
  59 000e 5A62     		str	r2, [r3, #36]
  60 0010 5C62     		str	r4, [r3, #36]
  61 0012 1A61     		str	r2, [r3, #16]
  62 0014 1C61     		str	r4, [r3, #16]
ARM GAS  /var/folders/lp/x54gwt890xv47sdkqj1k04q40000gn/T//cc38Pbrc.s 			page 2


  63 0016 5A61     		str	r2, [r3, #20]
  64 0018 5C61     		str	r4, [r3, #20]
  65 001a 9A61     		str	r2, [r3, #24]
  66 001c 9C61     		str	r4, [r3, #24]
  67 001e FFF7FEFF 		bl	HAL_MspDeInit
  68 0022 2046     		mov	r0, r4
  69 0024 10BD     		pop	{r4, pc}
  70              	.L6:
  71 0026 00BF     		.align	2
  72              	.L5:
  73 0028 00380240 		.word	1073887232
  75              		.section	.text.HAL_InitTick,"ax",%progbits
  76              		.align	1
  77              		.weak	HAL_InitTick
  78              		.syntax unified
  79              		.thumb
  80              		.thumb_func
  82              	HAL_InitTick:
  83              		@ args = 0, pretend = 0, frame = 0
  84              		@ frame_needed = 0, uses_anonymous_args = 0
  85 0000 10B5     		push	{r4, lr}
  86 0002 0446     		mov	r4, r0
  87 0004 0E4B     		ldr	r3, .L13
  88 0006 1A78     		ldrb	r2, [r3]	@ zero_extendqisi2
  89 0008 4FF47A73 		mov	r3, #1000
  90 000c B3FBF2F3 		udiv	r3, r3, r2
  91 0010 0C4A     		ldr	r2, .L13+4
  92 0012 1068     		ldr	r0, [r2]
  93 0014 B0FBF3F0 		udiv	r0, r0, r3
  94 0018 FFF7FEFF 		bl	HAL_SYSTICK_Config
  95 001c 68B9     		cbnz	r0, .L9
  96 001e 0F2C     		cmp	r4, #15
  97 0020 01D9     		bls	.L12
  98 0022 0120     		movs	r0, #1
  99 0024 0AE0     		b	.L8
 100              	.L12:
 101 0026 0022     		movs	r2, #0
 102 0028 2146     		mov	r1, r4
 103 002a 4FF0FF30 		mov	r0, #-1
 104 002e FFF7FEFF 		bl	HAL_NVIC_SetPriority
 105 0032 054B     		ldr	r3, .L13+8
 106 0034 1C60     		str	r4, [r3]
 107 0036 0020     		movs	r0, #0
 108 0038 00E0     		b	.L8
 109              	.L9:
 110 003a 0120     		movs	r0, #1
 111              	.L8:
 112 003c 10BD     		pop	{r4, pc}
 113              	.L14:
 114 003e 00BF     		.align	2
 115              	.L13:
 116 0040 00000000 		.word	uwTickFreq
 117 0044 00000000 		.word	SystemCoreClock
 118 0048 00000000 		.word	uwTickPrio
 120              		.section	.text.HAL_Init,"ax",%progbits
 121              		.align	1
 122              		.global	HAL_Init
ARM GAS  /var/folders/lp/x54gwt890xv47sdkqj1k04q40000gn/T//cc38Pbrc.s 			page 3


 123              		.syntax unified
 124              		.thumb
 125              		.thumb_func
 127              	HAL_Init:
 128              		@ args = 0, pretend = 0, frame = 0
 129              		@ frame_needed = 0, uses_anonymous_args = 0
 130 0000 08B5     		push	{r3, lr}
 131 0002 0B4B     		ldr	r3, .L17
 132 0004 1A68     		ldr	r2, [r3]
 133 0006 42F40072 		orr	r2, r2, #512
 134 000a 1A60     		str	r2, [r3]
 135 000c 1A68     		ldr	r2, [r3]
 136 000e 42F48062 		orr	r2, r2, #1024
 137 0012 1A60     		str	r2, [r3]
 138 0014 1A68     		ldr	r2, [r3]
 139 0016 42F48072 		orr	r2, r2, #256
 140 001a 1A60     		str	r2, [r3]
 141 001c 0320     		movs	r0, #3
 142 001e FFF7FEFF 		bl	HAL_NVIC_SetPriorityGrouping
 143 0022 0020     		movs	r0, #0
 144 0024 FFF7FEFF 		bl	HAL_InitTick
 145 0028 FFF7FEFF 		bl	HAL_MspInit
 146 002c 0020     		movs	r0, #0
 147 002e 08BD     		pop	{r3, pc}
 148              	.L18:
 149              		.align	2
 150              	.L17:
 151 0030 003C0240 		.word	1073888256
 153              		.section	.text.HAL_IncTick,"ax",%progbits
 154              		.align	1
 155              		.weak	HAL_IncTick
 156              		.syntax unified
 157              		.thumb
 158              		.thumb_func
 160              	HAL_IncTick:
 161              		@ args = 0, pretend = 0, frame = 0
 162              		@ frame_needed = 0, uses_anonymous_args = 0
 163              		@ link register save eliminated.
 164 0000 034A     		ldr	r2, .L20
 165 0002 1168     		ldr	r1, [r2]
 166 0004 034B     		ldr	r3, .L20+4
 167 0006 1B78     		ldrb	r3, [r3]	@ zero_extendqisi2
 168 0008 0B44     		add	r3, r3, r1
 169 000a 1360     		str	r3, [r2]
 170 000c 7047     		bx	lr
 171              	.L21:
 172 000e 00BF     		.align	2
 173              	.L20:
 174 0010 00000000 		.word	uwTick
 175 0014 00000000 		.word	uwTickFreq
 177              		.section	.text.HAL_GetTick,"ax",%progbits
 178              		.align	1
 179              		.weak	HAL_GetTick
 180              		.syntax unified
 181              		.thumb
 182              		.thumb_func
 184              	HAL_GetTick:
ARM GAS  /var/folders/lp/x54gwt890xv47sdkqj1k04q40000gn/T//cc38Pbrc.s 			page 4


 185              		@ args = 0, pretend = 0, frame = 0
 186              		@ frame_needed = 0, uses_anonymous_args = 0
 187              		@ link register save eliminated.
 188 0000 014B     		ldr	r3, .L23
 189 0002 1868     		ldr	r0, [r3]
 190 0004 7047     		bx	lr
 191              	.L24:
 192 0006 00BF     		.align	2
 193              	.L23:
 194 0008 00000000 		.word	uwTick
 196              		.section	.text.HAL_GetTickPrio,"ax",%progbits
 197              		.align	1
 198              		.global	HAL_GetTickPrio
 199              		.syntax unified
 200              		.thumb
 201              		.thumb_func
 203              	HAL_GetTickPrio:
 204              		@ args = 0, pretend = 0, frame = 0
 205              		@ frame_needed = 0, uses_anonymous_args = 0
 206              		@ link register save eliminated.
 207 0000 014B     		ldr	r3, .L26
 208 0002 1868     		ldr	r0, [r3]
 209 0004 7047     		bx	lr
 210              	.L27:
 211 0006 00BF     		.align	2
 212              	.L26:
 213 0008 00000000 		.word	uwTickPrio
 215              		.section	.text.HAL_SetTickFreq,"ax",%progbits
 216              		.align	1
 217              		.global	HAL_SetTickFreq
 218              		.syntax unified
 219              		.thumb
 220              		.thumb_func
 222              	HAL_SetTickFreq:
 223              		@ args = 0, pretend = 0, frame = 0
 224              		@ frame_needed = 0, uses_anonymous_args = 0
 225 0000 10B5     		push	{r4, lr}
 226 0002 084B     		ldr	r3, .L33
 227 0004 1C78     		ldrb	r4, [r3]	@ zero_extendqisi2
 228 0006 8442     		cmp	r4, r0
 229 0008 01D1     		bne	.L32
 230 000a 0020     		movs	r0, #0
 231              	.L29:
 232 000c 10BD     		pop	{r4, pc}
 233              	.L32:
 234 000e 1870     		strb	r0, [r3]
 235 0010 054B     		ldr	r3, .L33+4
 236 0012 1868     		ldr	r0, [r3]
 237 0014 FFF7FEFF 		bl	HAL_InitTick
 238 0018 0028     		cmp	r0, #0
 239 001a F7D0     		beq	.L29
 240 001c 014B     		ldr	r3, .L33
 241 001e 1C70     		strb	r4, [r3]
 242 0020 F4E7     		b	.L29
 243              	.L34:
 244 0022 00BF     		.align	2
 245              	.L33:
ARM GAS  /var/folders/lp/x54gwt890xv47sdkqj1k04q40000gn/T//cc38Pbrc.s 			page 5


 246 0024 00000000 		.word	uwTickFreq
 247 0028 00000000 		.word	uwTickPrio
 249              		.section	.text.HAL_GetTickFreq,"ax",%progbits
 250              		.align	1
 251              		.global	HAL_GetTickFreq
 252              		.syntax unified
 253              		.thumb
 254              		.thumb_func
 256              	HAL_GetTickFreq:
 257              		@ args = 0, pretend = 0, frame = 0
 258              		@ frame_needed = 0, uses_anonymous_args = 0
 259              		@ link register save eliminated.
 260 0000 014B     		ldr	r3, .L36
 261 0002 1878     		ldrb	r0, [r3]	@ zero_extendqisi2
 262 0004 7047     		bx	lr
 263              	.L37:
 264 0006 00BF     		.align	2
 265              	.L36:
 266 0008 00000000 		.word	uwTickFreq
 268              		.section	.text.HAL_Delay,"ax",%progbits
 269              		.align	1
 270              		.weak	HAL_Delay
 271              		.syntax unified
 272              		.thumb
 273              		.thumb_func
 275              	HAL_Delay:
 276              		@ args = 0, pretend = 0, frame = 0
 277              		@ frame_needed = 0, uses_anonymous_args = 0
 278 0000 38B5     		push	{r3, r4, r5, lr}
 279 0002 0446     		mov	r4, r0
 280 0004 FFF7FEFF 		bl	HAL_GetTick
 281 0008 0546     		mov	r5, r0
 282 000a B4F1FF3F 		cmp	r4, #-1
 283 000e 02D0     		beq	.L40
 284 0010 044B     		ldr	r3, .L42
 285 0012 1B78     		ldrb	r3, [r3]	@ zero_extendqisi2
 286 0014 1C44     		add	r4, r4, r3
 287              	.L40:
 288 0016 FFF7FEFF 		bl	HAL_GetTick
 289 001a 401B     		subs	r0, r0, r5
 290 001c A042     		cmp	r0, r4
 291 001e FAD3     		bcc	.L40
 292 0020 38BD     		pop	{r3, r4, r5, pc}
 293              	.L43:
 294 0022 00BF     		.align	2
 295              	.L42:
 296 0024 00000000 		.word	uwTickFreq
 298              		.section	.text.HAL_SuspendTick,"ax",%progbits
 299              		.align	1
 300              		.weak	HAL_SuspendTick
 301              		.syntax unified
 302              		.thumb
 303              		.thumb_func
 305              	HAL_SuspendTick:
 306              		@ args = 0, pretend = 0, frame = 0
 307              		@ frame_needed = 0, uses_anonymous_args = 0
 308              		@ link register save eliminated.
ARM GAS  /var/folders/lp/x54gwt890xv47sdkqj1k04q40000gn/T//cc38Pbrc.s 			page 6


 309 0000 4FF0E022 		mov	r2, #-536813568
 310 0004 1369     		ldr	r3, [r2, #16]
 311 0006 23F00203 		bic	r3, r3, #2
 312 000a 1361     		str	r3, [r2, #16]
 313 000c 7047     		bx	lr
 315              		.section	.text.HAL_ResumeTick,"ax",%progbits
 316              		.align	1
 317              		.weak	HAL_ResumeTick
 318              		.syntax unified
 319              		.thumb
 320              		.thumb_func
 322              	HAL_ResumeTick:
 323              		@ args = 0, pretend = 0, frame = 0
 324              		@ frame_needed = 0, uses_anonymous_args = 0
 325              		@ link register save eliminated.
 326 0000 4FF0E022 		mov	r2, #-536813568
 327 0004 1369     		ldr	r3, [r2, #16]
 328 0006 43F00203 		orr	r3, r3, #2
 329 000a 1361     		str	r3, [r2, #16]
 330 000c 7047     		bx	lr
 332              		.section	.text.HAL_GetHalVersion,"ax",%progbits
 333              		.align	1
 334              		.global	HAL_GetHalVersion
 335              		.syntax unified
 336              		.thumb
 337              		.thumb_func
 339              	HAL_GetHalVersion:
 340              		@ args = 0, pretend = 0, frame = 0
 341              		@ frame_needed = 0, uses_anonymous_args = 0
 342              		@ link register save eliminated.
 343 0000 0048     		ldr	r0, .L47
 344 0002 7047     		bx	lr
 345              	.L48:
 346              		.align	2
 347              	.L47:
 348 0004 00010801 		.word	17301760
 350              		.section	.text.HAL_GetREVID,"ax",%progbits
 351              		.align	1
 352              		.global	HAL_GetREVID
 353              		.syntax unified
 354              		.thumb
 355              		.thumb_func
 357              	HAL_GetREVID:
 358              		@ args = 0, pretend = 0, frame = 0
 359              		@ frame_needed = 0, uses_anonymous_args = 0
 360              		@ link register save eliminated.
 361 0000 014B     		ldr	r3, .L50
 362 0002 1868     		ldr	r0, [r3]
 363 0004 000C     		lsrs	r0, r0, #16
 364 0006 7047     		bx	lr
 365              	.L51:
 366              		.align	2
 367              	.L50:
 368 0008 002004E0 		.word	-536600576
 370              		.section	.text.HAL_GetDEVID,"ax",%progbits
 371              		.align	1
 372              		.global	HAL_GetDEVID
ARM GAS  /var/folders/lp/x54gwt890xv47sdkqj1k04q40000gn/T//cc38Pbrc.s 			page 7


 373              		.syntax unified
 374              		.thumb
 375              		.thumb_func
 377              	HAL_GetDEVID:
 378              		@ args = 0, pretend = 0, frame = 0
 379              		@ frame_needed = 0, uses_anonymous_args = 0
 380              		@ link register save eliminated.
 381 0000 024B     		ldr	r3, .L53
 382 0002 1868     		ldr	r0, [r3]
 383 0004 C0F30B00 		ubfx	r0, r0, #0, #12
 384 0008 7047     		bx	lr
 385              	.L54:
 386 000a 00BF     		.align	2
 387              	.L53:
 388 000c 002004E0 		.word	-536600576
 390              		.section	.text.HAL_DBGMCU_EnableDBGSleepMode,"ax",%progbits
 391              		.align	1
 392              		.global	HAL_DBGMCU_EnableDBGSleepMode
 393              		.syntax unified
 394              		.thumb
 395              		.thumb_func
 397              	HAL_DBGMCU_EnableDBGSleepMode:
 398              		@ args = 0, pretend = 0, frame = 0
 399              		@ frame_needed = 0, uses_anonymous_args = 0
 400              		@ link register save eliminated.
 401 0000 024A     		ldr	r2, .L56
 402 0002 5368     		ldr	r3, [r2, #4]
 403 0004 43F00103 		orr	r3, r3, #1
 404 0008 5360     		str	r3, [r2, #4]
 405 000a 7047     		bx	lr
 406              	.L57:
 407              		.align	2
 408              	.L56:
 409 000c 002004E0 		.word	-536600576
 411              		.section	.text.HAL_DBGMCU_DisableDBGSleepMode,"ax",%progbits
 412              		.align	1
 413              		.global	HAL_DBGMCU_DisableDBGSleepMode
 414              		.syntax unified
 415              		.thumb
 416              		.thumb_func
 418              	HAL_DBGMCU_DisableDBGSleepMode:
 419              		@ args = 0, pretend = 0, frame = 0
 420              		@ frame_needed = 0, uses_anonymous_args = 0
 421              		@ link register save eliminated.
 422 0000 024A     		ldr	r2, .L59
 423 0002 5368     		ldr	r3, [r2, #4]
 424 0004 23F00103 		bic	r3, r3, #1
 425 0008 5360     		str	r3, [r2, #4]
 426 000a 7047     		bx	lr
 427              	.L60:
 428              		.align	2
 429              	.L59:
 430 000c 002004E0 		.word	-536600576
 432              		.section	.text.HAL_DBGMCU_EnableDBGStopMode,"ax",%progbits
 433              		.align	1
 434              		.global	HAL_DBGMCU_EnableDBGStopMode
 435              		.syntax unified
ARM GAS  /var/folders/lp/x54gwt890xv47sdkqj1k04q40000gn/T//cc38Pbrc.s 			page 8


 436              		.thumb
 437              		.thumb_func
 439              	HAL_DBGMCU_EnableDBGStopMode:
 440              		@ args = 0, pretend = 0, frame = 0
 441              		@ frame_needed = 0, uses_anonymous_args = 0
 442              		@ link register save eliminated.
 443 0000 024A     		ldr	r2, .L62
 444 0002 5368     		ldr	r3, [r2, #4]
 445 0004 43F00203 		orr	r3, r3, #2
 446 0008 5360     		str	r3, [r2, #4]
 447 000a 7047     		bx	lr
 448              	.L63:
 449              		.align	2
 450              	.L62:
 451 000c 002004E0 		.word	-536600576
 453              		.section	.text.HAL_DBGMCU_DisableDBGStopMode,"ax",%progbits
 454              		.align	1
 455              		.global	HAL_DBGMCU_DisableDBGStopMode
 456              		.syntax unified
 457              		.thumb
 458              		.thumb_func
 460              	HAL_DBGMCU_DisableDBGStopMode:
 461              		@ args = 0, pretend = 0, frame = 0
 462              		@ frame_needed = 0, uses_anonymous_args = 0
 463              		@ link register save eliminated.
 464 0000 024A     		ldr	r2, .L65
 465 0002 5368     		ldr	r3, [r2, #4]
 466 0004 23F00203 		bic	r3, r3, #2
 467 0008 5360     		str	r3, [r2, #4]
 468 000a 7047     		bx	lr
 469              	.L66:
 470              		.align	2
 471              	.L65:
 472 000c 002004E0 		.word	-536600576
 474              		.section	.text.HAL_DBGMCU_EnableDBGStandbyMode,"ax",%progbits
 475              		.align	1
 476              		.global	HAL_DBGMCU_EnableDBGStandbyMode
 477              		.syntax unified
 478              		.thumb
 479              		.thumb_func
 481              	HAL_DBGMCU_EnableDBGStandbyMode:
 482              		@ args = 0, pretend = 0, frame = 0
 483              		@ frame_needed = 0, uses_anonymous_args = 0
 484              		@ link register save eliminated.
 485 0000 024A     		ldr	r2, .L68
 486 0002 5368     		ldr	r3, [r2, #4]
 487 0004 43F00403 		orr	r3, r3, #4
 488 0008 5360     		str	r3, [r2, #4]
 489 000a 7047     		bx	lr
 490              	.L69:
 491              		.align	2
 492              	.L68:
 493 000c 002004E0 		.word	-536600576
 495              		.section	.text.HAL_DBGMCU_DisableDBGStandbyMode,"ax",%progbits
 496              		.align	1
 497              		.global	HAL_DBGMCU_DisableDBGStandbyMode
 498              		.syntax unified
ARM GAS  /var/folders/lp/x54gwt890xv47sdkqj1k04q40000gn/T//cc38Pbrc.s 			page 9


 499              		.thumb
 500              		.thumb_func
 502              	HAL_DBGMCU_DisableDBGStandbyMode:
 503              		@ args = 0, pretend = 0, frame = 0
 504              		@ frame_needed = 0, uses_anonymous_args = 0
 505              		@ link register save eliminated.
 506 0000 024A     		ldr	r2, .L71
 507 0002 5368     		ldr	r3, [r2, #4]
 508 0004 23F00403 		bic	r3, r3, #4
 509 0008 5360     		str	r3, [r2, #4]
 510 000a 7047     		bx	lr
 511              	.L72:
 512              		.align	2
 513              	.L71:
 514 000c 002004E0 		.word	-536600576
 516              		.section	.text.HAL_EnableCompensationCell,"ax",%progbits
 517              		.align	1
 518              		.global	HAL_EnableCompensationCell
 519              		.syntax unified
 520              		.thumb
 521              		.thumb_func
 523              	HAL_EnableCompensationCell:
 524              		@ args = 0, pretend = 0, frame = 0
 525              		@ frame_needed = 0, uses_anonymous_args = 0
 526              		@ link register save eliminated.
 527 0000 024B     		ldr	r3, .L74
 528 0002 0122     		movs	r2, #1
 529 0004 C3F80024 		str	r2, [r3, #1024]
 530 0008 7047     		bx	lr
 531              	.L75:
 532 000a 00BF     		.align	2
 533              	.L74:
 534 000c 00002742 		.word	1109852160
 536              		.section	.text.HAL_DisableCompensationCell,"ax",%progbits
 537              		.align	1
 538              		.global	HAL_DisableCompensationCell
 539              		.syntax unified
 540              		.thumb
 541              		.thumb_func
 543              	HAL_DisableCompensationCell:
 544              		@ args = 0, pretend = 0, frame = 0
 545              		@ frame_needed = 0, uses_anonymous_args = 0
 546              		@ link register save eliminated.
 547 0000 024B     		ldr	r3, .L77
 548 0002 0022     		movs	r2, #0
 549 0004 C3F80024 		str	r2, [r3, #1024]
 550 0008 7047     		bx	lr
 551              	.L78:
 552 000a 00BF     		.align	2
 553              	.L77:
 554 000c 00002742 		.word	1109852160
 556              		.section	.text.HAL_GetUIDw0,"ax",%progbits
 557              		.align	1
 558              		.global	HAL_GetUIDw0
 559              		.syntax unified
 560              		.thumb
 561              		.thumb_func
ARM GAS  /var/folders/lp/x54gwt890xv47sdkqj1k04q40000gn/T//cc38Pbrc.s 			page 10


 563              	HAL_GetUIDw0:
 564              		@ args = 0, pretend = 0, frame = 0
 565              		@ frame_needed = 0, uses_anonymous_args = 0
 566              		@ link register save eliminated.
 567 0000 014B     		ldr	r3, .L80
 568 0002 D3F8100A 		ldr	r0, [r3, #2576]
 569 0006 7047     		bx	lr
 570              	.L81:
 571              		.align	2
 572              	.L80:
 573 0008 0070FF1F 		.word	536834048
 575              		.section	.text.HAL_GetUIDw1,"ax",%progbits
 576              		.align	1
 577              		.global	HAL_GetUIDw1
 578              		.syntax unified
 579              		.thumb
 580              		.thumb_func
 582              	HAL_GetUIDw1:
 583              		@ args = 0, pretend = 0, frame = 0
 584              		@ frame_needed = 0, uses_anonymous_args = 0
 585              		@ link register save eliminated.
 586 0000 014B     		ldr	r3, .L83
 587 0002 D3F8140A 		ldr	r0, [r3, #2580]
 588 0006 7047     		bx	lr
 589              	.L84:
 590              		.align	2
 591              	.L83:
 592 0008 0070FF1F 		.word	536834048
 594              		.section	.text.HAL_GetUIDw2,"ax",%progbits
 595              		.align	1
 596              		.global	HAL_GetUIDw2
 597              		.syntax unified
 598              		.thumb
 599              		.thumb_func
 601              	HAL_GetUIDw2:
 602              		@ args = 0, pretend = 0, frame = 0
 603              		@ frame_needed = 0, uses_anonymous_args = 0
 604              		@ link register save eliminated.
 605 0000 014B     		ldr	r3, .L86
 606 0002 D3F8180A 		ldr	r0, [r3, #2584]
 607 0006 7047     		bx	lr
 608              	.L87:
 609              		.align	2
 610              	.L86:
 611 0008 0070FF1F 		.word	536834048
 613              		.global	uwTickFreq
 614              		.section	.data.uwTickFreq,"aw"
 617              	uwTickFreq:
 618 0000 01       		.byte	1
 619              		.global	uwTickPrio
 620              		.section	.data.uwTickPrio,"aw"
 621              		.align	2
 624              	uwTickPrio:
 625 0000 10000000 		.word	16
 626              		.global	uwTick
 627              		.section	.bss.uwTick,"aw",%nobits
 628              		.align	2
ARM GAS  /var/folders/lp/x54gwt890xv47sdkqj1k04q40000gn/T//cc38Pbrc.s 			page 11


 631              	uwTick:
 632 0000 00000000 		.space	4
 633              		.ident	"GCC: (xPack GNU Arm Embedded GCC arm64) 13.3.1 20240614"
ARM GAS  /var/folders/lp/x54gwt890xv47sdkqj1k04q40000gn/T//cc38Pbrc.s 			page 12


DEFINED SYMBOLS
                            *ABS*:00000000 stm32f4xx_hal.c
/var/folders/lp/x54gwt890xv47sdkqj1k04q40000gn/T//cc38Pbrc.s:18     .text.HAL_MspInit:00000000 $t
/var/folders/lp/x54gwt890xv47sdkqj1k04q40000gn/T//cc38Pbrc.s:24     .text.HAL_MspInit:00000000 HAL_MspInit
/var/folders/lp/x54gwt890xv47sdkqj1k04q40000gn/T//cc38Pbrc.s:31     .text.HAL_MspDeInit:00000000 $t
/var/folders/lp/x54gwt890xv47sdkqj1k04q40000gn/T//cc38Pbrc.s:37     .text.HAL_MspDeInit:00000000 HAL_MspDeInit
/var/folders/lp/x54gwt890xv47sdkqj1k04q40000gn/T//cc38Pbrc.s:44     .text.HAL_DeInit:00000000 $t
/var/folders/lp/x54gwt890xv47sdkqj1k04q40000gn/T//cc38Pbrc.s:50     .text.HAL_DeInit:00000000 HAL_DeInit
/var/folders/lp/x54gwt890xv47sdkqj1k04q40000gn/T//cc38Pbrc.s:73     .text.HAL_DeInit:00000028 $d
/var/folders/lp/x54gwt890xv47sdkqj1k04q40000gn/T//cc38Pbrc.s:76     .text.HAL_InitTick:00000000 $t
/var/folders/lp/x54gwt890xv47sdkqj1k04q40000gn/T//cc38Pbrc.s:82     .text.HAL_InitTick:00000000 HAL_InitTick
/var/folders/lp/x54gwt890xv47sdkqj1k04q40000gn/T//cc38Pbrc.s:116    .text.HAL_InitTick:00000040 $d
/var/folders/lp/x54gwt890xv47sdkqj1k04q40000gn/T//cc38Pbrc.s:617    .data.uwTickFreq:00000000 uwTickFreq
/var/folders/lp/x54gwt890xv47sdkqj1k04q40000gn/T//cc38Pbrc.s:624    .data.uwTickPrio:00000000 uwTickPrio
/var/folders/lp/x54gwt890xv47sdkqj1k04q40000gn/T//cc38Pbrc.s:121    .text.HAL_Init:00000000 $t
/var/folders/lp/x54gwt890xv47sdkqj1k04q40000gn/T//cc38Pbrc.s:127    .text.HAL_Init:00000000 HAL_Init
/var/folders/lp/x54gwt890xv47sdkqj1k04q40000gn/T//cc38Pbrc.s:151    .text.HAL_Init:00000030 $d
/var/folders/lp/x54gwt890xv47sdkqj1k04q40000gn/T//cc38Pbrc.s:154    .text.HAL_IncTick:00000000 $t
/var/folders/lp/x54gwt890xv47sdkqj1k04q40000gn/T//cc38Pbrc.s:160    .text.HAL_IncTick:00000000 HAL_IncTick
/var/folders/lp/x54gwt890xv47sdkqj1k04q40000gn/T//cc38Pbrc.s:174    .text.HAL_IncTick:00000010 $d
/var/folders/lp/x54gwt890xv47sdkqj1k04q40000gn/T//cc38Pbrc.s:631    .bss.uwTick:00000000 uwTick
/var/folders/lp/x54gwt890xv47sdkqj1k04q40000gn/T//cc38Pbrc.s:178    .text.HAL_GetTick:00000000 $t
/var/folders/lp/x54gwt890xv47sdkqj1k04q40000gn/T//cc38Pbrc.s:184    .text.HAL_GetTick:00000000 HAL_GetTick
/var/folders/lp/x54gwt890xv47sdkqj1k04q40000gn/T//cc38Pbrc.s:194    .text.HAL_GetTick:00000008 $d
/var/folders/lp/x54gwt890xv47sdkqj1k04q40000gn/T//cc38Pbrc.s:197    .text.HAL_GetTickPrio:00000000 $t
/var/folders/lp/x54gwt890xv47sdkqj1k04q40000gn/T//cc38Pbrc.s:203    .text.HAL_GetTickPrio:00000000 HAL_GetTickPrio
/var/folders/lp/x54gwt890xv47sdkqj1k04q40000gn/T//cc38Pbrc.s:213    .text.HAL_GetTickPrio:00000008 $d
/var/folders/lp/x54gwt890xv47sdkqj1k04q40000gn/T//cc38Pbrc.s:216    .text.HAL_SetTickFreq:00000000 $t
/var/folders/lp/x54gwt890xv47sdkqj1k04q40000gn/T//cc38Pbrc.s:222    .text.HAL_SetTickFreq:00000000 HAL_SetTickFreq
/var/folders/lp/x54gwt890xv47sdkqj1k04q40000gn/T//cc38Pbrc.s:246    .text.HAL_SetTickFreq:00000024 $d
/var/folders/lp/x54gwt890xv47sdkqj1k04q40000gn/T//cc38Pbrc.s:250    .text.HAL_GetTickFreq:00000000 $t
/var/folders/lp/x54gwt890xv47sdkqj1k04q40000gn/T//cc38Pbrc.s:256    .text.HAL_GetTickFreq:00000000 HAL_GetTickFreq
/var/folders/lp/x54gwt890xv47sdkqj1k04q40000gn/T//cc38Pbrc.s:266    .text.HAL_GetTickFreq:00000008 $d
/var/folders/lp/x54gwt890xv47sdkqj1k04q40000gn/T//cc38Pbrc.s:269    .text.HAL_Delay:00000000 $t
/var/folders/lp/x54gwt890xv47sdkqj1k04q40000gn/T//cc38Pbrc.s:275    .text.HAL_Delay:00000000 HAL_Delay
/var/folders/lp/x54gwt890xv47sdkqj1k04q40000gn/T//cc38Pbrc.s:296    .text.HAL_Delay:00000024 $d
/var/folders/lp/x54gwt890xv47sdkqj1k04q40000gn/T//cc38Pbrc.s:299    .text.HAL_SuspendTick:00000000 $t
/var/folders/lp/x54gwt890xv47sdkqj1k04q40000gn/T//cc38Pbrc.s:305    .text.HAL_SuspendTick:00000000 HAL_SuspendTick
/var/folders/lp/x54gwt890xv47sdkqj1k04q40000gn/T//cc38Pbrc.s:316    .text.HAL_ResumeTick:00000000 $t
/var/folders/lp/x54gwt890xv47sdkqj1k04q40000gn/T//cc38Pbrc.s:322    .text.HAL_ResumeTick:00000000 HAL_ResumeTick
/var/folders/lp/x54gwt890xv47sdkqj1k04q40000gn/T//cc38Pbrc.s:333    .text.HAL_GetHalVersion:00000000 $t
/var/folders/lp/x54gwt890xv47sdkqj1k04q40000gn/T//cc38Pbrc.s:339    .text.HAL_GetHalVersion:00000000 HAL_GetHalVersion
/var/folders/lp/x54gwt890xv47sdkqj1k04q40000gn/T//cc38Pbrc.s:348    .text.HAL_GetHalVersion:00000004 $d
/var/folders/lp/x54gwt890xv47sdkqj1k04q40000gn/T//cc38Pbrc.s:351    .text.HAL_GetREVID:00000000 $t
/var/folders/lp/x54gwt890xv47sdkqj1k04q40000gn/T//cc38Pbrc.s:357    .text.HAL_GetREVID:00000000 HAL_GetREVID
/var/folders/lp/x54gwt890xv47sdkqj1k04q40000gn/T//cc38Pbrc.s:368    .text.HAL_GetREVID:00000008 $d
/var/folders/lp/x54gwt890xv47sdkqj1k04q40000gn/T//cc38Pbrc.s:371    .text.HAL_GetDEVID:00000000 $t
/var/folders/lp/x54gwt890xv47sdkqj1k04q40000gn/T//cc38Pbrc.s:377    .text.HAL_GetDEVID:00000000 HAL_GetDEVID
/var/folders/lp/x54gwt890xv47sdkqj1k04q40000gn/T//cc38Pbrc.s:388    .text.HAL_GetDEVID:0000000c $d
/var/folders/lp/x54gwt890xv47sdkqj1k04q40000gn/T//cc38Pbrc.s:391    .text.HAL_DBGMCU_EnableDBGSleepMode:00000000 $t
/var/folders/lp/x54gwt890xv47sdkqj1k04q40000gn/T//cc38Pbrc.s:397    .text.HAL_DBGMCU_EnableDBGSleepMode:00000000 HAL_DBGMCU_EnableDBGSleepMode
/var/folders/lp/x54gwt890xv47sdkqj1k04q40000gn/T//cc38Pbrc.s:409    .text.HAL_DBGMCU_EnableDBGSleepMode:0000000c $d
/var/folders/lp/x54gwt890xv47sdkqj1k04q40000gn/T//cc38Pbrc.s:412    .text.HAL_DBGMCU_DisableDBGSleepMode:00000000 $t
/var/folders/lp/x54gwt890xv47sdkqj1k04q40000gn/T//cc38Pbrc.s:418    .text.HAL_DBGMCU_DisableDBGSleepMode:00000000 HAL_DBGMCU_DisableDBGSleepMode
/var/folders/lp/x54gwt890xv47sdkqj1k04q40000gn/T//cc38Pbrc.s:430    .text.HAL_DBGMCU_DisableDBGSleepMode:0000000c $d
/var/folders/lp/x54gwt890xv47sdkqj1k04q40000gn/T//cc38Pbrc.s:433    .text.HAL_DBGMCU_EnableDBGStopMode:00000000 $t
/var/folders/lp/x54gwt890xv47sdkqj1k04q40000gn/T//cc38Pbrc.s:439    .text.HAL_DBGMCU_EnableDBGStopMode:00000000 HAL_DBGMCU_EnableDBGStopMode
ARM GAS  /var/folders/lp/x54gwt890xv47sdkqj1k04q40000gn/T//cc38Pbrc.s 			page 13


/var/folders/lp/x54gwt890xv47sdkqj1k04q40000gn/T//cc38Pbrc.s:451    .text.HAL_DBGMCU_EnableDBGStopMode:0000000c $d
/var/folders/lp/x54gwt890xv47sdkqj1k04q40000gn/T//cc38Pbrc.s:454    .text.HAL_DBGMCU_DisableDBGStopMode:00000000 $t
/var/folders/lp/x54gwt890xv47sdkqj1k04q40000gn/T//cc38Pbrc.s:460    .text.HAL_DBGMCU_DisableDBGStopMode:00000000 HAL_DBGMCU_DisableDBGStopMode
/var/folders/lp/x54gwt890xv47sdkqj1k04q40000gn/T//cc38Pbrc.s:472    .text.HAL_DBGMCU_DisableDBGStopMode:0000000c $d
/var/folders/lp/x54gwt890xv47sdkqj1k04q40000gn/T//cc38Pbrc.s:475    .text.HAL_DBGMCU_EnableDBGStandbyMode:00000000 $t
/var/folders/lp/x54gwt890xv47sdkqj1k04q40000gn/T//cc38Pbrc.s:481    .text.HAL_DBGMCU_EnableDBGStandbyMode:00000000 HAL_DBGMCU_EnableDBGStandbyMode
/var/folders/lp/x54gwt890xv47sdkqj1k04q40000gn/T//cc38Pbrc.s:493    .text.HAL_DBGMCU_EnableDBGStandbyMode:0000000c $d
/var/folders/lp/x54gwt890xv47sdkqj1k04q40000gn/T//cc38Pbrc.s:496    .text.HAL_DBGMCU_DisableDBGStandbyMode:00000000 $t
/var/folders/lp/x54gwt890xv47sdkqj1k04q40000gn/T//cc38Pbrc.s:502    .text.HAL_DBGMCU_DisableDBGStandbyMode:00000000 HAL_DBGMCU_DisableDBGStandbyMode
/var/folders/lp/x54gwt890xv47sdkqj1k04q40000gn/T//cc38Pbrc.s:514    .text.HAL_DBGMCU_DisableDBGStandbyMode:0000000c $d
/var/folders/lp/x54gwt890xv47sdkqj1k04q40000gn/T//cc38Pbrc.s:517    .text.HAL_EnableCompensationCell:00000000 $t
/var/folders/lp/x54gwt890xv47sdkqj1k04q40000gn/T//cc38Pbrc.s:523    .text.HAL_EnableCompensationCell:00000000 HAL_EnableCompensationCell
/var/folders/lp/x54gwt890xv47sdkqj1k04q40000gn/T//cc38Pbrc.s:534    .text.HAL_EnableCompensationCell:0000000c $d
/var/folders/lp/x54gwt890xv47sdkqj1k04q40000gn/T//cc38Pbrc.s:537    .text.HAL_DisableCompensationCell:00000000 $t
/var/folders/lp/x54gwt890xv47sdkqj1k04q40000gn/T//cc38Pbrc.s:543    .text.HAL_DisableCompensationCell:00000000 HAL_DisableCompensationCell
/var/folders/lp/x54gwt890xv47sdkqj1k04q40000gn/T//cc38Pbrc.s:554    .text.HAL_DisableCompensationCell:0000000c $d
/var/folders/lp/x54gwt890xv47sdkqj1k04q40000gn/T//cc38Pbrc.s:557    .text.HAL_GetUIDw0:00000000 $t
/var/folders/lp/x54gwt890xv47sdkqj1k04q40000gn/T//cc38Pbrc.s:563    .text.HAL_GetUIDw0:00000000 HAL_GetUIDw0
/var/folders/lp/x54gwt890xv47sdkqj1k04q40000gn/T//cc38Pbrc.s:573    .text.HAL_GetUIDw0:00000008 $d
/var/folders/lp/x54gwt890xv47sdkqj1k04q40000gn/T//cc38Pbrc.s:576    .text.HAL_GetUIDw1:00000000 $t
/var/folders/lp/x54gwt890xv47sdkqj1k04q40000gn/T//cc38Pbrc.s:582    .text.HAL_GetUIDw1:00000000 HAL_GetUIDw1
/var/folders/lp/x54gwt890xv47sdkqj1k04q40000gn/T//cc38Pbrc.s:592    .text.HAL_GetUIDw1:00000008 $d
/var/folders/lp/x54gwt890xv47sdkqj1k04q40000gn/T//cc38Pbrc.s:595    .text.HAL_GetUIDw2:00000000 $t
/var/folders/lp/x54gwt890xv47sdkqj1k04q40000gn/T//cc38Pbrc.s:601    .text.HAL_GetUIDw2:00000000 HAL_GetUIDw2
/var/folders/lp/x54gwt890xv47sdkqj1k04q40000gn/T//cc38Pbrc.s:611    .text.HAL_GetUIDw2:00000008 $d
/var/folders/lp/x54gwt890xv47sdkqj1k04q40000gn/T//cc38Pbrc.s:621    .data.uwTickPrio:00000000 $d
/var/folders/lp/x54gwt890xv47sdkqj1k04q40000gn/T//cc38Pbrc.s:628    .bss.uwTick:00000000 $d

UNDEFINED SYMBOLS
HAL_SYSTICK_Config
HAL_NVIC_SetPriority
SystemCoreClock
HAL_NVIC_SetPriorityGrouping
