ARM GAS  /var/folders/lp/x54gwt890xv47sdkqj1k04q40000gn/T//ccCpH0rf.s 			page 1


   1              		.cpu cortex-m4
   2              		.arch armv7e-m
   3              		.fpu fpv4-sp-d16
   4              		.eabi_attribute 27, 1
   5              		.eabi_attribute 28, 1
   6              		.eabi_attribute 20, 1
   7              		.eabi_attribute 21, 1
   8              		.eabi_attribute 23, 3
   9              		.eabi_attribute 24, 1
  10              		.eabi_attribute 25, 1
  11              		.eabi_attribute 26, 1
  12              		.eabi_attribute 30, 1
  13              		.eabi_attribute 34, 1
  14              		.eabi_attribute 18, 4
  15              		.file	"stm32f4xx_hal_flash_ex.c"
  16              		.text
  17              		.section	.text.FLASH_MassErase,"ax",%progbits
  18              		.align	1
  19              		.syntax unified
  20              		.thumb
  21              		.thumb_func
  23              	FLASH_MassErase:
  24              		@ args = 0, pretend = 0, frame = 0
  25              		@ frame_needed = 0, uses_anonymous_args = 0
  26              		@ link register save eliminated.
  27 0000 074B     		ldr	r3, .L2
  28 0002 1A69     		ldr	r2, [r3, #16]
  29 0004 22F44072 		bic	r2, r2, #768
  30 0008 1A61     		str	r2, [r3, #16]
  31 000a 1A69     		ldr	r2, [r3, #16]
  32 000c 42F00402 		orr	r2, r2, #4
  33 0010 1A61     		str	r2, [r3, #16]
  34 0012 1A69     		ldr	r2, [r3, #16]
  35 0014 42EA0022 		orr	r2, r2, r0, lsl #8
  36 0018 42F48032 		orr	r2, r2, #65536
  37 001c 1A61     		str	r2, [r3, #16]
  38 001e 7047     		bx	lr
  39              	.L3:
  40              		.align	2
  41              	.L2:
  42 0020 003C0240 		.word	1073888256
  44              		.section	.text.FLASH_OB_BOR_LevelConfig,"ax",%progbits
  45              		.align	1
  46              		.syntax unified
  47              		.thumb
  48              		.thumb_func
  50              	FLASH_OB_BOR_LevelConfig:
  51              		@ args = 0, pretend = 0, frame = 0
  52              		@ frame_needed = 0, uses_anonymous_args = 0
  53              		@ link register save eliminated.
  54 0000 044B     		ldr	r3, .L5
  55 0002 1A7D     		ldrb	r2, [r3, #20]	@ zero_extendqisi2
  56 0004 02F0F302 		and	r2, r2, #243
  57 0008 1A75     		strb	r2, [r3, #20]
  58 000a 1A7D     		ldrb	r2, [r3, #20]	@ zero_extendqisi2
  59 000c 0243     		orrs	r2, r2, r0
  60 000e 1A75     		strb	r2, [r3, #20]
ARM GAS  /var/folders/lp/x54gwt890xv47sdkqj1k04q40000gn/T//ccCpH0rf.s 			page 2


  61 0010 0020     		movs	r0, #0
  62 0012 7047     		bx	lr
  63              	.L6:
  64              		.align	2
  65              	.L5:
  66 0014 003C0240 		.word	1073888256
  68              		.section	.text.FLASH_OB_GetUser,"ax",%progbits
  69              		.align	1
  70              		.syntax unified
  71              		.thumb
  72              		.thumb_func
  74              	FLASH_OB_GetUser:
  75              		@ args = 0, pretend = 0, frame = 0
  76              		@ frame_needed = 0, uses_anonymous_args = 0
  77              		@ link register save eliminated.
  78 0000 024B     		ldr	r3, .L8
  79 0002 5869     		ldr	r0, [r3, #20]
  80 0004 00F0E000 		and	r0, r0, #224
  81 0008 7047     		bx	lr
  82              	.L9:
  83 000a 00BF     		.align	2
  84              	.L8:
  85 000c 003C0240 		.word	1073888256
  87              		.section	.text.FLASH_OB_GetWRP,"ax",%progbits
  88              		.align	1
  89              		.syntax unified
  90              		.thumb
  91              		.thumb_func
  93              	FLASH_OB_GetWRP:
  94              		@ args = 0, pretend = 0, frame = 0
  95              		@ frame_needed = 0, uses_anonymous_args = 0
  96              		@ link register save eliminated.
  97 0000 014B     		ldr	r3, .L11
  98 0002 D88A     		ldrh	r0, [r3, #22]
  99 0004 80B2     		uxth	r0, r0
 100 0006 7047     		bx	lr
 101              	.L12:
 102              		.align	2
 103              	.L11:
 104 0008 003C0240 		.word	1073888256
 106              		.section	.text.FLASH_OB_GetRDP,"ax",%progbits
 107              		.align	1
 108              		.syntax unified
 109              		.thumb
 110              		.thumb_func
 112              	FLASH_OB_GetRDP:
 113              		@ args = 0, pretend = 0, frame = 0
 114              		@ frame_needed = 0, uses_anonymous_args = 0
 115              		@ link register save eliminated.
 116 0000 054B     		ldr	r3, .L16
 117 0002 587D     		ldrb	r0, [r3, #21]	@ zero_extendqisi2
 118 0004 C0B2     		uxtb	r0, r0
 119 0006 CC28     		cmp	r0, #204
 120 0008 04D0     		beq	.L14
 121 000a 587D     		ldrb	r0, [r3, #21]	@ zero_extendqisi2
 122 000c C0B2     		uxtb	r0, r0
 123 000e AA28     		cmp	r0, #170
ARM GAS  /var/folders/lp/x54gwt890xv47sdkqj1k04q40000gn/T//ccCpH0rf.s 			page 3


 124 0010 00D0     		beq	.L14
 125 0012 5520     		movs	r0, #85
 126              	.L14:
 127 0014 7047     		bx	lr
 128              	.L17:
 129 0016 00BF     		.align	2
 130              	.L16:
 131 0018 003C0240 		.word	1073888256
 133              		.section	.text.FLASH_OB_GetBOR,"ax",%progbits
 134              		.align	1
 135              		.syntax unified
 136              		.thumb
 137              		.thumb_func
 139              	FLASH_OB_GetBOR:
 140              		@ args = 0, pretend = 0, frame = 0
 141              		@ frame_needed = 0, uses_anonymous_args = 0
 142              		@ link register save eliminated.
 143 0000 024B     		ldr	r3, .L19
 144 0002 187D     		ldrb	r0, [r3, #20]	@ zero_extendqisi2
 145 0004 00F00C00 		and	r0, r0, #12
 146 0008 7047     		bx	lr
 147              	.L20:
 148 000a 00BF     		.align	2
 149              	.L19:
 150 000c 003C0240 		.word	1073888256
 152              		.section	.text.FLASH_OB_EnableWRP,"ax",%progbits
 153              		.align	1
 154              		.syntax unified
 155              		.thumb
 156              		.thumb_func
 158              	FLASH_OB_EnableWRP:
 159              		@ args = 0, pretend = 0, frame = 0
 160              		@ frame_needed = 0, uses_anonymous_args = 0
 161 0000 10B5     		push	{r4, lr}
 162 0002 0446     		mov	r4, r0
 163 0004 4CF25030 		movw	r0, #50000
 164 0008 FFF7FEFF 		bl	FLASH_WaitForLastOperation
 165 000c 28B9     		cbnz	r0, .L22
 166 000e 034A     		ldr	r2, .L24
 167 0010 D38A     		ldrh	r3, [r2, #22]
 168 0012 9BB2     		uxth	r3, r3
 169 0014 23EA0403 		bic	r3, r3, r4
 170 0018 D382     		strh	r3, [r2, #22]	@ movhi
 171              	.L22:
 172 001a 10BD     		pop	{r4, pc}
 173              	.L25:
 174              		.align	2
 175              	.L24:
 176 001c 003C0240 		.word	1073888256
 178              		.section	.text.FLASH_OB_DisableWRP,"ax",%progbits
 179              		.align	1
 180              		.syntax unified
 181              		.thumb
 182              		.thumb_func
 184              	FLASH_OB_DisableWRP:
 185              		@ args = 0, pretend = 0, frame = 0
 186              		@ frame_needed = 0, uses_anonymous_args = 0
ARM GAS  /var/folders/lp/x54gwt890xv47sdkqj1k04q40000gn/T//ccCpH0rf.s 			page 4


 187 0000 10B5     		push	{r4, lr}
 188 0002 0446     		mov	r4, r0
 189 0004 4CF25030 		movw	r0, #50000
 190 0008 FFF7FEFF 		bl	FLASH_WaitForLastOperation
 191 000c 28B9     		cbnz	r0, .L27
 192 000e 034A     		ldr	r2, .L29
 193 0010 D38A     		ldrh	r3, [r2, #22]
 194 0012 9BB2     		uxth	r3, r3
 195 0014 A4B2     		uxth	r4, r4
 196 0016 2343     		orrs	r3, r3, r4
 197 0018 D382     		strh	r3, [r2, #22]	@ movhi
 198              	.L27:
 199 001a 10BD     		pop	{r4, pc}
 200              	.L30:
 201              		.align	2
 202              	.L29:
 203 001c 003C0240 		.word	1073888256
 205              		.section	.text.FLASH_OB_RDP_LevelConfig,"ax",%progbits
 206              		.align	1
 207              		.syntax unified
 208              		.thumb
 209              		.thumb_func
 211              	FLASH_OB_RDP_LevelConfig:
 212              		@ args = 0, pretend = 0, frame = 0
 213              		@ frame_needed = 0, uses_anonymous_args = 0
 214 0000 10B5     		push	{r4, lr}
 215 0002 0446     		mov	r4, r0
 216 0004 4CF25030 		movw	r0, #50000
 217 0008 FFF7FEFF 		bl	FLASH_WaitForLastOperation
 218 000c 08B9     		cbnz	r0, .L32
 219 000e 014B     		ldr	r3, .L34
 220 0010 5C75     		strb	r4, [r3, #21]
 221              	.L32:
 222 0012 10BD     		pop	{r4, pc}
 223              	.L35:
 224              		.align	2
 225              	.L34:
 226 0014 003C0240 		.word	1073888256
 228              		.section	.text.FLASH_OB_UserConfig,"ax",%progbits
 229              		.align	1
 230              		.syntax unified
 231              		.thumb
 232              		.thumb_func
 234              	FLASH_OB_UserConfig:
 235              		@ args = 0, pretend = 0, frame = 0
 236              		@ frame_needed = 0, uses_anonymous_args = 0
 237 0000 F8B5     		push	{r3, r4, r5, r6, r7, lr}
 238 0002 0446     		mov	r4, r0
 239 0004 0E46     		mov	r6, r1
 240 0006 1546     		mov	r5, r2
 241 0008 4CF25030 		movw	r0, #50000
 242 000c FFF7FEFF 		bl	FLASH_WaitForLastOperation
 243 0010 48B9     		cbnz	r0, .L37
 244 0012 054F     		ldr	r7, .L39
 245 0014 3B7D     		ldrb	r3, [r7, #20]	@ zero_extendqisi2
 246 0016 03F01F03 		and	r3, r3, #31
 247 001a 43EA0601 		orr	r1, r3, r6
ARM GAS  /var/folders/lp/x54gwt890xv47sdkqj1k04q40000gn/T//ccCpH0rf.s 			page 5


 248 001e 41EA0502 		orr	r2, r1, r5
 249 0022 2243     		orrs	r2, r2, r4
 250 0024 3A75     		strb	r2, [r7, #20]
 251              	.L37:
 252 0026 F8BD     		pop	{r3, r4, r5, r6, r7, pc}
 253              	.L40:
 254              		.align	2
 255              	.L39:
 256 0028 003C0240 		.word	1073888256
 258              		.section	.text.HAL_FLASHEx_OBProgram,"ax",%progbits
 259              		.align	1
 260              		.global	HAL_FLASHEx_OBProgram
 261              		.syntax unified
 262              		.thumb
 263              		.thumb_func
 265              	HAL_FLASHEx_OBProgram:
 266              		@ args = 0, pretend = 0, frame = 0
 267              		@ frame_needed = 0, uses_anonymous_args = 0
 268 0000 1F4B     		ldr	r3, .L58
 269 0002 1B7E     		ldrb	r3, [r3, #24]	@ zero_extendqisi2
 270 0004 012B     		cmp	r3, #1
 271 0006 38D0     		beq	.L48
 272 0008 10B5     		push	{r4, lr}
 273 000a 0446     		mov	r4, r0
 274 000c 1C4B     		ldr	r3, .L58
 275 000e 0122     		movs	r2, #1
 276 0010 1A76     		strb	r2, [r3, #24]
 277 0012 0368     		ldr	r3, [r0]
 278 0014 13F0010F 		tst	r3, #1
 279 0018 0CD0     		beq	.L49
 280 001a 4368     		ldr	r3, [r0, #4]
 281 001c 9342     		cmp	r3, r2
 282 001e 04D0     		beq	.L54
 283 0020 C168     		ldr	r1, [r0, #12]
 284 0022 8068     		ldr	r0, [r0, #8]
 285 0024 FFF7FEFF 		bl	FLASH_OB_DisableWRP
 286 0028 05E0     		b	.L43
 287              	.L54:
 288 002a C168     		ldr	r1, [r0, #12]
 289 002c 8068     		ldr	r0, [r0, #8]
 290 002e FFF7FEFF 		bl	FLASH_OB_EnableWRP
 291 0032 00E0     		b	.L43
 292              	.L49:
 293 0034 0120     		movs	r0, #1
 294              	.L43:
 295 0036 2368     		ldr	r3, [r4]
 296 0038 13F0020F 		tst	r3, #2
 297 003c 0BD1     		bne	.L55
 298              	.L45:
 299 003e 2368     		ldr	r3, [r4]
 300 0040 13F0040F 		tst	r3, #4
 301 0044 0BD1     		bne	.L56
 302              	.L46:
 303 0046 2368     		ldr	r3, [r4]
 304 0048 13F0080F 		tst	r3, #8
 305 004c 11D1     		bne	.L57
 306              	.L47:
ARM GAS  /var/folders/lp/x54gwt890xv47sdkqj1k04q40000gn/T//ccCpH0rf.s 			page 6


 307 004e 0C4B     		ldr	r3, .L58
 308 0050 0022     		movs	r2, #0
 309 0052 1A76     		strb	r2, [r3, #24]
 310 0054 10BD     		pop	{r4, pc}
 311              	.L55:
 312 0056 207C     		ldrb	r0, [r4, #16]	@ zero_extendqisi2
 313 0058 FFF7FEFF 		bl	FLASH_OB_RDP_LevelConfig
 314 005c EFE7     		b	.L45
 315              	.L56:
 316 005e 207E     		ldrb	r0, [r4, #24]	@ zero_extendqisi2
 317 0060 00F08002 		and	r2, r0, #128
 318 0064 00F04001 		and	r1, r0, #64
 319 0068 00F02000 		and	r0, r0, #32
 320 006c FFF7FEFF 		bl	FLASH_OB_UserConfig
 321 0070 E9E7     		b	.L46
 322              	.L57:
 323 0072 207D     		ldrb	r0, [r4, #20]	@ zero_extendqisi2
 324 0074 FFF7FEFF 		bl	FLASH_OB_BOR_LevelConfig
 325 0078 E9E7     		b	.L47
 326              	.L48:
 327 007a 0220     		movs	r0, #2
 328 007c 7047     		bx	lr
 329              	.L59:
 330 007e 00BF     		.align	2
 331              	.L58:
 332 0080 00000000 		.word	pFlash
 334              		.section	.text.HAL_FLASHEx_OBGetConfig,"ax",%progbits
 335              		.align	1
 336              		.global	HAL_FLASHEx_OBGetConfig
 337              		.syntax unified
 338              		.thumb
 339              		.thumb_func
 341              	HAL_FLASHEx_OBGetConfig:
 342              		@ args = 0, pretend = 0, frame = 0
 343              		@ frame_needed = 0, uses_anonymous_args = 0
 344 0000 10B5     		push	{r4, lr}
 345 0002 0446     		mov	r4, r0
 346 0004 0F23     		movs	r3, #15
 347 0006 0360     		str	r3, [r0]
 348 0008 FFF7FEFF 		bl	FLASH_OB_GetWRP
 349 000c A060     		str	r0, [r4, #8]
 350 000e FFF7FEFF 		bl	FLASH_OB_GetRDP
 351 0012 2061     		str	r0, [r4, #16]
 352 0014 FFF7FEFF 		bl	FLASH_OB_GetUser
 353 0018 2076     		strb	r0, [r4, #24]
 354 001a FFF7FEFF 		bl	FLASH_OB_GetBOR
 355 001e 6061     		str	r0, [r4, #20]
 356 0020 10BD     		pop	{r4, pc}
 358              		.section	.text.FLASH_Erase_Sector,"ax",%progbits
 359              		.align	1
 360              		.global	FLASH_Erase_Sector
 361              		.syntax unified
 362              		.thumb
 363              		.thumb_func
 365              	FLASH_Erase_Sector:
 366              		@ args = 0, pretend = 0, frame = 0
 367              		@ frame_needed = 0, uses_anonymous_args = 0
ARM GAS  /var/folders/lp/x54gwt890xv47sdkqj1k04q40000gn/T//ccCpH0rf.s 			page 7


 368              		@ link register save eliminated.
 369 0000 0129     		cmp	r1, #1
 370 0002 05D0     		beq	.L64
 371 0004 0229     		cmp	r1, #2
 372 0006 06D0     		beq	.L65
 373 0008 39B1     		cbz	r1, .L63
 374 000a 4FF44071 		mov	r1, #768
 375 000e 04E0     		b	.L63
 376              	.L64:
 377 0010 4FF48071 		mov	r1, #256
 378 0014 01E0     		b	.L63
 379              	.L65:
 380 0016 4FF40071 		mov	r1, #512
 381              	.L63:
 382 001a 0B4B     		ldr	r3, .L67
 383 001c 1A69     		ldr	r2, [r3, #16]
 384 001e 22F44072 		bic	r2, r2, #768
 385 0022 1A61     		str	r2, [r3, #16]
 386 0024 1A69     		ldr	r2, [r3, #16]
 387 0026 0A43     		orrs	r2, r2, r1
 388 0028 1A61     		str	r2, [r3, #16]
 389 002a 1A69     		ldr	r2, [r3, #16]
 390 002c 22F0F802 		bic	r2, r2, #248
 391 0030 1A61     		str	r2, [r3, #16]
 392 0032 1A69     		ldr	r2, [r3, #16]
 393 0034 42EAC000 		orr	r0, r2, r0, lsl #3
 394 0038 40F00200 		orr	r0, r0, #2
 395 003c 1861     		str	r0, [r3, #16]
 396 003e 1A69     		ldr	r2, [r3, #16]
 397 0040 42F48032 		orr	r2, r2, #65536
 398 0044 1A61     		str	r2, [r3, #16]
 399 0046 7047     		bx	lr
 400              	.L68:
 401              		.align	2
 402              	.L67:
 403 0048 003C0240 		.word	1073888256
 405              		.section	.text.HAL_FLASHEx_Erase_IT,"ax",%progbits
 406              		.align	1
 407              		.global	HAL_FLASHEx_Erase_IT
 408              		.syntax unified
 409              		.thumb
 410              		.thumb_func
 412              	HAL_FLASHEx_Erase_IT:
 413              		@ args = 0, pretend = 0, frame = 0
 414              		@ frame_needed = 0, uses_anonymous_args = 0
 415 0000 08B5     		push	{r3, lr}
 416 0002 174B     		ldr	r3, .L75
 417 0004 1B7E     		ldrb	r3, [r3, #24]	@ zero_extendqisi2
 418 0006 012B     		cmp	r3, #1
 419 0008 28D0     		beq	.L72
 420 000a 154B     		ldr	r3, .L75
 421 000c 0122     		movs	r2, #1
 422 000e 1A76     		strb	r2, [r3, #24]
 423 0010 144B     		ldr	r3, .L75+4
 424 0012 1A69     		ldr	r2, [r3, #16]
 425 0014 42F08072 		orr	r2, r2, #16777216
 426 0018 1A61     		str	r2, [r3, #16]
ARM GAS  /var/folders/lp/x54gwt890xv47sdkqj1k04q40000gn/T//ccCpH0rf.s 			page 8


 427 001a 1A69     		ldr	r2, [r3, #16]
 428 001c 42F00072 		orr	r2, r2, #33554432
 429 0020 1A61     		str	r2, [r3, #16]
 430 0022 F322     		movs	r2, #243
 431 0024 DA60     		str	r2, [r3, #12]
 432 0026 0368     		ldr	r3, [r0]
 433 0028 012B     		cmp	r3, #1
 434 002a 0DD0     		beq	.L74
 435 002c 0C4B     		ldr	r3, .L75
 436 002e 0122     		movs	r2, #1
 437 0030 1A70     		strb	r2, [r3]
 438 0032 C268     		ldr	r2, [r0, #12]
 439 0034 5A60     		str	r2, [r3, #4]
 440 0036 8268     		ldr	r2, [r0, #8]
 441 0038 DA60     		str	r2, [r3, #12]
 442 003a 017C     		ldrb	r1, [r0, #16]	@ zero_extendqisi2
 443 003c 1972     		strb	r1, [r3, #8]
 444 003e 8068     		ldr	r0, [r0, #8]
 445 0040 FFF7FEFF 		bl	FLASH_Erase_Sector
 446 0044 0020     		movs	r0, #0
 447              	.L70:
 448 0046 08BD     		pop	{r3, pc}
 449              	.L74:
 450 0048 054B     		ldr	r3, .L75
 451 004a 0222     		movs	r2, #2
 452 004c 1A70     		strb	r2, [r3]
 453 004e 4168     		ldr	r1, [r0, #4]
 454 0050 1961     		str	r1, [r3, #16]
 455 0052 007C     		ldrb	r0, [r0, #16]	@ zero_extendqisi2
 456 0054 FFF7FEFF 		bl	FLASH_MassErase
 457 0058 0020     		movs	r0, #0
 458 005a F4E7     		b	.L70
 459              	.L72:
 460 005c 0220     		movs	r0, #2
 461 005e F2E7     		b	.L70
 462              	.L76:
 463              		.align	2
 464              	.L75:
 465 0060 00000000 		.word	pFlash
 466 0064 003C0240 		.word	1073888256
 468              		.section	.text.FLASH_FlushCaches,"ax",%progbits
 469              		.align	1
 470              		.global	FLASH_FlushCaches
 471              		.syntax unified
 472              		.thumb
 473              		.thumb_func
 475              	FLASH_FlushCaches:
 476              		@ args = 0, pretend = 0, frame = 0
 477              		@ frame_needed = 0, uses_anonymous_args = 0
 478              		@ link register save eliminated.
 479 0000 164B     		ldr	r3, .L80
 480 0002 1B68     		ldr	r3, [r3]
 481 0004 13F4007F 		tst	r3, #512
 482 0008 10D0     		beq	.L78
 483 000a 144B     		ldr	r3, .L80
 484 000c 1A68     		ldr	r2, [r3]
 485 000e 22F40072 		bic	r2, r2, #512
ARM GAS  /var/folders/lp/x54gwt890xv47sdkqj1k04q40000gn/T//ccCpH0rf.s 			page 9


 486 0012 1A60     		str	r2, [r3]
 487 0014 1A68     		ldr	r2, [r3]
 488 0016 42F40062 		orr	r2, r2, #2048
 489 001a 1A60     		str	r2, [r3]
 490 001c 1A68     		ldr	r2, [r3]
 491 001e 22F40062 		bic	r2, r2, #2048
 492 0022 1A60     		str	r2, [r3]
 493 0024 1A68     		ldr	r2, [r3]
 494 0026 42F40072 		orr	r2, r2, #512
 495 002a 1A60     		str	r2, [r3]
 496              	.L78:
 497 002c 0B4B     		ldr	r3, .L80
 498 002e 1B68     		ldr	r3, [r3]
 499 0030 13F4806F 		tst	r3, #1024
 500 0034 10D0     		beq	.L77
 501 0036 094B     		ldr	r3, .L80
 502 0038 1A68     		ldr	r2, [r3]
 503 003a 22F48062 		bic	r2, r2, #1024
 504 003e 1A60     		str	r2, [r3]
 505 0040 1A68     		ldr	r2, [r3]
 506 0042 42F48052 		orr	r2, r2, #4096
 507 0046 1A60     		str	r2, [r3]
 508 0048 1A68     		ldr	r2, [r3]
 509 004a 22F48052 		bic	r2, r2, #4096
 510 004e 1A60     		str	r2, [r3]
 511 0050 1A68     		ldr	r2, [r3]
 512 0052 42F48062 		orr	r2, r2, #1024
 513 0056 1A60     		str	r2, [r3]
 514              	.L77:
 515 0058 7047     		bx	lr
 516              	.L81:
 517 005a 00BF     		.align	2
 518              	.L80:
 519 005c 003C0240 		.word	1073888256
 521              		.section	.text.HAL_FLASHEx_Erase,"ax",%progbits
 522              		.align	1
 523              		.global	HAL_FLASHEx_Erase
 524              		.syntax unified
 525              		.thumb
 526              		.thumb_func
 528              	HAL_FLASHEx_Erase:
 529              		@ args = 0, pretend = 0, frame = 0
 530              		@ frame_needed = 0, uses_anonymous_args = 0
 531 0000 F8B5     		push	{r3, r4, r5, r6, r7, lr}
 532 0002 224B     		ldr	r3, .L94
 533 0004 1B7E     		ldrb	r3, [r3, #24]	@ zero_extendqisi2
 534 0006 012B     		cmp	r3, #1
 535 0008 3ED0     		beq	.L90
 536 000a 0446     		mov	r4, r0
 537 000c 0E46     		mov	r6, r1
 538 000e 1F4B     		ldr	r3, .L94
 539 0010 0122     		movs	r2, #1
 540 0012 1A76     		strb	r2, [r3, #24]
 541 0014 4CF25030 		movw	r0, #50000
 542 0018 FFF7FEFF 		bl	FLASH_WaitForLastOperation
 543 001c 0746     		mov	r7, r0
 544 001e 70BB     		cbnz	r0, .L84
ARM GAS  /var/folders/lp/x54gwt890xv47sdkqj1k04q40000gn/T//ccCpH0rf.s 			page 10


 545 0020 4FF0FF33 		mov	r3, #-1
 546 0024 3360     		str	r3, [r6]
 547 0026 2368     		ldr	r3, [r4]
 548 0028 012B     		cmp	r3, #1
 549 002a 16D0     		beq	.L92
 550 002c A568     		ldr	r5, [r4, #8]
 551              	.L87:
 552 002e E368     		ldr	r3, [r4, #12]
 553 0030 A268     		ldr	r2, [r4, #8]
 554 0032 1344     		add	r3, r3, r2
 555 0034 AB42     		cmp	r3, r5
 556 0036 20D9     		bls	.L86
 557 0038 217C     		ldrb	r1, [r4, #16]	@ zero_extendqisi2
 558 003a 2846     		mov	r0, r5
 559 003c FFF7FEFF 		bl	FLASH_Erase_Sector
 560 0040 4CF25030 		movw	r0, #50000
 561 0044 FFF7FEFF 		bl	FLASH_WaitForLastOperation
 562 0048 114A     		ldr	r2, .L94+4
 563 004a 1369     		ldr	r3, [r2, #16]
 564 004c 23F0FA03 		bic	r3, r3, #250
 565 0050 1361     		str	r3, [r2, #16]
 566 0052 0746     		mov	r7, r0
 567 0054 80B9     		cbnz	r0, .L93
 568 0056 0135     		adds	r5, r5, #1
 569 0058 E9E7     		b	.L87
 570              	.L92:
 571 005a 6168     		ldr	r1, [r4, #4]
 572 005c 207C     		ldrb	r0, [r4, #16]	@ zero_extendqisi2
 573 005e FFF7FEFF 		bl	FLASH_MassErase
 574 0062 4CF25030 		movw	r0, #50000
 575 0066 FFF7FEFF 		bl	FLASH_WaitForLastOperation
 576 006a 0746     		mov	r7, r0
 577 006c 084A     		ldr	r2, .L94+4
 578 006e 1369     		ldr	r3, [r2, #16]
 579 0070 23F00403 		bic	r3, r3, #4
 580 0074 1361     		str	r3, [r2, #16]
 581 0076 00E0     		b	.L86
 582              	.L93:
 583 0078 3560     		str	r5, [r6]
 584              	.L86:
 585 007a FFF7FEFF 		bl	FLASH_FlushCaches
 586              	.L84:
 587 007e 034B     		ldr	r3, .L94
 588 0080 0022     		movs	r2, #0
 589 0082 1A76     		strb	r2, [r3, #24]
 590              	.L83:
 591 0084 3846     		mov	r0, r7
 592 0086 F8BD     		pop	{r3, r4, r5, r6, r7, pc}
 593              	.L90:
 594 0088 0227     		movs	r7, #2
 595 008a FBE7     		b	.L83
 596              	.L95:
 597              		.align	2
 598              	.L94:
 599 008c 00000000 		.word	pFlash
 600 0090 003C0240 		.word	1073888256
 602              		.ident	"GCC: (xPack GNU Arm Embedded GCC arm64) 13.3.1 20240614"
ARM GAS  /var/folders/lp/x54gwt890xv47sdkqj1k04q40000gn/T//ccCpH0rf.s 			page 11


ARM GAS  /var/folders/lp/x54gwt890xv47sdkqj1k04q40000gn/T//ccCpH0rf.s 			page 12


DEFINED SYMBOLS
                            *ABS*:00000000 stm32f4xx_hal_flash_ex.c
/var/folders/lp/x54gwt890xv47sdkqj1k04q40000gn/T//ccCpH0rf.s:18     .text.FLASH_MassErase:00000000 $t
/var/folders/lp/x54gwt890xv47sdkqj1k04q40000gn/T//ccCpH0rf.s:23     .text.FLASH_MassErase:00000000 FLASH_MassErase
/var/folders/lp/x54gwt890xv47sdkqj1k04q40000gn/T//ccCpH0rf.s:42     .text.FLASH_MassErase:00000020 $d
/var/folders/lp/x54gwt890xv47sdkqj1k04q40000gn/T//ccCpH0rf.s:45     .text.FLASH_OB_BOR_LevelConfig:00000000 $t
/var/folders/lp/x54gwt890xv47sdkqj1k04q40000gn/T//ccCpH0rf.s:50     .text.FLASH_OB_BOR_LevelConfig:00000000 FLASH_OB_BOR_LevelConfig
/var/folders/lp/x54gwt890xv47sdkqj1k04q40000gn/T//ccCpH0rf.s:66     .text.FLASH_OB_BOR_LevelConfig:00000014 $d
/var/folders/lp/x54gwt890xv47sdkqj1k04q40000gn/T//ccCpH0rf.s:69     .text.FLASH_OB_GetUser:00000000 $t
/var/folders/lp/x54gwt890xv47sdkqj1k04q40000gn/T//ccCpH0rf.s:74     .text.FLASH_OB_GetUser:00000000 FLASH_OB_GetUser
/var/folders/lp/x54gwt890xv47sdkqj1k04q40000gn/T//ccCpH0rf.s:85     .text.FLASH_OB_GetUser:0000000c $d
/var/folders/lp/x54gwt890xv47sdkqj1k04q40000gn/T//ccCpH0rf.s:88     .text.FLASH_OB_GetWRP:00000000 $t
/var/folders/lp/x54gwt890xv47sdkqj1k04q40000gn/T//ccCpH0rf.s:93     .text.FLASH_OB_GetWRP:00000000 FLASH_OB_GetWRP
/var/folders/lp/x54gwt890xv47sdkqj1k04q40000gn/T//ccCpH0rf.s:104    .text.FLASH_OB_GetWRP:00000008 $d
/var/folders/lp/x54gwt890xv47sdkqj1k04q40000gn/T//ccCpH0rf.s:107    .text.FLASH_OB_GetRDP:00000000 $t
/var/folders/lp/x54gwt890xv47sdkqj1k04q40000gn/T//ccCpH0rf.s:112    .text.FLASH_OB_GetRDP:00000000 FLASH_OB_GetRDP
/var/folders/lp/x54gwt890xv47sdkqj1k04q40000gn/T//ccCpH0rf.s:131    .text.FLASH_OB_GetRDP:00000018 $d
/var/folders/lp/x54gwt890xv47sdkqj1k04q40000gn/T//ccCpH0rf.s:134    .text.FLASH_OB_GetBOR:00000000 $t
/var/folders/lp/x54gwt890xv47sdkqj1k04q40000gn/T//ccCpH0rf.s:139    .text.FLASH_OB_GetBOR:00000000 FLASH_OB_GetBOR
/var/folders/lp/x54gwt890xv47sdkqj1k04q40000gn/T//ccCpH0rf.s:150    .text.FLASH_OB_GetBOR:0000000c $d
/var/folders/lp/x54gwt890xv47sdkqj1k04q40000gn/T//ccCpH0rf.s:153    .text.FLASH_OB_EnableWRP:00000000 $t
/var/folders/lp/x54gwt890xv47sdkqj1k04q40000gn/T//ccCpH0rf.s:158    .text.FLASH_OB_EnableWRP:00000000 FLASH_OB_EnableWRP
/var/folders/lp/x54gwt890xv47sdkqj1k04q40000gn/T//ccCpH0rf.s:176    .text.FLASH_OB_EnableWRP:0000001c $d
/var/folders/lp/x54gwt890xv47sdkqj1k04q40000gn/T//ccCpH0rf.s:179    .text.FLASH_OB_DisableWRP:00000000 $t
/var/folders/lp/x54gwt890xv47sdkqj1k04q40000gn/T//ccCpH0rf.s:184    .text.FLASH_OB_DisableWRP:00000000 FLASH_OB_DisableWRP
/var/folders/lp/x54gwt890xv47sdkqj1k04q40000gn/T//ccCpH0rf.s:203    .text.FLASH_OB_DisableWRP:0000001c $d
/var/folders/lp/x54gwt890xv47sdkqj1k04q40000gn/T//ccCpH0rf.s:206    .text.FLASH_OB_RDP_LevelConfig:00000000 $t
/var/folders/lp/x54gwt890xv47sdkqj1k04q40000gn/T//ccCpH0rf.s:211    .text.FLASH_OB_RDP_LevelConfig:00000000 FLASH_OB_RDP_LevelConfig
/var/folders/lp/x54gwt890xv47sdkqj1k04q40000gn/T//ccCpH0rf.s:226    .text.FLASH_OB_RDP_LevelConfig:00000014 $d
/var/folders/lp/x54gwt890xv47sdkqj1k04q40000gn/T//ccCpH0rf.s:229    .text.FLASH_OB_UserConfig:00000000 $t
/var/folders/lp/x54gwt890xv47sdkqj1k04q40000gn/T//ccCpH0rf.s:234    .text.FLASH_OB_UserConfig:00000000 FLASH_OB_UserConfig
/var/folders/lp/x54gwt890xv47sdkqj1k04q40000gn/T//ccCpH0rf.s:256    .text.FLASH_OB_UserConfig:00000028 $d
/var/folders/lp/x54gwt890xv47sdkqj1k04q40000gn/T//ccCpH0rf.s:259    .text.HAL_FLASHEx_OBProgram:00000000 $t
/var/folders/lp/x54gwt890xv47sdkqj1k04q40000gn/T//ccCpH0rf.s:265    .text.HAL_FLASHEx_OBProgram:00000000 HAL_FLASHEx_OBProgram
/var/folders/lp/x54gwt890xv47sdkqj1k04q40000gn/T//ccCpH0rf.s:332    .text.HAL_FLASHEx_OBProgram:00000080 $d
/var/folders/lp/x54gwt890xv47sdkqj1k04q40000gn/T//ccCpH0rf.s:335    .text.HAL_FLASHEx_OBGetConfig:00000000 $t
/var/folders/lp/x54gwt890xv47sdkqj1k04q40000gn/T//ccCpH0rf.s:341    .text.HAL_FLASHEx_OBGetConfig:00000000 HAL_FLASHEx_OBGetConfig
/var/folders/lp/x54gwt890xv47sdkqj1k04q40000gn/T//ccCpH0rf.s:359    .text.FLASH_Erase_Sector:00000000 $t
/var/folders/lp/x54gwt890xv47sdkqj1k04q40000gn/T//ccCpH0rf.s:365    .text.FLASH_Erase_Sector:00000000 FLASH_Erase_Sector
/var/folders/lp/x54gwt890xv47sdkqj1k04q40000gn/T//ccCpH0rf.s:403    .text.FLASH_Erase_Sector:00000048 $d
/var/folders/lp/x54gwt890xv47sdkqj1k04q40000gn/T//ccCpH0rf.s:406    .text.HAL_FLASHEx_Erase_IT:00000000 $t
/var/folders/lp/x54gwt890xv47sdkqj1k04q40000gn/T//ccCpH0rf.s:412    .text.HAL_FLASHEx_Erase_IT:00000000 HAL_FLASHEx_Erase_IT
/var/folders/lp/x54gwt890xv47sdkqj1k04q40000gn/T//ccCpH0rf.s:465    .text.HAL_FLASHEx_Erase_IT:00000060 $d
/var/folders/lp/x54gwt890xv47sdkqj1k04q40000gn/T//ccCpH0rf.s:469    .text.FLASH_FlushCaches:00000000 $t
/var/folders/lp/x54gwt890xv47sdkqj1k04q40000gn/T//ccCpH0rf.s:475    .text.FLASH_FlushCaches:00000000 FLASH_FlushCaches
/var/folders/lp/x54gwt890xv47sdkqj1k04q40000gn/T//ccCpH0rf.s:519    .text.FLASH_FlushCaches:0000005c $d
/var/folders/lp/x54gwt890xv47sdkqj1k04q40000gn/T//ccCpH0rf.s:522    .text.HAL_FLASHEx_Erase:00000000 $t
/var/folders/lp/x54gwt890xv47sdkqj1k04q40000gn/T//ccCpH0rf.s:528    .text.HAL_FLASHEx_Erase:00000000 HAL_FLASHEx_Erase
/var/folders/lp/x54gwt890xv47sdkqj1k04q40000gn/T//ccCpH0rf.s:599    .text.HAL_FLASHEx_Erase:0000008c $d

UNDEFINED SYMBOLS
FLASH_WaitForLastOperation
pFlash
