ARM GAS  /var/folders/lp/x54gwt890xv47sdkqj1k04q40000gn/T//cccRsb8R.s 			page 1


   1              		.cpu cortex-m4
   2              		.arch armv7e-m
   3              		.fpu fpv4-sp-d16
   4              		.eabi_attribute 27, 1
   5              		.eabi_attribute 28, 1
   6              		.eabi_attribute 20, 1
   7              		.eabi_attribute 21, 1
   8              		.eabi_attribute 23, 3
   9              		.eabi_attribute 24, 1
  10              		.eabi_attribute 25, 1
  11              		.eabi_attribute 26, 1
  12              		.eabi_attribute 30, 1
  13              		.eabi_attribute 34, 1
  14              		.eabi_attribute 18, 4
  15              		.file	"stm32f4xx_hal_flash.c"
  16              		.text
  17              		.section	.text.FLASH_Program_DoubleWord,"ax",%progbits
  18              		.align	1
  19              		.syntax unified
  20              		.thumb
  21              		.thumb_func
  23              	FLASH_Program_DoubleWord:
  24              		@ args = 0, pretend = 0, frame = 0
  25              		@ frame_needed = 0, uses_anonymous_args = 0
  26              		@ link register save eliminated.
  27 0000 10B4     		push	{r4}
  28 0002 0A49     		ldr	r1, .L3
  29 0004 0C69     		ldr	r4, [r1, #16]
  30 0006 24F44074 		bic	r4, r4, #768
  31 000a 0C61     		str	r4, [r1, #16]
  32 000c 0C69     		ldr	r4, [r1, #16]
  33 000e 44F44074 		orr	r4, r4, #768
  34 0012 0C61     		str	r4, [r1, #16]
  35 0014 0C69     		ldr	r4, [r1, #16]
  36 0016 44F00104 		orr	r4, r4, #1
  37 001a 0C61     		str	r4, [r1, #16]
  38 001c 0260     		str	r2, [r0]
  39              		.syntax unified
  40              	@ 868 "Drivers/CMSIS/Include/cmsis_gcc.h" 1
  41 001e BFF36F8F 		isb 0xF
  42              	@ 0 "" 2
  43              		.thumb
  44              		.syntax unified
  45 0022 4360     		str	r3, [r0, #4]
  46 0024 5DF8044B 		ldr	r4, [sp], #4
  47 0028 7047     		bx	lr
  48              	.L4:
  49 002a 00BF     		.align	2
  50              	.L3:
  51 002c 003C0240 		.word	1073888256
  53              		.section	.text.FLASH_Program_Word,"ax",%progbits
  54              		.align	1
  55              		.syntax unified
  56              		.thumb
  57              		.thumb_func
  59              	FLASH_Program_Word:
  60              		@ args = 0, pretend = 0, frame = 0
ARM GAS  /var/folders/lp/x54gwt890xv47sdkqj1k04q40000gn/T//cccRsb8R.s 			page 2


  61              		@ frame_needed = 0, uses_anonymous_args = 0
  62              		@ link register save eliminated.
  63 0000 074B     		ldr	r3, .L6
  64 0002 1A69     		ldr	r2, [r3, #16]
  65 0004 22F44072 		bic	r2, r2, #768
  66 0008 1A61     		str	r2, [r3, #16]
  67 000a 1A69     		ldr	r2, [r3, #16]
  68 000c 42F40072 		orr	r2, r2, #512
  69 0010 1A61     		str	r2, [r3, #16]
  70 0012 1A69     		ldr	r2, [r3, #16]
  71 0014 42F00102 		orr	r2, r2, #1
  72 0018 1A61     		str	r2, [r3, #16]
  73 001a 0160     		str	r1, [r0]
  74 001c 7047     		bx	lr
  75              	.L7:
  76 001e 00BF     		.align	2
  77              	.L6:
  78 0020 003C0240 		.word	1073888256
  80              		.section	.text.FLASH_Program_HalfWord,"ax",%progbits
  81              		.align	1
  82              		.syntax unified
  83              		.thumb
  84              		.thumb_func
  86              	FLASH_Program_HalfWord:
  87              		@ args = 0, pretend = 0, frame = 0
  88              		@ frame_needed = 0, uses_anonymous_args = 0
  89              		@ link register save eliminated.
  90 0000 074B     		ldr	r3, .L9
  91 0002 1A69     		ldr	r2, [r3, #16]
  92 0004 22F44072 		bic	r2, r2, #768
  93 0008 1A61     		str	r2, [r3, #16]
  94 000a 1A69     		ldr	r2, [r3, #16]
  95 000c 42F48072 		orr	r2, r2, #256
  96 0010 1A61     		str	r2, [r3, #16]
  97 0012 1A69     		ldr	r2, [r3, #16]
  98 0014 42F00102 		orr	r2, r2, #1
  99 0018 1A61     		str	r2, [r3, #16]
 100 001a 0180     		strh	r1, [r0]	@ movhi
 101 001c 7047     		bx	lr
 102              	.L10:
 103 001e 00BF     		.align	2
 104              	.L9:
 105 0020 003C0240 		.word	1073888256
 107              		.section	.text.FLASH_Program_Byte,"ax",%progbits
 108              		.align	1
 109              		.syntax unified
 110              		.thumb
 111              		.thumb_func
 113              	FLASH_Program_Byte:
 114              		@ args = 0, pretend = 0, frame = 0
 115              		@ frame_needed = 0, uses_anonymous_args = 0
 116              		@ link register save eliminated.
 117 0000 064B     		ldr	r3, .L12
 118 0002 1A69     		ldr	r2, [r3, #16]
 119 0004 22F44072 		bic	r2, r2, #768
 120 0008 1A61     		str	r2, [r3, #16]
 121 000a 1A69     		ldr	r2, [r3, #16]
ARM GAS  /var/folders/lp/x54gwt890xv47sdkqj1k04q40000gn/T//cccRsb8R.s 			page 3


 122 000c 1A61     		str	r2, [r3, #16]
 123 000e 1A69     		ldr	r2, [r3, #16]
 124 0010 42F00102 		orr	r2, r2, #1
 125 0014 1A61     		str	r2, [r3, #16]
 126 0016 0170     		strb	r1, [r0]
 127 0018 7047     		bx	lr
 128              	.L13:
 129 001a 00BF     		.align	2
 130              	.L12:
 131 001c 003C0240 		.word	1073888256
 133              		.section	.text.FLASH_SetErrorCode,"ax",%progbits
 134              		.align	1
 135              		.syntax unified
 136              		.thumb
 137              		.thumb_func
 139              	FLASH_SetErrorCode:
 140              		@ args = 0, pretend = 0, frame = 0
 141              		@ frame_needed = 0, uses_anonymous_args = 0
 142              		@ link register save eliminated.
 143 0000 204B     		ldr	r3, .L20
 144 0002 DB68     		ldr	r3, [r3, #12]
 145 0004 13F0100F 		tst	r3, #16
 146 0008 07D0     		beq	.L15
 147 000a 1F4A     		ldr	r2, .L20+4
 148 000c D369     		ldr	r3, [r2, #28]
 149 000e 43F01003 		orr	r3, r3, #16
 150 0012 D361     		str	r3, [r2, #28]
 151 0014 1B4B     		ldr	r3, .L20
 152 0016 1022     		movs	r2, #16
 153 0018 DA60     		str	r2, [r3, #12]
 154              	.L15:
 155 001a 1A4B     		ldr	r3, .L20
 156 001c DB68     		ldr	r3, [r3, #12]
 157 001e 13F0200F 		tst	r3, #32
 158 0022 07D0     		beq	.L16
 159 0024 184A     		ldr	r2, .L20+4
 160 0026 D369     		ldr	r3, [r2, #28]
 161 0028 43F00803 		orr	r3, r3, #8
 162 002c D361     		str	r3, [r2, #28]
 163 002e 154B     		ldr	r3, .L20
 164 0030 2022     		movs	r2, #32
 165 0032 DA60     		str	r2, [r3, #12]
 166              	.L16:
 167 0034 134B     		ldr	r3, .L20
 168 0036 DB68     		ldr	r3, [r3, #12]
 169 0038 13F0400F 		tst	r3, #64
 170 003c 07D0     		beq	.L17
 171 003e 124A     		ldr	r2, .L20+4
 172 0040 D369     		ldr	r3, [r2, #28]
 173 0042 43F00403 		orr	r3, r3, #4
 174 0046 D361     		str	r3, [r2, #28]
 175 0048 0E4B     		ldr	r3, .L20
 176 004a 4022     		movs	r2, #64
 177 004c DA60     		str	r2, [r3, #12]
 178              	.L17:
 179 004e 0D4B     		ldr	r3, .L20
 180 0050 DB68     		ldr	r3, [r3, #12]
ARM GAS  /var/folders/lp/x54gwt890xv47sdkqj1k04q40000gn/T//cccRsb8R.s 			page 4


 181 0052 13F0800F 		tst	r3, #128
 182 0056 07D0     		beq	.L18
 183 0058 0B4A     		ldr	r2, .L20+4
 184 005a D369     		ldr	r3, [r2, #28]
 185 005c 43F00203 		orr	r3, r3, #2
 186 0060 D361     		str	r3, [r2, #28]
 187 0062 084B     		ldr	r3, .L20
 188 0064 8022     		movs	r2, #128
 189 0066 DA60     		str	r2, [r3, #12]
 190              	.L18:
 191 0068 064B     		ldr	r3, .L20
 192 006a DB68     		ldr	r3, [r3, #12]
 193 006c 13F0020F 		tst	r3, #2
 194 0070 07D0     		beq	.L14
 195 0072 054A     		ldr	r2, .L20+4
 196 0074 D369     		ldr	r3, [r2, #28]
 197 0076 43F02003 		orr	r3, r3, #32
 198 007a D361     		str	r3, [r2, #28]
 199 007c 014B     		ldr	r3, .L20
 200 007e 0222     		movs	r2, #2
 201 0080 DA60     		str	r2, [r3, #12]
 202              	.L14:
 203 0082 7047     		bx	lr
 204              	.L21:
 205              		.align	2
 206              	.L20:
 207 0084 003C0240 		.word	1073888256
 208 0088 00000000 		.word	pFlash
 210              		.section	.text.HAL_FLASH_Program_IT,"ax",%progbits
 211              		.align	1
 212              		.global	HAL_FLASH_Program_IT
 213              		.syntax unified
 214              		.thumb
 215              		.thumb_func
 217              	HAL_FLASH_Program_IT:
 218              		@ args = 0, pretend = 0, frame = 0
 219              		@ frame_needed = 0, uses_anonymous_args = 0
 220 0000 F8B5     		push	{r3, r4, r5, r6, r7, lr}
 221 0002 174D     		ldr	r5, .L32
 222 0004 2D7E     		ldrb	r5, [r5, #24]	@ zero_extendqisi2
 223 0006 012D     		cmp	r5, #1
 224 0008 28D0     		beq	.L27
 225 000a 0446     		mov	r4, r0
 226 000c 0846     		mov	r0, r1
 227 000e 144E     		ldr	r6, .L32
 228 0010 0121     		movs	r1, #1
 229 0012 3176     		strb	r1, [r6, #24]
 230 0014 134D     		ldr	r5, .L32+4
 231 0016 2F69     		ldr	r7, [r5, #16]
 232 0018 47F08077 		orr	r7, r7, #16777216
 233 001c 2F61     		str	r7, [r5, #16]
 234 001e 2F69     		ldr	r7, [r5, #16]
 235 0020 47F00077 		orr	r7, r7, #33554432
 236 0024 2F61     		str	r7, [r5, #16]
 237 0026 0321     		movs	r1, #3
 238 0028 3170     		strb	r1, [r6]
 239 002a 7061     		str	r0, [r6, #20]
ARM GAS  /var/folders/lp/x54gwt890xv47sdkqj1k04q40000gn/T//cccRsb8R.s 			page 5


 240 002c 3CB1     		cbz	r4, .L29
 241 002e 012C     		cmp	r4, #1
 242 0030 0AD0     		beq	.L30
 243 0032 022C     		cmp	r4, #2
 244 0034 0DD0     		beq	.L31
 245 0036 FFF7FEFF 		bl	FLASH_Program_DoubleWord
 246 003a 0020     		movs	r0, #0
 247              	.L23:
 248 003c F8BD     		pop	{r3, r4, r5, r6, r7, pc}
 249              	.L29:
 250 003e D1B2     		uxtb	r1, r2
 251 0040 FFF7FEFF 		bl	FLASH_Program_Byte
 252 0044 0020     		movs	r0, #0
 253 0046 F9E7     		b	.L23
 254              	.L30:
 255 0048 91B2     		uxth	r1, r2
 256 004a FFF7FEFF 		bl	FLASH_Program_HalfWord
 257 004e 0020     		movs	r0, #0
 258 0050 F4E7     		b	.L23
 259              	.L31:
 260 0052 1146     		mov	r1, r2
 261 0054 FFF7FEFF 		bl	FLASH_Program_Word
 262 0058 0020     		movs	r0, #0
 263 005a EFE7     		b	.L23
 264              	.L27:
 265 005c 0220     		movs	r0, #2
 266 005e EDE7     		b	.L23
 267              	.L33:
 268              		.align	2
 269              	.L32:
 270 0060 00000000 		.word	pFlash
 271 0064 003C0240 		.word	1073888256
 273              		.section	.text.HAL_FLASH_EndOfOperationCallback,"ax",%progbits
 274              		.align	1
 275              		.weak	HAL_FLASH_EndOfOperationCallback
 276              		.syntax unified
 277              		.thumb
 278              		.thumb_func
 280              	HAL_FLASH_EndOfOperationCallback:
 281              		@ args = 0, pretend = 0, frame = 0
 282              		@ frame_needed = 0, uses_anonymous_args = 0
 283              		@ link register save eliminated.
 284 0000 7047     		bx	lr
 286              		.section	.text.HAL_FLASH_OperationErrorCallback,"ax",%progbits
 287              		.align	1
 288              		.weak	HAL_FLASH_OperationErrorCallback
 289              		.syntax unified
 290              		.thumb
 291              		.thumb_func
 293              	HAL_FLASH_OperationErrorCallback:
 294              		@ args = 0, pretend = 0, frame = 0
 295              		@ frame_needed = 0, uses_anonymous_args = 0
 296              		@ link register save eliminated.
 297 0000 7047     		bx	lr
 299              		.section	.text.HAL_FLASH_IRQHandler,"ax",%progbits
 300              		.align	1
 301              		.global	HAL_FLASH_IRQHandler
ARM GAS  /var/folders/lp/x54gwt890xv47sdkqj1k04q40000gn/T//cccRsb8R.s 			page 6


 302              		.syntax unified
 303              		.thumb
 304              		.thumb_func
 306              	HAL_FLASH_IRQHandler:
 307              		@ args = 0, pretend = 0, frame = 0
 308              		@ frame_needed = 0, uses_anonymous_args = 0
 309 0000 10B5     		push	{r4, lr}
 310 0002 3A4B     		ldr	r3, .L52
 311 0004 DB68     		ldr	r3, [r3, #12]
 312 0006 13F0F20F 		tst	r3, #242
 313 000a 13D0     		beq	.L37
 314 000c 384B     		ldr	r3, .L52+4
 315 000e 1B78     		ldrb	r3, [r3]	@ zero_extendqisi2
 316 0010 DBB2     		uxtb	r3, r3
 317 0012 012B     		cmp	r3, #1
 318 0014 3BD0     		beq	.L48
 319 0016 364B     		ldr	r3, .L52+4
 320 0018 1B78     		ldrb	r3, [r3]	@ zero_extendqisi2
 321 001a DBB2     		uxtb	r3, r3
 322 001c 022B     		cmp	r3, #2
 323 001e 3CD0     		beq	.L49
 324 0020 334B     		ldr	r3, .L52+4
 325 0022 5C69     		ldr	r4, [r3, #20]
 326              	.L39:
 327 0024 FFF7FEFF 		bl	FLASH_SetErrorCode
 328 0028 2046     		mov	r0, r4
 329 002a FFF7FEFF 		bl	HAL_FLASH_OperationErrorCallback
 330 002e 304B     		ldr	r3, .L52+4
 331 0030 0022     		movs	r2, #0
 332 0032 1A70     		strb	r2, [r3]
 333              	.L37:
 334 0034 2D4B     		ldr	r3, .L52
 335 0036 DB68     		ldr	r3, [r3, #12]
 336 0038 13F0010F 		tst	r3, #1
 337 003c 13D0     		beq	.L41
 338 003e 2B4B     		ldr	r3, .L52
 339 0040 0122     		movs	r2, #1
 340 0042 DA60     		str	r2, [r3, #12]
 341 0044 2A4B     		ldr	r3, .L52+4
 342 0046 1B78     		ldrb	r3, [r3]	@ zero_extendqisi2
 343 0048 DBB2     		uxtb	r3, r3
 344 004a 9342     		cmp	r3, r2
 345 004c 28D0     		beq	.L50
 346 004e 284B     		ldr	r3, .L52+4
 347 0050 1B78     		ldrb	r3, [r3]	@ zero_extendqisi2
 348 0052 DBB2     		uxtb	r3, r3
 349 0054 022B     		cmp	r3, #2
 350 0056 41D0     		beq	.L51
 351 0058 254B     		ldr	r3, .L52+4
 352 005a 5869     		ldr	r0, [r3, #20]
 353 005c FFF7FEFF 		bl	HAL_FLASH_EndOfOperationCallback
 354              	.L45:
 355 0060 234B     		ldr	r3, .L52+4
 356 0062 0022     		movs	r2, #0
 357 0064 1A70     		strb	r2, [r3]
 358              	.L41:
 359 0066 224B     		ldr	r3, .L52+4
ARM GAS  /var/folders/lp/x54gwt890xv47sdkqj1k04q40000gn/T//cccRsb8R.s 			page 7


 360 0068 1B78     		ldrb	r3, [r3]	@ zero_extendqisi2
 361 006a 7BB9     		cbnz	r3, .L36
 362 006c 1F4B     		ldr	r3, .L52
 363 006e 1A69     		ldr	r2, [r3, #16]
 364 0070 22F0FF02 		bic	r2, r2, #255
 365 0074 1A61     		str	r2, [r3, #16]
 366 0076 1A69     		ldr	r2, [r3, #16]
 367 0078 22F08072 		bic	r2, r2, #16777216
 368 007c 1A61     		str	r2, [r3, #16]
 369 007e 1A69     		ldr	r2, [r3, #16]
 370 0080 22F00072 		bic	r2, r2, #33554432
 371 0084 1A61     		str	r2, [r3, #16]
 372 0086 1A4B     		ldr	r3, .L52+4
 373 0088 0022     		movs	r2, #0
 374 008a 1A76     		strb	r2, [r3, #24]
 375              	.L36:
 376 008c 10BD     		pop	{r4, pc}
 377              	.L48:
 378 008e 184B     		ldr	r3, .L52+4
 379 0090 DC68     		ldr	r4, [r3, #12]
 380 0092 4FF0FF32 		mov	r2, #-1
 381 0096 DA60     		str	r2, [r3, #12]
 382 0098 C4E7     		b	.L39
 383              	.L49:
 384 009a 154B     		ldr	r3, .L52+4
 385 009c 1C69     		ldr	r4, [r3, #16]
 386 009e C1E7     		b	.L39
 387              	.L50:
 388 00a0 134B     		ldr	r3, .L52+4
 389 00a2 5A68     		ldr	r2, [r3, #4]
 390 00a4 013A     		subs	r2, r2, #1
 391 00a6 5A60     		str	r2, [r3, #4]
 392 00a8 5B68     		ldr	r3, [r3, #4]
 393 00aa 5BB1     		cbz	r3, .L43
 394 00ac 104C     		ldr	r4, .L52+4
 395 00ae E068     		ldr	r0, [r4, #12]
 396 00b0 FFF7FEFF 		bl	HAL_FLASH_EndOfOperationCallback
 397 00b4 E368     		ldr	r3, [r4, #12]
 398 00b6 0133     		adds	r3, r3, #1
 399 00b8 E360     		str	r3, [r4, #12]
 400 00ba E068     		ldr	r0, [r4, #12]
 401 00bc 217A     		ldrb	r1, [r4, #8]	@ zero_extendqisi2
 402 00be FFF7FEFF 		bl	FLASH_Erase_Sector
 403 00c2 D0E7     		b	.L41
 404              	.L43:
 405 00c4 0A4B     		ldr	r3, .L52+4
 406 00c6 4FF0FF34 		mov	r4, #-1
 407 00ca DC60     		str	r4, [r3, #12]
 408 00cc 0022     		movs	r2, #0
 409 00ce 1A70     		strb	r2, [r3]
 410 00d0 FFF7FEFF 		bl	FLASH_FlushCaches
 411 00d4 2046     		mov	r0, r4
 412 00d6 FFF7FEFF 		bl	HAL_FLASH_EndOfOperationCallback
 413 00da C4E7     		b	.L41
 414              	.L51:
 415 00dc FFF7FEFF 		bl	FLASH_FlushCaches
 416 00e0 034B     		ldr	r3, .L52+4
ARM GAS  /var/folders/lp/x54gwt890xv47sdkqj1k04q40000gn/T//cccRsb8R.s 			page 8


 417 00e2 1869     		ldr	r0, [r3, #16]
 418 00e4 FFF7FEFF 		bl	HAL_FLASH_EndOfOperationCallback
 419 00e8 BAE7     		b	.L45
 420              	.L53:
 421 00ea 00BF     		.align	2
 422              	.L52:
 423 00ec 003C0240 		.word	1073888256
 424 00f0 00000000 		.word	pFlash
 426              		.section	.text.HAL_FLASH_Unlock,"ax",%progbits
 427              		.align	1
 428              		.global	HAL_FLASH_Unlock
 429              		.syntax unified
 430              		.thumb
 431              		.thumb_func
 433              	HAL_FLASH_Unlock:
 434              		@ args = 0, pretend = 0, frame = 0
 435              		@ frame_needed = 0, uses_anonymous_args = 0
 436              		@ link register save eliminated.
 437 0000 094B     		ldr	r3, .L59
 438 0002 1B69     		ldr	r3, [r3, #16]
 439 0004 002B     		cmp	r3, #0
 440 0006 01DB     		blt	.L58
 441 0008 0020     		movs	r0, #0
 442 000a 7047     		bx	lr
 443              	.L58:
 444 000c 064B     		ldr	r3, .L59
 445 000e 074A     		ldr	r2, .L59+4
 446 0010 5A60     		str	r2, [r3, #4]
 447 0012 02F18832 		add	r2, r2, #-2004318072
 448 0016 5A60     		str	r2, [r3, #4]
 449 0018 1B69     		ldr	r3, [r3, #16]
 450 001a 002B     		cmp	r3, #0
 451 001c 01DB     		blt	.L57
 452 001e 0020     		movs	r0, #0
 453 0020 7047     		bx	lr
 454              	.L57:
 455 0022 0120     		movs	r0, #1
 456 0024 7047     		bx	lr
 457              	.L60:
 458 0026 00BF     		.align	2
 459              	.L59:
 460 0028 003C0240 		.word	1073888256
 461 002c 23016745 		.word	1164378403
 463              		.section	.text.HAL_FLASH_Lock,"ax",%progbits
 464              		.align	1
 465              		.global	HAL_FLASH_Lock
 466              		.syntax unified
 467              		.thumb
 468              		.thumb_func
 470              	HAL_FLASH_Lock:
 471              		@ args = 0, pretend = 0, frame = 0
 472              		@ frame_needed = 0, uses_anonymous_args = 0
 473              		@ link register save eliminated.
 474 0000 034A     		ldr	r2, .L62
 475 0002 1369     		ldr	r3, [r2, #16]
 476 0004 43F00043 		orr	r3, r3, #-2147483648
 477 0008 1361     		str	r3, [r2, #16]
ARM GAS  /var/folders/lp/x54gwt890xv47sdkqj1k04q40000gn/T//cccRsb8R.s 			page 9


 478 000a 0020     		movs	r0, #0
 479 000c 7047     		bx	lr
 480              	.L63:
 481 000e 00BF     		.align	2
 482              	.L62:
 483 0010 003C0240 		.word	1073888256
 485              		.section	.text.HAL_FLASH_OB_Unlock,"ax",%progbits
 486              		.align	1
 487              		.global	HAL_FLASH_OB_Unlock
 488              		.syntax unified
 489              		.thumb
 490              		.thumb_func
 492              	HAL_FLASH_OB_Unlock:
 493              		@ args = 0, pretend = 0, frame = 0
 494              		@ frame_needed = 0, uses_anonymous_args = 0
 495              		@ link register save eliminated.
 496 0000 074B     		ldr	r3, .L67
 497 0002 5B69     		ldr	r3, [r3, #20]
 498 0004 13F0010F 		tst	r3, #1
 499 0008 07D0     		beq	.L66
 500 000a 054B     		ldr	r3, .L67
 501 000c 054A     		ldr	r2, .L67+4
 502 000e 9A60     		str	r2, [r3, #8]
 503 0010 02F14432 		add	r2, r2, #1145324612
 504 0014 9A60     		str	r2, [r3, #8]
 505 0016 0020     		movs	r0, #0
 506 0018 7047     		bx	lr
 507              	.L66:
 508 001a 0120     		movs	r0, #1
 509 001c 7047     		bx	lr
 510              	.L68:
 511 001e 00BF     		.align	2
 512              	.L67:
 513 0020 003C0240 		.word	1073888256
 514 0024 3B2A1908 		.word	135866939
 516              		.section	.text.HAL_FLASH_OB_Lock,"ax",%progbits
 517              		.align	1
 518              		.global	HAL_FLASH_OB_Lock
 519              		.syntax unified
 520              		.thumb
 521              		.thumb_func
 523              	HAL_FLASH_OB_Lock:
 524              		@ args = 0, pretend = 0, frame = 0
 525              		@ frame_needed = 0, uses_anonymous_args = 0
 526              		@ link register save eliminated.
 527 0000 034A     		ldr	r2, .L70
 528 0002 5369     		ldr	r3, [r2, #20]
 529 0004 43F00103 		orr	r3, r3, #1
 530 0008 5361     		str	r3, [r2, #20]
 531 000a 0020     		movs	r0, #0
 532 000c 7047     		bx	lr
 533              	.L71:
 534 000e 00BF     		.align	2
 535              	.L70:
 536 0010 003C0240 		.word	1073888256
 538              		.section	.text.HAL_FLASH_GetError,"ax",%progbits
 539              		.align	1
ARM GAS  /var/folders/lp/x54gwt890xv47sdkqj1k04q40000gn/T//cccRsb8R.s 			page 10


 540              		.global	HAL_FLASH_GetError
 541              		.syntax unified
 542              		.thumb
 543              		.thumb_func
 545              	HAL_FLASH_GetError:
 546              		@ args = 0, pretend = 0, frame = 0
 547              		@ frame_needed = 0, uses_anonymous_args = 0
 548              		@ link register save eliminated.
 549 0000 014B     		ldr	r3, .L73
 550 0002 D869     		ldr	r0, [r3, #28]
 551 0004 7047     		bx	lr
 552              	.L74:
 553 0006 00BF     		.align	2
 554              	.L73:
 555 0008 00000000 		.word	pFlash
 557              		.section	.text.FLASH_WaitForLastOperation,"ax",%progbits
 558              		.align	1
 559              		.global	FLASH_WaitForLastOperation
 560              		.syntax unified
 561              		.thumb
 562              		.thumb_func
 564              	FLASH_WaitForLastOperation:
 565              		@ args = 0, pretend = 0, frame = 0
 566              		@ frame_needed = 0, uses_anonymous_args = 0
 567 0000 38B5     		push	{r3, r4, r5, lr}
 568 0002 0446     		mov	r4, r0
 569 0004 144B     		ldr	r3, .L86
 570 0006 0022     		movs	r2, #0
 571 0008 DA61     		str	r2, [r3, #28]
 572 000a FFF7FEFF 		bl	HAL_GetTick
 573 000e 0546     		mov	r5, r0
 574              	.L77:
 575 0010 124B     		ldr	r3, .L86+4
 576 0012 DB68     		ldr	r3, [r3, #12]
 577 0014 13F4803F 		tst	r3, #65536
 578 0018 0AD0     		beq	.L84
 579 001a B4F1FF3F 		cmp	r4, #-1
 580 001e F7D0     		beq	.L77
 581 0020 24B1     		cbz	r4, .L78
 582 0022 FFF7FEFF 		bl	HAL_GetTick
 583 0026 401B     		subs	r0, r0, r5
 584 0028 A042     		cmp	r0, r4
 585 002a F1D9     		bls	.L77
 586              	.L78:
 587 002c 0320     		movs	r0, #3
 588 002e 0DE0     		b	.L79
 589              	.L84:
 590 0030 0A4B     		ldr	r3, .L86+4
 591 0032 DB68     		ldr	r3, [r3, #12]
 592 0034 13F0010F 		tst	r3, #1
 593 0038 02D0     		beq	.L81
 594 003a 084B     		ldr	r3, .L86+4
 595 003c 0122     		movs	r2, #1
 596 003e DA60     		str	r2, [r3, #12]
 597              	.L81:
 598 0040 064B     		ldr	r3, .L86+4
 599 0042 DB68     		ldr	r3, [r3, #12]
ARM GAS  /var/folders/lp/x54gwt890xv47sdkqj1k04q40000gn/T//cccRsb8R.s 			page 11


 600 0044 13F0F20F 		tst	r3, #242
 601 0048 01D1     		bne	.L85
 602 004a 0020     		movs	r0, #0
 603              	.L79:
 604 004c 38BD     		pop	{r3, r4, r5, pc}
 605              	.L85:
 606 004e FFF7FEFF 		bl	FLASH_SetErrorCode
 607 0052 0120     		movs	r0, #1
 608 0054 FAE7     		b	.L79
 609              	.L87:
 610 0056 00BF     		.align	2
 611              	.L86:
 612 0058 00000000 		.word	pFlash
 613 005c 003C0240 		.word	1073888256
 615              		.section	.text.HAL_FLASH_Program,"ax",%progbits
 616              		.align	1
 617              		.global	HAL_FLASH_Program
 618              		.syntax unified
 619              		.thumb
 620              		.thumb_func
 622              	HAL_FLASH_Program:
 623              		@ args = 0, pretend = 0, frame = 0
 624              		@ frame_needed = 0, uses_anonymous_args = 0
 625 0000 F8B5     		push	{r3, r4, r5, r6, r7, lr}
 626 0002 1646     		mov	r6, r2
 627 0004 1B4A     		ldr	r2, .L100
 628 0006 127E     		ldrb	r2, [r2, #24]	@ zero_extendqisi2
 629 0008 012A     		cmp	r2, #1
 630 000a 30D0     		beq	.L95
 631 000c 0446     		mov	r4, r0
 632 000e 0D46     		mov	r5, r1
 633 0010 1F46     		mov	r7, r3
 634 0012 184B     		ldr	r3, .L100
 635 0014 0122     		movs	r2, #1
 636 0016 1A76     		strb	r2, [r3, #24]
 637 0018 4CF25030 		movw	r0, #50000
 638 001c FFF7FEFF 		bl	FLASH_WaitForLastOperation
 639 0020 90B9     		cbnz	r0, .L90
 640 0022 ACB1     		cbz	r4, .L97
 641 0024 012C     		cmp	r4, #1
 642 0026 18D0     		beq	.L98
 643 0028 022C     		cmp	r4, #2
 644 002a 1BD0     		beq	.L99
 645 002c 3246     		mov	r2, r6
 646 002e 3B46     		mov	r3, r7
 647 0030 2846     		mov	r0, r5
 648 0032 FFF7FEFF 		bl	FLASH_Program_DoubleWord
 649              	.L92:
 650 0036 4CF25030 		movw	r0, #50000
 651 003a FFF7FEFF 		bl	FLASH_WaitForLastOperation
 652 003e 0E4A     		ldr	r2, .L100+4
 653 0040 1369     		ldr	r3, [r2, #16]
 654 0042 23F00103 		bic	r3, r3, #1
 655 0046 1361     		str	r3, [r2, #16]
 656              	.L90:
 657 0048 0A4B     		ldr	r3, .L100
 658 004a 0022     		movs	r2, #0
ARM GAS  /var/folders/lp/x54gwt890xv47sdkqj1k04q40000gn/T//cccRsb8R.s 			page 12


 659 004c 1A76     		strb	r2, [r3, #24]
 660              	.L89:
 661 004e F8BD     		pop	{r3, r4, r5, r6, r7, pc}
 662              	.L97:
 663 0050 F1B2     		uxtb	r1, r6
 664 0052 2846     		mov	r0, r5
 665 0054 FFF7FEFF 		bl	FLASH_Program_Byte
 666 0058 EDE7     		b	.L92
 667              	.L98:
 668 005a B1B2     		uxth	r1, r6
 669 005c 2846     		mov	r0, r5
 670 005e FFF7FEFF 		bl	FLASH_Program_HalfWord
 671 0062 E8E7     		b	.L92
 672              	.L99:
 673 0064 3146     		mov	r1, r6
 674 0066 2846     		mov	r0, r5
 675 0068 FFF7FEFF 		bl	FLASH_Program_Word
 676 006c E3E7     		b	.L92
 677              	.L95:
 678 006e 0220     		movs	r0, #2
 679 0070 EDE7     		b	.L89
 680              	.L101:
 681 0072 00BF     		.align	2
 682              	.L100:
 683 0074 00000000 		.word	pFlash
 684 0078 003C0240 		.word	1073888256
 686              		.section	.text.HAL_FLASH_OB_Launch,"ax",%progbits
 687              		.align	1
 688              		.global	HAL_FLASH_OB_Launch
 689              		.syntax unified
 690              		.thumb
 691              		.thumb_func
 693              	HAL_FLASH_OB_Launch:
 694              		@ args = 0, pretend = 0, frame = 0
 695              		@ frame_needed = 0, uses_anonymous_args = 0
 696 0000 08B5     		push	{r3, lr}
 697 0002 054A     		ldr	r2, .L104
 698 0004 137D     		ldrb	r3, [r2, #20]	@ zero_extendqisi2
 699 0006 43F00203 		orr	r3, r3, #2
 700 000a 1375     		strb	r3, [r2, #20]
 701 000c 4CF25030 		movw	r0, #50000
 702 0010 FFF7FEFF 		bl	FLASH_WaitForLastOperation
 703 0014 08BD     		pop	{r3, pc}
 704              	.L105:
 705 0016 00BF     		.align	2
 706              	.L104:
 707 0018 003C0240 		.word	1073888256
 709              		.global	pFlash
 710              		.section	.bss.pFlash,"aw",%nobits
 711              		.align	2
 714              	pFlash:
 715 0000 00000000 		.space	32
 715      00000000 
 715      00000000 
 715      00000000 
 715      00000000 
 716              		.ident	"GCC: (xPack GNU Arm Embedded GCC arm64) 13.3.1 20240614"
ARM GAS  /var/folders/lp/x54gwt890xv47sdkqj1k04q40000gn/T//cccRsb8R.s 			page 13


ARM GAS  /var/folders/lp/x54gwt890xv47sdkqj1k04q40000gn/T//cccRsb8R.s 			page 14


DEFINED SYMBOLS
                            *ABS*:00000000 stm32f4xx_hal_flash.c
/var/folders/lp/x54gwt890xv47sdkqj1k04q40000gn/T//cccRsb8R.s:18     .text.FLASH_Program_DoubleWord:00000000 $t
/var/folders/lp/x54gwt890xv47sdkqj1k04q40000gn/T//cccRsb8R.s:23     .text.FLASH_Program_DoubleWord:00000000 FLASH_Program_DoubleWord
/var/folders/lp/x54gwt890xv47sdkqj1k04q40000gn/T//cccRsb8R.s:51     .text.FLASH_Program_DoubleWord:0000002c $d
/var/folders/lp/x54gwt890xv47sdkqj1k04q40000gn/T//cccRsb8R.s:54     .text.FLASH_Program_Word:00000000 $t
/var/folders/lp/x54gwt890xv47sdkqj1k04q40000gn/T//cccRsb8R.s:59     .text.FLASH_Program_Word:00000000 FLASH_Program_Word
/var/folders/lp/x54gwt890xv47sdkqj1k04q40000gn/T//cccRsb8R.s:78     .text.FLASH_Program_Word:00000020 $d
/var/folders/lp/x54gwt890xv47sdkqj1k04q40000gn/T//cccRsb8R.s:81     .text.FLASH_Program_HalfWord:00000000 $t
/var/folders/lp/x54gwt890xv47sdkqj1k04q40000gn/T//cccRsb8R.s:86     .text.FLASH_Program_HalfWord:00000000 FLASH_Program_HalfWord
/var/folders/lp/x54gwt890xv47sdkqj1k04q40000gn/T//cccRsb8R.s:105    .text.FLASH_Program_HalfWord:00000020 $d
/var/folders/lp/x54gwt890xv47sdkqj1k04q40000gn/T//cccRsb8R.s:108    .text.FLASH_Program_Byte:00000000 $t
/var/folders/lp/x54gwt890xv47sdkqj1k04q40000gn/T//cccRsb8R.s:113    .text.FLASH_Program_Byte:00000000 FLASH_Program_Byte
/var/folders/lp/x54gwt890xv47sdkqj1k04q40000gn/T//cccRsb8R.s:131    .text.FLASH_Program_Byte:0000001c $d
/var/folders/lp/x54gwt890xv47sdkqj1k04q40000gn/T//cccRsb8R.s:134    .text.FLASH_SetErrorCode:00000000 $t
/var/folders/lp/x54gwt890xv47sdkqj1k04q40000gn/T//cccRsb8R.s:139    .text.FLASH_SetErrorCode:00000000 FLASH_SetErrorCode
/var/folders/lp/x54gwt890xv47sdkqj1k04q40000gn/T//cccRsb8R.s:207    .text.FLASH_SetErrorCode:00000084 $d
/var/folders/lp/x54gwt890xv47sdkqj1k04q40000gn/T//cccRsb8R.s:714    .bss.pFlash:00000000 pFlash
/var/folders/lp/x54gwt890xv47sdkqj1k04q40000gn/T//cccRsb8R.s:211    .text.HAL_FLASH_Program_IT:00000000 $t
/var/folders/lp/x54gwt890xv47sdkqj1k04q40000gn/T//cccRsb8R.s:217    .text.HAL_FLASH_Program_IT:00000000 HAL_FLASH_Program_IT
/var/folders/lp/x54gwt890xv47sdkqj1k04q40000gn/T//cccRsb8R.s:270    .text.HAL_FLASH_Program_IT:00000060 $d
/var/folders/lp/x54gwt890xv47sdkqj1k04q40000gn/T//cccRsb8R.s:274    .text.HAL_FLASH_EndOfOperationCallback:00000000 $t
/var/folders/lp/x54gwt890xv47sdkqj1k04q40000gn/T//cccRsb8R.s:280    .text.HAL_FLASH_EndOfOperationCallback:00000000 HAL_FLASH_EndOfOperationCallback
/var/folders/lp/x54gwt890xv47sdkqj1k04q40000gn/T//cccRsb8R.s:287    .text.HAL_FLASH_OperationErrorCallback:00000000 $t
/var/folders/lp/x54gwt890xv47sdkqj1k04q40000gn/T//cccRsb8R.s:293    .text.HAL_FLASH_OperationErrorCallback:00000000 HAL_FLASH_OperationErrorCallback
/var/folders/lp/x54gwt890xv47sdkqj1k04q40000gn/T//cccRsb8R.s:300    .text.HAL_FLASH_IRQHandler:00000000 $t
/var/folders/lp/x54gwt890xv47sdkqj1k04q40000gn/T//cccRsb8R.s:306    .text.HAL_FLASH_IRQHandler:00000000 HAL_FLASH_IRQHandler
/var/folders/lp/x54gwt890xv47sdkqj1k04q40000gn/T//cccRsb8R.s:423    .text.HAL_FLASH_IRQHandler:000000ec $d
/var/folders/lp/x54gwt890xv47sdkqj1k04q40000gn/T//cccRsb8R.s:427    .text.HAL_FLASH_Unlock:00000000 $t
/var/folders/lp/x54gwt890xv47sdkqj1k04q40000gn/T//cccRsb8R.s:433    .text.HAL_FLASH_Unlock:00000000 HAL_FLASH_Unlock
/var/folders/lp/x54gwt890xv47sdkqj1k04q40000gn/T//cccRsb8R.s:460    .text.HAL_FLASH_Unlock:00000028 $d
/var/folders/lp/x54gwt890xv47sdkqj1k04q40000gn/T//cccRsb8R.s:464    .text.HAL_FLASH_Lock:00000000 $t
/var/folders/lp/x54gwt890xv47sdkqj1k04q40000gn/T//cccRsb8R.s:470    .text.HAL_FLASH_Lock:00000000 HAL_FLASH_Lock
/var/folders/lp/x54gwt890xv47sdkqj1k04q40000gn/T//cccRsb8R.s:483    .text.HAL_FLASH_Lock:00000010 $d
/var/folders/lp/x54gwt890xv47sdkqj1k04q40000gn/T//cccRsb8R.s:486    .text.HAL_FLASH_OB_Unlock:00000000 $t
/var/folders/lp/x54gwt890xv47sdkqj1k04q40000gn/T//cccRsb8R.s:492    .text.HAL_FLASH_OB_Unlock:00000000 HAL_FLASH_OB_Unlock
/var/folders/lp/x54gwt890xv47sdkqj1k04q40000gn/T//cccRsb8R.s:513    .text.HAL_FLASH_OB_Unlock:00000020 $d
/var/folders/lp/x54gwt890xv47sdkqj1k04q40000gn/T//cccRsb8R.s:517    .text.HAL_FLASH_OB_Lock:00000000 $t
/var/folders/lp/x54gwt890xv47sdkqj1k04q40000gn/T//cccRsb8R.s:523    .text.HAL_FLASH_OB_Lock:00000000 HAL_FLASH_OB_Lock
/var/folders/lp/x54gwt890xv47sdkqj1k04q40000gn/T//cccRsb8R.s:536    .text.HAL_FLASH_OB_Lock:00000010 $d
/var/folders/lp/x54gwt890xv47sdkqj1k04q40000gn/T//cccRsb8R.s:539    .text.HAL_FLASH_GetError:00000000 $t
/var/folders/lp/x54gwt890xv47sdkqj1k04q40000gn/T//cccRsb8R.s:545    .text.HAL_FLASH_GetError:00000000 HAL_FLASH_GetError
/var/folders/lp/x54gwt890xv47sdkqj1k04q40000gn/T//cccRsb8R.s:555    .text.HAL_FLASH_GetError:00000008 $d
/var/folders/lp/x54gwt890xv47sdkqj1k04q40000gn/T//cccRsb8R.s:558    .text.FLASH_WaitForLastOperation:00000000 $t
/var/folders/lp/x54gwt890xv47sdkqj1k04q40000gn/T//cccRsb8R.s:564    .text.FLASH_WaitForLastOperation:00000000 FLASH_WaitForLastOperation
/var/folders/lp/x54gwt890xv47sdkqj1k04q40000gn/T//cccRsb8R.s:612    .text.FLASH_WaitForLastOperation:00000058 $d
/var/folders/lp/x54gwt890xv47sdkqj1k04q40000gn/T//cccRsb8R.s:616    .text.HAL_FLASH_Program:00000000 $t
/var/folders/lp/x54gwt890xv47sdkqj1k04q40000gn/T//cccRsb8R.s:622    .text.HAL_FLASH_Program:00000000 HAL_FLASH_Program
/var/folders/lp/x54gwt890xv47sdkqj1k04q40000gn/T//cccRsb8R.s:683    .text.HAL_FLASH_Program:00000074 $d
/var/folders/lp/x54gwt890xv47sdkqj1k04q40000gn/T//cccRsb8R.s:687    .text.HAL_FLASH_OB_Launch:00000000 $t
/var/folders/lp/x54gwt890xv47sdkqj1k04q40000gn/T//cccRsb8R.s:693    .text.HAL_FLASH_OB_Launch:00000000 HAL_FLASH_OB_Launch
/var/folders/lp/x54gwt890xv47sdkqj1k04q40000gn/T//cccRsb8R.s:707    .text.HAL_FLASH_OB_Launch:00000018 $d
/var/folders/lp/x54gwt890xv47sdkqj1k04q40000gn/T//cccRsb8R.s:711    .bss.pFlash:00000000 $d

UNDEFINED SYMBOLS
FLASH_Erase_Sector
FLASH_FlushCaches
ARM GAS  /var/folders/lp/x54gwt890xv47sdkqj1k04q40000gn/T//cccRsb8R.s 			page 15


HAL_GetTick
