ARM GAS  /var/folders/lp/x54gwt890xv47sdkqj1k04q40000gn/T//ccc2pzdA.s 			page 1


   1              		.cpu cortex-m4
   2              		.arch armv7e-m
   3              		.fpu fpv4-sp-d16
   4              		.eabi_attribute 27, 1
   5              		.eabi_attribute 28, 1
   6              		.eabi_attribute 20, 1
   7              		.eabi_attribute 21, 1
   8              		.eabi_attribute 23, 3
   9              		.eabi_attribute 24, 1
  10              		.eabi_attribute 25, 1
  11              		.eabi_attribute 26, 1
  12              		.eabi_attribute 30, 1
  13              		.eabi_attribute 34, 1
  14              		.eabi_attribute 18, 4
  15              		.file	"stm32f4xx_hal_rcc.c"
  16              		.text
  17              		.section	.text.HAL_RCC_DeInit,"ax",%progbits
  18              		.align	1
  19              		.weak	HAL_RCC_DeInit
  20              		.syntax unified
  21              		.thumb
  22              		.thumb_func
  24              	HAL_RCC_DeInit:
  25              		@ args = 0, pretend = 0, frame = 0
  26              		@ frame_needed = 0, uses_anonymous_args = 0
  27              		@ link register save eliminated.
  28 0000 0020     		movs	r0, #0
  29 0002 7047     		bx	lr
  31              		.section	.text.HAL_RCC_OscConfig,"ax",%progbits
  32              		.align	1
  33              		.weak	HAL_RCC_OscConfig
  34              		.syntax unified
  35              		.thumb
  36              		.thumb_func
  38              	HAL_RCC_OscConfig:
  39              		@ args = 0, pretend = 0, frame = 8
  40              		@ frame_needed = 0, uses_anonymous_args = 0
  41 0000 0028     		cmp	r0, #0
  42 0002 00F0E081 		beq	.L52
  43 0006 70B5     		push	{r4, r5, r6, lr}
  44 0008 82B0     		sub	sp, sp, #8
  45 000a 0446     		mov	r4, r0
  46 000c 0368     		ldr	r3, [r0]
  47 000e 13F0010F 		tst	r3, #1
  48 0012 3BD0     		beq	.L4
  49 0014 9F4B     		ldr	r3, .L93
  50 0016 9B68     		ldr	r3, [r3, #8]
  51 0018 03F00C03 		and	r3, r3, #12
  52 001c 042B     		cmp	r3, #4
  53 001e 2CD0     		beq	.L5
  54 0020 9C4B     		ldr	r3, .L93
  55 0022 9B68     		ldr	r3, [r3, #8]
  56 0024 03F00C03 		and	r3, r3, #12
  57 0028 082B     		cmp	r3, #8
  58 002a 21D0     		beq	.L79
  59              	.L6:
  60 002c 6368     		ldr	r3, [r4, #4]
ARM GAS  /var/folders/lp/x54gwt890xv47sdkqj1k04q40000gn/T//ccc2pzdA.s 			page 2


  61 002e B3F5803F 		cmp	r3, #65536
  62 0032 4FD0     		beq	.L80
  63 0034 B3F5A02F 		cmp	r3, #327680
  64 0038 52D0     		beq	.L81
  65 003a 964B     		ldr	r3, .L93
  66 003c 1A68     		ldr	r2, [r3]
  67 003e 22F48032 		bic	r2, r2, #65536
  68 0042 1A60     		str	r2, [r3]
  69 0044 1A68     		ldr	r2, [r3]
  70 0046 22F48022 		bic	r2, r2, #262144
  71 004a 1A60     		str	r2, [r3]
  72              	.L8:
  73 004c 6368     		ldr	r3, [r4, #4]
  74 004e 002B     		cmp	r3, #0
  75 0050 50D0     		beq	.L10
  76 0052 FFF7FEFF 		bl	HAL_GetTick
  77 0056 0546     		mov	r5, r0
  78              	.L11:
  79 0058 8E4B     		ldr	r3, .L93
  80 005a 1B68     		ldr	r3, [r3]
  81 005c 13F4003F 		tst	r3, #131072
  82 0060 14D1     		bne	.L4
  83 0062 FFF7FEFF 		bl	HAL_GetTick
  84 0066 401B     		subs	r0, r0, r5
  85 0068 6428     		cmp	r0, #100
  86 006a F5D9     		bls	.L11
  87 006c 0320     		movs	r0, #3
  88 006e B1E1     		b	.L3
  89              	.L79:
  90 0070 884B     		ldr	r3, .L93
  91 0072 5B68     		ldr	r3, [r3, #4]
  92 0074 13F4800F 		tst	r3, #4194304
  93 0078 D8D0     		beq	.L6
  94              	.L5:
  95 007a 864B     		ldr	r3, .L93
  96 007c 1B68     		ldr	r3, [r3]
  97 007e 13F4003F 		tst	r3, #131072
  98 0082 03D0     		beq	.L4
  99 0084 6368     		ldr	r3, [r4, #4]
 100 0086 002B     		cmp	r3, #0
 101 0088 00F09F81 		beq	.L82
 102              	.L4:
 103 008c 2368     		ldr	r3, [r4]
 104 008e 13F0020F 		tst	r3, #2
 105 0092 54D0     		beq	.L15
 106 0094 7F4B     		ldr	r3, .L93
 107 0096 9B68     		ldr	r3, [r3, #8]
 108 0098 13F00C0F 		tst	r3, #12
 109 009c 3ED0     		beq	.L16
 110 009e 7D4B     		ldr	r3, .L93
 111 00a0 9B68     		ldr	r3, [r3, #8]
 112 00a2 03F00C03 		and	r3, r3, #12
 113 00a6 082B     		cmp	r3, #8
 114 00a8 33D0     		beq	.L83
 115              	.L17:
 116 00aa E368     		ldr	r3, [r4, #12]
 117 00ac 002B     		cmp	r3, #0
ARM GAS  /var/folders/lp/x54gwt890xv47sdkqj1k04q40000gn/T//ccc2pzdA.s 			page 3


 118 00ae 68D0     		beq	.L19
 119 00b0 794B     		ldr	r3, .L93+4
 120 00b2 0122     		movs	r2, #1
 121 00b4 1A60     		str	r2, [r3]
 122 00b6 FFF7FEFF 		bl	HAL_GetTick
 123 00ba 0546     		mov	r5, r0
 124              	.L20:
 125 00bc 754B     		ldr	r3, .L93
 126 00be 1B68     		ldr	r3, [r3]
 127 00c0 13F0020F 		tst	r3, #2
 128 00c4 54D1     		bne	.L84
 129 00c6 FFF7FEFF 		bl	HAL_GetTick
 130 00ca 401B     		subs	r0, r0, r5
 131 00cc 0228     		cmp	r0, #2
 132 00ce F5D9     		bls	.L20
 133 00d0 0320     		movs	r0, #3
 134 00d2 7FE1     		b	.L3
 135              	.L80:
 136 00d4 6F4A     		ldr	r2, .L93
 137 00d6 1368     		ldr	r3, [r2]
 138 00d8 43F48033 		orr	r3, r3, #65536
 139 00dc 1360     		str	r3, [r2]
 140 00de B5E7     		b	.L8
 141              	.L81:
 142 00e0 6C4B     		ldr	r3, .L93
 143 00e2 1A68     		ldr	r2, [r3]
 144 00e4 42F48022 		orr	r2, r2, #262144
 145 00e8 1A60     		str	r2, [r3]
 146 00ea 1A68     		ldr	r2, [r3]
 147 00ec 42F48032 		orr	r2, r2, #65536
 148 00f0 1A60     		str	r2, [r3]
 149 00f2 ABE7     		b	.L8
 150              	.L10:
 151 00f4 FFF7FEFF 		bl	HAL_GetTick
 152 00f8 0546     		mov	r5, r0
 153              	.L13:
 154 00fa 664B     		ldr	r3, .L93
 155 00fc 1B68     		ldr	r3, [r3]
 156 00fe 13F4003F 		tst	r3, #131072
 157 0102 C3D0     		beq	.L4
 158 0104 FFF7FEFF 		bl	HAL_GetTick
 159 0108 401B     		subs	r0, r0, r5
 160 010a 6428     		cmp	r0, #100
 161 010c F5D9     		bls	.L13
 162 010e 0320     		movs	r0, #3
 163 0110 60E1     		b	.L3
 164              	.L83:
 165 0112 604B     		ldr	r3, .L93
 166 0114 5B68     		ldr	r3, [r3, #4]
 167 0116 13F4800F 		tst	r3, #4194304
 168 011a C6D1     		bne	.L17
 169              	.L16:
 170 011c 5D4B     		ldr	r3, .L93
 171 011e 1B68     		ldr	r3, [r3]
 172 0120 13F0020F 		tst	r3, #2
 173 0124 03D0     		beq	.L18
 174 0126 E368     		ldr	r3, [r4, #12]
ARM GAS  /var/folders/lp/x54gwt890xv47sdkqj1k04q40000gn/T//ccc2pzdA.s 			page 4


 175 0128 012B     		cmp	r3, #1
 176 012a 40F05081 		bne	.L56
 177              	.L18:
 178 012e 594A     		ldr	r2, .L93
 179 0130 1368     		ldr	r3, [r2]
 180 0132 23F0F803 		bic	r3, r3, #248
 181 0136 2169     		ldr	r1, [r4, #16]
 182 0138 43EAC103 		orr	r3, r3, r1, lsl #3
 183 013c 1360     		str	r3, [r2]
 184              	.L15:
 185 013e 2368     		ldr	r3, [r4]
 186 0140 13F0080F 		tst	r3, #8
 187 0144 42D0     		beq	.L24
 188 0146 6369     		ldr	r3, [r4, #20]
 189 0148 6BB3     		cbz	r3, .L25
 190 014a 534B     		ldr	r3, .L93+4
 191 014c 0122     		movs	r2, #1
 192 014e C3F8802E 		str	r2, [r3, #3712]
 193 0152 FFF7FEFF 		bl	HAL_GetTick
 194 0156 0546     		mov	r5, r0
 195              	.L26:
 196 0158 4E4B     		ldr	r3, .L93
 197 015a 5B6F     		ldr	r3, [r3, #116]
 198 015c 13F0020F 		tst	r3, #2
 199 0160 34D1     		bne	.L24
 200 0162 FFF7FEFF 		bl	HAL_GetTick
 201 0166 401B     		subs	r0, r0, r5
 202 0168 0228     		cmp	r0, #2
 203 016a F5D9     		bls	.L26
 204 016c 0320     		movs	r0, #3
 205 016e 31E1     		b	.L3
 206              	.L84:
 207 0170 484A     		ldr	r2, .L93
 208 0172 1368     		ldr	r3, [r2]
 209 0174 23F0F803 		bic	r3, r3, #248
 210 0178 2169     		ldr	r1, [r4, #16]
 211 017a 43EAC103 		orr	r3, r3, r1, lsl #3
 212 017e 1360     		str	r3, [r2]
 213 0180 DDE7     		b	.L15
 214              	.L19:
 215 0182 454B     		ldr	r3, .L93+4
 216 0184 0022     		movs	r2, #0
 217 0186 1A60     		str	r2, [r3]
 218 0188 FFF7FEFF 		bl	HAL_GetTick
 219 018c 0546     		mov	r5, r0
 220              	.L22:
 221 018e 414B     		ldr	r3, .L93
 222 0190 1B68     		ldr	r3, [r3]
 223 0192 13F0020F 		tst	r3, #2
 224 0196 D2D0     		beq	.L15
 225 0198 FFF7FEFF 		bl	HAL_GetTick
 226 019c 401B     		subs	r0, r0, r5
 227 019e 0228     		cmp	r0, #2
 228 01a0 F5D9     		bls	.L22
 229 01a2 0320     		movs	r0, #3
 230 01a4 16E1     		b	.L3
 231              	.L25:
ARM GAS  /var/folders/lp/x54gwt890xv47sdkqj1k04q40000gn/T//ccc2pzdA.s 			page 5


 232 01a6 3C4B     		ldr	r3, .L93+4
 233 01a8 0022     		movs	r2, #0
 234 01aa C3F8802E 		str	r2, [r3, #3712]
 235 01ae FFF7FEFF 		bl	HAL_GetTick
 236 01b2 0546     		mov	r5, r0
 237              	.L28:
 238 01b4 374B     		ldr	r3, .L93
 239 01b6 5B6F     		ldr	r3, [r3, #116]
 240 01b8 13F0020F 		tst	r3, #2
 241 01bc 06D0     		beq	.L24
 242 01be FFF7FEFF 		bl	HAL_GetTick
 243 01c2 401B     		subs	r0, r0, r5
 244 01c4 0228     		cmp	r0, #2
 245 01c6 F5D9     		bls	.L28
 246 01c8 0320     		movs	r0, #3
 247 01ca 03E1     		b	.L3
 248              	.L24:
 249 01cc 2368     		ldr	r3, [r4]
 250 01ce 13F0040F 		tst	r3, #4
 251 01d2 77D0     		beq	.L30
 252 01d4 2F4B     		ldr	r3, .L93
 253 01d6 1B6C     		ldr	r3, [r3, #64]
 254 01d8 13F0805F 		tst	r3, #268435456
 255 01dc 33D1     		bne	.L61
 256 01de 0023     		movs	r3, #0
 257 01e0 0193     		str	r3, [sp, #4]
 258 01e2 2C4B     		ldr	r3, .L93
 259 01e4 1A6C     		ldr	r2, [r3, #64]
 260 01e6 42F08052 		orr	r2, r2, #268435456
 261 01ea 1A64     		str	r2, [r3, #64]
 262 01ec 1B6C     		ldr	r3, [r3, #64]
 263 01ee 03F08053 		and	r3, r3, #268435456
 264 01f2 0193     		str	r3, [sp, #4]
 265 01f4 019B     		ldr	r3, [sp, #4]
 266 01f6 0125     		movs	r5, #1
 267              	.L31:
 268 01f8 284B     		ldr	r3, .L93+8
 269 01fa 1B68     		ldr	r3, [r3]
 270 01fc 13F4807F 		tst	r3, #256
 271 0200 23D0     		beq	.L85
 272              	.L32:
 273 0202 A368     		ldr	r3, [r4, #8]
 274 0204 012B     		cmp	r3, #1
 275 0206 34D0     		beq	.L86
 276 0208 052B     		cmp	r3, #5
 277 020a 38D0     		beq	.L87
 278 020c 214B     		ldr	r3, .L93
 279 020e 1A6F     		ldr	r2, [r3, #112]
 280 0210 22F00102 		bic	r2, r2, #1
 281 0214 1A67     		str	r2, [r3, #112]
 282 0216 1A6F     		ldr	r2, [r3, #112]
 283 0218 22F00402 		bic	r2, r2, #4
 284 021c 1A67     		str	r2, [r3, #112]
 285              	.L36:
 286 021e A368     		ldr	r3, [r4, #8]
 287 0220 002B     		cmp	r3, #0
 288 0222 3DD0     		beq	.L38
ARM GAS  /var/folders/lp/x54gwt890xv47sdkqj1k04q40000gn/T//ccc2pzdA.s 			page 6


 289 0224 FFF7FEFF 		bl	HAL_GetTick
 290 0228 0646     		mov	r6, r0
 291              	.L39:
 292 022a 1A4B     		ldr	r3, .L93
 293 022c 1B6F     		ldr	r3, [r3, #112]
 294 022e 13F0020F 		tst	r3, #2
 295 0232 46D1     		bne	.L41
 296 0234 FFF7FEFF 		bl	HAL_GetTick
 297 0238 801B     		subs	r0, r0, r6
 298 023a 41F28833 		movw	r3, #5000
 299 023e 9842     		cmp	r0, r3
 300 0240 F3D9     		bls	.L39
 301 0242 0320     		movs	r0, #3
 302 0244 C6E0     		b	.L3
 303              	.L61:
 304 0246 0025     		movs	r5, #0
 305 0248 D6E7     		b	.L31
 306              	.L85:
 307 024a 144A     		ldr	r2, .L93+8
 308 024c 1368     		ldr	r3, [r2]
 309 024e 43F48073 		orr	r3, r3, #256
 310 0252 1360     		str	r3, [r2]
 311 0254 FFF7FEFF 		bl	HAL_GetTick
 312 0258 0646     		mov	r6, r0
 313              	.L33:
 314 025a 104B     		ldr	r3, .L93+8
 315 025c 1B68     		ldr	r3, [r3]
 316 025e 13F4807F 		tst	r3, #256
 317 0262 CED1     		bne	.L32
 318 0264 FFF7FEFF 		bl	HAL_GetTick
 319 0268 801B     		subs	r0, r0, r6
 320 026a 0228     		cmp	r0, #2
 321 026c F5D9     		bls	.L33
 322 026e 0320     		movs	r0, #3
 323 0270 B0E0     		b	.L3
 324              	.L86:
 325 0272 084A     		ldr	r2, .L93
 326 0274 136F     		ldr	r3, [r2, #112]
 327 0276 43F00103 		orr	r3, r3, #1
 328 027a 1367     		str	r3, [r2, #112]
 329 027c CFE7     		b	.L36
 330              	.L87:
 331 027e 054B     		ldr	r3, .L93
 332 0280 1A6F     		ldr	r2, [r3, #112]
 333 0282 42F00402 		orr	r2, r2, #4
 334 0286 1A67     		str	r2, [r3, #112]
 335 0288 1A6F     		ldr	r2, [r3, #112]
 336 028a 42F00102 		orr	r2, r2, #1
 337 028e 1A67     		str	r2, [r3, #112]
 338 0290 C5E7     		b	.L36
 339              	.L94:
 340 0292 00BF     		.align	2
 341              	.L93:
 342 0294 00380240 		.word	1073887232
 343 0298 00004742 		.word	1111949312
 344 029c 00700040 		.word	1073770496
 345              	.L38:
ARM GAS  /var/folders/lp/x54gwt890xv47sdkqj1k04q40000gn/T//ccc2pzdA.s 			page 7


 346 02a0 FFF7FEFF 		bl	HAL_GetTick
 347 02a4 0646     		mov	r6, r0
 348              	.L42:
 349 02a6 524B     		ldr	r3, .L95
 350 02a8 1B6F     		ldr	r3, [r3, #112]
 351 02aa 13F0020F 		tst	r3, #2
 352 02ae 08D0     		beq	.L41
 353 02b0 FFF7FEFF 		bl	HAL_GetTick
 354 02b4 801B     		subs	r0, r0, r6
 355 02b6 41F28833 		movw	r3, #5000
 356 02ba 9842     		cmp	r0, r3
 357 02bc F3D9     		bls	.L42
 358 02be 0320     		movs	r0, #3
 359 02c0 88E0     		b	.L3
 360              	.L41:
 361 02c2 EDB9     		cbnz	r5, .L88
 362              	.L30:
 363 02c4 A369     		ldr	r3, [r4, #24]
 364 02c6 002B     		cmp	r3, #0
 365 02c8 00F08380 		beq	.L65
 366 02cc 484A     		ldr	r2, .L95
 367 02ce 9268     		ldr	r2, [r2, #8]
 368 02d0 02F00C02 		and	r2, r2, #12
 369 02d4 082A     		cmp	r2, #8
 370 02d6 51D0     		beq	.L44
 371 02d8 022B     		cmp	r3, #2
 372 02da 17D0     		beq	.L89
 373 02dc 454B     		ldr	r3, .L95+4
 374 02de 0022     		movs	r2, #0
 375 02e0 1A66     		str	r2, [r3, #96]
 376 02e2 FFF7FEFF 		bl	HAL_GetTick
 377 02e6 0446     		mov	r4, r0
 378              	.L50:
 379 02e8 414B     		ldr	r3, .L95
 380 02ea 1B68     		ldr	r3, [r3]
 381 02ec 13F0007F 		tst	r3, #33554432
 382 02f0 42D0     		beq	.L90
 383 02f2 FFF7FEFF 		bl	HAL_GetTick
 384 02f6 001B     		subs	r0, r0, r4
 385 02f8 0228     		cmp	r0, #2
 386 02fa F5D9     		bls	.L50
 387 02fc 0320     		movs	r0, #3
 388 02fe 69E0     		b	.L3
 389              	.L88:
 390 0300 3B4A     		ldr	r2, .L95
 391 0302 136C     		ldr	r3, [r2, #64]
 392 0304 23F08053 		bic	r3, r3, #268435456
 393 0308 1364     		str	r3, [r2, #64]
 394 030a DBE7     		b	.L30
 395              	.L89:
 396 030c 394B     		ldr	r3, .L95+4
 397 030e 0022     		movs	r2, #0
 398 0310 1A66     		str	r2, [r3, #96]
 399 0312 FFF7FEFF 		bl	HAL_GetTick
 400 0316 0546     		mov	r5, r0
 401              	.L46:
 402 0318 354B     		ldr	r3, .L95
ARM GAS  /var/folders/lp/x54gwt890xv47sdkqj1k04q40000gn/T//ccc2pzdA.s 			page 8


 403 031a 1B68     		ldr	r3, [r3]
 404 031c 13F0007F 		tst	r3, #33554432
 405 0320 06D0     		beq	.L91
 406 0322 FFF7FEFF 		bl	HAL_GetTick
 407 0326 401B     		subs	r0, r0, r5
 408 0328 0228     		cmp	r0, #2
 409 032a F5D9     		bls	.L46
 410 032c 0320     		movs	r0, #3
 411 032e 51E0     		b	.L3
 412              	.L91:
 413 0330 E369     		ldr	r3, [r4, #28]
 414 0332 226A     		ldr	r2, [r4, #32]
 415 0334 1343     		orrs	r3, r3, r2
 416 0336 626A     		ldr	r2, [r4, #36]
 417 0338 43EA8213 		orr	r3, r3, r2, lsl #6
 418 033c A26A     		ldr	r2, [r4, #40]
 419 033e 5208     		lsrs	r2, r2, #1
 420 0340 013A     		subs	r2, r2, #1
 421 0342 43EA0243 		orr	r3, r3, r2, lsl #16
 422 0346 E26A     		ldr	r2, [r4, #44]
 423 0348 43EA0263 		orr	r3, r3, r2, lsl #24
 424 034c 284A     		ldr	r2, .L95
 425 034e 5360     		str	r3, [r2, #4]
 426 0350 284B     		ldr	r3, .L95+4
 427 0352 0122     		movs	r2, #1
 428 0354 1A66     		str	r2, [r3, #96]
 429 0356 FFF7FEFF 		bl	HAL_GetTick
 430 035a 0446     		mov	r4, r0
 431              	.L48:
 432 035c 244B     		ldr	r3, .L95
 433 035e 1B68     		ldr	r3, [r3]
 434 0360 13F0007F 		tst	r3, #33554432
 435 0364 06D1     		bne	.L92
 436 0366 FFF7FEFF 		bl	HAL_GetTick
 437 036a 001B     		subs	r0, r0, r4
 438 036c 0228     		cmp	r0, #2
 439 036e F5D9     		bls	.L48
 440 0370 0320     		movs	r0, #3
 441 0372 2FE0     		b	.L3
 442              	.L92:
 443 0374 0020     		movs	r0, #0
 444 0376 2DE0     		b	.L3
 445              	.L90:
 446 0378 0020     		movs	r0, #0
 447 037a 2BE0     		b	.L3
 448              	.L44:
 449 037c 012B     		cmp	r3, #1
 450 037e 2BD0     		beq	.L69
 451 0380 1B4B     		ldr	r3, .L95
 452 0382 5B68     		ldr	r3, [r3, #4]
 453 0384 03F48001 		and	r1, r3, #4194304
 454 0388 E269     		ldr	r2, [r4, #28]
 455 038a 9142     		cmp	r1, r2
 456 038c 26D1     		bne	.L70
 457 038e 03F03F02 		and	r2, r3, #63
 458 0392 216A     		ldr	r1, [r4, #32]
 459 0394 8A42     		cmp	r2, r1
ARM GAS  /var/folders/lp/x54gwt890xv47sdkqj1k04q40000gn/T//ccc2pzdA.s 			page 9


 460 0396 23D1     		bne	.L71
 461 0398 616A     		ldr	r1, [r4, #36]
 462 039a 47F6C072 		movw	r2, #32704
 463 039e 1A40     		ands	r2, r2, r3
 464 03a0 B2EB811F 		cmp	r2, r1, lsl #6
 465 03a4 1ED1     		bne	.L72
 466 03a6 03F44031 		and	r1, r3, #196608
 467 03aa A26A     		ldr	r2, [r4, #40]
 468 03ac 5208     		lsrs	r2, r2, #1
 469 03ae 013A     		subs	r2, r2, #1
 470 03b0 B1EB024F 		cmp	r1, r2, lsl #16
 471 03b4 18D1     		bne	.L73
 472 03b6 03F07063 		and	r3, r3, #251658240
 473 03ba E26A     		ldr	r2, [r4, #44]
 474 03bc B3EB026F 		cmp	r3, r2, lsl #24
 475 03c0 14D1     		bne	.L74
 476 03c2 0020     		movs	r0, #0
 477 03c4 06E0     		b	.L3
 478              	.L52:
 479 03c6 0120     		movs	r0, #1
 480 03c8 7047     		bx	lr
 481              	.L82:
 482 03ca 0120     		movs	r0, #1
 483 03cc 02E0     		b	.L3
 484              	.L56:
 485 03ce 0120     		movs	r0, #1
 486 03d0 00E0     		b	.L3
 487              	.L65:
 488 03d2 0020     		movs	r0, #0
 489              	.L3:
 490 03d4 02B0     		add	sp, sp, #8
 491              		@ sp needed
 492 03d6 70BD     		pop	{r4, r5, r6, pc}
 493              	.L69:
 494 03d8 0120     		movs	r0, #1
 495 03da FBE7     		b	.L3
 496              	.L70:
 497 03dc 0120     		movs	r0, #1
 498 03de F9E7     		b	.L3
 499              	.L71:
 500 03e0 0120     		movs	r0, #1
 501 03e2 F7E7     		b	.L3
 502              	.L72:
 503 03e4 0120     		movs	r0, #1
 504 03e6 F5E7     		b	.L3
 505              	.L73:
 506 03e8 0120     		movs	r0, #1
 507 03ea F3E7     		b	.L3
 508              	.L74:
 509 03ec 0120     		movs	r0, #1
 510 03ee F1E7     		b	.L3
 511              	.L96:
 512              		.align	2
 513              	.L95:
 514 03f0 00380240 		.word	1073887232
 515 03f4 00004742 		.word	1111949312
 517              		.section	.text.HAL_RCC_MCOConfig,"ax",%progbits
ARM GAS  /var/folders/lp/x54gwt890xv47sdkqj1k04q40000gn/T//ccc2pzdA.s 			page 10


 518              		.align	1
 519              		.global	HAL_RCC_MCOConfig
 520              		.syntax unified
 521              		.thumb
 522              		.thumb_func
 524              	HAL_RCC_MCOConfig:
 525              		@ args = 0, pretend = 0, frame = 32
 526              		@ frame_needed = 0, uses_anonymous_args = 0
 527 0000 70B5     		push	{r4, r5, r6, lr}
 528 0002 88B0     		sub	sp, sp, #32
 529 0004 0C46     		mov	r4, r1
 530 0006 1546     		mov	r5, r2
 531 0008 00BB     		cbnz	r0, .L98
 532 000a 0023     		movs	r3, #0
 533 000c 0193     		str	r3, [sp, #4]
 534 000e 204E     		ldr	r6, .L101
 535 0010 326B     		ldr	r2, [r6, #48]
 536 0012 42F00102 		orr	r2, r2, #1
 537 0016 3263     		str	r2, [r6, #48]
 538 0018 326B     		ldr	r2, [r6, #48]
 539 001a 02F00102 		and	r2, r2, #1
 540 001e 0192     		str	r2, [sp, #4]
 541 0020 019A     		ldr	r2, [sp, #4]
 542 0022 4FF48072 		mov	r2, #256
 543 0026 0392     		str	r2, [sp, #12]
 544 0028 0222     		movs	r2, #2
 545 002a 0492     		str	r2, [sp, #16]
 546 002c 0322     		movs	r2, #3
 547 002e 0692     		str	r2, [sp, #24]
 548 0030 0593     		str	r3, [sp, #20]
 549 0032 0793     		str	r3, [sp, #28]
 550 0034 03A9     		add	r1, sp, #12
 551 0036 1748     		ldr	r0, .L101+4
 552 0038 FFF7FEFF 		bl	HAL_GPIO_Init
 553 003c B368     		ldr	r3, [r6, #8]
 554 003e 23F0EC63 		bic	r3, r3, #123731968
 555 0042 2543     		orrs	r5, r5, r4
 556 0044 1D43     		orrs	r5, r5, r3
 557 0046 B560     		str	r5, [r6, #8]
 558              	.L97:
 559 0048 08B0     		add	sp, sp, #32
 560              		@ sp needed
 561 004a 70BD     		pop	{r4, r5, r6, pc}
 562              	.L98:
 563 004c 0023     		movs	r3, #0
 564 004e 0293     		str	r3, [sp, #8]
 565 0050 0F4E     		ldr	r6, .L101
 566 0052 326B     		ldr	r2, [r6, #48]
 567 0054 42F00402 		orr	r2, r2, #4
 568 0058 3263     		str	r2, [r6, #48]
 569 005a 326B     		ldr	r2, [r6, #48]
 570 005c 02F00402 		and	r2, r2, #4
 571 0060 0292     		str	r2, [sp, #8]
 572 0062 029A     		ldr	r2, [sp, #8]
 573 0064 4FF40072 		mov	r2, #512
 574 0068 0392     		str	r2, [sp, #12]
 575 006a 0222     		movs	r2, #2
ARM GAS  /var/folders/lp/x54gwt890xv47sdkqj1k04q40000gn/T//ccc2pzdA.s 			page 11


 576 006c 0492     		str	r2, [sp, #16]
 577 006e 0322     		movs	r2, #3
 578 0070 0692     		str	r2, [sp, #24]
 579 0072 0593     		str	r3, [sp, #20]
 580 0074 0793     		str	r3, [sp, #28]
 581 0076 03A9     		add	r1, sp, #12
 582 0078 0748     		ldr	r0, .L101+8
 583 007a FFF7FEFF 		bl	HAL_GPIO_Init
 584 007e B368     		ldr	r3, [r6, #8]
 585 0080 23F07843 		bic	r3, r3, #-134217728
 586 0084 44EAC504 		orr	r4, r4, r5, lsl #3
 587 0088 1C43     		orrs	r4, r4, r3
 588 008a B460     		str	r4, [r6, #8]
 589 008c DCE7     		b	.L97
 590              	.L102:
 591 008e 00BF     		.align	2
 592              	.L101:
 593 0090 00380240 		.word	1073887232
 594 0094 00000240 		.word	1073872896
 595 0098 00080240 		.word	1073874944
 597              		.section	.text.HAL_RCC_EnableCSS,"ax",%progbits
 598              		.align	1
 599              		.global	HAL_RCC_EnableCSS
 600              		.syntax unified
 601              		.thumb
 602              		.thumb_func
 604              	HAL_RCC_EnableCSS:
 605              		@ args = 0, pretend = 0, frame = 0
 606              		@ frame_needed = 0, uses_anonymous_args = 0
 607              		@ link register save eliminated.
 608 0000 014B     		ldr	r3, .L104
 609 0002 0122     		movs	r2, #1
 610 0004 DA64     		str	r2, [r3, #76]
 611 0006 7047     		bx	lr
 612              	.L105:
 613              		.align	2
 614              	.L104:
 615 0008 00004742 		.word	1111949312
 617              		.section	.text.HAL_RCC_DisableCSS,"ax",%progbits
 618              		.align	1
 619              		.global	HAL_RCC_DisableCSS
 620              		.syntax unified
 621              		.thumb
 622              		.thumb_func
 624              	HAL_RCC_DisableCSS:
 625              		@ args = 0, pretend = 0, frame = 0
 626              		@ frame_needed = 0, uses_anonymous_args = 0
 627              		@ link register save eliminated.
 628 0000 014B     		ldr	r3, .L107
 629 0002 0022     		movs	r2, #0
 630 0004 DA64     		str	r2, [r3, #76]
 631 0006 7047     		bx	lr
 632              	.L108:
 633              		.align	2
 634              	.L107:
 635 0008 00004742 		.word	1111949312
 637              		.global	__aeabi_uldivmod
ARM GAS  /var/folders/lp/x54gwt890xv47sdkqj1k04q40000gn/T//ccc2pzdA.s 			page 12


 638              		.section	.text.HAL_RCC_GetSysClockFreq,"ax",%progbits
 639              		.align	1
 640              		.weak	HAL_RCC_GetSysClockFreq
 641              		.syntax unified
 642              		.thumb
 643              		.thumb_func
 645              	HAL_RCC_GetSysClockFreq:
 646              		@ args = 0, pretend = 0, frame = 0
 647              		@ frame_needed = 0, uses_anonymous_args = 0
 648 0000 08B5     		push	{r3, lr}
 649 0002 334B     		ldr	r3, .L116
 650 0004 9B68     		ldr	r3, [r3, #8]
 651 0006 03F00C03 		and	r3, r3, #12
 652 000a 042B     		cmp	r3, #4
 653 000c 5BD0     		beq	.L113
 654 000e 082B     		cmp	r3, #8
 655 0010 5BD1     		bne	.L114
 656 0012 2F4B     		ldr	r3, .L116
 657 0014 5A68     		ldr	r2, [r3, #4]
 658 0016 02F03F02 		and	r2, r2, #63
 659 001a 5B68     		ldr	r3, [r3, #4]
 660 001c 13F4800F 		tst	r3, #4194304
 661 0020 2CD0     		beq	.L111
 662 0022 2B4B     		ldr	r3, .L116
 663 0024 5868     		ldr	r0, [r3, #4]
 664 0026 C0F38810 		ubfx	r0, r0, #6, #9
 665 002a 4FEA401C 		lsl	ip, r0, #5
 666 002e BCEB000C 		subs	ip, ip, r0
 667 0032 6EEB0E0E 		sbc	lr, lr, lr
 668 0036 4FEA8E13 		lsl	r3, lr, #6
 669 003a 43EA9C63 		orr	r3, r3, ip, lsr #26
 670 003e 4FEA8C11 		lsl	r1, ip, #6
 671 0042 B1EB0C01 		subs	r1, r1, ip
 672 0046 63EB0E03 		sbc	r3, r3, lr
 673 004a DB00     		lsls	r3, r3, #3
 674 004c 43EA5173 		orr	r3, r3, r1, lsr #29
 675 0050 C900     		lsls	r1, r1, #3
 676 0052 11EB000C 		adds	ip, r1, r0
 677 0056 43F10003 		adc	r3, r3, #0
 678 005a 5902     		lsls	r1, r3, #9
 679 005c 0023     		movs	r3, #0
 680 005e 4FEA4C20 		lsl	r0, ip, #9
 681 0062 41EADC51 		orr	r1, r1, ip, lsr #23
 682 0066 FFF7FEFF 		bl	__aeabi_uldivmod
 683              	.L112:
 684 006a 194B     		ldr	r3, .L116
 685 006c 5B68     		ldr	r3, [r3, #4]
 686 006e C3F30143 		ubfx	r3, r3, #16, #2
 687 0072 0133     		adds	r3, r3, #1
 688 0074 5B00     		lsls	r3, r3, #1
 689 0076 B0FBF3F0 		udiv	r0, r0, r3
 690              	.L109:
 691 007a 08BD     		pop	{r3, pc}
 692              	.L111:
 693 007c 144B     		ldr	r3, .L116
 694 007e 5868     		ldr	r0, [r3, #4]
 695 0080 C0F38810 		ubfx	r0, r0, #6, #9
ARM GAS  /var/folders/lp/x54gwt890xv47sdkqj1k04q40000gn/T//ccc2pzdA.s 			page 13


 696 0084 4FEA401C 		lsl	ip, r0, #5
 697 0088 BCEB000C 		subs	ip, ip, r0
 698 008c 6EEB0E0E 		sbc	lr, lr, lr
 699 0090 4FEA8E13 		lsl	r3, lr, #6
 700 0094 43EA9C63 		orr	r3, r3, ip, lsr #26
 701 0098 4FEA8C11 		lsl	r1, ip, #6
 702 009c B1EB0C01 		subs	r1, r1, ip
 703 00a0 63EB0E03 		sbc	r3, r3, lr
 704 00a4 DB00     		lsls	r3, r3, #3
 705 00a6 43EA5173 		orr	r3, r3, r1, lsr #29
 706 00aa C900     		lsls	r1, r1, #3
 707 00ac 11EB000C 		adds	ip, r1, r0
 708 00b0 43F10003 		adc	r3, r3, #0
 709 00b4 9902     		lsls	r1, r3, #10
 710 00b6 0023     		movs	r3, #0
 711 00b8 4FEA8C20 		lsl	r0, ip, #10
 712 00bc 41EA9C51 		orr	r1, r1, ip, lsr #22
 713 00c0 FFF7FEFF 		bl	__aeabi_uldivmod
 714 00c4 D1E7     		b	.L112
 715              	.L113:
 716 00c6 0348     		ldr	r0, .L116+4
 717 00c8 D7E7     		b	.L109
 718              	.L114:
 719 00ca 0348     		ldr	r0, .L116+8
 720 00cc D5E7     		b	.L109
 721              	.L117:
 722 00ce 00BF     		.align	2
 723              	.L116:
 724 00d0 00380240 		.word	1073887232
 725 00d4 00127A00 		.word	8000000
 726 00d8 0024F400 		.word	16000000
 728              		.section	.text.HAL_RCC_ClockConfig,"ax",%progbits
 729              		.align	1
 730              		.global	HAL_RCC_ClockConfig
 731              		.syntax unified
 732              		.thumb
 733              		.thumb_func
 735              	HAL_RCC_ClockConfig:
 736              		@ args = 0, pretend = 0, frame = 0
 737              		@ frame_needed = 0, uses_anonymous_args = 0
 738 0000 0028     		cmp	r0, #0
 739 0002 00F09B80 		beq	.L133
 740 0006 70B5     		push	{r4, r5, r6, lr}
 741 0008 0D46     		mov	r5, r1
 742 000a 0446     		mov	r4, r0
 743 000c 4F4B     		ldr	r3, .L146
 744 000e 1B68     		ldr	r3, [r3]
 745 0010 03F00703 		and	r3, r3, #7
 746 0014 8B42     		cmp	r3, r1
 747 0016 08D2     		bcs	.L120
 748 0018 CBB2     		uxtb	r3, r1
 749 001a 4C4A     		ldr	r2, .L146
 750 001c 1370     		strb	r3, [r2]
 751 001e 1368     		ldr	r3, [r2]
 752 0020 03F00703 		and	r3, r3, #7
 753 0024 8B42     		cmp	r3, r1
 754 0026 40F08B80 		bne	.L134
ARM GAS  /var/folders/lp/x54gwt890xv47sdkqj1k04q40000gn/T//ccc2pzdA.s 			page 14


 755              	.L120:
 756 002a 2368     		ldr	r3, [r4]
 757 002c 13F0020F 		tst	r3, #2
 758 0030 17D0     		beq	.L121
 759 0032 13F0040F 		tst	r3, #4
 760 0036 04D0     		beq	.L122
 761 0038 454A     		ldr	r2, .L146+4
 762 003a 9368     		ldr	r3, [r2, #8]
 763 003c 43F4E053 		orr	r3, r3, #7168
 764 0040 9360     		str	r3, [r2, #8]
 765              	.L122:
 766 0042 2368     		ldr	r3, [r4]
 767 0044 13F0080F 		tst	r3, #8
 768 0048 04D0     		beq	.L123
 769 004a 414A     		ldr	r2, .L146+4
 770 004c 9368     		ldr	r3, [r2, #8]
 771 004e 43F46043 		orr	r3, r3, #57344
 772 0052 9360     		str	r3, [r2, #8]
 773              	.L123:
 774 0054 3E4A     		ldr	r2, .L146+4
 775 0056 9368     		ldr	r3, [r2, #8]
 776 0058 23F0F003 		bic	r3, r3, #240
 777 005c A168     		ldr	r1, [r4, #8]
 778 005e 0B43     		orrs	r3, r3, r1
 779 0060 9360     		str	r3, [r2, #8]
 780              	.L121:
 781 0062 2368     		ldr	r3, [r4]
 782 0064 13F0010F 		tst	r3, #1
 783 0068 32D0     		beq	.L124
 784 006a 6368     		ldr	r3, [r4, #4]
 785 006c 012B     		cmp	r3, #1
 786 006e 21D0     		beq	.L144
 787 0070 9A1E     		subs	r2, r3, #2
 788 0072 012A     		cmp	r2, #1
 789 0074 25D9     		bls	.L145
 790 0076 364A     		ldr	r2, .L146+4
 791 0078 1268     		ldr	r2, [r2]
 792 007a 12F0020F 		tst	r2, #2
 793 007e 61D0     		beq	.L137
 794              	.L126:
 795 0080 3349     		ldr	r1, .L146+4
 796 0082 8A68     		ldr	r2, [r1, #8]
 797 0084 22F00302 		bic	r2, r2, #3
 798 0088 1343     		orrs	r3, r3, r2
 799 008a 8B60     		str	r3, [r1, #8]
 800 008c FFF7FEFF 		bl	HAL_GetTick
 801 0090 0646     		mov	r6, r0
 802              	.L128:
 803 0092 2F4B     		ldr	r3, .L146+4
 804 0094 9B68     		ldr	r3, [r3, #8]
 805 0096 03F00C03 		and	r3, r3, #12
 806 009a 6268     		ldr	r2, [r4, #4]
 807 009c B3EB820F 		cmp	r3, r2, lsl #2
 808 00a0 16D0     		beq	.L124
 809 00a2 FFF7FEFF 		bl	HAL_GetTick
 810 00a6 801B     		subs	r0, r0, r6
 811 00a8 41F28833 		movw	r3, #5000
ARM GAS  /var/folders/lp/x54gwt890xv47sdkqj1k04q40000gn/T//ccc2pzdA.s 			page 15


 812 00ac 9842     		cmp	r0, r3
 813 00ae F0D9     		bls	.L128
 814 00b0 0320     		movs	r0, #3
 815 00b2 42E0     		b	.L119
 816              	.L144:
 817 00b4 264A     		ldr	r2, .L146+4
 818 00b6 1268     		ldr	r2, [r2]
 819 00b8 12F4003F 		tst	r2, #131072
 820 00bc E0D1     		bne	.L126
 821 00be 0120     		movs	r0, #1
 822 00c0 3BE0     		b	.L119
 823              	.L145:
 824 00c2 234A     		ldr	r2, .L146+4
 825 00c4 1268     		ldr	r2, [r2]
 826 00c6 12F0007F 		tst	r2, #33554432
 827 00ca D9D1     		bne	.L126
 828 00cc 0120     		movs	r0, #1
 829 00ce 34E0     		b	.L119
 830              	.L124:
 831 00d0 1E4B     		ldr	r3, .L146
 832 00d2 1B68     		ldr	r3, [r3]
 833 00d4 03F00703 		and	r3, r3, #7
 834 00d8 AB42     		cmp	r3, r5
 835 00da 07D9     		bls	.L130
 836 00dc EAB2     		uxtb	r2, r5
 837 00de 1B4B     		ldr	r3, .L146
 838 00e0 1A70     		strb	r2, [r3]
 839 00e2 1B68     		ldr	r3, [r3]
 840 00e4 03F00703 		and	r3, r3, #7
 841 00e8 AB42     		cmp	r3, r5
 842 00ea 2DD1     		bne	.L139
 843              	.L130:
 844 00ec 2368     		ldr	r3, [r4]
 845 00ee 13F0040F 		tst	r3, #4
 846 00f2 06D0     		beq	.L131
 847 00f4 164A     		ldr	r2, .L146+4
 848 00f6 9368     		ldr	r3, [r2, #8]
 849 00f8 23F4E053 		bic	r3, r3, #7168
 850 00fc E168     		ldr	r1, [r4, #12]
 851 00fe 0B43     		orrs	r3, r3, r1
 852 0100 9360     		str	r3, [r2, #8]
 853              	.L131:
 854 0102 2368     		ldr	r3, [r4]
 855 0104 13F0080F 		tst	r3, #8
 856 0108 07D0     		beq	.L132
 857 010a 114A     		ldr	r2, .L146+4
 858 010c 9368     		ldr	r3, [r2, #8]
 859 010e 23F46043 		bic	r3, r3, #57344
 860 0112 2169     		ldr	r1, [r4, #16]
 861 0114 43EAC103 		orr	r3, r3, r1, lsl #3
 862 0118 9360     		str	r3, [r2, #8]
 863              	.L132:
 864 011a FFF7FEFF 		bl	HAL_RCC_GetSysClockFreq
 865 011e 0C4B     		ldr	r3, .L146+4
 866 0120 9B68     		ldr	r3, [r3, #8]
 867 0122 C3F30313 		ubfx	r3, r3, #4, #4
 868 0126 0B4A     		ldr	r2, .L146+8
ARM GAS  /var/folders/lp/x54gwt890xv47sdkqj1k04q40000gn/T//ccc2pzdA.s 			page 16


 869 0128 D35C     		ldrb	r3, [r2, r3]	@ zero_extendqisi2
 870 012a D840     		lsrs	r0, r0, r3
 871 012c 0A4B     		ldr	r3, .L146+12
 872 012e 1860     		str	r0, [r3]
 873 0130 0A4B     		ldr	r3, .L146+16
 874 0132 1868     		ldr	r0, [r3]
 875 0134 FFF7FEFF 		bl	HAL_InitTick
 876 0138 0020     		movs	r0, #0
 877              	.L119:
 878 013a 70BD     		pop	{r4, r5, r6, pc}
 879              	.L133:
 880 013c 0120     		movs	r0, #1
 881 013e 7047     		bx	lr
 882              	.L134:
 883 0140 0120     		movs	r0, #1
 884 0142 FAE7     		b	.L119
 885              	.L137:
 886 0144 0120     		movs	r0, #1
 887 0146 F8E7     		b	.L119
 888              	.L139:
 889 0148 0120     		movs	r0, #1
 890 014a F6E7     		b	.L119
 891              	.L147:
 892              		.align	2
 893              	.L146:
 894 014c 003C0240 		.word	1073888256
 895 0150 00380240 		.word	1073887232
 896 0154 00000000 		.word	AHBPrescTable
 897 0158 00000000 		.word	SystemCoreClock
 898 015c 00000000 		.word	uwTickPrio
 900              		.section	.text.HAL_RCC_GetHCLKFreq,"ax",%progbits
 901              		.align	1
 902              		.global	HAL_RCC_GetHCLKFreq
 903              		.syntax unified
 904              		.thumb
 905              		.thumb_func
 907              	HAL_RCC_GetHCLKFreq:
 908              		@ args = 0, pretend = 0, frame = 0
 909              		@ frame_needed = 0, uses_anonymous_args = 0
 910              		@ link register save eliminated.
 911 0000 014B     		ldr	r3, .L149
 912 0002 1868     		ldr	r0, [r3]
 913 0004 7047     		bx	lr
 914              	.L150:
 915 0006 00BF     		.align	2
 916              	.L149:
 917 0008 00000000 		.word	SystemCoreClock
 919              		.section	.text.HAL_RCC_GetPCLK1Freq,"ax",%progbits
 920              		.align	1
 921              		.global	HAL_RCC_GetPCLK1Freq
 922              		.syntax unified
 923              		.thumb
 924              		.thumb_func
 926              	HAL_RCC_GetPCLK1Freq:
 927              		@ args = 0, pretend = 0, frame = 0
 928              		@ frame_needed = 0, uses_anonymous_args = 0
 929 0000 08B5     		push	{r3, lr}
ARM GAS  /var/folders/lp/x54gwt890xv47sdkqj1k04q40000gn/T//ccc2pzdA.s 			page 17


 930 0002 FFF7FEFF 		bl	HAL_RCC_GetHCLKFreq
 931 0006 044B     		ldr	r3, .L153
 932 0008 9B68     		ldr	r3, [r3, #8]
 933 000a C3F38223 		ubfx	r3, r3, #10, #3
 934 000e 034A     		ldr	r2, .L153+4
 935 0010 D35C     		ldrb	r3, [r2, r3]	@ zero_extendqisi2
 936 0012 D840     		lsrs	r0, r0, r3
 937 0014 08BD     		pop	{r3, pc}
 938              	.L154:
 939 0016 00BF     		.align	2
 940              	.L153:
 941 0018 00380240 		.word	1073887232
 942 001c 00000000 		.word	APBPrescTable
 944              		.section	.text.HAL_RCC_GetPCLK2Freq,"ax",%progbits
 945              		.align	1
 946              		.global	HAL_RCC_GetPCLK2Freq
 947              		.syntax unified
 948              		.thumb
 949              		.thumb_func
 951              	HAL_RCC_GetPCLK2Freq:
 952              		@ args = 0, pretend = 0, frame = 0
 953              		@ frame_needed = 0, uses_anonymous_args = 0
 954 0000 08B5     		push	{r3, lr}
 955 0002 FFF7FEFF 		bl	HAL_RCC_GetHCLKFreq
 956 0006 044B     		ldr	r3, .L157
 957 0008 9B68     		ldr	r3, [r3, #8]
 958 000a C3F34233 		ubfx	r3, r3, #13, #3
 959 000e 034A     		ldr	r2, .L157+4
 960 0010 D35C     		ldrb	r3, [r2, r3]	@ zero_extendqisi2
 961 0012 D840     		lsrs	r0, r0, r3
 962 0014 08BD     		pop	{r3, pc}
 963              	.L158:
 964 0016 00BF     		.align	2
 965              	.L157:
 966 0018 00380240 		.word	1073887232
 967 001c 00000000 		.word	APBPrescTable
 969              		.section	.text.HAL_RCC_GetOscConfig,"ax",%progbits
 970              		.align	1
 971              		.weak	HAL_RCC_GetOscConfig
 972              		.syntax unified
 973              		.thumb
 974              		.thumb_func
 976              	HAL_RCC_GetOscConfig:
 977              		@ args = 0, pretend = 0, frame = 0
 978              		@ frame_needed = 0, uses_anonymous_args = 0
 979              		@ link register save eliminated.
 980 0000 0F23     		movs	r3, #15
 981 0002 0360     		str	r3, [r0]
 982 0004 304B     		ldr	r3, .L172
 983 0006 1B68     		ldr	r3, [r3]
 984 0008 13F4802F 		tst	r3, #262144
 985 000c 3BD0     		beq	.L160
 986 000e 4FF4A023 		mov	r3, #327680
 987 0012 4360     		str	r3, [r0, #4]
 988              	.L161:
 989 0014 2C4B     		ldr	r3, .L172
 990 0016 1B68     		ldr	r3, [r3]
ARM GAS  /var/folders/lp/x54gwt890xv47sdkqj1k04q40000gn/T//ccc2pzdA.s 			page 18


 991 0018 13F0010F 		tst	r3, #1
 992 001c 3FD0     		beq	.L163
 993 001e 0123     		movs	r3, #1
 994 0020 C360     		str	r3, [r0, #12]
 995              	.L164:
 996 0022 294A     		ldr	r2, .L172
 997 0024 1368     		ldr	r3, [r2]
 998 0026 C3F3C403 		ubfx	r3, r3, #3, #5
 999 002a 0361     		str	r3, [r0, #16]
 1000 002c 136F     		ldr	r3, [r2, #112]
 1001 002e 13F0040F 		tst	r3, #4
 1002 0032 37D0     		beq	.L165
 1003 0034 0523     		movs	r3, #5
 1004 0036 8360     		str	r3, [r0, #8]
 1005              	.L166:
 1006 0038 234B     		ldr	r3, .L172
 1007 003a 5B6F     		ldr	r3, [r3, #116]
 1008 003c 13F0010F 		tst	r3, #1
 1009 0040 3BD0     		beq	.L168
 1010 0042 0123     		movs	r3, #1
 1011 0044 4361     		str	r3, [r0, #20]
 1012              	.L169:
 1013 0046 204B     		ldr	r3, .L172
 1014 0048 1B68     		ldr	r3, [r3]
 1015 004a 13F0807F 		tst	r3, #16777216
 1016 004e 37D0     		beq	.L170
 1017 0050 0223     		movs	r3, #2
 1018 0052 8361     		str	r3, [r0, #24]
 1019              	.L171:
 1020 0054 1C4A     		ldr	r2, .L172
 1021 0056 5368     		ldr	r3, [r2, #4]
 1022 0058 03F48003 		and	r3, r3, #4194304
 1023 005c C361     		str	r3, [r0, #28]
 1024 005e 5368     		ldr	r3, [r2, #4]
 1025 0060 03F03F03 		and	r3, r3, #63
 1026 0064 0362     		str	r3, [r0, #32]
 1027 0066 5368     		ldr	r3, [r2, #4]
 1028 0068 C3F38813 		ubfx	r3, r3, #6, #9
 1029 006c 4362     		str	r3, [r0, #36]
 1030 006e 5368     		ldr	r3, [r2, #4]
 1031 0070 03F44033 		and	r3, r3, #196608
 1032 0074 03F58033 		add	r3, r3, #65536
 1033 0078 DB0B     		lsrs	r3, r3, #15
 1034 007a 8362     		str	r3, [r0, #40]
 1035 007c 5368     		ldr	r3, [r2, #4]
 1036 007e C3F30363 		ubfx	r3, r3, #24, #4
 1037 0082 C362     		str	r3, [r0, #44]
 1038 0084 7047     		bx	lr
 1039              	.L160:
 1040 0086 104B     		ldr	r3, .L172
 1041 0088 1B68     		ldr	r3, [r3]
 1042 008a 13F4803F 		tst	r3, #65536
 1043 008e 03D0     		beq	.L162
 1044 0090 4FF48033 		mov	r3, #65536
 1045 0094 4360     		str	r3, [r0, #4]
 1046 0096 BDE7     		b	.L161
 1047              	.L162:
ARM GAS  /var/folders/lp/x54gwt890xv47sdkqj1k04q40000gn/T//ccc2pzdA.s 			page 19


 1048 0098 0023     		movs	r3, #0
 1049 009a 4360     		str	r3, [r0, #4]
 1050 009c BAE7     		b	.L161
 1051              	.L163:
 1052 009e 0023     		movs	r3, #0
 1053 00a0 C360     		str	r3, [r0, #12]
 1054 00a2 BEE7     		b	.L164
 1055              	.L165:
 1056 00a4 084B     		ldr	r3, .L172
 1057 00a6 1B6F     		ldr	r3, [r3, #112]
 1058 00a8 13F0010F 		tst	r3, #1
 1059 00ac 02D0     		beq	.L167
 1060 00ae 0123     		movs	r3, #1
 1061 00b0 8360     		str	r3, [r0, #8]
 1062 00b2 C1E7     		b	.L166
 1063              	.L167:
 1064 00b4 0023     		movs	r3, #0
 1065 00b6 8360     		str	r3, [r0, #8]
 1066 00b8 BEE7     		b	.L166
 1067              	.L168:
 1068 00ba 0023     		movs	r3, #0
 1069 00bc 4361     		str	r3, [r0, #20]
 1070 00be C2E7     		b	.L169
 1071              	.L170:
 1072 00c0 0123     		movs	r3, #1
 1073 00c2 8361     		str	r3, [r0, #24]
 1074 00c4 C6E7     		b	.L171
 1075              	.L173:
 1076 00c6 00BF     		.align	2
 1077              	.L172:
 1078 00c8 00380240 		.word	1073887232
 1080              		.section	.text.HAL_RCC_GetClockConfig,"ax",%progbits
 1081              		.align	1
 1082              		.global	HAL_RCC_GetClockConfig
 1083              		.syntax unified
 1084              		.thumb
 1085              		.thumb_func
 1087              	HAL_RCC_GetClockConfig:
 1088              		@ args = 0, pretend = 0, frame = 0
 1089              		@ frame_needed = 0, uses_anonymous_args = 0
 1090              		@ link register save eliminated.
 1091 0000 0F23     		movs	r3, #15
 1092 0002 0360     		str	r3, [r0]
 1093 0004 0B4B     		ldr	r3, .L175
 1094 0006 9A68     		ldr	r2, [r3, #8]
 1095 0008 02F00302 		and	r2, r2, #3
 1096 000c 4260     		str	r2, [r0, #4]
 1097 000e 9A68     		ldr	r2, [r3, #8]
 1098 0010 02F0F002 		and	r2, r2, #240
 1099 0014 8260     		str	r2, [r0, #8]
 1100 0016 9A68     		ldr	r2, [r3, #8]
 1101 0018 02F4E052 		and	r2, r2, #7168
 1102 001c C260     		str	r2, [r0, #12]
 1103 001e 9B68     		ldr	r3, [r3, #8]
 1104 0020 DB08     		lsrs	r3, r3, #3
 1105 0022 03F4E053 		and	r3, r3, #7168
 1106 0026 0361     		str	r3, [r0, #16]
ARM GAS  /var/folders/lp/x54gwt890xv47sdkqj1k04q40000gn/T//ccc2pzdA.s 			page 20


 1107 0028 034B     		ldr	r3, .L175+4
 1108 002a 1B68     		ldr	r3, [r3]
 1109 002c 03F00703 		and	r3, r3, #7
 1110 0030 0B60     		str	r3, [r1]
 1111 0032 7047     		bx	lr
 1112              	.L176:
 1113              		.align	2
 1114              	.L175:
 1115 0034 00380240 		.word	1073887232
 1116 0038 003C0240 		.word	1073888256
 1118              		.section	.text.HAL_RCC_CSSCallback,"ax",%progbits
 1119              		.align	1
 1120              		.weak	HAL_RCC_CSSCallback
 1121              		.syntax unified
 1122              		.thumb
 1123              		.thumb_func
 1125              	HAL_RCC_CSSCallback:
 1126              		@ args = 0, pretend = 0, frame = 0
 1127              		@ frame_needed = 0, uses_anonymous_args = 0
 1128              		@ link register save eliminated.
 1129 0000 7047     		bx	lr
 1131              		.section	.text.HAL_RCC_NMI_IRQHandler,"ax",%progbits
 1132              		.align	1
 1133              		.global	HAL_RCC_NMI_IRQHandler
 1134              		.syntax unified
 1135              		.thumb
 1136              		.thumb_func
 1138              	HAL_RCC_NMI_IRQHandler:
 1139              		@ args = 0, pretend = 0, frame = 0
 1140              		@ frame_needed = 0, uses_anonymous_args = 0
 1141 0000 08B5     		push	{r3, lr}
 1142 0002 064B     		ldr	r3, .L182
 1143 0004 DB68     		ldr	r3, [r3, #12]
 1144 0006 13F0800F 		tst	r3, #128
 1145 000a 00D1     		bne	.L181
 1146              	.L178:
 1147 000c 08BD     		pop	{r3, pc}
 1148              	.L181:
 1149 000e FFF7FEFF 		bl	HAL_RCC_CSSCallback
 1150 0012 024B     		ldr	r3, .L182
 1151 0014 8022     		movs	r2, #128
 1152 0016 9A73     		strb	r2, [r3, #14]
 1153 0018 F8E7     		b	.L178
 1154              	.L183:
 1155 001a 00BF     		.align	2
 1156              	.L182:
 1157 001c 00380240 		.word	1073887232
 1159              		.ident	"GCC: (xPack GNU Arm Embedded GCC arm64) 13.3.1 20240614"
ARM GAS  /var/folders/lp/x54gwt890xv47sdkqj1k04q40000gn/T//ccc2pzdA.s 			page 21


DEFINED SYMBOLS
                            *ABS*:00000000 stm32f4xx_hal_rcc.c
/var/folders/lp/x54gwt890xv47sdkqj1k04q40000gn/T//ccc2pzdA.s:18     .text.HAL_RCC_DeInit:00000000 $t
/var/folders/lp/x54gwt890xv47sdkqj1k04q40000gn/T//ccc2pzdA.s:24     .text.HAL_RCC_DeInit:00000000 HAL_RCC_DeInit
/var/folders/lp/x54gwt890xv47sdkqj1k04q40000gn/T//ccc2pzdA.s:32     .text.HAL_RCC_OscConfig:00000000 $t
/var/folders/lp/x54gwt890xv47sdkqj1k04q40000gn/T//ccc2pzdA.s:38     .text.HAL_RCC_OscConfig:00000000 HAL_RCC_OscConfig
/var/folders/lp/x54gwt890xv47sdkqj1k04q40000gn/T//ccc2pzdA.s:342    .text.HAL_RCC_OscConfig:00000294 $d
/var/folders/lp/x54gwt890xv47sdkqj1k04q40000gn/T//ccc2pzdA.s:346    .text.HAL_RCC_OscConfig:000002a0 $t
/var/folders/lp/x54gwt890xv47sdkqj1k04q40000gn/T//ccc2pzdA.s:514    .text.HAL_RCC_OscConfig:000003f0 $d
/var/folders/lp/x54gwt890xv47sdkqj1k04q40000gn/T//ccc2pzdA.s:518    .text.HAL_RCC_MCOConfig:00000000 $t
/var/folders/lp/x54gwt890xv47sdkqj1k04q40000gn/T//ccc2pzdA.s:524    .text.HAL_RCC_MCOConfig:00000000 HAL_RCC_MCOConfig
/var/folders/lp/x54gwt890xv47sdkqj1k04q40000gn/T//ccc2pzdA.s:593    .text.HAL_RCC_MCOConfig:00000090 $d
/var/folders/lp/x54gwt890xv47sdkqj1k04q40000gn/T//ccc2pzdA.s:598    .text.HAL_RCC_EnableCSS:00000000 $t
/var/folders/lp/x54gwt890xv47sdkqj1k04q40000gn/T//ccc2pzdA.s:604    .text.HAL_RCC_EnableCSS:00000000 HAL_RCC_EnableCSS
/var/folders/lp/x54gwt890xv47sdkqj1k04q40000gn/T//ccc2pzdA.s:615    .text.HAL_RCC_EnableCSS:00000008 $d
/var/folders/lp/x54gwt890xv47sdkqj1k04q40000gn/T//ccc2pzdA.s:618    .text.HAL_RCC_DisableCSS:00000000 $t
/var/folders/lp/x54gwt890xv47sdkqj1k04q40000gn/T//ccc2pzdA.s:624    .text.HAL_RCC_DisableCSS:00000000 HAL_RCC_DisableCSS
/var/folders/lp/x54gwt890xv47sdkqj1k04q40000gn/T//ccc2pzdA.s:635    .text.HAL_RCC_DisableCSS:00000008 $d
/var/folders/lp/x54gwt890xv47sdkqj1k04q40000gn/T//ccc2pzdA.s:639    .text.HAL_RCC_GetSysClockFreq:00000000 $t
/var/folders/lp/x54gwt890xv47sdkqj1k04q40000gn/T//ccc2pzdA.s:645    .text.HAL_RCC_GetSysClockFreq:00000000 HAL_RCC_GetSysClockFreq
/var/folders/lp/x54gwt890xv47sdkqj1k04q40000gn/T//ccc2pzdA.s:724    .text.HAL_RCC_GetSysClockFreq:000000d0 $d
/var/folders/lp/x54gwt890xv47sdkqj1k04q40000gn/T//ccc2pzdA.s:729    .text.HAL_RCC_ClockConfig:00000000 $t
/var/folders/lp/x54gwt890xv47sdkqj1k04q40000gn/T//ccc2pzdA.s:735    .text.HAL_RCC_ClockConfig:00000000 HAL_RCC_ClockConfig
/var/folders/lp/x54gwt890xv47sdkqj1k04q40000gn/T//ccc2pzdA.s:894    .text.HAL_RCC_ClockConfig:0000014c $d
/var/folders/lp/x54gwt890xv47sdkqj1k04q40000gn/T//ccc2pzdA.s:901    .text.HAL_RCC_GetHCLKFreq:00000000 $t
/var/folders/lp/x54gwt890xv47sdkqj1k04q40000gn/T//ccc2pzdA.s:907    .text.HAL_RCC_GetHCLKFreq:00000000 HAL_RCC_GetHCLKFreq
/var/folders/lp/x54gwt890xv47sdkqj1k04q40000gn/T//ccc2pzdA.s:917    .text.HAL_RCC_GetHCLKFreq:00000008 $d
/var/folders/lp/x54gwt890xv47sdkqj1k04q40000gn/T//ccc2pzdA.s:920    .text.HAL_RCC_GetPCLK1Freq:00000000 $t
/var/folders/lp/x54gwt890xv47sdkqj1k04q40000gn/T//ccc2pzdA.s:926    .text.HAL_RCC_GetPCLK1Freq:00000000 HAL_RCC_GetPCLK1Freq
/var/folders/lp/x54gwt890xv47sdkqj1k04q40000gn/T//ccc2pzdA.s:941    .text.HAL_RCC_GetPCLK1Freq:00000018 $d
/var/folders/lp/x54gwt890xv47sdkqj1k04q40000gn/T//ccc2pzdA.s:945    .text.HAL_RCC_GetPCLK2Freq:00000000 $t
/var/folders/lp/x54gwt890xv47sdkqj1k04q40000gn/T//ccc2pzdA.s:951    .text.HAL_RCC_GetPCLK2Freq:00000000 HAL_RCC_GetPCLK2Freq
/var/folders/lp/x54gwt890xv47sdkqj1k04q40000gn/T//ccc2pzdA.s:966    .text.HAL_RCC_GetPCLK2Freq:00000018 $d
/var/folders/lp/x54gwt890xv47sdkqj1k04q40000gn/T//ccc2pzdA.s:970    .text.HAL_RCC_GetOscConfig:00000000 $t
/var/folders/lp/x54gwt890xv47sdkqj1k04q40000gn/T//ccc2pzdA.s:976    .text.HAL_RCC_GetOscConfig:00000000 HAL_RCC_GetOscConfig
/var/folders/lp/x54gwt890xv47sdkqj1k04q40000gn/T//ccc2pzdA.s:1078   .text.HAL_RCC_GetOscConfig:000000c8 $d
/var/folders/lp/x54gwt890xv47sdkqj1k04q40000gn/T//ccc2pzdA.s:1081   .text.HAL_RCC_GetClockConfig:00000000 $t
/var/folders/lp/x54gwt890xv47sdkqj1k04q40000gn/T//ccc2pzdA.s:1087   .text.HAL_RCC_GetClockConfig:00000000 HAL_RCC_GetClockConfig
/var/folders/lp/x54gwt890xv47sdkqj1k04q40000gn/T//ccc2pzdA.s:1115   .text.HAL_RCC_GetClockConfig:00000034 $d
/var/folders/lp/x54gwt890xv47sdkqj1k04q40000gn/T//ccc2pzdA.s:1119   .text.HAL_RCC_CSSCallback:00000000 $t
/var/folders/lp/x54gwt890xv47sdkqj1k04q40000gn/T//ccc2pzdA.s:1125   .text.HAL_RCC_CSSCallback:00000000 HAL_RCC_CSSCallback
/var/folders/lp/x54gwt890xv47sdkqj1k04q40000gn/T//ccc2pzdA.s:1132   .text.HAL_RCC_NMI_IRQHandler:00000000 $t
/var/folders/lp/x54gwt890xv47sdkqj1k04q40000gn/T//ccc2pzdA.s:1138   .text.HAL_RCC_NMI_IRQHandler:00000000 HAL_RCC_NMI_IRQHandler
/var/folders/lp/x54gwt890xv47sdkqj1k04q40000gn/T//ccc2pzdA.s:1157   .text.HAL_RCC_NMI_IRQHandler:0000001c $d

UNDEFINED SYMBOLS
HAL_GetTick
HAL_GPIO_Init
__aeabi_uldivmod
HAL_InitTick
AHBPrescTable
SystemCoreClock
uwTickPrio
APBPrescTable
