ARM GAS  /var/folders/0z/tsy30v1j4xl4_7kw94k978ww0000gn/T//ccv9JvHb.s 			page 1


   1              		.cpu cortex-m4
   2              		.arch armv7e-m
   3              		.fpu fpv4-sp-d16
   4              		.eabi_attribute 27, 1
   5              		.eabi_attribute 28, 1
   6              		.eabi_attribute 20, 1
   7              		.eabi_attribute 21, 1
   8              		.eabi_attribute 23, 3
   9              		.eabi_attribute 24, 1
  10              		.eabi_attribute 25, 1
  11              		.eabi_attribute 26, 1
  12              		.eabi_attribute 30, 1
  13              		.eabi_attribute 34, 1
  14              		.eabi_attribute 18, 4
  15              		.file	"gpio.c"
  16              		.text
  17              	.Ltext0:
  18              		.cfi_sections	.debug_frame
  19              		.section	.text.MX_GPIO_Init,"ax",%progbits
  20              		.align	1
  21              		.global	MX_GPIO_Init
  22              		.syntax unified
  23              		.thumb
  24              		.thumb_func
  26              	MX_GPIO_Init:
  27              	.LFB130:
  28              		.file 1 "Core/Src/gpio.c"
   1:Core/Src/gpio.c **** /* USER CODE BEGIN Header */
   2:Core/Src/gpio.c **** /**
   3:Core/Src/gpio.c ****   ******************************************************************************
   4:Core/Src/gpio.c ****   * @file    gpio.c
   5:Core/Src/gpio.c ****   * @brief   This file provides code for the configuration
   6:Core/Src/gpio.c ****   *          of all used GPIO pins.
   7:Core/Src/gpio.c ****   ******************************************************************************
   8:Core/Src/gpio.c ****   * @attention
   9:Core/Src/gpio.c ****   *
  10:Core/Src/gpio.c ****   * Copyright (c) 2023 STMicroelectronics.
  11:Core/Src/gpio.c ****   * All rights reserved.
  12:Core/Src/gpio.c ****   *
  13:Core/Src/gpio.c ****   * This software is licensed under terms that can be found in the LICENSE file
  14:Core/Src/gpio.c ****   * in the root directory of this software component.
  15:Core/Src/gpio.c ****   * If no LICENSE file comes with this software, it is provided AS-IS.
  16:Core/Src/gpio.c ****   *
  17:Core/Src/gpio.c ****   ******************************************************************************
  18:Core/Src/gpio.c ****   */
  19:Core/Src/gpio.c **** /* USER CODE END Header */
  20:Core/Src/gpio.c **** 
  21:Core/Src/gpio.c **** /* Includes ------------------------------------------------------------------*/
  22:Core/Src/gpio.c **** #include "gpio.h"
  23:Core/Src/gpio.c **** 
  24:Core/Src/gpio.c **** /* USER CODE BEGIN 0 */
  25:Core/Src/gpio.c **** #include "st7789v.h"
  26:Core/Src/gpio.c **** /* USER CODE END 0 */
  27:Core/Src/gpio.c **** 
  28:Core/Src/gpio.c **** /*----------------------------------------------------------------------------*/
  29:Core/Src/gpio.c **** /* Configure GPIO                                                             */
  30:Core/Src/gpio.c **** /*----------------------------------------------------------------------------*/
ARM GAS  /var/folders/0z/tsy30v1j4xl4_7kw94k978ww0000gn/T//ccv9JvHb.s 			page 2


  31:Core/Src/gpio.c **** /* USER CODE BEGIN 1 */
  32:Core/Src/gpio.c **** 
  33:Core/Src/gpio.c **** /* USER CODE END 1 */
  34:Core/Src/gpio.c **** 
  35:Core/Src/gpio.c **** /** Configure pins as
  36:Core/Src/gpio.c ****         * Analog
  37:Core/Src/gpio.c ****         * Input
  38:Core/Src/gpio.c ****         * Output
  39:Core/Src/gpio.c ****         * EVENT_OUT
  40:Core/Src/gpio.c ****         * EXTI
  41:Core/Src/gpio.c ****      PC3   ------> I2S2_SD
  42:Core/Src/gpio.c ****      PB10   ------> I2S2_CK
  43:Core/Src/gpio.c ****      PA9   ------> USB_OTG_FS_VBUS
  44:Core/Src/gpio.c ****      PA10   ------> USB_OTG_FS_ID
  45:Core/Src/gpio.c ****      PA11   ------> USB_OTG_FS_DM
  46:Core/Src/gpio.c ****      PA12   ------> USB_OTG_FS_DP
  47:Core/Src/gpio.c ****      PB6   ------> I2C1_SCL
  48:Core/Src/gpio.c ****      PB9   ------> I2C1_SDA
  49:Core/Src/gpio.c **** */
  50:Core/Src/gpio.c **** void MX_GPIO_Init(void)
  51:Core/Src/gpio.c **** {
  29              		.loc 1 51 1 view -0
  30              		.cfi_startproc
  31              		@ args = 0, pretend = 0, frame = 48
  32              		@ frame_needed = 0, uses_anonymous_args = 0
  33 0000 2DE9F04F 		push	{r4, r5, r6, r7, r8, r9, r10, fp, lr}
  34              		.cfi_def_cfa_offset 36
  35              		.cfi_offset 4, -36
  36              		.cfi_offset 5, -32
  37              		.cfi_offset 6, -28
  38              		.cfi_offset 7, -24
  39              		.cfi_offset 8, -20
  40              		.cfi_offset 9, -16
  41              		.cfi_offset 10, -12
  42              		.cfi_offset 11, -8
  43              		.cfi_offset 14, -4
  44 0004 8DB0     		sub	sp, sp, #52
  45              		.cfi_def_cfa_offset 88
  52:Core/Src/gpio.c **** 
  53:Core/Src/gpio.c ****   GPIO_InitTypeDef GPIO_InitStruct = {0};
  46              		.loc 1 53 3 view .LVU1
  47              		.loc 1 53 20 is_stmt 0 view .LVU2
  48 0006 0024     		movs	r4, #0
  49 0008 0794     		str	r4, [sp, #28]
  50 000a 0894     		str	r4, [sp, #32]
  51 000c 0994     		str	r4, [sp, #36]
  52 000e 0A94     		str	r4, [sp, #40]
  53 0010 0B94     		str	r4, [sp, #44]
  54:Core/Src/gpio.c **** 
  55:Core/Src/gpio.c ****   /* GPIO Ports Clock Enable */
  56:Core/Src/gpio.c ****   __HAL_RCC_GPIOE_CLK_ENABLE();
  54              		.loc 1 56 3 is_stmt 1 view .LVU3
  55              	.LBB2:
  56              		.loc 1 56 3 view .LVU4
  57 0012 0194     		str	r4, [sp, #4]
  58              		.loc 1 56 3 view .LVU5
  59 0014 794B     		ldr	r3, .L3
ARM GAS  /var/folders/0z/tsy30v1j4xl4_7kw94k978ww0000gn/T//ccv9JvHb.s 			page 3


  60 0016 1A6B     		ldr	r2, [r3, #48]
  61 0018 42F01002 		orr	r2, r2, #16
  62 001c 1A63     		str	r2, [r3, #48]
  63              		.loc 1 56 3 view .LVU6
  64 001e 1A6B     		ldr	r2, [r3, #48]
  65 0020 02F01002 		and	r2, r2, #16
  66 0024 0192     		str	r2, [sp, #4]
  67              		.loc 1 56 3 view .LVU7
  68 0026 019A     		ldr	r2, [sp, #4]
  69              	.LBE2:
  70              		.loc 1 56 3 view .LVU8
  57:Core/Src/gpio.c ****   __HAL_RCC_GPIOC_CLK_ENABLE();
  71              		.loc 1 57 3 view .LVU9
  72              	.LBB3:
  73              		.loc 1 57 3 view .LVU10
  74 0028 0294     		str	r4, [sp, #8]
  75              		.loc 1 57 3 view .LVU11
  76 002a 1A6B     		ldr	r2, [r3, #48]
  77 002c 42F00402 		orr	r2, r2, #4
  78 0030 1A63     		str	r2, [r3, #48]
  79              		.loc 1 57 3 view .LVU12
  80 0032 1A6B     		ldr	r2, [r3, #48]
  81 0034 02F00402 		and	r2, r2, #4
  82 0038 0292     		str	r2, [sp, #8]
  83              		.loc 1 57 3 view .LVU13
  84 003a 029A     		ldr	r2, [sp, #8]
  85              	.LBE3:
  86              		.loc 1 57 3 view .LVU14
  58:Core/Src/gpio.c ****   __HAL_RCC_GPIOH_CLK_ENABLE();
  87              		.loc 1 58 3 view .LVU15
  88              	.LBB4:
  89              		.loc 1 58 3 view .LVU16
  90 003c 0394     		str	r4, [sp, #12]
  91              		.loc 1 58 3 view .LVU17
  92 003e 1A6B     		ldr	r2, [r3, #48]
  93 0040 42F08002 		orr	r2, r2, #128
  94 0044 1A63     		str	r2, [r3, #48]
  95              		.loc 1 58 3 view .LVU18
  96 0046 1A6B     		ldr	r2, [r3, #48]
  97 0048 02F08002 		and	r2, r2, #128
  98 004c 0392     		str	r2, [sp, #12]
  99              		.loc 1 58 3 view .LVU19
 100 004e 039A     		ldr	r2, [sp, #12]
 101              	.LBE4:
 102              		.loc 1 58 3 view .LVU20
  59:Core/Src/gpio.c ****   __HAL_RCC_GPIOA_CLK_ENABLE();
 103              		.loc 1 59 3 view .LVU21
 104              	.LBB5:
 105              		.loc 1 59 3 view .LVU22
 106 0050 0494     		str	r4, [sp, #16]
 107              		.loc 1 59 3 view .LVU23
 108 0052 1A6B     		ldr	r2, [r3, #48]
 109 0054 42F00102 		orr	r2, r2, #1
 110 0058 1A63     		str	r2, [r3, #48]
 111              		.loc 1 59 3 view .LVU24
 112 005a 1A6B     		ldr	r2, [r3, #48]
 113 005c 02F00102 		and	r2, r2, #1
ARM GAS  /var/folders/0z/tsy30v1j4xl4_7kw94k978ww0000gn/T//ccv9JvHb.s 			page 4


 114 0060 0492     		str	r2, [sp, #16]
 115              		.loc 1 59 3 view .LVU25
 116 0062 049A     		ldr	r2, [sp, #16]
 117              	.LBE5:
 118              		.loc 1 59 3 view .LVU26
  60:Core/Src/gpio.c ****   __HAL_RCC_GPIOB_CLK_ENABLE();
 119              		.loc 1 60 3 view .LVU27
 120              	.LBB6:
 121              		.loc 1 60 3 view .LVU28
 122 0064 0594     		str	r4, [sp, #20]
 123              		.loc 1 60 3 view .LVU29
 124 0066 1A6B     		ldr	r2, [r3, #48]
 125 0068 42F00202 		orr	r2, r2, #2
 126 006c 1A63     		str	r2, [r3, #48]
 127              		.loc 1 60 3 view .LVU30
 128 006e 1A6B     		ldr	r2, [r3, #48]
 129 0070 02F00202 		and	r2, r2, #2
 130 0074 0592     		str	r2, [sp, #20]
 131              		.loc 1 60 3 view .LVU31
 132 0076 059A     		ldr	r2, [sp, #20]
 133              	.LBE6:
 134              		.loc 1 60 3 view .LVU32
  61:Core/Src/gpio.c ****   __HAL_RCC_GPIOD_CLK_ENABLE();
 135              		.loc 1 61 3 view .LVU33
 136              	.LBB7:
 137              		.loc 1 61 3 view .LVU34
 138 0078 0694     		str	r4, [sp, #24]
 139              		.loc 1 61 3 view .LVU35
 140 007a 1A6B     		ldr	r2, [r3, #48]
 141 007c 42F00802 		orr	r2, r2, #8
 142 0080 1A63     		str	r2, [r3, #48]
 143              		.loc 1 61 3 view .LVU36
 144 0082 1B6B     		ldr	r3, [r3, #48]
 145 0084 03F00803 		and	r3, r3, #8
 146 0088 0693     		str	r3, [sp, #24]
 147              		.loc 1 61 3 view .LVU37
 148 008a 069B     		ldr	r3, [sp, #24]
 149              	.LBE7:
 150              		.loc 1 61 3 view .LVU38
  62:Core/Src/gpio.c **** 
  63:Core/Src/gpio.c ****   /*Configure GPIO pin Output Level */
  64:Core/Src/gpio.c ****   HAL_GPIO_WritePin(CS_I2C_SPI_GPIO_Port, CS_I2C_SPI_Pin, GPIO_PIN_RESET);
 151              		.loc 1 64 3 view .LVU39
 152 008c 5C4F     		ldr	r7, .L3+4
 153 008e 2246     		mov	r2, r4
 154 0090 0821     		movs	r1, #8
 155 0092 3846     		mov	r0, r7
 156 0094 FFF7FEFF 		bl	HAL_GPIO_WritePin
 157              	.LVL0:
  65:Core/Src/gpio.c **** 
  66:Core/Src/gpio.c ****   /*Configure GPIO pin Output Level */
  67:Core/Src/gpio.c ****   HAL_GPIO_WritePin(OTG_FS_PowerSwitchOn_GPIO_Port, OTG_FS_PowerSwitchOn_Pin, GPIO_PIN_SET);
 158              		.loc 1 67 3 view .LVU40
 159 0098 DFF86C91 		ldr	r9, .L3+12
 160 009c 0122     		movs	r2, #1
 161 009e 1146     		mov	r1, r2
 162 00a0 4846     		mov	r0, r9
ARM GAS  /var/folders/0z/tsy30v1j4xl4_7kw94k978ww0000gn/T//ccv9JvHb.s 			page 5


 163 00a2 FFF7FEFF 		bl	HAL_GPIO_WritePin
 164              	.LVL1:
  68:Core/Src/gpio.c **** 
  69:Core/Src/gpio.c ****   /*Configure GPIO pin Output Level */
  70:Core/Src/gpio.c ****   HAL_GPIO_WritePin(GPIOD, LD4_Pin|LD3_Pin|LD5_Pin|LD6_Pin
 165              		.loc 1 70 3 view .LVU41
 166 00a6 DFF864B1 		ldr	fp, .L3+16
 167 00aa 2246     		mov	r2, r4
 168 00ac 4FF21001 		movw	r1, #61456
 169 00b0 5846     		mov	r0, fp
 170 00b2 FFF7FEFF 		bl	HAL_GPIO_WritePin
 171              	.LVL2:
  71:Core/Src/gpio.c ****                           |Audio_RST_Pin, GPIO_PIN_RESET);
  72:Core/Src/gpio.c **** 
  73:Core/Src/gpio.c ****   /*Configure GPIO pin Output Level */
  74:Core/Src/gpio.c ****   HAL_GPIO_WritePin(CS_I2C_SPI_GPIO_Port, ST7789V_DC_PIN | ST7789V_RST_PIN, GPIO_PIN_RESET);
 172              		.loc 1 74 3 view .LVU42
 173 00b6 2246     		mov	r2, r4
 174 00b8 0A21     		movs	r1, #10
 175 00ba 3846     		mov	r0, r7
 176 00bc FFF7FEFF 		bl	HAL_GPIO_WritePin
 177              	.LVL3:
  75:Core/Src/gpio.c **** 
  76:Core/Src/gpio.c ****   /*Configure GPIO pin Output Level */
  77:Core/Src/gpio.c ****   HAL_GPIO_WritePin(ST7789V_CS_PORT, ST7789V_CS_PIN, GPIO_PIN_SET);
 178              		.loc 1 77 3 view .LVU43
 179 00c0 504E     		ldr	r6, .L3+8
 180 00c2 0122     		movs	r2, #1
 181 00c4 0421     		movs	r1, #4
 182 00c6 3046     		mov	r0, r6
 183 00c8 FFF7FEFF 		bl	HAL_GPIO_WritePin
 184              	.LVL4:
  78:Core/Src/gpio.c **** 
  79:Core/Src/gpio.c ****   /*Configure GPIO pins : PAPin PAPin */
  80:Core/Src/gpio.c ****   GPIO_InitStruct.Pin = ST7789V_DC_PIN | ST7789V_RST_PIN;
 185              		.loc 1 80 3 view .LVU44
 186              		.loc 1 80 23 is_stmt 0 view .LVU45
 187 00cc 0A23     		movs	r3, #10
 188 00ce 0793     		str	r3, [sp, #28]
  81:Core/Src/gpio.c ****   GPIO_InitStruct.Mode = GPIO_MODE_OUTPUT_PP;
 189              		.loc 1 81 3 is_stmt 1 view .LVU46
 190              		.loc 1 81 24 is_stmt 0 view .LVU47
 191 00d0 0125     		movs	r5, #1
 192 00d2 0895     		str	r5, [sp, #32]
  82:Core/Src/gpio.c ****   GPIO_InitStruct.Pull = GPIO_NOPULL;
 193              		.loc 1 82 3 is_stmt 1 view .LVU48
 194              		.loc 1 82 24 is_stmt 0 view .LVU49
 195 00d4 0994     		str	r4, [sp, #36]
  83:Core/Src/gpio.c ****   GPIO_InitStruct.Speed = GPIO_SPEED_FREQ_LOW;
 196              		.loc 1 83 3 is_stmt 1 view .LVU50
 197              		.loc 1 83 25 is_stmt 0 view .LVU51
 198 00d6 0A94     		str	r4, [sp, #40]
  84:Core/Src/gpio.c ****   HAL_GPIO_Init(GPIOA, &GPIO_InitStruct);
 199              		.loc 1 84 3 is_stmt 1 view .LVU52
 200 00d8 07A9     		add	r1, sp, #28
 201 00da 3046     		mov	r0, r6
 202 00dc FFF7FEFF 		bl	HAL_GPIO_Init
ARM GAS  /var/folders/0z/tsy30v1j4xl4_7kw94k978ww0000gn/T//ccv9JvHb.s 			page 6


 203              	.LVL5:
  85:Core/Src/gpio.c **** 
  86:Core/Src/gpio.c ****   /*Configure GPIO pin : PtPin */
  87:Core/Src/gpio.c ****   GPIO_InitStruct.Pin = ST7789V_CS_PIN;
 204              		.loc 1 87 3 view .LVU53
 205              		.loc 1 87 23 is_stmt 0 view .LVU54
 206 00e0 4FF0040A 		mov	r10, #4
 207 00e4 CDF81CA0 		str	r10, [sp, #28]
  88:Core/Src/gpio.c ****   GPIO_InitStruct.Mode = GPIO_MODE_OUTPUT_PP;
 208              		.loc 1 88 3 is_stmt 1 view .LVU55
 209              		.loc 1 88 24 is_stmt 0 view .LVU56
 210 00e8 0895     		str	r5, [sp, #32]
  89:Core/Src/gpio.c ****   GPIO_InitStruct.Pull = GPIO_NOPULL;
 211              		.loc 1 89 3 is_stmt 1 view .LVU57
 212              		.loc 1 89 24 is_stmt 0 view .LVU58
 213 00ea 0994     		str	r4, [sp, #36]
  90:Core/Src/gpio.c ****   GPIO_InitStruct.Speed = GPIO_SPEED_FREQ_LOW;
 214              		.loc 1 90 3 is_stmt 1 view .LVU59
 215              		.loc 1 90 25 is_stmt 0 view .LVU60
 216 00ec 0A94     		str	r4, [sp, #40]
  91:Core/Src/gpio.c ****   HAL_GPIO_Init(ST7789V_CS_PORT, &GPIO_InitStruct);
 217              		.loc 1 91 3 is_stmt 1 view .LVU61
 218 00ee 07A9     		add	r1, sp, #28
 219 00f0 3046     		mov	r0, r6
 220 00f2 FFF7FEFF 		bl	HAL_GPIO_Init
 221              	.LVL6:
  92:Core/Src/gpio.c **** 
  93:Core/Src/gpio.c **** 
  94:Core/Src/gpio.c ****   /*Configure GPIO pin : PtPin */
  95:Core/Src/gpio.c ****   GPIO_InitStruct.Pin = CS_I2C_SPI_Pin;
 222              		.loc 1 95 3 view .LVU62
 223              		.loc 1 95 23 is_stmt 0 view .LVU63
 224 00f6 4FF00808 		mov	r8, #8
 225 00fa CDF81C80 		str	r8, [sp, #28]
  96:Core/Src/gpio.c ****   GPIO_InitStruct.Mode = GPIO_MODE_OUTPUT_PP;
 226              		.loc 1 96 3 is_stmt 1 view .LVU64
 227              		.loc 1 96 24 is_stmt 0 view .LVU65
 228 00fe 0895     		str	r5, [sp, #32]
  97:Core/Src/gpio.c ****   GPIO_InitStruct.Pull = GPIO_NOPULL;
 229              		.loc 1 97 3 is_stmt 1 view .LVU66
 230              		.loc 1 97 24 is_stmt 0 view .LVU67
 231 0100 0994     		str	r4, [sp, #36]
  98:Core/Src/gpio.c ****   GPIO_InitStruct.Speed = GPIO_SPEED_FREQ_LOW;
 232              		.loc 1 98 3 is_stmt 1 view .LVU68
 233              		.loc 1 98 25 is_stmt 0 view .LVU69
 234 0102 0A94     		str	r4, [sp, #40]
  99:Core/Src/gpio.c ****   HAL_GPIO_Init(CS_I2C_SPI_GPIO_Port, &GPIO_InitStruct);
 235              		.loc 1 99 3 is_stmt 1 view .LVU70
 236 0104 07A9     		add	r1, sp, #28
 237 0106 3846     		mov	r0, r7
 238 0108 FFF7FEFF 		bl	HAL_GPIO_Init
 239              	.LVL7:
 100:Core/Src/gpio.c **** 
 101:Core/Src/gpio.c ****   /*Configure GPIO pin : PtPin */
 102:Core/Src/gpio.c ****   GPIO_InitStruct.Pin = OTG_FS_PowerSwitchOn_Pin;
 240              		.loc 1 102 3 view .LVU71
 241              		.loc 1 102 23 is_stmt 0 view .LVU72
ARM GAS  /var/folders/0z/tsy30v1j4xl4_7kw94k978ww0000gn/T//ccv9JvHb.s 			page 7


 242 010c 0795     		str	r5, [sp, #28]
 103:Core/Src/gpio.c ****   GPIO_InitStruct.Mode = GPIO_MODE_OUTPUT_PP;
 243              		.loc 1 103 3 is_stmt 1 view .LVU73
 244              		.loc 1 103 24 is_stmt 0 view .LVU74
 245 010e 0895     		str	r5, [sp, #32]
 104:Core/Src/gpio.c ****   GPIO_InitStruct.Pull = GPIO_NOPULL;
 246              		.loc 1 104 3 is_stmt 1 view .LVU75
 247              		.loc 1 104 24 is_stmt 0 view .LVU76
 248 0110 0994     		str	r4, [sp, #36]
 105:Core/Src/gpio.c ****   GPIO_InitStruct.Speed = GPIO_SPEED_FREQ_LOW;
 249              		.loc 1 105 3 is_stmt 1 view .LVU77
 250              		.loc 1 105 25 is_stmt 0 view .LVU78
 251 0112 0A94     		str	r4, [sp, #40]
 106:Core/Src/gpio.c ****   HAL_GPIO_Init(OTG_FS_PowerSwitchOn_GPIO_Port, &GPIO_InitStruct);
 252              		.loc 1 106 3 is_stmt 1 view .LVU79
 253 0114 07A9     		add	r1, sp, #28
 254 0116 4846     		mov	r0, r9
 255 0118 FFF7FEFF 		bl	HAL_GPIO_Init
 256              	.LVL8:
 107:Core/Src/gpio.c **** 
 108:Core/Src/gpio.c ****   /*Configure GPIO pin : PtPin */
 109:Core/Src/gpio.c ****   GPIO_InitStruct.Pin = PDM_OUT_Pin;
 257              		.loc 1 109 3 view .LVU80
 258              		.loc 1 109 23 is_stmt 0 view .LVU81
 259 011c CDF81C80 		str	r8, [sp, #28]
 110:Core/Src/gpio.c ****   GPIO_InitStruct.Mode = GPIO_MODE_AF_PP;
 260              		.loc 1 110 3 is_stmt 1 view .LVU82
 261              		.loc 1 110 24 is_stmt 0 view .LVU83
 262 0120 4FF00208 		mov	r8, #2
 263 0124 CDF82080 		str	r8, [sp, #32]
 111:Core/Src/gpio.c ****   GPIO_InitStruct.Pull = GPIO_NOPULL;
 264              		.loc 1 111 3 is_stmt 1 view .LVU84
 265              		.loc 1 111 24 is_stmt 0 view .LVU85
 266 0128 0994     		str	r4, [sp, #36]
 112:Core/Src/gpio.c ****   GPIO_InitStruct.Speed = GPIO_SPEED_FREQ_LOW;
 267              		.loc 1 112 3 is_stmt 1 view .LVU86
 268              		.loc 1 112 25 is_stmt 0 view .LVU87
 269 012a 0A94     		str	r4, [sp, #40]
 113:Core/Src/gpio.c ****   GPIO_InitStruct.Alternate = GPIO_AF5_SPI2;
 270              		.loc 1 113 3 is_stmt 1 view .LVU88
 271              		.loc 1 113 29 is_stmt 0 view .LVU89
 272 012c 0523     		movs	r3, #5
 273 012e 0B93     		str	r3, [sp, #44]
 114:Core/Src/gpio.c ****   HAL_GPIO_Init(PDM_OUT_GPIO_Port, &GPIO_InitStruct);
 274              		.loc 1 114 3 is_stmt 1 view .LVU90
 275 0130 07A9     		add	r1, sp, #28
 276 0132 4846     		mov	r0, r9
 277 0134 FFF7FEFF 		bl	HAL_GPIO_Init
 278              	.LVL9:
 115:Core/Src/gpio.c **** 
 116:Core/Src/gpio.c ****   /*Configure GPIO pin : PtPin */
 117:Core/Src/gpio.c ****   GPIO_InitStruct.Pin = B1_Pin;
 279              		.loc 1 117 3 view .LVU91
 280              		.loc 1 117 23 is_stmt 0 view .LVU92
 281 0138 0795     		str	r5, [sp, #28]
 118:Core/Src/gpio.c ****   GPIO_InitStruct.Mode = GPIO_MODE_EVT_RISING;
 282              		.loc 1 118 3 is_stmt 1 view .LVU93
ARM GAS  /var/folders/0z/tsy30v1j4xl4_7kw94k978ww0000gn/T//ccv9JvHb.s 			page 8


 283              		.loc 1 118 24 is_stmt 0 view .LVU94
 284 013a 4FF49013 		mov	r3, #1179648
 285 013e 0893     		str	r3, [sp, #32]
 119:Core/Src/gpio.c ****   GPIO_InitStruct.Pull = GPIO_NOPULL;
 286              		.loc 1 119 3 is_stmt 1 view .LVU95
 287              		.loc 1 119 24 is_stmt 0 view .LVU96
 288 0140 0994     		str	r4, [sp, #36]
 120:Core/Src/gpio.c ****   HAL_GPIO_Init(B1_GPIO_Port, &GPIO_InitStruct);
 289              		.loc 1 120 3 is_stmt 1 view .LVU97
 290 0142 07A9     		add	r1, sp, #28
 291 0144 3046     		mov	r0, r6
 292 0146 FFF7FEFF 		bl	HAL_GPIO_Init
 293              	.LVL10:
 121:Core/Src/gpio.c **** 
 122:Core/Src/gpio.c ****   /*Configure GPIO pin : PtPin */
 123:Core/Src/gpio.c ****   GPIO_InitStruct.Pin = BOOT1_Pin;
 294              		.loc 1 123 3 view .LVU98
 295              		.loc 1 123 23 is_stmt 0 view .LVU99
 296 014a CDF81CA0 		str	r10, [sp, #28]
 124:Core/Src/gpio.c ****   GPIO_InitStruct.Mode = GPIO_MODE_INPUT;
 297              		.loc 1 124 3 is_stmt 1 view .LVU100
 298              		.loc 1 124 24 is_stmt 0 view .LVU101
 299 014e 0894     		str	r4, [sp, #32]
 125:Core/Src/gpio.c ****   GPIO_InitStruct.Pull = GPIO_NOPULL;
 300              		.loc 1 125 3 is_stmt 1 view .LVU102
 301              		.loc 1 125 24 is_stmt 0 view .LVU103
 302 0150 0994     		str	r4, [sp, #36]
 126:Core/Src/gpio.c ****   HAL_GPIO_Init(BOOT1_GPIO_Port, &GPIO_InitStruct);
 303              		.loc 1 126 3 is_stmt 1 view .LVU104
 304 0152 A9F58069 		sub	r9, r9, #1024
 305 0156 07A9     		add	r1, sp, #28
 306 0158 4846     		mov	r0, r9
 307 015a FFF7FEFF 		bl	HAL_GPIO_Init
 308              	.LVL11:
 127:Core/Src/gpio.c **** 
 128:Core/Src/gpio.c ****   /*Configure GPIO pin : PtPin */
 129:Core/Src/gpio.c ****   GPIO_InitStruct.Pin = CLK_IN_Pin;
 309              		.loc 1 129 3 view .LVU105
 310              		.loc 1 129 23 is_stmt 0 view .LVU106
 311 015e 4FF48063 		mov	r3, #1024
 312 0162 0793     		str	r3, [sp, #28]
 130:Core/Src/gpio.c ****   GPIO_InitStruct.Mode = GPIO_MODE_AF_PP;
 313              		.loc 1 130 3 is_stmt 1 view .LVU107
 314              		.loc 1 130 24 is_stmt 0 view .LVU108
 315 0164 CDF82080 		str	r8, [sp, #32]
 131:Core/Src/gpio.c ****   GPIO_InitStruct.Pull = GPIO_NOPULL;
 316              		.loc 1 131 3 is_stmt 1 view .LVU109
 317              		.loc 1 131 24 is_stmt 0 view .LVU110
 318 0168 0994     		str	r4, [sp, #36]
 132:Core/Src/gpio.c ****   GPIO_InitStruct.Speed = GPIO_SPEED_FREQ_LOW;
 319              		.loc 1 132 3 is_stmt 1 view .LVU111
 320              		.loc 1 132 25 is_stmt 0 view .LVU112
 321 016a 0A94     		str	r4, [sp, #40]
 133:Core/Src/gpio.c ****   GPIO_InitStruct.Alternate = GPIO_AF5_SPI2;
 322              		.loc 1 133 3 is_stmt 1 view .LVU113
 323              		.loc 1 133 29 is_stmt 0 view .LVU114
 324 016c 0523     		movs	r3, #5
ARM GAS  /var/folders/0z/tsy30v1j4xl4_7kw94k978ww0000gn/T//ccv9JvHb.s 			page 9


 325 016e 0B93     		str	r3, [sp, #44]
 134:Core/Src/gpio.c ****   HAL_GPIO_Init(CLK_IN_GPIO_Port, &GPIO_InitStruct);
 326              		.loc 1 134 3 is_stmt 1 view .LVU115
 327 0170 07A9     		add	r1, sp, #28
 328 0172 4846     		mov	r0, r9
 329 0174 FFF7FEFF 		bl	HAL_GPIO_Init
 330              	.LVL12:
 135:Core/Src/gpio.c **** 
 136:Core/Src/gpio.c ****   /*Configure GPIO pins : PDPin PDPin PDPin PDPin
 137:Core/Src/gpio.c ****                            PDPin */
 138:Core/Src/gpio.c ****   GPIO_InitStruct.Pin = LD4_Pin|LD3_Pin|LD5_Pin|LD6_Pin
 331              		.loc 1 138 3 view .LVU116
 332              		.loc 1 138 23 is_stmt 0 view .LVU117
 333 0178 4FF21003 		movw	r3, #61456
 334 017c 0793     		str	r3, [sp, #28]
 139:Core/Src/gpio.c ****                           |Audio_RST_Pin;
 140:Core/Src/gpio.c ****   GPIO_InitStruct.Mode = GPIO_MODE_OUTPUT_PP;
 335              		.loc 1 140 3 is_stmt 1 view .LVU118
 336              		.loc 1 140 24 is_stmt 0 view .LVU119
 337 017e 0895     		str	r5, [sp, #32]
 141:Core/Src/gpio.c ****   GPIO_InitStruct.Pull = GPIO_NOPULL;
 338              		.loc 1 141 3 is_stmt 1 view .LVU120
 339              		.loc 1 141 24 is_stmt 0 view .LVU121
 340 0180 0994     		str	r4, [sp, #36]
 142:Core/Src/gpio.c ****   GPIO_InitStruct.Speed = GPIO_SPEED_FREQ_LOW;
 341              		.loc 1 142 3 is_stmt 1 view .LVU122
 342              		.loc 1 142 25 is_stmt 0 view .LVU123
 343 0182 0A94     		str	r4, [sp, #40]
 143:Core/Src/gpio.c ****   HAL_GPIO_Init(GPIOD, &GPIO_InitStruct);
 344              		.loc 1 143 3 is_stmt 1 view .LVU124
 345 0184 07A9     		add	r1, sp, #28
 346 0186 5846     		mov	r0, fp
 347 0188 FFF7FEFF 		bl	HAL_GPIO_Init
 348              	.LVL13:
 144:Core/Src/gpio.c **** 
 145:Core/Src/gpio.c ****   /*Configure GPIO pin : PtPin */
 146:Core/Src/gpio.c ****   GPIO_InitStruct.Pin = VBUS_FS_Pin;
 349              		.loc 1 146 3 view .LVU125
 350              		.loc 1 146 23 is_stmt 0 view .LVU126
 351 018c 4FF40073 		mov	r3, #512
 352 0190 0793     		str	r3, [sp, #28]
 147:Core/Src/gpio.c ****   GPIO_InitStruct.Mode = GPIO_MODE_INPUT;
 353              		.loc 1 147 3 is_stmt 1 view .LVU127
 354              		.loc 1 147 24 is_stmt 0 view .LVU128
 355 0192 0894     		str	r4, [sp, #32]
 148:Core/Src/gpio.c ****   GPIO_InitStruct.Pull = GPIO_NOPULL;
 356              		.loc 1 148 3 is_stmt 1 view .LVU129
 357              		.loc 1 148 24 is_stmt 0 view .LVU130
 358 0194 0994     		str	r4, [sp, #36]
 149:Core/Src/gpio.c ****   HAL_GPIO_Init(VBUS_FS_GPIO_Port, &GPIO_InitStruct);
 359              		.loc 1 149 3 is_stmt 1 view .LVU131
 360 0196 07A9     		add	r1, sp, #28
 361 0198 3046     		mov	r0, r6
 362 019a FFF7FEFF 		bl	HAL_GPIO_Init
 363              	.LVL14:
 150:Core/Src/gpio.c **** 
 151:Core/Src/gpio.c ****   /*Configure GPIO pins : PAPin PAPin PAPin */
ARM GAS  /var/folders/0z/tsy30v1j4xl4_7kw94k978ww0000gn/T//ccv9JvHb.s 			page 10


 152:Core/Src/gpio.c ****   GPIO_InitStruct.Pin = OTG_FS_ID_Pin|OTG_FS_DM_Pin|OTG_FS_DP_Pin;
 364              		.loc 1 152 3 view .LVU132
 365              		.loc 1 152 23 is_stmt 0 view .LVU133
 366 019e 4FF4E053 		mov	r3, #7168
 367 01a2 0793     		str	r3, [sp, #28]
 153:Core/Src/gpio.c ****   GPIO_InitStruct.Mode = GPIO_MODE_AF_PP;
 368              		.loc 1 153 3 is_stmt 1 view .LVU134
 369              		.loc 1 153 24 is_stmt 0 view .LVU135
 370 01a4 CDF82080 		str	r8, [sp, #32]
 154:Core/Src/gpio.c ****   GPIO_InitStruct.Pull = GPIO_NOPULL;
 371              		.loc 1 154 3 is_stmt 1 view .LVU136
 372              		.loc 1 154 24 is_stmt 0 view .LVU137
 373 01a8 0994     		str	r4, [sp, #36]
 155:Core/Src/gpio.c ****   GPIO_InitStruct.Speed = GPIO_SPEED_FREQ_LOW;
 374              		.loc 1 155 3 is_stmt 1 view .LVU138
 375              		.loc 1 155 25 is_stmt 0 view .LVU139
 376 01aa 0A94     		str	r4, [sp, #40]
 156:Core/Src/gpio.c ****   GPIO_InitStruct.Alternate = GPIO_AF10_OTG_FS;
 377              		.loc 1 156 3 is_stmt 1 view .LVU140
 378              		.loc 1 156 29 is_stmt 0 view .LVU141
 379 01ac 0A23     		movs	r3, #10
 380 01ae 0B93     		str	r3, [sp, #44]
 157:Core/Src/gpio.c ****   HAL_GPIO_Init(GPIOA, &GPIO_InitStruct);
 381              		.loc 1 157 3 is_stmt 1 view .LVU142
 382 01b0 07A9     		add	r1, sp, #28
 383 01b2 3046     		mov	r0, r6
 384 01b4 FFF7FEFF 		bl	HAL_GPIO_Init
 385              	.LVL15:
 158:Core/Src/gpio.c **** 
 159:Core/Src/gpio.c ****   /*Configure GPIO pin : PtPin */
 160:Core/Src/gpio.c ****   GPIO_InitStruct.Pin = OTG_FS_OverCurrent_Pin;
 386              		.loc 1 160 3 view .LVU143
 387              		.loc 1 160 23 is_stmt 0 view .LVU144
 388 01b8 2023     		movs	r3, #32
 389 01ba 0793     		str	r3, [sp, #28]
 161:Core/Src/gpio.c ****   GPIO_InitStruct.Mode = GPIO_MODE_INPUT;
 390              		.loc 1 161 3 is_stmt 1 view .LVU145
 391              		.loc 1 161 24 is_stmt 0 view .LVU146
 392 01bc 0894     		str	r4, [sp, #32]
 162:Core/Src/gpio.c ****   GPIO_InitStruct.Pull = GPIO_NOPULL;
 393              		.loc 1 162 3 is_stmt 1 view .LVU147
 394              		.loc 1 162 24 is_stmt 0 view .LVU148
 395 01be 0994     		str	r4, [sp, #36]
 163:Core/Src/gpio.c ****   HAL_GPIO_Init(OTG_FS_OverCurrent_GPIO_Port, &GPIO_InitStruct);
 396              		.loc 1 163 3 is_stmt 1 view .LVU149
 397 01c0 07A9     		add	r1, sp, #28
 398 01c2 5846     		mov	r0, fp
 399 01c4 FFF7FEFF 		bl	HAL_GPIO_Init
 400              	.LVL16:
 164:Core/Src/gpio.c **** 
 165:Core/Src/gpio.c ****   /*Configure GPIO pins : PBPin PBPin */
 166:Core/Src/gpio.c ****   GPIO_InitStruct.Pin = Audio_SCL_Pin|Audio_SDA_Pin;
 401              		.loc 1 166 3 view .LVU150
 402              		.loc 1 166 23 is_stmt 0 view .LVU151
 403 01c8 4FF41073 		mov	r3, #576
 404 01cc 0793     		str	r3, [sp, #28]
 167:Core/Src/gpio.c ****   GPIO_InitStruct.Mode = GPIO_MODE_AF_OD;
ARM GAS  /var/folders/0z/tsy30v1j4xl4_7kw94k978ww0000gn/T//ccv9JvHb.s 			page 11


 405              		.loc 1 167 3 is_stmt 1 view .LVU152
 406              		.loc 1 167 24 is_stmt 0 view .LVU153
 407 01ce 1223     		movs	r3, #18
 408 01d0 0893     		str	r3, [sp, #32]
 168:Core/Src/gpio.c ****   GPIO_InitStruct.Pull = GPIO_PULLUP;
 409              		.loc 1 168 3 is_stmt 1 view .LVU154
 410              		.loc 1 168 24 is_stmt 0 view .LVU155
 411 01d2 0995     		str	r5, [sp, #36]
 169:Core/Src/gpio.c ****   GPIO_InitStruct.Speed = GPIO_SPEED_FREQ_LOW;
 412              		.loc 1 169 3 is_stmt 1 view .LVU156
 413              		.loc 1 169 25 is_stmt 0 view .LVU157
 414 01d4 0A94     		str	r4, [sp, #40]
 170:Core/Src/gpio.c ****   GPIO_InitStruct.Alternate = GPIO_AF4_I2C1;
 415              		.loc 1 170 3 is_stmt 1 view .LVU158
 416              		.loc 1 170 29 is_stmt 0 view .LVU159
 417 01d6 CDF82CA0 		str	r10, [sp, #44]
 171:Core/Src/gpio.c ****   HAL_GPIO_Init(GPIOB, &GPIO_InitStruct);
 418              		.loc 1 171 3 is_stmt 1 view .LVU160
 419 01da 07A9     		add	r1, sp, #28
 420 01dc 4846     		mov	r0, r9
 421 01de FFF7FEFF 		bl	HAL_GPIO_Init
 422              	.LVL17:
 172:Core/Src/gpio.c **** 
 173:Core/Src/gpio.c ****   /*Configure GPIO pin : PtPin */
 174:Core/Src/gpio.c ****   GPIO_InitStruct.Pin = MEMS_INT2_Pin;
 423              		.loc 1 174 3 view .LVU161
 424              		.loc 1 174 23 is_stmt 0 view .LVU162
 425 01e2 CDF81C80 		str	r8, [sp, #28]
 175:Core/Src/gpio.c ****   GPIO_InitStruct.Mode = GPIO_MODE_EVT_RISING;
 426              		.loc 1 175 3 is_stmt 1 view .LVU163
 427              		.loc 1 175 24 is_stmt 0 view .LVU164
 428 01e6 4FF49013 		mov	r3, #1179648
 429 01ea 0893     		str	r3, [sp, #32]
 176:Core/Src/gpio.c ****   GPIO_InitStruct.Pull = GPIO_NOPULL;
 430              		.loc 1 176 3 is_stmt 1 view .LVU165
 431              		.loc 1 176 24 is_stmt 0 view .LVU166
 432 01ec 0994     		str	r4, [sp, #36]
 177:Core/Src/gpio.c ****   HAL_GPIO_Init(MEMS_INT2_GPIO_Port, &GPIO_InitStruct);
 433              		.loc 1 177 3 is_stmt 1 view .LVU167
 434 01ee 07A9     		add	r1, sp, #28
 435 01f0 3846     		mov	r0, r7
 436 01f2 FFF7FEFF 		bl	HAL_GPIO_Init
 437              	.LVL18:
 178:Core/Src/gpio.c **** 
 179:Core/Src/gpio.c **** }
 438              		.loc 1 179 1 is_stmt 0 view .LVU168
 439 01f6 0DB0     		add	sp, sp, #52
 440              		.cfi_def_cfa_offset 36
 441              		@ sp needed
 442 01f8 BDE8F08F 		pop	{r4, r5, r6, r7, r8, r9, r10, fp, pc}
 443              	.L4:
 444              		.align	2
 445              	.L3:
 446 01fc 00380240 		.word	1073887232
 447 0200 00100240 		.word	1073876992
 448 0204 00000240 		.word	1073872896
 449 0208 00080240 		.word	1073874944
ARM GAS  /var/folders/0z/tsy30v1j4xl4_7kw94k978ww0000gn/T//ccv9JvHb.s 			page 12


 450 020c 000C0240 		.word	1073875968
 451              		.cfi_endproc
 452              	.LFE130:
 454              		.text
 455              	.Letext0:
 456              		.file 2 "/Users/johannes/Library/Application Support/Code/User/globalStorage/bmd.stm32-for-vscode/
 457              		.file 3 "/Users/johannes/Library/Application Support/Code/User/globalStorage/bmd.stm32-for-vscode/
 458              		.file 4 "Drivers/CMSIS/Device/ST/STM32F4xx/Include/stm32f407xx.h"
 459              		.file 5 "Drivers/STM32F4xx_HAL_Driver/Inc/stm32f4xx_hal_gpio.h"
ARM GAS  /var/folders/0z/tsy30v1j4xl4_7kw94k978ww0000gn/T//ccv9JvHb.s 			page 13


DEFINED SYMBOLS
                            *ABS*:0000000000000000 gpio.c
/var/folders/0z/tsy30v1j4xl4_7kw94k978ww0000gn/T//ccv9JvHb.s:20     .text.MX_GPIO_Init:0000000000000000 $t
/var/folders/0z/tsy30v1j4xl4_7kw94k978ww0000gn/T//ccv9JvHb.s:26     .text.MX_GPIO_Init:0000000000000000 MX_GPIO_Init
/var/folders/0z/tsy30v1j4xl4_7kw94k978ww0000gn/T//ccv9JvHb.s:446    .text.MX_GPIO_Init:00000000000001fc $d

UNDEFINED SYMBOLS
HAL_GPIO_WritePin
HAL_GPIO_Init
