ARM GAS  /var/folders/0z/tsy30v1j4xl4_7kw94k978ww0000gn/T//cc6bWXOS.s 			page 1


   1              		.cpu cortex-m4
   2              		.arch armv7e-m
   3              		.fpu fpv4-sp-d16
   4              		.eabi_attribute 27, 1
   5              		.eabi_attribute 28, 1
   6              		.eabi_attribute 20, 1
   7              		.eabi_attribute 21, 1
   8              		.eabi_attribute 23, 3
   9              		.eabi_attribute 24, 1
  10              		.eabi_attribute 25, 1
  11              		.eabi_attribute 26, 1
  12              		.eabi_attribute 30, 1
  13              		.eabi_attribute 34, 1
  14              		.eabi_attribute 18, 4
  15              		.file	"img_hand.c"
  16              		.text
  17              	.Ltext0:
  18              		.cfi_sections	.debug_frame
  19              		.global	img_hand
  20              		.global	img_hand_map
  21              		.section	.rodata.img_hand,"a"
  22              		.align	2
  25              	img_hand:
  26 0000 05       		.byte	5
  27 0001 90       		.byte	144
  28 0002 21       		.byte	33
  29 0003 01       		.byte	1
  30 0004 8C0A0000 		.word	2700
  31 0008 00000000 		.word	img_hand_map
  32              		.section	.rodata.img_hand_map,"a"
  33              		.align	2
  36              	img_hand_map:
  37 0000 00000000 		.ascii	"\000\000\000\000\000\000\000\000\000\204\020\004c,\034"
  37      00000000 
  37      00841004 
  37      632C1C
  38 000f 00000000 		.ascii	"\000\000\000\000\000\000\000\000\000\000\000\000\000"
  38      00000000 
  38      00000000 
  38      00
  39 001c 00000000 		.ascii	"\000\000\000\000\000\000\000\000\000\000\000\000\000"
  39      00000000 
  39      00000000 
  39      00
  40 0029 00000000 		.ascii	"\000\000\000\000\000\000\000\000\000\000\000\000\000"
  40      00000000 
  40      00000000 
  40      00
  41 0036 00000000 		.ascii	"\000\000\000\000\000\000\000\000\000\000\000\000\000"
  41      00000000 
  41      00000000 
  41      00
  42 0043 00000000 		.ascii	"\000\000\000\000\000\000\000\000\000\000\000\000\000"
  42      00000000 
  42      00000000 
  42      00
  43 0050 00000000 		.ascii	"\000\000\000\000\000\000\000\000\000\000\000\000\000"
ARM GAS  /var/folders/0z/tsy30v1j4xl4_7kw94k978ww0000gn/T//cc6bWXOS.s 			page 2


  43      00000000 
  43      00000000 
  43      00
  44 005d 00000000 		.ascii	"\000\000\000\000\000\000\000\000\000\000\000\000\000"
  44      00000000 
  44      00000000 
  44      00
  45 006a 00000000 		.ascii	"\000\000\000\000\000\000\000\000\000\000\000\000\000"
  45      00000000 
  45      00000000 
  45      00
  46 0077 00000000 		.ascii	"\000\000\000\000\000\000\000\000\000\000\000\000\000"
  46      00000000 
  46      00000000 
  46      00
  47 0084 00000000 		.ascii	"\000\000\000\000\000\000\000\000\000\000\000\000\000"
  47      00000000 
  47      00000000 
  47      00
  48 0091 00000000 		.ascii	"\000\000\000\000\000\000\000\000\000\000\000\000\000"
  48      00000000 
  48      00000000 
  48      00
  49 009e 00000000 		.ascii	"\000\000\000\000\000\000\000\000\000\000\000\000\000"
  49      00000000 
  49      00000000 
  49      00
  50 00ab 00000000 		.ascii	"\000\000\000\000\000\000\000\000\000\000\000\000\000"
  50      00000000 
  50      00000000 
  50      00
  51 00b8 00000000 		.ascii	"\000\000\000\000\000\000\000\000\000\000\000\000\000"
  51      00000000 
  51      00000000 
  51      00
  52 00c5 00000000 		.ascii	"\000\000\000\000R\212G\000 W!\004W9\347\010\000\000"
  52      528A4700 
  52      20572104 
  52      5739E708 
  52      0000
  53 00d7 00000000 		.ascii	"\000\000\000\000\000\000\000\000\000\000\000\000\000"
  53      00000000 
  53      00000000 
  53      00
  54 00e4 00000000 		.ascii	"\000\000\000\000\000\000\000\000\000\000\000\000\000"
  54      00000000 
  54      00000000 
  54      00
  55 00f1 00000000 		.ascii	"\000\000\000\000\000\000\000\000\000\000\000\000\000"
  55      00000000 
  55      00000000 
  55      00
  56 00fe 00000000 		.ascii	"\000\000\000\000\000\000\000\000\000\000\000\000\000"
  56      00000000 
  56      00000000 
  56      00
  57 010b 00000000 		.ascii	"\000\000\000\000\000\000\000\000\000\000\000\000\000"
ARM GAS  /var/folders/0z/tsy30v1j4xl4_7kw94k978ww0000gn/T//cc6bWXOS.s 			page 3


  57      00000000 
  57      00000000 
  57      00
  58 0118 00000000 		.ascii	"\000\000\000\000\000\000\000\000\000\000\000\000\000"
  58      00000000 
  58      00000000 
  58      00
  59 0125 00000000 		.ascii	"\000\000\000\000\000\000\000\000\000\000Z\353\0149\307"
  59      00000000 
  59      00005AEB 
  59      0C39C7
  60 0134 7418C3EB 		.ascii	"t\030\303\353\030\303\3609\307\274A\350\004\000\000"
  60      18C3F039 
  60      C7BC41E8 
  60      040000
  61 0143 00000000 		.ascii	"\000\000\000\000\000\000\000\000\000\000\000\000\000"
  61      00000000 
  61      00000000 
  61      00
  62 0150 00000000 		.ascii	"\000\000\000\000\000\000\000\000\000\000\000\000\000"
  62      00000000 
  62      00000000 
  62      00
  63 015d 00000000 		.ascii	"\000\000\000\000\000\000\000\000\000\000\000\000\000"
  63      00000000 
  63      00000000 
  63      00
  64 016a 00000000 		.ascii	"\000\000\000\000\000\000\000\000\000\000\000\000\000"
  64      00000000 
  64      00000000 
  64      00
  65 0177 00000000 		.ascii	"\000\000\000\000\000\000\000\000\000\000\000\000\000"
  65      00000000 
  65      00000000 
  65      00
  66 0184 00000000 		.ascii	"\000\000\000\000\000\000\000\000\000\000\000\000\000"
  66      00000000 
  66      00000000 
  66      00
  67 0191 00000000 		.ascii	"\000\000\000\000\000\000\000\000\000\000\000\000\000"
  67      00000000 
  67      00000000 
  67      00
  68 019e 00000000 		.ascii	"\000\000\000\000\000\000\000\000\000\000\000\000\000"
  68      00000000 
  68      00000000 
  68      00
  69 01ab 00000000 		.ascii	"\000\000\000\000\000\000\000\000\000\000\000\000\000"
  69      00000000 
  69      00000000 
  69      00
  70 01b8 00000000 		.ascii	"\000\000\000\000\000\000\000\000\000\000\000\000\000"
  70      00000000 
  70      00000000 
  70      00
  71 01c5 00000000 		.ascii	"\000\000\000\000\000\000\000\000\000\000\000\000\000"
  71      00000000 
ARM GAS  /var/folders/0z/tsy30v1j4xl4_7kw94k978ww0000gn/T//cc6bWXOS.s 			page 4


  71      00000000 
  71      00
  72 01d2 00000000 		.ascii	"\000\000\000\000\000\000\000\000\000\000\000\000\000"
  72      00000000 
  72      00000000 
  72      00
  73 01df 00000000 		.ascii	"\000\000\000\000\000\000\000\000\000\000\000\000\000"
  73      00000000 
  73      00000000 
  73      00
  74 01ec 00000010 		.ascii	"\000\000\000\020\202\003 \344\217\030\243\373\000 \377"
  74      820320E4 
  74      8F18A3FB 
  74      0020FF
  75 01fb 0821FF08 		.ascii	"\010!\377\010a\354!\004\207JI\023\000\000\000\000\000"
  75      61EC2104 
  75      874A4913 
  75      00000000 
  75      00
  76 020c 00000000 		.ascii	"\000\000\000\000\000\000\000\000\000\000\000\000\000"
  76      00000000 
  76      00000000 
  76      00
  77 0219 00000000 		.ascii	"\000\000\000\000\000\000\000\000\000\000\000\000\000"
  77      00000000 
  77      00000000 
  77      00
  78 0226 00000000 		.ascii	"\000\000\000\000\000\000\000\000\000\000\000\000\000"
  78      00000000 
  78      00000000 
  78      00
  79 0233 00000000 		.ascii	"\000\000\000\000\000\000\000\000\000\000\000\000\000"
  79      00000000 
  79      00000000 
  79      00
  80 0240 00000000 		.ascii	"\000\000\000\000\000\000\000\000\000\000\000\000\000"
  80      00000000 
  80      00000000 
  80      00
  81 024d 00000000 		.ascii	"\000\000\000\000\000\000\000\000\000\000\000{\357\017"
  81      00000000 
  81      0000007B 
  81      EF0F
  82 025b 39A7CB00 		.ascii	"9\247\313\000 \377\010!\377\000 \377\000 \377\030\303"
  82      20FF0821 
  82      FF0020FF 
  82      0020FF18 
  82      C3
  83 026c C4BDD704 		.ascii	"\304\275\327\004\000\000\000\000\000\000\000\000\000"
  83      00000000 
  83      00000000 
  83      00
  84 0279 00000000 		.ascii	"\000\000\000\000\000\000\000\000\000\000\000\000\000"
  84      00000000 
  84      00000000 
  84      00
  85 0286 00000000 		.ascii	"\000\000\000\000\000\000\000\000\000\000\000\000\000"
ARM GAS  /var/folders/0z/tsy30v1j4xl4_7kw94k978ww0000gn/T//cc6bWXOS.s 			page 5


  85      00000000 
  85      00000000 
  85      00
  86 0293 00000000 		.ascii	"\000\000\000\000\000\000\000\000\000\000\000\000\000"
  86      00000000 
  86      00000000 
  86      00
  87 02a0 00000000 		.ascii	"\000\000\000\000\000\000\000\000\000\000\000\000\000"
  87      00000000 
  87      00000000 
  87      00
  88 02ad 00000000 		.ascii	"\000\000\000\000\000\000\000\000\000\000\000\000\000"
  88      00000000 
  88      00000000 
  88      00
  89 02ba 00000000 		.ascii	"\000\000\000\000\000\000\000\000\000\000\000\000\000"
  89      00000000 
  89      00000000 
  89      00
  90 02c7 00000000 		.ascii	"\000\000\000\000\000\000\000\000\000\000\000\000\000"
  90      00000000 
  90      00000000 
  90      00
  91 02d4 00000000 		.ascii	"\000\000\000\000\000\000\000\000\000\000\000\000\000"
  91      00000000 
  91      00000000 
  91      00
  92 02e1 00000000 		.ascii	"\000\000\000\000\000\000\000\000\000\000\000\000\000"
  92      00000000 
  92      00000000 
  92      00
  93 02ee 00000000 		.ascii	"\000\000\000\000\000\000\000\000\000\000\000\000\000"
  93      00000000 
  93      00000000 
  93      00
  94 02fb 00000000 		.ascii	"\000\000\000\000\000\000\000\000\000\000\000\000\000"
  94      00000000 
  94      00000000 
  94      00
  95 0308 00000000 		.ascii	"\000\000\000\000\000\000\000\000\000\000\000\000\000"
  95      00000000 
  95      00000000 
  95      00
  96 0315 00000000 		.ascii	"\000\000\000\000\000\000)E\240\000\000\377\000\000\377"
  96      00002945 
  96      A00000FF 
  96      0000FF
  97 0324 0000FF00 		.ascii	"\000\000\377\000\000\377\000\000\377\000\000\377)E\370"
  97      00FF0000 
  97      FF0000FF 
  97      2945F8
  98 0333 18A3A86B 		.ascii	"\030\243\250k-G\000\000\000\000\000\000\000\000\000"
  98      2D470000 
  98      00000000 
  98      000000
  99 0342 00000000 		.ascii	"\000\000\000\000\000\000\000\000\000\000\000\000\000"
  99      00000000 
ARM GAS  /var/folders/0z/tsy30v1j4xl4_7kw94k978ww0000gn/T//cc6bWXOS.s 			page 6


  99      00000000 
  99      00
 100 034f 00000000 		.ascii	"\000\000\000\000\000\000\000\000\000\000\000\000\000"
 100      00000000 
 100      00000000 
 100      00
 101 035c 00000000 		.ascii	"\000\000\000\000\000\000\000\000\000\000\000\000\000"
 101      00000000 
 101      00000000 
 101      00
 102 0369 00000000 		.ascii	"\000\000\000\000\000\000\000\000\000\000\000\000\000"
 102      00000000 
 102      00000000 
 102      00
 103 0376 00000000 		.ascii	"\000\000\000\000\000\000\000\000\000\000\000\000\000"
 103      00000000 
 103      00000000 
 103      00
 104 0383 0010624B 		.ascii	"\000\020bK\020b\377\030\303\333c\014TZ\353P\020\202"
 104      1062FF18 
 104      C3DB630C 
 104      545AEB50 
 104      1082
 105 0395 B80821FF 		.ascii	"\270\010!\377!\004\3779\307\3779\347\3771\206\377A\350"
 105      2104FF39 
 105      C7FF39E7 
 105      FF3186FF 
 105      41E8
 106 03a7 FF41E8FF 		.ascii	"\377A\350\377A\350\377B\010\377B\010\373B(\350B(\344"
 106      41E8FF42 
 106      08FF4208 
 106      FB4228E8 
 106      4228E4
 107 03ba 4A29DC4A 		.ascii	"J)\334J)\327J)\320JI\263JI\260JI\257JI\253JI\247J)\207"
 107      29D74A29 
 107      D04A49B3 
 107      4A49B04A 
 107      49AF4A49 
 108 03d5 4A298442 		.ascii	"J)\204B(\200B(\177B\010{\000\000W\000\000W\000\000W"
 108      28804228 
 108      7F42087B 
 108      00005700 
 108      00570000 
 109 03ea 00005700 		.ascii	"\000\000W\000\000W\000\000W\000\000W\000\000W\000 W"
 109      00570000 
 109      57000057 
 109      00005700 
 109      2057
 110 03fc 08215700 		.ascii	"\010!W\000 W\000 W\010!W\010AW\010AW\010!W\010AW\010"
 110      20570020 
 110      57082157 
 110      08415708 
 110      41570821 
 111 0415 41570841 		.ascii	"AW\010AW\010aW\010AW\010aW\010aW\020\202W\020\202W\020"
 111      57086157 
 111      08415708 
 111      61570861 
ARM GAS  /var/folders/0z/tsy30v1j4xl4_7kw94k978ww0000gn/T//cc6bWXOS.s 			page 7


 111      57108257 
 112 042d 82571082 		.ascii	"\202W\020\202W\020\202W\020\242W\030\243W\020\242W\020"
 112      57108257 
 112      10A25718 
 112      A35710A2 
 112      5710
 113 043f A25718A3 		.ascii	"\242W\030\243W1\206\234\010a\377\010!\377\010A\377\000"
 113      5731869C 
 113      0861FF08 
 113      21FF0841 
 113      FF00
 114 0451 20FF0020 		.ascii	" \377\000 \377\010A\377\010!\377\000 \377\000\000\377"
 114      FF0841FF 
 114      0821FF00 
 114      20FF0000 
 114      FF
 115 0462 0020FF29 		.ascii	"\000 \377)%\377B\010\240\030\303W9\307WA\350WB\010W"
 115      25FF4208 
 115      A018C357 
 115      39C75741 
 115      E8574208 
 116 0477 41E85739 		.ascii	"A\350W9\247W1\246W1\246W9\247W9\247W1fW)%W!\004W!\004"
 116      A75731A6 
 116      5731A657 
 116      39A75739 
 116      A7573166 
 117 0494 57210457 		.ascii	"W!\004W!\004W\030\303W\020\242W\030\243W\030\303W\020"
 117      21045718 
 117      C35710A2 
 117      5718A357 
 117      18C35710 
 118 04a8 A25718A3 		.ascii	"\242W\030\243WB(PJI\267\000 \3779\247\214s\216\004s"
 118      57422850 
 118      4A49B700 
 118      20FF39A7 
 118      8C738E04 
 119 04bd 8E0F2104 		.ascii	"\216\017!\0047\020\202\377\000\000\377\000\000\377\010"
 119      371082FF 
 119      0000FF00 
 119      00FF08
 120 04cc 21FF0000 		.ascii	"!\377\000\000\377\000\000\377\000\000\377\000\000\377"
 120      FF0000FF 
 120      0000FF00 
 120      00FF
 121 04da 0000FF00 		.ascii	"\000\000\377\000\000\377\000\000\377\000\000\377\000"
 121      00FF0000 
 121      FF0000FF 
 121      00
 122 04e7 00FF0000 		.ascii	"\000\377\000\000\377\000\000\377\000\000\377\000\000"
 122      FF0000FF 
 122      0000FF00 
 122      00
 123 04f4 FF0000FF 		.ascii	"\377\000\000\377\000\000\377\000\000\377\000 \377\000"
 123      0000FF00 
 123      00FF0020 
 123      FF00
 124 0502 00FF0000 		.ascii	"\000\377\000\000\377\000\000\377\000\000\377\000\000"
ARM GAS  /var/folders/0z/tsy30v1j4xl4_7kw94k978ww0000gn/T//cc6bWXOS.s 			page 8


 124      FF0000FF 
 124      0000FF00 
 124      00
 125 050f FF0000FF 		.ascii	"\377\000\000\377\000\000\377\000\000\377\000\000\377"
 125      0000FF00 
 125      00FF0000 
 125      FF
 126 051c 0000FF00 		.ascii	"\000\000\377\000\000\377\000\000\377\000\000\377\000"
 126      00FF0000 
 126      FF0000FF 
 126      00
 127 0529 00FF0000 		.ascii	"\000\377\000\000\377\000 \377\000 \377\000\000\377\000"
 127      FF0020FF 
 127      0020FF00 
 127      00FF00
 128 0538 00FF0000 		.ascii	"\000\377\000\000\377\000\000\377\000 \377\000 \377\000"
 128      FF0000FF 
 128      0020FF00 
 128      20FF00
 129 0547 00FF0000 		.ascii	"\000\377\000\000\377\000 \377\000 \377\000\000\377\000"
 129      FF0020FF 
 129      0020FF00 
 129      00FF00
 130 0556 00FF0020 		.ascii	"\000\377\000 \377\000 \377\000 \377\000 \377\000 \377"
 130      FF0020FF 
 130      0020FF00 
 130      20FF0020 
 130      FF
 131 0567 0020FF08 		.ascii	"\000 \377\010!\377\010!\377\010!\377\000\000\377\010"
 131      21FF0821 
 131      FF0821FF 
 131      0000FF08 
 132 0577 21FF0000 		.ascii	"!\377\000\000\377\000\000\377\000\000\377\000\000\377"
 132      FF0000FF 
 132      0000FF00 
 132      00FF
 133 0585 0000FF00 		.ascii	"\000\000\377\000 \377\000\000\377\000\000\377\000\000"
 133      20FF0000 
 133      FF0000FF 
 133      0000
 134 0593 FF0000FF 		.ascii	"\377\000\000\377\010!\377\010a\377\020\202\377\030\243"
 134      0821FF08 
 134      61FF1082 
 134      FF18A3
 135 05a2 FF18A3FF 		.ascii	"\377\030\243\377\020\242\377\030\243\377\030\303\377"
 135      10A2FF18 
 135      A3FF18C3 
 135      FF
 136 05af 18C3FC18 		.ascii	"\030\303\374\030\303\373\030\303\370\030\243\367\030"
 136      C3FB18C3 
 136      F818A3F7 
 136      18
 137 05bc A3F418A3 		.ascii	"\243\364\030\243\363\020\242\363\020\242\363\020\202"
 137      F310A2F3 
 137      10A2F310 
 137      82
 138 05c9 F00841EC 		.ascii	"\360\010A\354\000\000\353\000 \353\010!\353\000\000"
ARM GAS  /var/folders/0z/tsy30v1j4xl4_7kw94k978ww0000gn/T//cc6bWXOS.s 			page 9


 138      0000EB00 
 138      20EB0821 
 138      EB0000
 139 05d8 EB18E3E8 		.ascii	"\353\030\343\3509\307w\020\202\377!\004\213\204\020"
 139      39C77710 
 139      82FF2104 
 139      8B8410
 140 05e7 036B4D14 		.ascii	"\003kM\024Rj\\\000 \377\000 \377\000 \377\000 \377\000"
 140      526A5C00 
 140      20FF0020 
 140      FF0020FF 
 140      0020FF00 
 141 05fb 00FF0000 		.ascii	"\000\377\000\000\377\000\000\377\000\000\377\000\000"
 141      FF0000FF 
 141      0000FF00 
 141      00
 142 0608 FF0000FF 		.ascii	"\377\000\000\377\000\000\377\000\000\377\000\000\377"
 142      0000FF00 
 142      00FF0000 
 142      FF
 143 0615 0000FF00 		.ascii	"\000\000\377\000\000\377\000\000\377\000\000\377\000"
 143      00FF0000 
 143      FF0000FF 
 143      00
 144 0622 00FF0000 		.ascii	"\000\377\000\000\377\010!\377\010!\377\010!\377\010"
 144      FF0821FF 
 144      0821FF08 
 144      21FF08
 145 0631 21FF0841 		.ascii	"!\377\010A\377\020b\377\020\242\377\020\242\377\030"
 145      FF1062FF 
 145      10A2FF10 
 145      A2FF18
 146 0640 A3FF18C3 		.ascii	"\243\377\030\303\377\030\343\377)%\377)%\377)%\377)"
 146      FF18E3FF 
 146      2925FF29 
 146      25FF2925 
 146      FF29
 147 0652 25FF2925 		.ascii	"%\377)%\3779\307\3779\347\377A\350\377B\010\374B\010"
 147      FF39C7FF 
 147      39E7FF41 
 147      E8FF4208 
 147      FC4208
 148 0665 F74A49B7 		.ascii	"\367JI\267JI\250JI\243JI\243JI\250JI\223B(\1779\247"
 148      4A49A84A 
 148      49A34A49 
 148      A34A49A8 
 148      4A499342 
 149 067d 6B21045C 		.ascii	"k!\004\\\010AW\000\000W\000 W\010AW\010aW\010aW\020"
 149      08415700 
 149      00570020 
 149      57084157 
 149      08615708 
 150 0694 625710A2 		.ascii	"bW\020\242W\020\202W \344\234\010A\377\000\000\377\010"
 150      57108257 
 150      20E49C08 
 150      41FF0000 
 150      FF08
ARM GAS  /var/folders/0z/tsy30v1j4xl4_7kw94k978ww0000gn/T//cc6bWXOS.s 			page 10


 151 06a6 21FF0020 		.ascii	"!\377\000 \377\000\000\377\010A\377\010!\377\000\000"
 151      FF0000FF 
 151      0841FF08 
 151      21FF0000 
 152 06b6 FF0000FF 		.ascii	"\377\000\000\377\000\000\377\010A\3771\206\377J)\220"
 152      0000FF08 
 152      41FF3186 
 152      FF4A2990 
 153 06c6 10825429 		.ascii	"\020\202T)%W9\247WA\350WB\010WJIWR\212SZ\253KZ\313D"
 153      255739A7 
 153      5741E857 
 153      4208574A 
 153      4957528A 
 154 06e1 630C376B 		.ascii	"c\0147kM/sn'sn$sn$sn${\317\027\255U\004\000\000\000"
 154      4D2F736E 
 154      27736E24 
 154      736E2473 
 154      6E247BCF 
 155 06fc 00000000 		.ascii	"\000\000\000\000\000\000\000\000\000\000\000\000!$0"
 155      00000000 
 155      00000000 
 155      212430
 156 070b 0861F408 		.ascii	"\010a\364\010!\3779\307\3771\246\377\010A\377\020\202"
 156      21FF39C7 
 156      FF31A6FF 
 156      0841FF10 
 156      82
 157 071c FF39C770 		.ascii	"\3779\307p\000\000\000\000\000\000\000\000\000\000\000"
 157      00000000 
 157      00000000 
 157      000000
 158 072b 00000000 		.ascii	"\000\000\000\000\000\000\000\000\000\000\000\000\000"
 158      00000000 
 158      00000000 
 158      00
 159 0738 00000000 		.ascii	"\000\000\000\000\000\000\000\000\000\000\000\000\000"
 159      00000000 
 159      00000000 
 159      00
 160 0745 00000000 		.ascii	"\000\000\000\000\000\000\000\000\000\000\000\000\000"
 160      00000000 
 160      00000000 
 160      00
 161 0752 00000000 		.ascii	"\000\000\000\000\000\000\000\000\000\000\000\000\000"
 161      00000000 
 161      00000000 
 161      00
 162 075f 00000000 		.ascii	"\000\000\000\000\000\000\000\000\000\000\000\000\000"
 162      00000000 
 162      00000000 
 162      00
 163 076c 00000000 		.ascii	"\000\000\000\000\000\000\000\000\000\000\000\000\000"
 163      00000000 
 163      00000000 
 163      00
 164 0779 00000000 		.ascii	"\000\000\000\000\000\000\000\000\000\000\000\000\000"
 164      00000000 
ARM GAS  /var/folders/0z/tsy30v1j4xl4_7kw94k978ww0000gn/T//cc6bWXOS.s 			page 11


 164      00000000 
 164      00
 165 0786 00000000 		.ascii	"\000\000\000\000\000\000\000\000\000\000\000\000\000"
 165      00000000 
 165      00000000 
 165      00
 166 0793 00000000 		.ascii	"\000\000\000\000\000\000\000\000\000\000\000\000\000"
 166      00000000 
 166      00000000 
 166      00
 167 07a0 00000000 		.ascii	"\000\000\000\000\000\000\000\000\000\000\000\000\000"
 167      00000000 
 167      00000000 
 167      00
 168 07ad 00000000 		.ascii	"\000\000\000\000\000\000\000\000\000\000\000\000\000"
 168      00000000 
 168      00000000 
 168      00
 169 07ba 00000000 		.ascii	"\000\000\000\000\000\000\000\000\000\000\000\000\000"
 169      00000000 
 169      00000000 
 169      00
 170 07c7 00000000 		.ascii	"\000\000\000\0001\206\314\000\000"
 170      3186CC00 
 170      00
 171 07d0 FF0000FF 		.ascii	"\377\000\000\377\000 \377\000 \377\000\000\377\000\000"
 171      0020FF00 
 171      20FF0000 
 171      FF0000
 172 07df FF2104F8 		.ascii	"\377!\004\370\020\242\250R\252t\000\000\000\000\000"
 172      10A2A852 
 172      AA740000 
 172      000000
 173 07ee 00000000 		.ascii	"\000\000\000\000\000\000\000\000\000\000\000\000\000"
 173      00000000 
 173      00000000 
 173      00
 174 07fb 00000000 		.ascii	"\000\000\000\000\000\000\000\000\000\000\000\000\000"
 174      00000000 
 174      00000000 
 174      00
 175 0808 00000000 		.ascii	"\000\000\000\000\000\000\000\000\000\000\000\000\000"
 175      00000000 
 175      00000000 
 175      00
 176 0815 00000000 		.ascii	"\000\000\000\000\000\000\000\000\000\000\000\000\000"
 176      00000000 
 176      00000000 
 176      00
 177 0822 00000000 		.ascii	"\000\000\000\000\000\000\000\000\000\000\000\000\000"
 177      00000000 
 177      00000000 
 177      00
 178 082f 00000000 		.ascii	"\000\000\000\000\000\000\000\000R\252+\020b\363\020"
 178      00000000 
 178      52AA2B10 
 178      62F310
ARM GAS  /var/folders/0z/tsy30v1j4xl4_7kw94k978ww0000gn/T//cc6bWXOS.s 			page 12


 179 083e 62FF1082 		.ascii	"b\377\020\202\377\020\202\363\030\303H\000\000\000\000"
 179      FF1082F3 
 179      18C34800 
 179      000000
 180 084d 00000000 		.ascii	"\000\000\000\000\000\000\000\000\000\000\000\000\000"
 180      00000000 
 180      00000000 
 180      00
 181 085a 00000000 		.ascii	"\000\000\000\000\000\000\000\000\000\000\000\000\000"
 181      00000000 
 181      00000000 
 181      00
 182 0867 00000000 		.ascii	"\000\000\000\000\000\000\000\000\000\000\000\000\000"
 182      00000000 
 182      00000000 
 182      00
 183 0874 00000000 		.ascii	"\000\000\000\000\000\000\000\000\000\000\000\000\000"
 183      00000000 
 183      00000000 
 183      00
 184 0881 00000000 		.ascii	"\000\000\000\000\000\000\000\000\000\000\000\000\000"
 184      00000000 
 184      00000000 
 184      00
 185 088e 00000000 		.ascii	"\000\000\000\000\000\000\000\000\000\000\000\000\000"
 185      00000000 
 185      00000000 
 185      00
 186 089b 00000000 		.ascii	"\000\000\000\000\000\000\000\000\000\000\000\000\000"
 186      00000000 
 186      00000000 
 186      00
 187 08a8 00000000 		.ascii	"\000\000\000\000\000\000\000\000\000\000\000\000\000"
 187      00000000 
 187      00000000 
 187      00
 188 08b5 00000000 		.ascii	"\000\000\000\000\000\000\000\000\000\000\000\000\000"
 188      00000000 
 188      00000000 
 188      00
 189 08c2 00000000 		.ascii	"\000\000\000\000\000\000\000\000\000\000\000\000\000"
 189      00000000 
 189      00000000 
 189      00
 190 08cf 00000000 		.ascii	"\000\000\000\000\000\000\000\000\000\000\000\000\000"
 190      00000000 
 190      00000000 
 190      00
 191 08dc 00000000 		.ascii	"\000\000\000\000\000\000\000\000\000\000\000\000\000"
 191      00000000 
 191      00000000 
 191      00
 192 08e9 00000000 		.ascii	"\000\000\000\000\000\000\000\000\000\000\000\000\000"
 192      00000000 
 192      00000000 
 192      00
 193 08f6 005ACB18 		.ascii	"\000Z\313\0301\246\330\020b\377\000\000\377\010!\377"
ARM GAS  /var/folders/0z/tsy30v1j4xl4_7kw94k978ww0000gn/T//cc6bWXOS.s 			page 13


 193      31A6D810 
 193      62FF0000 
 193      FF0821FF 
 194 0906 0861EC18 		.ascii	"\010a\354\030\303\2079\307\023\000\000\000\000\000\000"
 194      C38739C7 
 194      13000000 
 194      000000
 195 0915 00000000 		.ascii	"\000\000\000\000\000\000\000\000\000\000\000\000\000"
 195      00000000 
 195      00000000 
 195      00
 196 0922 00000000 		.ascii	"\000\000\000\000\000\000\000\000\000\000\000\000\000"
 196      00000000 
 196      00000000 
 196      00
 197 092f 00000000 		.ascii	"\000\000\000\000\000\000\000\000\000\000\000\000\000"
 197      00000000 
 197      00000000 
 197      00
 198 093c 00000000 		.ascii	"\000\000\000\000\000\000\000\000\000\000\000\000\000"
 198      00000000 
 198      00000000 
 198      00
 199 0949 00000000 		.ascii	"\000\000\000\000\000\000\000\000\000\000\000\000\000"
 199      00000000 
 199      00000000 
 199      00
 200 0956 00000000 		.ascii	"\000\000\000\000\000\000\000\000\000\000\000\000\000"
 200      00000000 
 200      00000000 
 200      00
 201 0963 0000007B 		.ascii	"\000\000\000{\357\014A\350_B\010\214s\256\027\000\000"
 201      EF0C41E8 
 201      5F42088C 
 201      73AE1700 
 201      00
 202 0974 00000000 		.ascii	"\000\000\000\000\000\000\000\000\000\000\000\000\000"
 202      00000000 
 202      00000000 
 202      00
 203 0981 00000000 		.ascii	"\000\000\000\000\000\000\000\000\000\000\000\000\000"
 203      00000000 
 203      00000000 
 203      00
 204 098e 00000000 		.ascii	"\000\000\000\000\000\000\000\000\000\000\000\000\000"
 204      00000000 
 204      00000000 
 204      00
 205 099b 00000000 		.ascii	"\000\000\000\000\000\000\000\000\000\000\000\000\000"
 205      00000000 
 205      00000000 
 205      00
 206 09a8 00000000 		.ascii	"\000\000\000\000\000\000\000\000\000\000\000\000\000"
 206      00000000 
 206      00000000 
 206      00
 207 09b5 00000000 		.ascii	"\000\000\000\000\000\000\000\000\000\000\000\000\000"
ARM GAS  /var/folders/0z/tsy30v1j4xl4_7kw94k978ww0000gn/T//cc6bWXOS.s 			page 14


 207      00000000 
 207      00000000 
 207      00
 208 09c2 00000000 		.ascii	"\000\000\000\000\000\000\000\000\000\000\000\000\000"
 208      00000000 
 208      00000000 
 208      00
 209 09cf 00000000 		.ascii	"\000\000\000\000\000\000\000\000\000\000\000\000\000"
 209      00000000 
 209      00000000 
 209      00
 210 09dc 00000000 		.ascii	"\000\000\000\000\000\000\000\000\000\000\000\000\000"
 210      00000000 
 210      00000000 
 210      00
 211 09e9 00000000 		.ascii	"\000\000\000\000\000\000\000\000\000\000\000\000\000"
 211      00000000 
 211      00000000 
 211      00
 212 09f6 00000000 		.ascii	"\000\000\000\000\000\000\000\000\000\000\000\000\000"
 212      00000000 
 212      00000000 
 212      00
 213 0a03 00000000 		.ascii	"\000\000\000\000\000\000\000\000\000\000\000\000\000"
 213      00000000 
 213      00000000 
 213      00
 214 0a10 00000000 		.ascii	"\000\000\000\000\000\000\000\000\000\000\000\000\000"
 214      00000000 
 214      00000000 
 214      00
 215 0a1d 00000000 		.ascii	"\000\000\000\000\000\000\000\000\000\000\000\0009\307"
 215      00000000 
 215      00000000 
 215      39C7
 216 0a2b 54082157 		.ascii	"T\010!W!$W9\347\013\000\000\000\000\000\000\000\000"
 216      21245739 
 216      E70B0000 
 216      00000000 
 216      0000
 217 0a3d 00000000 		.ascii	"\000\000\000\000\000\000\000\000\000\000\000\000\000"
 217      00000000 
 217      00000000 
 217      00
 218 0a4a 00000000 		.ascii	"\000\000\000\000\000\000\000\000\000\000\000\000\000"
 218      00000000 
 218      00000000 
 218      00
 219 0a57 00000000 		.ascii	"\000\000\000\000\000\000\000\000\000\000\000\000\000"
 219      00000000 
 219      00000000 
 219      00
 220 0a64 00000000 		.ascii	"\000\000\000\000\000\000\000\000\000\000\000\000\000"
 220      00000000 
 220      00000000 
 220      00
 221 0a71 00000000 		.ascii	"\000\000\000\000\000\000\000\000\000\000\000\000\000"
ARM GAS  /var/folders/0z/tsy30v1j4xl4_7kw94k978ww0000gn/T//cc6bWXOS.s 			page 15


 221      00000000 
 221      00000000 
 221      00
 222 0a7e 00000000 		.ascii	"\000\000\000\000\000\000\000\000\000\000\000\000\000"
 222      00000000 
 222      00000000 
 222      00
 223 0a8b 00       		.ascii	"\000"
 224              		.text
 225              	.Letext0:
 226              		.file 1 "/Users/johannes/Library/Application Support/Code/User/globalStorage/bmd.stm32-for-vscode/
 227              		.file 2 "/Users/johannes/Library/Application Support/Code/User/globalStorage/bmd.stm32-for-vscode/
 228              		.file 3 "Drivers/lvgl/demos/benchmark/../../src/hal/../draw/lv_img_buf.h"
 229              		.file 4 "Drivers/lvgl/demos/benchmark/../../src/core/lv_obj.h"
 230              		.file 5 "Drivers/lvgl/demos/benchmark/../../src/widgets/lv_bar.h"
 231              		.file 6 "Drivers/lvgl/demos/benchmark/../../src/extra/widgets/imgbtn/lv_imgbtn.h"
 232              		.file 7 "Core/Src/img_hand.c"
ARM GAS  /var/folders/0z/tsy30v1j4xl4_7kw94k978ww0000gn/T//cc6bWXOS.s 			page 16


DEFINED SYMBOLS
                            *ABS*:0000000000000000 img_hand.c
/var/folders/0z/tsy30v1j4xl4_7kw94k978ww0000gn/T//cc6bWXOS.s:25     .rodata.img_hand:0000000000000000 img_hand
/var/folders/0z/tsy30v1j4xl4_7kw94k978ww0000gn/T//cc6bWXOS.s:36     .rodata.img_hand_map:0000000000000000 img_hand_map
/var/folders/0z/tsy30v1j4xl4_7kw94k978ww0000gn/T//cc6bWXOS.s:22     .rodata.img_hand:0000000000000000 $d
/var/folders/0z/tsy30v1j4xl4_7kw94k978ww0000gn/T//cc6bWXOS.s:33     .rodata.img_hand_map:0000000000000000 $d

NO UNDEFINED SYMBOLS
