ARM GAS  /var/folders/0z/tsy30v1j4xl4_7kw94k978ww0000gn/T//ccOxoLSW.s 			page 1


   1              		.cpu cortex-m4
   2              		.arch armv7e-m
   3              		.fpu fpv4-sp-d16
   4              		.eabi_attribute 27, 1
   5              		.eabi_attribute 28, 1
   6              		.eabi_attribute 20, 1
   7              		.eabi_attribute 21, 1
   8              		.eabi_attribute 23, 3
   9              		.eabi_attribute 24, 1
  10              		.eabi_attribute 25, 1
  11              		.eabi_attribute 26, 1
  12              		.eabi_attribute 30, 1
  13              		.eabi_attribute 34, 1
  14              		.eabi_attribute 18, 4
  15              		.file	"lv_gc.c"
  16              		.text
  17              	.Ltext0:
  18              		.cfi_sections	.debug_frame
  19              		.section	.text._lv_gc_clear_roots,"ax",%progbits
  20              		.align	1
  21              		.global	_lv_gc_clear_roots
  22              		.syntax unified
  23              		.thumb
  24              		.thumb_func
  26              	_lv_gc_clear_roots:
  27              	.LFB24:
  28              		.file 1 "Drivers/lvgl/src/misc/lv_gc.c"
   1:Drivers/lvgl/src/misc/lv_gc.c **** /**
   2:Drivers/lvgl/src/misc/lv_gc.c ****  * @file lv_gc.c
   3:Drivers/lvgl/src/misc/lv_gc.c ****  *
   4:Drivers/lvgl/src/misc/lv_gc.c ****  */
   5:Drivers/lvgl/src/misc/lv_gc.c **** 
   6:Drivers/lvgl/src/misc/lv_gc.c **** /*********************
   7:Drivers/lvgl/src/misc/lv_gc.c ****  *      INCLUDES
   8:Drivers/lvgl/src/misc/lv_gc.c ****  *********************/
   9:Drivers/lvgl/src/misc/lv_gc.c **** #include "lv_gc.h"
  10:Drivers/lvgl/src/misc/lv_gc.c **** 
  11:Drivers/lvgl/src/misc/lv_gc.c **** /*********************
  12:Drivers/lvgl/src/misc/lv_gc.c ****  *      DEFINES
  13:Drivers/lvgl/src/misc/lv_gc.c ****  *********************/
  14:Drivers/lvgl/src/misc/lv_gc.c **** 
  15:Drivers/lvgl/src/misc/lv_gc.c **** /**********************
  16:Drivers/lvgl/src/misc/lv_gc.c ****  *      TYPEDEFS
  17:Drivers/lvgl/src/misc/lv_gc.c ****  **********************/
  18:Drivers/lvgl/src/misc/lv_gc.c **** 
  19:Drivers/lvgl/src/misc/lv_gc.c **** /**********************
  20:Drivers/lvgl/src/misc/lv_gc.c ****  *  STATIC PROTOTYPES
  21:Drivers/lvgl/src/misc/lv_gc.c ****  **********************/
  22:Drivers/lvgl/src/misc/lv_gc.c **** 
  23:Drivers/lvgl/src/misc/lv_gc.c **** /**********************
  24:Drivers/lvgl/src/misc/lv_gc.c ****  *  STATIC VARIABLES
  25:Drivers/lvgl/src/misc/lv_gc.c ****  **********************/
  26:Drivers/lvgl/src/misc/lv_gc.c **** 
  27:Drivers/lvgl/src/misc/lv_gc.c **** #if(!defined(LV_ENABLE_GC)) || LV_ENABLE_GC == 0
  28:Drivers/lvgl/src/misc/lv_gc.c ****     LV_ROOTS
  29:Drivers/lvgl/src/misc/lv_gc.c **** #endif /*LV_ENABLE_GC*/
  30:Drivers/lvgl/src/misc/lv_gc.c **** 
ARM GAS  /var/folders/0z/tsy30v1j4xl4_7kw94k978ww0000gn/T//ccOxoLSW.s 			page 2


  31:Drivers/lvgl/src/misc/lv_gc.c **** /**********************
  32:Drivers/lvgl/src/misc/lv_gc.c ****  *      MACROS
  33:Drivers/lvgl/src/misc/lv_gc.c ****  **********************/
  34:Drivers/lvgl/src/misc/lv_gc.c **** 
  35:Drivers/lvgl/src/misc/lv_gc.c **** /**********************
  36:Drivers/lvgl/src/misc/lv_gc.c ****  *   GLOBAL FUNCTIONS
  37:Drivers/lvgl/src/misc/lv_gc.c ****  **********************/
  38:Drivers/lvgl/src/misc/lv_gc.c **** 
  39:Drivers/lvgl/src/misc/lv_gc.c **** void _lv_gc_clear_roots(void)
  40:Drivers/lvgl/src/misc/lv_gc.c **** {
  29              		.loc 1 40 1 view -0
  30              		.cfi_startproc
  31              		@ args = 0, pretend = 0, frame = 0
  32              		@ frame_needed = 0, uses_anonymous_args = 0
  33 0000 08B5     		push	{r3, lr}
  34              		.cfi_def_cfa_offset 8
  35              		.cfi_offset 3, -8
  36              		.cfi_offset 14, -4
  41:Drivers/lvgl/src/misc/lv_gc.c **** #define LV_CLEAR_ROOT(root_type, root_name) lv_memset_00(&LV_GC_ROOT(root_name), sizeof(LV_GC_ROOT(
  42:Drivers/lvgl/src/misc/lv_gc.c ****     LV_ITERATE_ROOTS(LV_CLEAR_ROOT)
  37              		.loc 1 42 5 view .LVU1
  38 0002 0C21     		movs	r1, #12
  39 0004 2348     		ldr	r0, .L3
  40 0006 FFF7FEFF 		bl	lv_memset_00
  41              	.LVL0:
  42              		.loc 1 42 5 view .LVU2
  43 000a 0C21     		movs	r1, #12
  44 000c 2248     		ldr	r0, .L3+4
  45 000e FFF7FEFF 		bl	lv_memset_00
  46              	.LVL1:
  47              		.loc 1 42 5 view .LVU3
  48 0012 0C21     		movs	r1, #12
  49 0014 2148     		ldr	r0, .L3+8
  50 0016 FFF7FEFF 		bl	lv_memset_00
  51              	.LVL2:
  52              		.loc 1 42 5 view .LVU4
  53 001a 0C21     		movs	r1, #12
  54 001c 2048     		ldr	r0, .L3+12
  55 001e FFF7FEFF 		bl	lv_memset_00
  56              	.LVL3:
  57              		.loc 1 42 5 view .LVU5
  58 0022 0C21     		movs	r1, #12
  59 0024 1F48     		ldr	r0, .L3+16
  60 0026 FFF7FEFF 		bl	lv_memset_00
  61              	.LVL4:
  62              		.loc 1 42 5 view .LVU6
  63 002a 0C21     		movs	r1, #12
  64 002c 1E48     		ldr	r0, .L3+20
  65 002e FFF7FEFF 		bl	lv_memset_00
  66              	.LVL5:
  67              		.loc 1 42 5 view .LVU7
  68 0032 0C21     		movs	r1, #12
  69 0034 1D48     		ldr	r0, .L3+24
  70 0036 FFF7FEFF 		bl	lv_memset_00
  71              	.LVL6:
  72              		.loc 1 42 5 view .LVU8
  73 003a 0C21     		movs	r1, #12
ARM GAS  /var/folders/0z/tsy30v1j4xl4_7kw94k978ww0000gn/T//ccOxoLSW.s 			page 3


  74 003c 1C48     		ldr	r0, .L3+28
  75 003e FFF7FEFF 		bl	lv_memset_00
  76              	.LVL7:
  77              		.loc 1 42 5 view .LVU9
  78 0042 0421     		movs	r1, #4
  79 0044 1B48     		ldr	r0, .L3+32
  80 0046 FFF7FEFF 		bl	lv_memset_00
  81              	.LVL8:
  82              		.loc 1 42 5 view .LVU10
  83 004a 2C21     		movs	r1, #44
  84 004c 1A48     		ldr	r0, .L3+36
  85 004e FFF7FEFF 		bl	lv_memset_00
  86              	.LVL9:
  87              		.loc 1 42 5 view .LVU11
  88 0052 0421     		movs	r1, #4
  89 0054 1948     		ldr	r0, .L3+40
  90 0056 FFF7FEFF 		bl	lv_memset_00
  91              	.LVL10:
  92              		.loc 1 42 5 view .LVU12
  93 005a 8021     		movs	r1, #128
  94 005c 1848     		ldr	r0, .L3+44
  95 005e FFF7FEFF 		bl	lv_memset_00
  96              	.LVL11:
  97              		.loc 1 42 5 view .LVU13
  98 0062 7021     		movs	r1, #112
  99 0064 1748     		ldr	r0, .L3+48
 100 0066 FFF7FEFF 		bl	lv_memset_00
 101              	.LVL12:
 102              		.loc 1 42 5 view .LVU14
 103 006a 8021     		movs	r1, #128
 104 006c 1648     		ldr	r0, .L3+52
 105 006e FFF7FEFF 		bl	lv_memset_00
 106              	.LVL13:
 107              		.loc 1 42 5 view .LVU15
 108 0072 0421     		movs	r1, #4
 109 0074 1548     		ldr	r0, .L3+56
 110 0076 FFF7FEFF 		bl	lv_memset_00
 111              	.LVL14:
 112              		.loc 1 42 5 view .LVU16
 113 007a 0421     		movs	r1, #4
 114 007c 1448     		ldr	r0, .L3+60
 115 007e FFF7FEFF 		bl	lv_memset_00
 116              	.LVL15:
 117              		.loc 1 42 5 view .LVU17
 118 0082 0421     		movs	r1, #4
 119 0084 1348     		ldr	r0, .L3+64
 120 0086 FFF7FEFF 		bl	lv_memset_00
 121              	.LVL16:
 122              		.loc 1 42 5 view .LVU18
 123 008a 0421     		movs	r1, #4
 124 008c 1248     		ldr	r0, .L3+68
 125 008e FFF7FEFF 		bl	lv_memset_00
 126              	.LVL17:
  43:Drivers/lvgl/src/misc/lv_gc.c **** }
 127              		.loc 1 43 1 is_stmt 0 view .LVU19
 128 0092 08BD     		pop	{r3, pc}
 129              	.L4:
ARM GAS  /var/folders/0z/tsy30v1j4xl4_7kw94k978ww0000gn/T//ccOxoLSW.s 			page 4


 130              		.align	2
 131              	.L3:
 132 0094 00000000 		.word	.LANCHOR0
 133 0098 00000000 		.word	.LANCHOR1
 134 009c 00000000 		.word	.LANCHOR2
 135 00a0 00000000 		.word	.LANCHOR3
 136 00a4 00000000 		.word	.LANCHOR4
 137 00a8 00000000 		.word	.LANCHOR5
 138 00ac 00000000 		.word	.LANCHOR6
 139 00b0 00000000 		.word	.LANCHOR7
 140 00b4 00000000 		.word	.LANCHOR8
 141 00b8 00000000 		.word	.LANCHOR9
 142 00bc 00000000 		.word	.LANCHOR10
 143 00c0 00000000 		.word	.LANCHOR11
 144 00c4 00000000 		.word	.LANCHOR12
 145 00c8 00000000 		.word	.LANCHOR13
 146 00cc 00000000 		.word	.LANCHOR14
 147 00d0 00000000 		.word	.LANCHOR15
 148 00d4 00000000 		.word	.LANCHOR16
 149 00d8 00000000 		.word	.LANCHOR17
 150              		.cfi_endproc
 151              	.LFE24:
 153              		.global	_lv_style_custom_prop_flag_lookup_table
 154              		.global	_lv_grad_cache_mem
 155              		.global	_lv_theme_basic_styles
 156              		.global	_lv_theme_default_styles
 157              		.global	_lv_draw_mask_list
 158              		.global	_lv_circle_cache
 159              		.global	lv_mem_buf
 160              		.global	_lv_timer_act
 161              		.global	_lv_img_cache_single
 162              		.global	_lv_layout_list
 163              		.global	_lv_obj_style_trans_ll
 164              		.global	_lv_img_decoder_ll
 165              		.global	_lv_group_ll
 166              		.global	_lv_anim_ll
 167              		.global	_lv_fsdrv_ll
 168              		.global	_lv_indev_ll
 169              		.global	_lv_disp_ll
 170              		.global	_lv_timer_ll
 171              		.section	.bss._lv_anim_ll,"aw",%nobits
 172              		.align	2
 173              		.set	.LANCHOR4,. + 0
 176              	_lv_anim_ll:
 177 0000 00000000 		.space	12
 177      00000000 
 177      00000000 
 178              		.section	.bss._lv_circle_cache,"aw",%nobits
 179              		.align	2
 180              		.set	.LANCHOR12,. + 0
 183              	_lv_circle_cache:
 184 0000 00000000 		.space	112
 184      00000000 
 184      00000000 
 184      00000000 
 184      00000000 
 185              		.section	.bss._lv_disp_ll,"aw",%nobits
ARM GAS  /var/folders/0z/tsy30v1j4xl4_7kw94k978ww0000gn/T//ccOxoLSW.s 			page 5


 186              		.align	2
 187              		.set	.LANCHOR1,. + 0
 190              	_lv_disp_ll:
 191 0000 00000000 		.space	12
 191      00000000 
 191      00000000 
 192              		.section	.bss._lv_draw_mask_list,"aw",%nobits
 193              		.align	2
 194              		.set	.LANCHOR13,. + 0
 197              	_lv_draw_mask_list:
 198 0000 00000000 		.space	128
 198      00000000 
 198      00000000 
 198      00000000 
 198      00000000 
 199              		.section	.bss._lv_fsdrv_ll,"aw",%nobits
 200              		.align	2
 201              		.set	.LANCHOR3,. + 0
 204              	_lv_fsdrv_ll:
 205 0000 00000000 		.space	12
 205      00000000 
 205      00000000 
 206              		.section	.bss._lv_grad_cache_mem,"aw",%nobits
 207              		.align	2
 208              		.set	.LANCHOR16,. + 0
 211              	_lv_grad_cache_mem:
 212 0000 00000000 		.space	4
 213              		.section	.bss._lv_group_ll,"aw",%nobits
 214              		.align	2
 215              		.set	.LANCHOR5,. + 0
 218              	_lv_group_ll:
 219 0000 00000000 		.space	12
 219      00000000 
 219      00000000 
 220              		.section	.bss._lv_img_cache_single,"aw",%nobits
 221              		.align	2
 222              		.set	.LANCHOR9,. + 0
 225              	_lv_img_cache_single:
 226 0000 00000000 		.space	44
 226      00000000 
 226      00000000 
 226      00000000 
 226      00000000 
 227              		.section	.bss._lv_img_decoder_ll,"aw",%nobits
 228              		.align	2
 229              		.set	.LANCHOR6,. + 0
 232              	_lv_img_decoder_ll:
 233 0000 00000000 		.space	12
 233      00000000 
 233      00000000 
 234              		.section	.bss._lv_indev_ll,"aw",%nobits
 235              		.align	2
 236              		.set	.LANCHOR2,. + 0
 239              	_lv_indev_ll:
 240 0000 00000000 		.space	12
 240      00000000 
 240      00000000 
ARM GAS  /var/folders/0z/tsy30v1j4xl4_7kw94k978ww0000gn/T//ccOxoLSW.s 			page 6


 241              		.section	.bss._lv_layout_list,"aw",%nobits
 242              		.align	2
 243              		.set	.LANCHOR8,. + 0
 246              	_lv_layout_list:
 247 0000 00000000 		.space	4
 248              		.section	.bss._lv_obj_style_trans_ll,"aw",%nobits
 249              		.align	2
 250              		.set	.LANCHOR7,. + 0
 253              	_lv_obj_style_trans_ll:
 254 0000 00000000 		.space	12
 254      00000000 
 254      00000000 
 255              		.section	.bss._lv_style_custom_prop_flag_lookup_table,"aw",%nobits
 256              		.align	2
 257              		.set	.LANCHOR17,. + 0
 260              	_lv_style_custom_prop_flag_lookup_table:
 261 0000 00000000 		.space	4
 262              		.section	.bss._lv_theme_basic_styles,"aw",%nobits
 263              		.align	2
 264              		.set	.LANCHOR15,. + 0
 267              	_lv_theme_basic_styles:
 268 0000 00000000 		.space	4
 269              		.section	.bss._lv_theme_default_styles,"aw",%nobits
 270              		.align	2
 271              		.set	.LANCHOR14,. + 0
 274              	_lv_theme_default_styles:
 275 0000 00000000 		.space	4
 276              		.section	.bss._lv_timer_act,"aw",%nobits
 277              		.align	2
 278              		.set	.LANCHOR10,. + 0
 281              	_lv_timer_act:
 282 0000 00000000 		.space	4
 283              		.section	.bss._lv_timer_ll,"aw",%nobits
 284              		.align	2
 285              		.set	.LANCHOR0,. + 0
 288              	_lv_timer_ll:
 289 0000 00000000 		.space	12
 289      00000000 
 289      00000000 
 290              		.section	.bss.lv_mem_buf,"aw",%nobits
 291              		.align	2
 292              		.set	.LANCHOR11,. + 0
 295              	lv_mem_buf:
 296 0000 00000000 		.space	128
 296      00000000 
 296      00000000 
 296      00000000 
 296      00000000 
 297              		.text
 298              	.Letext0:
 299              		.file 2 "/Users/johannes/Library/Application Support/Code/User/globalStorage/bmd.stm32-for-vscode/
 300              		.file 3 "/Users/johannes/Library/Application Support/Code/User/globalStorage/bmd.stm32-for-vscode/
 301              		.file 4 "/Users/johannes/Library/Application Support/Code/User/globalStorage/bmd.stm32-for-vscode/
 302              		.file 5 "Drivers/lvgl/src/misc/lv_types.h"
 303              		.file 6 "Drivers/lvgl/src/misc/lv_mem.h"
 304              		.file 7 "Drivers/lvgl/src/misc/lv_ll.h"
 305              		.file 8 "Drivers/lvgl/src/misc/lv_timer.h"
ARM GAS  /var/folders/0z/tsy30v1j4xl4_7kw94k978ww0000gn/T//ccOxoLSW.s 			page 7


 306              		.file 9 "Drivers/lvgl/src/misc/../draw/../misc/lv_color.h"
 307              		.file 10 "Drivers/lvgl/src/misc/../draw/../misc/lv_area.h"
 308              		.file 11 "Drivers/lvgl/src/misc/../draw/lv_img_buf.h"
 309              		.file 12 "Drivers/lvgl/src/misc/../draw/lv_img_decoder.h"
 310              		.file 13 "Drivers/lvgl/src/misc/../draw/lv_img_cache.h"
 311              		.file 14 "Drivers/lvgl/src/misc/../draw/lv_draw_mask.h"
 312              		.file 15 "Drivers/lvgl/src/misc/../core/lv_obj_pos.h"
 313              		.file 16 "Drivers/lvgl/src/misc/lv_gc.h"
ARM GAS  /var/folders/0z/tsy30v1j4xl4_7kw94k978ww0000gn/T//ccOxoLSW.s 			page 8


DEFINED SYMBOLS
                            *ABS*:0000000000000000 lv_gc.c
/var/folders/0z/tsy30v1j4xl4_7kw94k978ww0000gn/T//ccOxoLSW.s:20     .text._lv_gc_clear_roots:0000000000000000 $t
/var/folders/0z/tsy30v1j4xl4_7kw94k978ww0000gn/T//ccOxoLSW.s:26     .text._lv_gc_clear_roots:0000000000000000 _lv_gc_clear_roots
/var/folders/0z/tsy30v1j4xl4_7kw94k978ww0000gn/T//ccOxoLSW.s:132    .text._lv_gc_clear_roots:0000000000000094 $d
/var/folders/0z/tsy30v1j4xl4_7kw94k978ww0000gn/T//ccOxoLSW.s:260    .bss._lv_style_custom_prop_flag_lookup_table:0000000000000000 _lv_style_custom_prop_flag_lookup_table
/var/folders/0z/tsy30v1j4xl4_7kw94k978ww0000gn/T//ccOxoLSW.s:211    .bss._lv_grad_cache_mem:0000000000000000 _lv_grad_cache_mem
/var/folders/0z/tsy30v1j4xl4_7kw94k978ww0000gn/T//ccOxoLSW.s:267    .bss._lv_theme_basic_styles:0000000000000000 _lv_theme_basic_styles
/var/folders/0z/tsy30v1j4xl4_7kw94k978ww0000gn/T//ccOxoLSW.s:274    .bss._lv_theme_default_styles:0000000000000000 _lv_theme_default_styles
/var/folders/0z/tsy30v1j4xl4_7kw94k978ww0000gn/T//ccOxoLSW.s:197    .bss._lv_draw_mask_list:0000000000000000 _lv_draw_mask_list
/var/folders/0z/tsy30v1j4xl4_7kw94k978ww0000gn/T//ccOxoLSW.s:183    .bss._lv_circle_cache:0000000000000000 _lv_circle_cache
/var/folders/0z/tsy30v1j4xl4_7kw94k978ww0000gn/T//ccOxoLSW.s:295    .bss.lv_mem_buf:0000000000000000 lv_mem_buf
/var/folders/0z/tsy30v1j4xl4_7kw94k978ww0000gn/T//ccOxoLSW.s:281    .bss._lv_timer_act:0000000000000000 _lv_timer_act
/var/folders/0z/tsy30v1j4xl4_7kw94k978ww0000gn/T//ccOxoLSW.s:225    .bss._lv_img_cache_single:0000000000000000 _lv_img_cache_single
/var/folders/0z/tsy30v1j4xl4_7kw94k978ww0000gn/T//ccOxoLSW.s:246    .bss._lv_layout_list:0000000000000000 _lv_layout_list
/var/folders/0z/tsy30v1j4xl4_7kw94k978ww0000gn/T//ccOxoLSW.s:253    .bss._lv_obj_style_trans_ll:0000000000000000 _lv_obj_style_trans_ll
/var/folders/0z/tsy30v1j4xl4_7kw94k978ww0000gn/T//ccOxoLSW.s:232    .bss._lv_img_decoder_ll:0000000000000000 _lv_img_decoder_ll
/var/folders/0z/tsy30v1j4xl4_7kw94k978ww0000gn/T//ccOxoLSW.s:218    .bss._lv_group_ll:0000000000000000 _lv_group_ll
/var/folders/0z/tsy30v1j4xl4_7kw94k978ww0000gn/T//ccOxoLSW.s:176    .bss._lv_anim_ll:0000000000000000 _lv_anim_ll
/var/folders/0z/tsy30v1j4xl4_7kw94k978ww0000gn/T//ccOxoLSW.s:204    .bss._lv_fsdrv_ll:0000000000000000 _lv_fsdrv_ll
/var/folders/0z/tsy30v1j4xl4_7kw94k978ww0000gn/T//ccOxoLSW.s:239    .bss._lv_indev_ll:0000000000000000 _lv_indev_ll
/var/folders/0z/tsy30v1j4xl4_7kw94k978ww0000gn/T//ccOxoLSW.s:190    .bss._lv_disp_ll:0000000000000000 _lv_disp_ll
/var/folders/0z/tsy30v1j4xl4_7kw94k978ww0000gn/T//ccOxoLSW.s:288    .bss._lv_timer_ll:0000000000000000 _lv_timer_ll
/var/folders/0z/tsy30v1j4xl4_7kw94k978ww0000gn/T//ccOxoLSW.s:172    .bss._lv_anim_ll:0000000000000000 $d
/var/folders/0z/tsy30v1j4xl4_7kw94k978ww0000gn/T//ccOxoLSW.s:179    .bss._lv_circle_cache:0000000000000000 $d
/var/folders/0z/tsy30v1j4xl4_7kw94k978ww0000gn/T//ccOxoLSW.s:186    .bss._lv_disp_ll:0000000000000000 $d
/var/folders/0z/tsy30v1j4xl4_7kw94k978ww0000gn/T//ccOxoLSW.s:193    .bss._lv_draw_mask_list:0000000000000000 $d
/var/folders/0z/tsy30v1j4xl4_7kw94k978ww0000gn/T//ccOxoLSW.s:200    .bss._lv_fsdrv_ll:0000000000000000 $d
/var/folders/0z/tsy30v1j4xl4_7kw94k978ww0000gn/T//ccOxoLSW.s:207    .bss._lv_grad_cache_mem:0000000000000000 $d
/var/folders/0z/tsy30v1j4xl4_7kw94k978ww0000gn/T//ccOxoLSW.s:214    .bss._lv_group_ll:0000000000000000 $d
/var/folders/0z/tsy30v1j4xl4_7kw94k978ww0000gn/T//ccOxoLSW.s:221    .bss._lv_img_cache_single:0000000000000000 $d
/var/folders/0z/tsy30v1j4xl4_7kw94k978ww0000gn/T//ccOxoLSW.s:228    .bss._lv_img_decoder_ll:0000000000000000 $d
/var/folders/0z/tsy30v1j4xl4_7kw94k978ww0000gn/T//ccOxoLSW.s:235    .bss._lv_indev_ll:0000000000000000 $d
/var/folders/0z/tsy30v1j4xl4_7kw94k978ww0000gn/T//ccOxoLSW.s:242    .bss._lv_layout_list:0000000000000000 $d
/var/folders/0z/tsy30v1j4xl4_7kw94k978ww0000gn/T//ccOxoLSW.s:249    .bss._lv_obj_style_trans_ll:0000000000000000 $d
/var/folders/0z/tsy30v1j4xl4_7kw94k978ww0000gn/T//ccOxoLSW.s:256    .bss._lv_style_custom_prop_flag_lookup_table:0000000000000000 $d
/var/folders/0z/tsy30v1j4xl4_7kw94k978ww0000gn/T//ccOxoLSW.s:263    .bss._lv_theme_basic_styles:0000000000000000 $d
/var/folders/0z/tsy30v1j4xl4_7kw94k978ww0000gn/T//ccOxoLSW.s:270    .bss._lv_theme_default_styles:0000000000000000 $d
/var/folders/0z/tsy30v1j4xl4_7kw94k978ww0000gn/T//ccOxoLSW.s:277    .bss._lv_timer_act:0000000000000000 $d
/var/folders/0z/tsy30v1j4xl4_7kw94k978ww0000gn/T//ccOxoLSW.s:284    .bss._lv_timer_ll:0000000000000000 $d
/var/folders/0z/tsy30v1j4xl4_7kw94k978ww0000gn/T//ccOxoLSW.s:291    .bss.lv_mem_buf:0000000000000000 $d

UNDEFINED SYMBOLS
lv_memset_00
