ARM GAS  /var/folders/0z/tsy30v1j4xl4_7kw94k978ww0000gn/T//ccolnnfa.s 			page 1


   1              		.cpu cortex-m4
   2              		.arch armv7e-m
   3              		.fpu fpv4-sp-d16
   4              		.eabi_attribute 27, 1
   5              		.eabi_attribute 28, 1
   6              		.eabi_attribute 20, 1
   7              		.eabi_attribute 21, 1
   8              		.eabi_attribute 23, 3
   9              		.eabi_attribute 24, 1
  10              		.eabi_attribute 25, 1
  11              		.eabi_attribute 26, 1
  12              		.eabi_attribute 30, 1
  13              		.eabi_attribute 34, 1
  14              		.eabi_attribute 18, 4
  15              		.file	"lv_line.c"
  16              		.text
  17              	.Ltext0:
  18              		.cfi_sections	.debug_frame
  19              		.section	.text.lv_line_event,"ax",%progbits
  20              		.align	1
  21              		.syntax unified
  22              		.thumb
  23              		.thumb_func
  25              	lv_line_event:
  26              	.LVL0:
  27              	.LFB166:
  28              		.file 1 "Drivers/lvgl/src/widgets/lv_line.c"
   1:Drivers/lvgl/src/widgets/lv_line.c **** /**
   2:Drivers/lvgl/src/widgets/lv_line.c ****  * @file lv_line.c
   3:Drivers/lvgl/src/widgets/lv_line.c ****  *
   4:Drivers/lvgl/src/widgets/lv_line.c ****  */
   5:Drivers/lvgl/src/widgets/lv_line.c **** 
   6:Drivers/lvgl/src/widgets/lv_line.c **** /*********************
   7:Drivers/lvgl/src/widgets/lv_line.c ****  *      INCLUDES
   8:Drivers/lvgl/src/widgets/lv_line.c ****  *********************/
   9:Drivers/lvgl/src/widgets/lv_line.c **** #include "lv_line.h"
  10:Drivers/lvgl/src/widgets/lv_line.c **** 
  11:Drivers/lvgl/src/widgets/lv_line.c **** #if LV_USE_LINE != 0
  12:Drivers/lvgl/src/widgets/lv_line.c **** #include "../misc/lv_assert.h"
  13:Drivers/lvgl/src/widgets/lv_line.c **** #include "../draw/lv_draw.h"
  14:Drivers/lvgl/src/widgets/lv_line.c **** #include "../misc/lv_math.h"
  15:Drivers/lvgl/src/widgets/lv_line.c **** #include <stdbool.h>
  16:Drivers/lvgl/src/widgets/lv_line.c **** #include <stdint.h>
  17:Drivers/lvgl/src/widgets/lv_line.c **** #include <string.h>
  18:Drivers/lvgl/src/widgets/lv_line.c **** 
  19:Drivers/lvgl/src/widgets/lv_line.c **** /*********************
  20:Drivers/lvgl/src/widgets/lv_line.c ****  *      DEFINES
  21:Drivers/lvgl/src/widgets/lv_line.c ****  *********************/
  22:Drivers/lvgl/src/widgets/lv_line.c **** #define MY_CLASS &lv_line_class
  23:Drivers/lvgl/src/widgets/lv_line.c **** 
  24:Drivers/lvgl/src/widgets/lv_line.c **** /**********************
  25:Drivers/lvgl/src/widgets/lv_line.c ****  *      TYPEDEFS
  26:Drivers/lvgl/src/widgets/lv_line.c ****  **********************/
  27:Drivers/lvgl/src/widgets/lv_line.c **** 
  28:Drivers/lvgl/src/widgets/lv_line.c **** /**********************
  29:Drivers/lvgl/src/widgets/lv_line.c ****  *  STATIC PROTOTYPES
  30:Drivers/lvgl/src/widgets/lv_line.c ****  **********************/
ARM GAS  /var/folders/0z/tsy30v1j4xl4_7kw94k978ww0000gn/T//ccolnnfa.s 			page 2


  31:Drivers/lvgl/src/widgets/lv_line.c **** static void lv_line_constructor(const lv_obj_class_t * class_p, lv_obj_t * obj);
  32:Drivers/lvgl/src/widgets/lv_line.c **** static void lv_line_event(const lv_obj_class_t * class_p, lv_event_t * e);
  33:Drivers/lvgl/src/widgets/lv_line.c **** 
  34:Drivers/lvgl/src/widgets/lv_line.c **** /**********************
  35:Drivers/lvgl/src/widgets/lv_line.c ****  *  STATIC VARIABLES
  36:Drivers/lvgl/src/widgets/lv_line.c ****  **********************/
  37:Drivers/lvgl/src/widgets/lv_line.c **** const lv_obj_class_t lv_line_class = {
  38:Drivers/lvgl/src/widgets/lv_line.c ****     .constructor_cb = lv_line_constructor,
  39:Drivers/lvgl/src/widgets/lv_line.c ****     .event_cb = lv_line_event,
  40:Drivers/lvgl/src/widgets/lv_line.c ****     .width_def = LV_SIZE_CONTENT,
  41:Drivers/lvgl/src/widgets/lv_line.c ****     .height_def = LV_SIZE_CONTENT,
  42:Drivers/lvgl/src/widgets/lv_line.c ****     .instance_size = sizeof(lv_line_t),
  43:Drivers/lvgl/src/widgets/lv_line.c ****     .base_class = &lv_obj_class
  44:Drivers/lvgl/src/widgets/lv_line.c **** };
  45:Drivers/lvgl/src/widgets/lv_line.c **** 
  46:Drivers/lvgl/src/widgets/lv_line.c **** /**********************
  47:Drivers/lvgl/src/widgets/lv_line.c ****  *      MACROS
  48:Drivers/lvgl/src/widgets/lv_line.c ****  **********************/
  49:Drivers/lvgl/src/widgets/lv_line.c **** 
  50:Drivers/lvgl/src/widgets/lv_line.c **** /**********************
  51:Drivers/lvgl/src/widgets/lv_line.c ****  *   GLOBAL FUNCTIONS
  52:Drivers/lvgl/src/widgets/lv_line.c ****  **********************/
  53:Drivers/lvgl/src/widgets/lv_line.c **** 
  54:Drivers/lvgl/src/widgets/lv_line.c **** lv_obj_t * lv_line_create(lv_obj_t * parent)
  55:Drivers/lvgl/src/widgets/lv_line.c **** {
  56:Drivers/lvgl/src/widgets/lv_line.c ****     LV_LOG_INFO("begin");
  57:Drivers/lvgl/src/widgets/lv_line.c ****     lv_obj_t * obj = lv_obj_class_create_obj(MY_CLASS, parent);
  58:Drivers/lvgl/src/widgets/lv_line.c ****     lv_obj_class_init_obj(obj);
  59:Drivers/lvgl/src/widgets/lv_line.c ****     return obj;
  60:Drivers/lvgl/src/widgets/lv_line.c **** }
  61:Drivers/lvgl/src/widgets/lv_line.c **** 
  62:Drivers/lvgl/src/widgets/lv_line.c **** /*=====================
  63:Drivers/lvgl/src/widgets/lv_line.c ****  * Setter functions
  64:Drivers/lvgl/src/widgets/lv_line.c ****  *====================*/
  65:Drivers/lvgl/src/widgets/lv_line.c **** 
  66:Drivers/lvgl/src/widgets/lv_line.c **** void lv_line_set_points(lv_obj_t * obj, const lv_point_t points[], uint16_t point_num)
  67:Drivers/lvgl/src/widgets/lv_line.c **** {
  68:Drivers/lvgl/src/widgets/lv_line.c ****     LV_ASSERT_OBJ(obj, MY_CLASS);
  69:Drivers/lvgl/src/widgets/lv_line.c **** 
  70:Drivers/lvgl/src/widgets/lv_line.c ****     lv_line_t * line = (lv_line_t *)obj;
  71:Drivers/lvgl/src/widgets/lv_line.c ****     line->point_array    = points;
  72:Drivers/lvgl/src/widgets/lv_line.c ****     line->point_num      = point_num;
  73:Drivers/lvgl/src/widgets/lv_line.c **** 
  74:Drivers/lvgl/src/widgets/lv_line.c ****     lv_obj_refresh_self_size(obj);
  75:Drivers/lvgl/src/widgets/lv_line.c **** 
  76:Drivers/lvgl/src/widgets/lv_line.c ****     lv_obj_invalidate(obj);
  77:Drivers/lvgl/src/widgets/lv_line.c **** }
  78:Drivers/lvgl/src/widgets/lv_line.c **** 
  79:Drivers/lvgl/src/widgets/lv_line.c **** void lv_line_set_y_invert(lv_obj_t * obj, bool en)
  80:Drivers/lvgl/src/widgets/lv_line.c **** {
  81:Drivers/lvgl/src/widgets/lv_line.c ****     LV_ASSERT_OBJ(obj, MY_CLASS);
  82:Drivers/lvgl/src/widgets/lv_line.c **** 
  83:Drivers/lvgl/src/widgets/lv_line.c ****     lv_line_t * line = (lv_line_t *)obj;
  84:Drivers/lvgl/src/widgets/lv_line.c ****     if(line->y_inv == en) return;
  85:Drivers/lvgl/src/widgets/lv_line.c **** 
  86:Drivers/lvgl/src/widgets/lv_line.c ****     line->y_inv = en ? 1U : 0U;
  87:Drivers/lvgl/src/widgets/lv_line.c **** 
ARM GAS  /var/folders/0z/tsy30v1j4xl4_7kw94k978ww0000gn/T//ccolnnfa.s 			page 3


  88:Drivers/lvgl/src/widgets/lv_line.c ****     lv_obj_invalidate(obj);
  89:Drivers/lvgl/src/widgets/lv_line.c **** }
  90:Drivers/lvgl/src/widgets/lv_line.c **** 
  91:Drivers/lvgl/src/widgets/lv_line.c **** /*=====================
  92:Drivers/lvgl/src/widgets/lv_line.c ****  * Getter functions
  93:Drivers/lvgl/src/widgets/lv_line.c ****  *====================*/
  94:Drivers/lvgl/src/widgets/lv_line.c **** 
  95:Drivers/lvgl/src/widgets/lv_line.c **** bool lv_line_get_y_invert(const lv_obj_t * obj)
  96:Drivers/lvgl/src/widgets/lv_line.c **** {
  97:Drivers/lvgl/src/widgets/lv_line.c ****     LV_ASSERT_OBJ(obj, MY_CLASS);
  98:Drivers/lvgl/src/widgets/lv_line.c **** 
  99:Drivers/lvgl/src/widgets/lv_line.c ****     lv_line_t * line = (lv_line_t *)obj;
 100:Drivers/lvgl/src/widgets/lv_line.c **** 
 101:Drivers/lvgl/src/widgets/lv_line.c ****     return line->y_inv == 1U;
 102:Drivers/lvgl/src/widgets/lv_line.c **** }
 103:Drivers/lvgl/src/widgets/lv_line.c **** 
 104:Drivers/lvgl/src/widgets/lv_line.c **** /**********************
 105:Drivers/lvgl/src/widgets/lv_line.c ****  *   STATIC FUNCTIONS
 106:Drivers/lvgl/src/widgets/lv_line.c ****  **********************/
 107:Drivers/lvgl/src/widgets/lv_line.c **** 
 108:Drivers/lvgl/src/widgets/lv_line.c **** static void lv_line_constructor(const lv_obj_class_t * class_p, lv_obj_t * obj)
 109:Drivers/lvgl/src/widgets/lv_line.c **** {
 110:Drivers/lvgl/src/widgets/lv_line.c ****     LV_UNUSED(class_p);
 111:Drivers/lvgl/src/widgets/lv_line.c ****     LV_TRACE_OBJ_CREATE("begin");
 112:Drivers/lvgl/src/widgets/lv_line.c **** 
 113:Drivers/lvgl/src/widgets/lv_line.c ****     lv_line_t * line = (lv_line_t *)obj;
 114:Drivers/lvgl/src/widgets/lv_line.c **** 
 115:Drivers/lvgl/src/widgets/lv_line.c ****     line->point_num   = 0;
 116:Drivers/lvgl/src/widgets/lv_line.c ****     line->point_array = NULL;
 117:Drivers/lvgl/src/widgets/lv_line.c ****     line->y_inv       = 0;
 118:Drivers/lvgl/src/widgets/lv_line.c **** 
 119:Drivers/lvgl/src/widgets/lv_line.c ****     lv_obj_clear_flag(obj, LV_OBJ_FLAG_CLICKABLE);
 120:Drivers/lvgl/src/widgets/lv_line.c **** 
 121:Drivers/lvgl/src/widgets/lv_line.c ****     LV_TRACE_OBJ_CREATE("finished");
 122:Drivers/lvgl/src/widgets/lv_line.c **** }
 123:Drivers/lvgl/src/widgets/lv_line.c **** 
 124:Drivers/lvgl/src/widgets/lv_line.c **** static void lv_line_event(const lv_obj_class_t * class_p, lv_event_t * e)
 125:Drivers/lvgl/src/widgets/lv_line.c **** {
  29              		.loc 1 125 1 view -0
  30              		.cfi_startproc
  31              		@ args = 0, pretend = 0, frame = 32
  32              		@ frame_needed = 0, uses_anonymous_args = 0
  33              		.loc 1 125 1 is_stmt 0 view .LVU1
  34 0000 2DE9F043 		push	{r4, r5, r6, r7, r8, r9, lr}
  35              		.cfi_def_cfa_offset 28
  36              		.cfi_offset 4, -28
  37              		.cfi_offset 5, -24
  38              		.cfi_offset 6, -20
  39              		.cfi_offset 7, -16
  40              		.cfi_offset 8, -12
  41              		.cfi_offset 9, -8
  42              		.cfi_offset 14, -4
  43 0004 89B0     		sub	sp, sp, #36
  44              		.cfi_def_cfa_offset 64
  45 0006 0C46     		mov	r4, r1
 126:Drivers/lvgl/src/widgets/lv_line.c ****     LV_UNUSED(class_p);
  46              		.loc 1 126 5 is_stmt 1 view .LVU2
ARM GAS  /var/folders/0z/tsy30v1j4xl4_7kw94k978ww0000gn/T//ccolnnfa.s 			page 4


 127:Drivers/lvgl/src/widgets/lv_line.c **** 
 128:Drivers/lvgl/src/widgets/lv_line.c ****     lv_res_t res;
  47              		.loc 1 128 5 view .LVU3
 129:Drivers/lvgl/src/widgets/lv_line.c **** 
 130:Drivers/lvgl/src/widgets/lv_line.c ****     /*Call the ancestor's event handler*/
 131:Drivers/lvgl/src/widgets/lv_line.c ****     res = lv_obj_event_base(MY_CLASS, e);
  48              		.loc 1 131 5 view .LVU4
  49              		.loc 1 131 11 is_stmt 0 view .LVU5
  50 0008 5C48     		ldr	r0, .L17
  51              	.LVL1:
  52              		.loc 1 131 11 view .LVU6
  53 000a FFF7FEFF 		bl	lv_obj_event_base
  54              	.LVL2:
 132:Drivers/lvgl/src/widgets/lv_line.c ****     if(res != LV_RES_OK) return;
  55              		.loc 1 132 5 is_stmt 1 view .LVU7
  56              		.loc 1 132 7 is_stmt 0 view .LVU8
  57 000e 0128     		cmp	r0, #1
  58 0010 02D0     		beq	.L14
  59              	.LVL3:
  60              	.L1:
 133:Drivers/lvgl/src/widgets/lv_line.c **** 
 134:Drivers/lvgl/src/widgets/lv_line.c ****     lv_event_code_t code = lv_event_get_code(e);
 135:Drivers/lvgl/src/widgets/lv_line.c ****     lv_obj_t * obj = lv_event_get_target(e);
 136:Drivers/lvgl/src/widgets/lv_line.c **** 
 137:Drivers/lvgl/src/widgets/lv_line.c ****     if(code == LV_EVENT_REFR_EXT_DRAW_SIZE) {
 138:Drivers/lvgl/src/widgets/lv_line.c ****         /*The corner of the skew lines is out of the intended area*/
 139:Drivers/lvgl/src/widgets/lv_line.c ****         lv_coord_t line_width = lv_obj_get_style_line_width(obj, LV_PART_MAIN);
 140:Drivers/lvgl/src/widgets/lv_line.c ****         lv_coord_t * s = lv_event_get_param(e);
 141:Drivers/lvgl/src/widgets/lv_line.c ****         if(*s < line_width) *s = line_width;
 142:Drivers/lvgl/src/widgets/lv_line.c ****     }
 143:Drivers/lvgl/src/widgets/lv_line.c ****     else if(code == LV_EVENT_GET_SELF_SIZE) {
 144:Drivers/lvgl/src/widgets/lv_line.c ****         lv_line_t * line = (lv_line_t *)obj;
 145:Drivers/lvgl/src/widgets/lv_line.c **** 
 146:Drivers/lvgl/src/widgets/lv_line.c ****         if(line->point_num == 0 || line->point_array == NULL) return;
 147:Drivers/lvgl/src/widgets/lv_line.c **** 
 148:Drivers/lvgl/src/widgets/lv_line.c ****         lv_point_t * p = lv_event_get_param(e);
 149:Drivers/lvgl/src/widgets/lv_line.c ****         lv_coord_t w = 0;
 150:Drivers/lvgl/src/widgets/lv_line.c ****         lv_coord_t h = 0;
 151:Drivers/lvgl/src/widgets/lv_line.c **** 
 152:Drivers/lvgl/src/widgets/lv_line.c ****         uint16_t i;
 153:Drivers/lvgl/src/widgets/lv_line.c ****         for(i = 0; i < line->point_num; i++) {
 154:Drivers/lvgl/src/widgets/lv_line.c ****             w = LV_MAX(line->point_array[i].x, w);
 155:Drivers/lvgl/src/widgets/lv_line.c ****             h = LV_MAX(line->point_array[i].y, h);
 156:Drivers/lvgl/src/widgets/lv_line.c ****         }
 157:Drivers/lvgl/src/widgets/lv_line.c **** 
 158:Drivers/lvgl/src/widgets/lv_line.c ****         lv_coord_t line_width = lv_obj_get_style_line_width(obj, LV_PART_MAIN);
 159:Drivers/lvgl/src/widgets/lv_line.c ****         w += line_width;
 160:Drivers/lvgl/src/widgets/lv_line.c ****         h += line_width;
 161:Drivers/lvgl/src/widgets/lv_line.c ****         p->x = w;
 162:Drivers/lvgl/src/widgets/lv_line.c ****         p->y = h;
 163:Drivers/lvgl/src/widgets/lv_line.c ****     }
 164:Drivers/lvgl/src/widgets/lv_line.c ****     else if(code == LV_EVENT_DRAW_MAIN) {
 165:Drivers/lvgl/src/widgets/lv_line.c ****         lv_line_t * line = (lv_line_t *)obj;
 166:Drivers/lvgl/src/widgets/lv_line.c ****         lv_draw_ctx_t * draw_ctx = lv_event_get_draw_ctx(e);
 167:Drivers/lvgl/src/widgets/lv_line.c **** 
 168:Drivers/lvgl/src/widgets/lv_line.c ****         if(line->point_num == 0 || line->point_array == NULL) return;
 169:Drivers/lvgl/src/widgets/lv_line.c **** 
ARM GAS  /var/folders/0z/tsy30v1j4xl4_7kw94k978ww0000gn/T//ccolnnfa.s 			page 5


 170:Drivers/lvgl/src/widgets/lv_line.c ****         lv_area_t area;
 171:Drivers/lvgl/src/widgets/lv_line.c ****         lv_obj_get_coords(obj, &area);
 172:Drivers/lvgl/src/widgets/lv_line.c ****         lv_coord_t x_ofs = area.x1 - lv_obj_get_scroll_x(obj);
 173:Drivers/lvgl/src/widgets/lv_line.c ****         lv_coord_t y_ofs = area.y1 - lv_obj_get_scroll_y(obj);
 174:Drivers/lvgl/src/widgets/lv_line.c ****         lv_coord_t h = lv_obj_get_height(obj);
 175:Drivers/lvgl/src/widgets/lv_line.c **** 
 176:Drivers/lvgl/src/widgets/lv_line.c ****         lv_draw_line_dsc_t line_dsc;
 177:Drivers/lvgl/src/widgets/lv_line.c ****         lv_draw_line_dsc_init(&line_dsc);
 178:Drivers/lvgl/src/widgets/lv_line.c ****         lv_obj_init_draw_line_dsc(obj, LV_PART_MAIN, &line_dsc);
 179:Drivers/lvgl/src/widgets/lv_line.c **** 
 180:Drivers/lvgl/src/widgets/lv_line.c ****         /*Read all points and draw the lines*/
 181:Drivers/lvgl/src/widgets/lv_line.c ****         uint16_t i;
 182:Drivers/lvgl/src/widgets/lv_line.c ****         for(i = 0; i < line->point_num - 1; i++) {
 183:Drivers/lvgl/src/widgets/lv_line.c ****             lv_point_t p1;
 184:Drivers/lvgl/src/widgets/lv_line.c ****             lv_point_t p2;
 185:Drivers/lvgl/src/widgets/lv_line.c ****             p1.x = line->point_array[i].x + x_ofs;
 186:Drivers/lvgl/src/widgets/lv_line.c ****             p2.x = line->point_array[i + 1].x + x_ofs;
 187:Drivers/lvgl/src/widgets/lv_line.c **** 
 188:Drivers/lvgl/src/widgets/lv_line.c ****             if(line->y_inv == 0) {
 189:Drivers/lvgl/src/widgets/lv_line.c ****                 p1.y = line->point_array[i].y + y_ofs;
 190:Drivers/lvgl/src/widgets/lv_line.c ****                 p2.y = line->point_array[i + 1].y + y_ofs;
 191:Drivers/lvgl/src/widgets/lv_line.c ****             }
 192:Drivers/lvgl/src/widgets/lv_line.c ****             else {
 193:Drivers/lvgl/src/widgets/lv_line.c ****                 p1.y = h - line->point_array[i].y + y_ofs;
 194:Drivers/lvgl/src/widgets/lv_line.c ****                 p2.y = h - line->point_array[i + 1].y + y_ofs;
 195:Drivers/lvgl/src/widgets/lv_line.c ****             }
 196:Drivers/lvgl/src/widgets/lv_line.c ****             lv_draw_line(draw_ctx, &line_dsc, &p1, &p2);
 197:Drivers/lvgl/src/widgets/lv_line.c ****             line_dsc.round_start = 0;   /*Draw the rounding only on the end points after the first 
 198:Drivers/lvgl/src/widgets/lv_line.c ****         }
 199:Drivers/lvgl/src/widgets/lv_line.c ****     }
 200:Drivers/lvgl/src/widgets/lv_line.c **** }
  61              		.loc 1 200 1 view .LVU9
  62 0012 09B0     		add	sp, sp, #36
  63              		.cfi_remember_state
  64              		.cfi_def_cfa_offset 28
  65              		@ sp needed
  66 0014 BDE8F083 		pop	{r4, r5, r6, r7, r8, r9, pc}
  67              	.LVL4:
  68              	.L14:
  69              		.cfi_restore_state
 134:Drivers/lvgl/src/widgets/lv_line.c ****     lv_obj_t * obj = lv_event_get_target(e);
  70              		.loc 1 134 5 is_stmt 1 view .LVU10
 134:Drivers/lvgl/src/widgets/lv_line.c ****     lv_obj_t * obj = lv_event_get_target(e);
  71              		.loc 1 134 28 is_stmt 0 view .LVU11
  72 0018 2046     		mov	r0, r4
  73              	.LVL5:
 134:Drivers/lvgl/src/widgets/lv_line.c ****     lv_obj_t * obj = lv_event_get_target(e);
  74              		.loc 1 134 28 view .LVU12
  75 001a FFF7FEFF 		bl	lv_event_get_code
  76              	.LVL6:
  77 001e 0646     		mov	r6, r0
  78              	.LVL7:
 135:Drivers/lvgl/src/widgets/lv_line.c **** 
  79              		.loc 1 135 5 is_stmt 1 view .LVU13
 135:Drivers/lvgl/src/widgets/lv_line.c **** 
  80              		.loc 1 135 22 is_stmt 0 view .LVU14
  81 0020 2046     		mov	r0, r4
ARM GAS  /var/folders/0z/tsy30v1j4xl4_7kw94k978ww0000gn/T//ccolnnfa.s 			page 6


  82 0022 FFF7FEFF 		bl	lv_event_get_target
  83              	.LVL8:
  84 0026 0546     		mov	r5, r0
  85              	.LVL9:
 137:Drivers/lvgl/src/widgets/lv_line.c ****         /*The corner of the skew lines is out of the intended area*/
  86              		.loc 1 137 5 is_stmt 1 view .LVU15
 137:Drivers/lvgl/src/widgets/lv_line.c ****         /*The corner of the skew lines is out of the intended area*/
  87              		.loc 1 137 7 is_stmt 0 view .LVU16
  88 0028 132E     		cmp	r6, #19
  89 002a 2FD0     		beq	.L15
 143:Drivers/lvgl/src/widgets/lv_line.c ****         lv_line_t * line = (lv_line_t *)obj;
  90              		.loc 1 143 10 is_stmt 1 view .LVU17
 143:Drivers/lvgl/src/widgets/lv_line.c ****         lv_line_t * line = (lv_line_t *)obj;
  91              		.loc 1 143 12 is_stmt 0 view .LVU18
  92 002c 2C2E     		cmp	r6, #44
  93 002e 3BD0     		beq	.L16
 164:Drivers/lvgl/src/widgets/lv_line.c ****         lv_line_t * line = (lv_line_t *)obj;
  94              		.loc 1 164 10 is_stmt 1 view .LVU19
 164:Drivers/lvgl/src/widgets/lv_line.c ****         lv_line_t * line = (lv_line_t *)obj;
  95              		.loc 1 164 12 is_stmt 0 view .LVU20
  96 0030 152E     		cmp	r6, #21
  97 0032 EED1     		bne	.L1
  98              	.LBB10:
 165:Drivers/lvgl/src/widgets/lv_line.c ****         lv_draw_ctx_t * draw_ctx = lv_event_get_draw_ctx(e);
  99              		.loc 1 165 9 is_stmt 1 view .LVU21
 100              	.LVL10:
 166:Drivers/lvgl/src/widgets/lv_line.c **** 
 101              		.loc 1 166 9 view .LVU22
 166:Drivers/lvgl/src/widgets/lv_line.c **** 
 102              		.loc 1 166 36 is_stmt 0 view .LVU23
 103 0034 2046     		mov	r0, r4
 104              	.LVL11:
 166:Drivers/lvgl/src/widgets/lv_line.c **** 
 105              		.loc 1 166 36 view .LVU24
 106 0036 FFF7FEFF 		bl	lv_event_get_draw_ctx
 107              	.LVL12:
 108 003a 8046     		mov	r8, r0
 109              	.LVL13:
 168:Drivers/lvgl/src/widgets/lv_line.c **** 
 110              		.loc 1 168 9 is_stmt 1 view .LVU25
 168:Drivers/lvgl/src/widgets/lv_line.c **** 
 111              		.loc 1 168 16 is_stmt 0 view .LVU26
 112 003c 2B8D     		ldrh	r3, [r5, #40]
 168:Drivers/lvgl/src/widgets/lv_line.c **** 
 113              		.loc 1 168 11 view .LVU27
 114 003e 002B     		cmp	r3, #0
 115 0040 E7D0     		beq	.L1
 168:Drivers/lvgl/src/widgets/lv_line.c **** 
 116              		.loc 1 168 40 discriminator 2 view .LVU28
 117 0042 6B6A     		ldr	r3, [r5, #36]
 168:Drivers/lvgl/src/widgets/lv_line.c **** 
 118              		.loc 1 168 33 discriminator 2 view .LVU29
 119 0044 002B     		cmp	r3, #0
 120 0046 E4D0     		beq	.L1
 170:Drivers/lvgl/src/widgets/lv_line.c ****         lv_obj_get_coords(obj, &area);
 121              		.loc 1 170 9 is_stmt 1 view .LVU30
 171:Drivers/lvgl/src/widgets/lv_line.c ****         lv_coord_t x_ofs = area.x1 - lv_obj_get_scroll_x(obj);
ARM GAS  /var/folders/0z/tsy30v1j4xl4_7kw94k978ww0000gn/T//ccolnnfa.s 			page 7


 122              		.loc 1 171 9 view .LVU31
 123 0048 03A9     		add	r1, sp, #12
 124 004a 2846     		mov	r0, r5
 125              	.LVL14:
 171:Drivers/lvgl/src/widgets/lv_line.c ****         lv_coord_t x_ofs = area.x1 - lv_obj_get_scroll_x(obj);
 126              		.loc 1 171 9 is_stmt 0 view .LVU32
 127 004c FFF7FEFF 		bl	lv_obj_get_coords
 128              	.LVL15:
 172:Drivers/lvgl/src/widgets/lv_line.c ****         lv_coord_t y_ofs = area.y1 - lv_obj_get_scroll_y(obj);
 129              		.loc 1 172 9 is_stmt 1 view .LVU33
 172:Drivers/lvgl/src/widgets/lv_line.c ****         lv_coord_t y_ofs = area.y1 - lv_obj_get_scroll_y(obj);
 130              		.loc 1 172 32 is_stmt 0 view .LVU34
 131 0050 BDF80C60 		ldrh	r6, [sp, #12]
 132              	.LVL16:
 172:Drivers/lvgl/src/widgets/lv_line.c ****         lv_coord_t y_ofs = area.y1 - lv_obj_get_scroll_y(obj);
 133              		.loc 1 172 38 view .LVU35
 134 0054 2846     		mov	r0, r5
 135 0056 FFF7FEFF 		bl	lv_obj_get_scroll_x
 136              	.LVL17:
 137 005a 80B2     		uxth	r0, r0
 172:Drivers/lvgl/src/widgets/lv_line.c ****         lv_coord_t y_ofs = area.y1 - lv_obj_get_scroll_y(obj);
 138              		.loc 1 172 36 view .LVU36
 139 005c 361A     		subs	r6, r6, r0
 140 005e B6B2     		uxth	r6, r6
 141              	.LVL18:
 173:Drivers/lvgl/src/widgets/lv_line.c ****         lv_coord_t h = lv_obj_get_height(obj);
 142              		.loc 1 173 9 is_stmt 1 view .LVU37
 173:Drivers/lvgl/src/widgets/lv_line.c ****         lv_coord_t h = lv_obj_get_height(obj);
 143              		.loc 1 173 32 is_stmt 0 view .LVU38
 144 0060 BDF80E70 		ldrh	r7, [sp, #14]
 173:Drivers/lvgl/src/widgets/lv_line.c ****         lv_coord_t h = lv_obj_get_height(obj);
 145              		.loc 1 173 38 view .LVU39
 146 0064 2846     		mov	r0, r5
 147 0066 FFF7FEFF 		bl	lv_obj_get_scroll_y
 148              	.LVL19:
 149 006a 80B2     		uxth	r0, r0
 173:Drivers/lvgl/src/widgets/lv_line.c ****         lv_coord_t h = lv_obj_get_height(obj);
 150              		.loc 1 173 36 view .LVU40
 151 006c 3F1A     		subs	r7, r7, r0
 152 006e BFB2     		uxth	r7, r7
 153              	.LVL20:
 174:Drivers/lvgl/src/widgets/lv_line.c **** 
 154              		.loc 1 174 9 is_stmt 1 view .LVU41
 174:Drivers/lvgl/src/widgets/lv_line.c **** 
 155              		.loc 1 174 24 is_stmt 0 view .LVU42
 156 0070 2846     		mov	r0, r5
 157 0072 FFF7FEFF 		bl	lv_obj_get_height
 158              	.LVL21:
 159 0076 8146     		mov	r9, r0
 160              	.LVL22:
 176:Drivers/lvgl/src/widgets/lv_line.c ****         lv_draw_line_dsc_init(&line_dsc);
 161              		.loc 1 176 9 is_stmt 1 view .LVU43
 177:Drivers/lvgl/src/widgets/lv_line.c ****         lv_obj_init_draw_line_dsc(obj, LV_PART_MAIN, &line_dsc);
 162              		.loc 1 177 9 view .LVU44
 163 0078 05A8     		add	r0, sp, #20
 164 007a FFF7FEFF 		bl	lv_draw_line_dsc_init
 165              	.LVL23:
ARM GAS  /var/folders/0z/tsy30v1j4xl4_7kw94k978ww0000gn/T//ccolnnfa.s 			page 8


 178:Drivers/lvgl/src/widgets/lv_line.c **** 
 166              		.loc 1 178 9 view .LVU45
 167 007e 05AA     		add	r2, sp, #20
 168 0080 0021     		movs	r1, #0
 169 0082 2846     		mov	r0, r5
 170 0084 FFF7FEFF 		bl	lv_obj_init_draw_line_dsc
 171              	.LVL24:
 181:Drivers/lvgl/src/widgets/lv_line.c ****         for(i = 0; i < line->point_num - 1; i++) {
 172              		.loc 1 181 9 view .LVU46
 182:Drivers/lvgl/src/widgets/lv_line.c ****             lv_point_t p1;
 173              		.loc 1 182 9 view .LVU47
 182:Drivers/lvgl/src/widgets/lv_line.c ****             lv_point_t p1;
 174              		.loc 1 182 15 is_stmt 0 view .LVU48
 175 0088 0024     		movs	r4, #0
 176              	.LVL25:
 182:Drivers/lvgl/src/widgets/lv_line.c ****             lv_point_t p1;
 177              		.loc 1 182 9 view .LVU49
 178 008a 54E0     		b	.L9
 179              	.LVL26:
 180              	.L15:
 182:Drivers/lvgl/src/widgets/lv_line.c ****             lv_point_t p1;
 181              		.loc 1 182 9 view .LVU50
 182              	.LBE10:
 183              	.LBB13:
 139:Drivers/lvgl/src/widgets/lv_line.c ****         lv_coord_t * s = lv_event_get_param(e);
 184              		.loc 1 139 9 is_stmt 1 view .LVU51
 185              	.LBB14:
 186              	.LBI14:
 187              		.file 2 "Drivers/lvgl/src/widgets/../core/lv_obj_style_gen.h"
   1:Drivers/lvgl/src/widgets/../core/lv_obj_style_gen.h **** static inline lv_coord_t lv_obj_get_style_width(const struct _lv_obj_t * obj, uint32_t part)
   2:Drivers/lvgl/src/widgets/../core/lv_obj_style_gen.h **** {
   3:Drivers/lvgl/src/widgets/../core/lv_obj_style_gen.h ****     lv_style_value_t v = lv_obj_get_style_prop(obj, part, LV_STYLE_WIDTH);
   4:Drivers/lvgl/src/widgets/../core/lv_obj_style_gen.h ****     return (lv_coord_t)v.num;
   5:Drivers/lvgl/src/widgets/../core/lv_obj_style_gen.h **** }
   6:Drivers/lvgl/src/widgets/../core/lv_obj_style_gen.h **** 
   7:Drivers/lvgl/src/widgets/../core/lv_obj_style_gen.h **** static inline lv_coord_t lv_obj_get_style_min_width(const struct _lv_obj_t * obj, uint32_t part)
   8:Drivers/lvgl/src/widgets/../core/lv_obj_style_gen.h **** {
   9:Drivers/lvgl/src/widgets/../core/lv_obj_style_gen.h ****     lv_style_value_t v = lv_obj_get_style_prop(obj, part, LV_STYLE_MIN_WIDTH);
  10:Drivers/lvgl/src/widgets/../core/lv_obj_style_gen.h ****     return (lv_coord_t)v.num;
  11:Drivers/lvgl/src/widgets/../core/lv_obj_style_gen.h **** }
  12:Drivers/lvgl/src/widgets/../core/lv_obj_style_gen.h **** 
  13:Drivers/lvgl/src/widgets/../core/lv_obj_style_gen.h **** static inline lv_coord_t lv_obj_get_style_max_width(const struct _lv_obj_t * obj, uint32_t part)
  14:Drivers/lvgl/src/widgets/../core/lv_obj_style_gen.h **** {
  15:Drivers/lvgl/src/widgets/../core/lv_obj_style_gen.h ****     lv_style_value_t v = lv_obj_get_style_prop(obj, part, LV_STYLE_MAX_WIDTH);
  16:Drivers/lvgl/src/widgets/../core/lv_obj_style_gen.h ****     return (lv_coord_t)v.num;
  17:Drivers/lvgl/src/widgets/../core/lv_obj_style_gen.h **** }
  18:Drivers/lvgl/src/widgets/../core/lv_obj_style_gen.h **** 
  19:Drivers/lvgl/src/widgets/../core/lv_obj_style_gen.h **** static inline lv_coord_t lv_obj_get_style_height(const struct _lv_obj_t * obj, uint32_t part)
  20:Drivers/lvgl/src/widgets/../core/lv_obj_style_gen.h **** {
  21:Drivers/lvgl/src/widgets/../core/lv_obj_style_gen.h ****     lv_style_value_t v = lv_obj_get_style_prop(obj, part, LV_STYLE_HEIGHT);
  22:Drivers/lvgl/src/widgets/../core/lv_obj_style_gen.h ****     return (lv_coord_t)v.num;
  23:Drivers/lvgl/src/widgets/../core/lv_obj_style_gen.h **** }
  24:Drivers/lvgl/src/widgets/../core/lv_obj_style_gen.h **** 
  25:Drivers/lvgl/src/widgets/../core/lv_obj_style_gen.h **** static inline lv_coord_t lv_obj_get_style_min_height(const struct _lv_obj_t * obj, uint32_t part)
  26:Drivers/lvgl/src/widgets/../core/lv_obj_style_gen.h **** {
  27:Drivers/lvgl/src/widgets/../core/lv_obj_style_gen.h ****     lv_style_value_t v = lv_obj_get_style_prop(obj, part, LV_STYLE_MIN_HEIGHT);
  28:Drivers/lvgl/src/widgets/../core/lv_obj_style_gen.h ****     return (lv_coord_t)v.num;
ARM GAS  /var/folders/0z/tsy30v1j4xl4_7kw94k978ww0000gn/T//ccolnnfa.s 			page 9


  29:Drivers/lvgl/src/widgets/../core/lv_obj_style_gen.h **** }
  30:Drivers/lvgl/src/widgets/../core/lv_obj_style_gen.h **** 
  31:Drivers/lvgl/src/widgets/../core/lv_obj_style_gen.h **** static inline lv_coord_t lv_obj_get_style_max_height(const struct _lv_obj_t * obj, uint32_t part)
  32:Drivers/lvgl/src/widgets/../core/lv_obj_style_gen.h **** {
  33:Drivers/lvgl/src/widgets/../core/lv_obj_style_gen.h ****     lv_style_value_t v = lv_obj_get_style_prop(obj, part, LV_STYLE_MAX_HEIGHT);
  34:Drivers/lvgl/src/widgets/../core/lv_obj_style_gen.h ****     return (lv_coord_t)v.num;
  35:Drivers/lvgl/src/widgets/../core/lv_obj_style_gen.h **** }
  36:Drivers/lvgl/src/widgets/../core/lv_obj_style_gen.h **** 
  37:Drivers/lvgl/src/widgets/../core/lv_obj_style_gen.h **** static inline lv_coord_t lv_obj_get_style_x(const struct _lv_obj_t * obj, uint32_t part)
  38:Drivers/lvgl/src/widgets/../core/lv_obj_style_gen.h **** {
  39:Drivers/lvgl/src/widgets/../core/lv_obj_style_gen.h ****     lv_style_value_t v = lv_obj_get_style_prop(obj, part, LV_STYLE_X);
  40:Drivers/lvgl/src/widgets/../core/lv_obj_style_gen.h ****     return (lv_coord_t)v.num;
  41:Drivers/lvgl/src/widgets/../core/lv_obj_style_gen.h **** }
  42:Drivers/lvgl/src/widgets/../core/lv_obj_style_gen.h **** 
  43:Drivers/lvgl/src/widgets/../core/lv_obj_style_gen.h **** static inline lv_coord_t lv_obj_get_style_y(const struct _lv_obj_t * obj, uint32_t part)
  44:Drivers/lvgl/src/widgets/../core/lv_obj_style_gen.h **** {
  45:Drivers/lvgl/src/widgets/../core/lv_obj_style_gen.h ****     lv_style_value_t v = lv_obj_get_style_prop(obj, part, LV_STYLE_Y);
  46:Drivers/lvgl/src/widgets/../core/lv_obj_style_gen.h ****     return (lv_coord_t)v.num;
  47:Drivers/lvgl/src/widgets/../core/lv_obj_style_gen.h **** }
  48:Drivers/lvgl/src/widgets/../core/lv_obj_style_gen.h **** 
  49:Drivers/lvgl/src/widgets/../core/lv_obj_style_gen.h **** static inline lv_align_t lv_obj_get_style_align(const struct _lv_obj_t * obj, uint32_t part)
  50:Drivers/lvgl/src/widgets/../core/lv_obj_style_gen.h **** {
  51:Drivers/lvgl/src/widgets/../core/lv_obj_style_gen.h ****     lv_style_value_t v = lv_obj_get_style_prop(obj, part, LV_STYLE_ALIGN);
  52:Drivers/lvgl/src/widgets/../core/lv_obj_style_gen.h ****     return (lv_align_t)v.num;
  53:Drivers/lvgl/src/widgets/../core/lv_obj_style_gen.h **** }
  54:Drivers/lvgl/src/widgets/../core/lv_obj_style_gen.h **** 
  55:Drivers/lvgl/src/widgets/../core/lv_obj_style_gen.h **** static inline lv_coord_t lv_obj_get_style_transform_width(const struct _lv_obj_t * obj, uint32_t pa
  56:Drivers/lvgl/src/widgets/../core/lv_obj_style_gen.h **** {
  57:Drivers/lvgl/src/widgets/../core/lv_obj_style_gen.h ****     lv_style_value_t v = lv_obj_get_style_prop(obj, part, LV_STYLE_TRANSFORM_WIDTH);
  58:Drivers/lvgl/src/widgets/../core/lv_obj_style_gen.h ****     return (lv_coord_t)v.num;
  59:Drivers/lvgl/src/widgets/../core/lv_obj_style_gen.h **** }
  60:Drivers/lvgl/src/widgets/../core/lv_obj_style_gen.h **** 
  61:Drivers/lvgl/src/widgets/../core/lv_obj_style_gen.h **** static inline lv_coord_t lv_obj_get_style_transform_height(const struct _lv_obj_t * obj, uint32_t p
  62:Drivers/lvgl/src/widgets/../core/lv_obj_style_gen.h **** {
  63:Drivers/lvgl/src/widgets/../core/lv_obj_style_gen.h ****     lv_style_value_t v = lv_obj_get_style_prop(obj, part, LV_STYLE_TRANSFORM_HEIGHT);
  64:Drivers/lvgl/src/widgets/../core/lv_obj_style_gen.h ****     return (lv_coord_t)v.num;
  65:Drivers/lvgl/src/widgets/../core/lv_obj_style_gen.h **** }
  66:Drivers/lvgl/src/widgets/../core/lv_obj_style_gen.h **** 
  67:Drivers/lvgl/src/widgets/../core/lv_obj_style_gen.h **** static inline lv_coord_t lv_obj_get_style_translate_x(const struct _lv_obj_t * obj, uint32_t part)
  68:Drivers/lvgl/src/widgets/../core/lv_obj_style_gen.h **** {
  69:Drivers/lvgl/src/widgets/../core/lv_obj_style_gen.h ****     lv_style_value_t v = lv_obj_get_style_prop(obj, part, LV_STYLE_TRANSLATE_X);
  70:Drivers/lvgl/src/widgets/../core/lv_obj_style_gen.h ****     return (lv_coord_t)v.num;
  71:Drivers/lvgl/src/widgets/../core/lv_obj_style_gen.h **** }
  72:Drivers/lvgl/src/widgets/../core/lv_obj_style_gen.h **** 
  73:Drivers/lvgl/src/widgets/../core/lv_obj_style_gen.h **** static inline lv_coord_t lv_obj_get_style_translate_y(const struct _lv_obj_t * obj, uint32_t part)
  74:Drivers/lvgl/src/widgets/../core/lv_obj_style_gen.h **** {
  75:Drivers/lvgl/src/widgets/../core/lv_obj_style_gen.h ****     lv_style_value_t v = lv_obj_get_style_prop(obj, part, LV_STYLE_TRANSLATE_Y);
  76:Drivers/lvgl/src/widgets/../core/lv_obj_style_gen.h ****     return (lv_coord_t)v.num;
  77:Drivers/lvgl/src/widgets/../core/lv_obj_style_gen.h **** }
  78:Drivers/lvgl/src/widgets/../core/lv_obj_style_gen.h **** 
  79:Drivers/lvgl/src/widgets/../core/lv_obj_style_gen.h **** static inline lv_coord_t lv_obj_get_style_transform_zoom(const struct _lv_obj_t * obj, uint32_t par
  80:Drivers/lvgl/src/widgets/../core/lv_obj_style_gen.h **** {
  81:Drivers/lvgl/src/widgets/../core/lv_obj_style_gen.h ****     lv_style_value_t v = lv_obj_get_style_prop(obj, part, LV_STYLE_TRANSFORM_ZOOM);
  82:Drivers/lvgl/src/widgets/../core/lv_obj_style_gen.h ****     return (lv_coord_t)v.num;
  83:Drivers/lvgl/src/widgets/../core/lv_obj_style_gen.h **** }
  84:Drivers/lvgl/src/widgets/../core/lv_obj_style_gen.h **** 
  85:Drivers/lvgl/src/widgets/../core/lv_obj_style_gen.h **** static inline lv_coord_t lv_obj_get_style_transform_angle(const struct _lv_obj_t * obj, uint32_t pa
ARM GAS  /var/folders/0z/tsy30v1j4xl4_7kw94k978ww0000gn/T//ccolnnfa.s 			page 10


  86:Drivers/lvgl/src/widgets/../core/lv_obj_style_gen.h **** {
  87:Drivers/lvgl/src/widgets/../core/lv_obj_style_gen.h ****     lv_style_value_t v = lv_obj_get_style_prop(obj, part, LV_STYLE_TRANSFORM_ANGLE);
  88:Drivers/lvgl/src/widgets/../core/lv_obj_style_gen.h ****     return (lv_coord_t)v.num;
  89:Drivers/lvgl/src/widgets/../core/lv_obj_style_gen.h **** }
  90:Drivers/lvgl/src/widgets/../core/lv_obj_style_gen.h **** 
  91:Drivers/lvgl/src/widgets/../core/lv_obj_style_gen.h **** static inline lv_coord_t lv_obj_get_style_transform_pivot_x(const struct _lv_obj_t * obj, uint32_t 
  92:Drivers/lvgl/src/widgets/../core/lv_obj_style_gen.h **** {
  93:Drivers/lvgl/src/widgets/../core/lv_obj_style_gen.h ****     lv_style_value_t v = lv_obj_get_style_prop(obj, part, LV_STYLE_TRANSFORM_PIVOT_X);
  94:Drivers/lvgl/src/widgets/../core/lv_obj_style_gen.h ****     return (lv_coord_t)v.num;
  95:Drivers/lvgl/src/widgets/../core/lv_obj_style_gen.h **** }
  96:Drivers/lvgl/src/widgets/../core/lv_obj_style_gen.h **** 
  97:Drivers/lvgl/src/widgets/../core/lv_obj_style_gen.h **** static inline lv_coord_t lv_obj_get_style_transform_pivot_y(const struct _lv_obj_t * obj, uint32_t 
  98:Drivers/lvgl/src/widgets/../core/lv_obj_style_gen.h **** {
  99:Drivers/lvgl/src/widgets/../core/lv_obj_style_gen.h ****     lv_style_value_t v = lv_obj_get_style_prop(obj, part, LV_STYLE_TRANSFORM_PIVOT_Y);
 100:Drivers/lvgl/src/widgets/../core/lv_obj_style_gen.h ****     return (lv_coord_t)v.num;
 101:Drivers/lvgl/src/widgets/../core/lv_obj_style_gen.h **** }
 102:Drivers/lvgl/src/widgets/../core/lv_obj_style_gen.h **** 
 103:Drivers/lvgl/src/widgets/../core/lv_obj_style_gen.h **** static inline lv_coord_t lv_obj_get_style_pad_top(const struct _lv_obj_t * obj, uint32_t part)
 104:Drivers/lvgl/src/widgets/../core/lv_obj_style_gen.h **** {
 105:Drivers/lvgl/src/widgets/../core/lv_obj_style_gen.h ****     lv_style_value_t v = lv_obj_get_style_prop(obj, part, LV_STYLE_PAD_TOP);
 106:Drivers/lvgl/src/widgets/../core/lv_obj_style_gen.h ****     return (lv_coord_t)v.num;
 107:Drivers/lvgl/src/widgets/../core/lv_obj_style_gen.h **** }
 108:Drivers/lvgl/src/widgets/../core/lv_obj_style_gen.h **** 
 109:Drivers/lvgl/src/widgets/../core/lv_obj_style_gen.h **** static inline lv_coord_t lv_obj_get_style_pad_bottom(const struct _lv_obj_t * obj, uint32_t part)
 110:Drivers/lvgl/src/widgets/../core/lv_obj_style_gen.h **** {
 111:Drivers/lvgl/src/widgets/../core/lv_obj_style_gen.h ****     lv_style_value_t v = lv_obj_get_style_prop(obj, part, LV_STYLE_PAD_BOTTOM);
 112:Drivers/lvgl/src/widgets/../core/lv_obj_style_gen.h ****     return (lv_coord_t)v.num;
 113:Drivers/lvgl/src/widgets/../core/lv_obj_style_gen.h **** }
 114:Drivers/lvgl/src/widgets/../core/lv_obj_style_gen.h **** 
 115:Drivers/lvgl/src/widgets/../core/lv_obj_style_gen.h **** static inline lv_coord_t lv_obj_get_style_pad_left(const struct _lv_obj_t * obj, uint32_t part)
 116:Drivers/lvgl/src/widgets/../core/lv_obj_style_gen.h **** {
 117:Drivers/lvgl/src/widgets/../core/lv_obj_style_gen.h ****     lv_style_value_t v = lv_obj_get_style_prop(obj, part, LV_STYLE_PAD_LEFT);
 118:Drivers/lvgl/src/widgets/../core/lv_obj_style_gen.h ****     return (lv_coord_t)v.num;
 119:Drivers/lvgl/src/widgets/../core/lv_obj_style_gen.h **** }
 120:Drivers/lvgl/src/widgets/../core/lv_obj_style_gen.h **** 
 121:Drivers/lvgl/src/widgets/../core/lv_obj_style_gen.h **** static inline lv_coord_t lv_obj_get_style_pad_right(const struct _lv_obj_t * obj, uint32_t part)
 122:Drivers/lvgl/src/widgets/../core/lv_obj_style_gen.h **** {
 123:Drivers/lvgl/src/widgets/../core/lv_obj_style_gen.h ****     lv_style_value_t v = lv_obj_get_style_prop(obj, part, LV_STYLE_PAD_RIGHT);
 124:Drivers/lvgl/src/widgets/../core/lv_obj_style_gen.h ****     return (lv_coord_t)v.num;
 125:Drivers/lvgl/src/widgets/../core/lv_obj_style_gen.h **** }
 126:Drivers/lvgl/src/widgets/../core/lv_obj_style_gen.h **** 
 127:Drivers/lvgl/src/widgets/../core/lv_obj_style_gen.h **** static inline lv_coord_t lv_obj_get_style_pad_row(const struct _lv_obj_t * obj, uint32_t part)
 128:Drivers/lvgl/src/widgets/../core/lv_obj_style_gen.h **** {
 129:Drivers/lvgl/src/widgets/../core/lv_obj_style_gen.h ****     lv_style_value_t v = lv_obj_get_style_prop(obj, part, LV_STYLE_PAD_ROW);
 130:Drivers/lvgl/src/widgets/../core/lv_obj_style_gen.h ****     return (lv_coord_t)v.num;
 131:Drivers/lvgl/src/widgets/../core/lv_obj_style_gen.h **** }
 132:Drivers/lvgl/src/widgets/../core/lv_obj_style_gen.h **** 
 133:Drivers/lvgl/src/widgets/../core/lv_obj_style_gen.h **** static inline lv_coord_t lv_obj_get_style_pad_column(const struct _lv_obj_t * obj, uint32_t part)
 134:Drivers/lvgl/src/widgets/../core/lv_obj_style_gen.h **** {
 135:Drivers/lvgl/src/widgets/../core/lv_obj_style_gen.h ****     lv_style_value_t v = lv_obj_get_style_prop(obj, part, LV_STYLE_PAD_COLUMN);
 136:Drivers/lvgl/src/widgets/../core/lv_obj_style_gen.h ****     return (lv_coord_t)v.num;
 137:Drivers/lvgl/src/widgets/../core/lv_obj_style_gen.h **** }
 138:Drivers/lvgl/src/widgets/../core/lv_obj_style_gen.h **** 
 139:Drivers/lvgl/src/widgets/../core/lv_obj_style_gen.h **** static inline lv_color_t lv_obj_get_style_bg_color(const struct _lv_obj_t * obj, uint32_t part)
 140:Drivers/lvgl/src/widgets/../core/lv_obj_style_gen.h **** {
 141:Drivers/lvgl/src/widgets/../core/lv_obj_style_gen.h ****     lv_style_value_t v = lv_obj_get_style_prop(obj, part, LV_STYLE_BG_COLOR);
 142:Drivers/lvgl/src/widgets/../core/lv_obj_style_gen.h ****     return v.color;
ARM GAS  /var/folders/0z/tsy30v1j4xl4_7kw94k978ww0000gn/T//ccolnnfa.s 			page 11


 143:Drivers/lvgl/src/widgets/../core/lv_obj_style_gen.h **** }
 144:Drivers/lvgl/src/widgets/../core/lv_obj_style_gen.h **** 
 145:Drivers/lvgl/src/widgets/../core/lv_obj_style_gen.h **** static inline lv_color_t lv_obj_get_style_bg_color_filtered(const struct _lv_obj_t * obj, uint32_t 
 146:Drivers/lvgl/src/widgets/../core/lv_obj_style_gen.h **** {
 147:Drivers/lvgl/src/widgets/../core/lv_obj_style_gen.h ****     lv_style_value_t v = _lv_obj_style_apply_color_filter(obj, part, lv_obj_get_style_prop(obj, par
 148:Drivers/lvgl/src/widgets/../core/lv_obj_style_gen.h ****     return v.color;
 149:Drivers/lvgl/src/widgets/../core/lv_obj_style_gen.h **** }
 150:Drivers/lvgl/src/widgets/../core/lv_obj_style_gen.h **** 
 151:Drivers/lvgl/src/widgets/../core/lv_obj_style_gen.h **** static inline lv_opa_t lv_obj_get_style_bg_opa(const struct _lv_obj_t * obj, uint32_t part)
 152:Drivers/lvgl/src/widgets/../core/lv_obj_style_gen.h **** {
 153:Drivers/lvgl/src/widgets/../core/lv_obj_style_gen.h ****     lv_style_value_t v = lv_obj_get_style_prop(obj, part, LV_STYLE_BG_OPA);
 154:Drivers/lvgl/src/widgets/../core/lv_obj_style_gen.h ****     return (lv_opa_t)v.num;
 155:Drivers/lvgl/src/widgets/../core/lv_obj_style_gen.h **** }
 156:Drivers/lvgl/src/widgets/../core/lv_obj_style_gen.h **** 
 157:Drivers/lvgl/src/widgets/../core/lv_obj_style_gen.h **** static inline lv_color_t lv_obj_get_style_bg_grad_color(const struct _lv_obj_t * obj, uint32_t part
 158:Drivers/lvgl/src/widgets/../core/lv_obj_style_gen.h **** {
 159:Drivers/lvgl/src/widgets/../core/lv_obj_style_gen.h ****     lv_style_value_t v = lv_obj_get_style_prop(obj, part, LV_STYLE_BG_GRAD_COLOR);
 160:Drivers/lvgl/src/widgets/../core/lv_obj_style_gen.h ****     return v.color;
 161:Drivers/lvgl/src/widgets/../core/lv_obj_style_gen.h **** }
 162:Drivers/lvgl/src/widgets/../core/lv_obj_style_gen.h **** 
 163:Drivers/lvgl/src/widgets/../core/lv_obj_style_gen.h **** static inline lv_color_t lv_obj_get_style_bg_grad_color_filtered(const struct _lv_obj_t * obj, uint
 164:Drivers/lvgl/src/widgets/../core/lv_obj_style_gen.h **** {
 165:Drivers/lvgl/src/widgets/../core/lv_obj_style_gen.h ****     lv_style_value_t v = _lv_obj_style_apply_color_filter(obj, part, lv_obj_get_style_prop(obj, par
 166:Drivers/lvgl/src/widgets/../core/lv_obj_style_gen.h ****     return v.color;
 167:Drivers/lvgl/src/widgets/../core/lv_obj_style_gen.h **** }
 168:Drivers/lvgl/src/widgets/../core/lv_obj_style_gen.h **** 
 169:Drivers/lvgl/src/widgets/../core/lv_obj_style_gen.h **** static inline lv_grad_dir_t lv_obj_get_style_bg_grad_dir(const struct _lv_obj_t * obj, uint32_t par
 170:Drivers/lvgl/src/widgets/../core/lv_obj_style_gen.h **** {
 171:Drivers/lvgl/src/widgets/../core/lv_obj_style_gen.h ****     lv_style_value_t v = lv_obj_get_style_prop(obj, part, LV_STYLE_BG_GRAD_DIR);
 172:Drivers/lvgl/src/widgets/../core/lv_obj_style_gen.h ****     return (lv_grad_dir_t)v.num;
 173:Drivers/lvgl/src/widgets/../core/lv_obj_style_gen.h **** }
 174:Drivers/lvgl/src/widgets/../core/lv_obj_style_gen.h **** 
 175:Drivers/lvgl/src/widgets/../core/lv_obj_style_gen.h **** static inline lv_coord_t lv_obj_get_style_bg_main_stop(const struct _lv_obj_t * obj, uint32_t part)
 176:Drivers/lvgl/src/widgets/../core/lv_obj_style_gen.h **** {
 177:Drivers/lvgl/src/widgets/../core/lv_obj_style_gen.h ****     lv_style_value_t v = lv_obj_get_style_prop(obj, part, LV_STYLE_BG_MAIN_STOP);
 178:Drivers/lvgl/src/widgets/../core/lv_obj_style_gen.h ****     return (lv_coord_t)v.num;
 179:Drivers/lvgl/src/widgets/../core/lv_obj_style_gen.h **** }
 180:Drivers/lvgl/src/widgets/../core/lv_obj_style_gen.h **** 
 181:Drivers/lvgl/src/widgets/../core/lv_obj_style_gen.h **** static inline lv_coord_t lv_obj_get_style_bg_grad_stop(const struct _lv_obj_t * obj, uint32_t part)
 182:Drivers/lvgl/src/widgets/../core/lv_obj_style_gen.h **** {
 183:Drivers/lvgl/src/widgets/../core/lv_obj_style_gen.h ****     lv_style_value_t v = lv_obj_get_style_prop(obj, part, LV_STYLE_BG_GRAD_STOP);
 184:Drivers/lvgl/src/widgets/../core/lv_obj_style_gen.h ****     return (lv_coord_t)v.num;
 185:Drivers/lvgl/src/widgets/../core/lv_obj_style_gen.h **** }
 186:Drivers/lvgl/src/widgets/../core/lv_obj_style_gen.h **** 
 187:Drivers/lvgl/src/widgets/../core/lv_obj_style_gen.h **** static inline const lv_grad_dsc_t * lv_obj_get_style_bg_grad(const struct _lv_obj_t * obj, uint32_t
 188:Drivers/lvgl/src/widgets/../core/lv_obj_style_gen.h **** {
 189:Drivers/lvgl/src/widgets/../core/lv_obj_style_gen.h ****     lv_style_value_t v = lv_obj_get_style_prop(obj, part, LV_STYLE_BG_GRAD);
 190:Drivers/lvgl/src/widgets/../core/lv_obj_style_gen.h ****     return (const lv_grad_dsc_t *)v.ptr;
 191:Drivers/lvgl/src/widgets/../core/lv_obj_style_gen.h **** }
 192:Drivers/lvgl/src/widgets/../core/lv_obj_style_gen.h **** 
 193:Drivers/lvgl/src/widgets/../core/lv_obj_style_gen.h **** static inline lv_dither_mode_t lv_obj_get_style_bg_dither_mode(const struct _lv_obj_t * obj, uint32
 194:Drivers/lvgl/src/widgets/../core/lv_obj_style_gen.h **** {
 195:Drivers/lvgl/src/widgets/../core/lv_obj_style_gen.h ****     lv_style_value_t v = lv_obj_get_style_prop(obj, part, LV_STYLE_BG_DITHER_MODE);
 196:Drivers/lvgl/src/widgets/../core/lv_obj_style_gen.h ****     return (lv_dither_mode_t)v.num;
 197:Drivers/lvgl/src/widgets/../core/lv_obj_style_gen.h **** }
 198:Drivers/lvgl/src/widgets/../core/lv_obj_style_gen.h **** 
 199:Drivers/lvgl/src/widgets/../core/lv_obj_style_gen.h **** static inline const void * lv_obj_get_style_bg_img_src(const struct _lv_obj_t * obj, uint32_t part)
ARM GAS  /var/folders/0z/tsy30v1j4xl4_7kw94k978ww0000gn/T//ccolnnfa.s 			page 12


 200:Drivers/lvgl/src/widgets/../core/lv_obj_style_gen.h **** {
 201:Drivers/lvgl/src/widgets/../core/lv_obj_style_gen.h ****     lv_style_value_t v = lv_obj_get_style_prop(obj, part, LV_STYLE_BG_IMG_SRC);
 202:Drivers/lvgl/src/widgets/../core/lv_obj_style_gen.h ****     return (const void *)v.ptr;
 203:Drivers/lvgl/src/widgets/../core/lv_obj_style_gen.h **** }
 204:Drivers/lvgl/src/widgets/../core/lv_obj_style_gen.h **** 
 205:Drivers/lvgl/src/widgets/../core/lv_obj_style_gen.h **** static inline lv_opa_t lv_obj_get_style_bg_img_opa(const struct _lv_obj_t * obj, uint32_t part)
 206:Drivers/lvgl/src/widgets/../core/lv_obj_style_gen.h **** {
 207:Drivers/lvgl/src/widgets/../core/lv_obj_style_gen.h ****     lv_style_value_t v = lv_obj_get_style_prop(obj, part, LV_STYLE_BG_IMG_OPA);
 208:Drivers/lvgl/src/widgets/../core/lv_obj_style_gen.h ****     return (lv_opa_t)v.num;
 209:Drivers/lvgl/src/widgets/../core/lv_obj_style_gen.h **** }
 210:Drivers/lvgl/src/widgets/../core/lv_obj_style_gen.h **** 
 211:Drivers/lvgl/src/widgets/../core/lv_obj_style_gen.h **** static inline lv_color_t lv_obj_get_style_bg_img_recolor(const struct _lv_obj_t * obj, uint32_t par
 212:Drivers/lvgl/src/widgets/../core/lv_obj_style_gen.h **** {
 213:Drivers/lvgl/src/widgets/../core/lv_obj_style_gen.h ****     lv_style_value_t v = lv_obj_get_style_prop(obj, part, LV_STYLE_BG_IMG_RECOLOR);
 214:Drivers/lvgl/src/widgets/../core/lv_obj_style_gen.h ****     return v.color;
 215:Drivers/lvgl/src/widgets/../core/lv_obj_style_gen.h **** }
 216:Drivers/lvgl/src/widgets/../core/lv_obj_style_gen.h **** 
 217:Drivers/lvgl/src/widgets/../core/lv_obj_style_gen.h **** static inline lv_color_t lv_obj_get_style_bg_img_recolor_filtered(const struct _lv_obj_t * obj, uin
 218:Drivers/lvgl/src/widgets/../core/lv_obj_style_gen.h **** {
 219:Drivers/lvgl/src/widgets/../core/lv_obj_style_gen.h ****     lv_style_value_t v = _lv_obj_style_apply_color_filter(obj, part, lv_obj_get_style_prop(obj, par
 220:Drivers/lvgl/src/widgets/../core/lv_obj_style_gen.h ****     return v.color;
 221:Drivers/lvgl/src/widgets/../core/lv_obj_style_gen.h **** }
 222:Drivers/lvgl/src/widgets/../core/lv_obj_style_gen.h **** 
 223:Drivers/lvgl/src/widgets/../core/lv_obj_style_gen.h **** static inline lv_opa_t lv_obj_get_style_bg_img_recolor_opa(const struct _lv_obj_t * obj, uint32_t p
 224:Drivers/lvgl/src/widgets/../core/lv_obj_style_gen.h **** {
 225:Drivers/lvgl/src/widgets/../core/lv_obj_style_gen.h ****     lv_style_value_t v = lv_obj_get_style_prop(obj, part, LV_STYLE_BG_IMG_RECOLOR_OPA);
 226:Drivers/lvgl/src/widgets/../core/lv_obj_style_gen.h ****     return (lv_opa_t)v.num;
 227:Drivers/lvgl/src/widgets/../core/lv_obj_style_gen.h **** }
 228:Drivers/lvgl/src/widgets/../core/lv_obj_style_gen.h **** 
 229:Drivers/lvgl/src/widgets/../core/lv_obj_style_gen.h **** static inline bool lv_obj_get_style_bg_img_tiled(const struct _lv_obj_t * obj, uint32_t part)
 230:Drivers/lvgl/src/widgets/../core/lv_obj_style_gen.h **** {
 231:Drivers/lvgl/src/widgets/../core/lv_obj_style_gen.h ****     lv_style_value_t v = lv_obj_get_style_prop(obj, part, LV_STYLE_BG_IMG_TILED);
 232:Drivers/lvgl/src/widgets/../core/lv_obj_style_gen.h ****     return (bool)v.num;
 233:Drivers/lvgl/src/widgets/../core/lv_obj_style_gen.h **** }
 234:Drivers/lvgl/src/widgets/../core/lv_obj_style_gen.h **** 
 235:Drivers/lvgl/src/widgets/../core/lv_obj_style_gen.h **** static inline lv_color_t lv_obj_get_style_border_color(const struct _lv_obj_t * obj, uint32_t part)
 236:Drivers/lvgl/src/widgets/../core/lv_obj_style_gen.h **** {
 237:Drivers/lvgl/src/widgets/../core/lv_obj_style_gen.h ****     lv_style_value_t v = lv_obj_get_style_prop(obj, part, LV_STYLE_BORDER_COLOR);
 238:Drivers/lvgl/src/widgets/../core/lv_obj_style_gen.h ****     return v.color;
 239:Drivers/lvgl/src/widgets/../core/lv_obj_style_gen.h **** }
 240:Drivers/lvgl/src/widgets/../core/lv_obj_style_gen.h **** 
 241:Drivers/lvgl/src/widgets/../core/lv_obj_style_gen.h **** static inline lv_color_t lv_obj_get_style_border_color_filtered(const struct _lv_obj_t * obj, uint3
 242:Drivers/lvgl/src/widgets/../core/lv_obj_style_gen.h **** {
 243:Drivers/lvgl/src/widgets/../core/lv_obj_style_gen.h ****     lv_style_value_t v = _lv_obj_style_apply_color_filter(obj, part, lv_obj_get_style_prop(obj, par
 244:Drivers/lvgl/src/widgets/../core/lv_obj_style_gen.h ****     return v.color;
 245:Drivers/lvgl/src/widgets/../core/lv_obj_style_gen.h **** }
 246:Drivers/lvgl/src/widgets/../core/lv_obj_style_gen.h **** 
 247:Drivers/lvgl/src/widgets/../core/lv_obj_style_gen.h **** static inline lv_opa_t lv_obj_get_style_border_opa(const struct _lv_obj_t * obj, uint32_t part)
 248:Drivers/lvgl/src/widgets/../core/lv_obj_style_gen.h **** {
 249:Drivers/lvgl/src/widgets/../core/lv_obj_style_gen.h ****     lv_style_value_t v = lv_obj_get_style_prop(obj, part, LV_STYLE_BORDER_OPA);
 250:Drivers/lvgl/src/widgets/../core/lv_obj_style_gen.h ****     return (lv_opa_t)v.num;
 251:Drivers/lvgl/src/widgets/../core/lv_obj_style_gen.h **** }
 252:Drivers/lvgl/src/widgets/../core/lv_obj_style_gen.h **** 
 253:Drivers/lvgl/src/widgets/../core/lv_obj_style_gen.h **** static inline lv_coord_t lv_obj_get_style_border_width(const struct _lv_obj_t * obj, uint32_t part)
 254:Drivers/lvgl/src/widgets/../core/lv_obj_style_gen.h **** {
 255:Drivers/lvgl/src/widgets/../core/lv_obj_style_gen.h ****     lv_style_value_t v = lv_obj_get_style_prop(obj, part, LV_STYLE_BORDER_WIDTH);
 256:Drivers/lvgl/src/widgets/../core/lv_obj_style_gen.h ****     return (lv_coord_t)v.num;
ARM GAS  /var/folders/0z/tsy30v1j4xl4_7kw94k978ww0000gn/T//ccolnnfa.s 			page 13


 257:Drivers/lvgl/src/widgets/../core/lv_obj_style_gen.h **** }
 258:Drivers/lvgl/src/widgets/../core/lv_obj_style_gen.h **** 
 259:Drivers/lvgl/src/widgets/../core/lv_obj_style_gen.h **** static inline lv_border_side_t lv_obj_get_style_border_side(const struct _lv_obj_t * obj, uint32_t 
 260:Drivers/lvgl/src/widgets/../core/lv_obj_style_gen.h **** {
 261:Drivers/lvgl/src/widgets/../core/lv_obj_style_gen.h ****     lv_style_value_t v = lv_obj_get_style_prop(obj, part, LV_STYLE_BORDER_SIDE);
 262:Drivers/lvgl/src/widgets/../core/lv_obj_style_gen.h ****     return (lv_border_side_t)v.num;
 263:Drivers/lvgl/src/widgets/../core/lv_obj_style_gen.h **** }
 264:Drivers/lvgl/src/widgets/../core/lv_obj_style_gen.h **** 
 265:Drivers/lvgl/src/widgets/../core/lv_obj_style_gen.h **** static inline bool lv_obj_get_style_border_post(const struct _lv_obj_t * obj, uint32_t part)
 266:Drivers/lvgl/src/widgets/../core/lv_obj_style_gen.h **** {
 267:Drivers/lvgl/src/widgets/../core/lv_obj_style_gen.h ****     lv_style_value_t v = lv_obj_get_style_prop(obj, part, LV_STYLE_BORDER_POST);
 268:Drivers/lvgl/src/widgets/../core/lv_obj_style_gen.h ****     return (bool)v.num;
 269:Drivers/lvgl/src/widgets/../core/lv_obj_style_gen.h **** }
 270:Drivers/lvgl/src/widgets/../core/lv_obj_style_gen.h **** 
 271:Drivers/lvgl/src/widgets/../core/lv_obj_style_gen.h **** static inline lv_coord_t lv_obj_get_style_outline_width(const struct _lv_obj_t * obj, uint32_t part
 272:Drivers/lvgl/src/widgets/../core/lv_obj_style_gen.h **** {
 273:Drivers/lvgl/src/widgets/../core/lv_obj_style_gen.h ****     lv_style_value_t v = lv_obj_get_style_prop(obj, part, LV_STYLE_OUTLINE_WIDTH);
 274:Drivers/lvgl/src/widgets/../core/lv_obj_style_gen.h ****     return (lv_coord_t)v.num;
 275:Drivers/lvgl/src/widgets/../core/lv_obj_style_gen.h **** }
 276:Drivers/lvgl/src/widgets/../core/lv_obj_style_gen.h **** 
 277:Drivers/lvgl/src/widgets/../core/lv_obj_style_gen.h **** static inline lv_color_t lv_obj_get_style_outline_color(const struct _lv_obj_t * obj, uint32_t part
 278:Drivers/lvgl/src/widgets/../core/lv_obj_style_gen.h **** {
 279:Drivers/lvgl/src/widgets/../core/lv_obj_style_gen.h ****     lv_style_value_t v = lv_obj_get_style_prop(obj, part, LV_STYLE_OUTLINE_COLOR);
 280:Drivers/lvgl/src/widgets/../core/lv_obj_style_gen.h ****     return v.color;
 281:Drivers/lvgl/src/widgets/../core/lv_obj_style_gen.h **** }
 282:Drivers/lvgl/src/widgets/../core/lv_obj_style_gen.h **** 
 283:Drivers/lvgl/src/widgets/../core/lv_obj_style_gen.h **** static inline lv_color_t lv_obj_get_style_outline_color_filtered(const struct _lv_obj_t * obj, uint
 284:Drivers/lvgl/src/widgets/../core/lv_obj_style_gen.h **** {
 285:Drivers/lvgl/src/widgets/../core/lv_obj_style_gen.h ****     lv_style_value_t v = _lv_obj_style_apply_color_filter(obj, part, lv_obj_get_style_prop(obj, par
 286:Drivers/lvgl/src/widgets/../core/lv_obj_style_gen.h ****     return v.color;
 287:Drivers/lvgl/src/widgets/../core/lv_obj_style_gen.h **** }
 288:Drivers/lvgl/src/widgets/../core/lv_obj_style_gen.h **** 
 289:Drivers/lvgl/src/widgets/../core/lv_obj_style_gen.h **** static inline lv_opa_t lv_obj_get_style_outline_opa(const struct _lv_obj_t * obj, uint32_t part)
 290:Drivers/lvgl/src/widgets/../core/lv_obj_style_gen.h **** {
 291:Drivers/lvgl/src/widgets/../core/lv_obj_style_gen.h ****     lv_style_value_t v = lv_obj_get_style_prop(obj, part, LV_STYLE_OUTLINE_OPA);
 292:Drivers/lvgl/src/widgets/../core/lv_obj_style_gen.h ****     return (lv_opa_t)v.num;
 293:Drivers/lvgl/src/widgets/../core/lv_obj_style_gen.h **** }
 294:Drivers/lvgl/src/widgets/../core/lv_obj_style_gen.h **** 
 295:Drivers/lvgl/src/widgets/../core/lv_obj_style_gen.h **** static inline lv_coord_t lv_obj_get_style_outline_pad(const struct _lv_obj_t * obj, uint32_t part)
 296:Drivers/lvgl/src/widgets/../core/lv_obj_style_gen.h **** {
 297:Drivers/lvgl/src/widgets/../core/lv_obj_style_gen.h ****     lv_style_value_t v = lv_obj_get_style_prop(obj, part, LV_STYLE_OUTLINE_PAD);
 298:Drivers/lvgl/src/widgets/../core/lv_obj_style_gen.h ****     return (lv_coord_t)v.num;
 299:Drivers/lvgl/src/widgets/../core/lv_obj_style_gen.h **** }
 300:Drivers/lvgl/src/widgets/../core/lv_obj_style_gen.h **** 
 301:Drivers/lvgl/src/widgets/../core/lv_obj_style_gen.h **** static inline lv_coord_t lv_obj_get_style_shadow_width(const struct _lv_obj_t * obj, uint32_t part)
 302:Drivers/lvgl/src/widgets/../core/lv_obj_style_gen.h **** {
 303:Drivers/lvgl/src/widgets/../core/lv_obj_style_gen.h ****     lv_style_value_t v = lv_obj_get_style_prop(obj, part, LV_STYLE_SHADOW_WIDTH);
 304:Drivers/lvgl/src/widgets/../core/lv_obj_style_gen.h ****     return (lv_coord_t)v.num;
 305:Drivers/lvgl/src/widgets/../core/lv_obj_style_gen.h **** }
 306:Drivers/lvgl/src/widgets/../core/lv_obj_style_gen.h **** 
 307:Drivers/lvgl/src/widgets/../core/lv_obj_style_gen.h **** static inline lv_coord_t lv_obj_get_style_shadow_ofs_x(const struct _lv_obj_t * obj, uint32_t part)
 308:Drivers/lvgl/src/widgets/../core/lv_obj_style_gen.h **** {
 309:Drivers/lvgl/src/widgets/../core/lv_obj_style_gen.h ****     lv_style_value_t v = lv_obj_get_style_prop(obj, part, LV_STYLE_SHADOW_OFS_X);
 310:Drivers/lvgl/src/widgets/../core/lv_obj_style_gen.h ****     return (lv_coord_t)v.num;
 311:Drivers/lvgl/src/widgets/../core/lv_obj_style_gen.h **** }
 312:Drivers/lvgl/src/widgets/../core/lv_obj_style_gen.h **** 
 313:Drivers/lvgl/src/widgets/../core/lv_obj_style_gen.h **** static inline lv_coord_t lv_obj_get_style_shadow_ofs_y(const struct _lv_obj_t * obj, uint32_t part)
ARM GAS  /var/folders/0z/tsy30v1j4xl4_7kw94k978ww0000gn/T//ccolnnfa.s 			page 14


 314:Drivers/lvgl/src/widgets/../core/lv_obj_style_gen.h **** {
 315:Drivers/lvgl/src/widgets/../core/lv_obj_style_gen.h ****     lv_style_value_t v = lv_obj_get_style_prop(obj, part, LV_STYLE_SHADOW_OFS_Y);
 316:Drivers/lvgl/src/widgets/../core/lv_obj_style_gen.h ****     return (lv_coord_t)v.num;
 317:Drivers/lvgl/src/widgets/../core/lv_obj_style_gen.h **** }
 318:Drivers/lvgl/src/widgets/../core/lv_obj_style_gen.h **** 
 319:Drivers/lvgl/src/widgets/../core/lv_obj_style_gen.h **** static inline lv_coord_t lv_obj_get_style_shadow_spread(const struct _lv_obj_t * obj, uint32_t part
 320:Drivers/lvgl/src/widgets/../core/lv_obj_style_gen.h **** {
 321:Drivers/lvgl/src/widgets/../core/lv_obj_style_gen.h ****     lv_style_value_t v = lv_obj_get_style_prop(obj, part, LV_STYLE_SHADOW_SPREAD);
 322:Drivers/lvgl/src/widgets/../core/lv_obj_style_gen.h ****     return (lv_coord_t)v.num;
 323:Drivers/lvgl/src/widgets/../core/lv_obj_style_gen.h **** }
 324:Drivers/lvgl/src/widgets/../core/lv_obj_style_gen.h **** 
 325:Drivers/lvgl/src/widgets/../core/lv_obj_style_gen.h **** static inline lv_color_t lv_obj_get_style_shadow_color(const struct _lv_obj_t * obj, uint32_t part)
 326:Drivers/lvgl/src/widgets/../core/lv_obj_style_gen.h **** {
 327:Drivers/lvgl/src/widgets/../core/lv_obj_style_gen.h ****     lv_style_value_t v = lv_obj_get_style_prop(obj, part, LV_STYLE_SHADOW_COLOR);
 328:Drivers/lvgl/src/widgets/../core/lv_obj_style_gen.h ****     return v.color;
 329:Drivers/lvgl/src/widgets/../core/lv_obj_style_gen.h **** }
 330:Drivers/lvgl/src/widgets/../core/lv_obj_style_gen.h **** 
 331:Drivers/lvgl/src/widgets/../core/lv_obj_style_gen.h **** static inline lv_color_t lv_obj_get_style_shadow_color_filtered(const struct _lv_obj_t * obj, uint3
 332:Drivers/lvgl/src/widgets/../core/lv_obj_style_gen.h **** {
 333:Drivers/lvgl/src/widgets/../core/lv_obj_style_gen.h ****     lv_style_value_t v = _lv_obj_style_apply_color_filter(obj, part, lv_obj_get_style_prop(obj, par
 334:Drivers/lvgl/src/widgets/../core/lv_obj_style_gen.h ****     return v.color;
 335:Drivers/lvgl/src/widgets/../core/lv_obj_style_gen.h **** }
 336:Drivers/lvgl/src/widgets/../core/lv_obj_style_gen.h **** 
 337:Drivers/lvgl/src/widgets/../core/lv_obj_style_gen.h **** static inline lv_opa_t lv_obj_get_style_shadow_opa(const struct _lv_obj_t * obj, uint32_t part)
 338:Drivers/lvgl/src/widgets/../core/lv_obj_style_gen.h **** {
 339:Drivers/lvgl/src/widgets/../core/lv_obj_style_gen.h ****     lv_style_value_t v = lv_obj_get_style_prop(obj, part, LV_STYLE_SHADOW_OPA);
 340:Drivers/lvgl/src/widgets/../core/lv_obj_style_gen.h ****     return (lv_opa_t)v.num;
 341:Drivers/lvgl/src/widgets/../core/lv_obj_style_gen.h **** }
 342:Drivers/lvgl/src/widgets/../core/lv_obj_style_gen.h **** 
 343:Drivers/lvgl/src/widgets/../core/lv_obj_style_gen.h **** static inline lv_opa_t lv_obj_get_style_img_opa(const struct _lv_obj_t * obj, uint32_t part)
 344:Drivers/lvgl/src/widgets/../core/lv_obj_style_gen.h **** {
 345:Drivers/lvgl/src/widgets/../core/lv_obj_style_gen.h ****     lv_style_value_t v = lv_obj_get_style_prop(obj, part, LV_STYLE_IMG_OPA);
 346:Drivers/lvgl/src/widgets/../core/lv_obj_style_gen.h ****     return (lv_opa_t)v.num;
 347:Drivers/lvgl/src/widgets/../core/lv_obj_style_gen.h **** }
 348:Drivers/lvgl/src/widgets/../core/lv_obj_style_gen.h **** 
 349:Drivers/lvgl/src/widgets/../core/lv_obj_style_gen.h **** static inline lv_color_t lv_obj_get_style_img_recolor(const struct _lv_obj_t * obj, uint32_t part)
 350:Drivers/lvgl/src/widgets/../core/lv_obj_style_gen.h **** {
 351:Drivers/lvgl/src/widgets/../core/lv_obj_style_gen.h ****     lv_style_value_t v = lv_obj_get_style_prop(obj, part, LV_STYLE_IMG_RECOLOR);
 352:Drivers/lvgl/src/widgets/../core/lv_obj_style_gen.h ****     return v.color;
 353:Drivers/lvgl/src/widgets/../core/lv_obj_style_gen.h **** }
 354:Drivers/lvgl/src/widgets/../core/lv_obj_style_gen.h **** 
 355:Drivers/lvgl/src/widgets/../core/lv_obj_style_gen.h **** static inline lv_color_t lv_obj_get_style_img_recolor_filtered(const struct _lv_obj_t * obj, uint32
 356:Drivers/lvgl/src/widgets/../core/lv_obj_style_gen.h **** {
 357:Drivers/lvgl/src/widgets/../core/lv_obj_style_gen.h ****     lv_style_value_t v = _lv_obj_style_apply_color_filter(obj, part, lv_obj_get_style_prop(obj, par
 358:Drivers/lvgl/src/widgets/../core/lv_obj_style_gen.h ****     return v.color;
 359:Drivers/lvgl/src/widgets/../core/lv_obj_style_gen.h **** }
 360:Drivers/lvgl/src/widgets/../core/lv_obj_style_gen.h **** 
 361:Drivers/lvgl/src/widgets/../core/lv_obj_style_gen.h **** static inline lv_opa_t lv_obj_get_style_img_recolor_opa(const struct _lv_obj_t * obj, uint32_t part
 362:Drivers/lvgl/src/widgets/../core/lv_obj_style_gen.h **** {
 363:Drivers/lvgl/src/widgets/../core/lv_obj_style_gen.h ****     lv_style_value_t v = lv_obj_get_style_prop(obj, part, LV_STYLE_IMG_RECOLOR_OPA);
 364:Drivers/lvgl/src/widgets/../core/lv_obj_style_gen.h ****     return (lv_opa_t)v.num;
 365:Drivers/lvgl/src/widgets/../core/lv_obj_style_gen.h **** }
 366:Drivers/lvgl/src/widgets/../core/lv_obj_style_gen.h **** 
 367:Drivers/lvgl/src/widgets/../core/lv_obj_style_gen.h **** static inline lv_coord_t lv_obj_get_style_line_width(const struct _lv_obj_t * obj, uint32_t part)
 188              		.loc 2 367 26 view .LVU52
 189              	.LBB15:
 368:Drivers/lvgl/src/widgets/../core/lv_obj_style_gen.h **** {
ARM GAS  /var/folders/0z/tsy30v1j4xl4_7kw94k978ww0000gn/T//ccolnnfa.s 			page 15


 369:Drivers/lvgl/src/widgets/../core/lv_obj_style_gen.h ****     lv_style_value_t v = lv_obj_get_style_prop(obj, part, LV_STYLE_LINE_WIDTH);
 190              		.loc 2 369 5 view .LVU53
 191              		.loc 2 369 26 is_stmt 0 view .LVU54
 192 008c 4922     		movs	r2, #73
 193 008e 0021     		movs	r1, #0
 194 0090 FFF7FEFF 		bl	lv_obj_get_style_prop
 195              	.LVL27:
 370:Drivers/lvgl/src/widgets/../core/lv_obj_style_gen.h ****     return (lv_coord_t)v.num;
 196              		.loc 2 370 5 is_stmt 1 view .LVU55
 197              		.loc 2 370 12 is_stmt 0 view .LVU56
 198 0094 05B2     		sxth	r5, r0
 199              	.LVL28:
 200              		.loc 2 370 12 view .LVU57
 201              	.LBE15:
 202              	.LBE14:
 140:Drivers/lvgl/src/widgets/lv_line.c ****         if(*s < line_width) *s = line_width;
 203              		.loc 1 140 9 is_stmt 1 view .LVU58
 140:Drivers/lvgl/src/widgets/lv_line.c ****         if(*s < line_width) *s = line_width;
 204              		.loc 1 140 26 is_stmt 0 view .LVU59
 205 0096 2046     		mov	r0, r4
 206 0098 FFF7FEFF 		bl	lv_event_get_param
 207              	.LVL29:
 141:Drivers/lvgl/src/widgets/lv_line.c ****     }
 208              		.loc 1 141 9 is_stmt 1 view .LVU60
 141:Drivers/lvgl/src/widgets/lv_line.c ****     }
 209              		.loc 1 141 12 is_stmt 0 view .LVU61
 210 009c B0F90030 		ldrsh	r3, [r0]
 141:Drivers/lvgl/src/widgets/lv_line.c ****     }
 211              		.loc 1 141 11 view .LVU62
 212 00a0 AB42     		cmp	r3, r5
 213 00a2 B6DA     		bge	.L1
 141:Drivers/lvgl/src/widgets/lv_line.c ****     }
 214              		.loc 1 141 29 is_stmt 1 discriminator 1 view .LVU63
 141:Drivers/lvgl/src/widgets/lv_line.c ****     }
 215              		.loc 1 141 32 is_stmt 0 discriminator 1 view .LVU64
 216 00a4 0580     		strh	r5, [r0]	@ movhi
 217 00a6 B4E7     		b	.L1
 218              	.LVL30:
 219              	.L16:
 141:Drivers/lvgl/src/widgets/lv_line.c ****     }
 220              		.loc 1 141 32 discriminator 1 view .LVU65
 221              	.LBE13:
 222              	.LBB16:
 144:Drivers/lvgl/src/widgets/lv_line.c **** 
 223              		.loc 1 144 9 is_stmt 1 view .LVU66
 146:Drivers/lvgl/src/widgets/lv_line.c **** 
 224              		.loc 1 146 9 view .LVU67
 146:Drivers/lvgl/src/widgets/lv_line.c **** 
 225              		.loc 1 146 16 is_stmt 0 view .LVU68
 226 00a8 038D     		ldrh	r3, [r0, #40]
 146:Drivers/lvgl/src/widgets/lv_line.c **** 
 227              		.loc 1 146 11 view .LVU69
 228 00aa 002B     		cmp	r3, #0
 229 00ac B1D0     		beq	.L1
 146:Drivers/lvgl/src/widgets/lv_line.c **** 
 230              		.loc 1 146 40 discriminator 2 view .LVU70
 231 00ae 436A     		ldr	r3, [r0, #36]
ARM GAS  /var/folders/0z/tsy30v1j4xl4_7kw94k978ww0000gn/T//ccolnnfa.s 			page 16


 146:Drivers/lvgl/src/widgets/lv_line.c **** 
 232              		.loc 1 146 33 discriminator 2 view .LVU71
 233 00b0 002B     		cmp	r3, #0
 234 00b2 AED0     		beq	.L1
 148:Drivers/lvgl/src/widgets/lv_line.c ****         lv_coord_t w = 0;
 235              		.loc 1 148 9 is_stmt 1 view .LVU72
 148:Drivers/lvgl/src/widgets/lv_line.c ****         lv_coord_t w = 0;
 236              		.loc 1 148 26 is_stmt 0 view .LVU73
 237 00b4 2046     		mov	r0, r4
 238              	.LVL31:
 148:Drivers/lvgl/src/widgets/lv_line.c ****         lv_coord_t w = 0;
 239              		.loc 1 148 26 view .LVU74
 240 00b6 FFF7FEFF 		bl	lv_event_get_param
 241              	.LVL32:
 242 00ba 0746     		mov	r7, r0
 243              	.LVL33:
 149:Drivers/lvgl/src/widgets/lv_line.c ****         lv_coord_t h = 0;
 244              		.loc 1 149 9 is_stmt 1 view .LVU75
 150:Drivers/lvgl/src/widgets/lv_line.c **** 
 245              		.loc 1 150 9 view .LVU76
 152:Drivers/lvgl/src/widgets/lv_line.c ****         for(i = 0; i < line->point_num; i++) {
 246              		.loc 1 152 9 view .LVU77
 153:Drivers/lvgl/src/widgets/lv_line.c ****             w = LV_MAX(line->point_array[i].x, w);
 247              		.loc 1 153 9 view .LVU78
 153:Drivers/lvgl/src/widgets/lv_line.c ****             w = LV_MAX(line->point_array[i].x, w);
 248              		.loc 1 153 15 is_stmt 0 view .LVU79
 249 00bc 0023     		movs	r3, #0
 150:Drivers/lvgl/src/widgets/lv_line.c **** 
 250              		.loc 1 150 20 view .LVU80
 251 00be 1E46     		mov	r6, r3
 252              	.LVL34:
 149:Drivers/lvgl/src/widgets/lv_line.c ****         lv_coord_t h = 0;
 253              		.loc 1 149 20 view .LVU81
 254 00c0 1C46     		mov	r4, r3
 255              	.LVL35:
 153:Drivers/lvgl/src/widgets/lv_line.c ****             w = LV_MAX(line->point_array[i].x, w);
 256              		.loc 1 153 9 view .LVU82
 257 00c2 0EE0     		b	.L5
 258              	.LVL36:
 259              	.L6:
 154:Drivers/lvgl/src/widgets/lv_line.c ****             h = LV_MAX(line->point_array[i].y, h);
 260              		.loc 1 154 13 is_stmt 1 discriminator 3 view .LVU83
 154:Drivers/lvgl/src/widgets/lv_line.c ****             h = LV_MAX(line->point_array[i].y, h);
 261              		.loc 1 154 17 is_stmt 0 discriminator 3 view .LVU84
 262 00c4 6A6A     		ldr	r2, [r5, #36]
 263 00c6 02EB8301 		add	r1, r2, r3, lsl #2
 264 00ca 32F92320 		ldrsh	r2, [r2, r3, lsl #2]
 154:Drivers/lvgl/src/widgets/lv_line.c ****             h = LV_MAX(line->point_array[i].y, h);
 265              		.loc 1 154 15 discriminator 3 view .LVU85
 266 00ce 9442     		cmp	r4, r2
 267 00d0 B8BF     		it	lt
 268 00d2 1446     		movlt	r4, r2
 269              	.LVL37:
 155:Drivers/lvgl/src/widgets/lv_line.c ****         }
 270              		.loc 1 155 13 is_stmt 1 discriminator 3 view .LVU86
 155:Drivers/lvgl/src/widgets/lv_line.c ****         }
 271              		.loc 1 155 17 is_stmt 0 discriminator 3 view .LVU87
ARM GAS  /var/folders/0z/tsy30v1j4xl4_7kw94k978ww0000gn/T//ccolnnfa.s 			page 17


 272 00d4 B1F90220 		ldrsh	r2, [r1, #2]
 155:Drivers/lvgl/src/widgets/lv_line.c ****         }
 273              		.loc 1 155 15 discriminator 3 view .LVU88
 274 00d8 9642     		cmp	r6, r2
 275 00da B8BF     		it	lt
 276 00dc 1646     		movlt	r6, r2
 277              	.LVL38:
 153:Drivers/lvgl/src/widgets/lv_line.c ****             w = LV_MAX(line->point_array[i].x, w);
 278              		.loc 1 153 42 is_stmt 1 discriminator 3 view .LVU89
 279 00de 0133     		adds	r3, r3, #1
 280              	.LVL39:
 153:Drivers/lvgl/src/widgets/lv_line.c ****             w = LV_MAX(line->point_array[i].x, w);
 281              		.loc 1 153 42 is_stmt 0 discriminator 3 view .LVU90
 282 00e0 9BB2     		uxth	r3, r3
 283              	.LVL40:
 284              	.L5:
 153:Drivers/lvgl/src/widgets/lv_line.c ****             w = LV_MAX(line->point_array[i].x, w);
 285              		.loc 1 153 22 is_stmt 1 discriminator 1 view .LVU91
 153:Drivers/lvgl/src/widgets/lv_line.c ****             w = LV_MAX(line->point_array[i].x, w);
 286              		.loc 1 153 28 is_stmt 0 discriminator 1 view .LVU92
 287 00e2 2A8D     		ldrh	r2, [r5, #40]
 153:Drivers/lvgl/src/widgets/lv_line.c ****             w = LV_MAX(line->point_array[i].x, w);
 288              		.loc 1 153 22 discriminator 1 view .LVU93
 289 00e4 9A42     		cmp	r2, r3
 290 00e6 EDD8     		bhi	.L6
 158:Drivers/lvgl/src/widgets/lv_line.c ****         w += line_width;
 291              		.loc 1 158 9 is_stmt 1 view .LVU94
 292              	.LVL41:
 293              	.LBB17:
 294              	.LBI17:
 367:Drivers/lvgl/src/widgets/../core/lv_obj_style_gen.h **** {
 295              		.loc 2 367 26 view .LVU95
 296              	.LBB18:
 369:Drivers/lvgl/src/widgets/../core/lv_obj_style_gen.h ****     return (lv_coord_t)v.num;
 297              		.loc 2 369 5 view .LVU96
 369:Drivers/lvgl/src/widgets/../core/lv_obj_style_gen.h ****     return (lv_coord_t)v.num;
 298              		.loc 2 369 26 is_stmt 0 view .LVU97
 299 00e8 4922     		movs	r2, #73
 300 00ea 0021     		movs	r1, #0
 301 00ec 2846     		mov	r0, r5
 302              	.LVL42:
 369:Drivers/lvgl/src/widgets/../core/lv_obj_style_gen.h ****     return (lv_coord_t)v.num;
 303              		.loc 2 369 26 view .LVU98
 304 00ee FFF7FEFF 		bl	lv_obj_get_style_prop
 305              	.LVL43:
 306              		.loc 2 370 5 is_stmt 1 view .LVU99
 307              		.loc 2 370 5 is_stmt 0 view .LVU100
 308              	.LBE18:
 309              	.LBE17:
 159:Drivers/lvgl/src/widgets/lv_line.c ****         h += line_width;
 310              		.loc 1 159 9 is_stmt 1 view .LVU101
 159:Drivers/lvgl/src/widgets/lv_line.c ****         h += line_width;
 311              		.loc 1 159 11 is_stmt 0 view .LVU102
 312 00f2 80B2     		uxth	r0, r0
 159:Drivers/lvgl/src/widgets/lv_line.c ****         h += line_width;
 313              		.loc 1 159 11 view .LVU103
 314 00f4 0444     		add	r4, r4, r0
ARM GAS  /var/folders/0z/tsy30v1j4xl4_7kw94k978ww0000gn/T//ccolnnfa.s 			page 18


 315              	.LVL44:
 160:Drivers/lvgl/src/widgets/lv_line.c ****         p->x = w;
 316              		.loc 1 160 9 is_stmt 1 view .LVU104
 160:Drivers/lvgl/src/widgets/lv_line.c ****         p->x = w;
 317              		.loc 1 160 11 is_stmt 0 view .LVU105
 318 00f6 3044     		add	r0, r0, r6
 319              	.LVL45:
 161:Drivers/lvgl/src/widgets/lv_line.c ****         p->y = h;
 320              		.loc 1 161 9 is_stmt 1 view .LVU106
 161:Drivers/lvgl/src/widgets/lv_line.c ****         p->y = h;
 321              		.loc 1 161 14 is_stmt 0 view .LVU107
 322 00f8 3C80     		strh	r4, [r7]	@ movhi
 162:Drivers/lvgl/src/widgets/lv_line.c ****     }
 323              		.loc 1 162 9 is_stmt 1 view .LVU108
 162:Drivers/lvgl/src/widgets/lv_line.c ****     }
 324              		.loc 1 162 14 is_stmt 0 view .LVU109
 325 00fa 7880     		strh	r0, [r7, #2]	@ movhi
 326              	.LBE16:
 327 00fc 89E7     		b	.L1
 328              	.LVL46:
 329              	.L10:
 330              	.LBB19:
 331              	.LBB11:
 193:Drivers/lvgl/src/widgets/lv_line.c ****                 p2.y = h - line->point_array[i + 1].y + y_ofs;
 332              		.loc 1 193 17 is_stmt 1 view .LVU110
 193:Drivers/lvgl/src/widgets/lv_line.c ****                 p2.y = h - line->point_array[i + 1].y + y_ofs;
 333              		.loc 1 193 26 is_stmt 0 view .LVU111
 334 00fe 1FFA89F3 		uxth	r3, r9
 193:Drivers/lvgl/src/widgets/lv_line.c ****                 p2.y = h - line->point_array[i + 1].y + y_ofs;
 335              		.loc 1 193 48 view .LVU112
 336 0102 4A88     		ldrh	r2, [r1, #2]
 193:Drivers/lvgl/src/widgets/lv_line.c ****                 p2.y = h - line->point_array[i + 1].y + y_ofs;
 337              		.loc 1 193 26 view .LVU113
 338 0104 9A1A     		subs	r2, r3, r2
 193:Drivers/lvgl/src/widgets/lv_line.c ****                 p2.y = h - line->point_array[i + 1].y + y_ofs;
 339              		.loc 1 193 51 view .LVU114
 340 0106 17FA82F2 		uxtah	r2, r7, r2
 193:Drivers/lvgl/src/widgets/lv_line.c ****                 p2.y = h - line->point_array[i + 1].y + y_ofs;
 341              		.loc 1 193 22 view .LVU115
 342 010a ADF80620 		strh	r2, [sp, #6]	@ movhi
 194:Drivers/lvgl/src/widgets/lv_line.c ****             }
 343              		.loc 1 194 17 is_stmt 1 view .LVU116
 194:Drivers/lvgl/src/widgets/lv_line.c ****             }
 344              		.loc 1 194 52 is_stmt 0 view .LVU117
 345 010e 4288     		ldrh	r2, [r0, #2]
 194:Drivers/lvgl/src/widgets/lv_line.c ****             }
 346              		.loc 1 194 26 view .LVU118
 347 0110 9B1A     		subs	r3, r3, r2
 194:Drivers/lvgl/src/widgets/lv_line.c ****             }
 348              		.loc 1 194 55 view .LVU119
 349 0112 17FA83F3 		uxtah	r3, r7, r3
 194:Drivers/lvgl/src/widgets/lv_line.c ****             }
 350              		.loc 1 194 22 view .LVU120
 351 0116 ADF80A30 		strh	r3, [sp, #10]	@ movhi
 352              	.L11:
 196:Drivers/lvgl/src/widgets/lv_line.c ****             line_dsc.round_start = 0;   /*Draw the rounding only on the end points after the first 
 353              		.loc 1 196 13 is_stmt 1 discriminator 2 view .LVU121
ARM GAS  /var/folders/0z/tsy30v1j4xl4_7kw94k978ww0000gn/T//ccolnnfa.s 			page 19


 354 011a 02AB     		add	r3, sp, #8
 355 011c 01AA     		add	r2, sp, #4
 356 011e 05A9     		add	r1, sp, #20
 357 0120 4046     		mov	r0, r8
 358 0122 FFF7FEFF 		bl	lv_draw_line
 359              	.LVL47:
 197:Drivers/lvgl/src/widgets/lv_line.c ****         }
 360              		.loc 1 197 13 discriminator 2 view .LVU122
 197:Drivers/lvgl/src/widgets/lv_line.c ****         }
 361              		.loc 1 197 34 is_stmt 0 discriminator 2 view .LVU123
 362 0126 9DF81D30 		ldrb	r3, [sp, #29]	@ zero_extendqisi2
 363 012a 6FF38203 		bfc	r3, #2, #1
 364 012e 8DF81D30 		strb	r3, [sp, #29]
 365              	.LBE11:
 182:Drivers/lvgl/src/widgets/lv_line.c ****             lv_point_t p1;
 366              		.loc 1 182 46 is_stmt 1 discriminator 2 view .LVU124
 367 0132 0134     		adds	r4, r4, #1
 368              	.LVL48:
 182:Drivers/lvgl/src/widgets/lv_line.c ****             lv_point_t p1;
 369              		.loc 1 182 46 is_stmt 0 discriminator 2 view .LVU125
 370 0134 A4B2     		uxth	r4, r4
 371              	.LVL49:
 372              	.L9:
 182:Drivers/lvgl/src/widgets/lv_line.c ****             lv_point_t p1;
 373              		.loc 1 182 22 is_stmt 1 discriminator 1 view .LVU126
 182:Drivers/lvgl/src/widgets/lv_line.c ****             lv_point_t p1;
 374              		.loc 1 182 28 is_stmt 0 discriminator 1 view .LVU127
 375 0136 2B8D     		ldrh	r3, [r5, #40]
 182:Drivers/lvgl/src/widgets/lv_line.c ****             lv_point_t p1;
 376              		.loc 1 182 40 discriminator 1 view .LVU128
 377 0138 013B     		subs	r3, r3, #1
 182:Drivers/lvgl/src/widgets/lv_line.c ****             lv_point_t p1;
 378              		.loc 1 182 22 discriminator 1 view .LVU129
 379 013a 9C42     		cmp	r4, r3
 380 013c BFF669AF 		bge	.L1
 381              	.LBB12:
 183:Drivers/lvgl/src/widgets/lv_line.c ****             lv_point_t p2;
 382              		.loc 1 183 13 is_stmt 1 view .LVU130
 184:Drivers/lvgl/src/widgets/lv_line.c ****             p1.x = line->point_array[i].x + x_ofs;
 383              		.loc 1 184 13 view .LVU131
 185:Drivers/lvgl/src/widgets/lv_line.c ****             p2.x = line->point_array[i + 1].x + x_ofs;
 384              		.loc 1 185 13 view .LVU132
 185:Drivers/lvgl/src/widgets/lv_line.c ****             p2.x = line->point_array[i + 1].x + x_ofs;
 385              		.loc 1 185 24 is_stmt 0 view .LVU133
 386 0140 6B6A     		ldr	r3, [r5, #36]
 185:Drivers/lvgl/src/widgets/lv_line.c ****             p2.x = line->point_array[i + 1].x + x_ofs;
 387              		.loc 1 185 37 view .LVU134
 388 0142 03EB8401 		add	r1, r3, r4, lsl #2
 185:Drivers/lvgl/src/widgets/lv_line.c ****             p2.x = line->point_array[i + 1].x + x_ofs;
 389              		.loc 1 185 40 view .LVU135
 390 0146 33F82420 		ldrh	r2, [r3, r4, lsl #2]
 185:Drivers/lvgl/src/widgets/lv_line.c ****             p2.x = line->point_array[i + 1].x + x_ofs;
 391              		.loc 1 185 43 view .LVU136
 392 014a 3244     		add	r2, r2, r6
 185:Drivers/lvgl/src/widgets/lv_line.c ****             p2.x = line->point_array[i + 1].x + x_ofs;
 393              		.loc 1 185 18 view .LVU137
 394 014c ADF80420 		strh	r2, [sp, #4]	@ movhi
ARM GAS  /var/folders/0z/tsy30v1j4xl4_7kw94k978ww0000gn/T//ccolnnfa.s 			page 20


 186:Drivers/lvgl/src/widgets/lv_line.c **** 
 395              		.loc 1 186 13 is_stmt 1 view .LVU138
 186:Drivers/lvgl/src/widgets/lv_line.c **** 
 396              		.loc 1 186 37 is_stmt 0 view .LVU139
 397 0150 621C     		adds	r2, r4, #1
 398 0152 03EB8200 		add	r0, r3, r2, lsl #2
 186:Drivers/lvgl/src/widgets/lv_line.c **** 
 399              		.loc 1 186 44 view .LVU140
 400 0156 33F82230 		ldrh	r3, [r3, r2, lsl #2]
 186:Drivers/lvgl/src/widgets/lv_line.c **** 
 401              		.loc 1 186 47 view .LVU141
 402 015a 3344     		add	r3, r3, r6
 186:Drivers/lvgl/src/widgets/lv_line.c **** 
 403              		.loc 1 186 18 view .LVU142
 404 015c ADF80830 		strh	r3, [sp, #8]	@ movhi
 188:Drivers/lvgl/src/widgets/lv_line.c ****                 p1.y = line->point_array[i].y + y_ofs;
 405              		.loc 1 188 13 is_stmt 1 view .LVU143
 188:Drivers/lvgl/src/widgets/lv_line.c ****                 p1.y = line->point_array[i].y + y_ofs;
 406              		.loc 1 188 28 is_stmt 0 view .LVU144
 407 0160 95F82A30 		ldrb	r3, [r5, #42]	@ zero_extendqisi2
 188:Drivers/lvgl/src/widgets/lv_line.c ****                 p1.y = line->point_array[i].y + y_ofs;
 408              		.loc 1 188 15 view .LVU145
 409 0164 13F0010F 		tst	r3, #1
 410 0168 C9D1     		bne	.L10
 189:Drivers/lvgl/src/widgets/lv_line.c ****                 p2.y = line->point_array[i + 1].y + y_ofs;
 411              		.loc 1 189 17 is_stmt 1 view .LVU146
 189:Drivers/lvgl/src/widgets/lv_line.c ****                 p2.y = line->point_array[i + 1].y + y_ofs;
 412              		.loc 1 189 44 is_stmt 0 view .LVU147
 413 016a 4B88     		ldrh	r3, [r1, #2]
 189:Drivers/lvgl/src/widgets/lv_line.c ****                 p2.y = line->point_array[i + 1].y + y_ofs;
 414              		.loc 1 189 47 view .LVU148
 415 016c 3B44     		add	r3, r3, r7
 189:Drivers/lvgl/src/widgets/lv_line.c ****                 p2.y = line->point_array[i + 1].y + y_ofs;
 416              		.loc 1 189 22 view .LVU149
 417 016e ADF80630 		strh	r3, [sp, #6]	@ movhi
 190:Drivers/lvgl/src/widgets/lv_line.c ****             }
 418              		.loc 1 190 17 is_stmt 1 view .LVU150
 190:Drivers/lvgl/src/widgets/lv_line.c ****             }
 419              		.loc 1 190 48 is_stmt 0 view .LVU151
 420 0172 4388     		ldrh	r3, [r0, #2]
 190:Drivers/lvgl/src/widgets/lv_line.c ****             }
 421              		.loc 1 190 51 view .LVU152
 422 0174 3B44     		add	r3, r3, r7
 190:Drivers/lvgl/src/widgets/lv_line.c ****             }
 423              		.loc 1 190 22 view .LVU153
 424 0176 ADF80A30 		strh	r3, [sp, #10]	@ movhi
 425 017a CEE7     		b	.L11
 426              	.L18:
 427              		.align	2
 428              	.L17:
 429 017c 00000000 		.word	.LANCHOR0
 430              	.LBE12:
 431              	.LBE19:
 432              		.cfi_endproc
 433              	.LFE166:
 435              		.section	.text.lv_line_constructor,"ax",%progbits
 436              		.align	1
ARM GAS  /var/folders/0z/tsy30v1j4xl4_7kw94k978ww0000gn/T//ccolnnfa.s 			page 21


 437              		.syntax unified
 438              		.thumb
 439              		.thumb_func
 441              	lv_line_constructor:
 442              	.LVL50:
 443              	.LFB165:
 109:Drivers/lvgl/src/widgets/lv_line.c ****     LV_UNUSED(class_p);
 444              		.loc 1 109 1 is_stmt 1 view -0
 445              		.cfi_startproc
 446              		@ args = 0, pretend = 0, frame = 0
 447              		@ frame_needed = 0, uses_anonymous_args = 0
 109:Drivers/lvgl/src/widgets/lv_line.c ****     LV_UNUSED(class_p);
 448              		.loc 1 109 1 is_stmt 0 view .LVU155
 449 0000 08B5     		push	{r3, lr}
 450              		.cfi_def_cfa_offset 8
 451              		.cfi_offset 3, -8
 452              		.cfi_offset 14, -4
 453 0002 0846     		mov	r0, r1
 454              	.LVL51:
 110:Drivers/lvgl/src/widgets/lv_line.c ****     LV_TRACE_OBJ_CREATE("begin");
 455              		.loc 1 110 5 is_stmt 1 view .LVU156
 111:Drivers/lvgl/src/widgets/lv_line.c **** 
 456              		.loc 1 111 33 view .LVU157
 113:Drivers/lvgl/src/widgets/lv_line.c **** 
 457              		.loc 1 113 5 view .LVU158
 115:Drivers/lvgl/src/widgets/lv_line.c ****     line->point_array = NULL;
 458              		.loc 1 115 5 view .LVU159
 115:Drivers/lvgl/src/widgets/lv_line.c ****     line->point_array = NULL;
 459              		.loc 1 115 23 is_stmt 0 view .LVU160
 460 0004 0023     		movs	r3, #0
 461 0006 0B85     		strh	r3, [r1, #40]	@ movhi
 116:Drivers/lvgl/src/widgets/lv_line.c ****     line->y_inv       = 0;
 462              		.loc 1 116 5 is_stmt 1 view .LVU161
 116:Drivers/lvgl/src/widgets/lv_line.c ****     line->y_inv       = 0;
 463              		.loc 1 116 23 is_stmt 0 view .LVU162
 464 0008 4B62     		str	r3, [r1, #36]
 117:Drivers/lvgl/src/widgets/lv_line.c **** 
 465              		.loc 1 117 5 is_stmt 1 view .LVU163
 117:Drivers/lvgl/src/widgets/lv_line.c **** 
 466              		.loc 1 117 23 is_stmt 0 view .LVU164
 467 000a 91F82A20 		ldrb	r2, [r1, #42]	@ zero_extendqisi2
 468 000e 63F30002 		bfi	r2, r3, #0, #1
 469 0012 81F82A20 		strb	r2, [r1, #42]
 119:Drivers/lvgl/src/widgets/lv_line.c **** 
 470              		.loc 1 119 5 is_stmt 1 view .LVU165
 471 0016 0221     		movs	r1, #2
 472              	.LVL52:
 119:Drivers/lvgl/src/widgets/lv_line.c **** 
 473              		.loc 1 119 5 is_stmt 0 view .LVU166
 474 0018 FFF7FEFF 		bl	lv_obj_clear_flag
 475              	.LVL53:
 121:Drivers/lvgl/src/widgets/lv_line.c **** }
 476              		.loc 1 121 36 is_stmt 1 view .LVU167
 122:Drivers/lvgl/src/widgets/lv_line.c **** 
 477              		.loc 1 122 1 is_stmt 0 view .LVU168
 478 001c 08BD     		pop	{r3, pc}
 479              		.cfi_endproc
ARM GAS  /var/folders/0z/tsy30v1j4xl4_7kw94k978ww0000gn/T//ccolnnfa.s 			page 22


 480              	.LFE165:
 482              		.section	.text.lv_line_create,"ax",%progbits
 483              		.align	1
 484              		.global	lv_line_create
 485              		.syntax unified
 486              		.thumb
 487              		.thumb_func
 489              	lv_line_create:
 490              	.LVL54:
 491              	.LFB161:
  55:Drivers/lvgl/src/widgets/lv_line.c ****     LV_LOG_INFO("begin");
 492              		.loc 1 55 1 is_stmt 1 view -0
 493              		.cfi_startproc
 494              		@ args = 0, pretend = 0, frame = 0
 495              		@ frame_needed = 0, uses_anonymous_args = 0
  55:Drivers/lvgl/src/widgets/lv_line.c ****     LV_LOG_INFO("begin");
 496              		.loc 1 55 1 is_stmt 0 view .LVU170
 497 0000 10B5     		push	{r4, lr}
 498              		.cfi_def_cfa_offset 8
 499              		.cfi_offset 4, -8
 500              		.cfi_offset 14, -4
 501 0002 0146     		mov	r1, r0
  56:Drivers/lvgl/src/widgets/lv_line.c ****     lv_obj_t * obj = lv_obj_class_create_obj(MY_CLASS, parent);
 502              		.loc 1 56 5 is_stmt 1 view .LVU171
  56:Drivers/lvgl/src/widgets/lv_line.c ****     lv_obj_t * obj = lv_obj_class_create_obj(MY_CLASS, parent);
 503              		.loc 1 56 5 view .LVU172
  56:Drivers/lvgl/src/widgets/lv_line.c ****     lv_obj_t * obj = lv_obj_class_create_obj(MY_CLASS, parent);
 504              		.loc 1 56 5 view .LVU173
  57:Drivers/lvgl/src/widgets/lv_line.c ****     lv_obj_class_init_obj(obj);
 505              		.loc 1 57 5 view .LVU174
  57:Drivers/lvgl/src/widgets/lv_line.c ****     lv_obj_class_init_obj(obj);
 506              		.loc 1 57 22 is_stmt 0 view .LVU175
 507 0004 0348     		ldr	r0, .L23
 508              	.LVL55:
  57:Drivers/lvgl/src/widgets/lv_line.c ****     lv_obj_class_init_obj(obj);
 509              		.loc 1 57 22 view .LVU176
 510 0006 FFF7FEFF 		bl	lv_obj_class_create_obj
 511              	.LVL56:
  57:Drivers/lvgl/src/widgets/lv_line.c ****     lv_obj_class_init_obj(obj);
 512              		.loc 1 57 22 view .LVU177
 513 000a 0446     		mov	r4, r0
 514              	.LVL57:
  58:Drivers/lvgl/src/widgets/lv_line.c ****     return obj;
 515              		.loc 1 58 5 is_stmt 1 view .LVU178
 516 000c FFF7FEFF 		bl	lv_obj_class_init_obj
 517              	.LVL58:
  59:Drivers/lvgl/src/widgets/lv_line.c **** }
 518              		.loc 1 59 5 view .LVU179
  60:Drivers/lvgl/src/widgets/lv_line.c **** 
 519              		.loc 1 60 1 is_stmt 0 view .LVU180
 520 0010 2046     		mov	r0, r4
 521 0012 10BD     		pop	{r4, pc}
 522              	.LVL59:
 523              	.L24:
  60:Drivers/lvgl/src/widgets/lv_line.c **** 
 524              		.loc 1 60 1 view .LVU181
 525              		.align	2
ARM GAS  /var/folders/0z/tsy30v1j4xl4_7kw94k978ww0000gn/T//ccolnnfa.s 			page 23


 526              	.L23:
 527 0014 00000000 		.word	.LANCHOR0
 528              		.cfi_endproc
 529              	.LFE161:
 531              		.section	.text.lv_line_set_points,"ax",%progbits
 532              		.align	1
 533              		.global	lv_line_set_points
 534              		.syntax unified
 535              		.thumb
 536              		.thumb_func
 538              	lv_line_set_points:
 539              	.LVL60:
 540              	.LFB162:
  67:Drivers/lvgl/src/widgets/lv_line.c ****     LV_ASSERT_OBJ(obj, MY_CLASS);
 541              		.loc 1 67 1 is_stmt 1 view -0
 542              		.cfi_startproc
 543              		@ args = 0, pretend = 0, frame = 0
 544              		@ frame_needed = 0, uses_anonymous_args = 0
  67:Drivers/lvgl/src/widgets/lv_line.c ****     LV_ASSERT_OBJ(obj, MY_CLASS);
 545              		.loc 1 67 1 is_stmt 0 view .LVU183
 546 0000 10B5     		push	{r4, lr}
 547              		.cfi_def_cfa_offset 8
 548              		.cfi_offset 4, -8
 549              		.cfi_offset 14, -4
 550 0002 0446     		mov	r4, r0
  68:Drivers/lvgl/src/widgets/lv_line.c **** 
 551              		.loc 1 68 5 is_stmt 1 view .LVU184
  68:Drivers/lvgl/src/widgets/lv_line.c **** 
 552              		.loc 1 68 5 view .LVU185
  68:Drivers/lvgl/src/widgets/lv_line.c **** 
 553              		.loc 1 68 5 view .LVU186
  70:Drivers/lvgl/src/widgets/lv_line.c ****     line->point_array    = points;
 554              		.loc 1 70 5 view .LVU187
 555              	.LVL61:
  71:Drivers/lvgl/src/widgets/lv_line.c ****     line->point_num      = point_num;
 556              		.loc 1 71 5 view .LVU188
  71:Drivers/lvgl/src/widgets/lv_line.c ****     line->point_num      = point_num;
 557              		.loc 1 71 26 is_stmt 0 view .LVU189
 558 0004 4162     		str	r1, [r0, #36]
  72:Drivers/lvgl/src/widgets/lv_line.c **** 
 559              		.loc 1 72 5 is_stmt 1 view .LVU190
  72:Drivers/lvgl/src/widgets/lv_line.c **** 
 560              		.loc 1 72 26 is_stmt 0 view .LVU191
 561 0006 0285     		strh	r2, [r0, #40]	@ movhi
  74:Drivers/lvgl/src/widgets/lv_line.c **** 
 562              		.loc 1 74 5 is_stmt 1 view .LVU192
 563 0008 FFF7FEFF 		bl	lv_obj_refresh_self_size
 564              	.LVL62:
  76:Drivers/lvgl/src/widgets/lv_line.c **** }
 565              		.loc 1 76 5 view .LVU193
 566 000c 2046     		mov	r0, r4
 567 000e FFF7FEFF 		bl	lv_obj_invalidate
 568              	.LVL63:
  77:Drivers/lvgl/src/widgets/lv_line.c **** 
 569              		.loc 1 77 1 is_stmt 0 view .LVU194
 570 0012 10BD     		pop	{r4, pc}
  77:Drivers/lvgl/src/widgets/lv_line.c **** 
ARM GAS  /var/folders/0z/tsy30v1j4xl4_7kw94k978ww0000gn/T//ccolnnfa.s 			page 24


 571              		.loc 1 77 1 view .LVU195
 572              		.cfi_endproc
 573              	.LFE162:
 575              		.section	.text.lv_line_set_y_invert,"ax",%progbits
 576              		.align	1
 577              		.global	lv_line_set_y_invert
 578              		.syntax unified
 579              		.thumb
 580              		.thumb_func
 582              	lv_line_set_y_invert:
 583              	.LVL64:
 584              	.LFB163:
  80:Drivers/lvgl/src/widgets/lv_line.c ****     LV_ASSERT_OBJ(obj, MY_CLASS);
 585              		.loc 1 80 1 is_stmt 1 view -0
 586              		.cfi_startproc
 587              		@ args = 0, pretend = 0, frame = 0
 588              		@ frame_needed = 0, uses_anonymous_args = 0
  80:Drivers/lvgl/src/widgets/lv_line.c ****     LV_ASSERT_OBJ(obj, MY_CLASS);
 589              		.loc 1 80 1 is_stmt 0 view .LVU197
 590 0000 08B5     		push	{r3, lr}
 591              		.cfi_def_cfa_offset 8
 592              		.cfi_offset 3, -8
 593              		.cfi_offset 14, -4
  81:Drivers/lvgl/src/widgets/lv_line.c **** 
 594              		.loc 1 81 5 is_stmt 1 view .LVU198
  81:Drivers/lvgl/src/widgets/lv_line.c **** 
 595              		.loc 1 81 5 view .LVU199
  81:Drivers/lvgl/src/widgets/lv_line.c **** 
 596              		.loc 1 81 5 view .LVU200
  83:Drivers/lvgl/src/widgets/lv_line.c ****     if(line->y_inv == en) return;
 597              		.loc 1 83 5 view .LVU201
 598              	.LVL65:
  84:Drivers/lvgl/src/widgets/lv_line.c **** 
 599              		.loc 1 84 5 view .LVU202
  84:Drivers/lvgl/src/widgets/lv_line.c **** 
 600              		.loc 1 84 12 is_stmt 0 view .LVU203
 601 0002 90F82A30 		ldrb	r3, [r0, #42]	@ zero_extendqisi2
 602 0006 03F00103 		and	r3, r3, #1
  84:Drivers/lvgl/src/widgets/lv_line.c **** 
 603              		.loc 1 84 7 view .LVU204
 604 000a 8B42     		cmp	r3, r1
 605 000c 07D0     		beq	.L27
  86:Drivers/lvgl/src/widgets/lv_line.c **** 
 606              		.loc 1 86 5 is_stmt 1 discriminator 4 view .LVU205
  86:Drivers/lvgl/src/widgets/lv_line.c **** 
 607              		.loc 1 86 17 is_stmt 0 discriminator 4 view .LVU206
 608 000e 90F82A30 		ldrb	r3, [r0, #42]	@ zero_extendqisi2
 609 0012 61F30003 		bfi	r3, r1, #0, #1
 610 0016 80F82A30 		strb	r3, [r0, #42]
  88:Drivers/lvgl/src/widgets/lv_line.c **** }
 611              		.loc 1 88 5 is_stmt 1 discriminator 4 view .LVU207
 612 001a FFF7FEFF 		bl	lv_obj_invalidate
 613              	.LVL66:
 614              	.L27:
  89:Drivers/lvgl/src/widgets/lv_line.c **** 
 615              		.loc 1 89 1 is_stmt 0 view .LVU208
 616 001e 08BD     		pop	{r3, pc}
ARM GAS  /var/folders/0z/tsy30v1j4xl4_7kw94k978ww0000gn/T//ccolnnfa.s 			page 25


 617              		.cfi_endproc
 618              	.LFE163:
 620              		.section	.text.lv_line_get_y_invert,"ax",%progbits
 621              		.align	1
 622              		.global	lv_line_get_y_invert
 623              		.syntax unified
 624              		.thumb
 625              		.thumb_func
 627              	lv_line_get_y_invert:
 628              	.LVL67:
 629              	.LFB164:
  96:Drivers/lvgl/src/widgets/lv_line.c ****     LV_ASSERT_OBJ(obj, MY_CLASS);
 630              		.loc 1 96 1 is_stmt 1 view -0
 631              		.cfi_startproc
 632              		@ args = 0, pretend = 0, frame = 0
 633              		@ frame_needed = 0, uses_anonymous_args = 0
 634              		@ link register save eliminated.
  97:Drivers/lvgl/src/widgets/lv_line.c **** 
 635              		.loc 1 97 5 view .LVU210
  97:Drivers/lvgl/src/widgets/lv_line.c **** 
 636              		.loc 1 97 5 view .LVU211
  97:Drivers/lvgl/src/widgets/lv_line.c **** 
 637              		.loc 1 97 5 view .LVU212
  99:Drivers/lvgl/src/widgets/lv_line.c **** 
 638              		.loc 1 99 5 view .LVU213
 101:Drivers/lvgl/src/widgets/lv_line.c **** }
 639              		.loc 1 101 5 view .LVU214
 101:Drivers/lvgl/src/widgets/lv_line.c **** }
 640              		.loc 1 101 24 is_stmt 0 view .LVU215
 641 0000 90F82A00 		ldrb	r0, [r0, #42]	@ zero_extendqisi2
 642              	.LVL68:
 102:Drivers/lvgl/src/widgets/lv_line.c **** 
 643              		.loc 1 102 1 view .LVU216
 644 0004 00F00100 		and	r0, r0, #1
 645 0008 7047     		bx	lr
 646              		.cfi_endproc
 647              	.LFE164:
 649              		.global	lv_line_class
 650              		.section	.rodata.lv_line_class,"a"
 651              		.align	2
 652              		.set	.LANCHOR0,. + 0
 655              	lv_line_class:
 656 0000 00000000 		.word	lv_obj_class
 657 0004 00000000 		.word	lv_line_constructor
 658 0008 00000000 		.space	8
 658      00000000 
 659 0010 00000000 		.word	lv_line_event
 660 0014 D127     		.short	10193
 661 0016 D127     		.short	10193
 662 0018 C0       		.byte	192
 663 0019 02       		.byte	2
 664 001a 00       		.byte	0
 665 001b 00       		.space	1
 666              		.text
 667              	.Letext0:
 668              		.file 3 "/Users/johannes/Library/Application Support/Code/User/globalStorage/bmd.stm32-for-vscode/
 669              		.file 4 "/Users/johannes/Library/Application Support/Code/User/globalStorage/bmd.stm32-for-vscode/
ARM GAS  /var/folders/0z/tsy30v1j4xl4_7kw94k978ww0000gn/T//ccolnnfa.s 			page 26


 670              		.file 5 "/Users/johannes/Library/Application Support/Code/User/globalStorage/bmd.stm32-for-vscode/
 671              		.file 6 "Drivers/lvgl/src/widgets/../core/../misc/../font/../misc/lv_area.h"
 672              		.file 7 "Drivers/lvgl/src/widgets/../core/../misc/../font/lv_font.h"
 673              		.file 8 "Drivers/lvgl/src/widgets/../core/../misc/lv_types.h"
 674              		.file 9 "Drivers/lvgl/src/widgets/../core/../misc/lv_color.h"
 675              		.file 10 "Drivers/lvgl/src/widgets/../core/../misc/lv_txt.h"
 676              		.file 11 "Drivers/lvgl/src/widgets/../core/../misc/lv_bidi.h"
 677              		.file 12 "Drivers/lvgl/src/widgets/../core/../misc/lv_style.h"
 678              		.file 13 "Drivers/lvgl/src/widgets/../core/../hal/../draw/lv_img_buf.h"
 679              		.file 14 "Drivers/lvgl/src/widgets/../core/lv_obj.h"
 680              		.file 15 "Drivers/lvgl/src/widgets/../core/../hal/../draw/lv_draw_rect.h"
 681              		.file 16 "Drivers/lvgl/src/widgets/../core/../hal/../draw/lv_draw_label.h"
 682              		.file 17 "Drivers/lvgl/src/widgets/../core/../hal/../draw/lv_draw_img.h"
 683              		.file 18 "Drivers/lvgl/src/widgets/../core/../hal/../draw/lv_draw_line.h"
 684              		.file 19 "Drivers/lvgl/src/widgets/../core/../hal/../draw/lv_draw_arc.h"
 685              		.file 20 "Drivers/lvgl/src/widgets/../core/../hal/../draw/lv_draw_layer.h"
 686              		.file 21 "Drivers/lvgl/src/widgets/../core/../hal/../draw/lv_draw.h"
 687              		.file 22 "Drivers/lvgl/src/widgets/../core/../hal/../misc/lv_ll.h"
 688              		.file 23 "Drivers/lvgl/src/widgets/../core/lv_group.h"
 689              		.file 24 "Drivers/lvgl/src/widgets/../core/lv_obj_scroll.h"
 690              		.file 25 "Drivers/lvgl/src/widgets/../core/lv_obj_style.h"
 691              		.file 26 "Drivers/lvgl/src/widgets/../core/lv_obj_class.h"
 692              		.file 27 "Drivers/lvgl/src/widgets/../core/lv_event.h"
 693              		.file 28 "Drivers/lvgl/src/widgets/lv_line.h"
 694              		.file 29 "Drivers/lvgl/src/widgets/../core/../hal/../draw/sw/../../core/lv_obj_pos.h"
 695              		.file 30 "Drivers/lvgl/src/widgets/../core/lv_obj_draw.h"
ARM GAS  /var/folders/0z/tsy30v1j4xl4_7kw94k978ww0000gn/T//ccolnnfa.s 			page 27


DEFINED SYMBOLS
                            *ABS*:0000000000000000 lv_line.c
/var/folders/0z/tsy30v1j4xl4_7kw94k978ww0000gn/T//ccolnnfa.s:20     .text.lv_line_event:0000000000000000 $t
/var/folders/0z/tsy30v1j4xl4_7kw94k978ww0000gn/T//ccolnnfa.s:25     .text.lv_line_event:0000000000000000 lv_line_event
/var/folders/0z/tsy30v1j4xl4_7kw94k978ww0000gn/T//ccolnnfa.s:429    .text.lv_line_event:000000000000017c $d
/var/folders/0z/tsy30v1j4xl4_7kw94k978ww0000gn/T//ccolnnfa.s:436    .text.lv_line_constructor:0000000000000000 $t
/var/folders/0z/tsy30v1j4xl4_7kw94k978ww0000gn/T//ccolnnfa.s:441    .text.lv_line_constructor:0000000000000000 lv_line_constructor
/var/folders/0z/tsy30v1j4xl4_7kw94k978ww0000gn/T//ccolnnfa.s:483    .text.lv_line_create:0000000000000000 $t
/var/folders/0z/tsy30v1j4xl4_7kw94k978ww0000gn/T//ccolnnfa.s:489    .text.lv_line_create:0000000000000000 lv_line_create
/var/folders/0z/tsy30v1j4xl4_7kw94k978ww0000gn/T//ccolnnfa.s:527    .text.lv_line_create:0000000000000014 $d
/var/folders/0z/tsy30v1j4xl4_7kw94k978ww0000gn/T//ccolnnfa.s:532    .text.lv_line_set_points:0000000000000000 $t
/var/folders/0z/tsy30v1j4xl4_7kw94k978ww0000gn/T//ccolnnfa.s:538    .text.lv_line_set_points:0000000000000000 lv_line_set_points
/var/folders/0z/tsy30v1j4xl4_7kw94k978ww0000gn/T//ccolnnfa.s:576    .text.lv_line_set_y_invert:0000000000000000 $t
/var/folders/0z/tsy30v1j4xl4_7kw94k978ww0000gn/T//ccolnnfa.s:582    .text.lv_line_set_y_invert:0000000000000000 lv_line_set_y_invert
/var/folders/0z/tsy30v1j4xl4_7kw94k978ww0000gn/T//ccolnnfa.s:621    .text.lv_line_get_y_invert:0000000000000000 $t
/var/folders/0z/tsy30v1j4xl4_7kw94k978ww0000gn/T//ccolnnfa.s:627    .text.lv_line_get_y_invert:0000000000000000 lv_line_get_y_invert
/var/folders/0z/tsy30v1j4xl4_7kw94k978ww0000gn/T//ccolnnfa.s:655    .rodata.lv_line_class:0000000000000000 lv_line_class
/var/folders/0z/tsy30v1j4xl4_7kw94k978ww0000gn/T//ccolnnfa.s:651    .rodata.lv_line_class:0000000000000000 $d

UNDEFINED SYMBOLS
lv_obj_event_base
lv_event_get_code
lv_event_get_target
lv_event_get_draw_ctx
lv_obj_get_coords
lv_obj_get_scroll_x
lv_obj_get_scroll_y
lv_obj_get_height
lv_draw_line_dsc_init
lv_obj_init_draw_line_dsc
lv_obj_get_style_prop
lv_event_get_param
lv_draw_line
lv_obj_clear_flag
lv_obj_class_create_obj
lv_obj_class_init_obj
lv_obj_refresh_self_size
lv_obj_invalidate
lv_obj_class
