ARM GAS  /var/folders/0z/tsy30v1j4xl4_7kw94k978ww0000gn/T//cc5VR1wh.s 			page 1


   1              		.cpu cortex-m4
   2              		.arch armv7e-m
   3              		.fpu fpv4-sp-d16
   4              		.eabi_attribute 27, 1
   5              		.eabi_attribute 28, 1
   6              		.eabi_attribute 20, 1
   7              		.eabi_attribute 21, 1
   8              		.eabi_attribute 23, 3
   9              		.eabi_attribute 24, 1
  10              		.eabi_attribute 25, 1
  11              		.eabi_attribute 26, 1
  12              		.eabi_attribute 30, 1
  13              		.eabi_attribute 34, 1
  14              		.eabi_attribute 18, 4
  15              		.file	"lv_timer.c"
  16              		.text
  17              	.Ltext0:
  18              		.cfi_sections	.debug_frame
  19              		.section	.text.lv_timer_time_remaining,"ax",%progbits
  20              		.align	1
  21              		.syntax unified
  22              		.thumb
  23              		.thumb_func
  25              	lv_timer_time_remaining:
  26              	.LVL0:
  27              	.LFB40:
  28              		.file 1 "Drivers/lvgl/src/misc/lv_timer.c"
   1:Drivers/lvgl/src/misc/lv_timer.c **** /**
   2:Drivers/lvgl/src/misc/lv_timer.c ****  * @file lv_timer.c
   3:Drivers/lvgl/src/misc/lv_timer.c ****  */
   4:Drivers/lvgl/src/misc/lv_timer.c **** 
   5:Drivers/lvgl/src/misc/lv_timer.c **** /*********************
   6:Drivers/lvgl/src/misc/lv_timer.c ****  *      INCLUDES
   7:Drivers/lvgl/src/misc/lv_timer.c ****  *********************/
   8:Drivers/lvgl/src/misc/lv_timer.c **** #include "lv_timer.h"
   9:Drivers/lvgl/src/misc/lv_timer.c **** #include "../hal/lv_hal_tick.h"
  10:Drivers/lvgl/src/misc/lv_timer.c **** #include "lv_assert.h"
  11:Drivers/lvgl/src/misc/lv_timer.c **** #include "lv_mem.h"
  12:Drivers/lvgl/src/misc/lv_timer.c **** #include "lv_ll.h"
  13:Drivers/lvgl/src/misc/lv_timer.c **** #include "lv_gc.h"
  14:Drivers/lvgl/src/misc/lv_timer.c **** 
  15:Drivers/lvgl/src/misc/lv_timer.c **** /*********************
  16:Drivers/lvgl/src/misc/lv_timer.c ****  *      DEFINES
  17:Drivers/lvgl/src/misc/lv_timer.c ****  *********************/
  18:Drivers/lvgl/src/misc/lv_timer.c **** #define IDLE_MEAS_PERIOD 500 /*[ms]*/
  19:Drivers/lvgl/src/misc/lv_timer.c **** #define DEF_PERIOD 500
  20:Drivers/lvgl/src/misc/lv_timer.c **** 
  21:Drivers/lvgl/src/misc/lv_timer.c **** /**********************
  22:Drivers/lvgl/src/misc/lv_timer.c ****  *      TYPEDEFS
  23:Drivers/lvgl/src/misc/lv_timer.c ****  **********************/
  24:Drivers/lvgl/src/misc/lv_timer.c **** 
  25:Drivers/lvgl/src/misc/lv_timer.c **** /**********************
  26:Drivers/lvgl/src/misc/lv_timer.c ****  *  STATIC PROTOTYPES
  27:Drivers/lvgl/src/misc/lv_timer.c ****  **********************/
  28:Drivers/lvgl/src/misc/lv_timer.c **** static bool lv_timer_exec(lv_timer_t * timer);
  29:Drivers/lvgl/src/misc/lv_timer.c **** static uint32_t lv_timer_time_remaining(lv_timer_t * timer);
  30:Drivers/lvgl/src/misc/lv_timer.c **** 
ARM GAS  /var/folders/0z/tsy30v1j4xl4_7kw94k978ww0000gn/T//cc5VR1wh.s 			page 2


  31:Drivers/lvgl/src/misc/lv_timer.c **** /**********************
  32:Drivers/lvgl/src/misc/lv_timer.c ****  *  STATIC VARIABLES
  33:Drivers/lvgl/src/misc/lv_timer.c ****  **********************/
  34:Drivers/lvgl/src/misc/lv_timer.c **** static bool lv_timer_run = false;
  35:Drivers/lvgl/src/misc/lv_timer.c **** static uint8_t idle_last = 0;
  36:Drivers/lvgl/src/misc/lv_timer.c **** static bool timer_deleted;
  37:Drivers/lvgl/src/misc/lv_timer.c **** static bool timer_created;
  38:Drivers/lvgl/src/misc/lv_timer.c **** 
  39:Drivers/lvgl/src/misc/lv_timer.c **** /**********************
  40:Drivers/lvgl/src/misc/lv_timer.c ****  *      MACROS
  41:Drivers/lvgl/src/misc/lv_timer.c ****  **********************/
  42:Drivers/lvgl/src/misc/lv_timer.c **** #if LV_LOG_TRACE_TIMER
  43:Drivers/lvgl/src/misc/lv_timer.c ****     #define TIMER_TRACE(...) LV_LOG_TRACE(__VA_ARGS__)
  44:Drivers/lvgl/src/misc/lv_timer.c **** #else
  45:Drivers/lvgl/src/misc/lv_timer.c ****     #define TIMER_TRACE(...)
  46:Drivers/lvgl/src/misc/lv_timer.c **** #endif
  47:Drivers/lvgl/src/misc/lv_timer.c **** 
  48:Drivers/lvgl/src/misc/lv_timer.c **** /**********************
  49:Drivers/lvgl/src/misc/lv_timer.c ****  *   GLOBAL FUNCTIONS
  50:Drivers/lvgl/src/misc/lv_timer.c ****  **********************/
  51:Drivers/lvgl/src/misc/lv_timer.c **** 
  52:Drivers/lvgl/src/misc/lv_timer.c **** /**
  53:Drivers/lvgl/src/misc/lv_timer.c ****  * Init the lv_timer module
  54:Drivers/lvgl/src/misc/lv_timer.c ****  */
  55:Drivers/lvgl/src/misc/lv_timer.c **** void _lv_timer_core_init(void)
  56:Drivers/lvgl/src/misc/lv_timer.c **** {
  57:Drivers/lvgl/src/misc/lv_timer.c ****     _lv_ll_init(&LV_GC_ROOT(_lv_timer_ll), sizeof(lv_timer_t));
  58:Drivers/lvgl/src/misc/lv_timer.c **** 
  59:Drivers/lvgl/src/misc/lv_timer.c ****     /*Initially enable the lv_timer handling*/
  60:Drivers/lvgl/src/misc/lv_timer.c ****     lv_timer_enable(true);
  61:Drivers/lvgl/src/misc/lv_timer.c **** }
  62:Drivers/lvgl/src/misc/lv_timer.c **** 
  63:Drivers/lvgl/src/misc/lv_timer.c **** /**
  64:Drivers/lvgl/src/misc/lv_timer.c ****  * Call it periodically to handle lv_timers.
  65:Drivers/lvgl/src/misc/lv_timer.c ****  * @return the time after which it must be called again
  66:Drivers/lvgl/src/misc/lv_timer.c ****  */
  67:Drivers/lvgl/src/misc/lv_timer.c **** uint32_t LV_ATTRIBUTE_TIMER_HANDLER lv_timer_handler(void)
  68:Drivers/lvgl/src/misc/lv_timer.c **** {
  69:Drivers/lvgl/src/misc/lv_timer.c ****     TIMER_TRACE("begin");
  70:Drivers/lvgl/src/misc/lv_timer.c **** 
  71:Drivers/lvgl/src/misc/lv_timer.c ****     /*Avoid concurrent running of the timer handler*/
  72:Drivers/lvgl/src/misc/lv_timer.c ****     static bool already_running = false;
  73:Drivers/lvgl/src/misc/lv_timer.c ****     if(already_running) {
  74:Drivers/lvgl/src/misc/lv_timer.c ****         TIMER_TRACE("already running, concurrent calls are not allow, returning");
  75:Drivers/lvgl/src/misc/lv_timer.c ****         return 1;
  76:Drivers/lvgl/src/misc/lv_timer.c ****     }
  77:Drivers/lvgl/src/misc/lv_timer.c ****     already_running = true;
  78:Drivers/lvgl/src/misc/lv_timer.c **** 
  79:Drivers/lvgl/src/misc/lv_timer.c ****     if(lv_timer_run == false) {
  80:Drivers/lvgl/src/misc/lv_timer.c ****         already_running = false; /*Release mutex*/
  81:Drivers/lvgl/src/misc/lv_timer.c ****         return 1;
  82:Drivers/lvgl/src/misc/lv_timer.c ****     }
  83:Drivers/lvgl/src/misc/lv_timer.c **** 
  84:Drivers/lvgl/src/misc/lv_timer.c ****     static uint32_t idle_period_start = 0;
  85:Drivers/lvgl/src/misc/lv_timer.c ****     static uint32_t busy_time         = 0;
  86:Drivers/lvgl/src/misc/lv_timer.c **** 
  87:Drivers/lvgl/src/misc/lv_timer.c ****     uint32_t handler_start = lv_tick_get();
ARM GAS  /var/folders/0z/tsy30v1j4xl4_7kw94k978ww0000gn/T//cc5VR1wh.s 			page 3


  88:Drivers/lvgl/src/misc/lv_timer.c **** 
  89:Drivers/lvgl/src/misc/lv_timer.c ****     if(handler_start == 0) {
  90:Drivers/lvgl/src/misc/lv_timer.c ****         static uint32_t run_cnt = 0;
  91:Drivers/lvgl/src/misc/lv_timer.c ****         run_cnt++;
  92:Drivers/lvgl/src/misc/lv_timer.c ****         if(run_cnt > 100) {
  93:Drivers/lvgl/src/misc/lv_timer.c ****             run_cnt = 0;
  94:Drivers/lvgl/src/misc/lv_timer.c ****             LV_LOG_WARN("It seems lv_tick_inc() is not called.");
  95:Drivers/lvgl/src/misc/lv_timer.c ****         }
  96:Drivers/lvgl/src/misc/lv_timer.c ****     }
  97:Drivers/lvgl/src/misc/lv_timer.c **** 
  98:Drivers/lvgl/src/misc/lv_timer.c ****     /*Run all timer from the list*/
  99:Drivers/lvgl/src/misc/lv_timer.c ****     lv_timer_t * next;
 100:Drivers/lvgl/src/misc/lv_timer.c ****     do {
 101:Drivers/lvgl/src/misc/lv_timer.c ****         timer_deleted             = false;
 102:Drivers/lvgl/src/misc/lv_timer.c ****         timer_created             = false;
 103:Drivers/lvgl/src/misc/lv_timer.c ****         LV_GC_ROOT(_lv_timer_act) = _lv_ll_get_head(&LV_GC_ROOT(_lv_timer_ll));
 104:Drivers/lvgl/src/misc/lv_timer.c ****         while(LV_GC_ROOT(_lv_timer_act)) {
 105:Drivers/lvgl/src/misc/lv_timer.c ****             /*The timer might be deleted if it runs only once ('repeat_count = 1')
 106:Drivers/lvgl/src/misc/lv_timer.c ****              *So get next element until the current is surely valid*/
 107:Drivers/lvgl/src/misc/lv_timer.c ****             next = _lv_ll_get_next(&LV_GC_ROOT(_lv_timer_ll), LV_GC_ROOT(_lv_timer_act));
 108:Drivers/lvgl/src/misc/lv_timer.c **** 
 109:Drivers/lvgl/src/misc/lv_timer.c ****             if(lv_timer_exec(LV_GC_ROOT(_lv_timer_act))) {
 110:Drivers/lvgl/src/misc/lv_timer.c ****                 /*If a timer was created or deleted then this or the next item might be corrupted*/
 111:Drivers/lvgl/src/misc/lv_timer.c ****                 if(timer_created || timer_deleted) {
 112:Drivers/lvgl/src/misc/lv_timer.c ****                     TIMER_TRACE("Start from the first timer again because a timer was created or de
 113:Drivers/lvgl/src/misc/lv_timer.c ****                     break;
 114:Drivers/lvgl/src/misc/lv_timer.c ****                 }
 115:Drivers/lvgl/src/misc/lv_timer.c ****             }
 116:Drivers/lvgl/src/misc/lv_timer.c **** 
 117:Drivers/lvgl/src/misc/lv_timer.c ****             LV_GC_ROOT(_lv_timer_act) = next; /*Load the next timer*/
 118:Drivers/lvgl/src/misc/lv_timer.c ****         }
 119:Drivers/lvgl/src/misc/lv_timer.c ****     } while(LV_GC_ROOT(_lv_timer_act));
 120:Drivers/lvgl/src/misc/lv_timer.c **** 
 121:Drivers/lvgl/src/misc/lv_timer.c ****     uint32_t time_till_next = LV_NO_TIMER_READY;
 122:Drivers/lvgl/src/misc/lv_timer.c ****     next = _lv_ll_get_head(&LV_GC_ROOT(_lv_timer_ll));
 123:Drivers/lvgl/src/misc/lv_timer.c ****     while(next) {
 124:Drivers/lvgl/src/misc/lv_timer.c ****         if(!next->paused) {
 125:Drivers/lvgl/src/misc/lv_timer.c ****             uint32_t delay = lv_timer_time_remaining(next);
 126:Drivers/lvgl/src/misc/lv_timer.c ****             if(delay < time_till_next)
 127:Drivers/lvgl/src/misc/lv_timer.c ****                 time_till_next = delay;
 128:Drivers/lvgl/src/misc/lv_timer.c ****         }
 129:Drivers/lvgl/src/misc/lv_timer.c **** 
 130:Drivers/lvgl/src/misc/lv_timer.c ****         next = _lv_ll_get_next(&LV_GC_ROOT(_lv_timer_ll), next); /*Find the next timer*/
 131:Drivers/lvgl/src/misc/lv_timer.c ****     }
 132:Drivers/lvgl/src/misc/lv_timer.c **** 
 133:Drivers/lvgl/src/misc/lv_timer.c ****     busy_time += lv_tick_elaps(handler_start);
 134:Drivers/lvgl/src/misc/lv_timer.c ****     uint32_t idle_period_time = lv_tick_elaps(idle_period_start);
 135:Drivers/lvgl/src/misc/lv_timer.c ****     if(idle_period_time >= IDLE_MEAS_PERIOD) {
 136:Drivers/lvgl/src/misc/lv_timer.c ****         idle_last         = (busy_time * 100) / idle_period_time;  /*Calculate the busy percentage*
 137:Drivers/lvgl/src/misc/lv_timer.c ****         idle_last         = idle_last > 100 ? 0 : 100 - idle_last; /*But we need idle time*/
 138:Drivers/lvgl/src/misc/lv_timer.c ****         busy_time         = 0;
 139:Drivers/lvgl/src/misc/lv_timer.c ****         idle_period_start = lv_tick_get();
 140:Drivers/lvgl/src/misc/lv_timer.c ****     }
 141:Drivers/lvgl/src/misc/lv_timer.c **** 
 142:Drivers/lvgl/src/misc/lv_timer.c ****     already_running = false; /*Release the mutex*/
 143:Drivers/lvgl/src/misc/lv_timer.c **** 
 144:Drivers/lvgl/src/misc/lv_timer.c ****     TIMER_TRACE("finished (%d ms until the next timer call)", time_till_next);
ARM GAS  /var/folders/0z/tsy30v1j4xl4_7kw94k978ww0000gn/T//cc5VR1wh.s 			page 4


 145:Drivers/lvgl/src/misc/lv_timer.c ****     return time_till_next;
 146:Drivers/lvgl/src/misc/lv_timer.c **** }
 147:Drivers/lvgl/src/misc/lv_timer.c **** 
 148:Drivers/lvgl/src/misc/lv_timer.c **** /**
 149:Drivers/lvgl/src/misc/lv_timer.c ****  * Create an "empty" timer. It needs to initialized with at least
 150:Drivers/lvgl/src/misc/lv_timer.c ****  * `lv_timer_set_cb` and `lv_timer_set_period`
 151:Drivers/lvgl/src/misc/lv_timer.c ****  * @return pointer to the created timer
 152:Drivers/lvgl/src/misc/lv_timer.c ****  */
 153:Drivers/lvgl/src/misc/lv_timer.c **** lv_timer_t * lv_timer_create_basic(void)
 154:Drivers/lvgl/src/misc/lv_timer.c **** {
 155:Drivers/lvgl/src/misc/lv_timer.c ****     return lv_timer_create(NULL, DEF_PERIOD, NULL);
 156:Drivers/lvgl/src/misc/lv_timer.c **** }
 157:Drivers/lvgl/src/misc/lv_timer.c **** 
 158:Drivers/lvgl/src/misc/lv_timer.c **** /**
 159:Drivers/lvgl/src/misc/lv_timer.c ****  * Create a new lv_timer
 160:Drivers/lvgl/src/misc/lv_timer.c ****  * @param timer_xcb a callback which is the timer itself. It will be called periodically.
 161:Drivers/lvgl/src/misc/lv_timer.c ****  *                 (the 'x' in the argument name indicates that it's not a fully generic function b
 162:Drivers/lvgl/src/misc/lv_timer.c ****  *                  the `func_name(object, callback, ...)` convention)
 163:Drivers/lvgl/src/misc/lv_timer.c ****  * @param period call period in ms unit
 164:Drivers/lvgl/src/misc/lv_timer.c ****  * @param user_data custom parameter
 165:Drivers/lvgl/src/misc/lv_timer.c ****  * @return pointer to the new timer
 166:Drivers/lvgl/src/misc/lv_timer.c ****  */
 167:Drivers/lvgl/src/misc/lv_timer.c **** lv_timer_t * lv_timer_create(lv_timer_cb_t timer_xcb, uint32_t period, void * user_data)
 168:Drivers/lvgl/src/misc/lv_timer.c **** {
 169:Drivers/lvgl/src/misc/lv_timer.c ****     lv_timer_t * new_timer = NULL;
 170:Drivers/lvgl/src/misc/lv_timer.c **** 
 171:Drivers/lvgl/src/misc/lv_timer.c ****     new_timer = _lv_ll_ins_head(&LV_GC_ROOT(_lv_timer_ll));
 172:Drivers/lvgl/src/misc/lv_timer.c ****     LV_ASSERT_MALLOC(new_timer);
 173:Drivers/lvgl/src/misc/lv_timer.c ****     if(new_timer == NULL) return NULL;
 174:Drivers/lvgl/src/misc/lv_timer.c **** 
 175:Drivers/lvgl/src/misc/lv_timer.c ****     new_timer->period = period;
 176:Drivers/lvgl/src/misc/lv_timer.c ****     new_timer->timer_cb = timer_xcb;
 177:Drivers/lvgl/src/misc/lv_timer.c ****     new_timer->repeat_count = -1;
 178:Drivers/lvgl/src/misc/lv_timer.c ****     new_timer->paused = 0;
 179:Drivers/lvgl/src/misc/lv_timer.c ****     new_timer->last_run = lv_tick_get();
 180:Drivers/lvgl/src/misc/lv_timer.c ****     new_timer->user_data = user_data;
 181:Drivers/lvgl/src/misc/lv_timer.c **** 
 182:Drivers/lvgl/src/misc/lv_timer.c ****     timer_created = true;
 183:Drivers/lvgl/src/misc/lv_timer.c **** 
 184:Drivers/lvgl/src/misc/lv_timer.c ****     return new_timer;
 185:Drivers/lvgl/src/misc/lv_timer.c **** }
 186:Drivers/lvgl/src/misc/lv_timer.c **** 
 187:Drivers/lvgl/src/misc/lv_timer.c **** /**
 188:Drivers/lvgl/src/misc/lv_timer.c ****  * Set the callback the timer (the function to call periodically)
 189:Drivers/lvgl/src/misc/lv_timer.c ****  * @param timer pointer to a timer
 190:Drivers/lvgl/src/misc/lv_timer.c ****  * @param timer_cb the function to call periodically
 191:Drivers/lvgl/src/misc/lv_timer.c ****  */
 192:Drivers/lvgl/src/misc/lv_timer.c **** void lv_timer_set_cb(lv_timer_t * timer, lv_timer_cb_t timer_cb)
 193:Drivers/lvgl/src/misc/lv_timer.c **** {
 194:Drivers/lvgl/src/misc/lv_timer.c ****     timer->timer_cb = timer_cb;
 195:Drivers/lvgl/src/misc/lv_timer.c **** }
 196:Drivers/lvgl/src/misc/lv_timer.c **** 
 197:Drivers/lvgl/src/misc/lv_timer.c **** /**
 198:Drivers/lvgl/src/misc/lv_timer.c ****  * Delete a lv_timer
 199:Drivers/lvgl/src/misc/lv_timer.c ****  * @param timer pointer to timer created by timer
 200:Drivers/lvgl/src/misc/lv_timer.c ****  */
 201:Drivers/lvgl/src/misc/lv_timer.c **** void lv_timer_del(lv_timer_t * timer)
ARM GAS  /var/folders/0z/tsy30v1j4xl4_7kw94k978ww0000gn/T//cc5VR1wh.s 			page 5


 202:Drivers/lvgl/src/misc/lv_timer.c **** {
 203:Drivers/lvgl/src/misc/lv_timer.c ****     _lv_ll_remove(&LV_GC_ROOT(_lv_timer_ll), timer);
 204:Drivers/lvgl/src/misc/lv_timer.c ****     timer_deleted = true;
 205:Drivers/lvgl/src/misc/lv_timer.c **** 
 206:Drivers/lvgl/src/misc/lv_timer.c ****     lv_mem_free(timer);
 207:Drivers/lvgl/src/misc/lv_timer.c **** }
 208:Drivers/lvgl/src/misc/lv_timer.c **** 
 209:Drivers/lvgl/src/misc/lv_timer.c **** /**
 210:Drivers/lvgl/src/misc/lv_timer.c ****  * Pause/resume a timer.
 211:Drivers/lvgl/src/misc/lv_timer.c ****  * @param timer pointer to an lv_timer
 212:Drivers/lvgl/src/misc/lv_timer.c ****  */
 213:Drivers/lvgl/src/misc/lv_timer.c **** void lv_timer_pause(lv_timer_t * timer)
 214:Drivers/lvgl/src/misc/lv_timer.c **** {
 215:Drivers/lvgl/src/misc/lv_timer.c ****     timer->paused = true;
 216:Drivers/lvgl/src/misc/lv_timer.c **** }
 217:Drivers/lvgl/src/misc/lv_timer.c **** 
 218:Drivers/lvgl/src/misc/lv_timer.c **** void lv_timer_resume(lv_timer_t * timer)
 219:Drivers/lvgl/src/misc/lv_timer.c **** {
 220:Drivers/lvgl/src/misc/lv_timer.c ****     timer->paused = false;
 221:Drivers/lvgl/src/misc/lv_timer.c **** }
 222:Drivers/lvgl/src/misc/lv_timer.c **** 
 223:Drivers/lvgl/src/misc/lv_timer.c **** /**
 224:Drivers/lvgl/src/misc/lv_timer.c ****  * Set new period for a lv_timer
 225:Drivers/lvgl/src/misc/lv_timer.c ****  * @param timer pointer to a lv_timer
 226:Drivers/lvgl/src/misc/lv_timer.c ****  * @param period the new period
 227:Drivers/lvgl/src/misc/lv_timer.c ****  */
 228:Drivers/lvgl/src/misc/lv_timer.c **** void lv_timer_set_period(lv_timer_t * timer, uint32_t period)
 229:Drivers/lvgl/src/misc/lv_timer.c **** {
 230:Drivers/lvgl/src/misc/lv_timer.c ****     timer->period = period;
 231:Drivers/lvgl/src/misc/lv_timer.c **** }
 232:Drivers/lvgl/src/misc/lv_timer.c **** 
 233:Drivers/lvgl/src/misc/lv_timer.c **** /**
 234:Drivers/lvgl/src/misc/lv_timer.c ****  * Make a lv_timer ready. It will not wait its period.
 235:Drivers/lvgl/src/misc/lv_timer.c ****  * @param timer pointer to a lv_timer.
 236:Drivers/lvgl/src/misc/lv_timer.c ****  */
 237:Drivers/lvgl/src/misc/lv_timer.c **** void lv_timer_ready(lv_timer_t * timer)
 238:Drivers/lvgl/src/misc/lv_timer.c **** {
 239:Drivers/lvgl/src/misc/lv_timer.c ****     timer->last_run = lv_tick_get() - timer->period - 1;
 240:Drivers/lvgl/src/misc/lv_timer.c **** }
 241:Drivers/lvgl/src/misc/lv_timer.c **** 
 242:Drivers/lvgl/src/misc/lv_timer.c **** /**
 243:Drivers/lvgl/src/misc/lv_timer.c ****  * Set the number of times a timer will repeat.
 244:Drivers/lvgl/src/misc/lv_timer.c ****  * @param timer pointer to a lv_timer.
 245:Drivers/lvgl/src/misc/lv_timer.c ****  * @param repeat_count -1 : infinity;  0 : stop ;  n >0: residual times
 246:Drivers/lvgl/src/misc/lv_timer.c ****  */
 247:Drivers/lvgl/src/misc/lv_timer.c **** void lv_timer_set_repeat_count(lv_timer_t * timer, int32_t repeat_count)
 248:Drivers/lvgl/src/misc/lv_timer.c **** {
 249:Drivers/lvgl/src/misc/lv_timer.c ****     timer->repeat_count = repeat_count;
 250:Drivers/lvgl/src/misc/lv_timer.c **** }
 251:Drivers/lvgl/src/misc/lv_timer.c **** 
 252:Drivers/lvgl/src/misc/lv_timer.c **** /**
 253:Drivers/lvgl/src/misc/lv_timer.c ****  * Reset a lv_timer.
 254:Drivers/lvgl/src/misc/lv_timer.c ****  * It will be called the previously set period milliseconds later.
 255:Drivers/lvgl/src/misc/lv_timer.c ****  * @param timer pointer to a lv_timer.
 256:Drivers/lvgl/src/misc/lv_timer.c ****  */
 257:Drivers/lvgl/src/misc/lv_timer.c **** void lv_timer_reset(lv_timer_t * timer)
 258:Drivers/lvgl/src/misc/lv_timer.c **** {
ARM GAS  /var/folders/0z/tsy30v1j4xl4_7kw94k978ww0000gn/T//cc5VR1wh.s 			page 6


 259:Drivers/lvgl/src/misc/lv_timer.c ****     timer->last_run = lv_tick_get();
 260:Drivers/lvgl/src/misc/lv_timer.c **** }
 261:Drivers/lvgl/src/misc/lv_timer.c **** 
 262:Drivers/lvgl/src/misc/lv_timer.c **** /**
 263:Drivers/lvgl/src/misc/lv_timer.c ****  * Enable or disable the whole lv_timer handling
 264:Drivers/lvgl/src/misc/lv_timer.c ****  * @param en true: lv_timer handling is running, false: lv_timer handling is suspended
 265:Drivers/lvgl/src/misc/lv_timer.c ****  */
 266:Drivers/lvgl/src/misc/lv_timer.c **** void lv_timer_enable(bool en)
 267:Drivers/lvgl/src/misc/lv_timer.c **** {
 268:Drivers/lvgl/src/misc/lv_timer.c ****     lv_timer_run = en;
 269:Drivers/lvgl/src/misc/lv_timer.c **** }
 270:Drivers/lvgl/src/misc/lv_timer.c **** 
 271:Drivers/lvgl/src/misc/lv_timer.c **** /**
 272:Drivers/lvgl/src/misc/lv_timer.c ****  * Get idle percentage
 273:Drivers/lvgl/src/misc/lv_timer.c ****  * @return the lv_timer idle in percentage
 274:Drivers/lvgl/src/misc/lv_timer.c ****  */
 275:Drivers/lvgl/src/misc/lv_timer.c **** uint8_t lv_timer_get_idle(void)
 276:Drivers/lvgl/src/misc/lv_timer.c **** {
 277:Drivers/lvgl/src/misc/lv_timer.c ****     return idle_last;
 278:Drivers/lvgl/src/misc/lv_timer.c **** }
 279:Drivers/lvgl/src/misc/lv_timer.c **** 
 280:Drivers/lvgl/src/misc/lv_timer.c **** /**
 281:Drivers/lvgl/src/misc/lv_timer.c ****  * Iterate through the timers
 282:Drivers/lvgl/src/misc/lv_timer.c ****  * @param timer NULL to start iteration or the previous return value to get the next timer
 283:Drivers/lvgl/src/misc/lv_timer.c ****  * @return the next timer or NULL if there is no more timer
 284:Drivers/lvgl/src/misc/lv_timer.c ****  */
 285:Drivers/lvgl/src/misc/lv_timer.c **** lv_timer_t * lv_timer_get_next(lv_timer_t * timer)
 286:Drivers/lvgl/src/misc/lv_timer.c **** {
 287:Drivers/lvgl/src/misc/lv_timer.c ****     if(timer == NULL) return _lv_ll_get_head(&LV_GC_ROOT(_lv_timer_ll));
 288:Drivers/lvgl/src/misc/lv_timer.c ****     else return _lv_ll_get_next(&LV_GC_ROOT(_lv_timer_ll), timer);
 289:Drivers/lvgl/src/misc/lv_timer.c **** }
 290:Drivers/lvgl/src/misc/lv_timer.c **** 
 291:Drivers/lvgl/src/misc/lv_timer.c **** /**********************
 292:Drivers/lvgl/src/misc/lv_timer.c ****  *   STATIC FUNCTIONS
 293:Drivers/lvgl/src/misc/lv_timer.c ****  **********************/
 294:Drivers/lvgl/src/misc/lv_timer.c **** 
 295:Drivers/lvgl/src/misc/lv_timer.c **** /**
 296:Drivers/lvgl/src/misc/lv_timer.c ****  * Execute timer if its remaining time is zero
 297:Drivers/lvgl/src/misc/lv_timer.c ****  * @param timer pointer to lv_timer
 298:Drivers/lvgl/src/misc/lv_timer.c ****  * @return true: execute, false: not executed
 299:Drivers/lvgl/src/misc/lv_timer.c ****  */
 300:Drivers/lvgl/src/misc/lv_timer.c **** static bool lv_timer_exec(lv_timer_t * timer)
 301:Drivers/lvgl/src/misc/lv_timer.c **** {
 302:Drivers/lvgl/src/misc/lv_timer.c ****     if(timer->paused) return false;
 303:Drivers/lvgl/src/misc/lv_timer.c **** 
 304:Drivers/lvgl/src/misc/lv_timer.c ****     bool exec = false;
 305:Drivers/lvgl/src/misc/lv_timer.c ****     if(lv_timer_time_remaining(timer) == 0) {
 306:Drivers/lvgl/src/misc/lv_timer.c ****         /* Decrement the repeat count before executing the timer_cb.
 307:Drivers/lvgl/src/misc/lv_timer.c ****          * If any timer is deleted `if(timer->repeat_count == 0)` is not executed below
 308:Drivers/lvgl/src/misc/lv_timer.c ****          * but at least the repeat count is zero and the timer can be deleted in the next round*/
 309:Drivers/lvgl/src/misc/lv_timer.c ****         int32_t original_repeat_count = timer->repeat_count;
 310:Drivers/lvgl/src/misc/lv_timer.c ****         if(timer->repeat_count > 0) timer->repeat_count--;
 311:Drivers/lvgl/src/misc/lv_timer.c ****         timer->last_run = lv_tick_get();
 312:Drivers/lvgl/src/misc/lv_timer.c ****         TIMER_TRACE("calling timer callback: %p", *((void **)&timer->timer_cb));
 313:Drivers/lvgl/src/misc/lv_timer.c ****         if(timer->timer_cb && original_repeat_count != 0) timer->timer_cb(timer);
 314:Drivers/lvgl/src/misc/lv_timer.c ****         TIMER_TRACE("timer callback %p finished", *((void **)&timer->timer_cb));
 315:Drivers/lvgl/src/misc/lv_timer.c ****         LV_ASSERT_MEM_INTEGRITY();
ARM GAS  /var/folders/0z/tsy30v1j4xl4_7kw94k978ww0000gn/T//cc5VR1wh.s 			page 7


 316:Drivers/lvgl/src/misc/lv_timer.c ****         exec = true;
 317:Drivers/lvgl/src/misc/lv_timer.c ****     }
 318:Drivers/lvgl/src/misc/lv_timer.c **** 
 319:Drivers/lvgl/src/misc/lv_timer.c ****     if(timer_deleted == false) { /*The timer might be deleted by itself as well*/
 320:Drivers/lvgl/src/misc/lv_timer.c ****         if(timer->repeat_count == 0) { /*The repeat count is over, delete the timer*/
 321:Drivers/lvgl/src/misc/lv_timer.c ****             TIMER_TRACE("deleting timer with %p callback because the repeat count is over", *((void
 322:Drivers/lvgl/src/misc/lv_timer.c ****             lv_timer_del(timer);
 323:Drivers/lvgl/src/misc/lv_timer.c ****         }
 324:Drivers/lvgl/src/misc/lv_timer.c ****     }
 325:Drivers/lvgl/src/misc/lv_timer.c **** 
 326:Drivers/lvgl/src/misc/lv_timer.c ****     return exec;
 327:Drivers/lvgl/src/misc/lv_timer.c **** }
 328:Drivers/lvgl/src/misc/lv_timer.c **** 
 329:Drivers/lvgl/src/misc/lv_timer.c **** /**
 330:Drivers/lvgl/src/misc/lv_timer.c ****  * Find out how much time remains before a timer must be run.
 331:Drivers/lvgl/src/misc/lv_timer.c ****  * @param timer pointer to lv_timer
 332:Drivers/lvgl/src/misc/lv_timer.c ****  * @return the time remaining, or 0 if it needs to be run again
 333:Drivers/lvgl/src/misc/lv_timer.c ****  */
 334:Drivers/lvgl/src/misc/lv_timer.c **** static uint32_t lv_timer_time_remaining(lv_timer_t * timer)
 335:Drivers/lvgl/src/misc/lv_timer.c **** {
  29              		.loc 1 335 1 view -0
  30              		.cfi_startproc
  31              		@ args = 0, pretend = 0, frame = 0
  32              		@ frame_needed = 0, uses_anonymous_args = 0
  33              		.loc 1 335 1 is_stmt 0 view .LVU1
  34 0000 10B5     		push	{r4, lr}
  35              		.cfi_def_cfa_offset 8
  36              		.cfi_offset 4, -8
  37              		.cfi_offset 14, -4
  38 0002 0446     		mov	r4, r0
 336:Drivers/lvgl/src/misc/lv_timer.c ****     /*Check if at least 'period' time elapsed*/
 337:Drivers/lvgl/src/misc/lv_timer.c ****     uint32_t elp = lv_tick_elaps(timer->last_run);
  39              		.loc 1 337 5 is_stmt 1 view .LVU2
  40              		.loc 1 337 20 is_stmt 0 view .LVU3
  41 0004 4068     		ldr	r0, [r0, #4]
  42              	.LVL1:
  43              		.loc 1 337 20 view .LVU4
  44 0006 FFF7FEFF 		bl	lv_tick_elaps
  45              	.LVL2:
 338:Drivers/lvgl/src/misc/lv_timer.c ****     if(elp >= timer->period)
  46              		.loc 1 338 5 is_stmt 1 view .LVU5
  47              		.loc 1 338 20 is_stmt 0 view .LVU6
  48 000a 2368     		ldr	r3, [r4]
  49              		.loc 1 338 7 view .LVU7
  50 000c 8342     		cmp	r3, r0
  51 000e 01D9     		bls	.L3
 339:Drivers/lvgl/src/misc/lv_timer.c ****         return 0;
 340:Drivers/lvgl/src/misc/lv_timer.c ****     return timer->period - elp;
  52              		.loc 1 340 5 is_stmt 1 view .LVU8
  53              		.loc 1 340 26 is_stmt 0 view .LVU9
  54 0010 181A     		subs	r0, r3, r0
  55              	.LVL3:
  56              	.L1:
 341:Drivers/lvgl/src/misc/lv_timer.c **** }
  57              		.loc 1 341 1 view .LVU10
  58 0012 10BD     		pop	{r4, pc}
  59              	.LVL4:
ARM GAS  /var/folders/0z/tsy30v1j4xl4_7kw94k978ww0000gn/T//cc5VR1wh.s 			page 8


  60              	.L3:
 339:Drivers/lvgl/src/misc/lv_timer.c ****         return 0;
  61              		.loc 1 339 16 view .LVU11
  62 0014 0020     		movs	r0, #0
  63              	.LVL5:
 339:Drivers/lvgl/src/misc/lv_timer.c ****         return 0;
  64              		.loc 1 339 16 view .LVU12
  65 0016 FCE7     		b	.L1
  66              		.cfi_endproc
  67              	.LFE40:
  69              		.section	.text.lv_timer_create,"ax",%progbits
  70              		.align	1
  71              		.global	lv_timer_create
  72              		.syntax unified
  73              		.thumb
  74              		.thumb_func
  76              	lv_timer_create:
  77              	.LVL6:
  78              	.LFB27:
 168:Drivers/lvgl/src/misc/lv_timer.c ****     lv_timer_t * new_timer = NULL;
  79              		.loc 1 168 1 is_stmt 1 view -0
  80              		.cfi_startproc
  81              		@ args = 0, pretend = 0, frame = 0
  82              		@ frame_needed = 0, uses_anonymous_args = 0
 168:Drivers/lvgl/src/misc/lv_timer.c ****     lv_timer_t * new_timer = NULL;
  83              		.loc 1 168 1 is_stmt 0 view .LVU14
  84 0000 F8B5     		push	{r3, r4, r5, r6, r7, lr}
  85              		.cfi_def_cfa_offset 24
  86              		.cfi_offset 3, -24
  87              		.cfi_offset 4, -20
  88              		.cfi_offset 5, -16
  89              		.cfi_offset 6, -12
  90              		.cfi_offset 7, -8
  91              		.cfi_offset 14, -4
  92 0002 0646     		mov	r6, r0
  93 0004 0F46     		mov	r7, r1
  94 0006 1546     		mov	r5, r2
 169:Drivers/lvgl/src/misc/lv_timer.c **** 
  95              		.loc 1 169 5 is_stmt 1 view .LVU15
  96              	.LVL7:
 171:Drivers/lvgl/src/misc/lv_timer.c ****     LV_ASSERT_MALLOC(new_timer);
  97              		.loc 1 171 5 view .LVU16
 171:Drivers/lvgl/src/misc/lv_timer.c ****     LV_ASSERT_MALLOC(new_timer);
  98              		.loc 1 171 17 is_stmt 0 view .LVU17
  99 0008 0B48     		ldr	r0, .L9
 100              	.LVL8:
 171:Drivers/lvgl/src/misc/lv_timer.c ****     LV_ASSERT_MALLOC(new_timer);
 101              		.loc 1 171 17 view .LVU18
 102 000a FFF7FEFF 		bl	_lv_ll_ins_head
 103              	.LVL9:
 172:Drivers/lvgl/src/misc/lv_timer.c ****     if(new_timer == NULL) return NULL;
 104              		.loc 1 172 5 is_stmt 1 view .LVU19
 172:Drivers/lvgl/src/misc/lv_timer.c ****     if(new_timer == NULL) return NULL;
 105              		.loc 1 172 5 view .LVU20
 106 000e 90B1     		cbz	r0, .L7
 107 0010 0446     		mov	r4, r0
 172:Drivers/lvgl/src/misc/lv_timer.c ****     if(new_timer == NULL) return NULL;
ARM GAS  /var/folders/0z/tsy30v1j4xl4_7kw94k978ww0000gn/T//cc5VR1wh.s 			page 9


 108              		.loc 1 172 5 view .LVU21
 172:Drivers/lvgl/src/misc/lv_timer.c ****     if(new_timer == NULL) return NULL;
 109              		.loc 1 172 32 view .LVU22
 173:Drivers/lvgl/src/misc/lv_timer.c **** 
 110              		.loc 1 173 5 view .LVU23
 175:Drivers/lvgl/src/misc/lv_timer.c ****     new_timer->timer_cb = timer_xcb;
 111              		.loc 1 175 5 view .LVU24
 175:Drivers/lvgl/src/misc/lv_timer.c ****     new_timer->timer_cb = timer_xcb;
 112              		.loc 1 175 23 is_stmt 0 view .LVU25
 113 0012 0760     		str	r7, [r0]
 176:Drivers/lvgl/src/misc/lv_timer.c ****     new_timer->repeat_count = -1;
 114              		.loc 1 176 5 is_stmt 1 view .LVU26
 176:Drivers/lvgl/src/misc/lv_timer.c ****     new_timer->repeat_count = -1;
 115              		.loc 1 176 25 is_stmt 0 view .LVU27
 116 0014 8660     		str	r6, [r0, #8]
 177:Drivers/lvgl/src/misc/lv_timer.c ****     new_timer->paused = 0;
 117              		.loc 1 177 5 is_stmt 1 view .LVU28
 177:Drivers/lvgl/src/misc/lv_timer.c ****     new_timer->paused = 0;
 118              		.loc 1 177 29 is_stmt 0 view .LVU29
 119 0016 4FF0FF33 		mov	r3, #-1
 120 001a 0361     		str	r3, [r0, #16]
 178:Drivers/lvgl/src/misc/lv_timer.c ****     new_timer->last_run = lv_tick_get();
 121              		.loc 1 178 5 is_stmt 1 view .LVU30
 178:Drivers/lvgl/src/misc/lv_timer.c ****     new_timer->last_run = lv_tick_get();
 122              		.loc 1 178 23 is_stmt 0 view .LVU31
 123 001c 037D     		ldrb	r3, [r0, #20]	@ zero_extendqisi2
 124 001e 6FF30003 		bfc	r3, #0, #1
 125 0022 0375     		strb	r3, [r0, #20]
 179:Drivers/lvgl/src/misc/lv_timer.c ****     new_timer->user_data = user_data;
 126              		.loc 1 179 5 is_stmt 1 view .LVU32
 179:Drivers/lvgl/src/misc/lv_timer.c ****     new_timer->user_data = user_data;
 127              		.loc 1 179 27 is_stmt 0 view .LVU33
 128 0024 FFF7FEFF 		bl	lv_tick_get
 129              	.LVL10:
 179:Drivers/lvgl/src/misc/lv_timer.c ****     new_timer->user_data = user_data;
 130              		.loc 1 179 25 view .LVU34
 131 0028 6060     		str	r0, [r4, #4]
 180:Drivers/lvgl/src/misc/lv_timer.c **** 
 132              		.loc 1 180 5 is_stmt 1 view .LVU35
 180:Drivers/lvgl/src/misc/lv_timer.c **** 
 133              		.loc 1 180 26 is_stmt 0 view .LVU36
 134 002a E560     		str	r5, [r4, #12]
 182:Drivers/lvgl/src/misc/lv_timer.c **** 
 135              		.loc 1 182 5 is_stmt 1 view .LVU37
 182:Drivers/lvgl/src/misc/lv_timer.c **** 
 136              		.loc 1 182 19 is_stmt 0 view .LVU38
 137 002c 034B     		ldr	r3, .L9+4
 138 002e 0122     		movs	r2, #1
 139 0030 1A70     		strb	r2, [r3]
 184:Drivers/lvgl/src/misc/lv_timer.c **** }
 140              		.loc 1 184 5 is_stmt 1 view .LVU39
 185:Drivers/lvgl/src/misc/lv_timer.c **** 
 141              		.loc 1 185 1 is_stmt 0 view .LVU40
 142 0032 2046     		mov	r0, r4
 143 0034 F8BD     		pop	{r3, r4, r5, r6, r7, pc}
 144              	.LVL11:
 145              	.L7:
ARM GAS  /var/folders/0z/tsy30v1j4xl4_7kw94k978ww0000gn/T//cc5VR1wh.s 			page 10


 172:Drivers/lvgl/src/misc/lv_timer.c ****     if(new_timer == NULL) return NULL;
 146              		.loc 1 172 5 is_stmt 1 discriminator 1 view .LVU41
 172:Drivers/lvgl/src/misc/lv_timer.c ****     if(new_timer == NULL) return NULL;
 147              		.loc 1 172 5 discriminator 1 view .LVU42
 172:Drivers/lvgl/src/misc/lv_timer.c ****     if(new_timer == NULL) return NULL;
 148              		.loc 1 172 5 discriminator 1 view .LVU43
 172:Drivers/lvgl/src/misc/lv_timer.c ****     if(new_timer == NULL) return NULL;
 149              		.loc 1 172 5 discriminator 1 view .LVU44
 172:Drivers/lvgl/src/misc/lv_timer.c ****     if(new_timer == NULL) return NULL;
 150              		.loc 1 172 5 discriminator 1 view .LVU45
 151 0036 FEE7     		b	.L7
 152              	.L10:
 153              		.align	2
 154              	.L9:
 155 0038 00000000 		.word	_lv_timer_ll
 156 003c 00000000 		.word	.LANCHOR0
 157              		.cfi_endproc
 158              	.LFE27:
 160              		.section	.text.lv_timer_create_basic,"ax",%progbits
 161              		.align	1
 162              		.global	lv_timer_create_basic
 163              		.syntax unified
 164              		.thumb
 165              		.thumb_func
 167              	lv_timer_create_basic:
 168              	.LFB26:
 154:Drivers/lvgl/src/misc/lv_timer.c ****     return lv_timer_create(NULL, DEF_PERIOD, NULL);
 169              		.loc 1 154 1 view -0
 170              		.cfi_startproc
 171              		@ args = 0, pretend = 0, frame = 0
 172              		@ frame_needed = 0, uses_anonymous_args = 0
 173 0000 08B5     		push	{r3, lr}
 174              		.cfi_def_cfa_offset 8
 175              		.cfi_offset 3, -8
 176              		.cfi_offset 14, -4
 155:Drivers/lvgl/src/misc/lv_timer.c **** }
 177              		.loc 1 155 5 view .LVU47
 155:Drivers/lvgl/src/misc/lv_timer.c **** }
 178              		.loc 1 155 12 is_stmt 0 view .LVU48
 179 0002 0022     		movs	r2, #0
 180 0004 4FF4FA71 		mov	r1, #500
 181 0008 1046     		mov	r0, r2
 182 000a FFF7FEFF 		bl	lv_timer_create
 183              	.LVL12:
 156:Drivers/lvgl/src/misc/lv_timer.c **** 
 184              		.loc 1 156 1 view .LVU49
 185 000e 08BD     		pop	{r3, pc}
 186              		.cfi_endproc
 187              	.LFE26:
 189              		.section	.text.lv_timer_set_cb,"ax",%progbits
 190              		.align	1
 191              		.global	lv_timer_set_cb
 192              		.syntax unified
 193              		.thumb
 194              		.thumb_func
 196              	lv_timer_set_cb:
 197              	.LVL13:
ARM GAS  /var/folders/0z/tsy30v1j4xl4_7kw94k978ww0000gn/T//cc5VR1wh.s 			page 11


 198              	.LFB28:
 193:Drivers/lvgl/src/misc/lv_timer.c ****     timer->timer_cb = timer_cb;
 199              		.loc 1 193 1 is_stmt 1 view -0
 200              		.cfi_startproc
 201              		@ args = 0, pretend = 0, frame = 0
 202              		@ frame_needed = 0, uses_anonymous_args = 0
 203              		@ link register save eliminated.
 194:Drivers/lvgl/src/misc/lv_timer.c **** }
 204              		.loc 1 194 5 view .LVU51
 194:Drivers/lvgl/src/misc/lv_timer.c **** }
 205              		.loc 1 194 21 is_stmt 0 view .LVU52
 206 0000 8160     		str	r1, [r0, #8]
 195:Drivers/lvgl/src/misc/lv_timer.c **** 
 207              		.loc 1 195 1 view .LVU53
 208 0002 7047     		bx	lr
 209              		.cfi_endproc
 210              	.LFE28:
 212              		.section	.text.lv_timer_del,"ax",%progbits
 213              		.align	1
 214              		.global	lv_timer_del
 215              		.syntax unified
 216              		.thumb
 217              		.thumb_func
 219              	lv_timer_del:
 220              	.LVL14:
 221              	.LFB29:
 202:Drivers/lvgl/src/misc/lv_timer.c ****     _lv_ll_remove(&LV_GC_ROOT(_lv_timer_ll), timer);
 222              		.loc 1 202 1 is_stmt 1 view -0
 223              		.cfi_startproc
 224              		@ args = 0, pretend = 0, frame = 0
 225              		@ frame_needed = 0, uses_anonymous_args = 0
 202:Drivers/lvgl/src/misc/lv_timer.c ****     _lv_ll_remove(&LV_GC_ROOT(_lv_timer_ll), timer);
 226              		.loc 1 202 1 is_stmt 0 view .LVU55
 227 0000 10B5     		push	{r4, lr}
 228              		.cfi_def_cfa_offset 8
 229              		.cfi_offset 4, -8
 230              		.cfi_offset 14, -4
 231 0002 0446     		mov	r4, r0
 203:Drivers/lvgl/src/misc/lv_timer.c ****     timer_deleted = true;
 232              		.loc 1 203 5 is_stmt 1 view .LVU56
 233 0004 0146     		mov	r1, r0
 234 0006 0548     		ldr	r0, .L16
 235              	.LVL15:
 203:Drivers/lvgl/src/misc/lv_timer.c ****     timer_deleted = true;
 236              		.loc 1 203 5 is_stmt 0 view .LVU57
 237 0008 FFF7FEFF 		bl	_lv_ll_remove
 238              	.LVL16:
 204:Drivers/lvgl/src/misc/lv_timer.c **** 
 239              		.loc 1 204 5 is_stmt 1 view .LVU58
 204:Drivers/lvgl/src/misc/lv_timer.c **** 
 240              		.loc 1 204 19 is_stmt 0 view .LVU59
 241 000c 044B     		ldr	r3, .L16+4
 242 000e 0122     		movs	r2, #1
 243 0010 1A70     		strb	r2, [r3]
 206:Drivers/lvgl/src/misc/lv_timer.c **** }
 244              		.loc 1 206 5 is_stmt 1 view .LVU60
 245 0012 2046     		mov	r0, r4
ARM GAS  /var/folders/0z/tsy30v1j4xl4_7kw94k978ww0000gn/T//cc5VR1wh.s 			page 12


 246 0014 FFF7FEFF 		bl	lv_mem_free
 247              	.LVL17:
 207:Drivers/lvgl/src/misc/lv_timer.c **** 
 248              		.loc 1 207 1 is_stmt 0 view .LVU61
 249 0018 10BD     		pop	{r4, pc}
 250              	.LVL18:
 251              	.L17:
 207:Drivers/lvgl/src/misc/lv_timer.c **** 
 252              		.loc 1 207 1 view .LVU62
 253 001a 00BF     		.align	2
 254              	.L16:
 255 001c 00000000 		.word	_lv_timer_ll
 256 0020 00000000 		.word	.LANCHOR1
 257              		.cfi_endproc
 258              	.LFE29:
 260              		.section	.text.lv_timer_exec,"ax",%progbits
 261              		.align	1
 262              		.syntax unified
 263              		.thumb
 264              		.thumb_func
 266              	lv_timer_exec:
 267              	.LVL19:
 268              	.LFB39:
 301:Drivers/lvgl/src/misc/lv_timer.c ****     if(timer->paused) return false;
 269              		.loc 1 301 1 is_stmt 1 view -0
 270              		.cfi_startproc
 271              		@ args = 0, pretend = 0, frame = 0
 272              		@ frame_needed = 0, uses_anonymous_args = 0
 301:Drivers/lvgl/src/misc/lv_timer.c ****     if(timer->paused) return false;
 273              		.loc 1 301 1 is_stmt 0 view .LVU64
 274 0000 38B5     		push	{r3, r4, r5, lr}
 275              		.cfi_def_cfa_offset 16
 276              		.cfi_offset 3, -16
 277              		.cfi_offset 4, -12
 278              		.cfi_offset 5, -8
 279              		.cfi_offset 14, -4
 302:Drivers/lvgl/src/misc/lv_timer.c **** 
 280              		.loc 1 302 5 is_stmt 1 view .LVU65
 302:Drivers/lvgl/src/misc/lv_timer.c **** 
 281              		.loc 1 302 8 is_stmt 0 view .LVU66
 282 0002 037D     		ldrb	r3, [r0, #20]	@ zero_extendqisi2
 302:Drivers/lvgl/src/misc/lv_timer.c **** 
 283              		.loc 1 302 7 view .LVU67
 284 0004 13F0010F 		tst	r3, #1
 285 0008 02D0     		beq	.L27
 302:Drivers/lvgl/src/misc/lv_timer.c **** 
 286              		.loc 1 302 30 view .LVU68
 287 000a 0025     		movs	r5, #0
 288              	.LVL20:
 289              	.L19:
 327:Drivers/lvgl/src/misc/lv_timer.c **** 
 290              		.loc 1 327 1 view .LVU69
 291 000c 2846     		mov	r0, r5
 292 000e 38BD     		pop	{r3, r4, r5, pc}
 293              	.LVL21:
 294              	.L27:
 327:Drivers/lvgl/src/misc/lv_timer.c **** 
ARM GAS  /var/folders/0z/tsy30v1j4xl4_7kw94k978ww0000gn/T//cc5VR1wh.s 			page 13


 295              		.loc 1 327 1 view .LVU70
 296 0010 0446     		mov	r4, r0
 304:Drivers/lvgl/src/misc/lv_timer.c ****     if(lv_timer_time_remaining(timer) == 0) {
 297              		.loc 1 304 5 is_stmt 1 view .LVU71
 298              	.LVL22:
 305:Drivers/lvgl/src/misc/lv_timer.c ****         /* Decrement the repeat count before executing the timer_cb.
 299              		.loc 1 305 5 view .LVU72
 305:Drivers/lvgl/src/misc/lv_timer.c ****         /* Decrement the repeat count before executing the timer_cb.
 300              		.loc 1 305 8 is_stmt 0 view .LVU73
 301 0012 FFF7FEFF 		bl	lv_timer_time_remaining
 302              	.LVL23:
 305:Drivers/lvgl/src/misc/lv_timer.c ****         /* Decrement the repeat count before executing the timer_cb.
 303              		.loc 1 305 7 view .LVU74
 304 0016 70B9     		cbnz	r0, .L23
 305              	.LBB2:
 309:Drivers/lvgl/src/misc/lv_timer.c ****         if(timer->repeat_count > 0) timer->repeat_count--;
 306              		.loc 1 309 9 is_stmt 1 view .LVU75
 309:Drivers/lvgl/src/misc/lv_timer.c ****         if(timer->repeat_count > 0) timer->repeat_count--;
 307              		.loc 1 309 17 is_stmt 0 view .LVU76
 308 0018 2569     		ldr	r5, [r4, #16]
 309              	.LVL24:
 310:Drivers/lvgl/src/misc/lv_timer.c ****         timer->last_run = lv_tick_get();
 310              		.loc 1 310 9 is_stmt 1 view .LVU77
 310:Drivers/lvgl/src/misc/lv_timer.c ****         timer->last_run = lv_tick_get();
 311              		.loc 1 310 11 is_stmt 0 view .LVU78
 312 001a 002D     		cmp	r5, #0
 313 001c 01DD     		ble	.L21
 310:Drivers/lvgl/src/misc/lv_timer.c ****         timer->last_run = lv_tick_get();
 314              		.loc 1 310 37 is_stmt 1 discriminator 1 view .LVU79
 310:Drivers/lvgl/src/misc/lv_timer.c ****         timer->last_run = lv_tick_get();
 315              		.loc 1 310 56 is_stmt 0 discriminator 1 view .LVU80
 316 001e 6B1E     		subs	r3, r5, #1
 317 0020 2361     		str	r3, [r4, #16]
 318              	.L21:
 311:Drivers/lvgl/src/misc/lv_timer.c ****         TIMER_TRACE("calling timer callback: %p", *((void **)&timer->timer_cb));
 319              		.loc 1 311 9 is_stmt 1 view .LVU81
 311:Drivers/lvgl/src/misc/lv_timer.c ****         TIMER_TRACE("calling timer callback: %p", *((void **)&timer->timer_cb));
 320              		.loc 1 311 27 is_stmt 0 view .LVU82
 321 0022 FFF7FEFF 		bl	lv_tick_get
 322              	.LVL25:
 311:Drivers/lvgl/src/misc/lv_timer.c ****         TIMER_TRACE("calling timer callback: %p", *((void **)&timer->timer_cb));
 323              		.loc 1 311 25 view .LVU83
 324 0026 6060     		str	r0, [r4, #4]
 312:Drivers/lvgl/src/misc/lv_timer.c ****         if(timer->timer_cb && original_repeat_count != 0) timer->timer_cb(timer);
 325              		.loc 1 312 80 is_stmt 1 view .LVU84
 313:Drivers/lvgl/src/misc/lv_timer.c ****         TIMER_TRACE("timer callback %p finished", *((void **)&timer->timer_cb));
 326              		.loc 1 313 9 view .LVU85
 313:Drivers/lvgl/src/misc/lv_timer.c ****         TIMER_TRACE("timer callback %p finished", *((void **)&timer->timer_cb));
 327              		.loc 1 313 17 is_stmt 0 view .LVU86
 328 0028 A368     		ldr	r3, [r4, #8]
 313:Drivers/lvgl/src/misc/lv_timer.c ****         TIMER_TRACE("timer callback %p finished", *((void **)&timer->timer_cb));
 329              		.loc 1 313 11 view .LVU87
 330 002a 83B1     		cbz	r3, .L24
 313:Drivers/lvgl/src/misc/lv_timer.c ****         TIMER_TRACE("timer callback %p finished", *((void **)&timer->timer_cb));
 331              		.loc 1 313 28 discriminator 1 view .LVU88
 332 002c 8DB1     		cbz	r5, .L25
 313:Drivers/lvgl/src/misc/lv_timer.c ****         TIMER_TRACE("timer callback %p finished", *((void **)&timer->timer_cb));
ARM GAS  /var/folders/0z/tsy30v1j4xl4_7kw94k978ww0000gn/T//cc5VR1wh.s 			page 14


 333              		.loc 1 313 59 is_stmt 1 discriminator 2 view .LVU89
 334 002e 2046     		mov	r0, r4
 335 0030 9847     		blx	r3
 336              	.LVL26:
 316:Drivers/lvgl/src/misc/lv_timer.c ****     }
 337              		.loc 1 316 14 is_stmt 0 discriminator 2 view .LVU90
 338 0032 0125     		movs	r5, #1
 339              	.LVL27:
 316:Drivers/lvgl/src/misc/lv_timer.c ****     }
 340              		.loc 1 316 14 discriminator 2 view .LVU91
 341 0034 00E0     		b	.L20
 342              	.L23:
 316:Drivers/lvgl/src/misc/lv_timer.c ****     }
 343              		.loc 1 316 14 discriminator 2 view .LVU92
 344              	.LBE2:
 304:Drivers/lvgl/src/misc/lv_timer.c ****     if(lv_timer_time_remaining(timer) == 0) {
 345              		.loc 1 304 10 view .LVU93
 346 0036 0025     		movs	r5, #0
 347              	.L20:
 348              	.LVL28:
 319:Drivers/lvgl/src/misc/lv_timer.c ****         if(timer->repeat_count == 0) { /*The repeat count is over, delete the timer*/
 349              		.loc 1 319 5 is_stmt 1 view .LVU94
 319:Drivers/lvgl/src/misc/lv_timer.c ****         if(timer->repeat_count == 0) { /*The repeat count is over, delete the timer*/
 350              		.loc 1 319 22 is_stmt 0 view .LVU95
 351 0038 074B     		ldr	r3, .L28
 352 003a 1B78     		ldrb	r3, [r3]	@ zero_extendqisi2
 319:Drivers/lvgl/src/misc/lv_timer.c ****         if(timer->repeat_count == 0) { /*The repeat count is over, delete the timer*/
 353              		.loc 1 319 7 view .LVU96
 354 003c 002B     		cmp	r3, #0
 355 003e E5D1     		bne	.L19
 320:Drivers/lvgl/src/misc/lv_timer.c ****             TIMER_TRACE("deleting timer with %p callback because the repeat count is over", *((void
 356              		.loc 1 320 9 is_stmt 1 view .LVU97
 320:Drivers/lvgl/src/misc/lv_timer.c ****             TIMER_TRACE("deleting timer with %p callback because the repeat count is over", *((void
 357              		.loc 1 320 17 is_stmt 0 view .LVU98
 358 0040 2369     		ldr	r3, [r4, #16]
 320:Drivers/lvgl/src/misc/lv_timer.c ****             TIMER_TRACE("deleting timer with %p callback because the repeat count is over", *((void
 359              		.loc 1 320 11 view .LVU99
 360 0042 002B     		cmp	r3, #0
 361 0044 E2D1     		bne	.L19
 321:Drivers/lvgl/src/misc/lv_timer.c ****             lv_timer_del(timer);
 362              		.loc 1 321 122 is_stmt 1 view .LVU100
 322:Drivers/lvgl/src/misc/lv_timer.c ****         }
 363              		.loc 1 322 13 view .LVU101
 364 0046 2046     		mov	r0, r4
 365 0048 FFF7FEFF 		bl	lv_timer_del
 366              	.LVL29:
 367 004c DEE7     		b	.L19
 368              	.LVL30:
 369              	.L24:
 370              	.LBB3:
 316:Drivers/lvgl/src/misc/lv_timer.c ****     }
 371              		.loc 1 316 14 is_stmt 0 view .LVU102
 372 004e 0125     		movs	r5, #1
 373              	.LVL31:
 316:Drivers/lvgl/src/misc/lv_timer.c ****     }
 374              		.loc 1 316 14 view .LVU103
 375 0050 F2E7     		b	.L20
ARM GAS  /var/folders/0z/tsy30v1j4xl4_7kw94k978ww0000gn/T//cc5VR1wh.s 			page 15


 376              	.LVL32:
 377              	.L25:
 316:Drivers/lvgl/src/misc/lv_timer.c ****     }
 378              		.loc 1 316 14 view .LVU104
 379 0052 0125     		movs	r5, #1
 380              	.LVL33:
 316:Drivers/lvgl/src/misc/lv_timer.c ****     }
 381              		.loc 1 316 14 view .LVU105
 382 0054 F0E7     		b	.L20
 383              	.L29:
 384 0056 00BF     		.align	2
 385              	.L28:
 386 0058 00000000 		.word	.LANCHOR1
 387              	.LBE3:
 388              		.cfi_endproc
 389              	.LFE39:
 391              		.section	.text.lv_timer_handler,"ax",%progbits
 392              		.align	1
 393              		.global	lv_timer_handler
 394              		.syntax unified
 395              		.thumb
 396              		.thumb_func
 398              	lv_timer_handler:
 399              	.LFB25:
  68:Drivers/lvgl/src/misc/lv_timer.c ****     TIMER_TRACE("begin");
 400              		.loc 1 68 1 is_stmt 1 view -0
 401              		.cfi_startproc
 402              		@ args = 0, pretend = 0, frame = 0
 403              		@ frame_needed = 0, uses_anonymous_args = 0
 404 0000 70B5     		push	{r4, r5, r6, lr}
 405              		.cfi_def_cfa_offset 16
 406              		.cfi_offset 4, -16
 407              		.cfi_offset 5, -12
 408              		.cfi_offset 6, -8
 409              		.cfi_offset 14, -4
  69:Drivers/lvgl/src/misc/lv_timer.c **** 
 410              		.loc 1 69 25 view .LVU107
  72:Drivers/lvgl/src/misc/lv_timer.c ****     if(already_running) {
 411              		.loc 1 72 5 view .LVU108
  73:Drivers/lvgl/src/misc/lv_timer.c ****         TIMER_TRACE("already running, concurrent calls are not allow, returning");
 412              		.loc 1 73 5 view .LVU109
  73:Drivers/lvgl/src/misc/lv_timer.c ****         TIMER_TRACE("already running, concurrent calls are not allow, returning");
 413              		.loc 1 73 8 is_stmt 0 view .LVU110
 414 0002 444B     		ldr	r3, .L50
 415 0004 1B78     		ldrb	r3, [r3]	@ zero_extendqisi2
  73:Drivers/lvgl/src/misc/lv_timer.c ****         TIMER_TRACE("already running, concurrent calls are not allow, returning");
 416              		.loc 1 73 7 view .LVU111
 417 0006 002B     		cmp	r3, #0
 418 0008 40F08180 		bne	.L44
  77:Drivers/lvgl/src/misc/lv_timer.c **** 
 419              		.loc 1 77 5 is_stmt 1 view .LVU112
  77:Drivers/lvgl/src/misc/lv_timer.c **** 
 420              		.loc 1 77 21 is_stmt 0 view .LVU113
 421 000c 414B     		ldr	r3, .L50
 422 000e 0122     		movs	r2, #1
 423 0010 1A70     		strb	r2, [r3]
  79:Drivers/lvgl/src/misc/lv_timer.c ****         already_running = false; /*Release mutex*/
ARM GAS  /var/folders/0z/tsy30v1j4xl4_7kw94k978ww0000gn/T//cc5VR1wh.s 			page 16


 424              		.loc 1 79 5 is_stmt 1 view .LVU114
  79:Drivers/lvgl/src/misc/lv_timer.c ****         already_running = false; /*Release mutex*/
 425              		.loc 1 79 21 is_stmt 0 view .LVU115
 426 0012 414B     		ldr	r3, .L50+4
 427 0014 1B78     		ldrb	r3, [r3]	@ zero_extendqisi2
  79:Drivers/lvgl/src/misc/lv_timer.c ****         already_running = false; /*Release mutex*/
 428              		.loc 1 79 7 view .LVU116
 429 0016 23B9     		cbnz	r3, .L32
  80:Drivers/lvgl/src/misc/lv_timer.c ****         return 1;
 430              		.loc 1 80 9 is_stmt 1 view .LVU117
  80:Drivers/lvgl/src/misc/lv_timer.c ****         return 1;
 431              		.loc 1 80 25 is_stmt 0 view .LVU118
 432 0018 3E4B     		ldr	r3, .L50
 433 001a 0022     		movs	r2, #0
 434 001c 1A70     		strb	r2, [r3]
  81:Drivers/lvgl/src/misc/lv_timer.c ****     }
 435              		.loc 1 81 9 is_stmt 1 view .LVU119
  81:Drivers/lvgl/src/misc/lv_timer.c ****     }
 436              		.loc 1 81 16 is_stmt 0 view .LVU120
 437 001e 0126     		movs	r6, #1
 438 0020 76E0     		b	.L30
 439              	.L32:
  84:Drivers/lvgl/src/misc/lv_timer.c ****     static uint32_t busy_time         = 0;
 440              		.loc 1 84 5 is_stmt 1 view .LVU121
  85:Drivers/lvgl/src/misc/lv_timer.c **** 
 441              		.loc 1 85 5 view .LVU122
  87:Drivers/lvgl/src/misc/lv_timer.c **** 
 442              		.loc 1 87 5 view .LVU123
  87:Drivers/lvgl/src/misc/lv_timer.c **** 
 443              		.loc 1 87 30 is_stmt 0 view .LVU124
 444 0022 FFF7FEFF 		bl	lv_tick_get
 445              	.LVL34:
  89:Drivers/lvgl/src/misc/lv_timer.c ****         static uint32_t run_cnt = 0;
 446              		.loc 1 89 5 is_stmt 1 view .LVU125
  89:Drivers/lvgl/src/misc/lv_timer.c ****         static uint32_t run_cnt = 0;
 447              		.loc 1 89 7 is_stmt 0 view .LVU126
 448 0026 0546     		mov	r5, r0
 449 0028 10BB     		cbnz	r0, .L38
 450              	.LBB4:
  90:Drivers/lvgl/src/misc/lv_timer.c ****         run_cnt++;
 451              		.loc 1 90 9 is_stmt 1 view .LVU127
  91:Drivers/lvgl/src/misc/lv_timer.c ****         if(run_cnt > 100) {
 452              		.loc 1 91 9 view .LVU128
  91:Drivers/lvgl/src/misc/lv_timer.c ****         if(run_cnt > 100) {
 453              		.loc 1 91 16 is_stmt 0 view .LVU129
 454 002a 3C4A     		ldr	r2, .L50+8
 455 002c 1368     		ldr	r3, [r2]
 456 002e 0133     		adds	r3, r3, #1
 457 0030 1360     		str	r3, [r2]
  92:Drivers/lvgl/src/misc/lv_timer.c ****             run_cnt = 0;
 458              		.loc 1 92 9 is_stmt 1 view .LVU130
  92:Drivers/lvgl/src/misc/lv_timer.c ****             run_cnt = 0;
 459              		.loc 1 92 11 is_stmt 0 view .LVU131
 460 0032 642B     		cmp	r3, #100
 461 0034 1CD9     		bls	.L38
  93:Drivers/lvgl/src/misc/lv_timer.c ****             LV_LOG_WARN("It seems lv_tick_inc() is not called.");
 462              		.loc 1 93 13 is_stmt 1 view .LVU132
ARM GAS  /var/folders/0z/tsy30v1j4xl4_7kw94k978ww0000gn/T//cc5VR1wh.s 			page 17


  93:Drivers/lvgl/src/misc/lv_timer.c ****             LV_LOG_WARN("It seems lv_tick_inc() is not called.");
 463              		.loc 1 93 21 is_stmt 0 view .LVU133
 464 0036 1346     		mov	r3, r2
 465 0038 0022     		movs	r2, #0
 466 003a 1A60     		str	r2, [r3]
 467 003c 18E0     		b	.L38
 468              	.LVL35:
 469              	.L35:
  93:Drivers/lvgl/src/misc/lv_timer.c ****             LV_LOG_WARN("It seems lv_tick_inc() is not called.");
 470              		.loc 1 93 21 view .LVU134
 471              	.LBE4:
 117:Drivers/lvgl/src/misc/lv_timer.c ****         }
 472              		.loc 1 117 13 is_stmt 1 view .LVU135
 117:Drivers/lvgl/src/misc/lv_timer.c ****         }
 473              		.loc 1 117 39 is_stmt 0 view .LVU136
 474 003e 384B     		ldr	r3, .L50+12
 475 0040 1C60     		str	r4, [r3]
 476              	.LVL36:
 477              	.L34:
 104:Drivers/lvgl/src/misc/lv_timer.c ****             /*The timer might be deleted if it runs only once ('repeat_count = 1')
 478              		.loc 1 104 15 is_stmt 1 view .LVU137
 479 0042 374B     		ldr	r3, .L50+12
 480 0044 1968     		ldr	r1, [r3]
 481 0046 81B1     		cbz	r1, .L36
 107:Drivers/lvgl/src/misc/lv_timer.c **** 
 482              		.loc 1 107 13 view .LVU138
 107:Drivers/lvgl/src/misc/lv_timer.c **** 
 483              		.loc 1 107 20 is_stmt 0 view .LVU139
 484 0048 3648     		ldr	r0, .L50+16
 485 004a FFF7FEFF 		bl	_lv_ll_get_next
 486              	.LVL37:
 487 004e 0446     		mov	r4, r0
 488              	.LVL38:
 109:Drivers/lvgl/src/misc/lv_timer.c ****                 /*If a timer was created or deleted then this or the next item might be corrupted*/
 489              		.loc 1 109 13 is_stmt 1 view .LVU140
 109:Drivers/lvgl/src/misc/lv_timer.c ****                 /*If a timer was created or deleted then this or the next item might be corrupted*/
 490              		.loc 1 109 16 is_stmt 0 view .LVU141
 491 0050 334B     		ldr	r3, .L50+12
 492 0052 1868     		ldr	r0, [r3]
 493              	.LVL39:
 109:Drivers/lvgl/src/misc/lv_timer.c ****                 /*If a timer was created or deleted then this or the next item might be corrupted*/
 494              		.loc 1 109 16 view .LVU142
 495 0054 FFF7FEFF 		bl	lv_timer_exec
 496              	.LVL40:
 109:Drivers/lvgl/src/misc/lv_timer.c ****                 /*If a timer was created or deleted then this or the next item might be corrupted*/
 497              		.loc 1 109 15 view .LVU143
 498 0058 0028     		cmp	r0, #0
 499 005a F0D0     		beq	.L35
 111:Drivers/lvgl/src/misc/lv_timer.c ****                     TIMER_TRACE("Start from the first timer again because a timer was created or de
 500              		.loc 1 111 17 is_stmt 1 view .LVU144
 111:Drivers/lvgl/src/misc/lv_timer.c ****                     TIMER_TRACE("Start from the first timer again because a timer was created or de
 501              		.loc 1 111 20 is_stmt 0 view .LVU145
 502 005c 324B     		ldr	r3, .L50+20
 503 005e 1B78     		ldrb	r3, [r3]	@ zero_extendqisi2
 111:Drivers/lvgl/src/misc/lv_timer.c ****                     TIMER_TRACE("Start from the first timer again because a timer was created or de
 504              		.loc 1 111 19 view .LVU146
 505 0060 1BB9     		cbnz	r3, .L36
ARM GAS  /var/folders/0z/tsy30v1j4xl4_7kw94k978ww0000gn/T//cc5VR1wh.s 			page 18


 111:Drivers/lvgl/src/misc/lv_timer.c ****                     TIMER_TRACE("Start from the first timer again because a timer was created or de
 506              		.loc 1 111 34 discriminator 1 view .LVU147
 507 0062 324B     		ldr	r3, .L50+24
 508 0064 1B78     		ldrb	r3, [r3]	@ zero_extendqisi2
 509 0066 002B     		cmp	r3, #0
 510 0068 E9D0     		beq	.L35
 511              	.LVL41:
 512              	.L36:
 119:Drivers/lvgl/src/misc/lv_timer.c **** 
 513              		.loc 1 119 13 is_stmt 1 view .LVU148
 514 006a 2D4B     		ldr	r3, .L50+12
 515 006c 1B68     		ldr	r3, [r3]
 516 006e 53B1     		cbz	r3, .L48
 517              	.L38:
 518              	.LBB5:
  94:Drivers/lvgl/src/misc/lv_timer.c ****         }
 519              		.loc 1 94 13 view .LVU149
  94:Drivers/lvgl/src/misc/lv_timer.c ****         }
 520              		.loc 1 94 13 view .LVU150
  94:Drivers/lvgl/src/misc/lv_timer.c ****         }
 521              		.loc 1 94 13 view .LVU151
 522              	.LBE5:
  99:Drivers/lvgl/src/misc/lv_timer.c ****     do {
 523              		.loc 1 99 5 view .LVU152
 100:Drivers/lvgl/src/misc/lv_timer.c ****         timer_deleted             = false;
 524              		.loc 1 100 5 view .LVU153
 101:Drivers/lvgl/src/misc/lv_timer.c ****         timer_created             = false;
 525              		.loc 1 101 9 view .LVU154
 101:Drivers/lvgl/src/misc/lv_timer.c ****         timer_created             = false;
 526              		.loc 1 101 35 is_stmt 0 view .LVU155
 527 0070 0023     		movs	r3, #0
 528 0072 2E4A     		ldr	r2, .L50+24
 529 0074 1370     		strb	r3, [r2]
 102:Drivers/lvgl/src/misc/lv_timer.c ****         LV_GC_ROOT(_lv_timer_act) = _lv_ll_get_head(&LV_GC_ROOT(_lv_timer_ll));
 530              		.loc 1 102 9 is_stmt 1 view .LVU156
 102:Drivers/lvgl/src/misc/lv_timer.c ****         LV_GC_ROOT(_lv_timer_act) = _lv_ll_get_head(&LV_GC_ROOT(_lv_timer_ll));
 531              		.loc 1 102 35 is_stmt 0 view .LVU157
 532 0076 2C4A     		ldr	r2, .L50+20
 533 0078 1370     		strb	r3, [r2]
 103:Drivers/lvgl/src/misc/lv_timer.c ****         while(LV_GC_ROOT(_lv_timer_act)) {
 534              		.loc 1 103 9 is_stmt 1 view .LVU158
 103:Drivers/lvgl/src/misc/lv_timer.c ****         while(LV_GC_ROOT(_lv_timer_act)) {
 535              		.loc 1 103 37 is_stmt 0 view .LVU159
 536 007a 2A48     		ldr	r0, .L50+16
 537 007c FFF7FEFF 		bl	_lv_ll_get_head
 538              	.LVL42:
 103:Drivers/lvgl/src/misc/lv_timer.c ****         while(LV_GC_ROOT(_lv_timer_act)) {
 539              		.loc 1 103 35 view .LVU160
 540 0080 274B     		ldr	r3, .L50+12
 541 0082 1860     		str	r0, [r3]
 104:Drivers/lvgl/src/misc/lv_timer.c ****             /*The timer might be deleted if it runs only once ('repeat_count = 1')
 542              		.loc 1 104 9 is_stmt 1 view .LVU161
 104:Drivers/lvgl/src/misc/lv_timer.c ****             /*The timer might be deleted if it runs only once ('repeat_count = 1')
 543              		.loc 1 104 14 is_stmt 0 view .LVU162
 544 0084 DDE7     		b	.L34
 545              	.L48:
 121:Drivers/lvgl/src/misc/lv_timer.c ****     next = _lv_ll_get_head(&LV_GC_ROOT(_lv_timer_ll));
ARM GAS  /var/folders/0z/tsy30v1j4xl4_7kw94k978ww0000gn/T//cc5VR1wh.s 			page 19


 546              		.loc 1 121 5 is_stmt 1 view .LVU163
 547              	.LVL43:
 122:Drivers/lvgl/src/misc/lv_timer.c ****     while(next) {
 548              		.loc 1 122 5 view .LVU164
 122:Drivers/lvgl/src/misc/lv_timer.c ****     while(next) {
 549              		.loc 1 122 12 is_stmt 0 view .LVU165
 550 0086 2748     		ldr	r0, .L50+16
 551 0088 FFF7FEFF 		bl	_lv_ll_get_head
 552              	.LVL44:
 553 008c 0446     		mov	r4, r0
 554              	.LVL45:
 123:Drivers/lvgl/src/misc/lv_timer.c ****         if(!next->paused) {
 555              		.loc 1 123 5 is_stmt 1 view .LVU166
 121:Drivers/lvgl/src/misc/lv_timer.c ****     next = _lv_ll_get_head(&LV_GC_ROOT(_lv_timer_ll));
 556              		.loc 1 121 14 is_stmt 0 view .LVU167
 557 008e 4FF0FF36 		mov	r6, #-1
 123:Drivers/lvgl/src/misc/lv_timer.c ****         if(!next->paused) {
 558              		.loc 1 123 10 view .LVU168
 559 0092 04E0     		b	.L39
 560              	.LVL46:
 561              	.L40:
 130:Drivers/lvgl/src/misc/lv_timer.c ****     }
 562              		.loc 1 130 9 is_stmt 1 view .LVU169
 130:Drivers/lvgl/src/misc/lv_timer.c ****     }
 563              		.loc 1 130 16 is_stmt 0 view .LVU170
 564 0094 2146     		mov	r1, r4
 565 0096 2348     		ldr	r0, .L50+16
 566 0098 FFF7FEFF 		bl	_lv_ll_get_next
 567              	.LVL47:
 568 009c 0446     		mov	r4, r0
 569              	.LVL48:
 570              	.L39:
 123:Drivers/lvgl/src/misc/lv_timer.c ****         if(!next->paused) {
 571              		.loc 1 123 11 is_stmt 1 view .LVU171
 572 009e 54B1     		cbz	r4, .L49
 124:Drivers/lvgl/src/misc/lv_timer.c ****             uint32_t delay = lv_timer_time_remaining(next);
 573              		.loc 1 124 9 view .LVU172
 124:Drivers/lvgl/src/misc/lv_timer.c ****             uint32_t delay = lv_timer_time_remaining(next);
 574              		.loc 1 124 12 is_stmt 0 view .LVU173
 575 00a0 237D     		ldrb	r3, [r4, #20]	@ zero_extendqisi2
 124:Drivers/lvgl/src/misc/lv_timer.c ****             uint32_t delay = lv_timer_time_remaining(next);
 576              		.loc 1 124 11 view .LVU174
 577 00a2 13F0010F 		tst	r3, #1
 578 00a6 F5D1     		bne	.L40
 579              	.LBB6:
 125:Drivers/lvgl/src/misc/lv_timer.c ****             if(delay < time_till_next)
 580              		.loc 1 125 13 is_stmt 1 view .LVU175
 125:Drivers/lvgl/src/misc/lv_timer.c ****             if(delay < time_till_next)
 581              		.loc 1 125 30 is_stmt 0 view .LVU176
 582 00a8 2046     		mov	r0, r4
 125:Drivers/lvgl/src/misc/lv_timer.c ****             if(delay < time_till_next)
 583              		.loc 1 125 30 view .LVU177
 584 00aa FFF7FEFF 		bl	lv_timer_time_remaining
 585              	.LVL49:
 126:Drivers/lvgl/src/misc/lv_timer.c ****                 time_till_next = delay;
 586              		.loc 1 126 13 is_stmt 1 view .LVU178
 126:Drivers/lvgl/src/misc/lv_timer.c ****                 time_till_next = delay;
ARM GAS  /var/folders/0z/tsy30v1j4xl4_7kw94k978ww0000gn/T//cc5VR1wh.s 			page 20


 587              		.loc 1 126 15 is_stmt 0 view .LVU179
 588 00ae 8642     		cmp	r6, r0
 589 00b0 F0D9     		bls	.L40
 127:Drivers/lvgl/src/misc/lv_timer.c ****         }
 590              		.loc 1 127 32 view .LVU180
 591 00b2 0646     		mov	r6, r0
 592              	.LVL50:
 127:Drivers/lvgl/src/misc/lv_timer.c ****         }
 593              		.loc 1 127 32 view .LVU181
 594 00b4 EEE7     		b	.L40
 595              	.LVL51:
 596              	.L49:
 127:Drivers/lvgl/src/misc/lv_timer.c ****         }
 597              		.loc 1 127 32 view .LVU182
 598              	.LBE6:
 133:Drivers/lvgl/src/misc/lv_timer.c ****     uint32_t idle_period_time = lv_tick_elaps(idle_period_start);
 599              		.loc 1 133 5 is_stmt 1 view .LVU183
 133:Drivers/lvgl/src/misc/lv_timer.c ****     uint32_t idle_period_time = lv_tick_elaps(idle_period_start);
 600              		.loc 1 133 18 is_stmt 0 view .LVU184
 601 00b6 2846     		mov	r0, r5
 602              	.LVL52:
 133:Drivers/lvgl/src/misc/lv_timer.c ****     uint32_t idle_period_time = lv_tick_elaps(idle_period_start);
 603              		.loc 1 133 18 view .LVU185
 604 00b8 FFF7FEFF 		bl	lv_tick_elaps
 605              	.LVL53:
 133:Drivers/lvgl/src/misc/lv_timer.c ****     uint32_t idle_period_time = lv_tick_elaps(idle_period_start);
 606              		.loc 1 133 15 view .LVU186
 607 00bc 1C4A     		ldr	r2, .L50+28
 608 00be 1368     		ldr	r3, [r2]
 609 00c0 0344     		add	r3, r3, r0
 610 00c2 1360     		str	r3, [r2]
 134:Drivers/lvgl/src/misc/lv_timer.c ****     if(idle_period_time >= IDLE_MEAS_PERIOD) {
 611              		.loc 1 134 5 is_stmt 1 view .LVU187
 134:Drivers/lvgl/src/misc/lv_timer.c ****     if(idle_period_time >= IDLE_MEAS_PERIOD) {
 612              		.loc 1 134 33 is_stmt 0 view .LVU188
 613 00c4 1B4B     		ldr	r3, .L50+32
 614 00c6 1868     		ldr	r0, [r3]
 615 00c8 FFF7FEFF 		bl	lv_tick_elaps
 616              	.LVL54:
 135:Drivers/lvgl/src/misc/lv_timer.c ****         idle_last         = (busy_time * 100) / idle_period_time;  /*Calculate the busy percentage*
 617              		.loc 1 135 5 is_stmt 1 view .LVU189
 135:Drivers/lvgl/src/misc/lv_timer.c ****         idle_last         = (busy_time * 100) / idle_period_time;  /*Calculate the busy percentage*
 618              		.loc 1 135 7 is_stmt 0 view .LVU190
 619 00cc B0F5FA7F 		cmp	r0, #500
 620 00d0 17D3     		bcc	.L42
 136:Drivers/lvgl/src/misc/lv_timer.c ****         idle_last         = idle_last > 100 ? 0 : 100 - idle_last; /*But we need idle time*/
 621              		.loc 1 136 9 is_stmt 1 view .LVU191
 136:Drivers/lvgl/src/misc/lv_timer.c ****         idle_last         = idle_last > 100 ? 0 : 100 - idle_last; /*But we need idle time*/
 622              		.loc 1 136 40 is_stmt 0 view .LVU192
 623 00d2 174B     		ldr	r3, .L50+28
 624 00d4 1B68     		ldr	r3, [r3]
 625 00d6 6422     		movs	r2, #100
 626 00d8 02FB03F3 		mul	r3, r2, r3
 136:Drivers/lvgl/src/misc/lv_timer.c ****         idle_last         = idle_last > 100 ? 0 : 100 - idle_last; /*But we need idle time*/
 627              		.loc 1 136 47 view .LVU193
 628 00dc B3FBF0F3 		udiv	r3, r3, r0
 136:Drivers/lvgl/src/misc/lv_timer.c ****         idle_last         = idle_last > 100 ? 0 : 100 - idle_last; /*But we need idle time*/
ARM GAS  /var/folders/0z/tsy30v1j4xl4_7kw94k978ww0000gn/T//cc5VR1wh.s 			page 21


 629              		.loc 1 136 27 view .LVU194
 630 00e0 DBB2     		uxtb	r3, r3
 631 00e2 154A     		ldr	r2, .L50+36
 632 00e4 1370     		strb	r3, [r2]
 137:Drivers/lvgl/src/misc/lv_timer.c ****         busy_time         = 0;
 633              		.loc 1 137 9 is_stmt 1 view .LVU195
 137:Drivers/lvgl/src/misc/lv_timer.c ****         busy_time         = 0;
 634              		.loc 1 137 27 is_stmt 0 view .LVU196
 635 00e6 642B     		cmp	r3, #100
 636 00e8 0FD8     		bhi	.L46
 137:Drivers/lvgl/src/misc/lv_timer.c ****         busy_time         = 0;
 637              		.loc 1 137 27 discriminator 1 view .LVU197
 638 00ea C3F16403 		rsb	r3, r3, #100
 639 00ee DBB2     		uxtb	r3, r3
 640              	.L43:
 137:Drivers/lvgl/src/misc/lv_timer.c ****         busy_time         = 0;
 641              		.loc 1 137 27 discriminator 4 view .LVU198
 642 00f0 114A     		ldr	r2, .L50+36
 643 00f2 1370     		strb	r3, [r2]
 138:Drivers/lvgl/src/misc/lv_timer.c ****         idle_period_start = lv_tick_get();
 644              		.loc 1 138 9 is_stmt 1 discriminator 4 view .LVU199
 138:Drivers/lvgl/src/misc/lv_timer.c ****         idle_period_start = lv_tick_get();
 645              		.loc 1 138 27 is_stmt 0 discriminator 4 view .LVU200
 646 00f4 0E4B     		ldr	r3, .L50+28
 647 00f6 0022     		movs	r2, #0
 648 00f8 1A60     		str	r2, [r3]
 139:Drivers/lvgl/src/misc/lv_timer.c ****     }
 649              		.loc 1 139 9 is_stmt 1 discriminator 4 view .LVU201
 139:Drivers/lvgl/src/misc/lv_timer.c ****     }
 650              		.loc 1 139 29 is_stmt 0 discriminator 4 view .LVU202
 651 00fa FFF7FEFF 		bl	lv_tick_get
 652              	.LVL55:
 139:Drivers/lvgl/src/misc/lv_timer.c ****     }
 653              		.loc 1 139 27 discriminator 4 view .LVU203
 654 00fe 0D4B     		ldr	r3, .L50+32
 655 0100 1860     		str	r0, [r3]
 656              	.L42:
 142:Drivers/lvgl/src/misc/lv_timer.c **** 
 657              		.loc 1 142 5 is_stmt 1 view .LVU204
 142:Drivers/lvgl/src/misc/lv_timer.c **** 
 658              		.loc 1 142 21 is_stmt 0 view .LVU205
 659 0102 044B     		ldr	r3, .L50
 660 0104 0022     		movs	r2, #0
 661 0106 1A70     		strb	r2, [r3]
 144:Drivers/lvgl/src/misc/lv_timer.c ****     return time_till_next;
 662              		.loc 1 144 78 is_stmt 1 view .LVU206
 145:Drivers/lvgl/src/misc/lv_timer.c **** }
 663              		.loc 1 145 5 view .LVU207
 145:Drivers/lvgl/src/misc/lv_timer.c **** }
 664              		.loc 1 145 12 is_stmt 0 view .LVU208
 665 0108 02E0     		b	.L30
 666              	.LVL56:
 667              	.L46:
 137:Drivers/lvgl/src/misc/lv_timer.c ****         busy_time         = 0;
 668              		.loc 1 137 27 view .LVU209
 669 010a 0023     		movs	r3, #0
 670 010c F0E7     		b	.L43
ARM GAS  /var/folders/0z/tsy30v1j4xl4_7kw94k978ww0000gn/T//cc5VR1wh.s 			page 22


 671              	.LVL57:
 672              	.L44:
  75:Drivers/lvgl/src/misc/lv_timer.c ****     }
 673              		.loc 1 75 16 view .LVU210
 674 010e 0126     		movs	r6, #1
 675              	.L30:
 146:Drivers/lvgl/src/misc/lv_timer.c **** 
 676              		.loc 1 146 1 view .LVU211
 677 0110 3046     		mov	r0, r6
 678 0112 70BD     		pop	{r4, r5, r6, pc}
 679              	.L51:
 680              		.align	2
 681              	.L50:
 682 0114 00000000 		.word	.LANCHOR2
 683 0118 00000000 		.word	.LANCHOR3
 684 011c 00000000 		.word	.LANCHOR4
 685 0120 00000000 		.word	_lv_timer_act
 686 0124 00000000 		.word	_lv_timer_ll
 687 0128 00000000 		.word	.LANCHOR0
 688 012c 00000000 		.word	.LANCHOR1
 689 0130 00000000 		.word	.LANCHOR5
 690 0134 00000000 		.word	.LANCHOR6
 691 0138 00000000 		.word	.LANCHOR7
 692              		.cfi_endproc
 693              	.LFE25:
 695              		.section	.text.lv_timer_pause,"ax",%progbits
 696              		.align	1
 697              		.global	lv_timer_pause
 698              		.syntax unified
 699              		.thumb
 700              		.thumb_func
 702              	lv_timer_pause:
 703              	.LVL58:
 704              	.LFB30:
 214:Drivers/lvgl/src/misc/lv_timer.c ****     timer->paused = true;
 705              		.loc 1 214 1 is_stmt 1 view -0
 706              		.cfi_startproc
 707              		@ args = 0, pretend = 0, frame = 0
 708              		@ frame_needed = 0, uses_anonymous_args = 0
 709              		@ link register save eliminated.
 215:Drivers/lvgl/src/misc/lv_timer.c **** }
 710              		.loc 1 215 5 view .LVU213
 215:Drivers/lvgl/src/misc/lv_timer.c **** }
 711              		.loc 1 215 19 is_stmt 0 view .LVU214
 712 0000 037D     		ldrb	r3, [r0, #20]	@ zero_extendqisi2
 713 0002 43F00103 		orr	r3, r3, #1
 714 0006 0375     		strb	r3, [r0, #20]
 216:Drivers/lvgl/src/misc/lv_timer.c **** 
 715              		.loc 1 216 1 view .LVU215
 716 0008 7047     		bx	lr
 717              		.cfi_endproc
 718              	.LFE30:
 720              		.section	.text.lv_timer_resume,"ax",%progbits
 721              		.align	1
 722              		.global	lv_timer_resume
 723              		.syntax unified
 724              		.thumb
ARM GAS  /var/folders/0z/tsy30v1j4xl4_7kw94k978ww0000gn/T//cc5VR1wh.s 			page 23


 725              		.thumb_func
 727              	lv_timer_resume:
 728              	.LVL59:
 729              	.LFB31:
 219:Drivers/lvgl/src/misc/lv_timer.c ****     timer->paused = false;
 730              		.loc 1 219 1 is_stmt 1 view -0
 731              		.cfi_startproc
 732              		@ args = 0, pretend = 0, frame = 0
 733              		@ frame_needed = 0, uses_anonymous_args = 0
 734              		@ link register save eliminated.
 220:Drivers/lvgl/src/misc/lv_timer.c **** }
 735              		.loc 1 220 5 view .LVU217
 220:Drivers/lvgl/src/misc/lv_timer.c **** }
 736              		.loc 1 220 19 is_stmt 0 view .LVU218
 737 0000 037D     		ldrb	r3, [r0, #20]	@ zero_extendqisi2
 738 0002 6FF30003 		bfc	r3, #0, #1
 739 0006 0375     		strb	r3, [r0, #20]
 221:Drivers/lvgl/src/misc/lv_timer.c **** 
 740              		.loc 1 221 1 view .LVU219
 741 0008 7047     		bx	lr
 742              		.cfi_endproc
 743              	.LFE31:
 745              		.section	.text.lv_timer_set_period,"ax",%progbits
 746              		.align	1
 747              		.global	lv_timer_set_period
 748              		.syntax unified
 749              		.thumb
 750              		.thumb_func
 752              	lv_timer_set_period:
 753              	.LVL60:
 754              	.LFB32:
 229:Drivers/lvgl/src/misc/lv_timer.c ****     timer->period = period;
 755              		.loc 1 229 1 is_stmt 1 view -0
 756              		.cfi_startproc
 757              		@ args = 0, pretend = 0, frame = 0
 758              		@ frame_needed = 0, uses_anonymous_args = 0
 759              		@ link register save eliminated.
 230:Drivers/lvgl/src/misc/lv_timer.c **** }
 760              		.loc 1 230 5 view .LVU221
 230:Drivers/lvgl/src/misc/lv_timer.c **** }
 761              		.loc 1 230 19 is_stmt 0 view .LVU222
 762 0000 0160     		str	r1, [r0]
 231:Drivers/lvgl/src/misc/lv_timer.c **** 
 763              		.loc 1 231 1 view .LVU223
 764 0002 7047     		bx	lr
 765              		.cfi_endproc
 766              	.LFE32:
 768              		.section	.text.lv_timer_ready,"ax",%progbits
 769              		.align	1
 770              		.global	lv_timer_ready
 771              		.syntax unified
 772              		.thumb
 773              		.thumb_func
 775              	lv_timer_ready:
 776              	.LVL61:
 777              	.LFB33:
 238:Drivers/lvgl/src/misc/lv_timer.c ****     timer->last_run = lv_tick_get() - timer->period - 1;
ARM GAS  /var/folders/0z/tsy30v1j4xl4_7kw94k978ww0000gn/T//cc5VR1wh.s 			page 24


 778              		.loc 1 238 1 is_stmt 1 view -0
 779              		.cfi_startproc
 780              		@ args = 0, pretend = 0, frame = 0
 781              		@ frame_needed = 0, uses_anonymous_args = 0
 238:Drivers/lvgl/src/misc/lv_timer.c ****     timer->last_run = lv_tick_get() - timer->period - 1;
 782              		.loc 1 238 1 is_stmt 0 view .LVU225
 783 0000 10B5     		push	{r4, lr}
 784              		.cfi_def_cfa_offset 8
 785              		.cfi_offset 4, -8
 786              		.cfi_offset 14, -4
 787 0002 0446     		mov	r4, r0
 239:Drivers/lvgl/src/misc/lv_timer.c **** }
 788              		.loc 1 239 5 is_stmt 1 view .LVU226
 239:Drivers/lvgl/src/misc/lv_timer.c **** }
 789              		.loc 1 239 23 is_stmt 0 view .LVU227
 790 0004 FFF7FEFF 		bl	lv_tick_get
 791              	.LVL62:
 239:Drivers/lvgl/src/misc/lv_timer.c **** }
 792              		.loc 1 239 44 view .LVU228
 793 0008 2368     		ldr	r3, [r4]
 239:Drivers/lvgl/src/misc/lv_timer.c **** }
 794              		.loc 1 239 37 view .LVU229
 795 000a C31A     		subs	r3, r0, r3
 239:Drivers/lvgl/src/misc/lv_timer.c **** }
 796              		.loc 1 239 53 view .LVU230
 797 000c 013B     		subs	r3, r3, #1
 239:Drivers/lvgl/src/misc/lv_timer.c **** }
 798              		.loc 1 239 21 view .LVU231
 799 000e 6360     		str	r3, [r4, #4]
 240:Drivers/lvgl/src/misc/lv_timer.c **** 
 800              		.loc 1 240 1 view .LVU232
 801 0010 10BD     		pop	{r4, pc}
 240:Drivers/lvgl/src/misc/lv_timer.c **** 
 802              		.loc 1 240 1 view .LVU233
 803              		.cfi_endproc
 804              	.LFE33:
 806              		.section	.text.lv_timer_set_repeat_count,"ax",%progbits
 807              		.align	1
 808              		.global	lv_timer_set_repeat_count
 809              		.syntax unified
 810              		.thumb
 811              		.thumb_func
 813              	lv_timer_set_repeat_count:
 814              	.LVL63:
 815              	.LFB34:
 248:Drivers/lvgl/src/misc/lv_timer.c ****     timer->repeat_count = repeat_count;
 816              		.loc 1 248 1 is_stmt 1 view -0
 817              		.cfi_startproc
 818              		@ args = 0, pretend = 0, frame = 0
 819              		@ frame_needed = 0, uses_anonymous_args = 0
 820              		@ link register save eliminated.
 249:Drivers/lvgl/src/misc/lv_timer.c **** }
 821              		.loc 1 249 5 view .LVU235
 249:Drivers/lvgl/src/misc/lv_timer.c **** }
 822              		.loc 1 249 25 is_stmt 0 view .LVU236
 823 0000 0161     		str	r1, [r0, #16]
 250:Drivers/lvgl/src/misc/lv_timer.c **** 
ARM GAS  /var/folders/0z/tsy30v1j4xl4_7kw94k978ww0000gn/T//cc5VR1wh.s 			page 25


 824              		.loc 1 250 1 view .LVU237
 825 0002 7047     		bx	lr
 826              		.cfi_endproc
 827              	.LFE34:
 829              		.section	.text.lv_timer_reset,"ax",%progbits
 830              		.align	1
 831              		.global	lv_timer_reset
 832              		.syntax unified
 833              		.thumb
 834              		.thumb_func
 836              	lv_timer_reset:
 837              	.LVL64:
 838              	.LFB35:
 258:Drivers/lvgl/src/misc/lv_timer.c ****     timer->last_run = lv_tick_get();
 839              		.loc 1 258 1 is_stmt 1 view -0
 840              		.cfi_startproc
 841              		@ args = 0, pretend = 0, frame = 0
 842              		@ frame_needed = 0, uses_anonymous_args = 0
 258:Drivers/lvgl/src/misc/lv_timer.c ****     timer->last_run = lv_tick_get();
 843              		.loc 1 258 1 is_stmt 0 view .LVU239
 844 0000 10B5     		push	{r4, lr}
 845              		.cfi_def_cfa_offset 8
 846              		.cfi_offset 4, -8
 847              		.cfi_offset 14, -4
 848 0002 0446     		mov	r4, r0
 259:Drivers/lvgl/src/misc/lv_timer.c **** }
 849              		.loc 1 259 5 is_stmt 1 view .LVU240
 259:Drivers/lvgl/src/misc/lv_timer.c **** }
 850              		.loc 1 259 23 is_stmt 0 view .LVU241
 851 0004 FFF7FEFF 		bl	lv_tick_get
 852              	.LVL65:
 259:Drivers/lvgl/src/misc/lv_timer.c **** }
 853              		.loc 1 259 21 view .LVU242
 854 0008 6060     		str	r0, [r4, #4]
 260:Drivers/lvgl/src/misc/lv_timer.c **** 
 855              		.loc 1 260 1 view .LVU243
 856 000a 10BD     		pop	{r4, pc}
 260:Drivers/lvgl/src/misc/lv_timer.c **** 
 857              		.loc 1 260 1 view .LVU244
 858              		.cfi_endproc
 859              	.LFE35:
 861              		.section	.text.lv_timer_enable,"ax",%progbits
 862              		.align	1
 863              		.global	lv_timer_enable
 864              		.syntax unified
 865              		.thumb
 866              		.thumb_func
 868              	lv_timer_enable:
 869              	.LVL66:
 870              	.LFB36:
 267:Drivers/lvgl/src/misc/lv_timer.c ****     lv_timer_run = en;
 871              		.loc 1 267 1 is_stmt 1 view -0
 872              		.cfi_startproc
 873              		@ args = 0, pretend = 0, frame = 0
 874              		@ frame_needed = 0, uses_anonymous_args = 0
 875              		@ link register save eliminated.
 268:Drivers/lvgl/src/misc/lv_timer.c **** }
ARM GAS  /var/folders/0z/tsy30v1j4xl4_7kw94k978ww0000gn/T//cc5VR1wh.s 			page 26


 876              		.loc 1 268 5 view .LVU246
 268:Drivers/lvgl/src/misc/lv_timer.c **** }
 877              		.loc 1 268 18 is_stmt 0 view .LVU247
 878 0000 014B     		ldr	r3, .L61
 879 0002 1870     		strb	r0, [r3]
 269:Drivers/lvgl/src/misc/lv_timer.c **** 
 880              		.loc 1 269 1 view .LVU248
 881 0004 7047     		bx	lr
 882              	.L62:
 883 0006 00BF     		.align	2
 884              	.L61:
 885 0008 00000000 		.word	.LANCHOR3
 886              		.cfi_endproc
 887              	.LFE36:
 889              		.section	.text._lv_timer_core_init,"ax",%progbits
 890              		.align	1
 891              		.global	_lv_timer_core_init
 892              		.syntax unified
 893              		.thumb
 894              		.thumb_func
 896              	_lv_timer_core_init:
 897              	.LFB24:
  56:Drivers/lvgl/src/misc/lv_timer.c ****     _lv_ll_init(&LV_GC_ROOT(_lv_timer_ll), sizeof(lv_timer_t));
 898              		.loc 1 56 1 is_stmt 1 view -0
 899              		.cfi_startproc
 900              		@ args = 0, pretend = 0, frame = 0
 901              		@ frame_needed = 0, uses_anonymous_args = 0
 902 0000 08B5     		push	{r3, lr}
 903              		.cfi_def_cfa_offset 8
 904              		.cfi_offset 3, -8
 905              		.cfi_offset 14, -4
  57:Drivers/lvgl/src/misc/lv_timer.c **** 
 906              		.loc 1 57 5 view .LVU250
 907 0002 1821     		movs	r1, #24
 908 0004 0348     		ldr	r0, .L65
 909 0006 FFF7FEFF 		bl	_lv_ll_init
 910              	.LVL67:
  60:Drivers/lvgl/src/misc/lv_timer.c **** }
 911              		.loc 1 60 5 view .LVU251
 912 000a 0120     		movs	r0, #1
 913 000c FFF7FEFF 		bl	lv_timer_enable
 914              	.LVL68:
  61:Drivers/lvgl/src/misc/lv_timer.c **** 
 915              		.loc 1 61 1 is_stmt 0 view .LVU252
 916 0010 08BD     		pop	{r3, pc}
 917              	.L66:
 918 0012 00BF     		.align	2
 919              	.L65:
 920 0014 00000000 		.word	_lv_timer_ll
 921              		.cfi_endproc
 922              	.LFE24:
 924              		.section	.text.lv_timer_get_idle,"ax",%progbits
 925              		.align	1
 926              		.global	lv_timer_get_idle
 927              		.syntax unified
 928              		.thumb
 929              		.thumb_func
ARM GAS  /var/folders/0z/tsy30v1j4xl4_7kw94k978ww0000gn/T//cc5VR1wh.s 			page 27


 931              	lv_timer_get_idle:
 932              	.LFB37:
 276:Drivers/lvgl/src/misc/lv_timer.c ****     return idle_last;
 933              		.loc 1 276 1 is_stmt 1 view -0
 934              		.cfi_startproc
 935              		@ args = 0, pretend = 0, frame = 0
 936              		@ frame_needed = 0, uses_anonymous_args = 0
 937              		@ link register save eliminated.
 277:Drivers/lvgl/src/misc/lv_timer.c **** }
 938              		.loc 1 277 5 view .LVU254
 278:Drivers/lvgl/src/misc/lv_timer.c **** 
 939              		.loc 1 278 1 is_stmt 0 view .LVU255
 940 0000 014B     		ldr	r3, .L68
 941 0002 1878     		ldrb	r0, [r3]	@ zero_extendqisi2
 942 0004 7047     		bx	lr
 943              	.L69:
 944 0006 00BF     		.align	2
 945              	.L68:
 946 0008 00000000 		.word	.LANCHOR7
 947              		.cfi_endproc
 948              	.LFE37:
 950              		.section	.text.lv_timer_get_next,"ax",%progbits
 951              		.align	1
 952              		.global	lv_timer_get_next
 953              		.syntax unified
 954              		.thumb
 955              		.thumb_func
 957              	lv_timer_get_next:
 958              	.LVL69:
 959              	.LFB38:
 286:Drivers/lvgl/src/misc/lv_timer.c ****     if(timer == NULL) return _lv_ll_get_head(&LV_GC_ROOT(_lv_timer_ll));
 960              		.loc 1 286 1 is_stmt 1 view -0
 961              		.cfi_startproc
 962              		@ args = 0, pretend = 0, frame = 0
 963              		@ frame_needed = 0, uses_anonymous_args = 0
 286:Drivers/lvgl/src/misc/lv_timer.c ****     if(timer == NULL) return _lv_ll_get_head(&LV_GC_ROOT(_lv_timer_ll));
 964              		.loc 1 286 1 is_stmt 0 view .LVU257
 965 0000 08B5     		push	{r3, lr}
 966              		.cfi_def_cfa_offset 8
 967              		.cfi_offset 3, -8
 968              		.cfi_offset 14, -4
 287:Drivers/lvgl/src/misc/lv_timer.c ****     else return _lv_ll_get_next(&LV_GC_ROOT(_lv_timer_ll), timer);
 969              		.loc 1 287 5 is_stmt 1 view .LVU258
 287:Drivers/lvgl/src/misc/lv_timer.c ****     else return _lv_ll_get_next(&LV_GC_ROOT(_lv_timer_ll), timer);
 970              		.loc 1 287 7 is_stmt 0 view .LVU259
 971 0002 20B1     		cbz	r0, .L74
 972 0004 0146     		mov	r1, r0
 288:Drivers/lvgl/src/misc/lv_timer.c **** }
 973              		.loc 1 288 10 is_stmt 1 view .LVU260
 288:Drivers/lvgl/src/misc/lv_timer.c **** }
 974              		.loc 1 288 17 is_stmt 0 view .LVU261
 975 0006 0448     		ldr	r0, .L75
 976              	.LVL70:
 288:Drivers/lvgl/src/misc/lv_timer.c **** }
 977              		.loc 1 288 17 view .LVU262
 978 0008 FFF7FEFF 		bl	_lv_ll_get_next
 979              	.LVL71:
ARM GAS  /var/folders/0z/tsy30v1j4xl4_7kw94k978ww0000gn/T//cc5VR1wh.s 			page 28


 980              	.L70:
 289:Drivers/lvgl/src/misc/lv_timer.c **** 
 981              		.loc 1 289 1 view .LVU263
 982 000c 08BD     		pop	{r3, pc}
 983              	.LVL72:
 984              	.L74:
 287:Drivers/lvgl/src/misc/lv_timer.c ****     else return _lv_ll_get_next(&LV_GC_ROOT(_lv_timer_ll), timer);
 985              		.loc 1 287 23 is_stmt 1 discriminator 1 view .LVU264
 287:Drivers/lvgl/src/misc/lv_timer.c ****     else return _lv_ll_get_next(&LV_GC_ROOT(_lv_timer_ll), timer);
 986              		.loc 1 287 30 is_stmt 0 discriminator 1 view .LVU265
 987 000e 0248     		ldr	r0, .L75
 988              	.LVL73:
 287:Drivers/lvgl/src/misc/lv_timer.c ****     else return _lv_ll_get_next(&LV_GC_ROOT(_lv_timer_ll), timer);
 989              		.loc 1 287 30 discriminator 1 view .LVU266
 990 0010 FFF7FEFF 		bl	_lv_ll_get_head
 991              	.LVL74:
 992 0014 FAE7     		b	.L70
 993              	.L76:
 994 0016 00BF     		.align	2
 995              	.L75:
 996 0018 00000000 		.word	_lv_timer_ll
 997              		.cfi_endproc
 998              	.LFE38:
 1000              		.section	.bss.already_running.3,"aw",%nobits
 1001              		.set	.LANCHOR2,. + 0
 1004              	already_running.3:
 1005 0000 00       		.space	1
 1006              		.section	.bss.busy_time.1,"aw",%nobits
 1007              		.align	2
 1008              		.set	.LANCHOR5,. + 0
 1011              	busy_time.1:
 1012 0000 00000000 		.space	4
 1013              		.section	.bss.idle_last,"aw",%nobits
 1014              		.set	.LANCHOR7,. + 0
 1017              	idle_last:
 1018 0000 00       		.space	1
 1019              		.section	.bss.idle_period_start.0,"aw",%nobits
 1020              		.align	2
 1021              		.set	.LANCHOR6,. + 0
 1024              	idle_period_start.0:
 1025 0000 00000000 		.space	4
 1026              		.section	.bss.lv_timer_run,"aw",%nobits
 1027              		.set	.LANCHOR3,. + 0
 1030              	lv_timer_run:
 1031 0000 00       		.space	1
 1032              		.section	.bss.run_cnt.2,"aw",%nobits
 1033              		.align	2
 1034              		.set	.LANCHOR4,. + 0
 1037              	run_cnt.2:
 1038 0000 00000000 		.space	4
 1039              		.section	.bss.timer_created,"aw",%nobits
 1040              		.set	.LANCHOR0,. + 0
 1043              	timer_created:
 1044 0000 00       		.space	1
 1045              		.section	.bss.timer_deleted,"aw",%nobits
 1046              		.set	.LANCHOR1,. + 0
 1049              	timer_deleted:
ARM GAS  /var/folders/0z/tsy30v1j4xl4_7kw94k978ww0000gn/T//cc5VR1wh.s 			page 29


 1050 0000 00       		.space	1
 1051              		.text
 1052              	.Letext0:
 1053              		.file 2 "/Users/johannes/Library/Application Support/Code/User/globalStorage/bmd.stm32-for-vscode/
 1054              		.file 3 "/Users/johannes/Library/Application Support/Code/User/globalStorage/bmd.stm32-for-vscode/
 1055              		.file 4 "Drivers/lvgl/src/misc/lv_timer.h"
 1056              		.file 5 "Drivers/lvgl/src/misc/lv_ll.h"
 1057              		.file 6 "Drivers/lvgl/src/misc/lv_gc.h"
 1058              		.file 7 "Drivers/lvgl/src/misc/lv_mem.h"
 1059              		.file 8 "Drivers/lvgl/src/misc/../hal/lv_hal_tick.h"
ARM GAS  /var/folders/0z/tsy30v1j4xl4_7kw94k978ww0000gn/T//cc5VR1wh.s 			page 30


DEFINED SYMBOLS
                            *ABS*:0000000000000000 lv_timer.c
/var/folders/0z/tsy30v1j4xl4_7kw94k978ww0000gn/T//cc5VR1wh.s:20     .text.lv_timer_time_remaining:0000000000000000 $t
/var/folders/0z/tsy30v1j4xl4_7kw94k978ww0000gn/T//cc5VR1wh.s:25     .text.lv_timer_time_remaining:0000000000000000 lv_timer_time_remaining
/var/folders/0z/tsy30v1j4xl4_7kw94k978ww0000gn/T//cc5VR1wh.s:70     .text.lv_timer_create:0000000000000000 $t
/var/folders/0z/tsy30v1j4xl4_7kw94k978ww0000gn/T//cc5VR1wh.s:76     .text.lv_timer_create:0000000000000000 lv_timer_create
/var/folders/0z/tsy30v1j4xl4_7kw94k978ww0000gn/T//cc5VR1wh.s:155    .text.lv_timer_create:0000000000000038 $d
/var/folders/0z/tsy30v1j4xl4_7kw94k978ww0000gn/T//cc5VR1wh.s:161    .text.lv_timer_create_basic:0000000000000000 $t
/var/folders/0z/tsy30v1j4xl4_7kw94k978ww0000gn/T//cc5VR1wh.s:167    .text.lv_timer_create_basic:0000000000000000 lv_timer_create_basic
/var/folders/0z/tsy30v1j4xl4_7kw94k978ww0000gn/T//cc5VR1wh.s:190    .text.lv_timer_set_cb:0000000000000000 $t
/var/folders/0z/tsy30v1j4xl4_7kw94k978ww0000gn/T//cc5VR1wh.s:196    .text.lv_timer_set_cb:0000000000000000 lv_timer_set_cb
/var/folders/0z/tsy30v1j4xl4_7kw94k978ww0000gn/T//cc5VR1wh.s:213    .text.lv_timer_del:0000000000000000 $t
/var/folders/0z/tsy30v1j4xl4_7kw94k978ww0000gn/T//cc5VR1wh.s:219    .text.lv_timer_del:0000000000000000 lv_timer_del
/var/folders/0z/tsy30v1j4xl4_7kw94k978ww0000gn/T//cc5VR1wh.s:255    .text.lv_timer_del:000000000000001c $d
/var/folders/0z/tsy30v1j4xl4_7kw94k978ww0000gn/T//cc5VR1wh.s:261    .text.lv_timer_exec:0000000000000000 $t
/var/folders/0z/tsy30v1j4xl4_7kw94k978ww0000gn/T//cc5VR1wh.s:266    .text.lv_timer_exec:0000000000000000 lv_timer_exec
/var/folders/0z/tsy30v1j4xl4_7kw94k978ww0000gn/T//cc5VR1wh.s:386    .text.lv_timer_exec:0000000000000058 $d
/var/folders/0z/tsy30v1j4xl4_7kw94k978ww0000gn/T//cc5VR1wh.s:392    .text.lv_timer_handler:0000000000000000 $t
/var/folders/0z/tsy30v1j4xl4_7kw94k978ww0000gn/T//cc5VR1wh.s:398    .text.lv_timer_handler:0000000000000000 lv_timer_handler
/var/folders/0z/tsy30v1j4xl4_7kw94k978ww0000gn/T//cc5VR1wh.s:682    .text.lv_timer_handler:0000000000000114 $d
/var/folders/0z/tsy30v1j4xl4_7kw94k978ww0000gn/T//cc5VR1wh.s:696    .text.lv_timer_pause:0000000000000000 $t
/var/folders/0z/tsy30v1j4xl4_7kw94k978ww0000gn/T//cc5VR1wh.s:702    .text.lv_timer_pause:0000000000000000 lv_timer_pause
/var/folders/0z/tsy30v1j4xl4_7kw94k978ww0000gn/T//cc5VR1wh.s:721    .text.lv_timer_resume:0000000000000000 $t
/var/folders/0z/tsy30v1j4xl4_7kw94k978ww0000gn/T//cc5VR1wh.s:727    .text.lv_timer_resume:0000000000000000 lv_timer_resume
/var/folders/0z/tsy30v1j4xl4_7kw94k978ww0000gn/T//cc5VR1wh.s:746    .text.lv_timer_set_period:0000000000000000 $t
/var/folders/0z/tsy30v1j4xl4_7kw94k978ww0000gn/T//cc5VR1wh.s:752    .text.lv_timer_set_period:0000000000000000 lv_timer_set_period
/var/folders/0z/tsy30v1j4xl4_7kw94k978ww0000gn/T//cc5VR1wh.s:769    .text.lv_timer_ready:0000000000000000 $t
/var/folders/0z/tsy30v1j4xl4_7kw94k978ww0000gn/T//cc5VR1wh.s:775    .text.lv_timer_ready:0000000000000000 lv_timer_ready
/var/folders/0z/tsy30v1j4xl4_7kw94k978ww0000gn/T//cc5VR1wh.s:807    .text.lv_timer_set_repeat_count:0000000000000000 $t
/var/folders/0z/tsy30v1j4xl4_7kw94k978ww0000gn/T//cc5VR1wh.s:813    .text.lv_timer_set_repeat_count:0000000000000000 lv_timer_set_repeat_count
/var/folders/0z/tsy30v1j4xl4_7kw94k978ww0000gn/T//cc5VR1wh.s:830    .text.lv_timer_reset:0000000000000000 $t
/var/folders/0z/tsy30v1j4xl4_7kw94k978ww0000gn/T//cc5VR1wh.s:836    .text.lv_timer_reset:0000000000000000 lv_timer_reset
/var/folders/0z/tsy30v1j4xl4_7kw94k978ww0000gn/T//cc5VR1wh.s:862    .text.lv_timer_enable:0000000000000000 $t
/var/folders/0z/tsy30v1j4xl4_7kw94k978ww0000gn/T//cc5VR1wh.s:868    .text.lv_timer_enable:0000000000000000 lv_timer_enable
/var/folders/0z/tsy30v1j4xl4_7kw94k978ww0000gn/T//cc5VR1wh.s:885    .text.lv_timer_enable:0000000000000008 $d
/var/folders/0z/tsy30v1j4xl4_7kw94k978ww0000gn/T//cc5VR1wh.s:890    .text._lv_timer_core_init:0000000000000000 $t
/var/folders/0z/tsy30v1j4xl4_7kw94k978ww0000gn/T//cc5VR1wh.s:896    .text._lv_timer_core_init:0000000000000000 _lv_timer_core_init
/var/folders/0z/tsy30v1j4xl4_7kw94k978ww0000gn/T//cc5VR1wh.s:920    .text._lv_timer_core_init:0000000000000014 $d
/var/folders/0z/tsy30v1j4xl4_7kw94k978ww0000gn/T//cc5VR1wh.s:925    .text.lv_timer_get_idle:0000000000000000 $t
/var/folders/0z/tsy30v1j4xl4_7kw94k978ww0000gn/T//cc5VR1wh.s:931    .text.lv_timer_get_idle:0000000000000000 lv_timer_get_idle
/var/folders/0z/tsy30v1j4xl4_7kw94k978ww0000gn/T//cc5VR1wh.s:946    .text.lv_timer_get_idle:0000000000000008 $d
/var/folders/0z/tsy30v1j4xl4_7kw94k978ww0000gn/T//cc5VR1wh.s:951    .text.lv_timer_get_next:0000000000000000 $t
/var/folders/0z/tsy30v1j4xl4_7kw94k978ww0000gn/T//cc5VR1wh.s:957    .text.lv_timer_get_next:0000000000000000 lv_timer_get_next
/var/folders/0z/tsy30v1j4xl4_7kw94k978ww0000gn/T//cc5VR1wh.s:996    .text.lv_timer_get_next:0000000000000018 $d
/var/folders/0z/tsy30v1j4xl4_7kw94k978ww0000gn/T//cc5VR1wh.s:1004   .bss.already_running.3:0000000000000000 already_running.3
/var/folders/0z/tsy30v1j4xl4_7kw94k978ww0000gn/T//cc5VR1wh.s:1005   .bss.already_running.3:0000000000000000 $d
/var/folders/0z/tsy30v1j4xl4_7kw94k978ww0000gn/T//cc5VR1wh.s:1007   .bss.busy_time.1:0000000000000000 $d
/var/folders/0z/tsy30v1j4xl4_7kw94k978ww0000gn/T//cc5VR1wh.s:1011   .bss.busy_time.1:0000000000000000 busy_time.1
/var/folders/0z/tsy30v1j4xl4_7kw94k978ww0000gn/T//cc5VR1wh.s:1017   .bss.idle_last:0000000000000000 idle_last
/var/folders/0z/tsy30v1j4xl4_7kw94k978ww0000gn/T//cc5VR1wh.s:1018   .bss.idle_last:0000000000000000 $d
/var/folders/0z/tsy30v1j4xl4_7kw94k978ww0000gn/T//cc5VR1wh.s:1020   .bss.idle_period_start.0:0000000000000000 $d
/var/folders/0z/tsy30v1j4xl4_7kw94k978ww0000gn/T//cc5VR1wh.s:1024   .bss.idle_period_start.0:0000000000000000 idle_period_start.0
/var/folders/0z/tsy30v1j4xl4_7kw94k978ww0000gn/T//cc5VR1wh.s:1030   .bss.lv_timer_run:0000000000000000 lv_timer_run
/var/folders/0z/tsy30v1j4xl4_7kw94k978ww0000gn/T//cc5VR1wh.s:1031   .bss.lv_timer_run:0000000000000000 $d
/var/folders/0z/tsy30v1j4xl4_7kw94k978ww0000gn/T//cc5VR1wh.s:1033   .bss.run_cnt.2:0000000000000000 $d
/var/folders/0z/tsy30v1j4xl4_7kw94k978ww0000gn/T//cc5VR1wh.s:1037   .bss.run_cnt.2:0000000000000000 run_cnt.2
/var/folders/0z/tsy30v1j4xl4_7kw94k978ww0000gn/T//cc5VR1wh.s:1043   .bss.timer_created:0000000000000000 timer_created
ARM GAS  /var/folders/0z/tsy30v1j4xl4_7kw94k978ww0000gn/T//cc5VR1wh.s 			page 31


/var/folders/0z/tsy30v1j4xl4_7kw94k978ww0000gn/T//cc5VR1wh.s:1044   .bss.timer_created:0000000000000000 $d
/var/folders/0z/tsy30v1j4xl4_7kw94k978ww0000gn/T//cc5VR1wh.s:1049   .bss.timer_deleted:0000000000000000 timer_deleted
/var/folders/0z/tsy30v1j4xl4_7kw94k978ww0000gn/T//cc5VR1wh.s:1050   .bss.timer_deleted:0000000000000000 $d

UNDEFINED SYMBOLS
lv_tick_elaps
_lv_ll_ins_head
lv_tick_get
_lv_timer_ll
_lv_ll_remove
lv_mem_free
_lv_ll_get_next
_lv_ll_get_head
_lv_timer_act
_lv_ll_init
